apr. 17, 2020 9:04:01 A.M. hvl.projectparmorel.modelrepair.QModelFixer fixModel
INFO: Repairing control.ecore
apr. 17, 2020 9:04:01 A.M. hvl.projectparmorel.modelrepair.QModelFixer fixModel
INFO: Running with preferences [PUNISH_DELETION]
apr. 17, 2020 9:04:01 A.M. hvl.projectparmorel.modelrepair.QModelFixer handleUnsupportedErrors
WARNING: The error code 1 for the error The required feature 'eAttributeType' of 'org.eclipse.emf.ecore.impl.EAttributeImpl@9d26afe{file:/Users/Magnus/Skole/DAT300/EclipseWorkspace2/ParmorelRunnable/././differentSelectionMethodsOriginals/control.ecore#//NamedElement/name}' must be set is not supported.
apr. 17, 2020 9:04:01 A.M. hvl.projectparmorel.modelrepair.QModelFixer handleUnsupportedErrors
WARNING: The error code 1 for the error The required feature 'eAttributeType' of 'org.eclipse.emf.ecore.impl.EAttributeImpl@7c787371{file:/Users/Magnus/Skole/DAT300/EclipseWorkspace2/ParmorelRunnable/././differentSelectionMethodsOriginals/control.ecore#//ProcessVar/parameterType}' must be set is not supported.
apr. 17, 2020 9:04:01 A.M. hvl.projectparmorel.modelrepair.QModelFixer handleUnsupportedErrors
WARNING: The error code 1 for the error The required feature 'eAttributeType' of 'org.eclipse.emf.ecore.impl.EAttributeImpl@13059763{file:/Users/Magnus/Skole/DAT300/EclipseWorkspace2/ParmorelRunnable/././differentSelectionMethodsOriginals/control.ecore#//ProcessVar/parameterValue}' must be set is not supported.
apr. 17, 2020 9:04:01 A.M. hvl.projectparmorel.modelrepair.QModelFixer handleUnsupportedErrors
WARNING: The error code 1 for the error The required feature 'eAttributeType' of 'org.eclipse.emf.ecore.impl.EAttributeImpl@92d4309{file:/Users/Magnus/Skole/DAT300/EclipseWorkspace2/ParmorelRunnable/././differentSelectionMethodsOriginals/control.ecore#//Ontology/ontologyURI}' must be set is not supported.
apr. 17, 2020 9:04:01 A.M. hvl.projectparmorel.modelrepair.QModelFixer handleUnsupportedErrors
WARNING: The error code 1 for the error The required feature 'eAttributeType' of 'org.eclipse.emf.ecore.impl.EAttributeImpl@37a69c4c{file:/Users/Magnus/Skole/DAT300/EclipseWorkspace2/ParmorelRunnable/././differentSelectionMethodsOriginals/control.ecore#//TemplateConstraint/aspCode}' must be set is not supported.
apr. 17, 2020 9:04:01 A.M. hvl.projectparmorel.modelrepair.QModelFixer handleUnsupportedErrors
WARNING: The error code 1 for the error The required feature 'eAttributeType' of 'org.eclipse.emf.ecore.impl.EAttributeImpl@23985468{file:/Users/Magnus/Skole/DAT300/EclipseWorkspace2/ParmorelRunnable/././differentSelectionMethodsOriginals/control.ecore#//TemplateConstraint/aspBinding}' must be set is not supported.
apr. 17, 2020 9:04:01 A.M. hvl.projectparmorel.modelrepair.QModelFixer handleUnsupportedErrors
WARNING: The error code 1 for the error The required feature 'eReferenceType' of 'org.eclipse.emf.ecore.impl.EReferenceImpl@520acb48{file:/Users/Magnus/Skole/DAT300/EclipseWorkspace2/ParmorelRunnable/././differentSelectionMethodsOriginals/control.ecore#//OuterProcess/construct}' must be set is not supported.
apr. 17, 2020 9:04:01 A.M. hvl.projectparmorel.modelrepair.QModelFixer handleUnsupportedErrors
WARNING: The error code 1 for the error The required feature 'eReferenceType' of 'org.eclipse.emf.ecore.impl.EReferenceImpl@2475c58d{file:/Users/Magnus/Skole/DAT300/EclipseWorkspace2/ParmorelRunnable/././differentSelectionMethodsOriginals/control.ecore#//OuterProcess/hasInput}' must be set is not supported.
apr. 17, 2020 9:04:01 A.M. hvl.projectparmorel.modelrepair.QModelFixer handleUnsupportedErrors
WARNING: The error code 1 for the error The required feature 'eReferenceType' of 'org.eclipse.emf.ecore.impl.EReferenceImpl@62ae5f9a{file:/Users/Magnus/Skole/DAT300/EclipseWorkspace2/ParmorelRunnable/././differentSelectionMethodsOriginals/control.ecore#//OuterProcess/hasOutput}' must be set is not supported.
apr. 17, 2020 9:04:01 A.M. hvl.projectparmorel.modelrepair.QModelFixer handleUnsupportedErrors
WARNING: The error code 1 for the error The required feature 'eReferenceType' of 'org.eclipse.emf.ecore.impl.EReferenceImpl@30959525{file:/Users/Magnus/Skole/DAT300/EclipseWorkspace2/ParmorelRunnable/././differentSelectionMethodsOriginals/control.ecore#//OuterProcess/hasPrecondition}' must be set is not supported.
apr. 17, 2020 9:04:01 A.M. hvl.projectparmorel.modelrepair.QModelFixer handleUnsupportedErrors
WARNING: The error code 1 for the error The required feature 'eReferenceType' of 'org.eclipse.emf.ecore.impl.EReferenceImpl@34c158f4{file:/Users/Magnus/Skole/DAT300/EclipseWorkspace2/ParmorelRunnable/././differentSelectionMethodsOriginals/control.ecore#//OuterProcess/hasResult}' must be set is not supported.
apr. 17, 2020 9:04:01 A.M. hvl.projectparmorel.modelrepair.QModelFixer handleUnsupportedErrors
WARNING: The error code 1 for the error The required feature 'eReferenceType' of 'org.eclipse.emf.ecore.impl.EReferenceImpl@3e12ba4c{file:/Users/Magnus/Skole/DAT300/EclipseWorkspace2/ParmorelRunnable/././differentSelectionMethodsOriginals/control.ecore#//OuterProcess/bindings}' must be set is not supported.
apr. 17, 2020 9:04:01 A.M. hvl.projectparmorel.modelrepair.QModelFixer handleUnsupportedErrors
WARNING: The error code 1 for the error The required feature 'eReferenceType' of 'org.eclipse.emf.ecore.impl.EReferenceImpl@2ed0609b{file:/Users/Magnus/Skole/DAT300/EclipseWorkspace2/ParmorelRunnable/././differentSelectionMethodsOriginals/control.ecore#//OuterProcess/outerLocals}' must be set is not supported.
apr. 17, 2020 9:04:01 A.M. hvl.projectparmorel.modelrepair.QModelFixer handleUnsupportedErrors
WARNING: The error code 1 for the error The required feature 'eReferenceType' of 'org.eclipse.emf.ecore.impl.EReferenceImpl@32f0f4d9{file:/Users/Magnus/Skole/DAT300/EclipseWorkspace2/ParmorelRunnable/././differentSelectionMethodsOriginals/control.ecore#//OuterProcess/outerLinks}' must be set is not supported.
apr. 17, 2020 9:04:01 A.M. hvl.projectparmorel.modelrepair.QModelFixer handleUnsupportedErrors
WARNING: The error code 1 for the error The required feature 'eReferenceType' of 'org.eclipse.emf.ecore.impl.EReferenceImpl@c481c8b{file:/Users/Magnus/Skole/DAT300/EclipseWorkspace2/ParmorelRunnable/././differentSelectionMethodsOriginals/control.ecore#//OuterProcess/ontologies}' must be set is not supported.
apr. 17, 2020 9:04:01 A.M. hvl.projectparmorel.modelrepair.QModelFixer handleUnsupportedErrors
WARNING: The error code 1 for the error The required feature 'eReferenceType' of 'org.eclipse.emf.ecore.impl.EReferenceImpl@27230794{file:/Users/Magnus/Skole/DAT300/EclipseWorkspace2/ParmorelRunnable/././differentSelectionMethodsOriginals/control.ecore#//OuterProcess/templateConstraints}' must be set is not supported.
apr. 17, 2020 9:04:01 A.M. hvl.projectparmorel.modelrepair.QModelFixer handleUnsupportedErrors
WARNING: The error code 1 for the error The required feature 'eAttributeType' of 'org.eclipse.emf.ecore.impl.EAttributeImpl@ada7f53{file:/Users/Magnus/Skole/DAT300/EclipseWorkspace2/ParmorelRunnable/././differentSelectionMethodsOriginals/control.ecore#//OuterProcess/serviceName}' must be set is not supported.
apr. 17, 2020 9:04:01 A.M. hvl.projectparmorel.modelrepair.QModelFixer handleUnsupportedErrors
WARNING: The error code 1 for the error The required feature 'eAttributeType' of 'org.eclipse.emf.ecore.impl.EAttributeImpl@3fb904ed{file:/Users/Magnus/Skole/DAT300/EclipseWorkspace2/ParmorelRunnable/././differentSelectionMethodsOriginals/control.ecore#//OuterProcess/serviceURI}' must be set is not supported.
apr. 17, 2020 9:04:01 A.M. hvl.projectparmorel.modelrepair.QModelFixer handleUnsupportedErrors
WARNING: The error code 1 for the error The required feature 'eAttributeType' of 'org.eclipse.emf.ecore.impl.EAttributeImpl@7359fbd5{file:/Users/Magnus/Skole/DAT300/EclipseWorkspace2/ParmorelRunnable/././differentSelectionMethodsOriginals/control.ecore#//OuterProcess/serviceDescription}' must be set is not supported.
apr. 17, 2020 9:04:01 A.M. hvl.projectparmorel.modelrepair.QModelFixer handleUnsupportedErrors
WARNING: The error code 1 for the error The required feature 'eReferenceType' of 'org.eclipse.emf.ecore.impl.EReferenceImpl@1e51014d{file:/Users/Magnus/Skole/DAT300/EclipseWorkspace2/ParmorelRunnable/././differentSelectionMethodsOriginals/control.ecore#//AbstractProcess/hasInput}' must be set is not supported.
apr. 17, 2020 9:04:01 A.M. hvl.projectparmorel.modelrepair.QModelFixer handleUnsupportedErrors
WARNING: The error code 1 for the error The required feature 'eReferenceType' of 'org.eclipse.emf.ecore.impl.EReferenceImpl@51e36488{file:/Users/Magnus/Skole/DAT300/EclipseWorkspace2/ParmorelRunnable/././differentSelectionMethodsOriginals/control.ecore#//AbstractProcess/hasOutput}' must be set is not supported.
apr. 17, 2020 9:04:01 A.M. hvl.projectparmorel.modelrepair.QModelFixer handleUnsupportedErrors
WARNING: The error code 1 for the error The required feature 'eAttributeType' of 'org.eclipse.emf.ecore.impl.EAttributeImpl@74ae39c{file:/Users/Magnus/Skole/DAT300/EclipseWorkspace2/ParmorelRunnable/././differentSelectionMethodsOriginals/control.ecore#//RemoteProcess/remoteURI}' must be set is not supported.
apr. 17, 2020 9:04:01 A.M. hvl.projectparmorel.modelrepair.QModelFixer handleUnsupportedErrors
WARNING: The error code 1 for the error The required feature 'eAttributeType' of 'org.eclipse.emf.ecore.impl.EAttributeImpl@1aba5af{file:/Users/Magnus/Skole/DAT300/EclipseWorkspace2/ParmorelRunnable/././differentSelectionMethodsOriginals/control.ecore#//RemoteProcess/remoteURL}' must be set is not supported.
apr. 17, 2020 9:04:01 A.M. hvl.projectparmorel.modelrepair.QModelFixer handleUnsupportedErrors
WARNING: The error code 1 for the error The required feature 'eReferenceType' of 'org.eclipse.emf.ecore.impl.EReferenceImpl@34776cc2{file:/Users/Magnus/Skole/DAT300/EclipseWorkspace2/ParmorelRunnable/././differentSelectionMethodsOriginals/control.ecore#//RemoteProcess/hasResult}' must be set is not supported.
apr. 17, 2020 9:04:01 A.M. hvl.projectparmorel.modelrepair.QModelFixer handleUnsupportedErrors
WARNING: The error code 1 for the error The required feature 'eReferenceType' of 'org.eclipse.emf.ecore.impl.EReferenceImpl@ed7d090{file:/Users/Magnus/Skole/DAT300/EclipseWorkspace2/ParmorelRunnable/././differentSelectionMethodsOriginals/control.ecore#//RemoteProcess/expressions}' must be set is not supported.
apr. 17, 2020 9:04:01 A.M. hvl.projectparmorel.modelrepair.QModelFixer handleUnsupportedErrors
WARNING: The error code 1 for the error The required feature 'eAttributeType' of 'org.eclipse.emf.ecore.impl.EAttributeImpl@d15a982{file:/Users/Magnus/Skole/DAT300/EclipseWorkspace2/ParmorelRunnable/././differentSelectionMethodsOriginals/control.ecore#//TemplateProcess/slotName}' must be set is not supported.
apr. 17, 2020 9:04:01 A.M. hvl.projectparmorel.modelrepair.QModelFixer handleUnsupportedErrors
WARNING: The error code 1 for the error The required feature 'eReferenceType' of 'org.eclipse.emf.ecore.impl.EReferenceImpl@3aaf8ac7{file:/Users/Magnus/Skole/DAT300/EclipseWorkspace2/ParmorelRunnable/././differentSelectionMethodsOriginals/control.ecore#//Sequence/components}' must be set is not supported.
apr. 17, 2020 9:04:01 A.M. hvl.projectparmorel.modelrepair.QModelFixer handleUnsupportedErrors
WARNING: The error code 1 for the error The required feature 'eReferenceType' of 'org.eclipse.emf.ecore.impl.EReferenceImpl@33cf45fa{file:/Users/Magnus/Skole/DAT300/EclipseWorkspace2/ParmorelRunnable/././differentSelectionMethodsOriginals/control.ecore#//Choice/components}' must be set is not supported.
apr. 17, 2020 9:04:01 A.M. hvl.projectparmorel.modelrepair.QModelFixer handleUnsupportedErrors
WARNING: The error code 1 for the error The required feature 'eReferenceType' of 'org.eclipse.emf.ecore.impl.EReferenceImpl@59358bcd{file:/Users/Magnus/Skole/DAT300/EclipseWorkspace2/ParmorelRunnable/././differentSelectionMethodsOriginals/control.ecore#//AnyOrder/components}' must be set is not supported.
apr. 17, 2020 9:04:01 A.M. hvl.projectparmorel.modelrepair.QModelFixer handleUnsupportedErrors
WARNING: The error code 1 for the error The required feature 'eReferenceType' of 'org.eclipse.emf.ecore.impl.EReferenceImpl@1fc355eb{file:/Users/Magnus/Skole/DAT300/EclipseWorkspace2/ParmorelRunnable/././differentSelectionMethodsOriginals/control.ecore#//Split/components}' must be set is not supported.
apr. 17, 2020 9:04:01 A.M. hvl.projectparmorel.modelrepair.QModelFixer handleUnsupportedErrors
WARNING: The error code 1 for the error The required feature 'eReferenceType' of 'org.eclipse.emf.ecore.impl.EReferenceImpl@665a5d29{file:/Users/Magnus/Skole/DAT300/EclipseWorkspace2/ParmorelRunnable/././differentSelectionMethodsOriginals/control.ecore#//SplitJoin/components}' must be set is not supported.
apr. 17, 2020 9:04:01 A.M. hvl.projectparmorel.modelrepair.QModelFixer handleUnsupportedErrors
WARNING: The error code 1 for the error The required feature 'eReferenceType' of 'org.eclipse.emf.ecore.impl.EReferenceImpl@2711006b{file:/Users/Magnus/Skole/DAT300/EclipseWorkspace2/ParmorelRunnable/././differentSelectionMethodsOriginals/control.ecore#//IfThenElse/ifCondition}' must be set is not supported.
apr. 17, 2020 9:04:01 A.M. hvl.projectparmorel.modelrepair.QModelFixer handleUnsupportedErrors
WARNING: The error code 1 for the error The required feature 'eReferenceType' of 'org.eclipse.emf.ecore.impl.EReferenceImpl@1a24186b{file:/Users/Magnus/Skole/DAT300/EclipseWorkspace2/ParmorelRunnable/././differentSelectionMethodsOriginals/control.ecore#//IfThenElse/then}' must be set is not supported.
apr. 17, 2020 9:04:01 A.M. hvl.projectparmorel.modelrepair.QModelFixer handleUnsupportedErrors
WARNING: The error code 1 for the error The required feature 'eReferenceType' of 'org.eclipse.emf.ecore.impl.EReferenceImpl@42b69dc5{file:/Users/Magnus/Skole/DAT300/EclipseWorkspace2/ParmorelRunnable/././differentSelectionMethodsOriginals/control.ecore#//IfThenElse/else}' must be set is not supported.
apr. 17, 2020 9:04:01 A.M. hvl.projectparmorel.modelrepair.QModelFixer handleUnsupportedErrors
WARNING: The error code 1 for the error The required feature 'eReferenceType' of 'org.eclipse.emf.ecore.impl.EReferenceImpl@7a9eaa66{file:/Users/Magnus/Skole/DAT300/EclipseWorkspace2/ParmorelRunnable/././differentSelectionMethodsOriginals/control.ecore#//RepeatUntil/untilCondition}' must be set is not supported.
apr. 17, 2020 9:04:01 A.M. hvl.projectparmorel.modelrepair.QModelFixer handleUnsupportedErrors
WARNING: The error code 1 for the error The required feature 'eReferenceType' of 'org.eclipse.emf.ecore.impl.EReferenceImpl@233b0a89{file:/Users/Magnus/Skole/DAT300/EclipseWorkspace2/ParmorelRunnable/././differentSelectionMethodsOriginals/control.ecore#//RepeatUntil/untilProcess}' must be set is not supported.
apr. 17, 2020 9:04:01 A.M. hvl.projectparmorel.modelrepair.QModelFixer handleUnsupportedErrors
WARNING: The error code 1 for the error The required feature 'eReferenceType' of 'org.eclipse.emf.ecore.impl.EReferenceImpl@4579f910{file:/Users/Magnus/Skole/DAT300/EclipseWorkspace2/ParmorelRunnable/././differentSelectionMethodsOriginals/control.ecore#//RepeatWhile/whileCondition}' must be set is not supported.
apr. 17, 2020 9:04:01 A.M. hvl.projectparmorel.modelrepair.QModelFixer handleUnsupportedErrors
WARNING: The error code 1 for the error The required feature 'eReferenceType' of 'org.eclipse.emf.ecore.impl.EReferenceImpl@38edb173{file:/Users/Magnus/Skole/DAT300/EclipseWorkspace2/ParmorelRunnable/././differentSelectionMethodsOriginals/control.ecore#//RepeatWhile/whileProcess}' must be set is not supported.
apr. 17, 2020 9:04:01 A.M. hvl.projectparmorel.modelrepair.QModelFixer handleUnsupportedErrors
WARNING: The error code 1 for the error The required feature 'eReferenceType' of 'org.eclipse.emf.ecore.impl.EReferenceImpl@f34347b{file:/Users/Magnus/Skole/DAT300/EclipseWorkspace2/ParmorelRunnable/././differentSelectionMethodsOriginals/control.ecore#//Perform/theProcess}' must be set is not supported.
apr. 17, 2020 9:04:01 A.M. hvl.projectparmorel.modelrepair.QModelFixer handleUnsupportedErrors
WARNING: The error code 1 for the error The required feature 'eReferenceType' of 'org.eclipse.emf.ecore.impl.EReferenceImpl@aa51915{file:/Users/Magnus/Skole/DAT300/EclipseWorkspace2/ParmorelRunnable/././differentSelectionMethodsOriginals/control.ecore#//Produce/producedBindingValueSpecifier}' must be set is not supported.
apr. 17, 2020 9:04:01 A.M. hvl.projectparmorel.modelrepair.QModelFixer handleUnsupportedErrors
WARNING: The error code 1 for the error The required feature 'eReferenceType' of 'org.eclipse.emf.ecore.impl.EReferenceImpl@55cb6fe8{file:/Users/Magnus/Skole/DAT300/EclipseWorkspace2/ParmorelRunnable/././differentSelectionMethodsOriginals/control.ecore#//Set/producedBindingValueSpecifier}' must be set is not supported.
apr. 17, 2020 9:04:01 A.M. hvl.projectparmorel.modelrepair.QModelFixer handleUnsupportedErrors
WARNING: The error code 1 for the error The required feature 'eAttributeType' of 'org.eclipse.emf.ecore.impl.EAttributeImpl@372456c0{file:/Users/Magnus/Skole/DAT300/EclipseWorkspace2/ParmorelRunnable/././differentSelectionMethodsOriginals/control.ecore#//ValueSource/body}' must be set is not supported.
apr. 17, 2020 9:04:01 A.M. hvl.projectparmorel.modelrepair.QModelFixer handleUnsupportedErrors
WARNING: The error code 1 for the error The required feature 'eAttributeType' of 'org.eclipse.emf.ecore.impl.EAttributeImpl@5eeb6c15{file:/Users/Magnus/Skole/DAT300/EclipseWorkspace2/ParmorelRunnable/././differentSelectionMethodsOriginals/control.ecore#//ValueForm/body}' must be set is not supported.
apr. 17, 2020 9:04:01 A.M. hvl.projectparmorel.modelrepair.QModelFixer handleUnsupportedErrors
WARNING: The error code 1 for the error The required feature 'eAttributeType' of 'org.eclipse.emf.ecore.impl.EAttributeImpl@6b8c234b{file:/Users/Magnus/Skole/DAT300/EclipseWorkspace2/ParmorelRunnable/././differentSelectionMethodsOriginals/control.ecore#//ValueFunction/body}' must be set is not supported.
apr. 17, 2020 9:04:01 A.M. hvl.projectparmorel.modelrepair.QModelFixer handleUnsupportedErrors
WARNING: The error code 1 for the error The required feature 'eReferenceType' of 'org.eclipse.emf.ecore.impl.EReferenceImpl@36d4ceec{file:/Users/Magnus/Skole/DAT300/EclipseWorkspace2/ParmorelRunnable/././differentSelectionMethodsOriginals/control.ecore#//InputBinding/toParam}' must be set is not supported.
apr. 17, 2020 9:04:01 A.M. hvl.projectparmorel.modelrepair.QModelFixer handleUnsupportedErrors
WARNING: The error code 1 for the error The required feature 'eReferenceType' of 'org.eclipse.emf.ecore.impl.EReferenceImpl@56fab330{file:/Users/Magnus/Skole/DAT300/EclipseWorkspace2/ParmorelRunnable/././differentSelectionMethodsOriginals/control.ecore#//InputBinding/valueSource}' must be set is not supported.
apr. 17, 2020 9:04:01 A.M. hvl.projectparmorel.modelrepair.QModelFixer handleUnsupportedErrors
WARNING: The error code 1 for the error The required feature 'eReferenceType' of 'org.eclipse.emf.ecore.impl.EReferenceImpl@1ecafec8{file:/Users/Magnus/Skole/DAT300/EclipseWorkspace2/ParmorelRunnable/././differentSelectionMethodsOriginals/control.ecore#//OutputBinding/toParam}' must be set is not supported.
apr. 17, 2020 9:04:01 A.M. hvl.projectparmorel.modelrepair.QModelFixer handleUnsupportedErrors
WARNING: The error code 1 for the error The required feature 'eReferenceType' of 'org.eclipse.emf.ecore.impl.EReferenceImpl@112ffb54{file:/Users/Magnus/Skole/DAT300/EclipseWorkspace2/ParmorelRunnable/././differentSelectionMethodsOriginals/control.ecore#//OutputBinding/origin}' must be set is not supported.
apr. 17, 2020 9:04:01 A.M. hvl.projectparmorel.modelrepair.QModelFixer handleUnsupportedErrors
WARNING: The error code 1 for the error The required feature 'eReferenceType' of 'org.eclipse.emf.ecore.impl.EReferenceImpl@1243e923{file:/Users/Magnus/Skole/DAT300/EclipseWorkspace2/ParmorelRunnable/././differentSelectionMethodsOriginals/control.ecore#//LocBinding/toLoc}' must be set is not supported.
apr. 17, 2020 9:04:01 A.M. hvl.projectparmorel.modelrepair.QModelFixer handleUnsupportedErrors
WARNING: The error code 1 for the error The required feature 'eReferenceType' of 'org.eclipse.emf.ecore.impl.EReferenceImpl@6b302e8f{file:/Users/Magnus/Skole/DAT300/EclipseWorkspace2/ParmorelRunnable/././differentSelectionMethodsOriginals/control.ecore#//LocBinding/origin}' must be set is not supported.
apr. 17, 2020 9:04:01 A.M. hvl.projectparmorel.modelrepair.QModelFixer handleUnsupportedErrors
WARNING: The error code 1 for the error The required feature 'eReferenceType' of 'org.eclipse.emf.ecore.impl.EReferenceImpl@12588e29{file:/Users/Magnus/Skole/DAT300/EclipseWorkspace2/ParmorelRunnable/././differentSelectionMethodsOriginals/control.ecore#//LinkBinding/toLink}' must be set is not supported.
apr. 17, 2020 9:04:01 A.M. hvl.projectparmorel.modelrepair.QModelFixer handleUnsupportedErrors
WARNING: The error code 1 for the error The required feature 'eReferenceType' of 'org.eclipse.emf.ecore.impl.EReferenceImpl@293f0935{file:/Users/Magnus/Skole/DAT300/EclipseWorkspace2/ParmorelRunnable/././differentSelectionMethodsOriginals/control.ecore#//LinkBinding/origin}' must be set is not supported.
apr. 17, 2020 9:04:01 A.M. hvl.projectparmorel.modelrepair.QModelFixer handleUnsupportedErrors
WARNING: The error code 1 for the error The required feature 'eReferenceType' of 'org.eclipse.emf.ecore.impl.EReferenceImpl@6c8e4f90{file:/Users/Magnus/Skole/DAT300/EclipseWorkspace2/ParmorelRunnable/././differentSelectionMethodsOriginals/control.ecore#//outputBindingSource/source}' must be set is not supported.
apr. 17, 2020 9:04:01 A.M. hvl.projectparmorel.modelrepair.QModelFixer handleUnsupportedErrors
WARNING: The error code 1 for the error The required feature 'eReferenceType' of 'org.eclipse.emf.ecore.impl.EReferenceImpl@38290426{file:/Users/Magnus/Skole/DAT300/EclipseWorkspace2/ParmorelRunnable/././differentSelectionMethodsOriginals/control.ecore#//outputBindingSource/specifierElement}' must be set is not supported.
apr. 17, 2020 9:04:01 A.M. hvl.projectparmorel.modelrepair.QModelFixer handleUnsupportedErrors
WARNING: The error code 1 for the error The required feature 'eReferenceType' of 'org.eclipse.emf.ecore.impl.EReferenceImpl@5495bf5c{file:/Users/Magnus/Skole/DAT300/EclipseWorkspace2/ParmorelRunnable/././differentSelectionMethodsOriginals/control.ecore#//Result/inCondition}' must be set is not supported.
apr. 17, 2020 9:04:01 A.M. hvl.projectparmorel.modelrepair.QModelFixer handleUnsupportedErrors
WARNING: The error code 1 for the error The required feature 'eReferenceType' of 'org.eclipse.emf.ecore.impl.EReferenceImpl@188fedde{file:/Users/Magnus/Skole/DAT300/EclipseWorkspace2/ParmorelRunnable/././differentSelectionMethodsOriginals/control.ecore#//Result/hasResultVar}' must be set is not supported.
apr. 17, 2020 9:04:01 A.M. hvl.projectparmorel.modelrepair.QModelFixer handleUnsupportedErrors
WARNING: The error code 1 for the error The required feature 'eReferenceType' of 'org.eclipse.emf.ecore.impl.EReferenceImpl@15c5918b{file:/Users/Magnus/Skole/DAT300/EclipseWorkspace2/ParmorelRunnable/././differentSelectionMethodsOriginals/control.ecore#//Result/hasEffect}' must be set is not supported.
apr. 17, 2020 9:04:01 A.M. hvl.projectparmorel.modelrepair.QModelFixer handleUnsupportedErrors
WARNING: The error code 1 for the error The required feature 'eReferenceType' of 'org.eclipse.emf.ecore.impl.EReferenceImpl@a2db73e{file:/Users/Magnus/Skole/DAT300/EclipseWorkspace2/ParmorelRunnable/././differentSelectionMethodsOriginals/control.ecore#//Result/bindingSource}' must be set is not supported.
apr. 17, 2020 9:04:01 A.M. hvl.projectparmorel.modelrepair.QModelFixer handleUnsupportedErrors
WARNING: The error code 1 for the error The required feature 'eAttributeType' of 'org.eclipse.emf.ecore.impl.EAttributeImpl@48a8246f{file:/Users/Magnus/Skole/DAT300/EclipseWorkspace2/ParmorelRunnable/././differentSelectionMethodsOriginals/control.ecore#//Link/hasBeenWritten}' must be set is not supported.
apr. 17, 2020 9:04:01 A.M. hvl.projectparmorel.modelrepair.QModelFixer handleUnsupportedErrors
WARNING: The error code 1 for the error The required feature 'eReferenceType' of 'org.eclipse.emf.ecore.impl.EReferenceImpl@1d1d4b06{file:/Users/Magnus/Skole/DAT300/EclipseWorkspace2/ParmorelRunnable/././differentSelectionMethodsOriginals/control.ecore#//ControlConstructBag/first}' must be set is not supported.
apr. 17, 2020 9:04:01 A.M. hvl.projectparmorel.modelrepair.QModelFixer handleUnsupportedErrors
WARNING: The error code 1 for the error The required feature 'eReferenceType' of 'org.eclipse.emf.ecore.impl.EReferenceImpl@61059aef{file:/Users/Magnus/Skole/DAT300/EclipseWorkspace2/ParmorelRunnable/././differentSelectionMethodsOriginals/control.ecore#//ControlConstructBag/rest}' must be set is not supported.
apr. 17, 2020 9:04:01 A.M. hvl.projectparmorel.modelrepair.QModelFixer handleUnsupportedErrors
WARNING: The error code 1 for the error The required feature 'eReferenceType' of 'org.eclipse.emf.ecore.impl.EReferenceImpl@4abfdac5{file:/Users/Magnus/Skole/DAT300/EclipseWorkspace2/ParmorelRunnable/././differentSelectionMethodsOriginals/control.ecore#//ControlConstructList/first}' must be set is not supported.
apr. 17, 2020 9:04:01 A.M. hvl.projectparmorel.modelrepair.QModelFixer handleUnsupportedErrors
WARNING: The error code 1 for the error The required feature 'eReferenceType' of 'org.eclipse.emf.ecore.impl.EReferenceImpl@147b41f0{file:/Users/Magnus/Skole/DAT300/EclipseWorkspace2/ParmorelRunnable/././differentSelectionMethodsOriginals/control.ecore#//ControlConstructList/rest}' must be set is not supported.
apr. 17, 2020 9:04:01 A.M. hvl.projectparmorel.modelrepair.QModelFixer handleUnsupportedErrors
WARNING: The error code 1 for the error The required feature 'eAttributeType' of 'org.eclipse.emf.ecore.impl.EAttributeImpl@4cbbacc9{file:/Users/Magnus/Skole/DAT300/EclipseWorkspace2/ParmorelRunnable/././differentSelectionMethodsOriginals/control.ecore#//Expr/name}' must be set is not supported.
apr. 17, 2020 9:04:01 A.M. hvl.projectparmorel.modelrepair.QModelFixer handleUnsupportedErrors
WARNING: The error code 1 for the error The required feature 'eAttributeType' of 'org.eclipse.emf.ecore.impl.EAttributeImpl@6e844dcb{file:/Users/Magnus/Skole/DAT300/EclipseWorkspace2/ParmorelRunnable/././differentSelectionMethodsOriginals/control.ecore#//Expr/logicLanguage}' must be set is not supported.
apr. 17, 2020 9:04:01 A.M. hvl.projectparmorel.modelrepair.QModelFixer handleUnsupportedErrors
WARNING: The error code 1 for the error The required feature 'eAttributeType' of 'org.eclipse.emf.ecore.impl.EAttributeImpl@b7ce30c{file:/Users/Magnus/Skole/DAT300/EclipseWorkspace2/ParmorelRunnable/././differentSelectionMethodsOriginals/control.ecore#//Expr/bodyLiteral}' must be set is not supported.
apr. 17, 2020 9:04:01 A.M. hvl.projectparmorel.modelrepair.QModelFixer handleUnsupportedErrors
WARNING: The error code 1 for the error The required feature 'eAttributeType' of 'org.eclipse.emf.ecore.impl.EAttributeImpl@6aaa588d{file:/Users/Magnus/Skole/DAT300/EclipseWorkspace2/ParmorelRunnable/././differentSelectionMethodsOriginals/control.ecore#//Expr/version}' must be set is not supported.
apr. 17, 2020 9:04:01 A.M. hvl.projectparmorel.modelrepair.QModelFixer fixModel
INFO: Initial number of errors in model: 68
Maximum number of steps per episode: 95
Errors to fix: [Error 40, message=The typed element must have a type
, Error 40, message=The typed element must have a type
, Error 40, message=The typed element must have a type
, Error 40, message=The typed element must have a type
, Error 40, message=The typed element must have a type
, Error 40, message=The typed element must have a type
, Error 401, message=The typed element must have a type
, Error 401, message=The typed element must have a type
, Error 401, message=The typed element must have a type
, Error 401, message=The typed element must have a type
, Error 401, message=The typed element must have a type
, Error 401, message=The typed element must have a type
, Error 401, message=The typed element must have a type
, Error 401, message=The typed element must have a type
, Error 401, message=The typed element must have a type
, Error 401, message=The typed element must have a type
, Error 40, message=The typed element must have a type
, Error 40, message=The typed element must have a type
, Error 40, message=The typed element must have a type
, Error 401, message=The typed element must have a type
, Error 401, message=The typed element must have a type
, Error 40, message=The typed element must have a type
, Error 40, message=The typed element must have a type
, Error 401, message=The typed element must have a type
, Error 401, message=The typed element must have a type
, Error 40, message=The typed element must have a type
, Error 401, message=The typed element must have a type
, Error 401, message=The typed element must have a type
, Error 401, message=The typed element must have a type
, Error 401, message=The typed element must have a type
, Error 401, message=The typed element must have a type
, Error 401, message=The typed element must have a type
, Error 401, message=The typed element must have a type
, Error 401, message=The typed element must have a type
, Error 401, message=The typed element must have a type
, Error 401, message=The typed element must have a type
, Error 401, message=The typed element must have a type
, Error 401, message=The typed element must have a type
, Error 401, message=The typed element must have a type
, Error 401, message=The typed element must have a type
, Error 401, message=The typed element must have a type
, Error 40, message=The typed element must have a type
, Error 40, message=The typed element must have a type
, Error 40, message=The typed element must have a type
, Error 401, message=The typed element must have a type
, Error 401, message=The typed element must have a type
, Error 401, message=The typed element must have a type
, Error 401, message=The typed element must have a type
, Error 401, message=The typed element must have a type
, Error 401, message=The typed element must have a type
, Error 401, message=The typed element must have a type
, Error 401, message=The typed element must have a type
, Error 401, message=The typed element must have a type
, Error 401, message=The typed element must have a type
, Error 401, message=The typed element must have a type
, Error 401, message=The typed element must have a type
, Error 401, message=The typed element must have a type
, Error 401, message=The typed element must have a type
, Error 40, message=The typed element must have a type
, Error 401, message=The typed element must have a type
, Error 401, message=The typed element must have a type
, Error 401, message=The typed element must have a type
, Error 401, message=The typed element must have a type
, Error 40, message=The typed element must have a type
, Error 40, message=The typed element must have a type
, Error 38, message=The default value literal '1' must be a valid literal of the attribute's type
, Error 40, message=The typed element must have a type
, Error 40, message=The typed element must have a type
]
apr. 17, 2020 9:04:01 A.M. hvl.projectparmorel.modelrepair.QModelFixer fixModel
INFO: Initializing Q-table for the errors.
apr. 17, 2020 9:04:01 A.M. hvl.projectparmorel.modelrepair.QModelFixer fixModel
INFO: Number of episodes: 25
apr. 17, 2020 9:04:01 A.M. hvl.projectparmorel.modelrepair.QModelFixer handleEpisode
INFO: EPISODE 0, STEP 0, Fixing error 40: The typed element must have a type
apr. 17, 2020 9:04:01 A.M. hvl.projectparmorel.modelrepair.QModelFixer chooseAction
INFO: Choosing optimal action
apr. 17, 2020 9:04:01 A.M. hvl.projectparmorel.modelrepair.QModelFixer handleStep
INFO: Chose action setEType in context 0 with weight 800.0000003372494
apr. 17, 2020 9:04:01 A.M. hvl.projectparmorel.modelrepair.QModelFixer handleStep
INFO: Next error code: 38
apr. 17, 2020 9:04:01 A.M. hvl.projectparmorel.modelrepair.QModelFixer handleStep
INFO: Calculating new Q-value:
Old Q-value: 800.0000003372494
Alpha: 1.0
Gamma: 1.0
Reward: 100
Next optimal action Q-value: 700.0
800.0000003372494 + 1.0 * (100 + 1.0 * 700.0 - 800.0000003372494) = 800.0
apr. 17, 2020 9:04:01 A.M. hvl.projectparmorel.modelrepair.QModelFixer handleStep
INFO: Updated Q-table for error 40, context 0, action 591449609 setEType to new weight 800.0


apr. 17, 2020 9:04:01 A.M. hvl.projectparmorel.modelrepair.QModelFixer handleEpisode
INFO: EPISODE 0, STEP 1, Fixing error 38: The default value literal '1' must be a valid literal of the attribute's type
apr. 17, 2020 9:04:01 A.M. hvl.projectparmorel.modelrepair.QModelFixer chooseAction
INFO: Choosing random action.
apr. 17, 2020 9:04:01 A.M. hvl.projectparmorel.modelrepair.QModelFixer handleStep
INFO: Chose action setEType in context 0 with weight 700.0
apr. 17, 2020 9:04:01 A.M. hvl.projectparmorel.modelrepair.QModelFixer handleStep
INFO: Calculating new Q-value:
Old Q-value: 700.0
Alpha: 1.0

Reward: 100
700.0 + 1.0 * (100 - 700.0) = 100.0
apr. 17, 2020 9:04:01 A.M. hvl.projectparmorel.modelrepair.QModelFixer handleStep
INFO: Updated Q-table for error 38, context 0, action -591535257 setEType to new weight 100.0
apr. 17, 2020 9:04:01 A.M. hvl.projectparmorel.modelrepair.QModelFixer handleEpisode
INFO: Solution added to possible solitons: [ErrorAction [Error: 40 The typed element must have a type, Action: setEType, Error hierarchy: 0]
, ErrorAction [Error: 38 The default value literal '1' must be a valid literal of the attribute's type, Action: setEType, Error hierarchy: 0]
]
apr. 17, 2020 9:04:01 A.M. hvl.projectparmorel.modelrepair.QModelFixer handleEpisode
INFO: EPISODE 0 TOTAL REWARD 200



apr. 17, 2020 9:04:01 A.M. hvl.projectparmorel.modelrepair.QModelFixer handleEpisode
INFO: EPISODE 1, STEP 0, Fixing error 40: The typed element must have a type
apr. 17, 2020 9:04:01 A.M. hvl.projectparmorel.modelrepair.QModelFixer chooseAction
INFO: Choosing optimal action
apr. 17, 2020 9:04:01 A.M. hvl.projectparmorel.modelrepair.QModelFixer handleStep
INFO: Chose action setEType in context 0 with weight 800.0
apr. 17, 2020 9:04:01 A.M. hvl.projectparmorel.modelrepair.QModelFixer handleStep
INFO: Next error code: 38
apr. 17, 2020 9:04:01 A.M. hvl.projectparmorel.modelrepair.QModelFixer handleStep
INFO: Calculating new Q-value:
Old Q-value: 800.0
Alpha: 0.9608333333333333
Gamma: 1.0
Reward: 100
Next optimal action Q-value: 100.00000000000001
800.0 + 0.9608333333333333 * (100 + 1.0 * 100.00000000000001 - 800.0) = 223.5
apr. 17, 2020 9:04:01 A.M. hvl.projectparmorel.modelrepair.QModelFixer handleStep
INFO: Updated Q-table for error 40, context 0, action 591449609 setEType to new weight 223.5


apr. 17, 2020 9:04:01 A.M. hvl.projectparmorel.modelrepair.QModelFixer handleEpisode
INFO: EPISODE 1, STEP 1, Fixing error 38: The default value literal '1' must be a valid literal of the attribute's type
apr. 17, 2020 9:04:01 A.M. hvl.projectparmorel.modelrepair.QModelFixer chooseAction
INFO: Choosing optimal action
apr. 17, 2020 9:04:01 A.M. hvl.projectparmorel.modelrepair.QModelFixer handleStep
INFO: Chose action setEType in context 0 with weight 100.00000000000001
apr. 17, 2020 9:04:01 A.M. hvl.projectparmorel.modelrepair.QModelFixer handleStep
INFO: Calculating new Q-value:
Old Q-value: 100.00000000000001
Alpha: 0.9608333333333333

Reward: 100
100.00000000000001 + 0.9608333333333333 * (100 - 100.00000000000001) = 100.0
apr. 17, 2020 9:04:01 A.M. hvl.projectparmorel.modelrepair.QModelFixer handleStep
INFO: Updated Q-table for error 38, context 0, action 591449609 setEType to new weight 100.0
apr. 17, 2020 9:04:01 A.M. hvl.projectparmorel.modelrepair.QModelFixer isUnique
INFO: Solution [ErrorAction [Error: 40 The typed element must have a type, Action: setEType, Error hierarchy: 0]
, ErrorAction [Error: 38 The default value literal '1' must be a valid literal of the attribute's type, Action: setEType, Error hierarchy: 0]
] already exists.
apr. 17, 2020 9:04:01 A.M. hvl.projectparmorel.modelrepair.QModelFixer handleEpisode
INFO: Solution discarded.
apr. 17, 2020 9:04:01 A.M. hvl.projectparmorel.modelrepair.QModelFixer handleEpisode
INFO: EPISODE 1 TOTAL REWARD 200



apr. 17, 2020 9:04:01 A.M. hvl.projectparmorel.modelrepair.QModelFixer handleEpisode
INFO: EPISODE 2, STEP 0, Fixing error 40: The typed element must have a type
apr. 17, 2020 9:04:01 A.M. hvl.projectparmorel.modelrepair.QModelFixer chooseAction
INFO: Choosing optimal action
apr. 17, 2020 9:04:01 A.M. hvl.projectparmorel.modelrepair.QModelFixer handleStep
INFO: Chose action setEType in context 0 with weight 223.5
apr. 17, 2020 9:04:01 A.M. hvl.projectparmorel.modelrepair.QModelFixer handleStep
INFO: Next error code: 38
apr. 17, 2020 9:04:01 A.M. hvl.projectparmorel.modelrepair.QModelFixer handleStep
INFO: Calculating new Q-value:
Old Q-value: 223.5
Alpha: 0.9216666666666666
Gamma: 1.0
Reward: 100
Next optimal action Q-value: 100.0
223.5 + 0.9216666666666666 * (100 + 1.0 * 100.0 - 223.5) = 201.84083333333334
apr. 17, 2020 9:04:01 A.M. hvl.projectparmorel.modelrepair.QModelFixer handleStep
INFO: Updated Q-table for error 40, context 0, action 591449609 setEType to new weight 201.84083333333334


apr. 17, 2020 9:04:01 A.M. hvl.projectparmorel.modelrepair.QModelFixer handleEpisode
INFO: EPISODE 2, STEP 1, Fixing error 38: The default value literal '1' must be a valid literal of the attribute's type
apr. 17, 2020 9:04:01 A.M. hvl.projectparmorel.modelrepair.QModelFixer chooseAction
INFO: Choosing random action.
apr. 17, 2020 9:04:01 A.M. hvl.projectparmorel.modelrepair.QModelFixer handleStep
INFO: Chose action delete in context 0 with weight -999.1538921657313
apr. 17, 2020 9:04:01 A.M. hvl.projectparmorel.modelrepair.QModelFixer handleStep
INFO: Calculating new Q-value:
Old Q-value: -999.1538921657313
Alpha: 0.9216666666666666

Reward: -1000
-999.1538921657313 + 0.9216666666666666 * (-1000 - -999.1538921657313) = -999.9337215529823
apr. 17, 2020 9:04:01 A.M. hvl.projectparmorel.modelrepair.QModelFixer handleStep
INFO: Updated Q-table for error 38, context 0, action 99999 delete to new weight -999.9337215529823
apr. 17, 2020 9:04:01 A.M. hvl.projectparmorel.modelrepair.QModelFixer isUnique
INFO: Solution [ErrorAction [Error: 40 The typed element must have a type, Action: setEType, Error hierarchy: 0]
, ErrorAction [Error: 38 The default value literal '1' must be a valid literal of the attribute's type, Action: delete, Error hierarchy: 0]
] already exists.
apr. 17, 2020 9:04:01 A.M. hvl.projectparmorel.modelrepair.QModelFixer handleEpisode
INFO: Solution discarded.
apr. 17, 2020 9:04:01 A.M. hvl.projectparmorel.modelrepair.QModelFixer handleEpisode
INFO: EPISODE 2 TOTAL REWARD -900



apr. 17, 2020 9:04:01 A.M. hvl.projectparmorel.modelrepair.QModelFixer handleEpisode
INFO: EPISODE 3, STEP 0, Fixing error 40: The typed element must have a type
apr. 17, 2020 9:04:01 A.M. hvl.projectparmorel.modelrepair.QModelFixer chooseAction
INFO: Choosing optimal action
apr. 17, 2020 9:04:01 A.M. hvl.projectparmorel.modelrepair.QModelFixer handleStep
INFO: Chose action setEType in context 0 with weight 201.84083333333334
apr. 17, 2020 9:04:01 A.M. hvl.projectparmorel.modelrepair.QModelFixer handleStep
INFO: Next error code: 38
apr. 17, 2020 9:04:01 A.M. hvl.projectparmorel.modelrepair.QModelFixer handleStep
INFO: Calculating new Q-value:
Old Q-value: 201.84083333333334
Alpha: 0.8825000000000001
Gamma: 1.0
Reward: 100
Next optimal action Q-value: 100.0
201.84083333333334 + 0.8825000000000001 * (100 + 1.0 * 100.0 - 201.84083333333334) = 200.21629791666666
apr. 17, 2020 9:04:01 A.M. hvl.projectparmorel.modelrepair.QModelFixer handleStep
INFO: Updated Q-table for error 40, context 0, action 591449609 setEType to new weight 200.21629791666666


apr. 17, 2020 9:04:01 A.M. hvl.projectparmorel.modelrepair.QModelFixer handleEpisode
INFO: EPISODE 3, STEP 1, Fixing error 38: The default value literal '1' must be a valid literal of the attribute's type
apr. 17, 2020 9:04:01 A.M. hvl.projectparmorel.modelrepair.QModelFixer chooseAction
INFO: Choosing random action.
apr. 17, 2020 9:04:01 A.M. hvl.projectparmorel.modelrepair.QModelFixer handleStep
INFO: Chose action setEType in context 0 with weight 100.0
apr. 17, 2020 9:04:01 A.M. hvl.projectparmorel.modelrepair.QModelFixer handleStep
INFO: Calculating new Q-value:
Old Q-value: 100.0
Alpha: 0.8825000000000001

Reward: 100
100.0 + 0.8825000000000001 * (100 - 100.0) = 100.0
apr. 17, 2020 9:04:01 A.M. hvl.projectparmorel.modelrepair.QModelFixer handleStep
INFO: Updated Q-table for error 38, context 0, action 591449609 setEType to new weight 100.0
apr. 17, 2020 9:04:01 A.M. hvl.projectparmorel.modelrepair.QModelFixer isUnique
INFO: Solution [ErrorAction [Error: 40 The typed element must have a type, Action: setEType, Error hierarchy: 0]
, ErrorAction [Error: 38 The default value literal '1' must be a valid literal of the attribute's type, Action: setEType, Error hierarchy: 0]
] already exists.
apr. 17, 2020 9:04:01 A.M. hvl.projectparmorel.modelrepair.QModelFixer handleEpisode
INFO: Solution discarded.
apr. 17, 2020 9:04:01 A.M. hvl.projectparmorel.modelrepair.QModelFixer handleEpisode
INFO: EPISODE 3 TOTAL REWARD 200



apr. 17, 2020 9:04:01 A.M. hvl.projectparmorel.modelrepair.QModelFixer handleEpisode
INFO: EPISODE 4, STEP 0, Fixing error 40: The typed element must have a type
apr. 17, 2020 9:04:01 A.M. hvl.projectparmorel.modelrepair.QModelFixer chooseAction
INFO: Choosing random action.
apr. 17, 2020 9:04:01 A.M. hvl.projectparmorel.modelrepair.QModelFixer handleStep
INFO: Chose action delete in context 0 with weight -873.6251498314887
apr. 17, 2020 9:04:01 A.M. hvl.projectparmorel.modelrepair.QModelFixer handleStep
INFO: Next error code: 38
apr. 17, 2020 9:04:01 A.M. hvl.projectparmorel.modelrepair.QModelFixer handleStep
INFO: Calculating new Q-value:
Old Q-value: -873.6251498314887
Alpha: 0.8433333333333334
Gamma: 1.0
Reward: -1000
Next optimal action Q-value: 100.0
-873.6251498314887 + 0.8433333333333334 * (-1000 + 1.0 * 100.0 - -873.6251498314887) = -895.8679401402666
apr. 17, 2020 9:04:01 A.M. hvl.projectparmorel.modelrepair.QModelFixer handleStep
INFO: Updated Q-table for error 40, context 0, action 99999 delete to new weight -895.8679401402666


apr. 17, 2020 9:04:01 A.M. hvl.projectparmorel.modelrepair.QModelFixer handleEpisode
INFO: EPISODE 4, STEP 1, Fixing error 38: The default value literal '1' must be a valid literal of the attribute's type
apr. 17, 2020 9:04:01 A.M. hvl.projectparmorel.modelrepair.QModelFixer chooseAction
INFO: Choosing optimal action
apr. 17, 2020 9:04:01 A.M. hvl.projectparmorel.modelrepair.QModelFixer handleStep
INFO: Chose action setEType in context 0 with weight 100.0
apr. 17, 2020 9:04:01 A.M. hvl.projectparmorel.modelrepair.QModelFixer handleStep
INFO: Calculating new Q-value:
Old Q-value: 100.0
Alpha: 0.8433333333333334

Reward: 100
100.0 + 0.8433333333333334 * (100 - 100.0) = 100.0
apr. 17, 2020 9:04:01 A.M. hvl.projectparmorel.modelrepair.QModelFixer handleStep
INFO: Updated Q-table for error 38, context 0, action 591449609 setEType to new weight 100.0
apr. 17, 2020 9:04:01 A.M. hvl.projectparmorel.modelrepair.QModelFixer isUnique
INFO: Solution [ErrorAction [Error: 40 The typed element must have a type, Action: delete, Error hierarchy: 0]
, ErrorAction [Error: 38 The default value literal '1' must be a valid literal of the attribute's type, Action: setEType, Error hierarchy: 0]
] already exists.
apr. 17, 2020 9:04:01 A.M. hvl.projectparmorel.modelrepair.QModelFixer handleEpisode
INFO: Solution discarded.
apr. 17, 2020 9:04:01 A.M. hvl.projectparmorel.modelrepair.QModelFixer handleEpisode
INFO: EPISODE 4 TOTAL REWARD -900



apr. 17, 2020 9:04:01 A.M. hvl.projectparmorel.modelrepair.QModelFixer handleEpisode
INFO: EPISODE 5, STEP 0, Fixing error 40: The typed element must have a type
apr. 17, 2020 9:04:01 A.M. hvl.projectparmorel.modelrepair.QModelFixer chooseAction
INFO: Choosing optimal action
apr. 17, 2020 9:04:01 A.M. hvl.projectparmorel.modelrepair.QModelFixer handleStep
INFO: Chose action setEType in context 0 with weight 200.21629791666666
apr. 17, 2020 9:04:01 A.M. hvl.projectparmorel.modelrepair.QModelFixer handleStep
INFO: Next error code: 38
apr. 17, 2020 9:04:01 A.M. hvl.projectparmorel.modelrepair.QModelFixer handleStep
INFO: Calculating new Q-value:
Old Q-value: 200.21629791666666
Alpha: 0.8041666666666667
Gamma: 1.0
Reward: 100
Next optimal action Q-value: 100.0
200.21629791666666 + 0.8041666666666667 * (100 + 1.0 * 100.0 - 200.21629791666666) = 200.0423583420139
apr. 17, 2020 9:04:01 A.M. hvl.projectparmorel.modelrepair.QModelFixer handleStep
INFO: Updated Q-table for error 40, context 0, action 591449609 setEType to new weight 200.0423583420139


apr. 17, 2020 9:04:01 A.M. hvl.projectparmorel.modelrepair.QModelFixer handleEpisode
INFO: EPISODE 5, STEP 1, Fixing error 38: The default value literal '1' must be a valid literal of the attribute's type
apr. 17, 2020 9:04:01 A.M. hvl.projectparmorel.modelrepair.QModelFixer chooseAction
INFO: Choosing optimal action
apr. 17, 2020 9:04:01 A.M. hvl.projectparmorel.modelrepair.QModelFixer handleStep
INFO: Chose action setEType in context 0 with weight 100.0
apr. 17, 2020 9:04:01 A.M. hvl.projectparmorel.modelrepair.QModelFixer handleStep
INFO: Calculating new Q-value:
Old Q-value: 100.0
Alpha: 0.8041666666666667

Reward: 100
100.0 + 0.8041666666666667 * (100 - 100.0) = 100.0
apr. 17, 2020 9:04:01 A.M. hvl.projectparmorel.modelrepair.QModelFixer handleStep
INFO: Updated Q-table for error 38, context 0, action 591449609 setEType to new weight 100.0
apr. 17, 2020 9:04:01 A.M. hvl.projectparmorel.modelrepair.QModelFixer isUnique
INFO: Solution [ErrorAction [Error: 40 The typed element must have a type, Action: setEType, Error hierarchy: 0]
, ErrorAction [Error: 38 The default value literal '1' must be a valid literal of the attribute's type, Action: setEType, Error hierarchy: 0]
] already exists.
apr. 17, 2020 9:04:01 A.M. hvl.projectparmorel.modelrepair.QModelFixer handleEpisode
INFO: Solution discarded.
apr. 17, 2020 9:04:01 A.M. hvl.projectparmorel.modelrepair.QModelFixer handleEpisode
INFO: EPISODE 5 TOTAL REWARD 200



apr. 17, 2020 9:04:01 A.M. hvl.projectparmorel.modelrepair.QModelFixer handleEpisode
INFO: EPISODE 6, STEP 0, Fixing error 40: The typed element must have a type
apr. 17, 2020 9:04:01 A.M. hvl.projectparmorel.modelrepair.QModelFixer chooseAction
INFO: Choosing optimal action
apr. 17, 2020 9:04:01 A.M. hvl.projectparmorel.modelrepair.QModelFixer handleStep
INFO: Chose action setEType in context 0 with weight 200.0423583420139
apr. 17, 2020 9:04:01 A.M. hvl.projectparmorel.modelrepair.QModelFixer handleStep
INFO: Next error code: 38
apr. 17, 2020 9:04:01 A.M. hvl.projectparmorel.modelrepair.QModelFixer handleStep
INFO: Calculating new Q-value:
Old Q-value: 200.0423583420139
Alpha: 0.765
Gamma: 1.0
Reward: 100
Next optimal action Q-value: 100.0
200.0423583420139 + 0.765 * (100 + 1.0 * 100.0 - 200.0423583420139) = 200.00995421037328
apr. 17, 2020 9:04:01 A.M. hvl.projectparmorel.modelrepair.QModelFixer handleStep
INFO: Updated Q-table for error 40, context 0, action 591449609 setEType to new weight 200.00995421037328


apr. 17, 2020 9:04:01 A.M. hvl.projectparmorel.modelrepair.QModelFixer handleEpisode
INFO: EPISODE 6, STEP 1, Fixing error 38: The default value literal '1' must be a valid literal of the attribute's type
apr. 17, 2020 9:04:01 A.M. hvl.projectparmorel.modelrepair.QModelFixer chooseAction
INFO: Choosing optimal action
apr. 17, 2020 9:04:01 A.M. hvl.projectparmorel.modelrepair.QModelFixer handleStep
INFO: Chose action setEType in context 0 with weight 100.0
apr. 17, 2020 9:04:01 A.M. hvl.projectparmorel.modelrepair.QModelFixer handleStep
INFO: Calculating new Q-value:
Old Q-value: 100.0
Alpha: 0.765

Reward: 100
100.0 + 0.765 * (100 - 100.0) = 100.0
apr. 17, 2020 9:04:01 A.M. hvl.projectparmorel.modelrepair.QModelFixer handleStep
INFO: Updated Q-table for error 38, context 0, action 591449609 setEType to new weight 100.0
apr. 17, 2020 9:04:01 A.M. hvl.projectparmorel.modelrepair.QModelFixer isUnique
INFO: Solution [ErrorAction [Error: 40 The typed element must have a type, Action: setEType, Error hierarchy: 0]
, ErrorAction [Error: 38 The default value literal '1' must be a valid literal of the attribute's type, Action: setEType, Error hierarchy: 0]
] already exists.
apr. 17, 2020 9:04:01 A.M. hvl.projectparmorel.modelrepair.QModelFixer handleEpisode
INFO: Solution discarded.
apr. 17, 2020 9:04:01 A.M. hvl.projectparmorel.modelrepair.QModelFixer handleEpisode
INFO: EPISODE 6 TOTAL REWARD 200



apr. 17, 2020 9:04:01 A.M. hvl.projectparmorel.modelrepair.QModelFixer handleEpisode
INFO: EPISODE 7, STEP 0, Fixing error 40: The typed element must have a type
apr. 17, 2020 9:04:01 A.M. hvl.projectparmorel.modelrepair.QModelFixer chooseAction
INFO: Choosing optimal action
apr. 17, 2020 9:04:01 A.M. hvl.projectparmorel.modelrepair.QModelFixer handleStep
INFO: Chose action setEType in context 0 with weight 200.00995421037328
apr. 17, 2020 9:04:01 A.M. hvl.projectparmorel.modelrepair.QModelFixer handleStep
INFO: Next error code: 38
apr. 17, 2020 9:04:01 A.M. hvl.projectparmorel.modelrepair.QModelFixer handleStep
INFO: Calculating new Q-value:
Old Q-value: 200.00995421037328
Alpha: 0.7258333333333333
Gamma: 1.0
Reward: 100
Next optimal action Q-value: 100.0
200.00995421037328 + 0.7258333333333333 * (100 + 1.0 * 100.0 - 200.00995421037328) = 200.00272911267734
apr. 17, 2020 9:04:01 A.M. hvl.projectparmorel.modelrepair.QModelFixer handleStep
INFO: Updated Q-table for error 40, context 0, action 591449609 setEType to new weight 200.00272911267734


apr. 17, 2020 9:04:01 A.M. hvl.projectparmorel.modelrepair.QModelFixer handleEpisode
INFO: EPISODE 7, STEP 1, Fixing error 38: The default value literal '1' must be a valid literal of the attribute's type
apr. 17, 2020 9:04:01 A.M. hvl.projectparmorel.modelrepair.QModelFixer chooseAction
INFO: Choosing optimal action
apr. 17, 2020 9:04:01 A.M. hvl.projectparmorel.modelrepair.QModelFixer handleStep
INFO: Chose action setEType in context 0 with weight 100.0
apr. 17, 2020 9:04:01 A.M. hvl.projectparmorel.modelrepair.QModelFixer handleStep
INFO: Calculating new Q-value:
Old Q-value: 100.0
Alpha: 0.7258333333333333

Reward: 100
100.0 + 0.7258333333333333 * (100 - 100.0) = 100.0
apr. 17, 2020 9:04:01 A.M. hvl.projectparmorel.modelrepair.QModelFixer handleStep
INFO: Updated Q-table for error 38, context 0, action 591449609 setEType to new weight 100.0
apr. 17, 2020 9:04:01 A.M. hvl.projectparmorel.modelrepair.QModelFixer isUnique
INFO: Solution [ErrorAction [Error: 40 The typed element must have a type, Action: setEType, Error hierarchy: 0]
, ErrorAction [Error: 38 The default value literal '1' must be a valid literal of the attribute's type, Action: setEType, Error hierarchy: 0]
] already exists.
apr. 17, 2020 9:04:01 A.M. hvl.projectparmorel.modelrepair.QModelFixer handleEpisode
INFO: Solution discarded.
apr. 17, 2020 9:04:01 A.M. hvl.projectparmorel.modelrepair.QModelFixer handleEpisode
INFO: EPISODE 7 TOTAL REWARD 200



apr. 17, 2020 9:04:01 A.M. hvl.projectparmorel.modelrepair.QModelFixer handleEpisode
INFO: EPISODE 8, STEP 0, Fixing error 40: The typed element must have a type
apr. 17, 2020 9:04:01 A.M. hvl.projectparmorel.modelrepair.QModelFixer chooseAction
INFO: Choosing optimal action
apr. 17, 2020 9:04:01 A.M. hvl.projectparmorel.modelrepair.QModelFixer handleStep
INFO: Chose action setEType in context 0 with weight 200.00272911267734
apr. 17, 2020 9:04:01 A.M. hvl.projectparmorel.modelrepair.QModelFixer handleStep
INFO: Next error code: 38
apr. 17, 2020 9:04:01 A.M. hvl.projectparmorel.modelrepair.QModelFixer handleStep
INFO: Calculating new Q-value:
Old Q-value: 200.00272911267734
Alpha: 0.6866666666666668
Gamma: 1.0
Reward: 100
Next optimal action Q-value: 100.0
200.00272911267734 + 0.6866666666666668 * (100 + 1.0 * 100.0 - 200.00272911267734) = 200.00085512197222
apr. 17, 2020 9:04:01 A.M. hvl.projectparmorel.modelrepair.QModelFixer handleStep
INFO: Updated Q-table for error 40, context 0, action 591449609 setEType to new weight 200.00085512197222


apr. 17, 2020 9:04:01 A.M. hvl.projectparmorel.modelrepair.QModelFixer handleEpisode
INFO: EPISODE 8, STEP 1, Fixing error 38: The default value literal '1' must be a valid literal of the attribute's type
apr. 17, 2020 9:04:01 A.M. hvl.projectparmorel.modelrepair.QModelFixer chooseAction
INFO: Choosing optimal action
apr. 17, 2020 9:04:01 A.M. hvl.projectparmorel.modelrepair.QModelFixer handleStep
INFO: Chose action setEType in context 0 with weight 100.0
apr. 17, 2020 9:04:01 A.M. hvl.projectparmorel.modelrepair.QModelFixer handleStep
INFO: Calculating new Q-value:
Old Q-value: 100.0
Alpha: 0.6866666666666668

Reward: 100
100.0 + 0.6866666666666668 * (100 - 100.0) = 100.0
apr. 17, 2020 9:04:01 A.M. hvl.projectparmorel.modelrepair.QModelFixer handleStep
INFO: Updated Q-table for error 38, context 0, action 591449609 setEType to new weight 100.0
apr. 17, 2020 9:04:01 A.M. hvl.projectparmorel.modelrepair.QModelFixer isUnique
INFO: Solution [ErrorAction [Error: 40 The typed element must have a type, Action: setEType, Error hierarchy: 0]
, ErrorAction [Error: 38 The default value literal '1' must be a valid literal of the attribute's type, Action: setEType, Error hierarchy: 0]
] already exists.
apr. 17, 2020 9:04:01 A.M. hvl.projectparmorel.modelrepair.QModelFixer handleEpisode
INFO: Solution discarded.
apr. 17, 2020 9:04:01 A.M. hvl.projectparmorel.modelrepair.QModelFixer handleEpisode
INFO: EPISODE 8 TOTAL REWARD 200



apr. 17, 2020 9:04:01 A.M. hvl.projectparmorel.modelrepair.QModelFixer handleEpisode
INFO: EPISODE 9, STEP 0, Fixing error 40: The typed element must have a type
apr. 17, 2020 9:04:01 A.M. hvl.projectparmorel.modelrepair.QModelFixer chooseAction
INFO: Choosing optimal action
apr. 17, 2020 9:04:01 A.M. hvl.projectparmorel.modelrepair.QModelFixer handleStep
INFO: Chose action setEType in context 0 with weight 200.00085512197222
apr. 17, 2020 9:04:01 A.M. hvl.projectparmorel.modelrepair.QModelFixer handleStep
INFO: Next error code: 38
apr. 17, 2020 9:04:01 A.M. hvl.projectparmorel.modelrepair.QModelFixer handleStep
INFO: Calculating new Q-value:
Old Q-value: 200.00085512197222
Alpha: 0.6475
Gamma: 1.0
Reward: 100
Next optimal action Q-value: 100.0
200.00085512197222 + 0.6475 * (100 + 1.0 * 100.0 - 200.00085512197222) = 200.0003014304952
apr. 17, 2020 9:04:01 A.M. hvl.projectparmorel.modelrepair.QModelFixer handleStep
INFO: Updated Q-table for error 40, context 0, action 591449609 setEType to new weight 200.0003014304952


apr. 17, 2020 9:04:01 A.M. hvl.projectparmorel.modelrepair.QModelFixer handleEpisode
INFO: EPISODE 9, STEP 1, Fixing error 38: The default value literal '1' must be a valid literal of the attribute's type
apr. 17, 2020 9:04:01 A.M. hvl.projectparmorel.modelrepair.QModelFixer chooseAction
INFO: Choosing optimal action
apr. 17, 2020 9:04:01 A.M. hvl.projectparmorel.modelrepair.QModelFixer handleStep
INFO: Chose action setEType in context 0 with weight 100.0
apr. 17, 2020 9:04:01 A.M. hvl.projectparmorel.modelrepair.QModelFixer handleStep
INFO: Calculating new Q-value:
Old Q-value: 100.0
Alpha: 0.6475

Reward: 100
100.0 + 0.6475 * (100 - 100.0) = 100.0
apr. 17, 2020 9:04:01 A.M. hvl.projectparmorel.modelrepair.QModelFixer handleStep
INFO: Updated Q-table for error 38, context 0, action 591449609 setEType to new weight 100.0
apr. 17, 2020 9:04:01 A.M. hvl.projectparmorel.modelrepair.QModelFixer isUnique
INFO: Solution [ErrorAction [Error: 40 The typed element must have a type, Action: setEType, Error hierarchy: 0]
, ErrorAction [Error: 38 The default value literal '1' must be a valid literal of the attribute's type, Action: setEType, Error hierarchy: 0]
] already exists.
apr. 17, 2020 9:04:01 A.M. hvl.projectparmorel.modelrepair.QModelFixer handleEpisode
INFO: Solution discarded.
apr. 17, 2020 9:04:01 A.M. hvl.projectparmorel.modelrepair.QModelFixer handleEpisode
INFO: EPISODE 9 TOTAL REWARD 200



apr. 17, 2020 9:04:01 A.M. hvl.projectparmorel.modelrepair.QModelFixer handleEpisode
INFO: EPISODE 10, STEP 0, Fixing error 40: The typed element must have a type
apr. 17, 2020 9:04:01 A.M. hvl.projectparmorel.modelrepair.QModelFixer chooseAction
INFO: Choosing optimal action
apr. 17, 2020 9:04:01 A.M. hvl.projectparmorel.modelrepair.QModelFixer handleStep
INFO: Chose action setEType in context 0 with weight 200.0003014304952
apr. 17, 2020 9:04:01 A.M. hvl.projectparmorel.modelrepair.QModelFixer handleStep
INFO: Next error code: 38
apr. 17, 2020 9:04:01 A.M. hvl.projectparmorel.modelrepair.QModelFixer handleStep
INFO: Calculating new Q-value:
Old Q-value: 200.0003014304952
Alpha: 0.6083333333333334
Gamma: 1.0
Reward: 100
Next optimal action Q-value: 100.0
200.0003014304952 + 0.6083333333333334 * (100 + 1.0 * 100.0 - 200.0003014304952) = 200.0001180602773
apr. 17, 2020 9:04:01 A.M. hvl.projectparmorel.modelrepair.QModelFixer handleStep
INFO: Updated Q-table for error 40, context 0, action 591449609 setEType to new weight 200.0001180602773


apr. 17, 2020 9:04:01 A.M. hvl.projectparmorel.modelrepair.QModelFixer handleEpisode
INFO: EPISODE 10, STEP 1, Fixing error 38: The default value literal '1' must be a valid literal of the attribute's type
apr. 17, 2020 9:04:01 A.M. hvl.projectparmorel.modelrepair.QModelFixer chooseAction
INFO: Choosing optimal action
apr. 17, 2020 9:04:01 A.M. hvl.projectparmorel.modelrepair.QModelFixer handleStep
INFO: Chose action setEType in context 0 with weight 100.0
apr. 17, 2020 9:04:01 A.M. hvl.projectparmorel.modelrepair.QModelFixer handleStep
INFO: Calculating new Q-value:
Old Q-value: 100.0
Alpha: 0.6083333333333334

Reward: 100
100.0 + 0.6083333333333334 * (100 - 100.0) = 100.0
apr. 17, 2020 9:04:01 A.M. hvl.projectparmorel.modelrepair.QModelFixer handleStep
INFO: Updated Q-table for error 38, context 0, action 591449609 setEType to new weight 100.0
apr. 17, 2020 9:04:01 A.M. hvl.projectparmorel.modelrepair.QModelFixer isUnique
INFO: Solution [ErrorAction [Error: 40 The typed element must have a type, Action: setEType, Error hierarchy: 0]
, ErrorAction [Error: 38 The default value literal '1' must be a valid literal of the attribute's type, Action: setEType, Error hierarchy: 0]
] already exists.
apr. 17, 2020 9:04:01 A.M. hvl.projectparmorel.modelrepair.QModelFixer handleEpisode
INFO: Solution discarded.
apr. 17, 2020 9:04:01 A.M. hvl.projectparmorel.modelrepair.QModelFixer handleEpisode
INFO: EPISODE 10 TOTAL REWARD 200



apr. 17, 2020 9:04:01 A.M. hvl.projectparmorel.modelrepair.QModelFixer handleEpisode
INFO: EPISODE 11, STEP 0, Fixing error 40: The typed element must have a type
apr. 17, 2020 9:04:01 A.M. hvl.projectparmorel.modelrepair.QModelFixer chooseAction
INFO: Choosing random action.
apr. 17, 2020 9:04:01 A.M. hvl.projectparmorel.modelrepair.QModelFixer handleStep
INFO: Chose action setEType in context 0 with weight 200.0001180602773
apr. 17, 2020 9:04:01 A.M. hvl.projectparmorel.modelrepair.QModelFixer handleStep
INFO: Next error code: 38
apr. 17, 2020 9:04:01 A.M. hvl.projectparmorel.modelrepair.QModelFixer handleStep
INFO: Calculating new Q-value:
Old Q-value: 200.0001180602773
Alpha: 0.5691666666666666
Gamma: 1.0
Reward: 100
Next optimal action Q-value: 100.0
200.0001180602773 + 0.5691666666666666 * (100 + 1.0 * 100.0 - 200.0001180602773) = 200.0000508643028
apr. 17, 2020 9:04:01 A.M. hvl.projectparmorel.modelrepair.QModelFixer handleStep
INFO: Updated Q-table for error 40, context 0, action 591449609 setEType to new weight 200.0000508643028


apr. 17, 2020 9:04:01 A.M. hvl.projectparmorel.modelrepair.QModelFixer handleEpisode
INFO: EPISODE 11, STEP 1, Fixing error 38: The default value literal '1' must be a valid literal of the attribute's type
apr. 17, 2020 9:04:01 A.M. hvl.projectparmorel.modelrepair.QModelFixer chooseAction
INFO: Choosing optimal action
apr. 17, 2020 9:04:01 A.M. hvl.projectparmorel.modelrepair.QModelFixer handleStep
INFO: Chose action setEType in context 0 with weight 100.0
apr. 17, 2020 9:04:01 A.M. hvl.projectparmorel.modelrepair.QModelFixer handleStep
INFO: Calculating new Q-value:
Old Q-value: 100.0
Alpha: 0.5691666666666666

Reward: 100
100.0 + 0.5691666666666666 * (100 - 100.0) = 100.0
apr. 17, 2020 9:04:01 A.M. hvl.projectparmorel.modelrepair.QModelFixer handleStep
INFO: Updated Q-table for error 38, context 0, action 591449609 setEType to new weight 100.0
apr. 17, 2020 9:04:01 A.M. hvl.projectparmorel.modelrepair.QModelFixer isUnique
INFO: Solution [ErrorAction [Error: 40 The typed element must have a type, Action: setEType, Error hierarchy: 0]
, ErrorAction [Error: 38 The default value literal '1' must be a valid literal of the attribute's type, Action: setEType, Error hierarchy: 0]
] already exists.
apr. 17, 2020 9:04:01 A.M. hvl.projectparmorel.modelrepair.QModelFixer handleEpisode
INFO: Solution discarded.
apr. 17, 2020 9:04:01 A.M. hvl.projectparmorel.modelrepair.QModelFixer handleEpisode
INFO: EPISODE 11 TOTAL REWARD 200



apr. 17, 2020 9:04:01 A.M. hvl.projectparmorel.modelrepair.QModelFixer handleEpisode
INFO: EPISODE 12, STEP 0, Fixing error 40: The typed element must have a type
apr. 17, 2020 9:04:01 A.M. hvl.projectparmorel.modelrepair.QModelFixer chooseAction
INFO: Choosing optimal action
apr. 17, 2020 9:04:01 A.M. hvl.projectparmorel.modelrepair.QModelFixer handleStep
INFO: Chose action setEType in context 0 with weight 200.0000508643028
apr. 17, 2020 9:04:01 A.M. hvl.projectparmorel.modelrepair.QModelFixer handleStep
INFO: Next error code: 38
apr. 17, 2020 9:04:01 A.M. hvl.projectparmorel.modelrepair.QModelFixer handleStep
INFO: Calculating new Q-value:
Old Q-value: 200.0000508643028
Alpha: 0.53
Gamma: 1.0
Reward: 100
Next optimal action Q-value: 100.0
200.0000508643028 + 0.53 * (100 + 1.0 * 100.0 - 200.0000508643028) = 200.0000239062223
apr. 17, 2020 9:04:01 A.M. hvl.projectparmorel.modelrepair.QModelFixer handleStep
INFO: Updated Q-table for error 40, context 0, action 591449609 setEType to new weight 200.0000239062223


apr. 17, 2020 9:04:01 A.M. hvl.projectparmorel.modelrepair.QModelFixer handleEpisode
INFO: EPISODE 12, STEP 1, Fixing error 38: The default value literal '1' must be a valid literal of the attribute's type
apr. 17, 2020 9:04:01 A.M. hvl.projectparmorel.modelrepair.QModelFixer chooseAction
INFO: Choosing optimal action
apr. 17, 2020 9:04:01 A.M. hvl.projectparmorel.modelrepair.QModelFixer handleStep
INFO: Chose action setEType in context 0 with weight 100.0
apr. 17, 2020 9:04:01 A.M. hvl.projectparmorel.modelrepair.QModelFixer handleStep
INFO: Calculating new Q-value:
Old Q-value: 100.0
Alpha: 0.53

Reward: 100
100.0 + 0.53 * (100 - 100.0) = 100.0
apr. 17, 2020 9:04:01 A.M. hvl.projectparmorel.modelrepair.QModelFixer handleStep
INFO: Updated Q-table for error 38, context 0, action 591449609 setEType to new weight 100.0
apr. 17, 2020 9:04:01 A.M. hvl.projectparmorel.modelrepair.QModelFixer isUnique
INFO: Solution [ErrorAction [Error: 40 The typed element must have a type, Action: setEType, Error hierarchy: 0]
, ErrorAction [Error: 38 The default value literal '1' must be a valid literal of the attribute's type, Action: setEType, Error hierarchy: 0]
] already exists.
apr. 17, 2020 9:04:01 A.M. hvl.projectparmorel.modelrepair.QModelFixer handleEpisode
INFO: Solution discarded.
apr. 17, 2020 9:04:01 A.M. hvl.projectparmorel.modelrepair.QModelFixer handleEpisode
INFO: EPISODE 12 TOTAL REWARD 200



apr. 17, 2020 9:04:01 A.M. hvl.projectparmorel.modelrepair.QModelFixer handleEpisode
INFO: EPISODE 13, STEP 0, Fixing error 40: The typed element must have a type
apr. 17, 2020 9:04:01 A.M. hvl.projectparmorel.modelrepair.QModelFixer chooseAction
INFO: Choosing random action.
apr. 17, 2020 9:04:01 A.M. hvl.projectparmorel.modelrepair.QModelFixer handleStep
INFO: Chose action setEType in context 0 with weight 200.0000239062223
apr. 17, 2020 9:04:01 A.M. hvl.projectparmorel.modelrepair.QModelFixer handleStep
INFO: Next error code: 38
apr. 17, 2020 9:04:01 A.M. hvl.projectparmorel.modelrepair.QModelFixer handleStep
INFO: Calculating new Q-value:
Old Q-value: 200.0000239062223
Alpha: 0.49083333333333334
Gamma: 1.0
Reward: 100
Next optimal action Q-value: 100.0
200.0000239062223 + 0.49083333333333334 * (100 + 1.0 * 100.0 - 200.0000239062223) = 200.00001217225153
apr. 17, 2020 9:04:01 A.M. hvl.projectparmorel.modelrepair.QModelFixer handleStep
INFO: Updated Q-table for error 40, context 0, action 591449609 setEType to new weight 200.00001217225153


apr. 17, 2020 9:04:01 A.M. hvl.projectparmorel.modelrepair.QModelFixer handleEpisode
INFO: EPISODE 13, STEP 1, Fixing error 38: The default value literal '1' must be a valid literal of the attribute's type
apr. 17, 2020 9:04:01 A.M. hvl.projectparmorel.modelrepair.QModelFixer chooseAction
INFO: Choosing optimal action
apr. 17, 2020 9:04:01 A.M. hvl.projectparmorel.modelrepair.QModelFixer handleStep
INFO: Chose action setEType in context 0 with weight 100.0
apr. 17, 2020 9:04:01 A.M. hvl.projectparmorel.modelrepair.QModelFixer handleStep
INFO: Calculating new Q-value:
Old Q-value: 100.0
Alpha: 0.49083333333333334

Reward: 100
100.0 + 0.49083333333333334 * (100 - 100.0) = 100.0
apr. 17, 2020 9:04:01 A.M. hvl.projectparmorel.modelrepair.QModelFixer handleStep
INFO: Updated Q-table for error 38, context 0, action 591449609 setEType to new weight 100.0
apr. 17, 2020 9:04:01 A.M. hvl.projectparmorel.modelrepair.QModelFixer isUnique
INFO: Solution [ErrorAction [Error: 40 The typed element must have a type, Action: setEType, Error hierarchy: 0]
, ErrorAction [Error: 38 The default value literal '1' must be a valid literal of the attribute's type, Action: setEType, Error hierarchy: 0]
] already exists.
apr. 17, 2020 9:04:01 A.M. hvl.projectparmorel.modelrepair.QModelFixer handleEpisode
INFO: Solution discarded.
apr. 17, 2020 9:04:01 A.M. hvl.projectparmorel.modelrepair.QModelFixer handleEpisode
INFO: EPISODE 13 TOTAL REWARD 200



apr. 17, 2020 9:04:01 A.M. hvl.projectparmorel.modelrepair.QModelFixer handleEpisode
INFO: EPISODE 14, STEP 0, Fixing error 40: The typed element must have a type
apr. 17, 2020 9:04:01 A.M. hvl.projectparmorel.modelrepair.QModelFixer chooseAction
INFO: Choosing optimal action
apr. 17, 2020 9:04:01 A.M. hvl.projectparmorel.modelrepair.QModelFixer handleStep
INFO: Chose action setEType in context 0 with weight 200.00001217225153
apr. 17, 2020 9:04:01 A.M. hvl.projectparmorel.modelrepair.QModelFixer handleStep
INFO: Next error code: 38
apr. 17, 2020 9:04:01 A.M. hvl.projectparmorel.modelrepair.QModelFixer handleStep
INFO: Calculating new Q-value:
Old Q-value: 200.00001217225153
Alpha: 0.45166666666666666
Gamma: 1.0
Reward: 100
Next optimal action Q-value: 100.0
200.00001217225153 + 0.45166666666666666 * (100 + 1.0 * 100.0 - 200.00001217225153) = 200.00000667445124
apr. 17, 2020 9:04:01 A.M. hvl.projectparmorel.modelrepair.QModelFixer handleStep
INFO: Updated Q-table for error 40, context 0, action 591449609 setEType to new weight 200.00000667445124


apr. 17, 2020 9:04:01 A.M. hvl.projectparmorel.modelrepair.QModelFixer handleEpisode
INFO: EPISODE 14, STEP 1, Fixing error 38: The default value literal '1' must be a valid literal of the attribute's type
apr. 17, 2020 9:04:01 A.M. hvl.projectparmorel.modelrepair.QModelFixer chooseAction
INFO: Choosing random action.
apr. 17, 2020 9:04:01 A.M. hvl.projectparmorel.modelrepair.QModelFixer handleStep
INFO: Chose action delete in context 0 with weight -999.9337215529823
apr. 17, 2020 9:04:01 A.M. hvl.projectparmorel.modelrepair.QModelFixer handleStep
INFO: Calculating new Q-value:
Old Q-value: -999.9337215529823
Alpha: 0.45166666666666666

Reward: -1000
-999.9337215529823 + 0.45166666666666666 * (-1000 - -999.9337215529823) = -999.9636573182187
apr. 17, 2020 9:04:01 A.M. hvl.projectparmorel.modelrepair.QModelFixer handleStep
INFO: Updated Q-table for error 38, context 0, action 99999 delete to new weight -999.9636573182187
apr. 17, 2020 9:04:01 A.M. hvl.projectparmorel.modelrepair.QModelFixer isUnique
INFO: Solution [ErrorAction [Error: 40 The typed element must have a type, Action: setEType, Error hierarchy: 0]
, ErrorAction [Error: 38 The default value literal '1' must be a valid literal of the attribute's type, Action: delete, Error hierarchy: 0]
] already exists.
apr. 17, 2020 9:04:01 A.M. hvl.projectparmorel.modelrepair.QModelFixer handleEpisode
INFO: Solution discarded.
apr. 17, 2020 9:04:01 A.M. hvl.projectparmorel.modelrepair.QModelFixer handleEpisode
INFO: EPISODE 14 TOTAL REWARD -900



apr. 17, 2020 9:04:01 A.M. hvl.projectparmorel.modelrepair.QModelFixer handleEpisode
INFO: EPISODE 15, STEP 0, Fixing error 40: The typed element must have a type
apr. 17, 2020 9:04:01 A.M. hvl.projectparmorel.modelrepair.QModelFixer chooseAction
INFO: Choosing random action.
apr. 17, 2020 9:04:01 A.M. hvl.projectparmorel.modelrepair.QModelFixer handleStep
INFO: Chose action delete in context 0 with weight -895.8679401402666
apr. 17, 2020 9:04:01 A.M. hvl.projectparmorel.modelrepair.QModelFixer handleStep
INFO: Next error code: 38
apr. 17, 2020 9:04:01 A.M. hvl.projectparmorel.modelrepair.QModelFixer handleStep
INFO: Calculating new Q-value:
Old Q-value: -895.8679401402666
Alpha: 0.4125
Gamma: 1.0
Reward: -1000
Next optimal action Q-value: 100.0
-895.8679401402666 + 0.4125 * (-1000 + 1.0 * 100.0 - -895.8679401402666) = -897.5724148324066
apr. 17, 2020 9:04:01 A.M. hvl.projectparmorel.modelrepair.QModelFixer handleStep
INFO: Updated Q-table for error 40, context 0, action 99999 delete to new weight -897.5724148324066


apr. 17, 2020 9:04:01 A.M. hvl.projectparmorel.modelrepair.QModelFixer handleEpisode
INFO: EPISODE 15, STEP 1, Fixing error 38: The default value literal '1' must be a valid literal of the attribute's type
apr. 17, 2020 9:04:01 A.M. hvl.projectparmorel.modelrepair.QModelFixer chooseAction
INFO: Choosing optimal action
apr. 17, 2020 9:04:01 A.M. hvl.projectparmorel.modelrepair.QModelFixer handleStep
INFO: Chose action setEType in context 0 with weight 100.0
apr. 17, 2020 9:04:01 A.M. hvl.projectparmorel.modelrepair.QModelFixer handleStep
INFO: Calculating new Q-value:
Old Q-value: 100.0
Alpha: 0.4125

Reward: 100
100.0 + 0.4125 * (100 - 100.0) = 100.0
apr. 17, 2020 9:04:01 A.M. hvl.projectparmorel.modelrepair.QModelFixer handleStep
INFO: Updated Q-table for error 38, context 0, action 591449609 setEType to new weight 100.0
apr. 17, 2020 9:04:01 A.M. hvl.projectparmorel.modelrepair.QModelFixer isUnique
INFO: Solution [ErrorAction [Error: 40 The typed element must have a type, Action: delete, Error hierarchy: 0]
, ErrorAction [Error: 38 The default value literal '1' must be a valid literal of the attribute's type, Action: setEType, Error hierarchy: 0]
] already exists.
apr. 17, 2020 9:04:01 A.M. hvl.projectparmorel.modelrepair.QModelFixer handleEpisode
INFO: Solution discarded.
apr. 17, 2020 9:04:01 A.M. hvl.projectparmorel.modelrepair.QModelFixer handleEpisode
INFO: EPISODE 15 TOTAL REWARD -900



apr. 17, 2020 9:04:01 A.M. hvl.projectparmorel.modelrepair.QModelFixer handleEpisode
INFO: EPISODE 16, STEP 0, Fixing error 40: The typed element must have a type
apr. 17, 2020 9:04:01 A.M. hvl.projectparmorel.modelrepair.QModelFixer chooseAction
INFO: Choosing random action.
apr. 17, 2020 9:04:01 A.M. hvl.projectparmorel.modelrepair.QModelFixer handleStep
INFO: Chose action setEType in context 0 with weight 200.00000667445124
apr. 17, 2020 9:04:01 A.M. hvl.projectparmorel.modelrepair.QModelFixer handleStep
INFO: Next error code: 38
apr. 17, 2020 9:04:01 A.M. hvl.projectparmorel.modelrepair.QModelFixer handleStep
INFO: Calculating new Q-value:
Old Q-value: 200.00000667445124
Alpha: 0.3733333333333334
Gamma: 1.0
Reward: 100
Next optimal action Q-value: 100.0
200.00000667445124 + 0.3733333333333334 * (100 + 1.0 * 100.0 - 200.00000667445124) = 200.0000041826561
apr. 17, 2020 9:04:01 A.M. hvl.projectparmorel.modelrepair.QModelFixer handleStep
INFO: Updated Q-table for error 40, context 0, action 591449609 setEType to new weight 200.0000041826561


apr. 17, 2020 9:04:01 A.M. hvl.projectparmorel.modelrepair.QModelFixer handleEpisode
INFO: EPISODE 16, STEP 1, Fixing error 38: The default value literal '1' must be a valid literal of the attribute's type
apr. 17, 2020 9:04:01 A.M. hvl.projectparmorel.modelrepair.QModelFixer chooseAction
INFO: Choosing optimal action
apr. 17, 2020 9:04:01 A.M. hvl.projectparmorel.modelrepair.QModelFixer handleStep
INFO: Chose action setEType in context 0 with weight 100.0
apr. 17, 2020 9:04:01 A.M. hvl.projectparmorel.modelrepair.QModelFixer handleStep
INFO: Calculating new Q-value:
Old Q-value: 100.0
Alpha: 0.3733333333333334

Reward: 100
100.0 + 0.3733333333333334 * (100 - 100.0) = 100.0
apr. 17, 2020 9:04:01 A.M. hvl.projectparmorel.modelrepair.QModelFixer handleStep
INFO: Updated Q-table for error 38, context 0, action 591449609 setEType to new weight 100.0
apr. 17, 2020 9:04:01 A.M. hvl.projectparmorel.modelrepair.QModelFixer isUnique
INFO: Solution [ErrorAction [Error: 40 The typed element must have a type, Action: setEType, Error hierarchy: 0]
, ErrorAction [Error: 38 The default value literal '1' must be a valid literal of the attribute's type, Action: setEType, Error hierarchy: 0]
] already exists.
apr. 17, 2020 9:04:01 A.M. hvl.projectparmorel.modelrepair.QModelFixer handleEpisode
INFO: Solution discarded.
apr. 17, 2020 9:04:01 A.M. hvl.projectparmorel.modelrepair.QModelFixer handleEpisode
INFO: EPISODE 16 TOTAL REWARD 200



apr. 17, 2020 9:04:01 A.M. hvl.projectparmorel.modelrepair.QModelFixer handleEpisode
INFO: EPISODE 17, STEP 0, Fixing error 40: The typed element must have a type
apr. 17, 2020 9:04:01 A.M. hvl.projectparmorel.modelrepair.QModelFixer chooseAction
INFO: Choosing random action.
apr. 17, 2020 9:04:01 A.M. hvl.projectparmorel.modelrepair.QModelFixer handleStep
INFO: Chose action setEType in context 0 with weight 200.0000041826561
apr. 17, 2020 9:04:01 A.M. hvl.projectparmorel.modelrepair.QModelFixer handleStep
INFO: Next error code: 38
apr. 17, 2020 9:04:01 A.M. hvl.projectparmorel.modelrepair.QModelFixer handleStep
INFO: Calculating new Q-value:
Old Q-value: 200.0000041826561
Alpha: 0.3341666666666667
Gamma: 1.0
Reward: 100
Next optimal action Q-value: 100.0
200.0000041826561 + 0.3341666666666667 * (100 + 1.0 * 100.0 - 200.0000041826561) = 200.00000278495187
apr. 17, 2020 9:04:01 A.M. hvl.projectparmorel.modelrepair.QModelFixer handleStep
INFO: Updated Q-table for error 40, context 0, action 591449609 setEType to new weight 200.00000278495187


apr. 17, 2020 9:04:01 A.M. hvl.projectparmorel.modelrepair.QModelFixer handleEpisode
INFO: EPISODE 17, STEP 1, Fixing error 38: The default value literal '1' must be a valid literal of the attribute's type
apr. 17, 2020 9:04:01 A.M. hvl.projectparmorel.modelrepair.QModelFixer chooseAction
INFO: Choosing optimal action
apr. 17, 2020 9:04:01 A.M. hvl.projectparmorel.modelrepair.QModelFixer handleStep
INFO: Chose action setEType in context 0 with weight 100.0
apr. 17, 2020 9:04:01 A.M. hvl.projectparmorel.modelrepair.QModelFixer handleStep
INFO: Calculating new Q-value:
Old Q-value: 100.0
Alpha: 0.3341666666666667

Reward: 100
100.0 + 0.3341666666666667 * (100 - 100.0) = 100.0
apr. 17, 2020 9:04:01 A.M. hvl.projectparmorel.modelrepair.QModelFixer handleStep
INFO: Updated Q-table for error 38, context 0, action 591449609 setEType to new weight 100.0
apr. 17, 2020 9:04:01 A.M. hvl.projectparmorel.modelrepair.QModelFixer isUnique
INFO: Solution [ErrorAction [Error: 40 The typed element must have a type, Action: setEType, Error hierarchy: 0]
, ErrorAction [Error: 38 The default value literal '1' must be a valid literal of the attribute's type, Action: setEType, Error hierarchy: 0]
] already exists.
apr. 17, 2020 9:04:01 A.M. hvl.projectparmorel.modelrepair.QModelFixer handleEpisode
INFO: Solution discarded.
apr. 17, 2020 9:04:01 A.M. hvl.projectparmorel.modelrepair.QModelFixer handleEpisode
INFO: EPISODE 17 TOTAL REWARD 200



apr. 17, 2020 9:04:01 A.M. hvl.projectparmorel.modelrepair.QModelFixer handleEpisode
INFO: EPISODE 18, STEP 0, Fixing error 40: The typed element must have a type
apr. 17, 2020 9:04:01 A.M. hvl.projectparmorel.modelrepair.QModelFixer chooseAction
INFO: Choosing random action.
apr. 17, 2020 9:04:01 A.M. hvl.projectparmorel.modelrepair.QModelFixer handleStep
INFO: Chose action setEType in context 0 with weight 200.00000278495187
apr. 17, 2020 9:04:01 A.M. hvl.projectparmorel.modelrepair.QModelFixer handleStep
INFO: Next error code: 38
apr. 17, 2020 9:04:01 A.M. hvl.projectparmorel.modelrepair.QModelFixer handleStep
INFO: Calculating new Q-value:
Old Q-value: 200.00000278495187
Alpha: 0.29500000000000004
Gamma: 1.0
Reward: 100
Next optimal action Q-value: 100.0
200.00000278495187 + 0.29500000000000004 * (100 + 1.0 * 100.0 - 200.00000278495187) = 200.00000196339107
apr. 17, 2020 9:04:01 A.M. hvl.projectparmorel.modelrepair.QModelFixer handleStep
INFO: Updated Q-table for error 40, context 0, action 591449609 setEType to new weight 200.00000196339107


apr. 17, 2020 9:04:01 A.M. hvl.projectparmorel.modelrepair.QModelFixer handleEpisode
INFO: EPISODE 18, STEP 1, Fixing error 38: The default value literal '1' must be a valid literal of the attribute's type
apr. 17, 2020 9:04:01 A.M. hvl.projectparmorel.modelrepair.QModelFixer chooseAction
INFO: Choosing optimal action
apr. 17, 2020 9:04:01 A.M. hvl.projectparmorel.modelrepair.QModelFixer handleStep
INFO: Chose action setEType in context 0 with weight 100.0
apr. 17, 2020 9:04:01 A.M. hvl.projectparmorel.modelrepair.QModelFixer handleStep
INFO: Calculating new Q-value:
Old Q-value: 100.0
Alpha: 0.29500000000000004

Reward: 100
100.0 + 0.29500000000000004 * (100 - 100.0) = 100.0
apr. 17, 2020 9:04:01 A.M. hvl.projectparmorel.modelrepair.QModelFixer handleStep
INFO: Updated Q-table for error 38, context 0, action 591449609 setEType to new weight 100.0
apr. 17, 2020 9:04:01 A.M. hvl.projectparmorel.modelrepair.QModelFixer isUnique
INFO: Solution [ErrorAction [Error: 40 The typed element must have a type, Action: setEType, Error hierarchy: 0]
, ErrorAction [Error: 38 The default value literal '1' must be a valid literal of the attribute's type, Action: setEType, Error hierarchy: 0]
] already exists.
apr. 17, 2020 9:04:01 A.M. hvl.projectparmorel.modelrepair.QModelFixer handleEpisode
INFO: Solution discarded.
apr. 17, 2020 9:04:01 A.M. hvl.projectparmorel.modelrepair.QModelFixer handleEpisode
INFO: EPISODE 18 TOTAL REWARD 200



apr. 17, 2020 9:04:01 A.M. hvl.projectparmorel.modelrepair.QModelFixer handleEpisode
INFO: EPISODE 19, STEP 0, Fixing error 40: The typed element must have a type
apr. 17, 2020 9:04:01 A.M. hvl.projectparmorel.modelrepair.QModelFixer chooseAction
INFO: Choosing optimal action
apr. 17, 2020 9:04:01 A.M. hvl.projectparmorel.modelrepair.QModelFixer handleStep
INFO: Chose action setEType in context 0 with weight 200.00000196339107
apr. 17, 2020 9:04:01 A.M. hvl.projectparmorel.modelrepair.QModelFixer handleStep
INFO: Next error code: 38
apr. 17, 2020 9:04:01 A.M. hvl.projectparmorel.modelrepair.QModelFixer handleStep
INFO: Calculating new Q-value:
Old Q-value: 200.00000196339107
Alpha: 0.25583333333333336
Gamma: 1.0
Reward: 100
Next optimal action Q-value: 100.0
200.00000196339107 + 0.25583333333333336 * (100 + 1.0 * 100.0 - 200.00000196339107) = 200.0000014610902
apr. 17, 2020 9:04:01 A.M. hvl.projectparmorel.modelrepair.QModelFixer handleStep
INFO: Updated Q-table for error 40, context 0, action 591449609 setEType to new weight 200.0000014610902


apr. 17, 2020 9:04:01 A.M. hvl.projectparmorel.modelrepair.QModelFixer handleEpisode
INFO: EPISODE 19, STEP 1, Fixing error 38: The default value literal '1' must be a valid literal of the attribute's type
apr. 17, 2020 9:04:01 A.M. hvl.projectparmorel.modelrepair.QModelFixer chooseAction
INFO: Choosing optimal action
apr. 17, 2020 9:04:01 A.M. hvl.projectparmorel.modelrepair.QModelFixer handleStep
INFO: Chose action setEType in context 0 with weight 100.0
apr. 17, 2020 9:04:01 A.M. hvl.projectparmorel.modelrepair.QModelFixer handleStep
INFO: Calculating new Q-value:
Old Q-value: 100.0
Alpha: 0.25583333333333336

Reward: 100
100.0 + 0.25583333333333336 * (100 - 100.0) = 100.0
apr. 17, 2020 9:04:01 A.M. hvl.projectparmorel.modelrepair.QModelFixer handleStep
INFO: Updated Q-table for error 38, context 0, action 591449609 setEType to new weight 100.0
apr. 17, 2020 9:04:01 A.M. hvl.projectparmorel.modelrepair.QModelFixer isUnique
INFO: Solution [ErrorAction [Error: 40 The typed element must have a type, Action: setEType, Error hierarchy: 0]
, ErrorAction [Error: 38 The default value literal '1' must be a valid literal of the attribute's type, Action: setEType, Error hierarchy: 0]
] already exists.
apr. 17, 2020 9:04:01 A.M. hvl.projectparmorel.modelrepair.QModelFixer handleEpisode
INFO: Solution discarded.
apr. 17, 2020 9:04:01 A.M. hvl.projectparmorel.modelrepair.QModelFixer handleEpisode
INFO: EPISODE 19 TOTAL REWARD 200



apr. 17, 2020 9:04:01 A.M. hvl.projectparmorel.modelrepair.QModelFixer handleEpisode
INFO: EPISODE 20, STEP 0, Fixing error 40: The typed element must have a type
apr. 17, 2020 9:04:01 A.M. hvl.projectparmorel.modelrepair.QModelFixer chooseAction
INFO: Choosing random action.
apr. 17, 2020 9:04:01 A.M. hvl.projectparmorel.modelrepair.QModelFixer handleStep
INFO: Chose action delete in context 0 with weight -897.5724148324066
apr. 17, 2020 9:04:01 A.M. hvl.projectparmorel.modelrepair.QModelFixer handleStep
INFO: Next error code: 38
apr. 17, 2020 9:04:01 A.M. hvl.projectparmorel.modelrepair.QModelFixer handleStep
INFO: Calculating new Q-value:
Old Q-value: -897.5724148324066
Alpha: 0.21666666666666679
Gamma: 1.0
Reward: -1000
Next optimal action Q-value: 100.0
-897.5724148324066 + 0.21666666666666679 * (-1000 + 1.0 * 100.0 - -897.5724148324066) = -898.0983916187186
apr. 17, 2020 9:04:01 A.M. hvl.projectparmorel.modelrepair.QModelFixer handleStep
INFO: Updated Q-table for error 40, context 0, action 99999 delete to new weight -898.0983916187186


apr. 17, 2020 9:04:01 A.M. hvl.projectparmorel.modelrepair.QModelFixer handleEpisode
INFO: EPISODE 20, STEP 1, Fixing error 38: The default value literal '1' must be a valid literal of the attribute's type
apr. 17, 2020 9:04:01 A.M. hvl.projectparmorel.modelrepair.QModelFixer chooseAction
INFO: Choosing random action.
apr. 17, 2020 9:04:01 A.M. hvl.projectparmorel.modelrepair.QModelFixer handleStep
INFO: Chose action setEType in context 0 with weight 100.0
apr. 17, 2020 9:04:01 A.M. hvl.projectparmorel.modelrepair.QModelFixer handleStep
INFO: Calculating new Q-value:
Old Q-value: 100.0
Alpha: 0.21666666666666679

Reward: 100
100.0 + 0.21666666666666679 * (100 - 100.0) = 100.0
apr. 17, 2020 9:04:01 A.M. hvl.projectparmorel.modelrepair.QModelFixer handleStep
INFO: Updated Q-table for error 38, context 0, action 591449609 setEType to new weight 100.0
apr. 17, 2020 9:04:01 A.M. hvl.projectparmorel.modelrepair.QModelFixer isUnique
INFO: Solution [ErrorAction [Error: 40 The typed element must have a type, Action: delete, Error hierarchy: 0]
, ErrorAction [Error: 38 The default value literal '1' must be a valid literal of the attribute's type, Action: setEType, Error hierarchy: 0]
] already exists.
apr. 17, 2020 9:04:01 A.M. hvl.projectparmorel.modelrepair.QModelFixer handleEpisode
INFO: Solution discarded.
apr. 17, 2020 9:04:01 A.M. hvl.projectparmorel.modelrepair.QModelFixer handleEpisode
INFO: EPISODE 20 TOTAL REWARD -900



apr. 17, 2020 9:04:01 A.M. hvl.projectparmorel.modelrepair.QModelFixer handleEpisode
INFO: EPISODE 21, STEP 0, Fixing error 40: The typed element must have a type
apr. 17, 2020 9:04:01 A.M. hvl.projectparmorel.modelrepair.QModelFixer chooseAction
INFO: Choosing optimal action
apr. 17, 2020 9:04:01 A.M. hvl.projectparmorel.modelrepair.QModelFixer handleStep
INFO: Chose action setEType in context 0 with weight 200.0000014610902
apr. 17, 2020 9:04:01 A.M. hvl.projectparmorel.modelrepair.QModelFixer handleStep
INFO: Next error code: 38
apr. 17, 2020 9:04:01 A.M. hvl.projectparmorel.modelrepair.QModelFixer handleStep
INFO: Calculating new Q-value:
Old Q-value: 200.0000014610902
Alpha: 0.1775000000000001
Gamma: 1.0
Reward: 100
Next optimal action Q-value: 100.0
200.0000014610902 + 0.1775000000000001 * (100 + 1.0 * 100.0 - 200.0000014610902) = 200.00000120174667
apr. 17, 2020 9:04:01 A.M. hvl.projectparmorel.modelrepair.QModelFixer handleStep
INFO: Updated Q-table for error 40, context 0, action 591449609 setEType to new weight 200.00000120174667


apr. 17, 2020 9:04:01 A.M. hvl.projectparmorel.modelrepair.QModelFixer handleEpisode
INFO: EPISODE 21, STEP 1, Fixing error 38: The default value literal '1' must be a valid literal of the attribute's type
apr. 17, 2020 9:04:01 A.M. hvl.projectparmorel.modelrepair.QModelFixer chooseAction
INFO: Choosing optimal action
apr. 17, 2020 9:04:01 A.M. hvl.projectparmorel.modelrepair.QModelFixer handleStep
INFO: Chose action setEType in context 0 with weight 100.0
apr. 17, 2020 9:04:01 A.M. hvl.projectparmorel.modelrepair.QModelFixer handleStep
INFO: Calculating new Q-value:
Old Q-value: 100.0
Alpha: 0.1775000000000001

Reward: 100
100.0 + 0.1775000000000001 * (100 - 100.0) = 100.0
apr. 17, 2020 9:04:01 A.M. hvl.projectparmorel.modelrepair.QModelFixer handleStep
INFO: Updated Q-table for error 38, context 0, action 591449609 setEType to new weight 100.0
apr. 17, 2020 9:04:01 A.M. hvl.projectparmorel.modelrepair.QModelFixer isUnique
INFO: Solution [ErrorAction [Error: 40 The typed element must have a type, Action: setEType, Error hierarchy: 0]
, ErrorAction [Error: 38 The default value literal '1' must be a valid literal of the attribute's type, Action: setEType, Error hierarchy: 0]
] already exists.
apr. 17, 2020 9:04:01 A.M. hvl.projectparmorel.modelrepair.QModelFixer handleEpisode
INFO: Solution discarded.
apr. 17, 2020 9:04:01 A.M. hvl.projectparmorel.modelrepair.QModelFixer handleEpisode
INFO: EPISODE 21 TOTAL REWARD 200



apr. 17, 2020 9:04:01 A.M. hvl.projectparmorel.modelrepair.QModelFixer handleEpisode
INFO: EPISODE 22, STEP 0, Fixing error 40: The typed element must have a type
apr. 17, 2020 9:04:01 A.M. hvl.projectparmorel.modelrepair.QModelFixer chooseAction
INFO: Choosing optimal action
apr. 17, 2020 9:04:01 A.M. hvl.projectparmorel.modelrepair.QModelFixer handleStep
INFO: Chose action setEType in context 0 with weight 200.00000120174667
apr. 17, 2020 9:04:01 A.M. hvl.projectparmorel.modelrepair.QModelFixer handleStep
INFO: Next error code: 38
apr. 17, 2020 9:04:01 A.M. hvl.projectparmorel.modelrepair.QModelFixer handleStep
INFO: Calculating new Q-value:
Old Q-value: 200.00000120174667
Alpha: 0.1383333333333333
Gamma: 1.0
Reward: 100
Next optimal action Q-value: 100.0
200.00000120174667 + 0.1383333333333333 * (100 + 1.0 * 100.0 - 200.00000120174667) = 200.00000103550505
apr. 17, 2020 9:04:01 A.M. hvl.projectparmorel.modelrepair.QModelFixer handleStep
INFO: Updated Q-table for error 40, context 0, action 591449609 setEType to new weight 200.00000103550505


apr. 17, 2020 9:04:01 A.M. hvl.projectparmorel.modelrepair.QModelFixer handleEpisode
INFO: EPISODE 22, STEP 1, Fixing error 38: The default value literal '1' must be a valid literal of the attribute's type
apr. 17, 2020 9:04:01 A.M. hvl.projectparmorel.modelrepair.QModelFixer chooseAction
INFO: Choosing optimal action
apr. 17, 2020 9:04:01 A.M. hvl.projectparmorel.modelrepair.QModelFixer handleStep
INFO: Chose action setEType in context 0 with weight 100.0
apr. 17, 2020 9:04:01 A.M. hvl.projectparmorel.modelrepair.QModelFixer handleStep
INFO: Calculating new Q-value:
Old Q-value: 100.0
Alpha: 0.1383333333333333

Reward: 100
100.0 + 0.1383333333333333 * (100 - 100.0) = 100.0
apr. 17, 2020 9:04:01 A.M. hvl.projectparmorel.modelrepair.QModelFixer handleStep
INFO: Updated Q-table for error 38, context 0, action 591449609 setEType to new weight 100.0
apr. 17, 2020 9:04:01 A.M. hvl.projectparmorel.modelrepair.QModelFixer isUnique
INFO: Solution [ErrorAction [Error: 40 The typed element must have a type, Action: setEType, Error hierarchy: 0]
, ErrorAction [Error: 38 The default value literal '1' must be a valid literal of the attribute's type, Action: setEType, Error hierarchy: 0]
] already exists.
apr. 17, 2020 9:04:01 A.M. hvl.projectparmorel.modelrepair.QModelFixer handleEpisode
INFO: Solution discarded.
apr. 17, 2020 9:04:01 A.M. hvl.projectparmorel.modelrepair.QModelFixer handleEpisode
INFO: EPISODE 22 TOTAL REWARD 200



apr. 17, 2020 9:04:01 A.M. hvl.projectparmorel.modelrepair.QModelFixer handleEpisode
INFO: EPISODE 23, STEP 0, Fixing error 40: The typed element must have a type
apr. 17, 2020 9:04:01 A.M. hvl.projectparmorel.modelrepair.QModelFixer chooseAction
INFO: Choosing optimal action
apr. 17, 2020 9:04:01 A.M. hvl.projectparmorel.modelrepair.QModelFixer handleStep
INFO: Chose action setEType in context 0 with weight 200.00000103550505
apr. 17, 2020 9:04:01 A.M. hvl.projectparmorel.modelrepair.QModelFixer handleStep
INFO: Next error code: 38
apr. 17, 2020 9:04:01 A.M. hvl.projectparmorel.modelrepair.QModelFixer handleStep
INFO: Calculating new Q-value:
Old Q-value: 200.00000103550505
Alpha: 0.09916666666666674
Gamma: 1.0
Reward: 100
Next optimal action Q-value: 100.0
200.00000103550505 + 0.09916666666666674 * (100 + 1.0 * 100.0 - 200.00000103550505) = 200.00000093281747
apr. 17, 2020 9:04:01 A.M. hvl.projectparmorel.modelrepair.QModelFixer handleStep
INFO: Updated Q-table for error 40, context 0, action 591449609 setEType to new weight 200.00000093281747


apr. 17, 2020 9:04:01 A.M. hvl.projectparmorel.modelrepair.QModelFixer handleEpisode
INFO: EPISODE 23, STEP 1, Fixing error 38: The default value literal '1' must be a valid literal of the attribute's type
apr. 17, 2020 9:04:01 A.M. hvl.projectparmorel.modelrepair.QModelFixer chooseAction
INFO: Choosing optimal action
apr. 17, 2020 9:04:01 A.M. hvl.projectparmorel.modelrepair.QModelFixer handleStep
INFO: Chose action setEType in context 0 with weight 100.0
apr. 17, 2020 9:04:01 A.M. hvl.projectparmorel.modelrepair.QModelFixer handleStep
INFO: Calculating new Q-value:
Old Q-value: 100.0
Alpha: 0.09916666666666674

Reward: 100
100.0 + 0.09916666666666674 * (100 - 100.0) = 100.0
apr. 17, 2020 9:04:01 A.M. hvl.projectparmorel.modelrepair.QModelFixer handleStep
INFO: Updated Q-table for error 38, context 0, action 591449609 setEType to new weight 100.0
apr. 17, 2020 9:04:01 A.M. hvl.projectparmorel.modelrepair.QModelFixer isUnique
INFO: Solution [ErrorAction [Error: 40 The typed element must have a type, Action: setEType, Error hierarchy: 0]
, ErrorAction [Error: 38 The default value literal '1' must be a valid literal of the attribute's type, Action: setEType, Error hierarchy: 0]
] already exists.
apr. 17, 2020 9:04:01 A.M. hvl.projectparmorel.modelrepair.QModelFixer handleEpisode
INFO: Solution discarded.
apr. 17, 2020 9:04:01 A.M. hvl.projectparmorel.modelrepair.QModelFixer handleEpisode
INFO: EPISODE 23 TOTAL REWARD 200



apr. 17, 2020 9:04:01 A.M. hvl.projectparmorel.modelrepair.QModelFixer handleEpisode
INFO: EPISODE 24, STEP 0, Fixing error 40: The typed element must have a type
apr. 17, 2020 9:04:01 A.M. hvl.projectparmorel.modelrepair.QModelFixer chooseAction
INFO: Choosing optimal action
apr. 17, 2020 9:04:01 A.M. hvl.projectparmorel.modelrepair.QModelFixer handleStep
INFO: Chose action setEType in context 0 with weight 200.00000093281747
apr. 17, 2020 9:04:01 A.M. hvl.projectparmorel.modelrepair.QModelFixer handleStep
INFO: Next error code: 38
apr. 17, 2020 9:04:01 A.M. hvl.projectparmorel.modelrepair.QModelFixer handleStep
INFO: Calculating new Q-value:
Old Q-value: 200.00000093281747
Alpha: 0.06000000000000005
Gamma: 1.0
Reward: 100
Next optimal action Q-value: 100.0
200.00000093281747 + 0.06000000000000005 * (100 + 1.0 * 100.0 - 200.00000093281747) = 200.00000087684842
apr. 17, 2020 9:04:01 A.M. hvl.projectparmorel.modelrepair.QModelFixer handleStep
INFO: Updated Q-table for error 40, context 0, action 591449609 setEType to new weight 200.00000087684842


apr. 17, 2020 9:04:01 A.M. hvl.projectparmorel.modelrepair.QModelFixer handleEpisode
INFO: EPISODE 24, STEP 1, Fixing error 38: The default value literal '1' must be a valid literal of the attribute's type
apr. 17, 2020 9:04:01 A.M. hvl.projectparmorel.modelrepair.QModelFixer chooseAction
INFO: Choosing optimal action
apr. 17, 2020 9:04:01 A.M. hvl.projectparmorel.modelrepair.QModelFixer handleStep
INFO: Chose action setEType in context 0 with weight 100.0
apr. 17, 2020 9:04:01 A.M. hvl.projectparmorel.modelrepair.QModelFixer handleStep
INFO: Calculating new Q-value:
Old Q-value: 100.0
Alpha: 0.06000000000000005

Reward: 100
100.0 + 0.06000000000000005 * (100 - 100.0) = 100.0
apr. 17, 2020 9:04:01 A.M. hvl.projectparmorel.modelrepair.QModelFixer handleStep
INFO: Updated Q-table for error 38, context 0, action 591449609 setEType to new weight 100.0
apr. 17, 2020 9:04:01 A.M. hvl.projectparmorel.modelrepair.QModelFixer isUnique
INFO: Solution [ErrorAction [Error: 40 The typed element must have a type, Action: setEType, Error hierarchy: 0]
, ErrorAction [Error: 38 The default value literal '1' must be a valid literal of the attribute's type, Action: setEType, Error hierarchy: 0]
] already exists.
apr. 17, 2020 9:04:01 A.M. hvl.projectparmorel.modelrepair.QModelFixer handleEpisode
INFO: Solution discarded.
apr. 17, 2020 9:04:01 A.M. hvl.projectparmorel.modelrepair.QModelFixer handleEpisode
INFO: EPISODE 24 TOTAL REWARD 200



apr. 17, 2020 9:04:01 A.M. hvl.projectparmorel.modelrepair.QModelFixer fixModel
INFO: Time repairing model: 291 ms
apr. 17, 2020 9:04:01 A.M. hvl.projectparmorel.modelrepair.QModelFixer fixModel
INFO: 
-----------------ALL SEQUENCES FOUND-------------------
SIZE: 1
DISCARDED SEQUENCES: 24
--------::::B E S T   S E Q U E N C E   I S::::---------
Sequence [id=0, seq=[ErrorAction [Error: 40 The typed element must have a type, Action: setEType, Error hierarchy: 0]
, ErrorAction [Error: 38 The default value literal '1' must be a valid literal of the attribute's type, Action: setEType, Error hierarchy: 0]
], weight=200.0]

 with 2 actions.
apr. 17, 2020 9:04:01 A.M. hvl.projectparmorel.knowledge.Knowledge save
INFO: Saving initialized
apr. 17, 2020 9:04:01 A.M. hvl.projectparmorel.knowledge.Knowledge save
INFO: document prepared
apr. 17, 2020 9:04:01 A.M. hvl.projectparmorel.knowledge.Knowledge save
INFO: Saving completed to /Users/Magnus/Skole/DAT300/EclipseWorkspace2/ParmorelRunnable/knowledge.xml
apr. 17, 2020 9:04:01 A.M. hvl.projectparmorel.knowledge.Knowledge save
INFO: Saving initialized
apr. 17, 2020 9:04:01 A.M. hvl.projectparmorel.knowledge.Knowledge save
INFO: document prepared
apr. 17, 2020 9:04:01 A.M. hvl.projectparmorel.knowledge.Knowledge save
INFO: Saving completed to /Users/Magnus/Skole/DAT300/EclipseWorkspace2/ParmorelRunnable/knowledge.xml
