mai 08, 2020 6:00:02 A.M. no.hvl.projectparmorel.qlearning.QModelFixer fixModel
INFO: Repairing XBNF.ecore
mai 08, 2020 6:00:02 A.M. no.hvl.projectparmorel.qlearning.QModelFixer fixModel
INFO: Running with preferences [PREFER_CLOSE_DISTANCE_TO_ORIGINAL, PREFER_REUSE]
mai 08, 2020 6:00:02 A.M. no.hvl.projectparmorel.qlearning.QModelFixer fixModel
INFO: Initial number of errors in model: 2
Maximum number of steps per episode: 12
Errors to fix: [Error 50, message=A containment or bidirectional reference must be unique if its upper bound is different from 1 in package 0
, Error 50, message=A containment or bidirectional reference must be unique if its upper bound is different from 1 in package 0
]
mai 08, 2020 6:00:02 A.M. no.hvl.projectparmorel.qlearning.QModelFixer fixModel
INFO: Initializing Q-table for the errors.
mai 08, 2020 6:00:02 A.M. no.hvl.projectparmorel.qlearning.QModelFixer fixModel
INFO: Number of episodes: 25
mai 08, 2020 6:00:02 A.M. no.hvl.projectparmorel.qlearning.QModelFixer handleEpisode
INFO: EPISODE 0, STEP 0, Fixing error 50: A containment or bidirectional reference must be unique if its upper bound is different from 1
mai 08, 2020 6:00:02 A.M. no.hvl.projectparmorel.qlearning.QModelFixer chooseAction
INFO: Choosing optimal action
mai 08, 2020 6:00:02 A.M. no.hvl.projectparmorel.qlearning.QModelFixer handleStep
INFO: Chose action setContainmentGen in context 0 with weight 300.0
mai 08, 2020 6:00:02 A.M. no.hvl.projectparmorel.qlearning.QModelFixer handleStep
INFO: Next error code: 50
mai 08, 2020 6:00:02 A.M. no.hvl.projectparmorel.qlearning.QModelFixer handleStep
INFO: Calculating new Q-value:
Old Q-value: 300.0
Alpha: 1.0
Gamma: 1.0
Reward: -2
Next optimal action Q-value: 300.0
300.0 + 1.0 * (-2 + 1.0 * 300.0 - 300.0) = 298.0
mai 08, 2020 6:00:02 A.M. no.hvl.projectparmorel.qlearning.QModelFixer handleStep
INFO: Updated Q-table for error 50, context 0, action 1062131977 setContainmentGen to new weight 298.0


mai 08, 2020 6:00:02 A.M. no.hvl.projectparmorel.qlearning.QModelFixer handleEpisode
INFO: EPISODE 0, STEP 1, Fixing error 50: A containment or bidirectional reference must be unique if its upper bound is different from 1
mai 08, 2020 6:00:02 A.M. no.hvl.projectparmorel.qlearning.QModelFixer chooseAction
INFO: Choosing optimal action
mai 08, 2020 6:00:02 A.M. no.hvl.projectparmorel.qlearning.QModelFixer handleStep
INFO: Chose action setContainment in context 0 with weight 300.0
mai 08, 2020 6:00:02 A.M. no.hvl.projectparmorel.qlearning.QModelFixer updateQTable
INFO: Calculating new Q-value:
Old Q-value: 300.0
Alpha: 1.0
Gamma:1.0

Reward: -2
300.0 + 1.0 * (-2 + 1.0 - 300.0) = -1.0
mai 08, 2020 6:00:02 A.M. no.hvl.projectparmorel.qlearning.QModelFixer updateQTable
INFO: Updated Q-table for error 50, context 0, action 951444921 to new weight -1.0
mai 08, 2020 6:00:02 A.M. no.hvl.projectparmorel.qlearning.ecore.EcoreSolution calculateDistanceFromOriginal
INFO: Calculated the distance between the models to 92.0
mai 08, 2020 6:00:02 A.M. no.hvl.projectparmorel.qlearning.reward.PreferCloseDinstanceToOriginalPreference rewardcalculateRewardFor
INFO: Time to measure distance: 64 ms
mai 08, 2020 6:00:02 A.M. no.hvl.projectparmorel.qlearning.QModelFixer updateQTable
INFO: Calculating new Q-value:
Old Q-value: 298.0
Alpha: 1.0
Gamma:1.0

Reward: 92
298.0 + 1.0 * (92 + 1.0 - 298.0) = 93.0
mai 08, 2020 6:00:02 A.M. no.hvl.projectparmorel.qlearning.QModelFixer updateQTable
INFO: Updated Q-table for error 50, context 0, action 1062131977 to new weight 93.0
mai 08, 2020 6:00:02 A.M. no.hvl.projectparmorel.qlearning.QModelFixer updateQTable
INFO: Calculating new Q-value:
Old Q-value: -1.0
Alpha: 1.0
Gamma:1.0

Reward: 92
-1.0 + 1.0 * (92 + 1.0 - -1.0) = 93.0
mai 08, 2020 6:00:02 A.M. no.hvl.projectparmorel.qlearning.QModelFixer updateQTable
INFO: Updated Q-table for error 50, context 0, action 951444921 to new weight 93.0
mai 08, 2020 6:00:04 A.M. no.hvl.projectparmorel.qlearning.reward.PreferReuse rewardcalculateRewardFor
INFO: Reuse of the metamodel: 0.7083333
Time to get metric: 1938 ms
mai 08, 2020 6:00:04 A.M. no.hvl.projectparmorel.qlearning.QModelFixer fixModel
INFO: Solution added to possible solitons: [ErrorAction [Error: 50 A containment or bidirectional reference must be unique if its upper bound is different from 1, Action: setContainmentGen, Error hierarchy: 0]
, ErrorAction [Error: 50 A containment or bidirectional reference must be unique if its upper bound is different from 1, Action: setContainment, Error hierarchy: 0]
]
mai 08, 2020 6:00:04 A.M. no.hvl.projectparmorel.qlearning.QModelFixer fixModel
INFO: EPISODE 0 TOTAL REWARD 181.0



mai 08, 2020 6:00:04 A.M. no.hvl.projectparmorel.qlearning.QModelFixer handleEpisode
INFO: EPISODE 1, STEP 0, Fixing error 50: A containment or bidirectional reference must be unique if its upper bound is different from 1
mai 08, 2020 6:00:04 A.M. no.hvl.projectparmorel.qlearning.QModelFixer chooseAction
INFO: Choosing optimal action
mai 08, 2020 6:00:04 A.M. no.hvl.projectparmorel.qlearning.QModelFixer handleStep
INFO: Chose action setContainmentGen in context 0 with weight 0.7083333
mai 08, 2020 6:00:04 A.M. no.hvl.projectparmorel.qlearning.QModelFixer handleStep
INFO: Next error code: 50
mai 08, 2020 6:00:04 A.M. no.hvl.projectparmorel.qlearning.QModelFixer handleStep
INFO: Calculating new Q-value:
Old Q-value: 0.7083333
Alpha: 1.0
Gamma: 1.0
Reward: -2
Next optimal action Q-value: 0.7083333
0.7083333 + 1.0 * (-2 + 1.0 * 0.7083333 - 0.7083333) = -1.2916667
mai 08, 2020 6:00:04 A.M. no.hvl.projectparmorel.qlearning.QModelFixer handleStep
INFO: Updated Q-table for error 50, context 0, action 1062131977 setContainmentGen to new weight -1.2916667


mai 08, 2020 6:00:04 A.M. no.hvl.projectparmorel.qlearning.QModelFixer handleEpisode
INFO: EPISODE 1, STEP 1, Fixing error 50: A containment or bidirectional reference must be unique if its upper bound is different from 1
mai 08, 2020 6:00:04 A.M. no.hvl.projectparmorel.qlearning.QModelFixer chooseAction
INFO: Choosing random action.
mai 08, 2020 6:00:04 A.M. no.hvl.projectparmorel.qlearning.QModelFixer handleStep
INFO: Chose action delete in context 0 with weight 0.0
mai 08, 2020 6:00:07 A.M. no.hvl.projectparmorel.qlearning.QModelFixer updateQTable
INFO: Calculating new Q-value:
Old Q-value: 0.0
Alpha: 1.0
Gamma:1.0

Reward: -2
0.0 + 1.0 * (-2 + 1.0 - 0.0) = -1.0
mai 08, 2020 6:00:07 A.M. no.hvl.projectparmorel.qlearning.QModelFixer updateQTable
INFO: Updated Q-table for error 50, context 0, action 99999 to new weight -1.0
mai 08, 2020 6:00:07 A.M. no.hvl.projectparmorel.qlearning.ecore.EcoreSolution calculateDistanceFromOriginal
INFO: Calculated the distance between the models to 92.0
mai 08, 2020 6:00:07 A.M. no.hvl.projectparmorel.qlearning.reward.PreferCloseDinstanceToOriginalPreference rewardcalculateRewardFor
INFO: Time to measure distance: 25 ms
mai 08, 2020 6:00:07 A.M. no.hvl.projectparmorel.qlearning.QModelFixer updateQTable
INFO: Calculating new Q-value:
Old Q-value: -1.2916667
Alpha: 1.0
Gamma:1.0

Reward: 92
-1.2916667 + 1.0 * (92 + 1.0 - -1.2916667) = 93.0
mai 08, 2020 6:00:07 A.M. no.hvl.projectparmorel.qlearning.QModelFixer updateQTable
INFO: Updated Q-table for error 50, context 0, action 1062131977 to new weight 93.0
mai 08, 2020 6:00:07 A.M. no.hvl.projectparmorel.qlearning.QModelFixer updateQTable
INFO: Calculating new Q-value:
Old Q-value: -1.0
Alpha: 1.0
Gamma:1.0

Reward: 92
-1.0 + 1.0 * (92 + 1.0 - -1.0) = 93.0
mai 08, 2020 6:00:07 A.M. no.hvl.projectparmorel.qlearning.QModelFixer updateQTable
INFO: Updated Q-table for error 50, context 0, action 99999 to new weight 93.0
mai 08, 2020 6:00:09 A.M. no.hvl.projectparmorel.qlearning.reward.PreferReuse rewardcalculateRewardFor
INFO: Reuse of the metamodel: 0.7157895
Time to get metric: 1425 ms
mai 08, 2020 6:00:09 A.M. no.hvl.projectparmorel.qlearning.QModelFixer fixModel
INFO: Solution added to possible solitons: [ErrorAction [Error: 50 A containment or bidirectional reference must be unique if its upper bound is different from 1, Action: setContainmentGen, Error hierarchy: 0]
, ErrorAction [Error: 50 A containment or bidirectional reference must be unique if its upper bound is different from 1, Action: delete, Error hierarchy: 0]
]
mai 08, 2020 6:00:09 A.M. no.hvl.projectparmorel.qlearning.QModelFixer fixModel
INFO: EPISODE 1 TOTAL REWARD 181.0



mai 08, 2020 6:00:09 A.M. no.hvl.projectparmorel.qlearning.QModelFixer handleEpisode
INFO: EPISODE 2, STEP 0, Fixing error 50: A containment or bidirectional reference must be unique if its upper bound is different from 1
mai 08, 2020 6:00:09 A.M. no.hvl.projectparmorel.qlearning.QModelFixer chooseAction
INFO: Choosing random action.
mai 08, 2020 6:00:09 A.M. no.hvl.projectparmorel.qlearning.QModelFixer handleStep
INFO: Chose action setUpperBound in context 0 with weight 0.0
mai 08, 2020 6:00:09 A.M. no.hvl.projectparmorel.qlearning.QModelFixer handleStep
INFO: Next error code: 50
mai 08, 2020 6:00:09 A.M. no.hvl.projectparmorel.qlearning.QModelFixer handleStep
INFO: Calculating new Q-value:
Old Q-value: 0.0
Alpha: 1.0
Gamma: 1.0
Reward: -2
Next optimal action Q-value: 0.7157895
0.0 + 1.0 * (-2 + 1.0 * 0.7157895 - 0.0) = -1.2842105
mai 08, 2020 6:00:09 A.M. no.hvl.projectparmorel.qlearning.QModelFixer handleStep
INFO: Updated Q-table for error 50, context 0, action -969028598 setUpperBound to new weight -1.2842105


mai 08, 2020 6:00:09 A.M. no.hvl.projectparmorel.qlearning.QModelFixer handleEpisode
INFO: EPISODE 2, STEP 1, Fixing error 50: A containment or bidirectional reference must be unique if its upper bound is different from 1
mai 08, 2020 6:00:09 A.M. no.hvl.projectparmorel.qlearning.QModelFixer chooseAction
INFO: Choosing optimal action
mai 08, 2020 6:00:09 A.M. no.hvl.projectparmorel.qlearning.QModelFixer handleStep
INFO: Chose action setContainmentGen in context 0 with weight 0.7157895
mai 08, 2020 6:00:09 A.M. no.hvl.projectparmorel.qlearning.QModelFixer updateQTable
INFO: Calculating new Q-value:
Old Q-value: 0.7157895
Alpha: 1.0
Gamma:1.0

Reward: -2
0.7157895 + 1.0 * (-2 + 1.0 - 0.7157895) = -1.0
mai 08, 2020 6:00:09 A.M. no.hvl.projectparmorel.qlearning.QModelFixer updateQTable
INFO: Updated Q-table for error 50, context 0, action 1062131977 to new weight -1.0
mai 08, 2020 6:00:09 A.M. no.hvl.projectparmorel.qlearning.ecore.EcoreSolution calculateDistanceFromOriginal
INFO: Calculated the distance between the models to 92.0
mai 08, 2020 6:00:09 A.M. no.hvl.projectparmorel.qlearning.reward.PreferCloseDinstanceToOriginalPreference rewardcalculateRewardFor
INFO: Time to measure distance: 38 ms
mai 08, 2020 6:00:09 A.M. no.hvl.projectparmorel.qlearning.QModelFixer updateQTable
INFO: Calculating new Q-value:
Old Q-value: -1.2842105
Alpha: 1.0
Gamma:1.0

Reward: 92
-1.2842105 + 1.0 * (92 + 1.0 - -1.2842105) = 93.0
mai 08, 2020 6:00:09 A.M. no.hvl.projectparmorel.qlearning.QModelFixer updateQTable
INFO: Updated Q-table for error 50, context 0, action -969028598 to new weight 93.0
mai 08, 2020 6:00:09 A.M. no.hvl.projectparmorel.qlearning.QModelFixer updateQTable
INFO: Calculating new Q-value:
Old Q-value: -1.0
Alpha: 1.0
Gamma:1.0

Reward: 92
-1.0 + 1.0 * (92 + 1.0 - -1.0) = 93.0
mai 08, 2020 6:00:09 A.M. no.hvl.projectparmorel.qlearning.QModelFixer updateQTable
INFO: Updated Q-table for error 50, context 0, action 1062131977 to new weight 93.0
mai 08, 2020 6:00:10 A.M. no.hvl.projectparmorel.qlearning.reward.PreferReuse rewardcalculateRewardFor
INFO: Reuse of the metamodel: 0.7083333
Time to get metric: 1479 ms
mai 08, 2020 6:00:10 A.M. no.hvl.projectparmorel.qlearning.QModelFixer fixModel
INFO: Solution added to possible solitons: [ErrorAction [Error: 50 A containment or bidirectional reference must be unique if its upper bound is different from 1, Action: setUpperBound, Error hierarchy: 0]
, ErrorAction [Error: 50 A containment or bidirectional reference must be unique if its upper bound is different from 1, Action: setContainmentGen, Error hierarchy: 0]
]
mai 08, 2020 6:00:10 A.M. no.hvl.projectparmorel.qlearning.QModelFixer fixModel
INFO: EPISODE 2 TOTAL REWARD 181.0



mai 08, 2020 6:00:10 A.M. no.hvl.projectparmorel.qlearning.QModelFixer handleEpisode
INFO: EPISODE 3, STEP 0, Fixing error 50: A containment or bidirectional reference must be unique if its upper bound is different from 1
mai 08, 2020 6:00:10 A.M. no.hvl.projectparmorel.qlearning.QModelFixer chooseAction
INFO: Choosing optimal action
mai 08, 2020 6:00:10 A.M. no.hvl.projectparmorel.qlearning.QModelFixer handleStep
INFO: Chose action delete in context 0 with weight 0.7157895
mai 08, 2020 6:00:13 A.M. no.hvl.projectparmorel.qlearning.QModelFixer handleStep
INFO: Next error code: 50
mai 08, 2020 6:00:13 A.M. no.hvl.projectparmorel.qlearning.QModelFixer handleStep
INFO: Calculating new Q-value:
Old Q-value: 0.7157895
Alpha: 1.0
Gamma: 1.0
Reward: -2
Next optimal action Q-value: 0.7157895
0.7157895 + 1.0 * (-2 + 1.0 * 0.7157895 - 0.7157895) = -1.2842105
mai 08, 2020 6:00:13 A.M. no.hvl.projectparmorel.qlearning.QModelFixer handleStep
INFO: Updated Q-table for error 50, context 0, action 99999 delete to new weight -1.2842105


mai 08, 2020 6:00:13 A.M. no.hvl.projectparmorel.qlearning.QModelFixer handleEpisode
INFO: EPISODE 3, STEP 1, Fixing error 50: A containment or bidirectional reference must be unique if its upper bound is different from 1
mai 08, 2020 6:00:13 A.M. no.hvl.projectparmorel.qlearning.QModelFixer chooseAction
INFO: Choosing random action.
mai 08, 2020 6:00:13 A.M. no.hvl.projectparmorel.qlearning.QModelFixer handleStep
INFO: Chose action delete in context 0 with weight -1.2842105
mai 08, 2020 6:00:16 A.M. no.hvl.projectparmorel.qlearning.QModelFixer updateQTable
INFO: Calculating new Q-value:
Old Q-value: -1.2842105
Alpha: 1.0
Gamma:1.0

Reward: -2
-1.2842105 + 1.0 * (-2 + 1.0 - -1.2842105) = -1.0
mai 08, 2020 6:00:16 A.M. no.hvl.projectparmorel.qlearning.QModelFixer updateQTable
INFO: Updated Q-table for error 50, context 0, action 99999 to new weight -1.0
mai 08, 2020 6:00:16 A.M. no.hvl.projectparmorel.qlearning.ecore.EcoreSolution calculateDistanceFromOriginal
INFO: Calculated the distance between the models to 92.0
mai 08, 2020 6:00:16 A.M. no.hvl.projectparmorel.qlearning.reward.PreferCloseDinstanceToOriginalPreference rewardcalculateRewardFor
INFO: Time to measure distance: 33 ms
mai 08, 2020 6:00:16 A.M. no.hvl.projectparmorel.qlearning.QModelFixer updateQTable
INFO: Calculating new Q-value:
Old Q-value: -1.0
Alpha: 1.0
Gamma:1.0

Reward: 92
-1.0 + 1.0 * (92 + 1.0 - -1.0) = 93.0
mai 08, 2020 6:00:16 A.M. no.hvl.projectparmorel.qlearning.QModelFixer updateQTable
INFO: Updated Q-table for error 50, context 0, action 99999 to new weight 93.0
mai 08, 2020 6:00:16 A.M. no.hvl.projectparmorel.qlearning.QModelFixer updateQTable
INFO: Calculating new Q-value:
Old Q-value: 93.0
Alpha: 1.0
Gamma:1.0

Reward: 92
93.0 + 1.0 * (92 + 1.0 - 93.0) = 93.0
mai 08, 2020 6:00:16 A.M. no.hvl.projectparmorel.qlearning.QModelFixer updateQTable
INFO: Updated Q-table for error 50, context 0, action 99999 to new weight 93.0
mai 08, 2020 6:00:17 A.M. no.hvl.projectparmorel.qlearning.reward.PreferReuse rewardcalculateRewardFor
INFO: Reuse of the metamodel: 0.7234042
Time to get metric: 1310 ms
mai 08, 2020 6:00:17 A.M. no.hvl.projectparmorel.qlearning.QModelFixer fixModel
INFO: Solution added to possible solitons: [ErrorAction [Error: 50 A containment or bidirectional reference must be unique if its upper bound is different from 1, Action: delete, Error hierarchy: 0]
, ErrorAction [Error: 50 A containment or bidirectional reference must be unique if its upper bound is different from 1, Action: delete, Error hierarchy: 0]
]
mai 08, 2020 6:00:17 A.M. no.hvl.projectparmorel.qlearning.QModelFixer fixModel
INFO: EPISODE 3 TOTAL REWARD 181.0



mai 08, 2020 6:00:17 A.M. no.hvl.projectparmorel.qlearning.QModelFixer handleEpisode
INFO: EPISODE 4, STEP 0, Fixing error 50: A containment or bidirectional reference must be unique if its upper bound is different from 1
mai 08, 2020 6:00:17 A.M. no.hvl.projectparmorel.qlearning.QModelFixer chooseAction
INFO: Choosing optimal action
mai 08, 2020 6:00:17 A.M. no.hvl.projectparmorel.qlearning.QModelFixer handleStep
INFO: Chose action delete in context 0 with weight 0.7234042
mai 08, 2020 6:00:20 A.M. no.hvl.projectparmorel.qlearning.QModelFixer handleStep
INFO: Next error code: 50
mai 08, 2020 6:00:20 A.M. no.hvl.projectparmorel.qlearning.QModelFixer handleStep
INFO: Calculating new Q-value:
Old Q-value: 0.7234042
Alpha: 1.0
Gamma: 1.0
Reward: -2
Next optimal action Q-value: 0.7234042
0.7234042 + 1.0 * (-2 + 1.0 * 0.7234042 - 0.7234042) = -1.2765958
mai 08, 2020 6:00:20 A.M. no.hvl.projectparmorel.qlearning.QModelFixer handleStep
INFO: Updated Q-table for error 50, context 0, action 99999 delete to new weight -1.2765958


mai 08, 2020 6:00:20 A.M. no.hvl.projectparmorel.qlearning.QModelFixer handleEpisode
INFO: EPISODE 4, STEP 1, Fixing error 50: A containment or bidirectional reference must be unique if its upper bound is different from 1
mai 08, 2020 6:00:20 A.M. no.hvl.projectparmorel.qlearning.QModelFixer chooseAction
INFO: Choosing optimal action
mai 08, 2020 6:00:20 A.M. no.hvl.projectparmorel.qlearning.QModelFixer handleStep
INFO: Chose action setContainmentGen in context 0 with weight 0.7083333
mai 08, 2020 6:00:20 A.M. no.hvl.projectparmorel.qlearning.QModelFixer updateQTable
INFO: Calculating new Q-value:
Old Q-value: 0.7083333
Alpha: 1.0
Gamma:1.0

Reward: -2
0.7083333 + 1.0 * (-2 + 1.0 - 0.7083333) = -1.0
mai 08, 2020 6:00:20 A.M. no.hvl.projectparmorel.qlearning.QModelFixer updateQTable
INFO: Updated Q-table for error 50, context 0, action 1062131977 to new weight -1.0
mai 08, 2020 6:00:20 A.M. no.hvl.projectparmorel.qlearning.ecore.EcoreSolution calculateDistanceFromOriginal
INFO: Calculated the distance between the models to 92.0
mai 08, 2020 6:00:20 A.M. no.hvl.projectparmorel.qlearning.reward.PreferCloseDinstanceToOriginalPreference rewardcalculateRewardFor
INFO: Time to measure distance: 25 ms
mai 08, 2020 6:00:20 A.M. no.hvl.projectparmorel.qlearning.QModelFixer updateQTable
INFO: Calculating new Q-value:
Old Q-value: -1.2765958
Alpha: 1.0
Gamma:1.0

Reward: 92
-1.2765958 + 1.0 * (92 + 1.0 - -1.2765958) = 93.0
mai 08, 2020 6:00:20 A.M. no.hvl.projectparmorel.qlearning.QModelFixer updateQTable
INFO: Updated Q-table for error 50, context 0, action 99999 to new weight 93.0
mai 08, 2020 6:00:20 A.M. no.hvl.projectparmorel.qlearning.QModelFixer updateQTable
INFO: Calculating new Q-value:
Old Q-value: -1.0
Alpha: 1.0
Gamma:1.0

Reward: 92
-1.0 + 1.0 * (92 + 1.0 - -1.0) = 93.0
mai 08, 2020 6:00:20 A.M. no.hvl.projectparmorel.qlearning.QModelFixer updateQTable
INFO: Updated Q-table for error 50, context 0, action 1062131977 to new weight 93.0
mai 08, 2020 6:00:21 A.M. no.hvl.projectparmorel.qlearning.reward.PreferReuse rewardcalculateRewardFor
INFO: Reuse of the metamodel: 0.7157895
Time to get metric: 1341 ms
mai 08, 2020 6:00:21 A.M. no.hvl.projectparmorel.qlearning.QModelFixer fixModel
INFO: Solution added to possible solitons: [ErrorAction [Error: 50 A containment or bidirectional reference must be unique if its upper bound is different from 1, Action: delete, Error hierarchy: 0]
, ErrorAction [Error: 50 A containment or bidirectional reference must be unique if its upper bound is different from 1, Action: setContainmentGen, Error hierarchy: 0]
]
mai 08, 2020 6:00:21 A.M. no.hvl.projectparmorel.qlearning.QModelFixer fixModel
INFO: EPISODE 4 TOTAL REWARD 181.0



mai 08, 2020 6:00:21 A.M. no.hvl.projectparmorel.qlearning.QModelFixer handleEpisode
INFO: EPISODE 5, STEP 0, Fixing error 50: A containment or bidirectional reference must be unique if its upper bound is different from 1
mai 08, 2020 6:00:21 A.M. no.hvl.projectparmorel.qlearning.QModelFixer chooseAction
INFO: Choosing random action.
mai 08, 2020 6:00:21 A.M. no.hvl.projectparmorel.qlearning.QModelFixer handleStep
INFO: Chose action delete in context 0 with weight 0.7157895
mai 08, 2020 6:00:24 A.M. no.hvl.projectparmorel.qlearning.QModelFixer handleStep
INFO: Next error code: 50
mai 08, 2020 6:00:24 A.M. no.hvl.projectparmorel.qlearning.QModelFixer handleStep
INFO: Calculating new Q-value:
Old Q-value: 0.7157895
Alpha: 1.0
Gamma: 1.0
Reward: -2
Next optimal action Q-value: 0.7157895
0.7157895 + 1.0 * (-2 + 1.0 * 0.7157895 - 0.7157895) = -1.2842105
mai 08, 2020 6:00:24 A.M. no.hvl.projectparmorel.qlearning.QModelFixer handleStep
INFO: Updated Q-table for error 50, context 0, action 99999 delete to new weight -1.2842105


mai 08, 2020 6:00:24 A.M. no.hvl.projectparmorel.qlearning.QModelFixer handleEpisode
INFO: EPISODE 5, STEP 1, Fixing error 50: A containment or bidirectional reference must be unique if its upper bound is different from 1
mai 08, 2020 6:00:24 A.M. no.hvl.projectparmorel.qlearning.QModelFixer chooseAction
INFO: Choosing optimal action
mai 08, 2020 6:00:24 A.M. no.hvl.projectparmorel.qlearning.QModelFixer handleStep
INFO: Chose action setContainmentGen in context 0 with weight 0.7157895
mai 08, 2020 6:00:24 A.M. no.hvl.projectparmorel.qlearning.QModelFixer updateQTable
INFO: Calculating new Q-value:
Old Q-value: 0.7157895
Alpha: 1.0
Gamma:1.0

Reward: -2
0.7157895 + 1.0 * (-2 + 1.0 - 0.7157895) = -1.0
mai 08, 2020 6:00:24 A.M. no.hvl.projectparmorel.qlearning.QModelFixer updateQTable
INFO: Updated Q-table for error 50, context 0, action 1062131977 to new weight -1.0
mai 08, 2020 6:00:24 A.M. no.hvl.projectparmorel.qlearning.ecore.EcoreSolution calculateDistanceFromOriginal
INFO: Calculated the distance between the models to 92.0
mai 08, 2020 6:00:24 A.M. no.hvl.projectparmorel.qlearning.reward.PreferCloseDinstanceToOriginalPreference rewardcalculateRewardFor
INFO: Time to measure distance: 24 ms
mai 08, 2020 6:00:24 A.M. no.hvl.projectparmorel.qlearning.QModelFixer updateQTable
INFO: Calculating new Q-value:
Old Q-value: -1.2842105
Alpha: 1.0
Gamma:1.0

Reward: 92
-1.2842105 + 1.0 * (92 + 1.0 - -1.2842105) = 93.0
mai 08, 2020 6:00:24 A.M. no.hvl.projectparmorel.qlearning.QModelFixer updateQTable
INFO: Updated Q-table for error 50, context 0, action 99999 to new weight 93.0
mai 08, 2020 6:00:24 A.M. no.hvl.projectparmorel.qlearning.QModelFixer updateQTable
INFO: Calculating new Q-value:
Old Q-value: -1.0
Alpha: 1.0
Gamma:1.0

Reward: 92
-1.0 + 1.0 * (92 + 1.0 - -1.0) = 93.0
mai 08, 2020 6:00:24 A.M. no.hvl.projectparmorel.qlearning.QModelFixer updateQTable
INFO: Updated Q-table for error 50, context 0, action 1062131977 to new weight 93.0
mai 08, 2020 6:00:26 A.M. no.hvl.projectparmorel.qlearning.reward.PreferReuse rewardcalculateRewardFor
INFO: Reuse of the metamodel: 0.7157895
Time to get metric: 1311 ms
mai 08, 2020 6:00:26 A.M. no.hvl.projectparmorel.qlearning.QModelFixer isUnique
INFO: Solution [ErrorAction [Error: 50 A containment or bidirectional reference must be unique if its upper bound is different from 1, Action: delete, Error hierarchy: 0]
, ErrorAction [Error: 50 A containment or bidirectional reference must be unique if its upper bound is different from 1, Action: setContainmentGen, Error hierarchy: 0]
] already exists.
mai 08, 2020 6:00:26 A.M. no.hvl.projectparmorel.qlearning.QModelFixer fixModel
INFO: Solution discarded.
mai 08, 2020 6:00:26 A.M. no.hvl.projectparmorel.qlearning.QModelFixer fixModel
INFO: EPISODE 5 TOTAL REWARD 181.0



mai 08, 2020 6:00:26 A.M. no.hvl.projectparmorel.qlearning.QModelFixer handleEpisode
INFO: EPISODE 6, STEP 0, Fixing error 50: A containment or bidirectional reference must be unique if its upper bound is different from 1
mai 08, 2020 6:00:26 A.M. no.hvl.projectparmorel.qlearning.QModelFixer chooseAction
INFO: Choosing optimal action
mai 08, 2020 6:00:26 A.M. no.hvl.projectparmorel.qlearning.QModelFixer handleStep
INFO: Chose action setContainmentGen in context 0 with weight 0.7157895
mai 08, 2020 6:00:26 A.M. no.hvl.projectparmorel.qlearning.QModelFixer handleStep
INFO: Next error code: 50
mai 08, 2020 6:00:26 A.M. no.hvl.projectparmorel.qlearning.QModelFixer handleStep
INFO: Calculating new Q-value:
Old Q-value: 0.7157895
Alpha: 1.0
Gamma: 1.0
Reward: -2
Next optimal action Q-value: 0.7157895
0.7157895 + 1.0 * (-2 + 1.0 * 0.7157895 - 0.7157895) = -1.2842105
mai 08, 2020 6:00:26 A.M. no.hvl.projectparmorel.qlearning.QModelFixer handleStep
INFO: Updated Q-table for error 50, context 0, action 1062131977 setContainmentGen to new weight -1.2842105


mai 08, 2020 6:00:26 A.M. no.hvl.projectparmorel.qlearning.QModelFixer handleEpisode
INFO: EPISODE 6, STEP 1, Fixing error 50: A containment or bidirectional reference must be unique if its upper bound is different from 1
mai 08, 2020 6:00:26 A.M. no.hvl.projectparmorel.qlearning.QModelFixer chooseAction
INFO: Choosing optimal action
mai 08, 2020 6:00:26 A.M. no.hvl.projectparmorel.qlearning.QModelFixer handleStep
INFO: Chose action delete in context 0 with weight 0.7157895
mai 08, 2020 6:00:28 A.M. no.hvl.projectparmorel.qlearning.QModelFixer updateQTable
INFO: Calculating new Q-value:
Old Q-value: 0.7157895
Alpha: 1.0
Gamma:1.0

Reward: -2
0.7157895 + 1.0 * (-2 + 1.0 - 0.7157895) = -1.0
mai 08, 2020 6:00:28 A.M. no.hvl.projectparmorel.qlearning.QModelFixer updateQTable
INFO: Updated Q-table for error 50, context 0, action 99999 to new weight -1.0
mai 08, 2020 6:00:28 A.M. no.hvl.projectparmorel.qlearning.ecore.EcoreSolution calculateDistanceFromOriginal
INFO: Calculated the distance between the models to 92.0
mai 08, 2020 6:00:28 A.M. no.hvl.projectparmorel.qlearning.reward.PreferCloseDinstanceToOriginalPreference rewardcalculateRewardFor
INFO: Time to measure distance: 24 ms
mai 08, 2020 6:00:28 A.M. no.hvl.projectparmorel.qlearning.QModelFixer updateQTable
INFO: Calculating new Q-value:
Old Q-value: -1.2842105
Alpha: 1.0
Gamma:1.0

Reward: 92
-1.2842105 + 1.0 * (92 + 1.0 - -1.2842105) = 93.0
mai 08, 2020 6:00:28 A.M. no.hvl.projectparmorel.qlearning.QModelFixer updateQTable
INFO: Updated Q-table for error 50, context 0, action 1062131977 to new weight 93.0
mai 08, 2020 6:00:28 A.M. no.hvl.projectparmorel.qlearning.QModelFixer updateQTable
INFO: Calculating new Q-value:
Old Q-value: -1.0
Alpha: 1.0
Gamma:1.0

Reward: 92
-1.0 + 1.0 * (92 + 1.0 - -1.0) = 93.0
mai 08, 2020 6:00:28 A.M. no.hvl.projectparmorel.qlearning.QModelFixer updateQTable
INFO: Updated Q-table for error 50, context 0, action 99999 to new weight 93.0
mai 08, 2020 6:00:30 A.M. no.hvl.projectparmorel.qlearning.reward.PreferReuse rewardcalculateRewardFor
INFO: Reuse of the metamodel: 0.7157895
Time to get metric: 1384 ms
mai 08, 2020 6:00:30 A.M. no.hvl.projectparmorel.qlearning.QModelFixer isUnique
INFO: Solution [ErrorAction [Error: 50 A containment or bidirectional reference must be unique if its upper bound is different from 1, Action: setContainmentGen, Error hierarchy: 0]
, ErrorAction [Error: 50 A containment or bidirectional reference must be unique if its upper bound is different from 1, Action: delete, Error hierarchy: 0]
] already exists.
mai 08, 2020 6:00:30 A.M. no.hvl.projectparmorel.qlearning.QModelFixer fixModel
INFO: Solution discarded.
mai 08, 2020 6:00:30 A.M. no.hvl.projectparmorel.qlearning.QModelFixer fixModel
INFO: EPISODE 6 TOTAL REWARD 181.0



mai 08, 2020 6:00:30 A.M. no.hvl.projectparmorel.qlearning.QModelFixer handleEpisode
INFO: EPISODE 7, STEP 0, Fixing error 50: A containment or bidirectional reference must be unique if its upper bound is different from 1
mai 08, 2020 6:00:30 A.M. no.hvl.projectparmorel.qlearning.QModelFixer chooseAction
INFO: Choosing optimal action
mai 08, 2020 6:00:30 A.M. no.hvl.projectparmorel.qlearning.QModelFixer handleStep
INFO: Chose action setContainmentGen in context 0 with weight 0.7157895
mai 08, 2020 6:00:30 A.M. no.hvl.projectparmorel.qlearning.QModelFixer handleStep
INFO: Next error code: 50
mai 08, 2020 6:00:30 A.M. no.hvl.projectparmorel.qlearning.QModelFixer handleStep
INFO: Calculating new Q-value:
Old Q-value: 0.7157895
Alpha: 1.0
Gamma: 1.0
Reward: -2
Next optimal action Q-value: 0.7157895
0.7157895 + 1.0 * (-2 + 1.0 * 0.7157895 - 0.7157895) = -1.2842105
mai 08, 2020 6:00:30 A.M. no.hvl.projectparmorel.qlearning.QModelFixer handleStep
INFO: Updated Q-table for error 50, context 0, action 1062131977 setContainmentGen to new weight -1.2842105


mai 08, 2020 6:00:30 A.M. no.hvl.projectparmorel.qlearning.QModelFixer handleEpisode
INFO: EPISODE 7, STEP 1, Fixing error 50: A containment or bidirectional reference must be unique if its upper bound is different from 1
mai 08, 2020 6:00:30 A.M. no.hvl.projectparmorel.qlearning.QModelFixer chooseAction
INFO: Choosing optimal action
mai 08, 2020 6:00:30 A.M. no.hvl.projectparmorel.qlearning.QModelFixer handleStep
INFO: Chose action delete in context 0 with weight 0.7157895
mai 08, 2020 6:00:32 A.M. no.hvl.projectparmorel.qlearning.QModelFixer updateQTable
INFO: Calculating new Q-value:
Old Q-value: 0.7157895
Alpha: 1.0
Gamma:1.0

Reward: -2
0.7157895 + 1.0 * (-2 + 1.0 - 0.7157895) = -1.0
mai 08, 2020 6:00:32 A.M. no.hvl.projectparmorel.qlearning.QModelFixer updateQTable
INFO: Updated Q-table for error 50, context 0, action 99999 to new weight -1.0
mai 08, 2020 6:00:32 A.M. no.hvl.projectparmorel.qlearning.ecore.EcoreSolution calculateDistanceFromOriginal
INFO: Calculated the distance between the models to 92.0
mai 08, 2020 6:00:32 A.M. no.hvl.projectparmorel.qlearning.reward.PreferCloseDinstanceToOriginalPreference rewardcalculateRewardFor
INFO: Time to measure distance: 24 ms
mai 08, 2020 6:00:32 A.M. no.hvl.projectparmorel.qlearning.QModelFixer updateQTable
INFO: Calculating new Q-value:
Old Q-value: -1.2842105
Alpha: 1.0
Gamma:1.0

Reward: 92
-1.2842105 + 1.0 * (92 + 1.0 - -1.2842105) = 93.0
mai 08, 2020 6:00:32 A.M. no.hvl.projectparmorel.qlearning.QModelFixer updateQTable
INFO: Updated Q-table for error 50, context 0, action 1062131977 to new weight 93.0
mai 08, 2020 6:00:32 A.M. no.hvl.projectparmorel.qlearning.QModelFixer updateQTable
INFO: Calculating new Q-value:
Old Q-value: -1.0
Alpha: 1.0
Gamma:1.0

Reward: 92
-1.0 + 1.0 * (92 + 1.0 - -1.0) = 93.0
mai 08, 2020 6:00:32 A.M. no.hvl.projectparmorel.qlearning.QModelFixer updateQTable
INFO: Updated Q-table for error 50, context 0, action 99999 to new weight 93.0
mai 08, 2020 6:00:34 A.M. no.hvl.projectparmorel.qlearning.reward.PreferReuse rewardcalculateRewardFor
INFO: Reuse of the metamodel: 0.7157895
Time to get metric: 1316 ms
mai 08, 2020 6:00:34 A.M. no.hvl.projectparmorel.qlearning.QModelFixer isUnique
INFO: Solution [ErrorAction [Error: 50 A containment or bidirectional reference must be unique if its upper bound is different from 1, Action: setContainmentGen, Error hierarchy: 0]
, ErrorAction [Error: 50 A containment or bidirectional reference must be unique if its upper bound is different from 1, Action: delete, Error hierarchy: 0]
] already exists.
mai 08, 2020 6:00:34 A.M. no.hvl.projectparmorel.qlearning.QModelFixer fixModel
INFO: Solution discarded.
mai 08, 2020 6:00:34 A.M. no.hvl.projectparmorel.qlearning.QModelFixer fixModel
INFO: EPISODE 7 TOTAL REWARD 181.0



mai 08, 2020 6:00:34 A.M. no.hvl.projectparmorel.qlearning.QModelFixer handleEpisode
INFO: EPISODE 8, STEP 0, Fixing error 50: A containment or bidirectional reference must be unique if its upper bound is different from 1
mai 08, 2020 6:00:34 A.M. no.hvl.projectparmorel.qlearning.QModelFixer chooseAction
INFO: Choosing optimal action
mai 08, 2020 6:00:34 A.M. no.hvl.projectparmorel.qlearning.QModelFixer handleStep
INFO: Chose action setContainmentGen in context 0 with weight 0.7157895
mai 08, 2020 6:00:34 A.M. no.hvl.projectparmorel.qlearning.QModelFixer handleStep
INFO: Next error code: 50
mai 08, 2020 6:00:34 A.M. no.hvl.projectparmorel.qlearning.QModelFixer handleStep
INFO: Calculating new Q-value:
Old Q-value: 0.7157895
Alpha: 1.0
Gamma: 1.0
Reward: -2
Next optimal action Q-value: 0.7157895
0.7157895 + 1.0 * (-2 + 1.0 * 0.7157895 - 0.7157895) = -1.2842105
mai 08, 2020 6:00:34 A.M. no.hvl.projectparmorel.qlearning.QModelFixer handleStep
INFO: Updated Q-table for error 50, context 0, action 1062131977 setContainmentGen to new weight -1.2842105


mai 08, 2020 6:00:34 A.M. no.hvl.projectparmorel.qlearning.QModelFixer handleEpisode
INFO: EPISODE 8, STEP 1, Fixing error 50: A containment or bidirectional reference must be unique if its upper bound is different from 1
mai 08, 2020 6:00:34 A.M. no.hvl.projectparmorel.qlearning.QModelFixer chooseAction
INFO: Choosing optimal action
mai 08, 2020 6:00:34 A.M. no.hvl.projectparmorel.qlearning.QModelFixer handleStep
INFO: Chose action delete in context 0 with weight 0.7157895
mai 08, 2020 6:00:36 A.M. no.hvl.projectparmorel.qlearning.QModelFixer updateQTable
INFO: Calculating new Q-value:
Old Q-value: 0.7157895
Alpha: 1.0
Gamma:1.0

Reward: -2
0.7157895 + 1.0 * (-2 + 1.0 - 0.7157895) = -1.0
mai 08, 2020 6:00:36 A.M. no.hvl.projectparmorel.qlearning.QModelFixer updateQTable
INFO: Updated Q-table for error 50, context 0, action 99999 to new weight -1.0
mai 08, 2020 6:00:36 A.M. no.hvl.projectparmorel.qlearning.ecore.EcoreSolution calculateDistanceFromOriginal
INFO: Calculated the distance between the models to 92.0
mai 08, 2020 6:00:36 A.M. no.hvl.projectparmorel.qlearning.reward.PreferCloseDinstanceToOriginalPreference rewardcalculateRewardFor
INFO: Time to measure distance: 24 ms
mai 08, 2020 6:00:36 A.M. no.hvl.projectparmorel.qlearning.QModelFixer updateQTable
INFO: Calculating new Q-value:
Old Q-value: -1.2842105
Alpha: 1.0
Gamma:1.0

Reward: 92
-1.2842105 + 1.0 * (92 + 1.0 - -1.2842105) = 93.0
mai 08, 2020 6:00:36 A.M. no.hvl.projectparmorel.qlearning.QModelFixer updateQTable
INFO: Updated Q-table for error 50, context 0, action 1062131977 to new weight 93.0
mai 08, 2020 6:00:36 A.M. no.hvl.projectparmorel.qlearning.QModelFixer updateQTable
INFO: Calculating new Q-value:
Old Q-value: -1.0
Alpha: 1.0
Gamma:1.0

Reward: 92
-1.0 + 1.0 * (92 + 1.0 - -1.0) = 93.0
mai 08, 2020 6:00:36 A.M. no.hvl.projectparmorel.qlearning.QModelFixer updateQTable
INFO: Updated Q-table for error 50, context 0, action 99999 to new weight 93.0
mai 08, 2020 6:00:38 A.M. no.hvl.projectparmorel.qlearning.reward.PreferReuse rewardcalculateRewardFor
INFO: Reuse of the metamodel: 0.7157895
Time to get metric: 1262 ms
mai 08, 2020 6:00:38 A.M. no.hvl.projectparmorel.qlearning.QModelFixer isUnique
INFO: Solution [ErrorAction [Error: 50 A containment or bidirectional reference must be unique if its upper bound is different from 1, Action: setContainmentGen, Error hierarchy: 0]
, ErrorAction [Error: 50 A containment or bidirectional reference must be unique if its upper bound is different from 1, Action: delete, Error hierarchy: 0]
] already exists.
mai 08, 2020 6:00:38 A.M. no.hvl.projectparmorel.qlearning.QModelFixer fixModel
INFO: Solution discarded.
mai 08, 2020 6:00:38 A.M. no.hvl.projectparmorel.qlearning.QModelFixer fixModel
INFO: EPISODE 8 TOTAL REWARD 181.0



mai 08, 2020 6:00:38 A.M. no.hvl.projectparmorel.qlearning.QModelFixer handleEpisode
INFO: EPISODE 9, STEP 0, Fixing error 50: A containment or bidirectional reference must be unique if its upper bound is different from 1
mai 08, 2020 6:00:38 A.M. no.hvl.projectparmorel.qlearning.QModelFixer chooseAction
INFO: Choosing optimal action
mai 08, 2020 6:00:38 A.M. no.hvl.projectparmorel.qlearning.QModelFixer handleStep
INFO: Chose action setContainmentGen in context 0 with weight 0.7157895
mai 08, 2020 6:00:38 A.M. no.hvl.projectparmorel.qlearning.QModelFixer handleStep
INFO: Next error code: 50
mai 08, 2020 6:00:38 A.M. no.hvl.projectparmorel.qlearning.QModelFixer handleStep
INFO: Calculating new Q-value:
Old Q-value: 0.7157895
Alpha: 1.0
Gamma: 1.0
Reward: -2
Next optimal action Q-value: 0.7157895
0.7157895 + 1.0 * (-2 + 1.0 * 0.7157895 - 0.7157895) = -1.2842105
mai 08, 2020 6:00:38 A.M. no.hvl.projectparmorel.qlearning.QModelFixer handleStep
INFO: Updated Q-table for error 50, context 0, action 1062131977 setContainmentGen to new weight -1.2842105


mai 08, 2020 6:00:38 A.M. no.hvl.projectparmorel.qlearning.QModelFixer handleEpisode
INFO: EPISODE 9, STEP 1, Fixing error 50: A containment or bidirectional reference must be unique if its upper bound is different from 1
mai 08, 2020 6:00:38 A.M. no.hvl.projectparmorel.qlearning.QModelFixer chooseAction
INFO: Choosing optimal action
mai 08, 2020 6:00:38 A.M. no.hvl.projectparmorel.qlearning.QModelFixer handleStep
INFO: Chose action delete in context 0 with weight 0.7157895
mai 08, 2020 6:00:40 A.M. no.hvl.projectparmorel.qlearning.QModelFixer updateQTable
INFO: Calculating new Q-value:
Old Q-value: 0.7157895
Alpha: 1.0
Gamma:1.0

Reward: -2
0.7157895 + 1.0 * (-2 + 1.0 - 0.7157895) = -1.0
mai 08, 2020 6:00:40 A.M. no.hvl.projectparmorel.qlearning.QModelFixer updateQTable
INFO: Updated Q-table for error 50, context 0, action 99999 to new weight -1.0
mai 08, 2020 6:00:40 A.M. no.hvl.projectparmorel.qlearning.ecore.EcoreSolution calculateDistanceFromOriginal
INFO: Calculated the distance between the models to 92.0
mai 08, 2020 6:00:40 A.M. no.hvl.projectparmorel.qlearning.reward.PreferCloseDinstanceToOriginalPreference rewardcalculateRewardFor
INFO: Time to measure distance: 24 ms
mai 08, 2020 6:00:40 A.M. no.hvl.projectparmorel.qlearning.QModelFixer updateQTable
INFO: Calculating new Q-value:
Old Q-value: -1.2842105
Alpha: 1.0
Gamma:1.0

Reward: 92
-1.2842105 + 1.0 * (92 + 1.0 - -1.2842105) = 93.0
mai 08, 2020 6:00:40 A.M. no.hvl.projectparmorel.qlearning.QModelFixer updateQTable
INFO: Updated Q-table for error 50, context 0, action 1062131977 to new weight 93.0
mai 08, 2020 6:00:40 A.M. no.hvl.projectparmorel.qlearning.QModelFixer updateQTable
INFO: Calculating new Q-value:
Old Q-value: -1.0
Alpha: 1.0
Gamma:1.0

Reward: 92
-1.0 + 1.0 * (92 + 1.0 - -1.0) = 93.0
mai 08, 2020 6:00:40 A.M. no.hvl.projectparmorel.qlearning.QModelFixer updateQTable
INFO: Updated Q-table for error 50, context 0, action 99999 to new weight 93.0
mai 08, 2020 6:00:42 A.M. no.hvl.projectparmorel.qlearning.reward.PreferReuse rewardcalculateRewardFor
INFO: Reuse of the metamodel: 0.7157895
Time to get metric: 1405 ms
mai 08, 2020 6:00:42 A.M. no.hvl.projectparmorel.qlearning.QModelFixer isUnique
INFO: Solution [ErrorAction [Error: 50 A containment or bidirectional reference must be unique if its upper bound is different from 1, Action: setContainmentGen, Error hierarchy: 0]
, ErrorAction [Error: 50 A containment or bidirectional reference must be unique if its upper bound is different from 1, Action: delete, Error hierarchy: 0]
] already exists.
mai 08, 2020 6:00:42 A.M. no.hvl.projectparmorel.qlearning.QModelFixer fixModel
INFO: Solution discarded.
mai 08, 2020 6:00:42 A.M. no.hvl.projectparmorel.qlearning.QModelFixer fixModel
INFO: EPISODE 9 TOTAL REWARD 181.0



mai 08, 2020 6:00:42 A.M. no.hvl.projectparmorel.qlearning.QModelFixer handleEpisode
INFO: EPISODE 10, STEP 0, Fixing error 50: A containment or bidirectional reference must be unique if its upper bound is different from 1
mai 08, 2020 6:00:42 A.M. no.hvl.projectparmorel.qlearning.QModelFixer chooseAction
INFO: Choosing random action.
mai 08, 2020 6:00:42 A.M. no.hvl.projectparmorel.qlearning.QModelFixer handleStep
INFO: Chose action delete in context 0 with weight 0.7157895
mai 08, 2020 6:00:44 A.M. no.hvl.projectparmorel.qlearning.QModelFixer handleStep
INFO: Next error code: 50
mai 08, 2020 6:00:44 A.M. no.hvl.projectparmorel.qlearning.QModelFixer handleStep
INFO: Calculating new Q-value:
Old Q-value: 0.7157895
Alpha: 1.0
Gamma: 1.0
Reward: -2
Next optimal action Q-value: 0.7157895
0.7157895 + 1.0 * (-2 + 1.0 * 0.7157895 - 0.7157895) = -1.2842105
mai 08, 2020 6:00:44 A.M. no.hvl.projectparmorel.qlearning.QModelFixer handleStep
INFO: Updated Q-table for error 50, context 0, action 99999 delete to new weight -1.2842105


mai 08, 2020 6:00:44 A.M. no.hvl.projectparmorel.qlearning.QModelFixer handleEpisode
INFO: EPISODE 10, STEP 1, Fixing error 50: A containment or bidirectional reference must be unique if its upper bound is different from 1
mai 08, 2020 6:00:44 A.M. no.hvl.projectparmorel.qlearning.QModelFixer chooseAction
INFO: Choosing optimal action
mai 08, 2020 6:00:44 A.M. no.hvl.projectparmorel.qlearning.QModelFixer handleStep
INFO: Chose action setContainmentGen in context 0 with weight 0.7157895
mai 08, 2020 6:00:44 A.M. no.hvl.projectparmorel.qlearning.QModelFixer updateQTable
INFO: Calculating new Q-value:
Old Q-value: 0.7157895
Alpha: 1.0
Gamma:1.0

Reward: -2
0.7157895 + 1.0 * (-2 + 1.0 - 0.7157895) = -1.0
mai 08, 2020 6:00:44 A.M. no.hvl.projectparmorel.qlearning.QModelFixer updateQTable
INFO: Updated Q-table for error 50, context 0, action 1062131977 to new weight -1.0
mai 08, 2020 6:00:44 A.M. no.hvl.projectparmorel.qlearning.ecore.EcoreSolution calculateDistanceFromOriginal
INFO: Calculated the distance between the models to 92.0
mai 08, 2020 6:00:44 A.M. no.hvl.projectparmorel.qlearning.reward.PreferCloseDinstanceToOriginalPreference rewardcalculateRewardFor
INFO: Time to measure distance: 24 ms
mai 08, 2020 6:00:44 A.M. no.hvl.projectparmorel.qlearning.QModelFixer updateQTable
INFO: Calculating new Q-value:
Old Q-value: -1.2842105
Alpha: 1.0
Gamma:1.0

Reward: 92
-1.2842105 + 1.0 * (92 + 1.0 - -1.2842105) = 93.0
mai 08, 2020 6:00:44 A.M. no.hvl.projectparmorel.qlearning.QModelFixer updateQTable
INFO: Updated Q-table for error 50, context 0, action 99999 to new weight 93.0
mai 08, 2020 6:00:44 A.M. no.hvl.projectparmorel.qlearning.QModelFixer updateQTable
INFO: Calculating new Q-value:
Old Q-value: -1.0
Alpha: 1.0
Gamma:1.0

Reward: 92
-1.0 + 1.0 * (92 + 1.0 - -1.0) = 93.0
mai 08, 2020 6:00:44 A.M. no.hvl.projectparmorel.qlearning.QModelFixer updateQTable
INFO: Updated Q-table for error 50, context 0, action 1062131977 to new weight 93.0
mai 08, 2020 6:00:46 A.M. no.hvl.projectparmorel.qlearning.reward.PreferReuse rewardcalculateRewardFor
INFO: Reuse of the metamodel: 0.7157895
Time to get metric: 1294 ms
mai 08, 2020 6:00:46 A.M. no.hvl.projectparmorel.qlearning.QModelFixer isUnique
INFO: Solution [ErrorAction [Error: 50 A containment or bidirectional reference must be unique if its upper bound is different from 1, Action: delete, Error hierarchy: 0]
, ErrorAction [Error: 50 A containment or bidirectional reference must be unique if its upper bound is different from 1, Action: setContainmentGen, Error hierarchy: 0]
] already exists.
mai 08, 2020 6:00:46 A.M. no.hvl.projectparmorel.qlearning.QModelFixer fixModel
INFO: Solution discarded.
mai 08, 2020 6:00:46 A.M. no.hvl.projectparmorel.qlearning.QModelFixer fixModel
INFO: EPISODE 10 TOTAL REWARD 181.0



mai 08, 2020 6:00:46 A.M. no.hvl.projectparmorel.qlearning.QModelFixer handleEpisode
INFO: EPISODE 11, STEP 0, Fixing error 50: A containment or bidirectional reference must be unique if its upper bound is different from 1
mai 08, 2020 6:00:46 A.M. no.hvl.projectparmorel.qlearning.QModelFixer chooseAction
INFO: Choosing random action.
mai 08, 2020 6:00:46 A.M. no.hvl.projectparmorel.qlearning.QModelFixer handleStep
INFO: Chose action setUpperBound in context 0 with weight 0.7083333
mai 08, 2020 6:00:46 A.M. no.hvl.projectparmorel.qlearning.QModelFixer handleStep
INFO: Next error code: 50
mai 08, 2020 6:00:46 A.M. no.hvl.projectparmorel.qlearning.QModelFixer handleStep
INFO: Calculating new Q-value:
Old Q-value: 0.7083333
Alpha: 1.0
Gamma: 1.0
Reward: -2
Next optimal action Q-value: 0.7157895
0.7083333 + 1.0 * (-2 + 1.0 * 0.7157895 - 0.7083333) = -1.2842105
mai 08, 2020 6:00:46 A.M. no.hvl.projectparmorel.qlearning.QModelFixer handleStep
INFO: Updated Q-table for error 50, context 0, action -969028598 setUpperBound to new weight -1.2842105


mai 08, 2020 6:00:46 A.M. no.hvl.projectparmorel.qlearning.QModelFixer handleEpisode
INFO: EPISODE 11, STEP 1, Fixing error 50: A containment or bidirectional reference must be unique if its upper bound is different from 1
mai 08, 2020 6:00:46 A.M. no.hvl.projectparmorel.qlearning.QModelFixer chooseAction
INFO: Choosing optimal action
mai 08, 2020 6:00:46 A.M. no.hvl.projectparmorel.qlearning.QModelFixer handleStep
INFO: Chose action setContainmentGen in context 0 with weight 0.7157895
mai 08, 2020 6:00:46 A.M. no.hvl.projectparmorel.qlearning.QModelFixer updateQTable
INFO: Calculating new Q-value:
Old Q-value: 0.7157895
Alpha: 1.0
Gamma:1.0

Reward: -2
0.7157895 + 1.0 * (-2 + 1.0 - 0.7157895) = -1.0
mai 08, 2020 6:00:46 A.M. no.hvl.projectparmorel.qlearning.QModelFixer updateQTable
INFO: Updated Q-table for error 50, context 0, action 1062131977 to new weight -1.0
mai 08, 2020 6:00:46 A.M. no.hvl.projectparmorel.qlearning.ecore.EcoreSolution calculateDistanceFromOriginal
INFO: Calculated the distance between the models to 92.0
mai 08, 2020 6:00:46 A.M. no.hvl.projectparmorel.qlearning.reward.PreferCloseDinstanceToOriginalPreference rewardcalculateRewardFor
INFO: Time to measure distance: 25 ms
mai 08, 2020 6:00:46 A.M. no.hvl.projectparmorel.qlearning.QModelFixer updateQTable
INFO: Calculating new Q-value:
Old Q-value: -1.2842105
Alpha: 1.0
Gamma:1.0

Reward: 92
-1.2842105 + 1.0 * (92 + 1.0 - -1.2842105) = 93.0
mai 08, 2020 6:00:46 A.M. no.hvl.projectparmorel.qlearning.QModelFixer updateQTable
INFO: Updated Q-table for error 50, context 0, action -969028598 to new weight 93.0
mai 08, 2020 6:00:46 A.M. no.hvl.projectparmorel.qlearning.QModelFixer updateQTable
INFO: Calculating new Q-value:
Old Q-value: -1.0
Alpha: 1.0
Gamma:1.0

Reward: 92
-1.0 + 1.0 * (92 + 1.0 - -1.0) = 93.0
mai 08, 2020 6:00:46 A.M. no.hvl.projectparmorel.qlearning.QModelFixer updateQTable
INFO: Updated Q-table for error 50, context 0, action 1062131977 to new weight 93.0
mai 08, 2020 6:00:47 A.M. no.hvl.projectparmorel.qlearning.reward.PreferReuse rewardcalculateRewardFor
INFO: Reuse of the metamodel: 0.7083333
Time to get metric: 1340 ms
mai 08, 2020 6:00:47 A.M. no.hvl.projectparmorel.qlearning.QModelFixer isUnique
INFO: Solution [ErrorAction [Error: 50 A containment or bidirectional reference must be unique if its upper bound is different from 1, Action: setUpperBound, Error hierarchy: 0]
, ErrorAction [Error: 50 A containment or bidirectional reference must be unique if its upper bound is different from 1, Action: setContainmentGen, Error hierarchy: 0]
] already exists.
mai 08, 2020 6:00:47 A.M. no.hvl.projectparmorel.qlearning.QModelFixer fixModel
INFO: Solution discarded.
mai 08, 2020 6:00:47 A.M. no.hvl.projectparmorel.qlearning.QModelFixer fixModel
INFO: EPISODE 11 TOTAL REWARD 181.0



mai 08, 2020 6:00:47 A.M. no.hvl.projectparmorel.qlearning.QModelFixer handleEpisode
INFO: EPISODE 12, STEP 0, Fixing error 50: A containment or bidirectional reference must be unique if its upper bound is different from 1
mai 08, 2020 6:00:47 A.M. no.hvl.projectparmorel.qlearning.QModelFixer chooseAction
INFO: Choosing optimal action
mai 08, 2020 6:00:47 A.M. no.hvl.projectparmorel.qlearning.QModelFixer handleStep
INFO: Chose action delete in context 0 with weight 0.7157895
mai 08, 2020 6:00:50 A.M. no.hvl.projectparmorel.qlearning.QModelFixer handleStep
INFO: Next error code: 50
mai 08, 2020 6:00:50 A.M. no.hvl.projectparmorel.qlearning.QModelFixer handleStep
INFO: Calculating new Q-value:
Old Q-value: 0.7157895
Alpha: 1.0
Gamma: 1.0
Reward: -2
Next optimal action Q-value: 0.7157895
0.7157895 + 1.0 * (-2 + 1.0 * 0.7157895 - 0.7157895) = -1.2842105
mai 08, 2020 6:00:50 A.M. no.hvl.projectparmorel.qlearning.QModelFixer handleStep
INFO: Updated Q-table for error 50, context 0, action 99999 delete to new weight -1.2842105


mai 08, 2020 6:00:50 A.M. no.hvl.projectparmorel.qlearning.QModelFixer handleEpisode
INFO: EPISODE 12, STEP 1, Fixing error 50: A containment or bidirectional reference must be unique if its upper bound is different from 1
mai 08, 2020 6:00:50 A.M. no.hvl.projectparmorel.qlearning.QModelFixer chooseAction
INFO: Choosing optimal action
mai 08, 2020 6:00:50 A.M. no.hvl.projectparmorel.qlearning.QModelFixer handleStep
INFO: Chose action setContainmentGen in context 0 with weight 0.7083333
mai 08, 2020 6:00:50 A.M. no.hvl.projectparmorel.qlearning.QModelFixer updateQTable
INFO: Calculating new Q-value:
Old Q-value: 0.7083333
Alpha: 1.0
Gamma:1.0

Reward: -2
0.7083333 + 1.0 * (-2 + 1.0 - 0.7083333) = -1.0
mai 08, 2020 6:00:50 A.M. no.hvl.projectparmorel.qlearning.QModelFixer updateQTable
INFO: Updated Q-table for error 50, context 0, action 1062131977 to new weight -1.0
mai 08, 2020 6:00:50 A.M. no.hvl.projectparmorel.qlearning.ecore.EcoreSolution calculateDistanceFromOriginal
INFO: Calculated the distance between the models to 92.0
mai 08, 2020 6:00:50 A.M. no.hvl.projectparmorel.qlearning.reward.PreferCloseDinstanceToOriginalPreference rewardcalculateRewardFor
INFO: Time to measure distance: 23 ms
mai 08, 2020 6:00:50 A.M. no.hvl.projectparmorel.qlearning.QModelFixer updateQTable
INFO: Calculating new Q-value:
Old Q-value: -1.2842105
Alpha: 1.0
Gamma:1.0

Reward: 92
-1.2842105 + 1.0 * (92 + 1.0 - -1.2842105) = 93.0
mai 08, 2020 6:00:50 A.M. no.hvl.projectparmorel.qlearning.QModelFixer updateQTable
INFO: Updated Q-table for error 50, context 0, action 99999 to new weight 93.0
mai 08, 2020 6:00:50 A.M. no.hvl.projectparmorel.qlearning.QModelFixer updateQTable
INFO: Calculating new Q-value:
Old Q-value: -1.0
Alpha: 1.0
Gamma:1.0

Reward: 92
-1.0 + 1.0 * (92 + 1.0 - -1.0) = 93.0
mai 08, 2020 6:00:50 A.M. no.hvl.projectparmorel.qlearning.QModelFixer updateQTable
INFO: Updated Q-table for error 50, context 0, action 1062131977 to new weight 93.0
mai 08, 2020 6:00:51 A.M. no.hvl.projectparmorel.qlearning.reward.PreferReuse rewardcalculateRewardFor
INFO: Reuse of the metamodel: 0.7157895
Time to get metric: 1325 ms
mai 08, 2020 6:00:51 A.M. no.hvl.projectparmorel.qlearning.QModelFixer isUnique
INFO: Solution [ErrorAction [Error: 50 A containment or bidirectional reference must be unique if its upper bound is different from 1, Action: delete, Error hierarchy: 0]
, ErrorAction [Error: 50 A containment or bidirectional reference must be unique if its upper bound is different from 1, Action: setContainmentGen, Error hierarchy: 0]
] already exists.
mai 08, 2020 6:00:51 A.M. no.hvl.projectparmorel.qlearning.QModelFixer fixModel
INFO: Solution discarded.
mai 08, 2020 6:00:51 A.M. no.hvl.projectparmorel.qlearning.QModelFixer fixModel
INFO: EPISODE 12 TOTAL REWARD 181.0



mai 08, 2020 6:00:51 A.M. no.hvl.projectparmorel.qlearning.QModelFixer handleEpisode
INFO: EPISODE 13, STEP 0, Fixing error 50: A containment or bidirectional reference must be unique if its upper bound is different from 1
mai 08, 2020 6:00:51 A.M. no.hvl.projectparmorel.qlearning.QModelFixer chooseAction
INFO: Choosing optimal action
mai 08, 2020 6:00:51 A.M. no.hvl.projectparmorel.qlearning.QModelFixer handleStep
INFO: Chose action setContainmentGen in context 0 with weight 0.7157895
mai 08, 2020 6:00:51 A.M. no.hvl.projectparmorel.qlearning.QModelFixer handleStep
INFO: Next error code: 50
mai 08, 2020 6:00:51 A.M. no.hvl.projectparmorel.qlearning.QModelFixer handleStep
INFO: Calculating new Q-value:
Old Q-value: 0.7157895
Alpha: 1.0
Gamma: 1.0
Reward: -2
Next optimal action Q-value: 0.7157895
0.7157895 + 1.0 * (-2 + 1.0 * 0.7157895 - 0.7157895) = -1.2842105
mai 08, 2020 6:00:51 A.M. no.hvl.projectparmorel.qlearning.QModelFixer handleStep
INFO: Updated Q-table for error 50, context 0, action 1062131977 setContainmentGen to new weight -1.2842105


mai 08, 2020 6:00:51 A.M. no.hvl.projectparmorel.qlearning.QModelFixer handleEpisode
INFO: EPISODE 13, STEP 1, Fixing error 50: A containment or bidirectional reference must be unique if its upper bound is different from 1
mai 08, 2020 6:00:51 A.M. no.hvl.projectparmorel.qlearning.QModelFixer chooseAction
INFO: Choosing optimal action
mai 08, 2020 6:00:51 A.M. no.hvl.projectparmorel.qlearning.QModelFixer handleStep
INFO: Chose action delete in context 0 with weight 0.7157895
mai 08, 2020 6:00:54 A.M. no.hvl.projectparmorel.qlearning.QModelFixer updateQTable
INFO: Calculating new Q-value:
Old Q-value: 0.7157895
Alpha: 1.0
Gamma:1.0

Reward: -2
0.7157895 + 1.0 * (-2 + 1.0 - 0.7157895) = -1.0
mai 08, 2020 6:00:54 A.M. no.hvl.projectparmorel.qlearning.QModelFixer updateQTable
INFO: Updated Q-table for error 50, context 0, action 99999 to new weight -1.0
mai 08, 2020 6:00:54 A.M. no.hvl.projectparmorel.qlearning.ecore.EcoreSolution calculateDistanceFromOriginal
INFO: Calculated the distance between the models to 92.0
mai 08, 2020 6:00:54 A.M. no.hvl.projectparmorel.qlearning.reward.PreferCloseDinstanceToOriginalPreference rewardcalculateRewardFor
INFO: Time to measure distance: 23 ms
mai 08, 2020 6:00:54 A.M. no.hvl.projectparmorel.qlearning.QModelFixer updateQTable
INFO: Calculating new Q-value:
Old Q-value: -1.2842105
Alpha: 1.0
Gamma:1.0

Reward: 92
-1.2842105 + 1.0 * (92 + 1.0 - -1.2842105) = 93.0
mai 08, 2020 6:00:54 A.M. no.hvl.projectparmorel.qlearning.QModelFixer updateQTable
INFO: Updated Q-table for error 50, context 0, action 1062131977 to new weight 93.0
mai 08, 2020 6:00:54 A.M. no.hvl.projectparmorel.qlearning.QModelFixer updateQTable
INFO: Calculating new Q-value:
Old Q-value: -1.0
Alpha: 1.0
Gamma:1.0

Reward: 92
-1.0 + 1.0 * (92 + 1.0 - -1.0) = 93.0
mai 08, 2020 6:00:54 A.M. no.hvl.projectparmorel.qlearning.QModelFixer updateQTable
INFO: Updated Q-table for error 50, context 0, action 99999 to new weight 93.0
mai 08, 2020 6:00:55 A.M. no.hvl.projectparmorel.qlearning.reward.PreferReuse rewardcalculateRewardFor
INFO: Reuse of the metamodel: 0.7157895
Time to get metric: 1274 ms
mai 08, 2020 6:00:55 A.M. no.hvl.projectparmorel.qlearning.QModelFixer isUnique
INFO: Solution [ErrorAction [Error: 50 A containment or bidirectional reference must be unique if its upper bound is different from 1, Action: setContainmentGen, Error hierarchy: 0]
, ErrorAction [Error: 50 A containment or bidirectional reference must be unique if its upper bound is different from 1, Action: delete, Error hierarchy: 0]
] already exists.
mai 08, 2020 6:00:55 A.M. no.hvl.projectparmorel.qlearning.QModelFixer fixModel
INFO: Solution discarded.
mai 08, 2020 6:00:55 A.M. no.hvl.projectparmorel.qlearning.QModelFixer fixModel
INFO: EPISODE 13 TOTAL REWARD 181.0



mai 08, 2020 6:00:55 A.M. no.hvl.projectparmorel.qlearning.QModelFixer handleEpisode
INFO: EPISODE 14, STEP 0, Fixing error 50: A containment or bidirectional reference must be unique if its upper bound is different from 1
mai 08, 2020 6:00:55 A.M. no.hvl.projectparmorel.qlearning.QModelFixer chooseAction
INFO: Choosing optimal action
mai 08, 2020 6:00:55 A.M. no.hvl.projectparmorel.qlearning.QModelFixer handleStep
INFO: Chose action setContainmentGen in context 0 with weight 0.7157895
mai 08, 2020 6:00:55 A.M. no.hvl.projectparmorel.qlearning.QModelFixer handleStep
INFO: Next error code: 50
mai 08, 2020 6:00:55 A.M. no.hvl.projectparmorel.qlearning.QModelFixer handleStep
INFO: Calculating new Q-value:
Old Q-value: 0.7157895
Alpha: 1.0
Gamma: 1.0
Reward: -2
Next optimal action Q-value: 0.7157895
0.7157895 + 1.0 * (-2 + 1.0 * 0.7157895 - 0.7157895) = -1.2842105
mai 08, 2020 6:00:55 A.M. no.hvl.projectparmorel.qlearning.QModelFixer handleStep
INFO: Updated Q-table for error 50, context 0, action 1062131977 setContainmentGen to new weight -1.2842105


mai 08, 2020 6:00:55 A.M. no.hvl.projectparmorel.qlearning.QModelFixer handleEpisode
INFO: EPISODE 14, STEP 1, Fixing error 50: A containment or bidirectional reference must be unique if its upper bound is different from 1
mai 08, 2020 6:00:55 A.M. no.hvl.projectparmorel.qlearning.QModelFixer chooseAction
INFO: Choosing random action.
mai 08, 2020 6:00:55 A.M. no.hvl.projectparmorel.qlearning.QModelFixer handleStep
INFO: Chose action setContainment in context 0 with weight 0.7083333
mai 08, 2020 6:00:55 A.M. no.hvl.projectparmorel.qlearning.QModelFixer updateQTable
INFO: Calculating new Q-value:
Old Q-value: 0.7083333
Alpha: 1.0
Gamma:1.0

Reward: -2
0.7083333 + 1.0 * (-2 + 1.0 - 0.7083333) = -1.0
mai 08, 2020 6:00:55 A.M. no.hvl.projectparmorel.qlearning.QModelFixer updateQTable
INFO: Updated Q-table for error 50, context 0, action 951444921 to new weight -1.0
mai 08, 2020 6:00:55 A.M. no.hvl.projectparmorel.qlearning.ecore.EcoreSolution calculateDistanceFromOriginal
INFO: Calculated the distance between the models to 92.0
mai 08, 2020 6:00:55 A.M. no.hvl.projectparmorel.qlearning.reward.PreferCloseDinstanceToOriginalPreference rewardcalculateRewardFor
INFO: Time to measure distance: 24 ms
mai 08, 2020 6:00:55 A.M. no.hvl.projectparmorel.qlearning.QModelFixer updateQTable
INFO: Calculating new Q-value:
Old Q-value: -1.2842105
Alpha: 1.0
Gamma:1.0

Reward: 92
-1.2842105 + 1.0 * (92 + 1.0 - -1.2842105) = 93.0
mai 08, 2020 6:00:55 A.M. no.hvl.projectparmorel.qlearning.QModelFixer updateQTable
INFO: Updated Q-table for error 50, context 0, action 1062131977 to new weight 93.0
mai 08, 2020 6:00:55 A.M. no.hvl.projectparmorel.qlearning.QModelFixer updateQTable
INFO: Calculating new Q-value:
Old Q-value: -1.0
Alpha: 1.0
Gamma:1.0

Reward: 92
-1.0 + 1.0 * (92 + 1.0 - -1.0) = 93.0
mai 08, 2020 6:00:55 A.M. no.hvl.projectparmorel.qlearning.QModelFixer updateQTable
INFO: Updated Q-table for error 50, context 0, action 951444921 to new weight 93.0
mai 08, 2020 6:00:56 A.M. no.hvl.projectparmorel.qlearning.reward.PreferReuse rewardcalculateRewardFor
INFO: Reuse of the metamodel: 0.7083333
Time to get metric: 1308 ms
mai 08, 2020 6:00:56 A.M. no.hvl.projectparmorel.qlearning.QModelFixer isUnique
INFO: Solution [ErrorAction [Error: 50 A containment or bidirectional reference must be unique if its upper bound is different from 1, Action: setContainmentGen, Error hierarchy: 0]
, ErrorAction [Error: 50 A containment or bidirectional reference must be unique if its upper bound is different from 1, Action: setContainment, Error hierarchy: 0]
] already exists.
mai 08, 2020 6:00:56 A.M. no.hvl.projectparmorel.qlearning.QModelFixer fixModel
INFO: Solution discarded.
mai 08, 2020 6:00:56 A.M. no.hvl.projectparmorel.qlearning.QModelFixer fixModel
INFO: EPISODE 14 TOTAL REWARD 181.0



mai 08, 2020 6:00:56 A.M. no.hvl.projectparmorel.qlearning.QModelFixer handleEpisode
INFO: EPISODE 15, STEP 0, Fixing error 50: A containment or bidirectional reference must be unique if its upper bound is different from 1
mai 08, 2020 6:00:56 A.M. no.hvl.projectparmorel.qlearning.QModelFixer chooseAction
INFO: Choosing optimal action
mai 08, 2020 6:00:56 A.M. no.hvl.projectparmorel.qlearning.QModelFixer handleStep
INFO: Chose action delete in context 0 with weight 0.7157895
mai 08, 2020 6:00:59 A.M. no.hvl.projectparmorel.qlearning.QModelFixer handleStep
INFO: Next error code: 50
mai 08, 2020 6:00:59 A.M. no.hvl.projectparmorel.qlearning.QModelFixer handleStep
INFO: Calculating new Q-value:
Old Q-value: 0.7157895
Alpha: 1.0
Gamma: 1.0
Reward: -2
Next optimal action Q-value: 0.7157895
0.7157895 + 1.0 * (-2 + 1.0 * 0.7157895 - 0.7157895) = -1.2842105
mai 08, 2020 6:00:59 A.M. no.hvl.projectparmorel.qlearning.QModelFixer handleStep
INFO: Updated Q-table for error 50, context 0, action 99999 delete to new weight -1.2842105


mai 08, 2020 6:00:59 A.M. no.hvl.projectparmorel.qlearning.QModelFixer handleEpisode
INFO: EPISODE 15, STEP 1, Fixing error 50: A containment or bidirectional reference must be unique if its upper bound is different from 1
mai 08, 2020 6:00:59 A.M. no.hvl.projectparmorel.qlearning.QModelFixer chooseAction
INFO: Choosing random action.
mai 08, 2020 6:00:59 A.M. no.hvl.projectparmorel.qlearning.QModelFixer handleStep
INFO: Chose action setUpperBound in context 0 with weight 0.7083333
mai 08, 2020 6:00:59 A.M. no.hvl.projectparmorel.qlearning.QModelFixer updateQTable
INFO: Calculating new Q-value:
Old Q-value: 0.7083333
Alpha: 1.0
Gamma:1.0

Reward: -2
0.7083333 + 1.0 * (-2 + 1.0 - 0.7083333) = -1.0
mai 08, 2020 6:00:59 A.M. no.hvl.projectparmorel.qlearning.QModelFixer updateQTable
INFO: Updated Q-table for error 50, context 0, action -969028598 to new weight -1.0
mai 08, 2020 6:00:59 A.M. no.hvl.projectparmorel.qlearning.ecore.EcoreSolution calculateDistanceFromOriginal
INFO: Calculated the distance between the models to 92.0
mai 08, 2020 6:00:59 A.M. no.hvl.projectparmorel.qlearning.reward.PreferCloseDinstanceToOriginalPreference rewardcalculateRewardFor
INFO: Time to measure distance: 24 ms
mai 08, 2020 6:00:59 A.M. no.hvl.projectparmorel.qlearning.QModelFixer updateQTable
INFO: Calculating new Q-value:
Old Q-value: -1.2842105
Alpha: 1.0
Gamma:1.0

Reward: 92
-1.2842105 + 1.0 * (92 + 1.0 - -1.2842105) = 93.0
mai 08, 2020 6:00:59 A.M. no.hvl.projectparmorel.qlearning.QModelFixer updateQTable
INFO: Updated Q-table for error 50, context 0, action 99999 to new weight 93.0
mai 08, 2020 6:00:59 A.M. no.hvl.projectparmorel.qlearning.QModelFixer updateQTable
INFO: Calculating new Q-value:
Old Q-value: -1.0
Alpha: 1.0
Gamma:1.0

Reward: 92
-1.0 + 1.0 * (92 + 1.0 - -1.0) = 93.0
mai 08, 2020 6:00:59 A.M. no.hvl.projectparmorel.qlearning.QModelFixer updateQTable
INFO: Updated Q-table for error 50, context 0, action -969028598 to new weight 93.0
mai 08, 2020 6:01:00 A.M. no.hvl.projectparmorel.qlearning.reward.PreferReuse rewardcalculateRewardFor
INFO: Reuse of the metamodel: 0.7157895
Time to get metric: 1279 ms
mai 08, 2020 6:01:00 A.M. no.hvl.projectparmorel.qlearning.QModelFixer fixModel
INFO: Solution added to possible solitons: [ErrorAction [Error: 50 A containment or bidirectional reference must be unique if its upper bound is different from 1, Action: delete, Error hierarchy: 0]
, ErrorAction [Error: 50 A containment or bidirectional reference must be unique if its upper bound is different from 1, Action: setUpperBound, Error hierarchy: 0]
]
mai 08, 2020 6:01:00 A.M. no.hvl.projectparmorel.qlearning.QModelFixer fixModel
INFO: EPISODE 15 TOTAL REWARD 181.0



mai 08, 2020 6:01:00 A.M. no.hvl.projectparmorel.qlearning.QModelFixer handleEpisode
INFO: EPISODE 16, STEP 0, Fixing error 50: A containment or bidirectional reference must be unique if its upper bound is different from 1
mai 08, 2020 6:01:00 A.M. no.hvl.projectparmorel.qlearning.QModelFixer chooseAction
INFO: Choosing optimal action
mai 08, 2020 6:01:00 A.M. no.hvl.projectparmorel.qlearning.QModelFixer handleStep
INFO: Chose action setUpperBound in context 0 with weight 0.7157895
mai 08, 2020 6:01:00 A.M. no.hvl.projectparmorel.qlearning.QModelFixer handleStep
INFO: Next error code: 50
mai 08, 2020 6:01:00 A.M. no.hvl.projectparmorel.qlearning.QModelFixer handleStep
INFO: Calculating new Q-value:
Old Q-value: 0.7157895
Alpha: 1.0
Gamma: 1.0
Reward: -2
Next optimal action Q-value: 0.7157895
0.7157895 + 1.0 * (-2 + 1.0 * 0.7157895 - 0.7157895) = -1.2842105
mai 08, 2020 6:01:00 A.M. no.hvl.projectparmorel.qlearning.QModelFixer handleStep
INFO: Updated Q-table for error 50, context 0, action -969028598 setUpperBound to new weight -1.2842105


mai 08, 2020 6:01:00 A.M. no.hvl.projectparmorel.qlearning.QModelFixer handleEpisode
INFO: EPISODE 16, STEP 1, Fixing error 50: A containment or bidirectional reference must be unique if its upper bound is different from 1
mai 08, 2020 6:01:00 A.M. no.hvl.projectparmorel.qlearning.QModelFixer chooseAction
INFO: Choosing optimal action
mai 08, 2020 6:01:00 A.M. no.hvl.projectparmorel.qlearning.QModelFixer handleStep
INFO: Chose action delete in context 0 with weight 0.7157895
mai 08, 2020 6:01:03 A.M. no.hvl.projectparmorel.qlearning.QModelFixer updateQTable
INFO: Calculating new Q-value:
Old Q-value: 0.7157895
Alpha: 1.0
Gamma:1.0

Reward: -2
0.7157895 + 1.0 * (-2 + 1.0 - 0.7157895) = -1.0
mai 08, 2020 6:01:03 A.M. no.hvl.projectparmorel.qlearning.QModelFixer updateQTable
INFO: Updated Q-table for error 50, context 0, action 99999 to new weight -1.0
mai 08, 2020 6:01:03 A.M. no.hvl.projectparmorel.qlearning.ecore.EcoreSolution calculateDistanceFromOriginal
INFO: Calculated the distance between the models to 92.0
mai 08, 2020 6:01:03 A.M. no.hvl.projectparmorel.qlearning.reward.PreferCloseDinstanceToOriginalPreference rewardcalculateRewardFor
INFO: Time to measure distance: 22 ms
mai 08, 2020 6:01:03 A.M. no.hvl.projectparmorel.qlearning.QModelFixer updateQTable
INFO: Calculating new Q-value:
Old Q-value: -1.2842105
Alpha: 1.0
Gamma:1.0

Reward: 92
-1.2842105 + 1.0 * (92 + 1.0 - -1.2842105) = 93.0
mai 08, 2020 6:01:03 A.M. no.hvl.projectparmorel.qlearning.QModelFixer updateQTable
INFO: Updated Q-table for error 50, context 0, action -969028598 to new weight 93.0
mai 08, 2020 6:01:03 A.M. no.hvl.projectparmorel.qlearning.QModelFixer updateQTable
INFO: Calculating new Q-value:
Old Q-value: -1.0
Alpha: 1.0
Gamma:1.0

Reward: 92
-1.0 + 1.0 * (92 + 1.0 - -1.0) = 93.0
mai 08, 2020 6:01:03 A.M. no.hvl.projectparmorel.qlearning.QModelFixer updateQTable
INFO: Updated Q-table for error 50, context 0, action 99999 to new weight 93.0
mai 08, 2020 6:01:04 A.M. no.hvl.projectparmorel.qlearning.reward.PreferReuse rewardcalculateRewardFor
INFO: Reuse of the metamodel: 0.7157895
Time to get metric: 1287 ms
mai 08, 2020 6:01:04 A.M. no.hvl.projectparmorel.qlearning.QModelFixer fixModel
INFO: Solution added to possible solitons: [ErrorAction [Error: 50 A containment or bidirectional reference must be unique if its upper bound is different from 1, Action: setUpperBound, Error hierarchy: 0]
, ErrorAction [Error: 50 A containment or bidirectional reference must be unique if its upper bound is different from 1, Action: delete, Error hierarchy: 0]
]
mai 08, 2020 6:01:04 A.M. no.hvl.projectparmorel.qlearning.QModelFixer fixModel
INFO: EPISODE 16 TOTAL REWARD 181.0



mai 08, 2020 6:01:04 A.M. no.hvl.projectparmorel.qlearning.QModelFixer handleEpisode
INFO: EPISODE 17, STEP 0, Fixing error 50: A containment or bidirectional reference must be unique if its upper bound is different from 1
mai 08, 2020 6:01:04 A.M. no.hvl.projectparmorel.qlearning.QModelFixer chooseAction
INFO: Choosing optimal action
mai 08, 2020 6:01:04 A.M. no.hvl.projectparmorel.qlearning.QModelFixer handleStep
INFO: Chose action setUpperBound in context 0 with weight 0.7157895
mai 08, 2020 6:01:04 A.M. no.hvl.projectparmorel.qlearning.QModelFixer handleStep
INFO: Next error code: 50
mai 08, 2020 6:01:04 A.M. no.hvl.projectparmorel.qlearning.QModelFixer handleStep
INFO: Calculating new Q-value:
Old Q-value: 0.7157895
Alpha: 1.0
Gamma: 1.0
Reward: -2
Next optimal action Q-value: 0.7157895
0.7157895 + 1.0 * (-2 + 1.0 * 0.7157895 - 0.7157895) = -1.2842105
mai 08, 2020 6:01:04 A.M. no.hvl.projectparmorel.qlearning.QModelFixer handleStep
INFO: Updated Q-table for error 50, context 0, action -969028598 setUpperBound to new weight -1.2842105


mai 08, 2020 6:01:04 A.M. no.hvl.projectparmorel.qlearning.QModelFixer handleEpisode
INFO: EPISODE 17, STEP 1, Fixing error 50: A containment or bidirectional reference must be unique if its upper bound is different from 1
mai 08, 2020 6:01:04 A.M. no.hvl.projectparmorel.qlearning.QModelFixer chooseAction
INFO: Choosing random action.
mai 08, 2020 6:01:04 A.M. no.hvl.projectparmorel.qlearning.QModelFixer handleStep
INFO: Chose action setContainmentGen in context 0 with weight 0.7083333
mai 08, 2020 6:01:04 A.M. no.hvl.projectparmorel.qlearning.QModelFixer updateQTable
INFO: Calculating new Q-value:
Old Q-value: 0.7083333
Alpha: 1.0
Gamma:1.0

Reward: -2
0.7083333 + 1.0 * (-2 + 1.0 - 0.7083333) = -1.0
mai 08, 2020 6:01:04 A.M. no.hvl.projectparmorel.qlearning.QModelFixer updateQTable
INFO: Updated Q-table for error 50, context 0, action 1062131977 to new weight -1.0
mai 08, 2020 6:01:04 A.M. no.hvl.projectparmorel.qlearning.ecore.EcoreSolution calculateDistanceFromOriginal
INFO: Calculated the distance between the models to 92.0
mai 08, 2020 6:01:04 A.M. no.hvl.projectparmorel.qlearning.reward.PreferCloseDinstanceToOriginalPreference rewardcalculateRewardFor
INFO: Time to measure distance: 23 ms
mai 08, 2020 6:01:04 A.M. no.hvl.projectparmorel.qlearning.QModelFixer updateQTable
INFO: Calculating new Q-value:
Old Q-value: -1.2842105
Alpha: 1.0
Gamma:1.0

Reward: 92
-1.2842105 + 1.0 * (92 + 1.0 - -1.2842105) = 93.0
mai 08, 2020 6:01:04 A.M. no.hvl.projectparmorel.qlearning.QModelFixer updateQTable
INFO: Updated Q-table for error 50, context 0, action -969028598 to new weight 93.0
mai 08, 2020 6:01:04 A.M. no.hvl.projectparmorel.qlearning.QModelFixer updateQTable
INFO: Calculating new Q-value:
Old Q-value: -1.0
Alpha: 1.0
Gamma:1.0

Reward: 92
-1.0 + 1.0 * (92 + 1.0 - -1.0) = 93.0
mai 08, 2020 6:01:04 A.M. no.hvl.projectparmorel.qlearning.QModelFixer updateQTable
INFO: Updated Q-table for error 50, context 0, action 1062131977 to new weight 93.0
mai 08, 2020 6:01:06 A.M. no.hvl.projectparmorel.qlearning.reward.PreferReuse rewardcalculateRewardFor
INFO: Reuse of the metamodel: 0.7083333
Time to get metric: 1346 ms
mai 08, 2020 6:01:06 A.M. no.hvl.projectparmorel.qlearning.QModelFixer isUnique
INFO: Solution [ErrorAction [Error: 50 A containment or bidirectional reference must be unique if its upper bound is different from 1, Action: setUpperBound, Error hierarchy: 0]
, ErrorAction [Error: 50 A containment or bidirectional reference must be unique if its upper bound is different from 1, Action: setContainmentGen, Error hierarchy: 0]
] already exists.
mai 08, 2020 6:01:06 A.M. no.hvl.projectparmorel.qlearning.QModelFixer fixModel
INFO: Solution discarded.
mai 08, 2020 6:01:06 A.M. no.hvl.projectparmorel.qlearning.QModelFixer fixModel
INFO: EPISODE 17 TOTAL REWARD 181.0



mai 08, 2020 6:01:06 A.M. no.hvl.projectparmorel.qlearning.QModelFixer handleEpisode
INFO: EPISODE 18, STEP 0, Fixing error 50: A containment or bidirectional reference must be unique if its upper bound is different from 1
mai 08, 2020 6:01:06 A.M. no.hvl.projectparmorel.qlearning.QModelFixer chooseAction
INFO: Choosing optimal action
mai 08, 2020 6:01:06 A.M. no.hvl.projectparmorel.qlearning.QModelFixer handleStep
INFO: Chose action delete in context 0 with weight 0.7157895
mai 08, 2020 6:01:08 A.M. no.hvl.projectparmorel.qlearning.QModelFixer handleStep
INFO: Next error code: 50
mai 08, 2020 6:01:08 A.M. no.hvl.projectparmorel.qlearning.QModelFixer handleStep
INFO: Calculating new Q-value:
Old Q-value: 0.7157895
Alpha: 1.0
Gamma: 1.0
Reward: -2
Next optimal action Q-value: 0.7157895
0.7157895 + 1.0 * (-2 + 1.0 * 0.7157895 - 0.7157895) = -1.2842105
mai 08, 2020 6:01:08 A.M. no.hvl.projectparmorel.qlearning.QModelFixer handleStep
INFO: Updated Q-table for error 50, context 0, action 99999 delete to new weight -1.2842105


mai 08, 2020 6:01:08 A.M. no.hvl.projectparmorel.qlearning.QModelFixer handleEpisode
INFO: EPISODE 18, STEP 1, Fixing error 50: A containment or bidirectional reference must be unique if its upper bound is different from 1
mai 08, 2020 6:01:08 A.M. no.hvl.projectparmorel.qlearning.QModelFixer chooseAction
INFO: Choosing optimal action
mai 08, 2020 6:01:08 A.M. no.hvl.projectparmorel.qlearning.QModelFixer handleStep
INFO: Chose action setContainmentGen in context 0 with weight 0.7083333
mai 08, 2020 6:01:08 A.M. no.hvl.projectparmorel.qlearning.QModelFixer updateQTable
INFO: Calculating new Q-value:
Old Q-value: 0.7083333
Alpha: 1.0
Gamma:1.0

Reward: -2
0.7083333 + 1.0 * (-2 + 1.0 - 0.7083333) = -1.0
mai 08, 2020 6:01:08 A.M. no.hvl.projectparmorel.qlearning.QModelFixer updateQTable
INFO: Updated Q-table for error 50, context 0, action 1062131977 to new weight -1.0
mai 08, 2020 6:01:08 A.M. no.hvl.projectparmorel.qlearning.ecore.EcoreSolution calculateDistanceFromOriginal
INFO: Calculated the distance between the models to 92.0
mai 08, 2020 6:01:08 A.M. no.hvl.projectparmorel.qlearning.reward.PreferCloseDinstanceToOriginalPreference rewardcalculateRewardFor
INFO: Time to measure distance: 25 ms
mai 08, 2020 6:01:08 A.M. no.hvl.projectparmorel.qlearning.QModelFixer updateQTable
INFO: Calculating new Q-value:
Old Q-value: -1.2842105
Alpha: 1.0
Gamma:1.0

Reward: 92
-1.2842105 + 1.0 * (92 + 1.0 - -1.2842105) = 93.0
mai 08, 2020 6:01:08 A.M. no.hvl.projectparmorel.qlearning.QModelFixer updateQTable
INFO: Updated Q-table for error 50, context 0, action 99999 to new weight 93.0
mai 08, 2020 6:01:08 A.M. no.hvl.projectparmorel.qlearning.QModelFixer updateQTable
INFO: Calculating new Q-value:
Old Q-value: -1.0
Alpha: 1.0
Gamma:1.0

Reward: 92
-1.0 + 1.0 * (92 + 1.0 - -1.0) = 93.0
mai 08, 2020 6:01:08 A.M. no.hvl.projectparmorel.qlearning.QModelFixer updateQTable
INFO: Updated Q-table for error 50, context 0, action 1062131977 to new weight 93.0
mai 08, 2020 6:01:09 A.M. no.hvl.projectparmorel.qlearning.reward.PreferReuse rewardcalculateRewardFor
INFO: Reuse of the metamodel: 0.7157895
Time to get metric: 1292 ms
mai 08, 2020 6:01:09 A.M. no.hvl.projectparmorel.qlearning.QModelFixer isUnique
INFO: Solution [ErrorAction [Error: 50 A containment or bidirectional reference must be unique if its upper bound is different from 1, Action: delete, Error hierarchy: 0]
, ErrorAction [Error: 50 A containment or bidirectional reference must be unique if its upper bound is different from 1, Action: setContainmentGen, Error hierarchy: 0]
] already exists.
mai 08, 2020 6:01:09 A.M. no.hvl.projectparmorel.qlearning.QModelFixer fixModel
INFO: Solution discarded.
mai 08, 2020 6:01:09 A.M. no.hvl.projectparmorel.qlearning.QModelFixer fixModel
INFO: EPISODE 18 TOTAL REWARD 181.0



mai 08, 2020 6:01:09 A.M. no.hvl.projectparmorel.qlearning.QModelFixer handleEpisode
INFO: EPISODE 19, STEP 0, Fixing error 50: A containment or bidirectional reference must be unique if its upper bound is different from 1
mai 08, 2020 6:01:09 A.M. no.hvl.projectparmorel.qlearning.QModelFixer chooseAction
INFO: Choosing optimal action
mai 08, 2020 6:01:09 A.M. no.hvl.projectparmorel.qlearning.QModelFixer handleStep
INFO: Chose action setContainmentGen in context 0 with weight 0.7157895
mai 08, 2020 6:01:09 A.M. no.hvl.projectparmorel.qlearning.QModelFixer handleStep
INFO: Next error code: 50
mai 08, 2020 6:01:09 A.M. no.hvl.projectparmorel.qlearning.QModelFixer handleStep
INFO: Calculating new Q-value:
Old Q-value: 0.7157895
Alpha: 1.0
Gamma: 1.0
Reward: -2
Next optimal action Q-value: 0.7157895
0.7157895 + 1.0 * (-2 + 1.0 * 0.7157895 - 0.7157895) = -1.2842105
mai 08, 2020 6:01:09 A.M. no.hvl.projectparmorel.qlearning.QModelFixer handleStep
INFO: Updated Q-table for error 50, context 0, action 1062131977 setContainmentGen to new weight -1.2842105


mai 08, 2020 6:01:09 A.M. no.hvl.projectparmorel.qlearning.QModelFixer handleEpisode
INFO: EPISODE 19, STEP 1, Fixing error 50: A containment or bidirectional reference must be unique if its upper bound is different from 1
mai 08, 2020 6:01:09 A.M. no.hvl.projectparmorel.qlearning.QModelFixer chooseAction
INFO: Choosing optimal action
mai 08, 2020 6:01:09 A.M. no.hvl.projectparmorel.qlearning.QModelFixer handleStep
INFO: Chose action delete in context 0 with weight 0.7157895
mai 08, 2020 6:01:12 A.M. no.hvl.projectparmorel.qlearning.QModelFixer updateQTable
INFO: Calculating new Q-value:
Old Q-value: 0.7157895
Alpha: 1.0
Gamma:1.0

Reward: -2
0.7157895 + 1.0 * (-2 + 1.0 - 0.7157895) = -1.0
mai 08, 2020 6:01:12 A.M. no.hvl.projectparmorel.qlearning.QModelFixer updateQTable
INFO: Updated Q-table for error 50, context 0, action 99999 to new weight -1.0
mai 08, 2020 6:01:12 A.M. no.hvl.projectparmorel.qlearning.ecore.EcoreSolution calculateDistanceFromOriginal
INFO: Calculated the distance between the models to 92.0
mai 08, 2020 6:01:12 A.M. no.hvl.projectparmorel.qlearning.reward.PreferCloseDinstanceToOriginalPreference rewardcalculateRewardFor
INFO: Time to measure distance: 26 ms
mai 08, 2020 6:01:12 A.M. no.hvl.projectparmorel.qlearning.QModelFixer updateQTable
INFO: Calculating new Q-value:
Old Q-value: -1.2842105
Alpha: 1.0
Gamma:1.0

Reward: 92
-1.2842105 + 1.0 * (92 + 1.0 - -1.2842105) = 93.0
mai 08, 2020 6:01:12 A.M. no.hvl.projectparmorel.qlearning.QModelFixer updateQTable
INFO: Updated Q-table for error 50, context 0, action 1062131977 to new weight 93.0
mai 08, 2020 6:01:12 A.M. no.hvl.projectparmorel.qlearning.QModelFixer updateQTable
INFO: Calculating new Q-value:
Old Q-value: -1.0
Alpha: 1.0
Gamma:1.0

Reward: 92
-1.0 + 1.0 * (92 + 1.0 - -1.0) = 93.0
mai 08, 2020 6:01:12 A.M. no.hvl.projectparmorel.qlearning.QModelFixer updateQTable
INFO: Updated Q-table for error 50, context 0, action 99999 to new weight 93.0
mai 08, 2020 6:01:14 A.M. no.hvl.projectparmorel.qlearning.reward.PreferReuse rewardcalculateRewardFor
INFO: Reuse of the metamodel: 0.7157895
Time to get metric: 1356 ms
mai 08, 2020 6:01:14 A.M. no.hvl.projectparmorel.qlearning.QModelFixer isUnique
INFO: Solution [ErrorAction [Error: 50 A containment or bidirectional reference must be unique if its upper bound is different from 1, Action: setContainmentGen, Error hierarchy: 0]
, ErrorAction [Error: 50 A containment or bidirectional reference must be unique if its upper bound is different from 1, Action: delete, Error hierarchy: 0]
] already exists.
mai 08, 2020 6:01:14 A.M. no.hvl.projectparmorel.qlearning.QModelFixer fixModel
INFO: Solution discarded.
mai 08, 2020 6:01:14 A.M. no.hvl.projectparmorel.qlearning.QModelFixer fixModel
INFO: EPISODE 19 TOTAL REWARD 181.0



mai 08, 2020 6:01:14 A.M. no.hvl.projectparmorel.qlearning.QModelFixer handleEpisode
INFO: EPISODE 20, STEP 0, Fixing error 50: A containment or bidirectional reference must be unique if its upper bound is different from 1
mai 08, 2020 6:01:14 A.M. no.hvl.projectparmorel.qlearning.QModelFixer chooseAction
INFO: Choosing optimal action
mai 08, 2020 6:01:14 A.M. no.hvl.projectparmorel.qlearning.QModelFixer handleStep
INFO: Chose action setContainmentGen in context 0 with weight 0.7157895
mai 08, 2020 6:01:14 A.M. no.hvl.projectparmorel.qlearning.QModelFixer handleStep
INFO: Next error code: 50
mai 08, 2020 6:01:14 A.M. no.hvl.projectparmorel.qlearning.QModelFixer handleStep
INFO: Calculating new Q-value:
Old Q-value: 0.7157895
Alpha: 1.0
Gamma: 1.0
Reward: -2
Next optimal action Q-value: 0.7157895
0.7157895 + 1.0 * (-2 + 1.0 * 0.7157895 - 0.7157895) = -1.2842105
mai 08, 2020 6:01:14 A.M. no.hvl.projectparmorel.qlearning.QModelFixer handleStep
INFO: Updated Q-table for error 50, context 0, action 1062131977 setContainmentGen to new weight -1.2842105


mai 08, 2020 6:01:14 A.M. no.hvl.projectparmorel.qlearning.QModelFixer handleEpisode
INFO: EPISODE 20, STEP 1, Fixing error 50: A containment or bidirectional reference must be unique if its upper bound is different from 1
mai 08, 2020 6:01:14 A.M. no.hvl.projectparmorel.qlearning.QModelFixer chooseAction
INFO: Choosing optimal action
mai 08, 2020 6:01:14 A.M. no.hvl.projectparmorel.qlearning.QModelFixer handleStep
INFO: Chose action delete in context 0 with weight 0.7157895
mai 08, 2020 6:01:16 A.M. no.hvl.projectparmorel.qlearning.QModelFixer updateQTable
INFO: Calculating new Q-value:
Old Q-value: 0.7157895
Alpha: 1.0
Gamma:1.0

Reward: -2
0.7157895 + 1.0 * (-2 + 1.0 - 0.7157895) = -1.0
mai 08, 2020 6:01:16 A.M. no.hvl.projectparmorel.qlearning.QModelFixer updateQTable
INFO: Updated Q-table for error 50, context 0, action 99999 to new weight -1.0
mai 08, 2020 6:01:16 A.M. no.hvl.projectparmorel.qlearning.ecore.EcoreSolution calculateDistanceFromOriginal
INFO: Calculated the distance between the models to 92.0
mai 08, 2020 6:01:16 A.M. no.hvl.projectparmorel.qlearning.reward.PreferCloseDinstanceToOriginalPreference rewardcalculateRewardFor
INFO: Time to measure distance: 24 ms
mai 08, 2020 6:01:16 A.M. no.hvl.projectparmorel.qlearning.QModelFixer updateQTable
INFO: Calculating new Q-value:
Old Q-value: -1.2842105
Alpha: 1.0
Gamma:1.0

Reward: 92
-1.2842105 + 1.0 * (92 + 1.0 - -1.2842105) = 93.0
mai 08, 2020 6:01:16 A.M. no.hvl.projectparmorel.qlearning.QModelFixer updateQTable
INFO: Updated Q-table for error 50, context 0, action 1062131977 to new weight 93.0
mai 08, 2020 6:01:16 A.M. no.hvl.projectparmorel.qlearning.QModelFixer updateQTable
INFO: Calculating new Q-value:
Old Q-value: -1.0
Alpha: 1.0
Gamma:1.0

Reward: 92
-1.0 + 1.0 * (92 + 1.0 - -1.0) = 93.0
mai 08, 2020 6:01:16 A.M. no.hvl.projectparmorel.qlearning.QModelFixer updateQTable
INFO: Updated Q-table for error 50, context 0, action 99999 to new weight 93.0
mai 08, 2020 6:01:18 A.M. no.hvl.projectparmorel.qlearning.reward.PreferReuse rewardcalculateRewardFor
INFO: Reuse of the metamodel: 0.7157895
Time to get metric: 1312 ms
mai 08, 2020 6:01:18 A.M. no.hvl.projectparmorel.qlearning.QModelFixer isUnique
INFO: Solution [ErrorAction [Error: 50 A containment or bidirectional reference must be unique if its upper bound is different from 1, Action: setContainmentGen, Error hierarchy: 0]
, ErrorAction [Error: 50 A containment or bidirectional reference must be unique if its upper bound is different from 1, Action: delete, Error hierarchy: 0]
] already exists.
mai 08, 2020 6:01:18 A.M. no.hvl.projectparmorel.qlearning.QModelFixer fixModel
INFO: Solution discarded.
mai 08, 2020 6:01:18 A.M. no.hvl.projectparmorel.qlearning.QModelFixer fixModel
INFO: EPISODE 20 TOTAL REWARD 181.0



mai 08, 2020 6:01:18 A.M. no.hvl.projectparmorel.qlearning.QModelFixer handleEpisode
INFO: EPISODE 21, STEP 0, Fixing error 50: A containment or bidirectional reference must be unique if its upper bound is different from 1
mai 08, 2020 6:01:18 A.M. no.hvl.projectparmorel.qlearning.QModelFixer chooseAction
INFO: Choosing optimal action
mai 08, 2020 6:01:18 A.M. no.hvl.projectparmorel.qlearning.QModelFixer handleStep
INFO: Chose action setContainmentGen in context 0 with weight 0.7157895
mai 08, 2020 6:01:18 A.M. no.hvl.projectparmorel.qlearning.QModelFixer handleStep
INFO: Next error code: 50
mai 08, 2020 6:01:18 A.M. no.hvl.projectparmorel.qlearning.QModelFixer handleStep
INFO: Calculating new Q-value:
Old Q-value: 0.7157895
Alpha: 1.0
Gamma: 1.0
Reward: -2
Next optimal action Q-value: 0.7157895
0.7157895 + 1.0 * (-2 + 1.0 * 0.7157895 - 0.7157895) = -1.2842105
mai 08, 2020 6:01:18 A.M. no.hvl.projectparmorel.qlearning.QModelFixer handleStep
INFO: Updated Q-table for error 50, context 0, action 1062131977 setContainmentGen to new weight -1.2842105


mai 08, 2020 6:01:18 A.M. no.hvl.projectparmorel.qlearning.QModelFixer handleEpisode
INFO: EPISODE 21, STEP 1, Fixing error 50: A containment or bidirectional reference must be unique if its upper bound is different from 1
mai 08, 2020 6:01:18 A.M. no.hvl.projectparmorel.qlearning.QModelFixer chooseAction
INFO: Choosing optimal action
mai 08, 2020 6:01:18 A.M. no.hvl.projectparmorel.qlearning.QModelFixer handleStep
INFO: Chose action delete in context 0 with weight 0.7157895
mai 08, 2020 6:01:20 A.M. no.hvl.projectparmorel.qlearning.QModelFixer updateQTable
INFO: Calculating new Q-value:
Old Q-value: 0.7157895
Alpha: 1.0
Gamma:1.0

Reward: -2
0.7157895 + 1.0 * (-2 + 1.0 - 0.7157895) = -1.0
mai 08, 2020 6:01:20 A.M. no.hvl.projectparmorel.qlearning.QModelFixer updateQTable
INFO: Updated Q-table for error 50, context 0, action 99999 to new weight -1.0
mai 08, 2020 6:01:20 A.M. no.hvl.projectparmorel.qlearning.ecore.EcoreSolution calculateDistanceFromOriginal
INFO: Calculated the distance between the models to 92.0
mai 08, 2020 6:01:20 A.M. no.hvl.projectparmorel.qlearning.reward.PreferCloseDinstanceToOriginalPreference rewardcalculateRewardFor
INFO: Time to measure distance: 23 ms
mai 08, 2020 6:01:20 A.M. no.hvl.projectparmorel.qlearning.QModelFixer updateQTable
INFO: Calculating new Q-value:
Old Q-value: -1.2842105
Alpha: 1.0
Gamma:1.0

Reward: 92
-1.2842105 + 1.0 * (92 + 1.0 - -1.2842105) = 93.0
mai 08, 2020 6:01:20 A.M. no.hvl.projectparmorel.qlearning.QModelFixer updateQTable
INFO: Updated Q-table for error 50, context 0, action 1062131977 to new weight 93.0
mai 08, 2020 6:01:20 A.M. no.hvl.projectparmorel.qlearning.QModelFixer updateQTable
INFO: Calculating new Q-value:
Old Q-value: -1.0
Alpha: 1.0
Gamma:1.0

Reward: 92
-1.0 + 1.0 * (92 + 1.0 - -1.0) = 93.0
mai 08, 2020 6:01:20 A.M. no.hvl.projectparmorel.qlearning.QModelFixer updateQTable
INFO: Updated Q-table for error 50, context 0, action 99999 to new weight 93.0
mai 08, 2020 6:01:21 A.M. no.hvl.projectparmorel.qlearning.reward.PreferReuse rewardcalculateRewardFor
INFO: Reuse of the metamodel: 0.7157895
Time to get metric: 1257 ms
mai 08, 2020 6:01:21 A.M. no.hvl.projectparmorel.qlearning.QModelFixer isUnique
INFO: Solution [ErrorAction [Error: 50 A containment or bidirectional reference must be unique if its upper bound is different from 1, Action: setContainmentGen, Error hierarchy: 0]
, ErrorAction [Error: 50 A containment or bidirectional reference must be unique if its upper bound is different from 1, Action: delete, Error hierarchy: 0]
] already exists.
mai 08, 2020 6:01:21 A.M. no.hvl.projectparmorel.qlearning.QModelFixer fixModel
INFO: Solution discarded.
mai 08, 2020 6:01:21 A.M. no.hvl.projectparmorel.qlearning.QModelFixer fixModel
INFO: EPISODE 21 TOTAL REWARD 181.0



mai 08, 2020 6:01:21 A.M. no.hvl.projectparmorel.qlearning.QModelFixer handleEpisode
INFO: EPISODE 22, STEP 0, Fixing error 50: A containment or bidirectional reference must be unique if its upper bound is different from 1
mai 08, 2020 6:01:21 A.M. no.hvl.projectparmorel.qlearning.QModelFixer chooseAction
INFO: Choosing optimal action
mai 08, 2020 6:01:21 A.M. no.hvl.projectparmorel.qlearning.QModelFixer handleStep
INFO: Chose action setContainmentGen in context 0 with weight 0.7157895
mai 08, 2020 6:01:22 A.M. no.hvl.projectparmorel.qlearning.QModelFixer handleStep
INFO: Next error code: 50
mai 08, 2020 6:01:22 A.M. no.hvl.projectparmorel.qlearning.QModelFixer handleStep
INFO: Calculating new Q-value:
Old Q-value: 0.7157895
Alpha: 1.0
Gamma: 1.0
Reward: -2
Next optimal action Q-value: 0.7157895
0.7157895 + 1.0 * (-2 + 1.0 * 0.7157895 - 0.7157895) = -1.2842105
mai 08, 2020 6:01:22 A.M. no.hvl.projectparmorel.qlearning.QModelFixer handleStep
INFO: Updated Q-table for error 50, context 0, action 1062131977 setContainmentGen to new weight -1.2842105


mai 08, 2020 6:01:22 A.M. no.hvl.projectparmorel.qlearning.QModelFixer handleEpisode
INFO: EPISODE 22, STEP 1, Fixing error 50: A containment or bidirectional reference must be unique if its upper bound is different from 1
mai 08, 2020 6:01:22 A.M. no.hvl.projectparmorel.qlearning.QModelFixer chooseAction
INFO: Choosing random action.
mai 08, 2020 6:01:22 A.M. no.hvl.projectparmorel.qlearning.QModelFixer handleStep
INFO: Chose action setUpperBound in context 0 with weight 0.7083333
mai 08, 2020 6:01:22 A.M. no.hvl.projectparmorel.qlearning.QModelFixer updateQTable
INFO: Calculating new Q-value:
Old Q-value: 0.7083333
Alpha: 1.0
Gamma:1.0

Reward: -2
0.7083333 + 1.0 * (-2 + 1.0 - 0.7083333) = -1.0
mai 08, 2020 6:01:22 A.M. no.hvl.projectparmorel.qlearning.QModelFixer updateQTable
INFO: Updated Q-table for error 50, context 0, action -969028598 to new weight -1.0
mai 08, 2020 6:01:22 A.M. no.hvl.projectparmorel.qlearning.ecore.EcoreSolution calculateDistanceFromOriginal
INFO: Calculated the distance between the models to 92.0
mai 08, 2020 6:01:22 A.M. no.hvl.projectparmorel.qlearning.reward.PreferCloseDinstanceToOriginalPreference rewardcalculateRewardFor
INFO: Time to measure distance: 25 ms
mai 08, 2020 6:01:22 A.M. no.hvl.projectparmorel.qlearning.QModelFixer updateQTable
INFO: Calculating new Q-value:
Old Q-value: -1.2842105
Alpha: 1.0
Gamma:1.0

Reward: 92
-1.2842105 + 1.0 * (92 + 1.0 - -1.2842105) = 93.0
mai 08, 2020 6:01:22 A.M. no.hvl.projectparmorel.qlearning.QModelFixer updateQTable
INFO: Updated Q-table for error 50, context 0, action 1062131977 to new weight 93.0
mai 08, 2020 6:01:22 A.M. no.hvl.projectparmorel.qlearning.QModelFixer updateQTable
INFO: Calculating new Q-value:
Old Q-value: -1.0
Alpha: 1.0
Gamma:1.0

Reward: 92
-1.0 + 1.0 * (92 + 1.0 - -1.0) = 93.0
mai 08, 2020 6:01:22 A.M. no.hvl.projectparmorel.qlearning.QModelFixer updateQTable
INFO: Updated Q-table for error 50, context 0, action -969028598 to new weight 93.0
mai 08, 2020 6:01:23 A.M. no.hvl.projectparmorel.qlearning.reward.PreferReuse rewardcalculateRewardFor
INFO: Reuse of the metamodel: 0.7083333
Time to get metric: 1332 ms
mai 08, 2020 6:01:23 A.M. no.hvl.projectparmorel.qlearning.QModelFixer fixModel
INFO: Solution added to possible solitons: [ErrorAction [Error: 50 A containment or bidirectional reference must be unique if its upper bound is different from 1, Action: setContainmentGen, Error hierarchy: 0]
, ErrorAction [Error: 50 A containment or bidirectional reference must be unique if its upper bound is different from 1, Action: setUpperBound, Error hierarchy: 0]
]
mai 08, 2020 6:01:23 A.M. no.hvl.projectparmorel.qlearning.QModelFixer fixModel
INFO: EPISODE 22 TOTAL REWARD 181.0



mai 08, 2020 6:01:23 A.M. no.hvl.projectparmorel.qlearning.QModelFixer handleEpisode
INFO: EPISODE 23, STEP 0, Fixing error 50: A containment or bidirectional reference must be unique if its upper bound is different from 1
mai 08, 2020 6:01:23 A.M. no.hvl.projectparmorel.qlearning.QModelFixer chooseAction
INFO: Choosing optimal action
mai 08, 2020 6:01:23 A.M. no.hvl.projectparmorel.qlearning.QModelFixer handleStep
INFO: Chose action delete in context 0 with weight 0.7157895
mai 08, 2020 6:01:25 A.M. no.hvl.projectparmorel.qlearning.QModelFixer handleStep
INFO: Next error code: 50
mai 08, 2020 6:01:25 A.M. no.hvl.projectparmorel.qlearning.QModelFixer handleStep
INFO: Calculating new Q-value:
Old Q-value: 0.7157895
Alpha: 1.0
Gamma: 1.0
Reward: -2
Next optimal action Q-value: 0.7157895
0.7157895 + 1.0 * (-2 + 1.0 * 0.7157895 - 0.7157895) = -1.2842105
mai 08, 2020 6:01:25 A.M. no.hvl.projectparmorel.qlearning.QModelFixer handleStep
INFO: Updated Q-table for error 50, context 0, action 99999 delete to new weight -1.2842105


mai 08, 2020 6:01:25 A.M. no.hvl.projectparmorel.qlearning.QModelFixer handleEpisode
INFO: EPISODE 23, STEP 1, Fixing error 50: A containment or bidirectional reference must be unique if its upper bound is different from 1
mai 08, 2020 6:01:25 A.M. no.hvl.projectparmorel.qlearning.QModelFixer chooseAction
INFO: Choosing random action.
mai 08, 2020 6:01:25 A.M. no.hvl.projectparmorel.qlearning.QModelFixer handleStep
INFO: Chose action setContainmentGen in context 0 with weight 0.7083333
mai 08, 2020 6:01:25 A.M. no.hvl.projectparmorel.qlearning.QModelFixer updateQTable
INFO: Calculating new Q-value:
Old Q-value: 0.7083333
Alpha: 1.0
Gamma:1.0

Reward: -2
0.7083333 + 1.0 * (-2 + 1.0 - 0.7083333) = -1.0
mai 08, 2020 6:01:25 A.M. no.hvl.projectparmorel.qlearning.QModelFixer updateQTable
INFO: Updated Q-table for error 50, context 0, action 1062131977 to new weight -1.0
mai 08, 2020 6:01:26 A.M. no.hvl.projectparmorel.qlearning.ecore.EcoreSolution calculateDistanceFromOriginal
INFO: Calculated the distance between the models to 92.0
mai 08, 2020 6:01:26 A.M. no.hvl.projectparmorel.qlearning.reward.PreferCloseDinstanceToOriginalPreference rewardcalculateRewardFor
INFO: Time to measure distance: 23 ms
mai 08, 2020 6:01:26 A.M. no.hvl.projectparmorel.qlearning.QModelFixer updateQTable
INFO: Calculating new Q-value:
Old Q-value: -1.2842105
Alpha: 1.0
Gamma:1.0

Reward: 92
-1.2842105 + 1.0 * (92 + 1.0 - -1.2842105) = 93.0
mai 08, 2020 6:01:26 A.M. no.hvl.projectparmorel.qlearning.QModelFixer updateQTable
INFO: Updated Q-table for error 50, context 0, action 99999 to new weight 93.0
mai 08, 2020 6:01:26 A.M. no.hvl.projectparmorel.qlearning.QModelFixer updateQTable
INFO: Calculating new Q-value:
Old Q-value: -1.0
Alpha: 1.0
Gamma:1.0

Reward: 92
-1.0 + 1.0 * (92 + 1.0 - -1.0) = 93.0
mai 08, 2020 6:01:26 A.M. no.hvl.projectparmorel.qlearning.QModelFixer updateQTable
INFO: Updated Q-table for error 50, context 0, action 1062131977 to new weight 93.0
mai 08, 2020 6:01:27 A.M. no.hvl.projectparmorel.qlearning.reward.PreferReuse rewardcalculateRewardFor
INFO: Reuse of the metamodel: 0.7157895
Time to get metric: 1271 ms
mai 08, 2020 6:01:27 A.M. no.hvl.projectparmorel.qlearning.QModelFixer isUnique
INFO: Solution [ErrorAction [Error: 50 A containment or bidirectional reference must be unique if its upper bound is different from 1, Action: delete, Error hierarchy: 0]
, ErrorAction [Error: 50 A containment or bidirectional reference must be unique if its upper bound is different from 1, Action: setContainmentGen, Error hierarchy: 0]
] already exists.
mai 08, 2020 6:01:27 A.M. no.hvl.projectparmorel.qlearning.QModelFixer fixModel
INFO: Solution discarded.
mai 08, 2020 6:01:27 A.M. no.hvl.projectparmorel.qlearning.QModelFixer fixModel
INFO: EPISODE 23 TOTAL REWARD 181.0



mai 08, 2020 6:01:27 A.M. no.hvl.projectparmorel.qlearning.QModelFixer handleEpisode
INFO: EPISODE 24, STEP 0, Fixing error 50: A containment or bidirectional reference must be unique if its upper bound is different from 1
mai 08, 2020 6:01:27 A.M. no.hvl.projectparmorel.qlearning.QModelFixer chooseAction
INFO: Choosing optimal action
mai 08, 2020 6:01:27 A.M. no.hvl.projectparmorel.qlearning.QModelFixer handleStep
INFO: Chose action setContainmentGen in context 0 with weight 0.7157895
mai 08, 2020 6:01:27 A.M. no.hvl.projectparmorel.qlearning.QModelFixer handleStep
INFO: Next error code: 50
mai 08, 2020 6:01:27 A.M. no.hvl.projectparmorel.qlearning.QModelFixer handleStep
INFO: Calculating new Q-value:
Old Q-value: 0.7157895
Alpha: 1.0
Gamma: 1.0
Reward: -2
Next optimal action Q-value: 0.7157895
0.7157895 + 1.0 * (-2 + 1.0 * 0.7157895 - 0.7157895) = -1.2842105
mai 08, 2020 6:01:27 A.M. no.hvl.projectparmorel.qlearning.QModelFixer handleStep
INFO: Updated Q-table for error 50, context 0, action 1062131977 setContainmentGen to new weight -1.2842105


mai 08, 2020 6:01:27 A.M. no.hvl.projectparmorel.qlearning.QModelFixer handleEpisode
INFO: EPISODE 24, STEP 1, Fixing error 50: A containment or bidirectional reference must be unique if its upper bound is different from 1
mai 08, 2020 6:01:27 A.M. no.hvl.projectparmorel.qlearning.QModelFixer chooseAction
INFO: Choosing optimal action
mai 08, 2020 6:01:27 A.M. no.hvl.projectparmorel.qlearning.QModelFixer handleStep
INFO: Chose action delete in context 0 with weight 0.7157895
mai 08, 2020 6:01:29 A.M. no.hvl.projectparmorel.qlearning.QModelFixer updateQTable
INFO: Calculating new Q-value:
Old Q-value: 0.7157895
Alpha: 1.0
Gamma:1.0

Reward: -2
0.7157895 + 1.0 * (-2 + 1.0 - 0.7157895) = -1.0
mai 08, 2020 6:01:29 A.M. no.hvl.projectparmorel.qlearning.QModelFixer updateQTable
INFO: Updated Q-table for error 50, context 0, action 99999 to new weight -1.0
mai 08, 2020 6:01:29 A.M. no.hvl.projectparmorel.qlearning.ecore.EcoreSolution calculateDistanceFromOriginal
INFO: Calculated the distance between the models to 92.0
mai 08, 2020 6:01:29 A.M. no.hvl.projectparmorel.qlearning.reward.PreferCloseDinstanceToOriginalPreference rewardcalculateRewardFor
INFO: Time to measure distance: 22 ms
mai 08, 2020 6:01:29 A.M. no.hvl.projectparmorel.qlearning.QModelFixer updateQTable
INFO: Calculating new Q-value:
Old Q-value: -1.2842105
Alpha: 1.0
Gamma:1.0

Reward: 92
-1.2842105 + 1.0 * (92 + 1.0 - -1.2842105) = 93.0
mai 08, 2020 6:01:29 A.M. no.hvl.projectparmorel.qlearning.QModelFixer updateQTable
INFO: Updated Q-table for error 50, context 0, action 1062131977 to new weight 93.0
mai 08, 2020 6:01:29 A.M. no.hvl.projectparmorel.qlearning.QModelFixer updateQTable
INFO: Calculating new Q-value:
Old Q-value: -1.0
Alpha: 1.0
Gamma:1.0

Reward: 92
-1.0 + 1.0 * (92 + 1.0 - -1.0) = 93.0
mai 08, 2020 6:01:29 A.M. no.hvl.projectparmorel.qlearning.QModelFixer updateQTable
INFO: Updated Q-table for error 50, context 0, action 99999 to new weight 93.0
mai 08, 2020 6:01:31 A.M. no.hvl.projectparmorel.qlearning.reward.PreferReuse rewardcalculateRewardFor
INFO: Reuse of the metamodel: 0.7157895
Time to get metric: 1282 ms
mai 08, 2020 6:01:31 A.M. no.hvl.projectparmorel.qlearning.QModelFixer isUnique
INFO: Solution [ErrorAction [Error: 50 A containment or bidirectional reference must be unique if its upper bound is different from 1, Action: setContainmentGen, Error hierarchy: 0]
, ErrorAction [Error: 50 A containment or bidirectional reference must be unique if its upper bound is different from 1, Action: delete, Error hierarchy: 0]
] already exists.
mai 08, 2020 6:01:31 A.M. no.hvl.projectparmorel.qlearning.QModelFixer fixModel
INFO: Solution discarded.
mai 08, 2020 6:01:31 A.M. no.hvl.projectparmorel.qlearning.QModelFixer fixModel
INFO: EPISODE 24 TOTAL REWARD 181.0



mai 08, 2020 6:01:31 A.M. no.hvl.projectparmorel.qlearning.QModelFixer fixModel
INFO: Time repairing model: 88585 ms
mai 08, 2020 6:01:31 A.M. no.hvl.projectparmorel.qlearning.QModelFixer fixModel
INFO: 
-----------------ALL SEQUENCES FOUND-------------------
SIZE: 8
DISCARDED SEQUENCES: 17
--------::::B E S T   S E Q U E N C E   I S::::---------
Sequence [id=0, seq=[ErrorAction [Error: 50 A containment or bidirectional reference must be unique if its upper bound is different from 1, Action: setContainmentGen, Error hierarchy: 0]
, ErrorAction [Error: 50 A containment or bidirectional reference must be unique if its upper bound is different from 1, Action: setContainment, Error hierarchy: 0]
], weight=181.0]

 with 2 actions.
mai 08, 2020 6:01:31 A.M. no.hvl.projectparmorel.qlearning.knowledge.Knowledge save
INFO: Saving initialized
mai 08, 2020 6:01:31 A.M. no.hvl.projectparmorel.qlearning.knowledge.Knowledge save
INFO: document prepared
mai 08, 2020 6:01:31 A.M. no.hvl.projectparmorel.qlearning.knowledge.Knowledge save
INFO: Saving completed to /Users/Magnus/Skole/DAT300/EclipseWorkspace3/ParmorelRunnable/knowledge.xml
mai 08, 2020 6:01:31 A.M. no.hvl.projectparmorel.qlearning.knowledge.Knowledge save
INFO: Saving initialized
mai 08, 2020 6:01:31 A.M. no.hvl.projectparmorel.qlearning.knowledge.Knowledge save
INFO: document prepared
mai 08, 2020 6:01:31 A.M. no.hvl.projectparmorel.qlearning.knowledge.Knowledge save
INFO: Saving completed to /Users/Magnus/Skole/DAT300/EclipseWorkspace3/ParmorelRunnable/knowledge.xml
