apr. 11, 2020 2:34:27 P.M. hvl.projectparmorel.modelrepair.QModelFixer fixModel
INFO: Repairing c6.ecore
apr. 11, 2020 2:34:27 P.M. hvl.projectparmorel.modelrepair.QModelFixer fixModel
INFO: Running with preferences [0, 2]
apr. 11, 2020 2:34:27 P.M. hvl.projectparmorel.modelrepair.QModelFixer fixModel
INFO: Initial number of errors in model: 2
Maximum number of steps per episode: 20
Errors to fix: [Error 442, message=The name '_t5SLoSkyEem_Sq-YE3RSRw' is not well formed
, Error 27, message=An operation with void return type must have an upper bound of 1 not 95
]
apr. 11, 2020 2:34:27 P.M. hvl.projectparmorel.modelrepair.QModelFixer fixModel
INFO: Initializing Q-table for the errors.
apr. 11, 2020 2:34:27 P.M. hvl.projectparmorel.modelrepair.QModelFixer fixModel
INFO: Number of episodes: 25
apr. 11, 2020 2:34:27 P.M. hvl.projectparmorel.modelrepair.QModelFixer handleEpisode
INFO: EPISODE 0, STEP 0, Fixing error 442: The name '_t5SLoSkyEem_Sq-YE3RSRw' is not well formed
apr. 11, 2020 2:34:27 P.M. hvl.projectparmorel.modelrepair.QModelFixer chooseAction
INFO: Choosing optimal action
apr. 11, 2020 2:34:27 P.M. hvl.projectparmorel.modelrepair.QModelFixer handleStep
INFO: Chose action setName in context 0 with weight 600.0
apr. 11, 2020 2:34:27 P.M. hvl.projectparmorel.modelrepair.QModelFixer handleStep
INFO: Next error code: 27
apr. 11, 2020 2:34:27 P.M. hvl.projectparmorel.modelrepair.QModelFixer handleStep
INFO: Calculating new Q-value:
Old Q-value: 600.0
Alpha: 1.0
Gamma: 1.0
Reward: 0
Next optimal action Q-value: 600.0
600.0 + 1.0 * (0 + 1.0 * 600.0 - 600.0) = 600.0
apr. 11, 2020 2:34:27 P.M. hvl.projectparmorel.modelrepair.QModelFixer handleStep
INFO: Updated Q-table for error 442, context 0, action 1614867400 setName to new weight 600.0


apr. 11, 2020 2:34:27 P.M. hvl.projectparmorel.modelrepair.QModelFixer handleEpisode
INFO: EPISODE 0, STEP 1, Fixing error 27: An operation with void return type must have an upper bound of 1 not 95
apr. 11, 2020 2:34:27 P.M. hvl.projectparmorel.modelrepair.QModelFixer chooseAction
INFO: Choosing optimal action
apr. 11, 2020 2:34:27 P.M. hvl.projectparmorel.modelrepair.QModelFixer handleStep
INFO: Chose action setUpperBound in context 0 with weight 600.0
apr. 11, 2020 2:34:27 P.M. hvl.projectparmorel.modelrepair.QModelFixer handleStep
INFO: Calculating new Q-value:
Old Q-value: 600.0
Alpha: 1.0

Reward: 0
600.0 + 1.0 * (0 - 600.0) = 0.0
apr. 11, 2020 2:34:27 P.M. hvl.projectparmorel.modelrepair.QModelFixer handleStep
INFO: Updated Q-table for error 27, context 0, action -969028598 setUpperBound to new weight 0.0
apr. 11, 2020 2:34:27 P.M. hvl.projectparmorel.modelrepair.QModelFixer handleEpisode
INFO: EPISODE 0 TOTAL REWARD 0



apr. 11, 2020 2:34:27 P.M. hvl.projectparmorel.modelrepair.QModelFixer handleEpisode
INFO: EPISODE 1, STEP 0, Fixing error 442: The name '_t5SLoSkyEem_Sq-YE3RSRw' is not well formed
apr. 11, 2020 2:34:27 P.M. hvl.projectparmorel.modelrepair.QModelFixer chooseAction
INFO: Choosing optimal action
apr. 11, 2020 2:34:27 P.M. hvl.projectparmorel.modelrepair.QModelFixer handleStep
INFO: Chose action setName in context 0 with weight 600.0
apr. 11, 2020 2:34:27 P.M. hvl.projectparmorel.modelrepair.QModelFixer handleStep
INFO: Next error code: 27
apr. 11, 2020 2:34:27 P.M. hvl.projectparmorel.modelrepair.QModelFixer handleStep
INFO: Calculating new Q-value:
Old Q-value: 600.0
Alpha: 0.9608333333333333
Gamma: 1.0
Reward: 0
Next optimal action Q-value: 2.028011750318808E-7
600.0 + 0.9608333333333333 * (0 + 1.0 * 2.028011750318808E-7 - 600.0) = 23.500000194858103
apr. 11, 2020 2:34:27 P.M. hvl.projectparmorel.modelrepair.QModelFixer handleStep
INFO: Updated Q-table for error 442, context 0, action 1614867400 setName to new weight 23.500000194858103


apr. 11, 2020 2:34:27 P.M. hvl.projectparmorel.modelrepair.QModelFixer handleEpisode
INFO: EPISODE 1, STEP 1, Fixing error 27: An operation with void return type must have an upper bound of 1 not 95
apr. 11, 2020 2:34:27 P.M. hvl.projectparmorel.modelrepair.QModelFixer chooseAction
INFO: Choosing optimal action
apr. 11, 2020 2:34:27 P.M. hvl.projectparmorel.modelrepair.QModelFixer handleStep
INFO: Chose action delete in context 0 with weight 2.028011750318808E-7
apr. 11, 2020 2:34:28 P.M. hvl.projectparmorel.modelrepair.QModelFixer handleStep
INFO: Calculating new Q-value:
Old Q-value: 2.028011750318808E-7
Alpha: 0.9608333333333333

Reward: 0
2.028011750318808E-7 + 0.9608333333333333 * (0 - 2.028011750318808E-7) = 7.943046022082005E-9
apr. 11, 2020 2:34:28 P.M. hvl.projectparmorel.modelrepair.QModelFixer handleStep
INFO: Updated Q-table for error 27, context 0, action 99999 delete to new weight 7.943046022082005E-9
apr. 11, 2020 2:34:28 P.M. hvl.projectparmorel.modelrepair.QModelFixer handleEpisode
INFO: EPISODE 1 TOTAL REWARD 0



apr. 11, 2020 2:34:28 P.M. hvl.projectparmorel.modelrepair.QModelFixer handleEpisode
INFO: EPISODE 2, STEP 0, Fixing error 442: The name '_t5SLoSkyEem_Sq-YE3RSRw' is not well formed
apr. 11, 2020 2:34:28 P.M. hvl.projectparmorel.modelrepair.QModelFixer chooseAction
INFO: Choosing optimal action
apr. 11, 2020 2:34:28 P.M. hvl.projectparmorel.modelrepair.QModelFixer handleStep
INFO: Chose action setName in context 0 with weight 23.500000194858103
apr. 11, 2020 2:34:28 P.M. hvl.projectparmorel.modelrepair.QModelFixer handleStep
INFO: Next error code: 27
apr. 11, 2020 2:34:28 P.M. hvl.projectparmorel.modelrepair.QModelFixer handleStep
INFO: Calculating new Q-value:
Old Q-value: 23.500000194858103
Alpha: 0.9216666666666666
Gamma: 1.0
Reward: 0
Next optimal action Q-value: 1.9288644401791966E-7
23.500000194858103 + 0.9216666666666666 * (0 + 1.0 * 1.9288644401791966E-7 - 23.500000194858103) = 1.8408335263742224
apr. 11, 2020 2:34:28 P.M. hvl.projectparmorel.modelrepair.QModelFixer handleStep
INFO: Updated Q-table for error 442, context 0, action 1614867400 setName to new weight 1.8408335263742224


apr. 11, 2020 2:34:28 P.M. hvl.projectparmorel.modelrepair.QModelFixer handleEpisode
INFO: EPISODE 2, STEP 1, Fixing error 27: An operation with void return type must have an upper bound of 1 not 95
apr. 11, 2020 2:34:28 P.M. hvl.projectparmorel.modelrepair.QModelFixer chooseAction
INFO: Choosing optimal action
apr. 11, 2020 2:34:28 P.M. hvl.projectparmorel.modelrepair.QModelFixer handleStep
INFO: Chose action setEType in context 0 with weight 1.9288644401791966E-7
apr. 11, 2020 2:34:28 P.M. hvl.projectparmorel.modelrepair.QModelFixer handleStep
INFO: Calculating new Q-value:
Old Q-value: 1.9288644401791966E-7
Alpha: 0.9216666666666666

Reward: 0
1.9288644401791966E-7 + 0.9216666666666666 * (0 - 1.9288644401791966E-7) = 1.5109438114737052E-8
apr. 11, 2020 2:34:28 P.M. hvl.projectparmorel.modelrepair.QModelFixer handleStep
INFO: Updated Q-table for error 27, context 0, action 591449609 setEType to new weight 1.5109438114737052E-8
apr. 11, 2020 2:34:28 P.M. hvl.projectparmorel.modelrepair.QModelFixer handleEpisode
INFO: EPISODE 2 TOTAL REWARD 0



apr. 11, 2020 2:34:28 P.M. hvl.projectparmorel.modelrepair.QModelFixer handleEpisode
INFO: EPISODE 3, STEP 0, Fixing error 442: The name '_t5SLoSkyEem_Sq-YE3RSRw' is not well formed
apr. 11, 2020 2:34:28 P.M. hvl.projectparmorel.modelrepair.QModelFixer chooseAction
INFO: Choosing optimal action
apr. 11, 2020 2:34:28 P.M. hvl.projectparmorel.modelrepair.QModelFixer handleStep
INFO: Chose action setName in context 0 with weight 1.8408335263742224
apr. 11, 2020 2:34:28 P.M. hvl.projectparmorel.modelrepair.QModelFixer handleStep
INFO: Next error code: 27
apr. 11, 2020 2:34:28 P.M. hvl.projectparmorel.modelrepair.QModelFixer handleStep
INFO: Calculating new Q-value:
Old Q-value: 1.8408335263742224
Alpha: 0.8825000000000001
Gamma: 1.0
Reward: 0
Next optimal action Q-value: 1.5109438114737052E-8
1.8408335263742224 + 0.8825000000000001 * (0 + 1.0 * 1.5109438114737052E-8 - 1.8408335263742224) = 0.2162979526830502
apr. 11, 2020 2:34:28 P.M. hvl.projectparmorel.modelrepair.QModelFixer handleStep
INFO: Updated Q-table for error 442, context 0, action 1614867400 setName to new weight 0.2162979526830502


apr. 11, 2020 2:34:28 P.M. hvl.projectparmorel.modelrepair.QModelFixer handleEpisode
INFO: EPISODE 3, STEP 1, Fixing error 27: An operation with void return type must have an upper bound of 1 not 95
apr. 11, 2020 2:34:28 P.M. hvl.projectparmorel.modelrepair.QModelFixer chooseAction
INFO: Choosing optimal action
apr. 11, 2020 2:34:28 P.M. hvl.projectparmorel.modelrepair.QModelFixer handleStep
INFO: Chose action setEType in context 0 with weight 1.5109438114737052E-8
apr. 11, 2020 2:34:28 P.M. hvl.projectparmorel.modelrepair.QModelFixer handleStep
INFO: Calculating new Q-value:
Old Q-value: 1.5109438114737052E-8
Alpha: 0.8825000000000001

Reward: 0
1.5109438114737052E-8 + 0.8825000000000001 * (0 - 1.5109438114737052E-8) = 1.7753589784816024E-9
apr. 11, 2020 2:34:28 P.M. hvl.projectparmorel.modelrepair.QModelFixer handleStep
INFO: Updated Q-table for error 27, context 0, action 591449609 setEType to new weight 1.7753589784816024E-9
apr. 11, 2020 2:34:28 P.M. hvl.projectparmorel.modelrepair.QModelFixer handleEpisode
INFO: EPISODE 3 TOTAL REWARD 0



apr. 11, 2020 2:34:28 P.M. hvl.projectparmorel.modelrepair.QModelFixer handleEpisode
INFO: EPISODE 4, STEP 0, Fixing error 442: The name '_t5SLoSkyEem_Sq-YE3RSRw' is not well formed
apr. 11, 2020 2:34:28 P.M. hvl.projectparmorel.modelrepair.QModelFixer chooseAction
INFO: Choosing optimal action
apr. 11, 2020 2:34:28 P.M. hvl.projectparmorel.modelrepair.QModelFixer handleStep
INFO: Chose action setName in context 0 with weight 0.2162979526830502
apr. 11, 2020 2:34:28 P.M. hvl.projectparmorel.modelrepair.QModelFixer handleStep
INFO: Next error code: 27
apr. 11, 2020 2:34:28 P.M. hvl.projectparmorel.modelrepair.QModelFixer handleStep
INFO: Calculating new Q-value:
Old Q-value: 0.2162979526830502
Alpha: 0.8433333333333334
Gamma: 1.0
Reward: 0
Next optimal action Q-value: 7.943046022082005E-9
0.2162979526830502 + 0.8433333333333334 * (0 + 1.0 * 7.943046022082005E-9 - 0.2162979526830502) = 0.03388668595231334
apr. 11, 2020 2:34:28 P.M. hvl.projectparmorel.modelrepair.QModelFixer handleStep
INFO: Updated Q-table for error 442, context 0, action 1614867400 setName to new weight 0.03388668595231334


apr. 11, 2020 2:34:28 P.M. hvl.projectparmorel.modelrepair.QModelFixer handleEpisode
INFO: EPISODE 4, STEP 1, Fixing error 27: An operation with void return type must have an upper bound of 1 not 95
apr. 11, 2020 2:34:28 P.M. hvl.projectparmorel.modelrepair.QModelFixer chooseAction
INFO: Choosing optimal action
apr. 11, 2020 2:34:28 P.M. hvl.projectparmorel.modelrepair.QModelFixer handleStep
INFO: Chose action delete in context 0 with weight 7.943046022082005E-9
apr. 11, 2020 2:34:29 P.M. hvl.projectparmorel.modelrepair.QModelFixer handleStep
INFO: Calculating new Q-value:
Old Q-value: 7.943046022082005E-9
Alpha: 0.8433333333333334

Reward: 0
7.943046022082005E-9 + 0.8433333333333334 * (0 - 7.943046022082005E-9) = 1.244410543459514E-9
apr. 11, 2020 2:34:29 P.M. hvl.projectparmorel.modelrepair.QModelFixer handleStep
INFO: Updated Q-table for error 27, context 0, action 99999 delete to new weight 1.244410543459514E-9
apr. 11, 2020 2:34:29 P.M. hvl.projectparmorel.modelrepair.QModelFixer handleEpisode
INFO: EPISODE 4 TOTAL REWARD 0



apr. 11, 2020 2:34:29 P.M. hvl.projectparmorel.modelrepair.QModelFixer handleEpisode
INFO: EPISODE 5, STEP 0, Fixing error 442: The name '_t5SLoSkyEem_Sq-YE3RSRw' is not well formed
apr. 11, 2020 2:34:29 P.M. hvl.projectparmorel.modelrepair.QModelFixer chooseAction
INFO: Choosing optimal action
apr. 11, 2020 2:34:29 P.M. hvl.projectparmorel.modelrepair.QModelFixer handleStep
INFO: Chose action setName in context 0 with weight 0.03388668595231334
apr. 11, 2020 2:34:29 P.M. hvl.projectparmorel.modelrepair.QModelFixer handleStep
INFO: Next error code: 27
apr. 11, 2020 2:34:29 P.M. hvl.projectparmorel.modelrepair.QModelFixer handleStep
INFO: Calculating new Q-value:
Old Q-value: 0.03388668595231334
Alpha: 0.8041666666666667
Gamma: 1.0
Reward: 0
Next optimal action Q-value: 1.7753589784816024E-9
0.03388668595231334 + 0.8041666666666667 * (0 + 1.0 * 1.7753589784816024E-9 - 0.03388668595231334) = 0.006636144093345873
apr. 11, 2020 2:34:29 P.M. hvl.projectparmorel.modelrepair.QModelFixer handleStep
INFO: Updated Q-table for error 442, context 0, action 1614867400 setName to new weight 0.006636144093345873


apr. 11, 2020 2:34:29 P.M. hvl.projectparmorel.modelrepair.QModelFixer handleEpisode
INFO: EPISODE 5, STEP 1, Fixing error 27: An operation with void return type must have an upper bound of 1 not 95
apr. 11, 2020 2:34:29 P.M. hvl.projectparmorel.modelrepair.QModelFixer chooseAction
INFO: Choosing optimal action
apr. 11, 2020 2:34:29 P.M. hvl.projectparmorel.modelrepair.QModelFixer handleStep
INFO: Chose action setEType in context 0 with weight 1.7753589784816024E-9
apr. 11, 2020 2:34:29 P.M. hvl.projectparmorel.modelrepair.QModelFixer handleStep
INFO: Calculating new Q-value:
Old Q-value: 1.7753589784816024E-9
Alpha: 0.8041666666666667

Reward: 0
1.7753589784816024E-9 + 0.8041666666666667 * (0 - 1.7753589784816024E-9) = 3.4767446661931383E-10
apr. 11, 2020 2:34:29 P.M. hvl.projectparmorel.modelrepair.QModelFixer handleStep
INFO: Updated Q-table for error 27, context 0, action 591449609 setEType to new weight 3.4767446661931383E-10
apr. 11, 2020 2:34:29 P.M. hvl.projectparmorel.modelrepair.QModelFixer handleEpisode
INFO: EPISODE 5 TOTAL REWARD 0



apr. 11, 2020 2:34:29 P.M. hvl.projectparmorel.modelrepair.QModelFixer handleEpisode
INFO: EPISODE 6, STEP 0, Fixing error 442: The name '_t5SLoSkyEem_Sq-YE3RSRw' is not well formed
apr. 11, 2020 2:34:29 P.M. hvl.projectparmorel.modelrepair.QModelFixer chooseAction
INFO: Choosing optimal action
apr. 11, 2020 2:34:29 P.M. hvl.projectparmorel.modelrepair.QModelFixer handleStep
INFO: Chose action setName in context 0 with weight 0.006636144093345873
apr. 11, 2020 2:34:29 P.M. hvl.projectparmorel.modelrepair.QModelFixer handleStep
INFO: Next error code: 27
apr. 11, 2020 2:34:29 P.M. hvl.projectparmorel.modelrepair.QModelFixer handleStep
INFO: Calculating new Q-value:
Old Q-value: 0.006636144093345873
Alpha: 0.765
Gamma: 1.0
Reward: 0
Next optimal action Q-value: 1.244410543459514E-9
0.006636144093345873 + 0.765 * (0 + 1.0 * 1.244410543459514E-9 - 0.006636144093345873) = 0.001559494813910346
apr. 11, 2020 2:34:29 P.M. hvl.projectparmorel.modelrepair.QModelFixer handleStep
INFO: Updated Q-table for error 442, context 0, action 1614867400 setName to new weight 0.001559494813910346


apr. 11, 2020 2:34:29 P.M. hvl.projectparmorel.modelrepair.QModelFixer handleEpisode
INFO: EPISODE 6, STEP 1, Fixing error 27: An operation with void return type must have an upper bound of 1 not 95
apr. 11, 2020 2:34:29 P.M. hvl.projectparmorel.modelrepair.QModelFixer chooseAction
INFO: Choosing random action.
apr. 11, 2020 2:34:29 P.M. hvl.projectparmorel.modelrepair.QModelFixer handleStep
INFO: Chose action setUpperBound in context 0 with weight 0.0
apr. 11, 2020 2:34:29 P.M. hvl.projectparmorel.modelrepair.QModelFixer handleStep
INFO: Calculating new Q-value:
Old Q-value: 0.0
Alpha: 0.765

Reward: 0
0.0 + 0.765 * (0 - 0.0) = 0.0
apr. 11, 2020 2:34:29 P.M. hvl.projectparmorel.modelrepair.QModelFixer handleStep
INFO: Updated Q-table for error 27, context 0, action -969028598 setUpperBound to new weight 0.0
apr. 11, 2020 2:34:29 P.M. hvl.projectparmorel.modelrepair.QModelFixer handleEpisode
INFO: EPISODE 6 TOTAL REWARD 0



apr. 11, 2020 2:34:29 P.M. hvl.projectparmorel.modelrepair.QModelFixer handleEpisode
INFO: EPISODE 7, STEP 0, Fixing error 442: The name '_t5SLoSkyEem_Sq-YE3RSRw' is not well formed
apr. 11, 2020 2:34:29 P.M. hvl.projectparmorel.modelrepair.QModelFixer chooseAction
INFO: Choosing optimal action
apr. 11, 2020 2:34:29 P.M. hvl.projectparmorel.modelrepair.QModelFixer handleStep
INFO: Chose action setName in context 0 with weight 0.001559494813910346
apr. 11, 2020 2:34:29 P.M. hvl.projectparmorel.modelrepair.QModelFixer handleStep
INFO: Next error code: 27
apr. 11, 2020 2:34:29 P.M. hvl.projectparmorel.modelrepair.QModelFixer handleStep
INFO: Calculating new Q-value:
Old Q-value: 0.001559494813910346
Alpha: 0.7258333333333333
Gamma: 1.0
Reward: 0
Next optimal action Q-value: 1.244410543459514E-9
0.001559494813910346 + 0.7258333333333333 * (0 + 1.0 * 1.244410543459514E-9 - 0.001559494813910346) = 4.275623980484059E-4
apr. 11, 2020 2:34:29 P.M. hvl.projectparmorel.modelrepair.QModelFixer handleStep
INFO: Updated Q-table for error 442, context 0, action 1614867400 setName to new weight 4.275623980484059E-4


apr. 11, 2020 2:34:29 P.M. hvl.projectparmorel.modelrepair.QModelFixer handleEpisode
INFO: EPISODE 7, STEP 1, Fixing error 27: An operation with void return type must have an upper bound of 1 not 95
apr. 11, 2020 2:34:29 P.M. hvl.projectparmorel.modelrepair.QModelFixer chooseAction
INFO: Choosing optimal action
apr. 11, 2020 2:34:29 P.M. hvl.projectparmorel.modelrepair.QModelFixer handleStep
INFO: Chose action delete in context 0 with weight 1.244410543459514E-9
apr. 11, 2020 2:34:30 P.M. hvl.projectparmorel.modelrepair.QModelFixer handleStep
INFO: Calculating new Q-value:
Old Q-value: 1.244410543459514E-9
Alpha: 0.7258333333333333

Reward: 0
1.244410543459514E-9 + 0.7258333333333333 * (0 - 1.244410543459514E-9) = 3.4117589066515004E-10
apr. 11, 2020 2:34:30 P.M. hvl.projectparmorel.modelrepair.QModelFixer handleStep
INFO: Updated Q-table for error 27, context 0, action 99999 delete to new weight 3.4117589066515004E-10
apr. 11, 2020 2:34:30 P.M. hvl.projectparmorel.modelrepair.QModelFixer handleEpisode
INFO: EPISODE 7 TOTAL REWARD 0



apr. 11, 2020 2:34:30 P.M. hvl.projectparmorel.modelrepair.QModelFixer handleEpisode
INFO: EPISODE 8, STEP 0, Fixing error 442: The name '_t5SLoSkyEem_Sq-YE3RSRw' is not well formed
apr. 11, 2020 2:34:30 P.M. hvl.projectparmorel.modelrepair.QModelFixer chooseAction
INFO: Choosing random action.
apr. 11, 2020 2:34:30 P.M. hvl.projectparmorel.modelrepair.QModelFixer handleStep
INFO: Chose action delete in context 0 with weight 0.0
apr. 11, 2020 2:34:31 P.M. hvl.projectparmorel.modelrepair.QModelFixer handleStep
INFO: Calculating new Q-value:
Old Q-value: 0.0
Alpha: 0.6866666666666668

Reward: 0
0.0 + 0.6866666666666668 * (0 - 0.0) = 0.0
apr. 11, 2020 2:34:31 P.M. hvl.projectparmorel.modelrepair.QModelFixer handleStep
INFO: Updated Q-table for error 442, context 0, action 99999 delete to new weight 0.0
apr. 11, 2020 2:34:31 P.M. hvl.projectparmorel.modelrepair.QModelFixer handleEpisode
INFO: EPISODE 8 TOTAL REWARD 0



apr. 11, 2020 2:34:31 P.M. hvl.projectparmorel.modelrepair.QModelFixer handleEpisode
INFO: EPISODE 9, STEP 0, Fixing error 442: The name '_t5SLoSkyEem_Sq-YE3RSRw' is not well formed
apr. 11, 2020 2:34:31 P.M. hvl.projectparmorel.modelrepair.QModelFixer chooseAction
INFO: Choosing optimal action
apr. 11, 2020 2:34:31 P.M. hvl.projectparmorel.modelrepair.QModelFixer handleStep
INFO: Chose action setName in context 0 with weight 4.275623980484059E-4
apr. 11, 2020 2:34:31 P.M. hvl.projectparmorel.modelrepair.QModelFixer handleStep
INFO: Next error code: 27
apr. 11, 2020 2:34:31 P.M. hvl.projectparmorel.modelrepair.QModelFixer handleStep
INFO: Calculating new Q-value:
Old Q-value: 4.275623980484059E-4
Alpha: 0.6475
Gamma: 1.0
Reward: 0
Next optimal action Q-value: 3.4767446661931383E-10
4.275623980484059E-4 + 0.6475 * (0 + 1.0 * 3.4767446661931383E-10 - 4.275623980484059E-4) = 1.5071597043128025E-4
apr. 11, 2020 2:34:31 P.M. hvl.projectparmorel.modelrepair.QModelFixer handleStep
INFO: Updated Q-table for error 442, context 0, action 1614867400 setName to new weight 1.5071597043128025E-4


apr. 11, 2020 2:34:31 P.M. hvl.projectparmorel.modelrepair.QModelFixer handleEpisode
INFO: EPISODE 9, STEP 1, Fixing error 27: An operation with void return type must have an upper bound of 1 not 95
apr. 11, 2020 2:34:31 P.M. hvl.projectparmorel.modelrepair.QModelFixer chooseAction
INFO: Choosing optimal action
apr. 11, 2020 2:34:31 P.M. hvl.projectparmorel.modelrepair.QModelFixer handleStep
INFO: Chose action setEType in context 0 with weight 3.4767446661931383E-10
apr. 11, 2020 2:34:31 P.M. hvl.projectparmorel.modelrepair.QModelFixer handleStep
INFO: Calculating new Q-value:
Old Q-value: 3.4767446661931383E-10
Alpha: 0.6475

Reward: 0
3.4767446661931383E-10 + 0.6475 * (0 - 3.4767446661931383E-10) = 1.2255524948330814E-10
apr. 11, 2020 2:34:31 P.M. hvl.projectparmorel.modelrepair.QModelFixer handleStep
INFO: Updated Q-table for error 27, context 0, action 591449609 setEType to new weight 1.2255524948330814E-10
apr. 11, 2020 2:34:31 P.M. hvl.projectparmorel.modelrepair.QModelFixer handleEpisode
INFO: EPISODE 9 TOTAL REWARD 0



apr. 11, 2020 2:34:31 P.M. hvl.projectparmorel.modelrepair.QModelFixer handleEpisode
INFO: EPISODE 10, STEP 0, Fixing error 442: The name '_t5SLoSkyEem_Sq-YE3RSRw' is not well formed
apr. 11, 2020 2:34:31 P.M. hvl.projectparmorel.modelrepair.QModelFixer chooseAction
INFO: Choosing optimal action
apr. 11, 2020 2:34:31 P.M. hvl.projectparmorel.modelrepair.QModelFixer handleStep
INFO: Chose action setName in context 0 with weight 1.5071597043128025E-4
apr. 11, 2020 2:34:31 P.M. hvl.projectparmorel.modelrepair.QModelFixer handleStep
INFO: Next error code: 27
apr. 11, 2020 2:34:31 P.M. hvl.projectparmorel.modelrepair.QModelFixer handleStep
INFO: Calculating new Q-value:
Old Q-value: 1.5071597043128025E-4
Alpha: 0.6083333333333334
Gamma: 1.0
Reward: 0
Next optimal action Q-value: 3.4117589066515004E-10
1.5071597043128025E-4 + 0.6083333333333334 * (0 + 1.0 * 3.4117589066515004E-10 - 1.5071597043128025E-4) = 5.903062930091824E-5
apr. 11, 2020 2:34:31 P.M. hvl.projectparmorel.modelrepair.QModelFixer handleStep
INFO: Updated Q-table for error 442, context 0, action 1614867400 setName to new weight 5.903062930091824E-5


apr. 11, 2020 2:34:31 P.M. hvl.projectparmorel.modelrepair.QModelFixer handleEpisode
INFO: EPISODE 10, STEP 1, Fixing error 27: An operation with void return type must have an upper bound of 1 not 95
apr. 11, 2020 2:34:31 P.M. hvl.projectparmorel.modelrepair.QModelFixer chooseAction
INFO: Choosing optimal action
apr. 11, 2020 2:34:31 P.M. hvl.projectparmorel.modelrepair.QModelFixer handleStep
INFO: Chose action delete in context 0 with weight 3.4117589066515004E-10
apr. 11, 2020 2:34:32 P.M. hvl.projectparmorel.modelrepair.QModelFixer handleStep
INFO: Calculating new Q-value:
Old Q-value: 3.4117589066515004E-10
Alpha: 0.6083333333333334

Reward: 0
3.4117589066515004E-10 + 0.6083333333333334 * (0 - 3.4117589066515004E-10) = 1.336272238438504E-10
apr. 11, 2020 2:34:32 P.M. hvl.projectparmorel.modelrepair.QModelFixer handleStep
INFO: Updated Q-table for error 27, context 0, action 99999 delete to new weight 1.336272238438504E-10
apr. 11, 2020 2:34:32 P.M. hvl.projectparmorel.modelrepair.QModelFixer handleEpisode
INFO: EPISODE 10 TOTAL REWARD 0



apr. 11, 2020 2:34:32 P.M. hvl.projectparmorel.modelrepair.QModelFixer handleEpisode
INFO: EPISODE 11, STEP 0, Fixing error 442: The name '_t5SLoSkyEem_Sq-YE3RSRw' is not well formed
apr. 11, 2020 2:34:32 P.M. hvl.projectparmorel.modelrepair.QModelFixer chooseAction
INFO: Choosing random action.
apr. 11, 2020 2:34:32 P.M. hvl.projectparmorel.modelrepair.QModelFixer handleStep
INFO: Chose action setName in context 0 with weight 5.903062930091824E-5
apr. 11, 2020 2:34:32 P.M. hvl.projectparmorel.modelrepair.QModelFixer handleStep
INFO: Next error code: 27
apr. 11, 2020 2:34:32 P.M. hvl.projectparmorel.modelrepair.QModelFixer handleStep
INFO: Calculating new Q-value:
Old Q-value: 5.903062930091824E-5
Alpha: 0.5691666666666666
Gamma: 1.0
Reward: 0
Next optimal action Q-value: 1.336272238438504E-10
5.903062930091824E-5 + 0.5691666666666666 * (0 + 1.0 * 1.336272238438504E-10 - 5.903062930091824E-5) = 2.5432438846640515E-5
apr. 11, 2020 2:34:32 P.M. hvl.projectparmorel.modelrepair.QModelFixer handleStep
INFO: Updated Q-table for error 442, context 0, action 1614867400 setName to new weight 2.5432438846640515E-5


apr. 11, 2020 2:34:32 P.M. hvl.projectparmorel.modelrepair.QModelFixer handleEpisode
INFO: EPISODE 11, STEP 1, Fixing error 27: An operation with void return type must have an upper bound of 1 not 95
apr. 11, 2020 2:34:32 P.M. hvl.projectparmorel.modelrepair.QModelFixer chooseAction
INFO: Choosing random action.
apr. 11, 2020 2:34:32 P.M. hvl.projectparmorel.modelrepair.QModelFixer handleStep
INFO: Chose action delete in context 0 with weight 1.336272238438504E-10
apr. 11, 2020 2:34:33 P.M. hvl.projectparmorel.modelrepair.QModelFixer handleStep
INFO: Calculating new Q-value:
Old Q-value: 1.336272238438504E-10
Alpha: 0.5691666666666666

Reward: 0
1.336272238438504E-10 + 0.5691666666666666 * (0 - 1.336272238438504E-10) = 5.7571062272725565E-11
apr. 11, 2020 2:34:33 P.M. hvl.projectparmorel.modelrepair.QModelFixer handleStep
INFO: Updated Q-table for error 27, context 0, action 99999 delete to new weight 5.7571062272725565E-11
apr. 11, 2020 2:34:33 P.M. hvl.projectparmorel.modelrepair.QModelFixer handleEpisode
INFO: EPISODE 11 TOTAL REWARD 0



apr. 11, 2020 2:34:33 P.M. hvl.projectparmorel.modelrepair.QModelFixer handleEpisode
INFO: EPISODE 12, STEP 0, Fixing error 442: The name '_t5SLoSkyEem_Sq-YE3RSRw' is not well formed
apr. 11, 2020 2:34:33 P.M. hvl.projectparmorel.modelrepair.QModelFixer chooseAction
INFO: Choosing optimal action
apr. 11, 2020 2:34:33 P.M. hvl.projectparmorel.modelrepair.QModelFixer handleStep
INFO: Chose action setName in context 0 with weight 2.5432438846640515E-5
apr. 11, 2020 2:34:33 P.M. hvl.projectparmorel.modelrepair.QModelFixer handleStep
INFO: Next error code: 27
apr. 11, 2020 2:34:33 P.M. hvl.projectparmorel.modelrepair.QModelFixer handleStep
INFO: Calculating new Q-value:
Old Q-value: 2.5432438846640515E-5
Alpha: 0.53
Gamma: 1.0
Reward: 0
Next optimal action Q-value: 1.2255524948330814E-10
2.5432438846640515E-5 + 0.53 * (0 + 1.0 * 1.2255524948330814E-10 - 2.5432438846640515E-5) = 1.1953311212203268E-5
apr. 11, 2020 2:34:33 P.M. hvl.projectparmorel.modelrepair.QModelFixer handleStep
INFO: Updated Q-table for error 442, context 0, action 1614867400 setName to new weight 1.1953311212203268E-5


apr. 11, 2020 2:34:33 P.M. hvl.projectparmorel.modelrepair.QModelFixer handleEpisode
INFO: EPISODE 12, STEP 1, Fixing error 27: An operation with void return type must have an upper bound of 1 not 95
apr. 11, 2020 2:34:33 P.M. hvl.projectparmorel.modelrepair.QModelFixer chooseAction
INFO: Choosing optimal action
apr. 11, 2020 2:34:33 P.M. hvl.projectparmorel.modelrepair.QModelFixer handleStep
INFO: Chose action setEType in context 0 with weight 1.2255524948330814E-10
apr. 11, 2020 2:34:33 P.M. hvl.projectparmorel.modelrepair.QModelFixer handleStep
INFO: Calculating new Q-value:
Old Q-value: 1.2255524948330814E-10
Alpha: 0.53

Reward: 0
1.2255524948330814E-10 + 0.53 * (0 - 1.2255524948330814E-10) = 5.760096725715482E-11
apr. 11, 2020 2:34:33 P.M. hvl.projectparmorel.modelrepair.QModelFixer handleStep
INFO: Updated Q-table for error 27, context 0, action 591449609 setEType to new weight 5.760096725715482E-11
apr. 11, 2020 2:34:33 P.M. hvl.projectparmorel.modelrepair.QModelFixer handleEpisode
INFO: EPISODE 12 TOTAL REWARD 0



apr. 11, 2020 2:34:33 P.M. hvl.projectparmorel.modelrepair.QModelFixer handleEpisode
INFO: EPISODE 13, STEP 0, Fixing error 442: The name '_t5SLoSkyEem_Sq-YE3RSRw' is not well formed
apr. 11, 2020 2:34:33 P.M. hvl.projectparmorel.modelrepair.QModelFixer chooseAction
INFO: Choosing random action.
apr. 11, 2020 2:34:33 P.M. hvl.projectparmorel.modelrepair.QModelFixer handleStep
INFO: Chose action delete in context 0 with weight 0.0
apr. 11, 2020 2:34:34 P.M. hvl.projectparmorel.modelrepair.QModelFixer handleStep
INFO: Calculating new Q-value:
Old Q-value: 0.0
Alpha: 0.49083333333333334

Reward: 0
0.0 + 0.49083333333333334 * (0 - 0.0) = 0.0
apr. 11, 2020 2:34:34 P.M. hvl.projectparmorel.modelrepair.QModelFixer handleStep
INFO: Updated Q-table for error 442, context 0, action 99999 delete to new weight 0.0
apr. 11, 2020 2:34:34 P.M. hvl.projectparmorel.modelrepair.QModelFixer handleEpisode
INFO: EPISODE 13 TOTAL REWARD 0



apr. 11, 2020 2:34:34 P.M. hvl.projectparmorel.modelrepair.QModelFixer handleEpisode
INFO: EPISODE 14, STEP 0, Fixing error 442: The name '_t5SLoSkyEem_Sq-YE3RSRw' is not well formed
apr. 11, 2020 2:34:34 P.M. hvl.projectparmorel.modelrepair.QModelFixer chooseAction
INFO: Choosing optimal action
apr. 11, 2020 2:34:34 P.M. hvl.projectparmorel.modelrepair.QModelFixer handleStep
INFO: Chose action setName in context 0 with weight 1.1953311212203268E-5
apr. 11, 2020 2:34:34 P.M. hvl.projectparmorel.modelrepair.QModelFixer handleStep
INFO: Next error code: 27
apr. 11, 2020 2:34:34 P.M. hvl.projectparmorel.modelrepair.QModelFixer handleStep
INFO: Calculating new Q-value:
Old Q-value: 1.1953311212203268E-5
Alpha: 0.45166666666666666
Gamma: 1.0
Reward: 0
Next optimal action Q-value: 5.760096725715482E-11
1.1953311212203268E-5 + 0.45166666666666666 * (0 + 1.0 * 5.760096725715482E-11 - 1.1953311212203268E-5) = 6.554424997795003E-6
apr. 11, 2020 2:34:34 P.M. hvl.projectparmorel.modelrepair.QModelFixer handleStep
INFO: Updated Q-table for error 442, context 0, action 1614867400 setName to new weight 6.554424997795003E-6


apr. 11, 2020 2:34:34 P.M. hvl.projectparmorel.modelrepair.QModelFixer handleEpisode
INFO: EPISODE 14, STEP 1, Fixing error 27: An operation with void return type must have an upper bound of 1 not 95
apr. 11, 2020 2:34:34 P.M. hvl.projectparmorel.modelrepair.QModelFixer chooseAction
INFO: Choosing random action.
apr. 11, 2020 2:34:34 P.M. hvl.projectparmorel.modelrepair.QModelFixer handleStep
INFO: Chose action setUpperBound in context 0 with weight 0.0
apr. 11, 2020 2:34:34 P.M. hvl.projectparmorel.modelrepair.QModelFixer handleStep
INFO: Calculating new Q-value:
Old Q-value: 0.0
Alpha: 0.45166666666666666

Reward: 0
0.0 + 0.45166666666666666 * (0 - 0.0) = 0.0
apr. 11, 2020 2:34:34 P.M. hvl.projectparmorel.modelrepair.QModelFixer handleStep
INFO: Updated Q-table for error 27, context 0, action -969028598 setUpperBound to new weight 0.0
apr. 11, 2020 2:34:34 P.M. hvl.projectparmorel.modelrepair.QModelFixer handleEpisode
INFO: EPISODE 14 TOTAL REWARD 0



apr. 11, 2020 2:34:34 P.M. hvl.projectparmorel.modelrepair.QModelFixer handleEpisode
INFO: EPISODE 15, STEP 0, Fixing error 442: The name '_t5SLoSkyEem_Sq-YE3RSRw' is not well formed
apr. 11, 2020 2:34:34 P.M. hvl.projectparmorel.modelrepair.QModelFixer chooseAction
INFO: Choosing optimal action
apr. 11, 2020 2:34:34 P.M. hvl.projectparmorel.modelrepair.QModelFixer handleStep
INFO: Chose action setName in context 0 with weight 6.554424997795003E-6
apr. 11, 2020 2:34:34 P.M. hvl.projectparmorel.modelrepair.QModelFixer handleStep
INFO: Next error code: 27
apr. 11, 2020 2:34:34 P.M. hvl.projectparmorel.modelrepair.QModelFixer handleStep
INFO: Calculating new Q-value:
Old Q-value: 6.554424997795003E-6
Alpha: 0.4125
Gamma: 1.0
Reward: 0
Next optimal action Q-value: 5.760096725715482E-11
6.554424997795003E-6 + 0.4125 * (0 + 1.0 * 5.760096725715482E-11 - 6.554424997795003E-6) = 3.850748446603558E-6
apr. 11, 2020 2:34:34 P.M. hvl.projectparmorel.modelrepair.QModelFixer handleStep
INFO: Updated Q-table for error 442, context 0, action 1614867400 setName to new weight 3.850748446603558E-6


apr. 11, 2020 2:34:34 P.M. hvl.projectparmorel.modelrepair.QModelFixer handleEpisode
INFO: EPISODE 15, STEP 1, Fixing error 27: An operation with void return type must have an upper bound of 1 not 95
apr. 11, 2020 2:34:34 P.M. hvl.projectparmorel.modelrepair.QModelFixer chooseAction
INFO: Choosing optimal action
apr. 11, 2020 2:34:34 P.M. hvl.projectparmorel.modelrepair.QModelFixer handleStep
INFO: Chose action setEType in context 0 with weight 5.760096725715482E-11
apr. 11, 2020 2:34:34 P.M. hvl.projectparmorel.modelrepair.QModelFixer handleStep
INFO: Calculating new Q-value:
Old Q-value: 5.760096725715482E-11
Alpha: 0.4125

Reward: 0
5.760096725715482E-11 + 0.4125 * (0 - 5.760096725715482E-11) = 3.384056826357846E-11
apr. 11, 2020 2:34:34 P.M. hvl.projectparmorel.modelrepair.QModelFixer handleStep
INFO: Updated Q-table for error 27, context 0, action 591449609 setEType to new weight 3.384056826357846E-11
apr. 11, 2020 2:34:34 P.M. hvl.projectparmorel.modelrepair.QModelFixer handleEpisode
INFO: EPISODE 15 TOTAL REWARD 0



apr. 11, 2020 2:34:34 P.M. hvl.projectparmorel.modelrepair.QModelFixer handleEpisode
INFO: EPISODE 16, STEP 0, Fixing error 442: The name '_t5SLoSkyEem_Sq-YE3RSRw' is not well formed
apr. 11, 2020 2:34:34 P.M. hvl.projectparmorel.modelrepair.QModelFixer chooseAction
INFO: Choosing optimal action
apr. 11, 2020 2:34:34 P.M. hvl.projectparmorel.modelrepair.QModelFixer handleStep
INFO: Chose action setName in context 0 with weight 3.850748446603558E-6
apr. 11, 2020 2:34:34 P.M. hvl.projectparmorel.modelrepair.QModelFixer handleStep
INFO: Next error code: 27
apr. 11, 2020 2:34:34 P.M. hvl.projectparmorel.modelrepair.QModelFixer handleStep
INFO: Calculating new Q-value:
Old Q-value: 3.850748446603558E-6
Alpha: 0.3733333333333334
Gamma: 1.0
Reward: 0
Next optimal action Q-value: 5.7571062272725565E-11
3.850748446603558E-6 + 0.3733333333333334 * (0 + 1.0 * 5.7571062272725565E-11 - 3.850748446603558E-6) = 2.413157186401478E-6
apr. 11, 2020 2:34:34 P.M. hvl.projectparmorel.modelrepair.QModelFixer handleStep
INFO: Updated Q-table for error 442, context 0, action 1614867400 setName to new weight 2.413157186401478E-6


apr. 11, 2020 2:34:34 P.M. hvl.projectparmorel.modelrepair.QModelFixer handleEpisode
INFO: EPISODE 16, STEP 1, Fixing error 27: An operation with void return type must have an upper bound of 1 not 95
apr. 11, 2020 2:34:34 P.M. hvl.projectparmorel.modelrepair.QModelFixer chooseAction
INFO: Choosing optimal action
apr. 11, 2020 2:34:34 P.M. hvl.projectparmorel.modelrepair.QModelFixer handleStep
INFO: Chose action delete in context 0 with weight 5.7571062272725565E-11
apr. 11, 2020 2:34:35 P.M. hvl.projectparmorel.modelrepair.QModelFixer handleStep
INFO: Calculating new Q-value:
Old Q-value: 5.7571062272725565E-11
Alpha: 0.3733333333333334

Reward: 0
5.7571062272725565E-11 + 0.3733333333333334 * (0 - 5.7571062272725565E-11) = 3.607786569090802E-11
apr. 11, 2020 2:34:35 P.M. hvl.projectparmorel.modelrepair.QModelFixer handleStep
INFO: Updated Q-table for error 27, context 0, action 99999 delete to new weight 3.607786569090802E-11
apr. 11, 2020 2:34:35 P.M. hvl.projectparmorel.modelrepair.QModelFixer handleEpisode
INFO: EPISODE 16 TOTAL REWARD 0



apr. 11, 2020 2:34:35 P.M. hvl.projectparmorel.modelrepair.QModelFixer handleEpisode
INFO: EPISODE 17, STEP 0, Fixing error 442: The name '_t5SLoSkyEem_Sq-YE3RSRw' is not well formed
apr. 11, 2020 2:34:35 P.M. hvl.projectparmorel.modelrepair.QModelFixer chooseAction
INFO: Choosing optimal action
apr. 11, 2020 2:34:35 P.M. hvl.projectparmorel.modelrepair.QModelFixer handleStep
INFO: Chose action setName in context 0 with weight 2.413157186401478E-6
apr. 11, 2020 2:34:35 P.M. hvl.projectparmorel.modelrepair.QModelFixer handleStep
INFO: Next error code: 27
apr. 11, 2020 2:34:35 P.M. hvl.projectparmorel.modelrepair.QModelFixer handleStep
INFO: Calculating new Q-value:
Old Q-value: 2.413157186401478E-6
Alpha: 0.3341666666666667
Gamma: 1.0
Reward: 0
Next optimal action Q-value: 3.607786569090802E-11
2.413157186401478E-6 + 0.3341666666666667 * (0 + 1.0 * 3.607786569090802E-11 - 2.413157186401478E-6) = 1.6067725492991022E-6
apr. 11, 2020 2:34:35 P.M. hvl.projectparmorel.modelrepair.QModelFixer handleStep
INFO: Updated Q-table for error 442, context 0, action 1614867400 setName to new weight 1.6067725492991022E-6


apr. 11, 2020 2:34:35 P.M. hvl.projectparmorel.modelrepair.QModelFixer handleEpisode
INFO: EPISODE 17, STEP 1, Fixing error 27: An operation with void return type must have an upper bound of 1 not 95
apr. 11, 2020 2:34:35 P.M. hvl.projectparmorel.modelrepair.QModelFixer chooseAction
INFO: Choosing optimal action
apr. 11, 2020 2:34:35 P.M. hvl.projectparmorel.modelrepair.QModelFixer handleStep
INFO: Chose action delete in context 0 with weight 3.607786569090802E-11
apr. 11, 2020 2:34:35 P.M. hvl.projectparmorel.modelrepair.QModelFixer handleStep
INFO: Calculating new Q-value:
Old Q-value: 3.607786569090802E-11
Alpha: 0.3341666666666667

Reward: 0
3.607786569090802E-11 + 0.3341666666666667 * (0 - 3.607786569090802E-11) = 2.4021845572529588E-11
apr. 11, 2020 2:34:35 P.M. hvl.projectparmorel.modelrepair.QModelFixer handleStep
INFO: Updated Q-table for error 27, context 0, action 99999 delete to new weight 2.4021845572529588E-11
apr. 11, 2020 2:34:35 P.M. hvl.projectparmorel.modelrepair.QModelFixer handleEpisode
INFO: EPISODE 17 TOTAL REWARD 0



apr. 11, 2020 2:34:35 P.M. hvl.projectparmorel.modelrepair.QModelFixer handleEpisode
INFO: EPISODE 18, STEP 0, Fixing error 442: The name '_t5SLoSkyEem_Sq-YE3RSRw' is not well formed
apr. 11, 2020 2:34:35 P.M. hvl.projectparmorel.modelrepair.QModelFixer chooseAction
INFO: Choosing optimal action
apr. 11, 2020 2:34:35 P.M. hvl.projectparmorel.modelrepair.QModelFixer handleStep
INFO: Chose action setName in context 0 with weight 1.6067725492991022E-6
apr. 11, 2020 2:34:36 P.M. hvl.projectparmorel.modelrepair.QModelFixer handleStep
INFO: Next error code: 27
apr. 11, 2020 2:34:36 P.M. hvl.projectparmorel.modelrepair.QModelFixer handleStep
INFO: Calculating new Q-value:
Old Q-value: 1.6067725492991022E-6
Alpha: 0.29500000000000004
Gamma: 1.0
Reward: 0
Next optimal action Q-value: 3.384056826357846E-11
1.6067725492991022E-6 + 0.29500000000000004 * (0 + 1.0 * 3.384056826357846E-11 - 1.6067725492991022E-6) = 1.1327846302235048E-6
apr. 11, 2020 2:34:36 P.M. hvl.projectparmorel.modelrepair.QModelFixer handleStep
INFO: Updated Q-table for error 442, context 0, action 1614867400 setName to new weight 1.1327846302235048E-6


apr. 11, 2020 2:34:36 P.M. hvl.projectparmorel.modelrepair.QModelFixer handleEpisode
INFO: EPISODE 18, STEP 1, Fixing error 27: An operation with void return type must have an upper bound of 1 not 95
apr. 11, 2020 2:34:36 P.M. hvl.projectparmorel.modelrepair.QModelFixer chooseAction
INFO: Choosing random action.
apr. 11, 2020 2:34:36 P.M. hvl.projectparmorel.modelrepair.QModelFixer handleStep
INFO: Chose action setUpperBound in context 0 with weight 0.0
apr. 11, 2020 2:34:36 P.M. hvl.projectparmorel.modelrepair.QModelFixer handleStep
INFO: Calculating new Q-value:
Old Q-value: 0.0
Alpha: 0.29500000000000004

Reward: 0
0.0 + 0.29500000000000004 * (0 - 0.0) = 0.0
apr. 11, 2020 2:34:36 P.M. hvl.projectparmorel.modelrepair.QModelFixer handleStep
INFO: Updated Q-table for error 27, context 0, action -969028598 setUpperBound to new weight 0.0
apr. 11, 2020 2:34:36 P.M. hvl.projectparmorel.modelrepair.QModelFixer handleEpisode
INFO: EPISODE 18 TOTAL REWARD 0



apr. 11, 2020 2:34:36 P.M. hvl.projectparmorel.modelrepair.QModelFixer handleEpisode
INFO: EPISODE 19, STEP 0, Fixing error 442: The name '_t5SLoSkyEem_Sq-YE3RSRw' is not well formed
apr. 11, 2020 2:34:36 P.M. hvl.projectparmorel.modelrepair.QModelFixer chooseAction
INFO: Choosing optimal action
apr. 11, 2020 2:34:36 P.M. hvl.projectparmorel.modelrepair.QModelFixer handleStep
INFO: Chose action setName in context 0 with weight 1.1327846302235048E-6
apr. 11, 2020 2:34:36 P.M. hvl.projectparmorel.modelrepair.QModelFixer handleStep
INFO: Next error code: 27
apr. 11, 2020 2:34:36 P.M. hvl.projectparmorel.modelrepair.QModelFixer handleStep
INFO: Calculating new Q-value:
Old Q-value: 1.1327846302235048E-6
Alpha: 0.25583333333333336
Gamma: 1.0
Reward: 0
Next optimal action Q-value: 3.384056826357846E-11
1.1327846302235048E-6 + 0.25583333333333336 * (0 + 1.0 * 3.384056826357846E-11 - 1.1327846302235048E-6) = 8.429892198700389E-7
apr. 11, 2020 2:34:36 P.M. hvl.projectparmorel.modelrepair.QModelFixer handleStep
INFO: Updated Q-table for error 442, context 0, action 1614867400 setName to new weight 8.429892198700389E-7


apr. 11, 2020 2:34:36 P.M. hvl.projectparmorel.modelrepair.QModelFixer handleEpisode
INFO: EPISODE 19, STEP 1, Fixing error 27: An operation with void return type must have an upper bound of 1 not 95
apr. 11, 2020 2:34:36 P.M. hvl.projectparmorel.modelrepair.QModelFixer chooseAction
INFO: Choosing optimal action
apr. 11, 2020 2:34:36 P.M. hvl.projectparmorel.modelrepair.QModelFixer handleStep
INFO: Chose action setEType in context 0 with weight 3.384056826357846E-11
apr. 11, 2020 2:34:36 P.M. hvl.projectparmorel.modelrepair.QModelFixer handleStep
INFO: Calculating new Q-value:
Old Q-value: 3.384056826357846E-11
Alpha: 0.25583333333333336

Reward: 0
3.384056826357846E-11 + 0.25583333333333336 * (0 - 3.384056826357846E-11) = 2.518302288281297E-11
apr. 11, 2020 2:34:36 P.M. hvl.projectparmorel.modelrepair.QModelFixer handleStep
INFO: Updated Q-table for error 27, context 0, action 591449609 setEType to new weight 2.518302288281297E-11
apr. 11, 2020 2:34:36 P.M. hvl.projectparmorel.modelrepair.QModelFixer handleEpisode
INFO: EPISODE 19 TOTAL REWARD 0



apr. 11, 2020 2:34:36 P.M. hvl.projectparmorel.modelrepair.QModelFixer handleEpisode
INFO: EPISODE 20, STEP 0, Fixing error 442: The name '_t5SLoSkyEem_Sq-YE3RSRw' is not well formed
apr. 11, 2020 2:34:36 P.M. hvl.projectparmorel.modelrepair.QModelFixer chooseAction
INFO: Choosing optimal action
apr. 11, 2020 2:34:36 P.M. hvl.projectparmorel.modelrepair.QModelFixer handleStep
INFO: Chose action setName in context 0 with weight 8.429892198700389E-7
apr. 11, 2020 2:34:36 P.M. hvl.projectparmorel.modelrepair.QModelFixer handleStep
INFO: Next error code: 27
apr. 11, 2020 2:34:36 P.M. hvl.projectparmorel.modelrepair.QModelFixer handleStep
INFO: Calculating new Q-value:
Old Q-value: 8.429892198700389E-7
Alpha: 0.21666666666666679
Gamma: 1.0
Reward: 0
Next optimal action Q-value: 2.518302288281297E-11
8.429892198700389E-7 + 0.21666666666666679 * (0 + 1.0 * 2.518302288281297E-11 - 8.429892198700389E-7) = 6.603470118864883E-7
apr. 11, 2020 2:34:36 P.M. hvl.projectparmorel.modelrepair.QModelFixer handleStep
INFO: Updated Q-table for error 442, context 0, action 1614867400 setName to new weight 6.603470118864883E-7


apr. 11, 2020 2:34:36 P.M. hvl.projectparmorel.modelrepair.QModelFixer handleEpisode
INFO: EPISODE 20, STEP 1, Fixing error 27: An operation with void return type must have an upper bound of 1 not 95
apr. 11, 2020 2:34:36 P.M. hvl.projectparmorel.modelrepair.QModelFixer chooseAction
INFO: Choosing optimal action
apr. 11, 2020 2:34:36 P.M. hvl.projectparmorel.modelrepair.QModelFixer handleStep
INFO: Chose action setEType in context 0 with weight 2.518302288281297E-11
apr. 11, 2020 2:34:36 P.M. hvl.projectparmorel.modelrepair.QModelFixer handleStep
INFO: Calculating new Q-value:
Old Q-value: 2.518302288281297E-11
Alpha: 0.21666666666666679

Reward: 0
2.518302288281297E-11 + 0.21666666666666679 * (0 - 2.518302288281297E-11) = 1.9726701258203492E-11
apr. 11, 2020 2:34:36 P.M. hvl.projectparmorel.modelrepair.QModelFixer handleStep
INFO: Updated Q-table for error 27, context 0, action 591449609 setEType to new weight 1.9726701258203492E-11
apr. 11, 2020 2:34:36 P.M. hvl.projectparmorel.modelrepair.QModelFixer handleEpisode
INFO: EPISODE 20 TOTAL REWARD 0



apr. 11, 2020 2:34:36 P.M. hvl.projectparmorel.modelrepair.QModelFixer handleEpisode
INFO: EPISODE 21, STEP 0, Fixing error 442: The name '_t5SLoSkyEem_Sq-YE3RSRw' is not well formed
apr. 11, 2020 2:34:36 P.M. hvl.projectparmorel.modelrepair.QModelFixer chooseAction
INFO: Choosing optimal action
apr. 11, 2020 2:34:36 P.M. hvl.projectparmorel.modelrepair.QModelFixer handleStep
INFO: Chose action setName in context 0 with weight 6.603470118864883E-7
apr. 11, 2020 2:34:36 P.M. hvl.projectparmorel.modelrepair.QModelFixer handleStep
INFO: Next error code: 27
apr. 11, 2020 2:34:36 P.M. hvl.projectparmorel.modelrepair.QModelFixer handleStep
INFO: Calculating new Q-value:
Old Q-value: 6.603470118864883E-7
Alpha: 0.1775000000000001
Gamma: 1.0
Reward: 0
Next optimal action Q-value: 2.4021845572529588E-11
6.603470118864883E-7 + 0.1775000000000001 * (0 + 1.0 * 2.4021845572529588E-11 - 6.603470118864883E-7) = 5.431396811542256E-7
apr. 11, 2020 2:34:36 P.M. hvl.projectparmorel.modelrepair.QModelFixer handleStep
INFO: Updated Q-table for error 442, context 0, action 1614867400 setName to new weight 5.431396811542256E-7


apr. 11, 2020 2:34:36 P.M. hvl.projectparmorel.modelrepair.QModelFixer handleEpisode
INFO: EPISODE 21, STEP 1, Fixing error 27: An operation with void return type must have an upper bound of 1 not 95
apr. 11, 2020 2:34:36 P.M. hvl.projectparmorel.modelrepair.QModelFixer chooseAction
INFO: Choosing optimal action
apr. 11, 2020 2:34:36 P.M. hvl.projectparmorel.modelrepair.QModelFixer handleStep
INFO: Chose action delete in context 0 with weight 2.4021845572529588E-11
apr. 11, 2020 2:34:36 P.M. hvl.projectparmorel.modelrepair.QModelFixer handleStep
INFO: Calculating new Q-value:
Old Q-value: 2.4021845572529588E-11
Alpha: 0.1775000000000001

Reward: 0
2.4021845572529588E-11 + 0.1775000000000001 * (0 - 2.4021845572529588E-11) = 1.9757967983405582E-11
apr. 11, 2020 2:34:36 P.M. hvl.projectparmorel.modelrepair.QModelFixer handleStep
INFO: Updated Q-table for error 27, context 0, action 99999 delete to new weight 1.9757967983405582E-11
apr. 11, 2020 2:34:36 P.M. hvl.projectparmorel.modelrepair.QModelFixer handleEpisode
INFO: EPISODE 21 TOTAL REWARD 0



apr. 11, 2020 2:34:36 P.M. hvl.projectparmorel.modelrepair.QModelFixer handleEpisode
INFO: EPISODE 22, STEP 0, Fixing error 442: The name '_t5SLoSkyEem_Sq-YE3RSRw' is not well formed
apr. 11, 2020 2:34:36 P.M. hvl.projectparmorel.modelrepair.QModelFixer chooseAction
INFO: Choosing optimal action
apr. 11, 2020 2:34:36 P.M. hvl.projectparmorel.modelrepair.QModelFixer handleStep
INFO: Chose action setName in context 0 with weight 5.431396811542256E-7
apr. 11, 2020 2:34:36 P.M. hvl.projectparmorel.modelrepair.QModelFixer handleStep
INFO: Next error code: 27
apr. 11, 2020 2:34:36 P.M. hvl.projectparmorel.modelrepair.QModelFixer handleStep
INFO: Calculating new Q-value:
Old Q-value: 5.431396811542256E-7
Alpha: 0.1383333333333333
Gamma: 1.0
Reward: 0
Next optimal action Q-value: 1.9757967983405582E-11
5.431396811542256E-7 + 0.1383333333333333 * (0 + 1.0 * 1.9757967983405582E-11 - 5.431396811542256E-7) = 4.680080917801288E-7
apr. 11, 2020 2:34:36 P.M. hvl.projectparmorel.modelrepair.QModelFixer handleStep
INFO: Updated Q-table for error 442, context 0, action 1614867400 setName to new weight 4.680080917801288E-7


apr. 11, 2020 2:34:36 P.M. hvl.projectparmorel.modelrepair.QModelFixer handleEpisode
INFO: EPISODE 22, STEP 1, Fixing error 27: An operation with void return type must have an upper bound of 1 not 95
apr. 11, 2020 2:34:36 P.M. hvl.projectparmorel.modelrepair.QModelFixer chooseAction
INFO: Choosing optimal action
apr. 11, 2020 2:34:36 P.M. hvl.projectparmorel.modelrepair.QModelFixer handleStep
INFO: Chose action delete in context 0 with weight 1.9757967983405582E-11
apr. 11, 2020 2:34:37 P.M. hvl.projectparmorel.modelrepair.QModelFixer handleStep
INFO: Calculating new Q-value:
Old Q-value: 1.9757967983405582E-11
Alpha: 0.1383333333333333

Reward: 0
1.9757967983405582E-11 + 0.1383333333333333 * (0 - 1.9757967983405582E-11) = 1.7024782412367812E-11
apr. 11, 2020 2:34:37 P.M. hvl.projectparmorel.modelrepair.QModelFixer handleStep
INFO: Updated Q-table for error 27, context 0, action 99999 delete to new weight 1.7024782412367812E-11
apr. 11, 2020 2:34:37 P.M. hvl.projectparmorel.modelrepair.QModelFixer handleEpisode
INFO: EPISODE 22 TOTAL REWARD 0



apr. 11, 2020 2:34:37 P.M. hvl.projectparmorel.modelrepair.QModelFixer handleEpisode
INFO: EPISODE 23, STEP 0, Fixing error 442: The name '_t5SLoSkyEem_Sq-YE3RSRw' is not well formed
apr. 11, 2020 2:34:37 P.M. hvl.projectparmorel.modelrepair.QModelFixer chooseAction
INFO: Choosing optimal action
apr. 11, 2020 2:34:37 P.M. hvl.projectparmorel.modelrepair.QModelFixer handleStep
INFO: Chose action setName in context 0 with weight 4.680080917801288E-7
apr. 11, 2020 2:34:37 P.M. hvl.projectparmorel.modelrepair.QModelFixer handleStep
INFO: Next error code: 27
apr. 11, 2020 2:34:37 P.M. hvl.projectparmorel.modelrepair.QModelFixer handleStep
INFO: Calculating new Q-value:
Old Q-value: 4.680080917801288E-7
Alpha: 0.09916666666666674
Gamma: 1.0
Reward: 0
Next optimal action Q-value: 1.9726701258203492E-11
4.680080917801288E-7 + 0.09916666666666674 * (0 + 1.0 * 1.9726701258203492E-11 - 4.680080917801288E-7) = 4.215992455764741E-7
apr. 11, 2020 2:34:37 P.M. hvl.projectparmorel.modelrepair.QModelFixer handleStep
INFO: Updated Q-table for error 442, context 0, action 1614867400 setName to new weight 4.215992455764741E-7


apr. 11, 2020 2:34:37 P.M. hvl.projectparmorel.modelrepair.QModelFixer handleEpisode
INFO: EPISODE 23, STEP 1, Fixing error 27: An operation with void return type must have an upper bound of 1 not 95
apr. 11, 2020 2:34:37 P.M. hvl.projectparmorel.modelrepair.QModelFixer chooseAction
INFO: Choosing optimal action
apr. 11, 2020 2:34:37 P.M. hvl.projectparmorel.modelrepair.QModelFixer handleStep
INFO: Chose action setEType in context 0 with weight 1.9726701258203492E-11
apr. 11, 2020 2:34:37 P.M. hvl.projectparmorel.modelrepair.QModelFixer handleStep
INFO: Calculating new Q-value:
Old Q-value: 1.9726701258203492E-11
Alpha: 0.09916666666666674

Reward: 0
1.9726701258203492E-11 + 0.09916666666666674 * (0 - 1.9726701258203492E-11) = 1.777047005009831E-11
apr. 11, 2020 2:34:37 P.M. hvl.projectparmorel.modelrepair.QModelFixer handleStep
INFO: Updated Q-table for error 27, context 0, action 591449609 setEType to new weight 1.777047005009831E-11
apr. 11, 2020 2:34:37 P.M. hvl.projectparmorel.modelrepair.QModelFixer handleEpisode
INFO: EPISODE 23 TOTAL REWARD 0



apr. 11, 2020 2:34:37 P.M. hvl.projectparmorel.modelrepair.QModelFixer handleEpisode
INFO: EPISODE 24, STEP 0, Fixing error 442: The name '_t5SLoSkyEem_Sq-YE3RSRw' is not well formed
apr. 11, 2020 2:34:37 P.M. hvl.projectparmorel.modelrepair.QModelFixer chooseAction
INFO: Choosing optimal action
apr. 11, 2020 2:34:37 P.M. hvl.projectparmorel.modelrepair.QModelFixer handleStep
INFO: Chose action setName in context 0 with weight 4.215992455764741E-7
apr. 11, 2020 2:34:37 P.M. hvl.projectparmorel.modelrepair.QModelFixer handleStep
INFO: Next error code: 27
apr. 11, 2020 2:34:37 P.M. hvl.projectparmorel.modelrepair.QModelFixer handleStep
INFO: Calculating new Q-value:
Old Q-value: 4.215992455764741E-7
Alpha: 0.06000000000000005
Gamma: 1.0
Reward: 0
Next optimal action Q-value: 1.777047005009831E-11
4.215992455764741E-7 + 0.06000000000000005 * (0 + 1.0 * 1.777047005009831E-11 - 4.215992455764741E-7) = 3.9630435707008864E-7
apr. 11, 2020 2:34:37 P.M. hvl.projectparmorel.modelrepair.QModelFixer handleStep
INFO: Updated Q-table for error 442, context 0, action 1614867400 setName to new weight 3.9630435707008864E-7


apr. 11, 2020 2:34:37 P.M. hvl.projectparmorel.modelrepair.QModelFixer handleEpisode
INFO: EPISODE 24, STEP 1, Fixing error 27: An operation with void return type must have an upper bound of 1 not 95
apr. 11, 2020 2:34:37 P.M. hvl.projectparmorel.modelrepair.QModelFixer chooseAction
INFO: Choosing optimal action
apr. 11, 2020 2:34:37 P.M. hvl.projectparmorel.modelrepair.QModelFixer handleStep
INFO: Chose action setEType in context 0 with weight 1.777047005009831E-11
apr. 11, 2020 2:34:37 P.M. hvl.projectparmorel.modelrepair.QModelFixer handleStep
INFO: Calculating new Q-value:
Old Q-value: 1.777047005009831E-11
Alpha: 0.06000000000000005

Reward: 0
1.777047005009831E-11 + 0.06000000000000005 * (0 - 1.777047005009831E-11) = 1.670424184709241E-11
apr. 11, 2020 2:34:37 P.M. hvl.projectparmorel.modelrepair.QModelFixer handleStep
INFO: Updated Q-table for error 27, context 0, action 591449609 setEType to new weight 1.670424184709241E-11
apr. 11, 2020 2:34:37 P.M. hvl.projectparmorel.modelrepair.QModelFixer handleEpisode
INFO: EPISODE 24 TOTAL REWARD 0



apr. 11, 2020 2:34:37 P.M. hvl.projectparmorel.modelrepair.QModelFixer fixModel
INFO: Time repairing model: 10075 ms
apr. 11, 2020 2:34:37 P.M. hvl.projectparmorel.modelrepair.QModelFixer fixModel
INFO: 
-----------------ALL SEQUENCES FOUND-------------------
SIZE: 11
DISCARDED SEQUENCES: 14
--------::::B E S T   S E Q U E N C E   I S::::---------
Sequence [id=0, seq=[ErrorAction [Error: 442 The name '_t5SLoSkyEem_Sq-YE3RSRw' is not well formed, Action: setName, Error hierarchy: 0]
, ErrorAction [Error: 27 An operation with void return type must have an upper bound of 1 not 95, Action: setUpperBound, Error hierarchy: 0]
], weight=0.0]

 with 2 actions.
apr. 11, 2020 2:34:37 P.M. hvl.projectparmorel.knowledge.Knowledge save
INFO: Saving initialized
apr. 11, 2020 2:34:37 P.M. hvl.projectparmorel.knowledge.Knowledge save
INFO: document prepared
apr. 11, 2020 2:34:37 P.M. hvl.projectparmorel.knowledge.Knowledge save
INFO: Saving completed to /Users/Magnus/Skole/DAT300/EclipseWorkspace2/ParmorelRunnable/knowledge.xml
apr. 11, 2020 2:34:37 P.M. hvl.projectparmorel.knowledge.Knowledge save
INFO: Saving initialized
apr. 11, 2020 2:34:37 P.M. hvl.projectparmorel.knowledge.Knowledge save
INFO: document prepared
apr. 11, 2020 2:34:37 P.M. hvl.projectparmorel.knowledge.Knowledge save
INFO: Saving completed to /Users/Magnus/Skole/DAT300/EclipseWorkspace2/ParmorelRunnable/knowledge.xml
