mai 08, 2020 7:30:19 A.M. no.hvl.projectparmorel.qlearning.QModelFixer fixModel
INFO: Repairing ptnetLoLA.ecore
mai 08, 2020 7:30:19 A.M. no.hvl.projectparmorel.qlearning.QModelFixer fixModel
INFO: Running with preferences [PREFER_CLOSE_DISTANCE_TO_ORIGINAL, PREFER_REUSE]
mai 08, 2020 7:30:19 A.M. no.hvl.projectparmorel.qlearning.QModelFixer fixModel
INFO: Initial number of errors in model: 1
Maximum number of steps per episode: 12
Errors to fix: [Error 38, message=The default value literal '0' must be a valid literal of the attribute's type in package 0
]
mai 08, 2020 7:30:19 A.M. no.hvl.projectparmorel.qlearning.QModelFixer fixModel
INFO: Initializing Q-table for the errors.
mai 08, 2020 7:30:19 A.M. no.hvl.projectparmorel.qlearning.QModelFixer fixModel
INFO: Number of episodes: 25
mai 08, 2020 7:30:19 A.M. no.hvl.projectparmorel.qlearning.QModelFixer handleEpisode
INFO: EPISODE 0, STEP 0, Fixing error 38: The default value literal '0' must be a valid literal of the attribute's type
mai 08, 2020 7:30:19 A.M. no.hvl.projectparmorel.qlearning.QModelFixer chooseAction
INFO: Choosing optimal action
mai 08, 2020 7:30:19 A.M. no.hvl.projectparmorel.qlearning.QModelFixer handleStep
INFO: Chose action setDefaultValueLiteralGen in context 0 with weight 1200.35384616
mai 08, 2020 7:30:19 A.M. no.hvl.projectparmorel.qlearning.QModelFixer updateQTable
INFO: Calculating new Q-value:
Old Q-value: 1200.35384616
Alpha: 1.0
Gamma:1.0

Reward: -2
1200.35384616 + 1.0 * (-2 + 1.0 - 1200.35384616) = -1.0
mai 08, 2020 7:30:19 A.M. no.hvl.projectparmorel.qlearning.QModelFixer updateQTable
INFO: Updated Q-table for error 38, context 0, action -2078906332 to new weight -1.0
mai 08, 2020 7:30:19 A.M. no.hvl.projectparmorel.qlearning.ecore.EcoreSolution calculateDistanceFromOriginal
INFO: Calculated the distance between the models to 100.0
mai 08, 2020 7:30:19 A.M. no.hvl.projectparmorel.qlearning.reward.PreferCloseDinstanceToOriginalPreference rewardcalculateRewardFor
INFO: Time to measure distance: 18 ms
mai 08, 2020 7:30:19 A.M. no.hvl.projectparmorel.qlearning.QModelFixer updateQTable
INFO: Calculating new Q-value:
Old Q-value: -1.0
Alpha: 1.0
Gamma:1.0

Reward: 100
-1.0 + 1.0 * (100 + 1.0 - -1.0) = 101.0
mai 08, 2020 7:30:19 A.M. no.hvl.projectparmorel.qlearning.QModelFixer updateQTable
INFO: Updated Q-table for error 38, context 0, action -2078906332 to new weight 101.0
mai 08, 2020 7:30:21 A.M. no.hvl.projectparmorel.qlearning.reward.PreferReuse rewardcalculateRewardFor
INFO: Reuse of the metamodel: 0.5555556
Time to get metric: 1418 ms
mai 08, 2020 7:30:21 A.M. no.hvl.projectparmorel.qlearning.QModelFixer fixModel
INFO: Solution added to possible solitons: [ErrorAction [Error: 38 The default value literal '0' must be a valid literal of the attribute's type, Action: setDefaultValueLiteralGen, Error hierarchy: 0]
]
mai 08, 2020 7:30:21 A.M. no.hvl.projectparmorel.qlearning.QModelFixer fixModel
INFO: EPISODE 0 TOTAL REWARD 98.0



mai 08, 2020 7:30:21 A.M. no.hvl.projectparmorel.qlearning.QModelFixer handleEpisode
INFO: EPISODE 1, STEP 0, Fixing error 38: The default value literal '0' must be a valid literal of the attribute's type
mai 08, 2020 7:30:21 A.M. no.hvl.projectparmorel.qlearning.QModelFixer chooseAction
INFO: Choosing random action.
mai 08, 2020 7:30:21 A.M. no.hvl.projectparmorel.qlearning.QModelFixer handleStep
INFO: Chose action setDefaultValueLiteralGen in context 0 with weight 0.5555556
mai 08, 2020 7:30:21 A.M. no.hvl.projectparmorel.qlearning.QModelFixer updateQTable
INFO: Calculating new Q-value:
Old Q-value: 0.5555556
Alpha: 1.0
Gamma:1.0

Reward: -2
0.5555556 + 1.0 * (-2 + 1.0 - 0.5555556) = -0.9999999999999999
mai 08, 2020 7:30:21 A.M. no.hvl.projectparmorel.qlearning.QModelFixer updateQTable
INFO: Updated Q-table for error 38, context 0, action -2078906332 to new weight -0.9999999999999999
mai 08, 2020 7:30:21 A.M. no.hvl.projectparmorel.qlearning.ecore.EcoreSolution calculateDistanceFromOriginal
INFO: Calculated the distance between the models to 100.0
mai 08, 2020 7:30:21 A.M. no.hvl.projectparmorel.qlearning.reward.PreferCloseDinstanceToOriginalPreference rewardcalculateRewardFor
INFO: Time to measure distance: 20 ms
mai 08, 2020 7:30:21 A.M. no.hvl.projectparmorel.qlearning.QModelFixer updateQTable
INFO: Calculating new Q-value:
Old Q-value: -0.9999999999999999
Alpha: 1.0
Gamma:1.0

Reward: 100
-0.9999999999999999 + 1.0 * (100 + 1.0 - -0.9999999999999999) = 101.0
mai 08, 2020 7:30:21 A.M. no.hvl.projectparmorel.qlearning.QModelFixer updateQTable
INFO: Updated Q-table for error 38, context 0, action -2078906332 to new weight 101.0
mai 08, 2020 7:30:22 A.M. no.hvl.projectparmorel.qlearning.reward.PreferReuse rewardcalculateRewardFor
INFO: Reuse of the metamodel: 0.5555556
Time to get metric: 1372 ms
mai 08, 2020 7:30:22 A.M. no.hvl.projectparmorel.qlearning.QModelFixer isUnique
INFO: Solution [ErrorAction [Error: 38 The default value literal '0' must be a valid literal of the attribute's type, Action: setDefaultValueLiteralGen, Error hierarchy: 0]
] already exists.
mai 08, 2020 7:30:22 A.M. no.hvl.projectparmorel.qlearning.QModelFixer fixModel
INFO: Solution discarded.
mai 08, 2020 7:30:22 A.M. no.hvl.projectparmorel.qlearning.QModelFixer fixModel
INFO: EPISODE 1 TOTAL REWARD 98.0



mai 08, 2020 7:30:22 A.M. no.hvl.projectparmorel.qlearning.QModelFixer handleEpisode
INFO: EPISODE 2, STEP 0, Fixing error 38: The default value literal '0' must be a valid literal of the attribute's type
mai 08, 2020 7:30:22 A.M. no.hvl.projectparmorel.qlearning.QModelFixer chooseAction
INFO: Choosing optimal action
mai 08, 2020 7:30:22 A.M. no.hvl.projectparmorel.qlearning.QModelFixer handleStep
INFO: Chose action setDefaultValueLiteralGen in context 0 with weight 0.5555556
mai 08, 2020 7:30:22 A.M. no.hvl.projectparmorel.qlearning.QModelFixer updateQTable
INFO: Calculating new Q-value:
Old Q-value: 0.5555556
Alpha: 1.0
Gamma:1.0

Reward: -2
0.5555556 + 1.0 * (-2 + 1.0 - 0.5555556) = -0.9999999999999999
mai 08, 2020 7:30:22 A.M. no.hvl.projectparmorel.qlearning.QModelFixer updateQTable
INFO: Updated Q-table for error 38, context 0, action -2078906332 to new weight -0.9999999999999999
mai 08, 2020 7:30:22 A.M. no.hvl.projectparmorel.qlearning.ecore.EcoreSolution calculateDistanceFromOriginal
INFO: Calculated the distance between the models to 100.0
mai 08, 2020 7:30:22 A.M. no.hvl.projectparmorel.qlearning.reward.PreferCloseDinstanceToOriginalPreference rewardcalculateRewardFor
INFO: Time to measure distance: 18 ms
mai 08, 2020 7:30:22 A.M. no.hvl.projectparmorel.qlearning.QModelFixer updateQTable
INFO: Calculating new Q-value:
Old Q-value: -0.9999999999999999
Alpha: 1.0
Gamma:1.0

Reward: 100
-0.9999999999999999 + 1.0 * (100 + 1.0 - -0.9999999999999999) = 101.0
mai 08, 2020 7:30:22 A.M. no.hvl.projectparmorel.qlearning.QModelFixer updateQTable
INFO: Updated Q-table for error 38, context 0, action -2078906332 to new weight 101.0
mai 08, 2020 7:30:24 A.M. no.hvl.projectparmorel.qlearning.reward.PreferReuse rewardcalculateRewardFor
INFO: Reuse of the metamodel: 0.5555556
Time to get metric: 1443 ms
mai 08, 2020 7:30:24 A.M. no.hvl.projectparmorel.qlearning.QModelFixer isUnique
INFO: Solution [ErrorAction [Error: 38 The default value literal '0' must be a valid literal of the attribute's type, Action: setDefaultValueLiteralGen, Error hierarchy: 0]
] already exists.
mai 08, 2020 7:30:24 A.M. no.hvl.projectparmorel.qlearning.QModelFixer fixModel
INFO: Solution discarded.
mai 08, 2020 7:30:24 A.M. no.hvl.projectparmorel.qlearning.QModelFixer fixModel
INFO: EPISODE 2 TOTAL REWARD 98.0



mai 08, 2020 7:30:24 A.M. no.hvl.projectparmorel.qlearning.QModelFixer handleEpisode
INFO: EPISODE 3, STEP 0, Fixing error 38: The default value literal '0' must be a valid literal of the attribute's type
mai 08, 2020 7:30:24 A.M. no.hvl.projectparmorel.qlearning.QModelFixer chooseAction
INFO: Choosing optimal action
mai 08, 2020 7:30:24 A.M. no.hvl.projectparmorel.qlearning.QModelFixer handleStep
INFO: Chose action setDefaultValueLiteralGen in context 0 with weight 0.5555556
mai 08, 2020 7:30:24 A.M. no.hvl.projectparmorel.qlearning.QModelFixer updateQTable
INFO: Calculating new Q-value:
Old Q-value: 0.5555556
Alpha: 1.0
Gamma:1.0

Reward: -2
0.5555556 + 1.0 * (-2 + 1.0 - 0.5555556) = -0.9999999999999999
mai 08, 2020 7:30:24 A.M. no.hvl.projectparmorel.qlearning.QModelFixer updateQTable
INFO: Updated Q-table for error 38, context 0, action -2078906332 to new weight -0.9999999999999999
mai 08, 2020 7:30:24 A.M. no.hvl.projectparmorel.qlearning.ecore.EcoreSolution calculateDistanceFromOriginal
INFO: Calculated the distance between the models to 100.0
mai 08, 2020 7:30:24 A.M. no.hvl.projectparmorel.qlearning.reward.PreferCloseDinstanceToOriginalPreference rewardcalculateRewardFor
INFO: Time to measure distance: 17 ms
mai 08, 2020 7:30:24 A.M. no.hvl.projectparmorel.qlearning.QModelFixer updateQTable
INFO: Calculating new Q-value:
Old Q-value: -0.9999999999999999
Alpha: 1.0
Gamma:1.0

Reward: 100
-0.9999999999999999 + 1.0 * (100 + 1.0 - -0.9999999999999999) = 101.0
mai 08, 2020 7:30:24 A.M. no.hvl.projectparmorel.qlearning.QModelFixer updateQTable
INFO: Updated Q-table for error 38, context 0, action -2078906332 to new weight 101.0
mai 08, 2020 7:30:25 A.M. no.hvl.projectparmorel.qlearning.reward.PreferReuse rewardcalculateRewardFor
INFO: Reuse of the metamodel: 0.5555556
Time to get metric: 1369 ms
mai 08, 2020 7:30:25 A.M. no.hvl.projectparmorel.qlearning.QModelFixer isUnique
INFO: Solution [ErrorAction [Error: 38 The default value literal '0' must be a valid literal of the attribute's type, Action: setDefaultValueLiteralGen, Error hierarchy: 0]
] already exists.
mai 08, 2020 7:30:25 A.M. no.hvl.projectparmorel.qlearning.QModelFixer fixModel
INFO: Solution discarded.
mai 08, 2020 7:30:25 A.M. no.hvl.projectparmorel.qlearning.QModelFixer fixModel
INFO: EPISODE 3 TOTAL REWARD 98.0



mai 08, 2020 7:30:25 A.M. no.hvl.projectparmorel.qlearning.QModelFixer handleEpisode
INFO: EPISODE 4, STEP 0, Fixing error 38: The default value literal '0' must be a valid literal of the attribute's type
mai 08, 2020 7:30:25 A.M. no.hvl.projectparmorel.qlearning.QModelFixer chooseAction
INFO: Choosing optimal action
mai 08, 2020 7:30:25 A.M. no.hvl.projectparmorel.qlearning.QModelFixer handleStep
INFO: Chose action setDefaultValueLiteralGen in context 0 with weight 0.5555556
mai 08, 2020 7:30:25 A.M. no.hvl.projectparmorel.qlearning.QModelFixer updateQTable
INFO: Calculating new Q-value:
Old Q-value: 0.5555556
Alpha: 1.0
Gamma:1.0

Reward: -2
0.5555556 + 1.0 * (-2 + 1.0 - 0.5555556) = -0.9999999999999999
mai 08, 2020 7:30:25 A.M. no.hvl.projectparmorel.qlearning.QModelFixer updateQTable
INFO: Updated Q-table for error 38, context 0, action -2078906332 to new weight -0.9999999999999999
mai 08, 2020 7:30:25 A.M. no.hvl.projectparmorel.qlearning.ecore.EcoreSolution calculateDistanceFromOriginal
INFO: Calculated the distance between the models to 100.0
mai 08, 2020 7:30:25 A.M. no.hvl.projectparmorel.qlearning.reward.PreferCloseDinstanceToOriginalPreference rewardcalculateRewardFor
INFO: Time to measure distance: 17 ms
mai 08, 2020 7:30:25 A.M. no.hvl.projectparmorel.qlearning.QModelFixer updateQTable
INFO: Calculating new Q-value:
Old Q-value: -0.9999999999999999
Alpha: 1.0
Gamma:1.0

Reward: 100
-0.9999999999999999 + 1.0 * (100 + 1.0 - -0.9999999999999999) = 101.0
mai 08, 2020 7:30:25 A.M. no.hvl.projectparmorel.qlearning.QModelFixer updateQTable
INFO: Updated Q-table for error 38, context 0, action -2078906332 to new weight 101.0
mai 08, 2020 7:30:27 A.M. no.hvl.projectparmorel.qlearning.reward.PreferReuse rewardcalculateRewardFor
INFO: Reuse of the metamodel: 0.5555556
Time to get metric: 1465 ms
mai 08, 2020 7:30:27 A.M. no.hvl.projectparmorel.qlearning.QModelFixer isUnique
INFO: Solution [ErrorAction [Error: 38 The default value literal '0' must be a valid literal of the attribute's type, Action: setDefaultValueLiteralGen, Error hierarchy: 0]
] already exists.
mai 08, 2020 7:30:27 A.M. no.hvl.projectparmorel.qlearning.QModelFixer fixModel
INFO: Solution discarded.
mai 08, 2020 7:30:27 A.M. no.hvl.projectparmorel.qlearning.QModelFixer fixModel
INFO: EPISODE 4 TOTAL REWARD 98.0



mai 08, 2020 7:30:27 A.M. no.hvl.projectparmorel.qlearning.QModelFixer handleEpisode
INFO: EPISODE 5, STEP 0, Fixing error 38: The default value literal '0' must be a valid literal of the attribute's type
mai 08, 2020 7:30:27 A.M. no.hvl.projectparmorel.qlearning.QModelFixer chooseAction
INFO: Choosing random action.
mai 08, 2020 7:30:27 A.M. no.hvl.projectparmorel.qlearning.QModelFixer handleStep
INFO: Chose action setEType in context 0 with weight 0.35384616
mai 08, 2020 7:30:27 A.M. no.hvl.projectparmorel.qlearning.QModelFixer updateQTable
INFO: Calculating new Q-value:
Old Q-value: 0.35384616
Alpha: 1.0
Gamma:1.0

Reward: -2
0.35384616 + 1.0 * (-2 + 1.0 - 0.35384616) = -1.0
mai 08, 2020 7:30:27 A.M. no.hvl.projectparmorel.qlearning.QModelFixer updateQTable
INFO: Updated Q-table for error 38, context 0, action 591449609 to new weight -1.0
mai 08, 2020 7:30:27 A.M. no.hvl.projectparmorel.qlearning.ecore.EcoreSolution calculateDistanceFromOriginal
INFO: Calculated the distance between the models to 96.0
mai 08, 2020 7:30:27 A.M. no.hvl.projectparmorel.qlearning.reward.PreferCloseDinstanceToOriginalPreference rewardcalculateRewardFor
INFO: Time to measure distance: 17 ms
mai 08, 2020 7:30:27 A.M. no.hvl.projectparmorel.qlearning.QModelFixer updateQTable
INFO: Calculating new Q-value:
Old Q-value: -1.0
Alpha: 1.0
Gamma:1.0

Reward: 96
-1.0 + 1.0 * (96 + 1.0 - -1.0) = 97.0
mai 08, 2020 7:30:27 A.M. no.hvl.projectparmorel.qlearning.QModelFixer updateQTable
INFO: Updated Q-table for error 38, context 0, action 591449609 to new weight 97.0
mai 08, 2020 7:30:28 A.M. no.hvl.projectparmorel.qlearning.reward.PreferReuse rewardcalculateRewardFor
INFO: Reuse of the metamodel: 0.5555556
Time to get metric: 1367 ms
mai 08, 2020 7:30:28 A.M. no.hvl.projectparmorel.qlearning.QModelFixer fixModel
INFO: Solution added to possible solitons: [ErrorAction [Error: 38 The default value literal '0' must be a valid literal of the attribute's type, Action: setEType, Error hierarchy: 0]
]
mai 08, 2020 7:30:28 A.M. no.hvl.projectparmorel.qlearning.QModelFixer fixModel
INFO: EPISODE 5 TOTAL REWARD 94.0



mai 08, 2020 7:30:28 A.M. no.hvl.projectparmorel.qlearning.QModelFixer handleEpisode
INFO: EPISODE 6, STEP 0, Fixing error 38: The default value literal '0' must be a valid literal of the attribute's type
mai 08, 2020 7:30:28 A.M. no.hvl.projectparmorel.qlearning.QModelFixer chooseAction
INFO: Choosing optimal action
mai 08, 2020 7:30:28 A.M. no.hvl.projectparmorel.qlearning.QModelFixer handleStep
INFO: Chose action setDefaultValueLiteralGen in context 0 with weight 0.5555556
mai 08, 2020 7:30:28 A.M. no.hvl.projectparmorel.qlearning.QModelFixer updateQTable
INFO: Calculating new Q-value:
Old Q-value: 0.5555556
Alpha: 1.0
Gamma:1.0

Reward: -2
0.5555556 + 1.0 * (-2 + 1.0 - 0.5555556) = -0.9999999999999999
mai 08, 2020 7:30:28 A.M. no.hvl.projectparmorel.qlearning.QModelFixer updateQTable
INFO: Updated Q-table for error 38, context 0, action -2078906332 to new weight -0.9999999999999999
mai 08, 2020 7:30:28 A.M. no.hvl.projectparmorel.qlearning.ecore.EcoreSolution calculateDistanceFromOriginal
INFO: Calculated the distance between the models to 100.0
mai 08, 2020 7:30:28 A.M. no.hvl.projectparmorel.qlearning.reward.PreferCloseDinstanceToOriginalPreference rewardcalculateRewardFor
INFO: Time to measure distance: 17 ms
mai 08, 2020 7:30:28 A.M. no.hvl.projectparmorel.qlearning.QModelFixer updateQTable
INFO: Calculating new Q-value:
Old Q-value: -0.9999999999999999
Alpha: 1.0
Gamma:1.0

Reward: 100
-0.9999999999999999 + 1.0 * (100 + 1.0 - -0.9999999999999999) = 101.0
mai 08, 2020 7:30:28 A.M. no.hvl.projectparmorel.qlearning.QModelFixer updateQTable
INFO: Updated Q-table for error 38, context 0, action -2078906332 to new weight 101.0
mai 08, 2020 7:30:29 A.M. no.hvl.projectparmorel.qlearning.reward.PreferReuse rewardcalculateRewardFor
INFO: Reuse of the metamodel: 0.5555556
Time to get metric: 1371 ms
mai 08, 2020 7:30:29 A.M. no.hvl.projectparmorel.qlearning.QModelFixer isUnique
INFO: Solution [ErrorAction [Error: 38 The default value literal '0' must be a valid literal of the attribute's type, Action: setDefaultValueLiteralGen, Error hierarchy: 0]
] already exists.
mai 08, 2020 7:30:29 A.M. no.hvl.projectparmorel.qlearning.QModelFixer fixModel
INFO: Solution discarded.
mai 08, 2020 7:30:29 A.M. no.hvl.projectparmorel.qlearning.QModelFixer fixModel
INFO: EPISODE 6 TOTAL REWARD 98.0



mai 08, 2020 7:30:29 A.M. no.hvl.projectparmorel.qlearning.QModelFixer handleEpisode
INFO: EPISODE 7, STEP 0, Fixing error 38: The default value literal '0' must be a valid literal of the attribute's type
mai 08, 2020 7:30:29 A.M. no.hvl.projectparmorel.qlearning.QModelFixer chooseAction
INFO: Choosing optimal action
mai 08, 2020 7:30:29 A.M. no.hvl.projectparmorel.qlearning.QModelFixer handleStep
INFO: Chose action setDefaultValueLiteralGen in context 0 with weight 0.5555556
mai 08, 2020 7:30:29 A.M. no.hvl.projectparmorel.qlearning.QModelFixer updateQTable
INFO: Calculating new Q-value:
Old Q-value: 0.5555556
Alpha: 1.0
Gamma:1.0

Reward: -2
0.5555556 + 1.0 * (-2 + 1.0 - 0.5555556) = -0.9999999999999999
mai 08, 2020 7:30:29 A.M. no.hvl.projectparmorel.qlearning.QModelFixer updateQTable
INFO: Updated Q-table for error 38, context 0, action -2078906332 to new weight -0.9999999999999999
mai 08, 2020 7:30:29 A.M. no.hvl.projectparmorel.qlearning.ecore.EcoreSolution calculateDistanceFromOriginal
INFO: Calculated the distance between the models to 100.0
mai 08, 2020 7:30:29 A.M. no.hvl.projectparmorel.qlearning.reward.PreferCloseDinstanceToOriginalPreference rewardcalculateRewardFor
INFO: Time to measure distance: 18 ms
mai 08, 2020 7:30:29 A.M. no.hvl.projectparmorel.qlearning.QModelFixer updateQTable
INFO: Calculating new Q-value:
Old Q-value: -0.9999999999999999
Alpha: 1.0
Gamma:1.0

Reward: 100
-0.9999999999999999 + 1.0 * (100 + 1.0 - -0.9999999999999999) = 101.0
mai 08, 2020 7:30:29 A.M. no.hvl.projectparmorel.qlearning.QModelFixer updateQTable
INFO: Updated Q-table for error 38, context 0, action -2078906332 to new weight 101.0
mai 08, 2020 7:30:31 A.M. no.hvl.projectparmorel.qlearning.reward.PreferReuse rewardcalculateRewardFor
INFO: Reuse of the metamodel: 0.5555556
Time to get metric: 1422 ms
mai 08, 2020 7:30:31 A.M. no.hvl.projectparmorel.qlearning.QModelFixer isUnique
INFO: Solution [ErrorAction [Error: 38 The default value literal '0' must be a valid literal of the attribute's type, Action: setDefaultValueLiteralGen, Error hierarchy: 0]
] already exists.
mai 08, 2020 7:30:31 A.M. no.hvl.projectparmorel.qlearning.QModelFixer fixModel
INFO: Solution discarded.
mai 08, 2020 7:30:31 A.M. no.hvl.projectparmorel.qlearning.QModelFixer fixModel
INFO: EPISODE 7 TOTAL REWARD 98.0



mai 08, 2020 7:30:31 A.M. no.hvl.projectparmorel.qlearning.QModelFixer handleEpisode
INFO: EPISODE 8, STEP 0, Fixing error 38: The default value literal '0' must be a valid literal of the attribute's type
mai 08, 2020 7:30:31 A.M. no.hvl.projectparmorel.qlearning.QModelFixer chooseAction
INFO: Choosing random action.
mai 08, 2020 7:30:31 A.M. no.hvl.projectparmorel.qlearning.QModelFixer handleStep
INFO: Chose action setEType in context 0 with weight 0.5555556
mai 08, 2020 7:30:31 A.M. no.hvl.projectparmorel.qlearning.QModelFixer updateQTable
INFO: Calculating new Q-value:
Old Q-value: 0.5555556
Alpha: 1.0
Gamma:1.0

Reward: -2
0.5555556 + 1.0 * (-2 + 1.0 - 0.5555556) = -0.9999999999999999
mai 08, 2020 7:30:31 A.M. no.hvl.projectparmorel.qlearning.QModelFixer updateQTable
INFO: Updated Q-table for error 38, context 0, action 591449609 to new weight -0.9999999999999999
mai 08, 2020 7:30:31 A.M. no.hvl.projectparmorel.qlearning.ecore.EcoreSolution calculateDistanceFromOriginal
INFO: Calculated the distance between the models to 96.0
mai 08, 2020 7:30:31 A.M. no.hvl.projectparmorel.qlearning.reward.PreferCloseDinstanceToOriginalPreference rewardcalculateRewardFor
INFO: Time to measure distance: 17 ms
mai 08, 2020 7:30:31 A.M. no.hvl.projectparmorel.qlearning.QModelFixer updateQTable
INFO: Calculating new Q-value:
Old Q-value: -0.9999999999999999
Alpha: 1.0
Gamma:1.0

Reward: 96
-0.9999999999999999 + 1.0 * (96 + 1.0 - -0.9999999999999999) = 97.0
mai 08, 2020 7:30:31 A.M. no.hvl.projectparmorel.qlearning.QModelFixer updateQTable
INFO: Updated Q-table for error 38, context 0, action 591449609 to new weight 97.0
mai 08, 2020 7:30:32 A.M. no.hvl.projectparmorel.qlearning.reward.PreferReuse rewardcalculateRewardFor
INFO: Reuse of the metamodel: 0.5555556
Time to get metric: 1370 ms
mai 08, 2020 7:30:32 A.M. no.hvl.projectparmorel.qlearning.QModelFixer isUnique
INFO: Solution [ErrorAction [Error: 38 The default value literal '0' must be a valid literal of the attribute's type, Action: setEType, Error hierarchy: 0]
] already exists.
mai 08, 2020 7:30:32 A.M. no.hvl.projectparmorel.qlearning.QModelFixer fixModel
INFO: Solution discarded.
mai 08, 2020 7:30:32 A.M. no.hvl.projectparmorel.qlearning.QModelFixer fixModel
INFO: EPISODE 8 TOTAL REWARD 94.0



mai 08, 2020 7:30:32 A.M. no.hvl.projectparmorel.qlearning.QModelFixer handleEpisode
INFO: EPISODE 9, STEP 0, Fixing error 38: The default value literal '0' must be a valid literal of the attribute's type
mai 08, 2020 7:30:32 A.M. no.hvl.projectparmorel.qlearning.QModelFixer chooseAction
INFO: Choosing optimal action
mai 08, 2020 7:30:32 A.M. no.hvl.projectparmorel.qlearning.QModelFixer handleStep
INFO: Chose action setDefaultValueLiteralGen in context 0 with weight 0.5555556
mai 08, 2020 7:30:32 A.M. no.hvl.projectparmorel.qlearning.QModelFixer updateQTable
INFO: Calculating new Q-value:
Old Q-value: 0.5555556
Alpha: 1.0
Gamma:1.0

Reward: -2
0.5555556 + 1.0 * (-2 + 1.0 - 0.5555556) = -0.9999999999999999
mai 08, 2020 7:30:32 A.M. no.hvl.projectparmorel.qlearning.QModelFixer updateQTable
INFO: Updated Q-table for error 38, context 0, action -2078906332 to new weight -0.9999999999999999
mai 08, 2020 7:30:32 A.M. no.hvl.projectparmorel.qlearning.ecore.EcoreSolution calculateDistanceFromOriginal
INFO: Calculated the distance between the models to 100.0
mai 08, 2020 7:30:32 A.M. no.hvl.projectparmorel.qlearning.reward.PreferCloseDinstanceToOriginalPreference rewardcalculateRewardFor
INFO: Time to measure distance: 17 ms
mai 08, 2020 7:30:32 A.M. no.hvl.projectparmorel.qlearning.QModelFixer updateQTable
INFO: Calculating new Q-value:
Old Q-value: -0.9999999999999999
Alpha: 1.0
Gamma:1.0

Reward: 100
-0.9999999999999999 + 1.0 * (100 + 1.0 - -0.9999999999999999) = 101.0
mai 08, 2020 7:30:32 A.M. no.hvl.projectparmorel.qlearning.QModelFixer updateQTable
INFO: Updated Q-table for error 38, context 0, action -2078906332 to new weight 101.0
mai 08, 2020 7:30:34 A.M. no.hvl.projectparmorel.qlearning.reward.PreferReuse rewardcalculateRewardFor
INFO: Reuse of the metamodel: 0.5555556
Time to get metric: 1454 ms
mai 08, 2020 7:30:34 A.M. no.hvl.projectparmorel.qlearning.QModelFixer isUnique
INFO: Solution [ErrorAction [Error: 38 The default value literal '0' must be a valid literal of the attribute's type, Action: setDefaultValueLiteralGen, Error hierarchy: 0]
] already exists.
mai 08, 2020 7:30:34 A.M. no.hvl.projectparmorel.qlearning.QModelFixer fixModel
INFO: Solution discarded.
mai 08, 2020 7:30:34 A.M. no.hvl.projectparmorel.qlearning.QModelFixer fixModel
INFO: EPISODE 9 TOTAL REWARD 98.0



mai 08, 2020 7:30:34 A.M. no.hvl.projectparmorel.qlearning.QModelFixer handleEpisode
INFO: EPISODE 10, STEP 0, Fixing error 38: The default value literal '0' must be a valid literal of the attribute's type
mai 08, 2020 7:30:34 A.M. no.hvl.projectparmorel.qlearning.QModelFixer chooseAction
INFO: Choosing optimal action
mai 08, 2020 7:30:34 A.M. no.hvl.projectparmorel.qlearning.QModelFixer handleStep
INFO: Chose action setDefaultValueLiteralGen in context 0 with weight 0.5555556
mai 08, 2020 7:30:34 A.M. no.hvl.projectparmorel.qlearning.QModelFixer updateQTable
INFO: Calculating new Q-value:
Old Q-value: 0.5555556
Alpha: 1.0
Gamma:1.0

Reward: -2
0.5555556 + 1.0 * (-2 + 1.0 - 0.5555556) = -0.9999999999999999
mai 08, 2020 7:30:34 A.M. no.hvl.projectparmorel.qlearning.QModelFixer updateQTable
INFO: Updated Q-table for error 38, context 0, action -2078906332 to new weight -0.9999999999999999
mai 08, 2020 7:30:34 A.M. no.hvl.projectparmorel.qlearning.ecore.EcoreSolution calculateDistanceFromOriginal
INFO: Calculated the distance between the models to 100.0
mai 08, 2020 7:30:34 A.M. no.hvl.projectparmorel.qlearning.reward.PreferCloseDinstanceToOriginalPreference rewardcalculateRewardFor
INFO: Time to measure distance: 18 ms
mai 08, 2020 7:30:34 A.M. no.hvl.projectparmorel.qlearning.QModelFixer updateQTable
INFO: Calculating new Q-value:
Old Q-value: -0.9999999999999999
Alpha: 1.0
Gamma:1.0

Reward: 100
-0.9999999999999999 + 1.0 * (100 + 1.0 - -0.9999999999999999) = 101.0
mai 08, 2020 7:30:34 A.M. no.hvl.projectparmorel.qlearning.QModelFixer updateQTable
INFO: Updated Q-table for error 38, context 0, action -2078906332 to new weight 101.0
mai 08, 2020 7:30:35 A.M. no.hvl.projectparmorel.qlearning.reward.PreferReuse rewardcalculateRewardFor
INFO: Reuse of the metamodel: 0.5555556
Time to get metric: 1410 ms
mai 08, 2020 7:30:35 A.M. no.hvl.projectparmorel.qlearning.QModelFixer isUnique
INFO: Solution [ErrorAction [Error: 38 The default value literal '0' must be a valid literal of the attribute's type, Action: setDefaultValueLiteralGen, Error hierarchy: 0]
] already exists.
mai 08, 2020 7:30:35 A.M. no.hvl.projectparmorel.qlearning.QModelFixer fixModel
INFO: Solution discarded.
mai 08, 2020 7:30:35 A.M. no.hvl.projectparmorel.qlearning.QModelFixer fixModel
INFO: EPISODE 10 TOTAL REWARD 98.0



mai 08, 2020 7:30:35 A.M. no.hvl.projectparmorel.qlearning.QModelFixer handleEpisode
INFO: EPISODE 11, STEP 0, Fixing error 38: The default value literal '0' must be a valid literal of the attribute's type
mai 08, 2020 7:30:35 A.M. no.hvl.projectparmorel.qlearning.QModelFixer chooseAction
INFO: Choosing optimal action
mai 08, 2020 7:30:35 A.M. no.hvl.projectparmorel.qlearning.QModelFixer handleStep
INFO: Chose action setDefaultValueLiteralGen in context 0 with weight 0.5555556
mai 08, 2020 7:30:35 A.M. no.hvl.projectparmorel.qlearning.QModelFixer updateQTable
INFO: Calculating new Q-value:
Old Q-value: 0.5555556
Alpha: 1.0
Gamma:1.0

Reward: -2
0.5555556 + 1.0 * (-2 + 1.0 - 0.5555556) = -0.9999999999999999
mai 08, 2020 7:30:35 A.M. no.hvl.projectparmorel.qlearning.QModelFixer updateQTable
INFO: Updated Q-table for error 38, context 0, action -2078906332 to new weight -0.9999999999999999
mai 08, 2020 7:30:35 A.M. no.hvl.projectparmorel.qlearning.ecore.EcoreSolution calculateDistanceFromOriginal
INFO: Calculated the distance between the models to 100.0
mai 08, 2020 7:30:35 A.M. no.hvl.projectparmorel.qlearning.reward.PreferCloseDinstanceToOriginalPreference rewardcalculateRewardFor
INFO: Time to measure distance: 17 ms
mai 08, 2020 7:30:35 A.M. no.hvl.projectparmorel.qlearning.QModelFixer updateQTable
INFO: Calculating new Q-value:
Old Q-value: -0.9999999999999999
Alpha: 1.0
Gamma:1.0

Reward: 100
-0.9999999999999999 + 1.0 * (100 + 1.0 - -0.9999999999999999) = 101.0
mai 08, 2020 7:30:35 A.M. no.hvl.projectparmorel.qlearning.QModelFixer updateQTable
INFO: Updated Q-table for error 38, context 0, action -2078906332 to new weight 101.0
mai 08, 2020 7:30:37 A.M. no.hvl.projectparmorel.qlearning.reward.PreferReuse rewardcalculateRewardFor
INFO: Reuse of the metamodel: 0.5555556
Time to get metric: 1451 ms
mai 08, 2020 7:30:37 A.M. no.hvl.projectparmorel.qlearning.QModelFixer isUnique
INFO: Solution [ErrorAction [Error: 38 The default value literal '0' must be a valid literal of the attribute's type, Action: setDefaultValueLiteralGen, Error hierarchy: 0]
] already exists.
mai 08, 2020 7:30:37 A.M. no.hvl.projectparmorel.qlearning.QModelFixer fixModel
INFO: Solution discarded.
mai 08, 2020 7:30:37 A.M. no.hvl.projectparmorel.qlearning.QModelFixer fixModel
INFO: EPISODE 11 TOTAL REWARD 98.0



mai 08, 2020 7:30:37 A.M. no.hvl.projectparmorel.qlearning.QModelFixer handleEpisode
INFO: EPISODE 12, STEP 0, Fixing error 38: The default value literal '0' must be a valid literal of the attribute's type
mai 08, 2020 7:30:37 A.M. no.hvl.projectparmorel.qlearning.QModelFixer chooseAction
INFO: Choosing optimal action
mai 08, 2020 7:30:37 A.M. no.hvl.projectparmorel.qlearning.QModelFixer handleStep
INFO: Chose action setDefaultValueLiteralGen in context 0 with weight 0.5555556
mai 08, 2020 7:30:37 A.M. no.hvl.projectparmorel.qlearning.QModelFixer updateQTable
INFO: Calculating new Q-value:
Old Q-value: 0.5555556
Alpha: 1.0
Gamma:1.0

Reward: -2
0.5555556 + 1.0 * (-2 + 1.0 - 0.5555556) = -0.9999999999999999
mai 08, 2020 7:30:37 A.M. no.hvl.projectparmorel.qlearning.QModelFixer updateQTable
INFO: Updated Q-table for error 38, context 0, action -2078906332 to new weight -0.9999999999999999
mai 08, 2020 7:30:37 A.M. no.hvl.projectparmorel.qlearning.ecore.EcoreSolution calculateDistanceFromOriginal
INFO: Calculated the distance between the models to 100.0
mai 08, 2020 7:30:37 A.M. no.hvl.projectparmorel.qlearning.reward.PreferCloseDinstanceToOriginalPreference rewardcalculateRewardFor
INFO: Time to measure distance: 17 ms
mai 08, 2020 7:30:37 A.M. no.hvl.projectparmorel.qlearning.QModelFixer updateQTable
INFO: Calculating new Q-value:
Old Q-value: -0.9999999999999999
Alpha: 1.0
Gamma:1.0

Reward: 100
-0.9999999999999999 + 1.0 * (100 + 1.0 - -0.9999999999999999) = 101.0
mai 08, 2020 7:30:37 A.M. no.hvl.projectparmorel.qlearning.QModelFixer updateQTable
INFO: Updated Q-table for error 38, context 0, action -2078906332 to new weight 101.0
mai 08, 2020 7:30:38 A.M. no.hvl.projectparmorel.qlearning.reward.PreferReuse rewardcalculateRewardFor
INFO: Reuse of the metamodel: 0.5555556
Time to get metric: 1359 ms
mai 08, 2020 7:30:38 A.M. no.hvl.projectparmorel.qlearning.QModelFixer isUnique
INFO: Solution [ErrorAction [Error: 38 The default value literal '0' must be a valid literal of the attribute's type, Action: setDefaultValueLiteralGen, Error hierarchy: 0]
] already exists.
mai 08, 2020 7:30:38 A.M. no.hvl.projectparmorel.qlearning.QModelFixer fixModel
INFO: Solution discarded.
mai 08, 2020 7:30:38 A.M. no.hvl.projectparmorel.qlearning.QModelFixer fixModel
INFO: EPISODE 12 TOTAL REWARD 98.0



mai 08, 2020 7:30:38 A.M. no.hvl.projectparmorel.qlearning.QModelFixer handleEpisode
INFO: EPISODE 13, STEP 0, Fixing error 38: The default value literal '0' must be a valid literal of the attribute's type
mai 08, 2020 7:30:38 A.M. no.hvl.projectparmorel.qlearning.QModelFixer chooseAction
INFO: Choosing random action.
mai 08, 2020 7:30:38 A.M. no.hvl.projectparmorel.qlearning.QModelFixer handleStep
INFO: Chose action setEType in context 0 with weight 0.35384616
mai 08, 2020 7:30:38 A.M. no.hvl.projectparmorel.qlearning.QModelFixer updateQTable
INFO: Calculating new Q-value:
Old Q-value: 0.35384616
Alpha: 1.0
Gamma:1.0

Reward: -2
0.35384616 + 1.0 * (-2 + 1.0 - 0.35384616) = -1.0
mai 08, 2020 7:30:38 A.M. no.hvl.projectparmorel.qlearning.QModelFixer updateQTable
INFO: Updated Q-table for error 38, context 0, action -591535257 to new weight -1.0
mai 08, 2020 7:30:38 A.M. no.hvl.projectparmorel.qlearning.ecore.EcoreSolution calculateDistanceFromOriginal
INFO: Calculated the distance between the models to 96.0
mai 08, 2020 7:30:38 A.M. no.hvl.projectparmorel.qlearning.reward.PreferCloseDinstanceToOriginalPreference rewardcalculateRewardFor
INFO: Time to measure distance: 16 ms
mai 08, 2020 7:30:38 A.M. no.hvl.projectparmorel.qlearning.QModelFixer updateQTable
INFO: Calculating new Q-value:
Old Q-value: -1.0
Alpha: 1.0
Gamma:1.0

Reward: 96
-1.0 + 1.0 * (96 + 1.0 - -1.0) = 97.0
mai 08, 2020 7:30:38 A.M. no.hvl.projectparmorel.qlearning.QModelFixer updateQTable
INFO: Updated Q-table for error 38, context 0, action -591535257 to new weight 97.0
mai 08, 2020 7:30:40 A.M. no.hvl.projectparmorel.qlearning.reward.PreferReuse rewardcalculateRewardFor
INFO: Reuse of the metamodel: 0.5555556
Time to get metric: 1389 ms
mai 08, 2020 7:30:40 A.M. no.hvl.projectparmorel.qlearning.QModelFixer fixModel
INFO: Solution added to possible solitons: [ErrorAction [Error: 38 The default value literal '0' must be a valid literal of the attribute's type, Action: setEType, Error hierarchy: 0]
]
mai 08, 2020 7:30:40 A.M. no.hvl.projectparmorel.qlearning.QModelFixer fixModel
INFO: EPISODE 13 TOTAL REWARD 94.0



mai 08, 2020 7:30:40 A.M. no.hvl.projectparmorel.qlearning.QModelFixer handleEpisode
INFO: EPISODE 14, STEP 0, Fixing error 38: The default value literal '0' must be a valid literal of the attribute's type
mai 08, 2020 7:30:40 A.M. no.hvl.projectparmorel.qlearning.QModelFixer chooseAction
INFO: Choosing optimal action
mai 08, 2020 7:30:40 A.M. no.hvl.projectparmorel.qlearning.QModelFixer handleStep
INFO: Chose action setDefaultValueLiteralGen in context 0 with weight 0.5555556
mai 08, 2020 7:30:40 A.M. no.hvl.projectparmorel.qlearning.QModelFixer updateQTable
INFO: Calculating new Q-value:
Old Q-value: 0.5555556
Alpha: 1.0
Gamma:1.0

Reward: -2
0.5555556 + 1.0 * (-2 + 1.0 - 0.5555556) = -0.9999999999999999
mai 08, 2020 7:30:40 A.M. no.hvl.projectparmorel.qlearning.QModelFixer updateQTable
INFO: Updated Q-table for error 38, context 0, action -2078906332 to new weight -0.9999999999999999
mai 08, 2020 7:30:40 A.M. no.hvl.projectparmorel.qlearning.ecore.EcoreSolution calculateDistanceFromOriginal
INFO: Calculated the distance between the models to 100.0
mai 08, 2020 7:30:40 A.M. no.hvl.projectparmorel.qlearning.reward.PreferCloseDinstanceToOriginalPreference rewardcalculateRewardFor
INFO: Time to measure distance: 17 ms
mai 08, 2020 7:30:40 A.M. no.hvl.projectparmorel.qlearning.QModelFixer updateQTable
INFO: Calculating new Q-value:
Old Q-value: -0.9999999999999999
Alpha: 1.0
Gamma:1.0

Reward: 100
-0.9999999999999999 + 1.0 * (100 + 1.0 - -0.9999999999999999) = 101.0
mai 08, 2020 7:30:40 A.M. no.hvl.projectparmorel.qlearning.QModelFixer updateQTable
INFO: Updated Q-table for error 38, context 0, action -2078906332 to new weight 101.0
mai 08, 2020 7:30:41 A.M. no.hvl.projectparmorel.qlearning.reward.PreferReuse rewardcalculateRewardFor
INFO: Reuse of the metamodel: 0.5555556
Time to get metric: 1404 ms
mai 08, 2020 7:30:41 A.M. no.hvl.projectparmorel.qlearning.QModelFixer isUnique
INFO: Solution [ErrorAction [Error: 38 The default value literal '0' must be a valid literal of the attribute's type, Action: setDefaultValueLiteralGen, Error hierarchy: 0]
] already exists.
mai 08, 2020 7:30:41 A.M. no.hvl.projectparmorel.qlearning.QModelFixer fixModel
INFO: Solution discarded.
mai 08, 2020 7:30:41 A.M. no.hvl.projectparmorel.qlearning.QModelFixer fixModel
INFO: EPISODE 14 TOTAL REWARD 98.0



mai 08, 2020 7:30:41 A.M. no.hvl.projectparmorel.qlearning.QModelFixer handleEpisode
INFO: EPISODE 15, STEP 0, Fixing error 38: The default value literal '0' must be a valid literal of the attribute's type
mai 08, 2020 7:30:41 A.M. no.hvl.projectparmorel.qlearning.QModelFixer chooseAction
INFO: Choosing optimal action
mai 08, 2020 7:30:41 A.M. no.hvl.projectparmorel.qlearning.QModelFixer handleStep
INFO: Chose action setDefaultValueLiteralGen in context 0 with weight 0.5555556
mai 08, 2020 7:30:41 A.M. no.hvl.projectparmorel.qlearning.QModelFixer updateQTable
INFO: Calculating new Q-value:
Old Q-value: 0.5555556
Alpha: 1.0
Gamma:1.0

Reward: -2
0.5555556 + 1.0 * (-2 + 1.0 - 0.5555556) = -0.9999999999999999
mai 08, 2020 7:30:41 A.M. no.hvl.projectparmorel.qlearning.QModelFixer updateQTable
INFO: Updated Q-table for error 38, context 0, action -2078906332 to new weight -0.9999999999999999
mai 08, 2020 7:30:41 A.M. no.hvl.projectparmorel.qlearning.ecore.EcoreSolution calculateDistanceFromOriginal
INFO: Calculated the distance between the models to 100.0
mai 08, 2020 7:30:41 A.M. no.hvl.projectparmorel.qlearning.reward.PreferCloseDinstanceToOriginalPreference rewardcalculateRewardFor
INFO: Time to measure distance: 18 ms
mai 08, 2020 7:30:41 A.M. no.hvl.projectparmorel.qlearning.QModelFixer updateQTable
INFO: Calculating new Q-value:
Old Q-value: -0.9999999999999999
Alpha: 1.0
Gamma:1.0

Reward: 100
-0.9999999999999999 + 1.0 * (100 + 1.0 - -0.9999999999999999) = 101.0
mai 08, 2020 7:30:41 A.M. no.hvl.projectparmorel.qlearning.QModelFixer updateQTable
INFO: Updated Q-table for error 38, context 0, action -2078906332 to new weight 101.0
mai 08, 2020 7:30:42 A.M. no.hvl.projectparmorel.qlearning.reward.PreferReuse rewardcalculateRewardFor
INFO: Reuse of the metamodel: 0.5555556
Time to get metric: 1353 ms
mai 08, 2020 7:30:42 A.M. no.hvl.projectparmorel.qlearning.QModelFixer isUnique
INFO: Solution [ErrorAction [Error: 38 The default value literal '0' must be a valid literal of the attribute's type, Action: setDefaultValueLiteralGen, Error hierarchy: 0]
] already exists.
mai 08, 2020 7:30:42 A.M. no.hvl.projectparmorel.qlearning.QModelFixer fixModel
INFO: Solution discarded.
mai 08, 2020 7:30:42 A.M. no.hvl.projectparmorel.qlearning.QModelFixer fixModel
INFO: EPISODE 15 TOTAL REWARD 98.0



mai 08, 2020 7:30:42 A.M. no.hvl.projectparmorel.qlearning.QModelFixer handleEpisode
INFO: EPISODE 16, STEP 0, Fixing error 38: The default value literal '0' must be a valid literal of the attribute's type
mai 08, 2020 7:30:42 A.M. no.hvl.projectparmorel.qlearning.QModelFixer chooseAction
INFO: Choosing random action.
mai 08, 2020 7:30:42 A.M. no.hvl.projectparmorel.qlearning.QModelFixer handleStep
INFO: Chose action setDefaultValueLiteralGen in context 0 with weight 0.5555556
mai 08, 2020 7:30:42 A.M. no.hvl.projectparmorel.qlearning.QModelFixer updateQTable
INFO: Calculating new Q-value:
Old Q-value: 0.5555556
Alpha: 1.0
Gamma:1.0

Reward: -2
0.5555556 + 1.0 * (-2 + 1.0 - 0.5555556) = -0.9999999999999999
mai 08, 2020 7:30:42 A.M. no.hvl.projectparmorel.qlearning.QModelFixer updateQTable
INFO: Updated Q-table for error 38, context 0, action -2078906332 to new weight -0.9999999999999999
mai 08, 2020 7:30:42 A.M. no.hvl.projectparmorel.qlearning.ecore.EcoreSolution calculateDistanceFromOriginal
INFO: Calculated the distance between the models to 100.0
mai 08, 2020 7:30:42 A.M. no.hvl.projectparmorel.qlearning.reward.PreferCloseDinstanceToOriginalPreference rewardcalculateRewardFor
INFO: Time to measure distance: 16 ms
mai 08, 2020 7:30:42 A.M. no.hvl.projectparmorel.qlearning.QModelFixer updateQTable
INFO: Calculating new Q-value:
Old Q-value: -0.9999999999999999
Alpha: 1.0
Gamma:1.0

Reward: 100
-0.9999999999999999 + 1.0 * (100 + 1.0 - -0.9999999999999999) = 101.0
mai 08, 2020 7:30:42 A.M. no.hvl.projectparmorel.qlearning.QModelFixer updateQTable
INFO: Updated Q-table for error 38, context 0, action -2078906332 to new weight 101.0
mai 08, 2020 7:30:44 A.M. no.hvl.projectparmorel.qlearning.reward.PreferReuse rewardcalculateRewardFor
INFO: Reuse of the metamodel: 0.5555556
Time to get metric: 1431 ms
mai 08, 2020 7:30:44 A.M. no.hvl.projectparmorel.qlearning.QModelFixer isUnique
INFO: Solution [ErrorAction [Error: 38 The default value literal '0' must be a valid literal of the attribute's type, Action: setDefaultValueLiteralGen, Error hierarchy: 0]
] already exists.
mai 08, 2020 7:30:44 A.M. no.hvl.projectparmorel.qlearning.QModelFixer fixModel
INFO: Solution discarded.
mai 08, 2020 7:30:44 A.M. no.hvl.projectparmorel.qlearning.QModelFixer fixModel
INFO: EPISODE 16 TOTAL REWARD 98.0



mai 08, 2020 7:30:44 A.M. no.hvl.projectparmorel.qlearning.QModelFixer handleEpisode
INFO: EPISODE 17, STEP 0, Fixing error 38: The default value literal '0' must be a valid literal of the attribute's type
mai 08, 2020 7:30:44 A.M. no.hvl.projectparmorel.qlearning.QModelFixer chooseAction
INFO: Choosing random action.
mai 08, 2020 7:30:44 A.M. no.hvl.projectparmorel.qlearning.QModelFixer handleStep
INFO: Chose action setDefaultValueLiteral in context 0 with weight 0.34375
mai 08, 2020 7:30:44 A.M. no.hvl.projectparmorel.qlearning.QModelFixer updateQTable
INFO: Calculating new Q-value:
Old Q-value: 0.34375
Alpha: 1.0
Gamma:1.0

Reward: -2
0.34375 + 1.0 * (-2 + 1.0 - 0.34375) = -1.0
mai 08, 2020 7:30:44 A.M. no.hvl.projectparmorel.qlearning.QModelFixer updateQTable
INFO: Updated Q-table for error 38, context 0, action 1999964618 to new weight -1.0
mai 08, 2020 7:30:44 A.M. no.hvl.projectparmorel.qlearning.ecore.EcoreSolution calculateDistanceFromOriginal
INFO: Calculated the distance between the models to 100.0
mai 08, 2020 7:30:44 A.M. no.hvl.projectparmorel.qlearning.reward.PreferCloseDinstanceToOriginalPreference rewardcalculateRewardFor
INFO: Time to measure distance: 21 ms
mai 08, 2020 7:30:44 A.M. no.hvl.projectparmorel.qlearning.QModelFixer updateQTable
INFO: Calculating new Q-value:
Old Q-value: -1.0
Alpha: 1.0
Gamma:1.0

Reward: 100
-1.0 + 1.0 * (100 + 1.0 - -1.0) = 101.0
mai 08, 2020 7:30:44 A.M. no.hvl.projectparmorel.qlearning.QModelFixer updateQTable
INFO: Updated Q-table for error 38, context 0, action 1999964618 to new weight 101.0
mai 08, 2020 7:30:45 A.M. no.hvl.projectparmorel.qlearning.reward.PreferReuse rewardcalculateRewardFor
INFO: Reuse of the metamodel: 0.5555556
Time to get metric: 1349 ms
mai 08, 2020 7:30:45 A.M. no.hvl.projectparmorel.qlearning.QModelFixer fixModel
INFO: Solution added to possible solitons: [ErrorAction [Error: 38 The default value literal '0' must be a valid literal of the attribute's type, Action: setDefaultValueLiteral, Error hierarchy: 0]
]
mai 08, 2020 7:30:45 A.M. no.hvl.projectparmorel.qlearning.QModelFixer fixModel
INFO: EPISODE 17 TOTAL REWARD 98.0



mai 08, 2020 7:30:45 A.M. no.hvl.projectparmorel.qlearning.QModelFixer handleEpisode
INFO: EPISODE 18, STEP 0, Fixing error 38: The default value literal '0' must be a valid literal of the attribute's type
mai 08, 2020 7:30:45 A.M. no.hvl.projectparmorel.qlearning.QModelFixer chooseAction
INFO: Choosing optimal action
mai 08, 2020 7:30:45 A.M. no.hvl.projectparmorel.qlearning.QModelFixer handleStep
INFO: Chose action setDefaultValueLiteralGen in context 0 with weight 0.5555556
mai 08, 2020 7:30:45 A.M. no.hvl.projectparmorel.qlearning.QModelFixer updateQTable
INFO: Calculating new Q-value:
Old Q-value: 0.5555556
Alpha: 1.0
Gamma:1.0

Reward: -2
0.5555556 + 1.0 * (-2 + 1.0 - 0.5555556) = -0.9999999999999999
mai 08, 2020 7:30:45 A.M. no.hvl.projectparmorel.qlearning.QModelFixer updateQTable
INFO: Updated Q-table for error 38, context 0, action -2078906332 to new weight -0.9999999999999999
mai 08, 2020 7:30:45 A.M. no.hvl.projectparmorel.qlearning.ecore.EcoreSolution calculateDistanceFromOriginal
INFO: Calculated the distance between the models to 100.0
mai 08, 2020 7:30:45 A.M. no.hvl.projectparmorel.qlearning.reward.PreferCloseDinstanceToOriginalPreference rewardcalculateRewardFor
INFO: Time to measure distance: 16 ms
mai 08, 2020 7:30:45 A.M. no.hvl.projectparmorel.qlearning.QModelFixer updateQTable
INFO: Calculating new Q-value:
Old Q-value: -0.9999999999999999
Alpha: 1.0
Gamma:1.0

Reward: 100
-0.9999999999999999 + 1.0 * (100 + 1.0 - -0.9999999999999999) = 101.0
mai 08, 2020 7:30:45 A.M. no.hvl.projectparmorel.qlearning.QModelFixer updateQTable
INFO: Updated Q-table for error 38, context 0, action -2078906332 to new weight 101.0
mai 08, 2020 7:30:47 A.M. no.hvl.projectparmorel.qlearning.reward.PreferReuse rewardcalculateRewardFor
INFO: Reuse of the metamodel: 0.5555556
Time to get metric: 1419 ms
mai 08, 2020 7:30:47 A.M. no.hvl.projectparmorel.qlearning.QModelFixer isUnique
INFO: Solution [ErrorAction [Error: 38 The default value literal '0' must be a valid literal of the attribute's type, Action: setDefaultValueLiteralGen, Error hierarchy: 0]
] already exists.
mai 08, 2020 7:30:47 A.M. no.hvl.projectparmorel.qlearning.QModelFixer fixModel
INFO: Solution discarded.
mai 08, 2020 7:30:47 A.M. no.hvl.projectparmorel.qlearning.QModelFixer fixModel
INFO: EPISODE 18 TOTAL REWARD 98.0



mai 08, 2020 7:30:47 A.M. no.hvl.projectparmorel.qlearning.QModelFixer handleEpisode
INFO: EPISODE 19, STEP 0, Fixing error 38: The default value literal '0' must be a valid literal of the attribute's type
mai 08, 2020 7:30:47 A.M. no.hvl.projectparmorel.qlearning.QModelFixer chooseAction
INFO: Choosing optimal action
mai 08, 2020 7:30:47 A.M. no.hvl.projectparmorel.qlearning.QModelFixer handleStep
INFO: Chose action setDefaultValueLiteralGen in context 0 with weight 0.5555556
mai 08, 2020 7:30:47 A.M. no.hvl.projectparmorel.qlearning.QModelFixer updateQTable
INFO: Calculating new Q-value:
Old Q-value: 0.5555556
Alpha: 1.0
Gamma:1.0

Reward: -2
0.5555556 + 1.0 * (-2 + 1.0 - 0.5555556) = -0.9999999999999999
mai 08, 2020 7:30:47 A.M. no.hvl.projectparmorel.qlearning.QModelFixer updateQTable
INFO: Updated Q-table for error 38, context 0, action -2078906332 to new weight -0.9999999999999999
mai 08, 2020 7:30:47 A.M. no.hvl.projectparmorel.qlearning.ecore.EcoreSolution calculateDistanceFromOriginal
INFO: Calculated the distance between the models to 100.0
mai 08, 2020 7:30:47 A.M. no.hvl.projectparmorel.qlearning.reward.PreferCloseDinstanceToOriginalPreference rewardcalculateRewardFor
INFO: Time to measure distance: 18 ms
mai 08, 2020 7:30:47 A.M. no.hvl.projectparmorel.qlearning.QModelFixer updateQTable
INFO: Calculating new Q-value:
Old Q-value: -0.9999999999999999
Alpha: 1.0
Gamma:1.0

Reward: 100
-0.9999999999999999 + 1.0 * (100 + 1.0 - -0.9999999999999999) = 101.0
mai 08, 2020 7:30:47 A.M. no.hvl.projectparmorel.qlearning.QModelFixer updateQTable
INFO: Updated Q-table for error 38, context 0, action -2078906332 to new weight 101.0
mai 08, 2020 7:30:48 A.M. no.hvl.projectparmorel.qlearning.reward.PreferReuse rewardcalculateRewardFor
INFO: Reuse of the metamodel: 0.5555556
Time to get metric: 1366 ms
mai 08, 2020 7:30:48 A.M. no.hvl.projectparmorel.qlearning.QModelFixer isUnique
INFO: Solution [ErrorAction [Error: 38 The default value literal '0' must be a valid literal of the attribute's type, Action: setDefaultValueLiteralGen, Error hierarchy: 0]
] already exists.
mai 08, 2020 7:30:48 A.M. no.hvl.projectparmorel.qlearning.QModelFixer fixModel
INFO: Solution discarded.
mai 08, 2020 7:30:48 A.M. no.hvl.projectparmorel.qlearning.QModelFixer fixModel
INFO: EPISODE 19 TOTAL REWARD 98.0



mai 08, 2020 7:30:48 A.M. no.hvl.projectparmorel.qlearning.QModelFixer handleEpisode
INFO: EPISODE 20, STEP 0, Fixing error 38: The default value literal '0' must be a valid literal of the attribute's type
mai 08, 2020 7:30:48 A.M. no.hvl.projectparmorel.qlearning.QModelFixer chooseAction
INFO: Choosing optimal action
mai 08, 2020 7:30:48 A.M. no.hvl.projectparmorel.qlearning.QModelFixer handleStep
INFO: Chose action setDefaultValueLiteralGen in context 0 with weight 0.5555556
mai 08, 2020 7:30:48 A.M. no.hvl.projectparmorel.qlearning.QModelFixer updateQTable
INFO: Calculating new Q-value:
Old Q-value: 0.5555556
Alpha: 1.0
Gamma:1.0

Reward: -2
0.5555556 + 1.0 * (-2 + 1.0 - 0.5555556) = -0.9999999999999999
mai 08, 2020 7:30:48 A.M. no.hvl.projectparmorel.qlearning.QModelFixer updateQTable
INFO: Updated Q-table for error 38, context 0, action -2078906332 to new weight -0.9999999999999999
mai 08, 2020 7:30:48 A.M. no.hvl.projectparmorel.qlearning.ecore.EcoreSolution calculateDistanceFromOriginal
INFO: Calculated the distance between the models to 100.0
mai 08, 2020 7:30:48 A.M. no.hvl.projectparmorel.qlearning.reward.PreferCloseDinstanceToOriginalPreference rewardcalculateRewardFor
INFO: Time to measure distance: 17 ms
mai 08, 2020 7:30:48 A.M. no.hvl.projectparmorel.qlearning.QModelFixer updateQTable
INFO: Calculating new Q-value:
Old Q-value: -0.9999999999999999
Alpha: 1.0
Gamma:1.0

Reward: 100
-0.9999999999999999 + 1.0 * (100 + 1.0 - -0.9999999999999999) = 101.0
mai 08, 2020 7:30:48 A.M. no.hvl.projectparmorel.qlearning.QModelFixer updateQTable
INFO: Updated Q-table for error 38, context 0, action -2078906332 to new weight 101.0
mai 08, 2020 7:30:50 A.M. no.hvl.projectparmorel.qlearning.reward.PreferReuse rewardcalculateRewardFor
INFO: Reuse of the metamodel: 0.5555556
Time to get metric: 1357 ms
mai 08, 2020 7:30:50 A.M. no.hvl.projectparmorel.qlearning.QModelFixer isUnique
INFO: Solution [ErrorAction [Error: 38 The default value literal '0' must be a valid literal of the attribute's type, Action: setDefaultValueLiteralGen, Error hierarchy: 0]
] already exists.
mai 08, 2020 7:30:50 A.M. no.hvl.projectparmorel.qlearning.QModelFixer fixModel
INFO: Solution discarded.
mai 08, 2020 7:30:50 A.M. no.hvl.projectparmorel.qlearning.QModelFixer fixModel
INFO: EPISODE 20 TOTAL REWARD 98.0



mai 08, 2020 7:30:50 A.M. no.hvl.projectparmorel.qlearning.QModelFixer handleEpisode
INFO: EPISODE 21, STEP 0, Fixing error 38: The default value literal '0' must be a valid literal of the attribute's type
mai 08, 2020 7:30:50 A.M. no.hvl.projectparmorel.qlearning.QModelFixer chooseAction
INFO: Choosing random action.
mai 08, 2020 7:30:50 A.M. no.hvl.projectparmorel.qlearning.QModelFixer handleStep
INFO: Chose action setDefaultValueLiteralGen in context 0 with weight 0.5555556
mai 08, 2020 7:30:50 A.M. no.hvl.projectparmorel.qlearning.QModelFixer updateQTable
INFO: Calculating new Q-value:
Old Q-value: 0.5555556
Alpha: 1.0
Gamma:1.0

Reward: -2
0.5555556 + 1.0 * (-2 + 1.0 - 0.5555556) = -0.9999999999999999
mai 08, 2020 7:30:50 A.M. no.hvl.projectparmorel.qlearning.QModelFixer updateQTable
INFO: Updated Q-table for error 38, context 0, action -2078906332 to new weight -0.9999999999999999
mai 08, 2020 7:30:50 A.M. no.hvl.projectparmorel.qlearning.ecore.EcoreSolution calculateDistanceFromOriginal
INFO: Calculated the distance between the models to 100.0
mai 08, 2020 7:30:50 A.M. no.hvl.projectparmorel.qlearning.reward.PreferCloseDinstanceToOriginalPreference rewardcalculateRewardFor
INFO: Time to measure distance: 17 ms
mai 08, 2020 7:30:50 A.M. no.hvl.projectparmorel.qlearning.QModelFixer updateQTable
INFO: Calculating new Q-value:
Old Q-value: -0.9999999999999999
Alpha: 1.0
Gamma:1.0

Reward: 100
-0.9999999999999999 + 1.0 * (100 + 1.0 - -0.9999999999999999) = 101.0
mai 08, 2020 7:30:50 A.M. no.hvl.projectparmorel.qlearning.QModelFixer updateQTable
INFO: Updated Q-table for error 38, context 0, action -2078906332 to new weight 101.0
mai 08, 2020 7:30:51 A.M. no.hvl.projectparmorel.qlearning.reward.PreferReuse rewardcalculateRewardFor
INFO: Reuse of the metamodel: 0.5555556
Time to get metric: 1404 ms
mai 08, 2020 7:30:51 A.M. no.hvl.projectparmorel.qlearning.QModelFixer isUnique
INFO: Solution [ErrorAction [Error: 38 The default value literal '0' must be a valid literal of the attribute's type, Action: setDefaultValueLiteralGen, Error hierarchy: 0]
] already exists.
mai 08, 2020 7:30:51 A.M. no.hvl.projectparmorel.qlearning.QModelFixer fixModel
INFO: Solution discarded.
mai 08, 2020 7:30:51 A.M. no.hvl.projectparmorel.qlearning.QModelFixer fixModel
INFO: EPISODE 21 TOTAL REWARD 98.0



mai 08, 2020 7:30:51 A.M. no.hvl.projectparmorel.qlearning.QModelFixer handleEpisode
INFO: EPISODE 22, STEP 0, Fixing error 38: The default value literal '0' must be a valid literal of the attribute's type
mai 08, 2020 7:30:51 A.M. no.hvl.projectparmorel.qlearning.QModelFixer chooseAction
INFO: Choosing optimal action
mai 08, 2020 7:30:51 A.M. no.hvl.projectparmorel.qlearning.QModelFixer handleStep
INFO: Chose action setDefaultValueLiteralGen in context 0 with weight 0.5555556
mai 08, 2020 7:30:51 A.M. no.hvl.projectparmorel.qlearning.QModelFixer updateQTable
INFO: Calculating new Q-value:
Old Q-value: 0.5555556
Alpha: 1.0
Gamma:1.0

Reward: -2
0.5555556 + 1.0 * (-2 + 1.0 - 0.5555556) = -0.9999999999999999
mai 08, 2020 7:30:51 A.M. no.hvl.projectparmorel.qlearning.QModelFixer updateQTable
INFO: Updated Q-table for error 38, context 0, action -2078906332 to new weight -0.9999999999999999
mai 08, 2020 7:30:51 A.M. no.hvl.projectparmorel.qlearning.ecore.EcoreSolution calculateDistanceFromOriginal
INFO: Calculated the distance between the models to 100.0
mai 08, 2020 7:30:51 A.M. no.hvl.projectparmorel.qlearning.reward.PreferCloseDinstanceToOriginalPreference rewardcalculateRewardFor
INFO: Time to measure distance: 17 ms
mai 08, 2020 7:30:51 A.M. no.hvl.projectparmorel.qlearning.QModelFixer updateQTable
INFO: Calculating new Q-value:
Old Q-value: -0.9999999999999999
Alpha: 1.0
Gamma:1.0

Reward: 100
-0.9999999999999999 + 1.0 * (100 + 1.0 - -0.9999999999999999) = 101.0
mai 08, 2020 7:30:51 A.M. no.hvl.projectparmorel.qlearning.QModelFixer updateQTable
INFO: Updated Q-table for error 38, context 0, action -2078906332 to new weight 101.0
mai 08, 2020 7:30:52 A.M. no.hvl.projectparmorel.qlearning.reward.PreferReuse rewardcalculateRewardFor
INFO: Reuse of the metamodel: 0.5555556
Time to get metric: 1355 ms
mai 08, 2020 7:30:52 A.M. no.hvl.projectparmorel.qlearning.QModelFixer isUnique
INFO: Solution [ErrorAction [Error: 38 The default value literal '0' must be a valid literal of the attribute's type, Action: setDefaultValueLiteralGen, Error hierarchy: 0]
] already exists.
mai 08, 2020 7:30:52 A.M. no.hvl.projectparmorel.qlearning.QModelFixer fixModel
INFO: Solution discarded.
mai 08, 2020 7:30:52 A.M. no.hvl.projectparmorel.qlearning.QModelFixer fixModel
INFO: EPISODE 22 TOTAL REWARD 98.0



mai 08, 2020 7:30:52 A.M. no.hvl.projectparmorel.qlearning.QModelFixer handleEpisode
INFO: EPISODE 23, STEP 0, Fixing error 38: The default value literal '0' must be a valid literal of the attribute's type
mai 08, 2020 7:30:52 A.M. no.hvl.projectparmorel.qlearning.QModelFixer chooseAction
INFO: Choosing optimal action
mai 08, 2020 7:30:52 A.M. no.hvl.projectparmorel.qlearning.QModelFixer handleStep
INFO: Chose action setDefaultValueLiteralGen in context 0 with weight 0.5555556
mai 08, 2020 7:30:52 A.M. no.hvl.projectparmorel.qlearning.QModelFixer updateQTable
INFO: Calculating new Q-value:
Old Q-value: 0.5555556
Alpha: 1.0
Gamma:1.0

Reward: -2
0.5555556 + 1.0 * (-2 + 1.0 - 0.5555556) = -0.9999999999999999
mai 08, 2020 7:30:52 A.M. no.hvl.projectparmorel.qlearning.QModelFixer updateQTable
INFO: Updated Q-table for error 38, context 0, action -2078906332 to new weight -0.9999999999999999
mai 08, 2020 7:30:52 A.M. no.hvl.projectparmorel.qlearning.ecore.EcoreSolution calculateDistanceFromOriginal
INFO: Calculated the distance between the models to 100.0
mai 08, 2020 7:30:52 A.M. no.hvl.projectparmorel.qlearning.reward.PreferCloseDinstanceToOriginalPreference rewardcalculateRewardFor
INFO: Time to measure distance: 17 ms
mai 08, 2020 7:30:52 A.M. no.hvl.projectparmorel.qlearning.QModelFixer updateQTable
INFO: Calculating new Q-value:
Old Q-value: -0.9999999999999999
Alpha: 1.0
Gamma:1.0

Reward: 100
-0.9999999999999999 + 1.0 * (100 + 1.0 - -0.9999999999999999) = 101.0
mai 08, 2020 7:30:52 A.M. no.hvl.projectparmorel.qlearning.QModelFixer updateQTable
INFO: Updated Q-table for error 38, context 0, action -2078906332 to new weight 101.0
mai 08, 2020 7:30:54 A.M. no.hvl.projectparmorel.qlearning.reward.PreferReuse rewardcalculateRewardFor
INFO: Reuse of the metamodel: 0.5555556
Time to get metric: 1422 ms
mai 08, 2020 7:30:54 A.M. no.hvl.projectparmorel.qlearning.QModelFixer isUnique
INFO: Solution [ErrorAction [Error: 38 The default value literal '0' must be a valid literal of the attribute's type, Action: setDefaultValueLiteralGen, Error hierarchy: 0]
] already exists.
mai 08, 2020 7:30:54 A.M. no.hvl.projectparmorel.qlearning.QModelFixer fixModel
INFO: Solution discarded.
mai 08, 2020 7:30:54 A.M. no.hvl.projectparmorel.qlearning.QModelFixer fixModel
INFO: EPISODE 23 TOTAL REWARD 98.0



mai 08, 2020 7:30:54 A.M. no.hvl.projectparmorel.qlearning.QModelFixer handleEpisode
INFO: EPISODE 24, STEP 0, Fixing error 38: The default value literal '0' must be a valid literal of the attribute's type
mai 08, 2020 7:30:54 A.M. no.hvl.projectparmorel.qlearning.QModelFixer chooseAction
INFO: Choosing optimal action
mai 08, 2020 7:30:54 A.M. no.hvl.projectparmorel.qlearning.QModelFixer handleStep
INFO: Chose action setDefaultValueLiteralGen in context 0 with weight 0.5555556
mai 08, 2020 7:30:54 A.M. no.hvl.projectparmorel.qlearning.QModelFixer updateQTable
INFO: Calculating new Q-value:
Old Q-value: 0.5555556
Alpha: 1.0
Gamma:1.0

Reward: -2
0.5555556 + 1.0 * (-2 + 1.0 - 0.5555556) = -0.9999999999999999
mai 08, 2020 7:30:54 A.M. no.hvl.projectparmorel.qlearning.QModelFixer updateQTable
INFO: Updated Q-table for error 38, context 0, action -2078906332 to new weight -0.9999999999999999
mai 08, 2020 7:30:54 A.M. no.hvl.projectparmorel.qlearning.ecore.EcoreSolution calculateDistanceFromOriginal
INFO: Calculated the distance between the models to 100.0
mai 08, 2020 7:30:54 A.M. no.hvl.projectparmorel.qlearning.reward.PreferCloseDinstanceToOriginalPreference rewardcalculateRewardFor
INFO: Time to measure distance: 18 ms
mai 08, 2020 7:30:54 A.M. no.hvl.projectparmorel.qlearning.QModelFixer updateQTable
INFO: Calculating new Q-value:
Old Q-value: -0.9999999999999999
Alpha: 1.0
Gamma:1.0

Reward: 100
-0.9999999999999999 + 1.0 * (100 + 1.0 - -0.9999999999999999) = 101.0
mai 08, 2020 7:30:54 A.M. no.hvl.projectparmorel.qlearning.QModelFixer updateQTable
INFO: Updated Q-table for error 38, context 0, action -2078906332 to new weight 101.0
mai 08, 2020 7:30:55 A.M. no.hvl.projectparmorel.qlearning.reward.PreferReuse rewardcalculateRewardFor
INFO: Reuse of the metamodel: 0.5555556
Time to get metric: 1369 ms
mai 08, 2020 7:30:55 A.M. no.hvl.projectparmorel.qlearning.QModelFixer isUnique
INFO: Solution [ErrorAction [Error: 38 The default value literal '0' must be a valid literal of the attribute's type, Action: setDefaultValueLiteralGen, Error hierarchy: 0]
] already exists.
mai 08, 2020 7:30:55 A.M. no.hvl.projectparmorel.qlearning.QModelFixer fixModel
INFO: Solution discarded.
mai 08, 2020 7:30:55 A.M. no.hvl.projectparmorel.qlearning.QModelFixer fixModel
INFO: EPISODE 24 TOTAL REWARD 98.0



mai 08, 2020 7:30:55 A.M. no.hvl.projectparmorel.qlearning.QModelFixer fixModel
INFO: Time repairing model: 35841 ms
mai 08, 2020 7:30:55 A.M. no.hvl.projectparmorel.qlearning.QModelFixer fixModel
INFO: 
-----------------ALL SEQUENCES FOUND-------------------
SIZE: 4
DISCARDED SEQUENCES: 21
--------::::B E S T   S E Q U E N C E   I S::::---------
Sequence [id=0, seq=[ErrorAction [Error: 38 The default value literal '0' must be a valid literal of the attribute's type, Action: setDefaultValueLiteralGen, Error hierarchy: 0]
], weight=98.0]

 with 1 actions.
mai 08, 2020 7:30:55 A.M. no.hvl.projectparmorel.qlearning.knowledge.Knowledge save
INFO: Saving initialized
mai 08, 2020 7:30:55 A.M. no.hvl.projectparmorel.qlearning.knowledge.Knowledge save
INFO: document prepared
mai 08, 2020 7:30:55 A.M. no.hvl.projectparmorel.qlearning.knowledge.Knowledge save
INFO: Saving completed to /Users/Magnus/Skole/DAT300/EclipseWorkspace3/ParmorelRunnable/knowledge.xml
mai 08, 2020 7:30:55 A.M. no.hvl.projectparmorel.qlearning.knowledge.Knowledge save
INFO: Saving initialized
mai 08, 2020 7:30:55 A.M. no.hvl.projectparmorel.qlearning.knowledge.Knowledge save
INFO: document prepared
mai 08, 2020 7:30:55 A.M. no.hvl.projectparmorel.qlearning.knowledge.Knowledge save
INFO: Saving completed to /Users/Magnus/Skole/DAT300/EclipseWorkspace3/ParmorelRunnable/knowledge.xml
