apr. 11, 2020 2:36:58 P.M. hvl.projectparmorel.modelrepair.QModelFixer fixModel
INFO: Repairing c2.ecore
apr. 11, 2020 2:36:58 P.M. hvl.projectparmorel.modelrepair.QModelFixer fixModel
INFO: Running with preferences [0, 2]
apr. 11, 2020 2:36:58 P.M. hvl.projectparmorel.modelrepair.QModelFixer fixModel
INFO: Initial number of errors in model: 2
Maximum number of steps per episode: 20
Errors to fix: [Error 401, message=The typed element must have a type
, Error 44, message=The name 'null' is not well formed
]
apr. 11, 2020 2:36:58 P.M. hvl.projectparmorel.modelrepair.QModelFixer fixModel
INFO: Initializing Q-table for the errors.
apr. 11, 2020 2:36:58 P.M. hvl.projectparmorel.modelrepair.QModelFixer fixModel
INFO: Number of episodes: 25
apr. 11, 2020 2:36:58 P.M. hvl.projectparmorel.modelrepair.QModelFixer handleEpisode
INFO: EPISODE 0, STEP 0, Fixing error 401: The typed element must have a type
apr. 11, 2020 2:36:58 P.M. hvl.projectparmorel.modelrepair.QModelFixer chooseAction
INFO: Choosing optimal action
apr. 11, 2020 2:36:58 P.M. hvl.projectparmorel.modelrepair.QModelFixer handleStep
INFO: Chose action delete in context 0 with weight 1200.0000033464082
apr. 11, 2020 2:36:59 P.M. hvl.projectparmorel.modelrepair.QModelFixer handleStep
INFO: Next error code: 44
apr. 11, 2020 2:36:59 P.M. hvl.projectparmorel.modelrepair.QModelFixer handleStep
INFO: Calculating new Q-value:
Old Q-value: 1200.0000033464082
Alpha: 1.0
Gamma: 1.0
Reward: 0
Next optimal action Q-value: 600.0
1200.0000033464082 + 1.0 * (0 + 1.0 * 600.0 - 1200.0000033464082) = 600.0
apr. 11, 2020 2:36:59 P.M. hvl.projectparmorel.modelrepair.QModelFixer handleStep
INFO: Updated Q-table for error 401, context 0, action 99999 delete to new weight 600.0


apr. 11, 2020 2:36:59 P.M. hvl.projectparmorel.modelrepair.QModelFixer handleEpisode
INFO: EPISODE 0, STEP 1, Fixing error 44: The name 'null' is not well formed
apr. 11, 2020 2:36:59 P.M. hvl.projectparmorel.modelrepair.QModelFixer chooseAction
INFO: Choosing random action.
apr. 11, 2020 2:36:59 P.M. hvl.projectparmorel.modelrepair.QModelFixer handleStep
INFO: Chose action setName in context 0 with weight 1.3468716116051495E-12
apr. 11, 2020 2:36:59 P.M. hvl.projectparmorel.modelrepair.QModelFixer handleStep
INFO: Calculating new Q-value:
Old Q-value: 1.3468716116051495E-12
Alpha: 1.0

Reward: 0
1.3468716116051495E-12 + 1.0 * (0 - 1.3468716116051495E-12) = 0.0
apr. 11, 2020 2:36:59 P.M. hvl.projectparmorel.modelrepair.QModelFixer handleStep
INFO: Updated Q-table for error 44, context 0, action -801382182 setName to new weight 0.0
apr. 11, 2020 2:36:59 P.M. hvl.projectparmorel.modelrepair.QModelFixer handleEpisode
INFO: EPISODE 0 TOTAL REWARD 0



apr. 11, 2020 2:36:59 P.M. hvl.projectparmorel.modelrepair.QModelFixer handleEpisode
INFO: EPISODE 1, STEP 0, Fixing error 401: The typed element must have a type
apr. 11, 2020 2:36:59 P.M. hvl.projectparmorel.modelrepair.QModelFixer chooseAction
INFO: Choosing optimal action
apr. 11, 2020 2:36:59 P.M. hvl.projectparmorel.modelrepair.QModelFixer handleStep
INFO: Chose action delete in context 0 with weight 600.0
apr. 11, 2020 2:37:00 P.M. hvl.projectparmorel.modelrepair.QModelFixer handleStep
INFO: Next error code: 44
apr. 11, 2020 2:37:00 P.M. hvl.projectparmorel.modelrepair.QModelFixer handleStep
INFO: Calculating new Q-value:
Old Q-value: 600.0
Alpha: 0.9608333333333333
Gamma: 1.0
Reward: 0
Next optimal action Q-value: 600.0
600.0 + 0.9608333333333333 * (0 + 1.0 * 600.0 - 600.0) = 600.0
apr. 11, 2020 2:37:00 P.M. hvl.projectparmorel.modelrepair.QModelFixer handleStep
INFO: Updated Q-table for error 401, context 0, action 99999 delete to new weight 600.0


apr. 11, 2020 2:37:00 P.M. hvl.projectparmorel.modelrepair.QModelFixer handleEpisode
INFO: EPISODE 1, STEP 1, Fixing error 44: The name 'null' is not well formed
apr. 11, 2020 2:37:00 P.M. hvl.projectparmorel.modelrepair.QModelFixer chooseAction
INFO: Choosing optimal action
apr. 11, 2020 2:37:00 P.M. hvl.projectparmorel.modelrepair.QModelFixer handleStep
INFO: Chose action delete in context 0 with weight 600.0
apr. 11, 2020 2:37:01 P.M. hvl.projectparmorel.modelrepair.QModelFixer handleStep
INFO: Calculating new Q-value:
Old Q-value: 600.0
Alpha: 0.9608333333333333

Reward: 0
600.0 + 0.9608333333333333 * (0 - 600.0) = 23.5
apr. 11, 2020 2:37:01 P.M. hvl.projectparmorel.modelrepair.QModelFixer handleStep
INFO: Updated Q-table for error 44, context 0, action 99999 delete to new weight 23.5
apr. 11, 2020 2:37:01 P.M. hvl.projectparmorel.modelrepair.QModelFixer handleEpisode
INFO: EPISODE 1 TOTAL REWARD 0



apr. 11, 2020 2:37:02 P.M. hvl.projectparmorel.modelrepair.QModelFixer handleEpisode
INFO: EPISODE 2, STEP 0, Fixing error 401: The typed element must have a type
apr. 11, 2020 2:37:02 P.M. hvl.projectparmorel.modelrepair.QModelFixer chooseAction
INFO: Choosing optimal action
apr. 11, 2020 2:37:02 P.M. hvl.projectparmorel.modelrepair.QModelFixer handleStep
INFO: Chose action delete in context 0 with weight 600.0
apr. 11, 2020 2:37:03 P.M. hvl.projectparmorel.modelrepair.QModelFixer handleStep
INFO: Next error code: 44
apr. 11, 2020 2:37:03 P.M. hvl.projectparmorel.modelrepair.QModelFixer handleStep
INFO: Calculating new Q-value:
Old Q-value: 600.0
Alpha: 0.9216666666666666
Gamma: 1.0
Reward: 0
Next optimal action Q-value: 23.5
600.0 + 0.9216666666666666 * (0 + 1.0 * 23.5 - 600.0) = 68.65916666666669
apr. 11, 2020 2:37:03 P.M. hvl.projectparmorel.modelrepair.QModelFixer handleStep
INFO: Updated Q-table for error 401, context 0, action 99999 delete to new weight 68.65916666666669


apr. 11, 2020 2:37:03 P.M. hvl.projectparmorel.modelrepair.QModelFixer handleEpisode
INFO: EPISODE 2, STEP 1, Fixing error 44: The name 'null' is not well formed
apr. 11, 2020 2:37:03 P.M. hvl.projectparmorel.modelrepair.QModelFixer chooseAction
INFO: Choosing optimal action
apr. 11, 2020 2:37:03 P.M. hvl.projectparmorel.modelrepair.QModelFixer handleStep
INFO: Chose action delete in context 0 with weight 23.5
apr. 11, 2020 2:37:04 P.M. hvl.projectparmorel.modelrepair.QModelFixer handleStep
INFO: Calculating new Q-value:
Old Q-value: 23.5
Alpha: 0.9216666666666666

Reward: 0
23.5 + 0.9216666666666666 * (0 - 23.5) = 1.8408333333333324
apr. 11, 2020 2:37:04 P.M. hvl.projectparmorel.modelrepair.QModelFixer handleStep
INFO: Updated Q-table for error 44, context 0, action 99999 delete to new weight 1.8408333333333324
apr. 11, 2020 2:37:04 P.M. hvl.projectparmorel.modelrepair.QModelFixer handleEpisode
INFO: EPISODE 2 TOTAL REWARD 0



apr. 11, 2020 2:37:04 P.M. hvl.projectparmorel.modelrepair.QModelFixer handleEpisode
INFO: EPISODE 3, STEP 0, Fixing error 401: The typed element must have a type
apr. 11, 2020 2:37:04 P.M. hvl.projectparmorel.modelrepair.QModelFixer chooseAction
INFO: Choosing random action.
apr. 11, 2020 2:37:04 P.M. hvl.projectparmorel.modelrepair.QModelFixer handleStep
INFO: Chose action setEType in context 0 with weight 3.371153758523808E-6
apr. 11, 2020 2:37:04 P.M. hvl.projectparmorel.modelrepair.QModelFixer handleStep
INFO: Next error code: 44
apr. 11, 2020 2:37:04 P.M. hvl.projectparmorel.modelrepair.QModelFixer handleStep
INFO: Calculating new Q-value:
Old Q-value: 3.371153758523808E-6
Alpha: 0.8825000000000001
Gamma: 1.0
Reward: 0
Next optimal action Q-value: 1.8408333333333324
3.371153758523808E-6 + 0.8825000000000001 * (0 + 1.0 * 1.8408333333333324 - 3.371153758523808E-6) = 1.6245358127772327
apr. 11, 2020 2:37:04 P.M. hvl.projectparmorel.modelrepair.QModelFixer handleStep
INFO: Updated Q-table for error 401, context 0, action 591449609 setEType to new weight 1.6245358127772327


apr. 11, 2020 2:37:04 P.M. hvl.projectparmorel.modelrepair.QModelFixer handleEpisode
INFO: EPISODE 3, STEP 1, Fixing error 44: The name 'null' is not well formed
apr. 11, 2020 2:37:04 P.M. hvl.projectparmorel.modelrepair.QModelFixer chooseAction
INFO: Choosing random action.
apr. 11, 2020 2:37:04 P.M. hvl.projectparmorel.modelrepair.QModelFixer handleStep
INFO: Chose action setName in context 0 with weight 0.0
apr. 11, 2020 2:37:04 P.M. hvl.projectparmorel.modelrepair.QModelFixer handleStep
INFO: Calculating new Q-value:
Old Q-value: 0.0
Alpha: 0.8825000000000001

Reward: 0
0.0 + 0.8825000000000001 * (0 - 0.0) = 0.0
apr. 11, 2020 2:37:04 P.M. hvl.projectparmorel.modelrepair.QModelFixer handleStep
INFO: Updated Q-table for error 44, context 0, action -801382182 setName to new weight 0.0
apr. 11, 2020 2:37:04 P.M. hvl.projectparmorel.modelrepair.QModelFixer handleEpisode
INFO: EPISODE 3 TOTAL REWARD 0



apr. 11, 2020 2:37:04 P.M. hvl.projectparmorel.modelrepair.QModelFixer handleEpisode
INFO: EPISODE 4, STEP 0, Fixing error 401: The typed element must have a type
apr. 11, 2020 2:37:04 P.M. hvl.projectparmorel.modelrepair.QModelFixer chooseAction
INFO: Choosing optimal action
apr. 11, 2020 2:37:04 P.M. hvl.projectparmorel.modelrepair.QModelFixer handleStep
INFO: Chose action delete in context 0 with weight 68.65916666666669
apr. 11, 2020 2:37:05 P.M. hvl.projectparmorel.modelrepair.QModelFixer handleStep
INFO: Next error code: 44
apr. 11, 2020 2:37:05 P.M. hvl.projectparmorel.modelrepair.QModelFixer handleStep
INFO: Calculating new Q-value:
Old Q-value: 68.65916666666669
Alpha: 0.8433333333333334
Gamma: 1.0
Reward: 0
Next optimal action Q-value: 1.8408333333333324
68.65916666666669 + 0.8433333333333334 * (0 + 1.0 * 1.8408333333333324 - 68.65916666666669) = 12.309038888888892
apr. 11, 2020 2:37:05 P.M. hvl.projectparmorel.modelrepair.QModelFixer handleStep
INFO: Updated Q-table for error 401, context 0, action 99999 delete to new weight 12.309038888888892


apr. 11, 2020 2:37:05 P.M. hvl.projectparmorel.modelrepair.QModelFixer handleEpisode
INFO: EPISODE 4, STEP 1, Fixing error 44: The name 'null' is not well formed
apr. 11, 2020 2:37:05 P.M. hvl.projectparmorel.modelrepair.QModelFixer chooseAction
INFO: Choosing optimal action
apr. 11, 2020 2:37:05 P.M. hvl.projectparmorel.modelrepair.QModelFixer handleStep
INFO: Chose action delete in context 0 with weight 1.8408333333333324
apr. 11, 2020 2:37:06 P.M. hvl.projectparmorel.modelrepair.QModelFixer handleStep
INFO: Calculating new Q-value:
Old Q-value: 1.8408333333333324
Alpha: 0.8433333333333334

Reward: 0
1.8408333333333324 + 0.8433333333333334 * (0 - 1.8408333333333324) = 0.28839722222222197
apr. 11, 2020 2:37:06 P.M. hvl.projectparmorel.modelrepair.QModelFixer handleStep
INFO: Updated Q-table for error 44, context 0, action 99999 delete to new weight 0.28839722222222197
apr. 11, 2020 2:37:06 P.M. hvl.projectparmorel.modelrepair.QModelFixer handleEpisode
INFO: EPISODE 4 TOTAL REWARD 0



apr. 11, 2020 2:37:06 P.M. hvl.projectparmorel.modelrepair.QModelFixer handleEpisode
INFO: EPISODE 5, STEP 0, Fixing error 401: The typed element must have a type
apr. 11, 2020 2:37:06 P.M. hvl.projectparmorel.modelrepair.QModelFixer chooseAction
INFO: Choosing optimal action
apr. 11, 2020 2:37:06 P.M. hvl.projectparmorel.modelrepair.QModelFixer handleStep
INFO: Chose action delete in context 0 with weight 12.309038888888892
apr. 11, 2020 2:37:07 P.M. hvl.projectparmorel.modelrepair.QModelFixer handleStep
INFO: Next error code: 44
apr. 11, 2020 2:37:07 P.M. hvl.projectparmorel.modelrepair.QModelFixer handleStep
INFO: Calculating new Q-value:
Old Q-value: 12.309038888888892
Alpha: 0.8041666666666667
Gamma: 1.0
Reward: 0
Next optimal action Q-value: 0.28839722222222197
12.309038888888892 + 0.8041666666666667 * (0 + 1.0 * 0.28839722222222197 - 12.309038888888892) = 2.6424395486111116
apr. 11, 2020 2:37:07 P.M. hvl.projectparmorel.modelrepair.QModelFixer handleStep
INFO: Updated Q-table for error 401, context 0, action 99999 delete to new weight 2.6424395486111116


apr. 11, 2020 2:37:07 P.M. hvl.projectparmorel.modelrepair.QModelFixer handleEpisode
INFO: EPISODE 5, STEP 1, Fixing error 44: The name 'null' is not well formed
apr. 11, 2020 2:37:07 P.M. hvl.projectparmorel.modelrepair.QModelFixer chooseAction
INFO: Choosing optimal action
apr. 11, 2020 2:37:07 P.M. hvl.projectparmorel.modelrepair.QModelFixer handleStep
INFO: Chose action delete in context 0 with weight 0.28839722222222197
apr. 11, 2020 2:37:08 P.M. hvl.projectparmorel.modelrepair.QModelFixer handleStep
INFO: Calculating new Q-value:
Old Q-value: 0.28839722222222197
Alpha: 0.8041666666666667

Reward: 0
0.28839722222222197 + 0.8041666666666667 * (0 - 0.28839722222222197) = 0.0564777893518518
apr. 11, 2020 2:37:08 P.M. hvl.projectparmorel.modelrepair.QModelFixer handleStep
INFO: Updated Q-table for error 44, context 0, action 99999 delete to new weight 0.0564777893518518
apr. 11, 2020 2:37:08 P.M. hvl.projectparmorel.modelrepair.QModelFixer handleEpisode
INFO: EPISODE 5 TOTAL REWARD 0



apr. 11, 2020 2:37:08 P.M. hvl.projectparmorel.modelrepair.QModelFixer handleEpisode
INFO: EPISODE 6, STEP 0, Fixing error 401: The typed element must have a type
apr. 11, 2020 2:37:08 P.M. hvl.projectparmorel.modelrepair.QModelFixer chooseAction
INFO: Choosing optimal action
apr. 11, 2020 2:37:08 P.M. hvl.projectparmorel.modelrepair.QModelFixer handleStep
INFO: Chose action delete in context 0 with weight 2.6424395486111116
apr. 11, 2020 2:37:09 P.M. hvl.projectparmorel.modelrepair.QModelFixer handleStep
INFO: Next error code: 44
apr. 11, 2020 2:37:09 P.M. hvl.projectparmorel.modelrepair.QModelFixer handleStep
INFO: Calculating new Q-value:
Old Q-value: 2.6424395486111116
Alpha: 0.765
Gamma: 1.0
Reward: 0
Next optimal action Q-value: 0.0564777893518518
2.6424395486111116 + 0.765 * (0 + 1.0 * 0.0564777893518518 - 2.6424395486111116) = 0.664178802777778
apr. 11, 2020 2:37:09 P.M. hvl.projectparmorel.modelrepair.QModelFixer handleStep
INFO: Updated Q-table for error 401, context 0, action 99999 delete to new weight 0.664178802777778


apr. 11, 2020 2:37:09 P.M. hvl.projectparmorel.modelrepair.QModelFixer handleEpisode
INFO: EPISODE 6, STEP 1, Fixing error 44: The name 'null' is not well formed
apr. 11, 2020 2:37:09 P.M. hvl.projectparmorel.modelrepair.QModelFixer chooseAction
INFO: Choosing optimal action
apr. 11, 2020 2:37:09 P.M. hvl.projectparmorel.modelrepair.QModelFixer handleStep
INFO: Chose action delete in context 0 with weight 0.0564777893518518
apr. 11, 2020 2:37:10 P.M. hvl.projectparmorel.modelrepair.QModelFixer handleStep
INFO: Calculating new Q-value:
Old Q-value: 0.0564777893518518
Alpha: 0.765

Reward: 0
0.0564777893518518 + 0.765 * (0 - 0.0564777893518518) = 0.013272280497685175
apr. 11, 2020 2:37:10 P.M. hvl.projectparmorel.modelrepair.QModelFixer handleStep
INFO: Updated Q-table for error 44, context 0, action 99999 delete to new weight 0.013272280497685175
apr. 11, 2020 2:37:10 P.M. hvl.projectparmorel.modelrepair.QModelFixer handleEpisode
INFO: EPISODE 6 TOTAL REWARD 0



apr. 11, 2020 2:37:10 P.M. hvl.projectparmorel.modelrepair.QModelFixer handleEpisode
INFO: EPISODE 7, STEP 0, Fixing error 401: The typed element must have a type
apr. 11, 2020 2:37:10 P.M. hvl.projectparmorel.modelrepair.QModelFixer chooseAction
INFO: Choosing optimal action
apr. 11, 2020 2:37:10 P.M. hvl.projectparmorel.modelrepair.QModelFixer handleStep
INFO: Chose action setEType in context 0 with weight 1.6245358127772327
apr. 11, 2020 2:37:10 P.M. hvl.projectparmorel.modelrepair.QModelFixer handleStep
INFO: Next error code: 44
apr. 11, 2020 2:37:10 P.M. hvl.projectparmorel.modelrepair.QModelFixer handleStep
INFO: Calculating new Q-value:
Old Q-value: 1.6245358127772327
Alpha: 0.7258333333333333
Gamma: 1.0
Reward: 0
Next optimal action Q-value: 0.013272280497685175
1.6245358127772327 + 0.7258333333333333 * (0 + 1.0 * 0.013272280497685175 - 1.6245358127772327) = 0.45502703226432795
apr. 11, 2020 2:37:10 P.M. hvl.projectparmorel.modelrepair.QModelFixer handleStep
INFO: Updated Q-table for error 401, context 0, action 591449609 setEType to new weight 0.45502703226432795


apr. 11, 2020 2:37:10 P.M. hvl.projectparmorel.modelrepair.QModelFixer handleEpisode
INFO: EPISODE 7, STEP 1, Fixing error 44: The name 'null' is not well formed
apr. 11, 2020 2:37:10 P.M. hvl.projectparmorel.modelrepair.QModelFixer chooseAction
INFO: Choosing optimal action
apr. 11, 2020 2:37:10 P.M. hvl.projectparmorel.modelrepair.QModelFixer handleStep
INFO: Chose action delete in context 0 with weight 0.013272280497685175
apr. 11, 2020 2:37:11 P.M. hvl.projectparmorel.modelrepair.QModelFixer handleStep
INFO: Calculating new Q-value:
Old Q-value: 0.013272280497685175
Alpha: 0.7258333333333333

Reward: 0
0.013272280497685175 + 0.7258333333333333 * (0 - 0.013272280497685175) = 0.003638816903115353
apr. 11, 2020 2:37:11 P.M. hvl.projectparmorel.modelrepair.QModelFixer handleStep
INFO: Updated Q-table for error 44, context 0, action 99999 delete to new weight 0.003638816903115353
apr. 11, 2020 2:37:11 P.M. hvl.projectparmorel.modelrepair.QModelFixer handleEpisode
INFO: EPISODE 7 TOTAL REWARD 0



apr. 11, 2020 2:37:11 P.M. hvl.projectparmorel.modelrepair.QModelFixer handleEpisode
INFO: EPISODE 8, STEP 0, Fixing error 401: The typed element must have a type
apr. 11, 2020 2:37:11 P.M. hvl.projectparmorel.modelrepair.QModelFixer chooseAction
INFO: Choosing optimal action
apr. 11, 2020 2:37:11 P.M. hvl.projectparmorel.modelrepair.QModelFixer handleStep
INFO: Chose action delete in context 0 with weight 0.664178802777778
apr. 11, 2020 2:37:12 P.M. hvl.projectparmorel.modelrepair.QModelFixer handleStep
INFO: Next error code: 44
apr. 11, 2020 2:37:12 P.M. hvl.projectparmorel.modelrepair.QModelFixer handleStep
INFO: Calculating new Q-value:
Old Q-value: 0.664178802777778
Alpha: 0.6866666666666668
Gamma: 1.0
Reward: 0
Next optimal action Q-value: 0.003638816903115353
0.664178802777778 + 0.6866666666666668 * (0 + 1.0 * 0.003638816903115353 - 0.664178802777778) = 0.21060801247717625
apr. 11, 2020 2:37:12 P.M. hvl.projectparmorel.modelrepair.QModelFixer handleStep
INFO: Updated Q-table for error 401, context 0, action 99999 delete to new weight 0.21060801247717625


apr. 11, 2020 2:37:12 P.M. hvl.projectparmorel.modelrepair.QModelFixer handleEpisode
INFO: EPISODE 8, STEP 1, Fixing error 44: The name 'null' is not well formed
apr. 11, 2020 2:37:12 P.M. hvl.projectparmorel.modelrepair.QModelFixer chooseAction
INFO: Choosing optimal action
apr. 11, 2020 2:37:12 P.M. hvl.projectparmorel.modelrepair.QModelFixer handleStep
INFO: Chose action delete in context 0 with weight 0.003638816903115353
apr. 11, 2020 2:37:13 P.M. hvl.projectparmorel.modelrepair.QModelFixer handleStep
INFO: Calculating new Q-value:
Old Q-value: 0.003638816903115353
Alpha: 0.6866666666666668

Reward: 0
0.003638816903115353 + 0.6866666666666668 * (0 - 0.003638816903115353) = 0.0011401626296428102
apr. 11, 2020 2:37:13 P.M. hvl.projectparmorel.modelrepair.QModelFixer handleStep
INFO: Updated Q-table for error 44, context 0, action 99999 delete to new weight 0.0011401626296428102
apr. 11, 2020 2:37:13 P.M. hvl.projectparmorel.modelrepair.QModelFixer handleEpisode
INFO: EPISODE 8 TOTAL REWARD 0



apr. 11, 2020 2:37:13 P.M. hvl.projectparmorel.modelrepair.QModelFixer handleEpisode
INFO: EPISODE 9, STEP 0, Fixing error 401: The typed element must have a type
apr. 11, 2020 2:37:13 P.M. hvl.projectparmorel.modelrepair.QModelFixer chooseAction
INFO: Choosing optimal action
apr. 11, 2020 2:37:13 P.M. hvl.projectparmorel.modelrepair.QModelFixer handleStep
INFO: Chose action setEType in context 0 with weight 0.45502703226432795
apr. 11, 2020 2:37:13 P.M. hvl.projectparmorel.modelrepair.QModelFixer handleStep
INFO: Next error code: 44
apr. 11, 2020 2:37:13 P.M. hvl.projectparmorel.modelrepair.QModelFixer handleStep
INFO: Calculating new Q-value:
Old Q-value: 0.45502703226432795
Alpha: 0.6475
Gamma: 1.0
Reward: 0
Next optimal action Q-value: 0.0011401626296428102
0.45502703226432795 + 0.6475 * (0 + 1.0 * 0.0011401626296428102 - 0.45502703226432795) = 0.1611352841758693
apr. 11, 2020 2:37:13 P.M. hvl.projectparmorel.modelrepair.QModelFixer handleStep
INFO: Updated Q-table for error 401, context 0, action 591449609 setEType to new weight 0.1611352841758693


apr. 11, 2020 2:37:13 P.M. hvl.projectparmorel.modelrepair.QModelFixer handleEpisode
INFO: EPISODE 9, STEP 1, Fixing error 44: The name 'null' is not well formed
apr. 11, 2020 2:37:13 P.M. hvl.projectparmorel.modelrepair.QModelFixer chooseAction
INFO: Choosing optimal action
apr. 11, 2020 2:37:13 P.M. hvl.projectparmorel.modelrepair.QModelFixer handleStep
INFO: Chose action delete in context 0 with weight 0.0011401626296428102
apr. 11, 2020 2:37:14 P.M. hvl.projectparmorel.modelrepair.QModelFixer handleStep
INFO: Calculating new Q-value:
Old Q-value: 0.0011401626296428102
Alpha: 0.6475

Reward: 0
0.0011401626296428102 + 0.6475 * (0 - 0.0011401626296428102) = 4.019073269490907E-4
apr. 11, 2020 2:37:14 P.M. hvl.projectparmorel.modelrepair.QModelFixer handleStep
INFO: Updated Q-table for error 44, context 0, action 99999 delete to new weight 4.019073269490907E-4
apr. 11, 2020 2:37:14 P.M. hvl.projectparmorel.modelrepair.QModelFixer handleEpisode
INFO: EPISODE 9 TOTAL REWARD 0



apr. 11, 2020 2:37:14 P.M. hvl.projectparmorel.modelrepair.QModelFixer handleEpisode
INFO: EPISODE 10, STEP 0, Fixing error 401: The typed element must have a type
apr. 11, 2020 2:37:14 P.M. hvl.projectparmorel.modelrepair.QModelFixer chooseAction
INFO: Choosing random action.
apr. 11, 2020 2:37:14 P.M. hvl.projectparmorel.modelrepair.QModelFixer handleStep
INFO: Chose action setEType in context 0 with weight 0.1611352841758693
apr. 11, 2020 2:37:14 P.M. hvl.projectparmorel.modelrepair.QModelFixer handleStep
INFO: Next error code: 44
apr. 11, 2020 2:37:14 P.M. hvl.projectparmorel.modelrepair.QModelFixer handleStep
INFO: Calculating new Q-value:
Old Q-value: 0.1611352841758693
Alpha: 0.6083333333333334
Gamma: 1.0
Reward: 0
Next optimal action Q-value: 4.019073269490907E-4
0.1611352841758693 + 0.6083333333333334 * (0 + 1.0 * 4.019073269490907E-4 - 0.1611352841758693) = 0.06335581325944283
apr. 11, 2020 2:37:14 P.M. hvl.projectparmorel.modelrepair.QModelFixer handleStep
INFO: Updated Q-table for error 401, context 0, action 591449609 setEType to new weight 0.06335581325944283


apr. 11, 2020 2:37:14 P.M. hvl.projectparmorel.modelrepair.QModelFixer handleEpisode
INFO: EPISODE 10, STEP 1, Fixing error 44: The name 'null' is not well formed
apr. 11, 2020 2:37:14 P.M. hvl.projectparmorel.modelrepair.QModelFixer chooseAction
INFO: Choosing optimal action
apr. 11, 2020 2:37:14 P.M. hvl.projectparmorel.modelrepair.QModelFixer handleStep
INFO: Chose action delete in context 0 with weight 4.019073269490907E-4
apr. 11, 2020 2:37:15 P.M. hvl.projectparmorel.modelrepair.QModelFixer handleStep
INFO: Calculating new Q-value:
Old Q-value: 4.019073269490907E-4
Alpha: 0.6083333333333334

Reward: 0
4.019073269490907E-4 + 0.6083333333333334 * (0 - 4.019073269490907E-4) = 1.5741370305506048E-4
apr. 11, 2020 2:37:15 P.M. hvl.projectparmorel.modelrepair.QModelFixer handleStep
INFO: Updated Q-table for error 44, context 0, action 99999 delete to new weight 1.5741370305506048E-4
apr. 11, 2020 2:37:15 P.M. hvl.projectparmorel.modelrepair.QModelFixer handleEpisode
INFO: EPISODE 10 TOTAL REWARD 0



apr. 11, 2020 2:37:15 P.M. hvl.projectparmorel.modelrepair.QModelFixer handleEpisode
INFO: EPISODE 11, STEP 0, Fixing error 401: The typed element must have a type
apr. 11, 2020 2:37:15 P.M. hvl.projectparmorel.modelrepair.QModelFixer chooseAction
INFO: Choosing random action.
apr. 11, 2020 2:37:15 P.M. hvl.projectparmorel.modelrepair.QModelFixer handleStep
INFO: Chose action setEType in context 0 with weight 0.06335581325944283
apr. 11, 2020 2:37:15 P.M. hvl.projectparmorel.modelrepair.QModelFixer handleStep
INFO: Next error code: 44
apr. 11, 2020 2:37:15 P.M. hvl.projectparmorel.modelrepair.QModelFixer handleStep
INFO: Calculating new Q-value:
Old Q-value: 0.06335581325944283
Alpha: 0.5691666666666666
Gamma: 1.0
Reward: 0
Next optimal action Q-value: 1.5741370305506048E-4
0.06335581325944283 + 0.5691666666666666 * (0 + 1.0 * 1.5741370305506048E-4 - 0.06335581325944283) = 0.027385390845265457
apr. 11, 2020 2:37:15 P.M. hvl.projectparmorel.modelrepair.QModelFixer handleStep
INFO: Updated Q-table for error 401, context 0, action 591449609 setEType to new weight 0.027385390845265457


apr. 11, 2020 2:37:15 P.M. hvl.projectparmorel.modelrepair.QModelFixer handleEpisode
INFO: EPISODE 11, STEP 1, Fixing error 44: The name 'null' is not well formed
apr. 11, 2020 2:37:15 P.M. hvl.projectparmorel.modelrepair.QModelFixer chooseAction
INFO: Choosing optimal action
apr. 11, 2020 2:37:15 P.M. hvl.projectparmorel.modelrepair.QModelFixer handleStep
INFO: Chose action delete in context 0 with weight 1.5741370305506048E-4
apr. 11, 2020 2:37:16 P.M. hvl.projectparmorel.modelrepair.QModelFixer handleStep
INFO: Calculating new Q-value:
Old Q-value: 1.5741370305506048E-4
Alpha: 0.5691666666666666

Reward: 0
1.5741370305506048E-4 + 0.5691666666666666 * (0 - 1.5741370305506048E-4) = 6.781907039955523E-5
apr. 11, 2020 2:37:16 P.M. hvl.projectparmorel.modelrepair.QModelFixer handleStep
INFO: Updated Q-table for error 44, context 0, action 99999 delete to new weight 6.781907039955523E-5
apr. 11, 2020 2:37:16 P.M. hvl.projectparmorel.modelrepair.QModelFixer handleEpisode
INFO: EPISODE 11 TOTAL REWARD 0



apr. 11, 2020 2:37:16 P.M. hvl.projectparmorel.modelrepair.QModelFixer handleEpisode
INFO: EPISODE 12, STEP 0, Fixing error 401: The typed element must have a type
apr. 11, 2020 2:37:16 P.M. hvl.projectparmorel.modelrepair.QModelFixer chooseAction
INFO: Choosing optimal action
apr. 11, 2020 2:37:16 P.M. hvl.projectparmorel.modelrepair.QModelFixer handleStep
INFO: Chose action delete in context 0 with weight 0.21060801247717625
apr. 11, 2020 2:37:17 P.M. hvl.projectparmorel.modelrepair.QModelFixer handleStep
INFO: Next error code: 44
apr. 11, 2020 2:37:17 P.M. hvl.projectparmorel.modelrepair.QModelFixer handleStep
INFO: Calculating new Q-value:
Old Q-value: 0.21060801247717625
Alpha: 0.53
Gamma: 1.0
Reward: 0
Next optimal action Q-value: 6.781907039955523E-5
0.21060801247717625 + 0.53 * (0 + 1.0 * 6.781907039955523E-5 - 0.21060801247717625) = 0.09902170997158459
apr. 11, 2020 2:37:17 P.M. hvl.projectparmorel.modelrepair.QModelFixer handleStep
INFO: Updated Q-table for error 401, context 0, action 99999 delete to new weight 0.09902170997158459


apr. 11, 2020 2:37:17 P.M. hvl.projectparmorel.modelrepair.QModelFixer handleEpisode
INFO: EPISODE 12, STEP 1, Fixing error 44: The name 'null' is not well formed
apr. 11, 2020 2:37:17 P.M. hvl.projectparmorel.modelrepair.QModelFixer chooseAction
INFO: Choosing optimal action
apr. 11, 2020 2:37:17 P.M. hvl.projectparmorel.modelrepair.QModelFixer handleStep
INFO: Chose action delete in context 0 with weight 6.781907039955523E-5
apr. 11, 2020 2:37:18 P.M. hvl.projectparmorel.modelrepair.QModelFixer handleStep
INFO: Calculating new Q-value:
Old Q-value: 6.781907039955523E-5
Alpha: 0.53

Reward: 0
6.781907039955523E-5 + 0.53 * (0 - 6.781907039955523E-5) = 3.1874963087790954E-5
apr. 11, 2020 2:37:18 P.M. hvl.projectparmorel.modelrepair.QModelFixer handleStep
INFO: Updated Q-table for error 44, context 0, action 99999 delete to new weight 3.1874963087790954E-5
apr. 11, 2020 2:37:18 P.M. hvl.projectparmorel.modelrepair.QModelFixer handleEpisode
INFO: EPISODE 12 TOTAL REWARD 0



apr. 11, 2020 2:37:18 P.M. hvl.projectparmorel.modelrepair.QModelFixer handleEpisode
INFO: EPISODE 13, STEP 0, Fixing error 401: The typed element must have a type
apr. 11, 2020 2:37:18 P.M. hvl.projectparmorel.modelrepair.QModelFixer chooseAction
INFO: Choosing optimal action
apr. 11, 2020 2:37:18 P.M. hvl.projectparmorel.modelrepair.QModelFixer handleStep
INFO: Chose action delete in context 0 with weight 0.09902170997158459
apr. 11, 2020 2:37:19 P.M. hvl.projectparmorel.modelrepair.QModelFixer handleStep
INFO: Next error code: 44
apr. 11, 2020 2:37:19 P.M. hvl.projectparmorel.modelrepair.QModelFixer handleStep
INFO: Calculating new Q-value:
Old Q-value: 0.09902170997158459
Alpha: 0.49083333333333334
Gamma: 1.0
Reward: 0
Next optimal action Q-value: 3.1874963087790954E-5
0.09902170997158459 + 0.49083333333333334 * (0 + 1.0 * 3.1874963087790954E-5 - 0.09902170997158459) = 0.05043419928824741
apr. 11, 2020 2:37:19 P.M. hvl.projectparmorel.modelrepair.QModelFixer handleStep
INFO: Updated Q-table for error 401, context 0, action 99999 delete to new weight 0.05043419928824741


apr. 11, 2020 2:37:19 P.M. hvl.projectparmorel.modelrepair.QModelFixer handleEpisode
INFO: EPISODE 13, STEP 1, Fixing error 44: The name 'null' is not well formed
apr. 11, 2020 2:37:19 P.M. hvl.projectparmorel.modelrepair.QModelFixer chooseAction
INFO: Choosing random action.
apr. 11, 2020 2:37:19 P.M. hvl.projectparmorel.modelrepair.QModelFixer handleStep
INFO: Chose action delete in context 0 with weight 3.1874963087790954E-5
apr. 11, 2020 2:37:21 P.M. hvl.projectparmorel.modelrepair.QModelFixer handleStep
INFO: Calculating new Q-value:
Old Q-value: 3.1874963087790954E-5
Alpha: 0.49083333333333334

Reward: 0
3.1874963087790954E-5 + 0.49083333333333334 * (0 - 3.1874963087790954E-5) = 1.622966870553356E-5
apr. 11, 2020 2:37:21 P.M. hvl.projectparmorel.modelrepair.QModelFixer handleStep
INFO: Updated Q-table for error 44, context 0, action 99999 delete to new weight 1.622966870553356E-5
apr. 11, 2020 2:37:21 P.M. hvl.projectparmorel.modelrepair.QModelFixer handleEpisode
INFO: EPISODE 13 TOTAL REWARD 0



apr. 11, 2020 2:37:21 P.M. hvl.projectparmorel.modelrepair.QModelFixer handleEpisode
INFO: EPISODE 14, STEP 0, Fixing error 401: The typed element must have a type
apr. 11, 2020 2:37:21 P.M. hvl.projectparmorel.modelrepair.QModelFixer chooseAction
INFO: Choosing random action.
apr. 11, 2020 2:37:21 P.M. hvl.projectparmorel.modelrepair.QModelFixer handleStep
INFO: Chose action setEType in context 0 with weight 0.027385390845265457
apr. 11, 2020 2:37:21 P.M. hvl.projectparmorel.modelrepair.QModelFixer handleStep
INFO: Next error code: 44
apr. 11, 2020 2:37:21 P.M. hvl.projectparmorel.modelrepair.QModelFixer handleStep
INFO: Calculating new Q-value:
Old Q-value: 0.027385390845265457
Alpha: 0.45166666666666666
Gamma: 1.0
Reward: 0
Next optimal action Q-value: 1.622966870553356E-5
0.027385390845265457 + 0.45166666666666666 * (0 + 1.0 * 1.622966870553356E-5 - 0.027385390845265457) = 0.015023653047185892
apr. 11, 2020 2:37:21 P.M. hvl.projectparmorel.modelrepair.QModelFixer handleStep
INFO: Updated Q-table for error 401, context 0, action 591449609 setEType to new weight 0.015023653047185892


apr. 11, 2020 2:37:21 P.M. hvl.projectparmorel.modelrepair.QModelFixer handleEpisode
INFO: EPISODE 14, STEP 1, Fixing error 44: The name 'null' is not well formed
apr. 11, 2020 2:37:21 P.M. hvl.projectparmorel.modelrepair.QModelFixer chooseAction
INFO: Choosing optimal action
apr. 11, 2020 2:37:21 P.M. hvl.projectparmorel.modelrepair.QModelFixer handleStep
INFO: Chose action delete in context 0 with weight 1.622966870553356E-5
apr. 11, 2020 2:37:22 P.M. hvl.projectparmorel.modelrepair.QModelFixer handleStep
INFO: Calculating new Q-value:
Old Q-value: 1.622966870553356E-5
Alpha: 0.45166666666666666

Reward: 0
1.622966870553356E-5 + 0.45166666666666666 * (0 - 1.622966870553356E-5) = 8.899268340200902E-6
apr. 11, 2020 2:37:22 P.M. hvl.projectparmorel.modelrepair.QModelFixer handleStep
INFO: Updated Q-table for error 44, context 0, action 99999 delete to new weight 8.899268340200902E-6
apr. 11, 2020 2:37:22 P.M. hvl.projectparmorel.modelrepair.QModelFixer handleEpisode
INFO: EPISODE 14 TOTAL REWARD 0



apr. 11, 2020 2:37:22 P.M. hvl.projectparmorel.modelrepair.QModelFixer handleEpisode
INFO: EPISODE 15, STEP 0, Fixing error 401: The typed element must have a type
apr. 11, 2020 2:37:22 P.M. hvl.projectparmorel.modelrepair.QModelFixer chooseAction
INFO: Choosing random action.
apr. 11, 2020 2:37:22 P.M. hvl.projectparmorel.modelrepair.QModelFixer handleStep
INFO: Chose action setEType in context 0 with weight 0.015023653047185892
apr. 11, 2020 2:37:22 P.M. hvl.projectparmorel.modelrepair.QModelFixer handleStep
INFO: Next error code: 44
apr. 11, 2020 2:37:22 P.M. hvl.projectparmorel.modelrepair.QModelFixer handleStep
INFO: Calculating new Q-value:
Old Q-value: 0.015023653047185892
Alpha: 0.4125
Gamma: 1.0
Reward: 0
Next optimal action Q-value: 8.899268340200902E-6
0.015023653047185892 + 0.4125 * (0 + 1.0 * 8.899268340200902E-6 - 0.015023653047185892) = 0.008830067113412044
apr. 11, 2020 2:37:22 P.M. hvl.projectparmorel.modelrepair.QModelFixer handleStep
INFO: Updated Q-table for error 401, context 0, action 591449609 setEType to new weight 0.008830067113412044


apr. 11, 2020 2:37:22 P.M. hvl.projectparmorel.modelrepair.QModelFixer handleEpisode
INFO: EPISODE 15, STEP 1, Fixing error 44: The name 'null' is not well formed
apr. 11, 2020 2:37:22 P.M. hvl.projectparmorel.modelrepair.QModelFixer chooseAction
INFO: Choosing optimal action
apr. 11, 2020 2:37:22 P.M. hvl.projectparmorel.modelrepair.QModelFixer handleStep
INFO: Chose action delete in context 0 with weight 8.899268340200902E-6
apr. 11, 2020 2:37:23 P.M. hvl.projectparmorel.modelrepair.QModelFixer handleStep
INFO: Calculating new Q-value:
Old Q-value: 8.899268340200902E-6
Alpha: 0.4125

Reward: 0
8.899268340200902E-6 + 0.4125 * (0 - 8.899268340200902E-6) = 5.22832014986803E-6
apr. 11, 2020 2:37:23 P.M. hvl.projectparmorel.modelrepair.QModelFixer handleStep
INFO: Updated Q-table for error 44, context 0, action 99999 delete to new weight 5.22832014986803E-6
apr. 11, 2020 2:37:23 P.M. hvl.projectparmorel.modelrepair.QModelFixer handleEpisode
INFO: EPISODE 15 TOTAL REWARD 0



apr. 11, 2020 2:37:23 P.M. hvl.projectparmorel.modelrepair.QModelFixer handleEpisode
INFO: EPISODE 16, STEP 0, Fixing error 401: The typed element must have a type
apr. 11, 2020 2:37:23 P.M. hvl.projectparmorel.modelrepair.QModelFixer chooseAction
INFO: Choosing optimal action
apr. 11, 2020 2:37:23 P.M. hvl.projectparmorel.modelrepair.QModelFixer handleStep
INFO: Chose action delete in context 0 with weight 0.05043419928824741
apr. 11, 2020 2:37:24 P.M. hvl.projectparmorel.modelrepair.QModelFixer handleStep
INFO: Next error code: 44
apr. 11, 2020 2:37:24 P.M. hvl.projectparmorel.modelrepair.QModelFixer handleStep
INFO: Calculating new Q-value:
Old Q-value: 0.05043419928824741
Alpha: 0.3733333333333334
Gamma: 1.0
Reward: 0
Next optimal action Q-value: 5.22832014986803E-6
0.05043419928824741 + 0.3733333333333334 * (0 + 1.0 * 5.22832014986803E-6 - 0.05043419928824741) = 0.03160738346015766
apr. 11, 2020 2:37:24 P.M. hvl.projectparmorel.modelrepair.QModelFixer handleStep
INFO: Updated Q-table for error 401, context 0, action 99999 delete to new weight 0.03160738346015766


apr. 11, 2020 2:37:24 P.M. hvl.projectparmorel.modelrepair.QModelFixer handleEpisode
INFO: EPISODE 16, STEP 1, Fixing error 44: The name 'null' is not well formed
apr. 11, 2020 2:37:24 P.M. hvl.projectparmorel.modelrepair.QModelFixer chooseAction
INFO: Choosing random action.
apr. 11, 2020 2:37:24 P.M. hvl.projectparmorel.modelrepair.QModelFixer handleStep
INFO: Chose action setName in context 0 with weight 0.0
apr. 11, 2020 2:37:24 P.M. hvl.projectparmorel.modelrepair.QModelFixer handleStep
INFO: Calculating new Q-value:
Old Q-value: 0.0
Alpha: 0.3733333333333334

Reward: 0
0.0 + 0.3733333333333334 * (0 - 0.0) = 0.0
apr. 11, 2020 2:37:24 P.M. hvl.projectparmorel.modelrepair.QModelFixer handleStep
INFO: Updated Q-table for error 44, context 0, action -801382182 setName to new weight 0.0
apr. 11, 2020 2:37:24 P.M. hvl.projectparmorel.modelrepair.QModelFixer handleEpisode
INFO: EPISODE 16 TOTAL REWARD 0



apr. 11, 2020 2:37:24 P.M. hvl.projectparmorel.modelrepair.QModelFixer handleEpisode
INFO: EPISODE 17, STEP 0, Fixing error 401: The typed element must have a type
apr. 11, 2020 2:37:24 P.M. hvl.projectparmorel.modelrepair.QModelFixer chooseAction
INFO: Choosing optimal action
apr. 11, 2020 2:37:24 P.M. hvl.projectparmorel.modelrepair.QModelFixer handleStep
INFO: Chose action delete in context 0 with weight 0.03160738346015766
apr. 11, 2020 2:37:25 P.M. hvl.projectparmorel.modelrepair.QModelFixer handleStep
INFO: Next error code: 44
apr. 11, 2020 2:37:25 P.M. hvl.projectparmorel.modelrepair.QModelFixer handleStep
INFO: Calculating new Q-value:
Old Q-value: 0.03160738346015766
Alpha: 0.3341666666666667
Gamma: 1.0
Reward: 0
Next optimal action Q-value: 5.22832014986803E-6
0.03160738346015766 + 0.3341666666666667 * (0 + 1.0 * 5.22832014986803E-6 - 0.03160738346015766) = 0.021046996617538387
apr. 11, 2020 2:37:25 P.M. hvl.projectparmorel.modelrepair.QModelFixer handleStep
INFO: Updated Q-table for error 401, context 0, action 99999 delete to new weight 0.021046996617538387


apr. 11, 2020 2:37:25 P.M. hvl.projectparmorel.modelrepair.QModelFixer handleEpisode
INFO: EPISODE 17, STEP 1, Fixing error 44: The name 'null' is not well formed
apr. 11, 2020 2:37:25 P.M. hvl.projectparmorel.modelrepair.QModelFixer chooseAction
INFO: Choosing optimal action
apr. 11, 2020 2:37:25 P.M. hvl.projectparmorel.modelrepair.QModelFixer handleStep
INFO: Chose action delete in context 0 with weight 5.22832014986803E-6
apr. 11, 2020 2:37:26 P.M. hvl.projectparmorel.modelrepair.QModelFixer handleStep
INFO: Calculating new Q-value:
Old Q-value: 5.22832014986803E-6
Alpha: 0.3341666666666667

Reward: 0
5.22832014986803E-6 + 0.3341666666666667 * (0 - 5.22832014986803E-6) = 3.481189833120463E-6
apr. 11, 2020 2:37:26 P.M. hvl.projectparmorel.modelrepair.QModelFixer handleStep
INFO: Updated Q-table for error 44, context 0, action 99999 delete to new weight 3.481189833120463E-6
apr. 11, 2020 2:37:26 P.M. hvl.projectparmorel.modelrepair.QModelFixer handleEpisode
INFO: EPISODE 17 TOTAL REWARD 0



apr. 11, 2020 2:37:26 P.M. hvl.projectparmorel.modelrepair.QModelFixer handleEpisode
INFO: EPISODE 18, STEP 0, Fixing error 401: The typed element must have a type
apr. 11, 2020 2:37:26 P.M. hvl.projectparmorel.modelrepair.QModelFixer chooseAction
INFO: Choosing random action.
apr. 11, 2020 2:37:26 P.M. hvl.projectparmorel.modelrepair.QModelFixer handleStep
INFO: Chose action delete in context 0 with weight 0.021046996617538387
apr. 11, 2020 2:37:27 P.M. hvl.projectparmorel.modelrepair.QModelFixer handleStep
INFO: Next error code: 44
apr. 11, 2020 2:37:27 P.M. hvl.projectparmorel.modelrepair.QModelFixer handleStep
INFO: Calculating new Q-value:
Old Q-value: 0.021046996617538387
Alpha: 0.29500000000000004
Gamma: 1.0
Reward: 0
Next optimal action Q-value: 3.481189833120463E-6
0.021046996617538387 + 0.29500000000000004 * (0 + 1.0 * 3.481189833120463E-6 - 0.021046996617538387) = 0.014839159566365332
apr. 11, 2020 2:37:27 P.M. hvl.projectparmorel.modelrepair.QModelFixer handleStep
INFO: Updated Q-table for error 401, context 0, action 99999 delete to new weight 0.014839159566365332


apr. 11, 2020 2:37:27 P.M. hvl.projectparmorel.modelrepair.QModelFixer handleEpisode
INFO: EPISODE 18, STEP 1, Fixing error 44: The name 'null' is not well formed
apr. 11, 2020 2:37:27 P.M. hvl.projectparmorel.modelrepair.QModelFixer chooseAction
INFO: Choosing optimal action
apr. 11, 2020 2:37:27 P.M. hvl.projectparmorel.modelrepair.QModelFixer handleStep
INFO: Chose action delete in context 0 with weight 3.481189833120463E-6
apr. 11, 2020 2:37:28 P.M. hvl.projectparmorel.modelrepair.QModelFixer handleStep
INFO: Calculating new Q-value:
Old Q-value: 3.481189833120463E-6
Alpha: 0.29500000000000004

Reward: 0
3.481189833120463E-6 + 0.29500000000000004 * (0 - 3.481189833120463E-6) = 2.4542388323499262E-6
apr. 11, 2020 2:37:28 P.M. hvl.projectparmorel.modelrepair.QModelFixer handleStep
INFO: Updated Q-table for error 44, context 0, action 99999 delete to new weight 2.4542388323499262E-6
apr. 11, 2020 2:37:28 P.M. hvl.projectparmorel.modelrepair.QModelFixer handleEpisode
INFO: EPISODE 18 TOTAL REWARD 0



apr. 11, 2020 2:37:28 P.M. hvl.projectparmorel.modelrepair.QModelFixer handleEpisode
INFO: EPISODE 19, STEP 0, Fixing error 401: The typed element must have a type
apr. 11, 2020 2:37:28 P.M. hvl.projectparmorel.modelrepair.QModelFixer chooseAction
INFO: Choosing optimal action
apr. 11, 2020 2:37:28 P.M. hvl.projectparmorel.modelrepair.QModelFixer handleStep
INFO: Chose action delete in context 0 with weight 0.014839159566365332
apr. 11, 2020 2:37:29 P.M. hvl.projectparmorel.modelrepair.QModelFixer handleStep
INFO: Next error code: 44
apr. 11, 2020 2:37:29 P.M. hvl.projectparmorel.modelrepair.QModelFixer handleStep
INFO: Calculating new Q-value:
Old Q-value: 0.014839159566365332
Alpha: 0.25583333333333336
Gamma: 1.0
Reward: 0
Next optimal action Q-value: 2.4542388323499262E-6
0.014839159566365332 + 0.25583333333333336 * (0 + 1.0 * 2.4542388323499262E-6 - 0.014839159566365332) = 0.011043435786738144
apr. 11, 2020 2:37:29 P.M. hvl.projectparmorel.modelrepair.QModelFixer handleStep
INFO: Updated Q-table for error 401, context 0, action 99999 delete to new weight 0.011043435786738144


apr. 11, 2020 2:37:29 P.M. hvl.projectparmorel.modelrepair.QModelFixer handleEpisode
INFO: EPISODE 19, STEP 1, Fixing error 44: The name 'null' is not well formed
apr. 11, 2020 2:37:29 P.M. hvl.projectparmorel.modelrepair.QModelFixer chooseAction
INFO: Choosing random action.
apr. 11, 2020 2:37:29 P.M. hvl.projectparmorel.modelrepair.QModelFixer handleStep
INFO: Chose action setName in context 0 with weight 0.0
apr. 11, 2020 2:37:29 P.M. hvl.projectparmorel.modelrepair.QModelFixer handleStep
INFO: Calculating new Q-value:
Old Q-value: 0.0
Alpha: 0.25583333333333336

Reward: 0
0.0 + 0.25583333333333336 * (0 - 0.0) = 0.0
apr. 11, 2020 2:37:29 P.M. hvl.projectparmorel.modelrepair.QModelFixer handleStep
INFO: Updated Q-table for error 44, context 0, action -801382182 setName to new weight 0.0
apr. 11, 2020 2:37:29 P.M. hvl.projectparmorel.modelrepair.QModelFixer handleEpisode
INFO: EPISODE 19 TOTAL REWARD 0



apr. 11, 2020 2:37:29 P.M. hvl.projectparmorel.modelrepair.QModelFixer handleEpisode
INFO: EPISODE 20, STEP 0, Fixing error 401: The typed element must have a type
apr. 11, 2020 2:37:29 P.M. hvl.projectparmorel.modelrepair.QModelFixer chooseAction
INFO: Choosing optimal action
apr. 11, 2020 2:37:29 P.M. hvl.projectparmorel.modelrepair.QModelFixer handleStep
INFO: Chose action delete in context 0 with weight 0.011043435786738144
apr. 11, 2020 2:37:30 P.M. hvl.projectparmorel.modelrepair.QModelFixer handleStep
INFO: Next error code: 44
apr. 11, 2020 2:37:30 P.M. hvl.projectparmorel.modelrepair.QModelFixer handleStep
INFO: Calculating new Q-value:
Old Q-value: 0.011043435786738144
Alpha: 0.21666666666666679
Gamma: 1.0
Reward: 0
Next optimal action Q-value: 2.4542388323499262E-6
0.011043435786738144 + 0.21666666666666679 * (0 + 1.0 * 2.4542388323499262E-6 - 0.011043435786738144) = 0.008651223118025221
apr. 11, 2020 2:37:30 P.M. hvl.projectparmorel.modelrepair.QModelFixer handleStep
INFO: Updated Q-table for error 401, context 0, action 99999 delete to new weight 0.008651223118025221


apr. 11, 2020 2:37:30 P.M. hvl.projectparmorel.modelrepair.QModelFixer handleEpisode
INFO: EPISODE 20, STEP 1, Fixing error 44: The name 'null' is not well formed
apr. 11, 2020 2:37:30 P.M. hvl.projectparmorel.modelrepair.QModelFixer chooseAction
INFO: Choosing optimal action
apr. 11, 2020 2:37:30 P.M. hvl.projectparmorel.modelrepair.QModelFixer handleStep
INFO: Chose action delete in context 0 with weight 2.4542388323499262E-6
apr. 11, 2020 2:37:31 P.M. hvl.projectparmorel.modelrepair.QModelFixer handleStep
INFO: Calculating new Q-value:
Old Q-value: 2.4542388323499262E-6
Alpha: 0.21666666666666679

Reward: 0
2.4542388323499262E-6 + 0.21666666666666679 * (0 - 2.4542388323499262E-6) = 1.922487085340775E-6
apr. 11, 2020 2:37:31 P.M. hvl.projectparmorel.modelrepair.QModelFixer handleStep
INFO: Updated Q-table for error 44, context 0, action 99999 delete to new weight 1.922487085340775E-6
apr. 11, 2020 2:37:31 P.M. hvl.projectparmorel.modelrepair.QModelFixer handleEpisode
INFO: EPISODE 20 TOTAL REWARD 0



apr. 11, 2020 2:37:31 P.M. hvl.projectparmorel.modelrepair.QModelFixer handleEpisode
INFO: EPISODE 21, STEP 0, Fixing error 401: The typed element must have a type
apr. 11, 2020 2:37:31 P.M. hvl.projectparmorel.modelrepair.QModelFixer chooseAction
INFO: Choosing optimal action
apr. 11, 2020 2:37:31 P.M. hvl.projectparmorel.modelrepair.QModelFixer handleStep
INFO: Chose action setEType in context 0 with weight 0.008830067113412044
apr. 11, 2020 2:37:31 P.M. hvl.projectparmorel.modelrepair.QModelFixer handleStep
INFO: Next error code: 44
apr. 11, 2020 2:37:31 P.M. hvl.projectparmorel.modelrepair.QModelFixer handleStep
INFO: Calculating new Q-value:
Old Q-value: 0.008830067113412044
Alpha: 0.1775000000000001
Gamma: 1.0
Reward: 0
Next optimal action Q-value: 1.922487085340775E-6
0.008830067113412044 + 0.1775000000000001 * (0 + 1.0 * 1.922487085340775E-6 - 0.008830067113412044) = 0.007263071442239054
apr. 11, 2020 2:37:31 P.M. hvl.projectparmorel.modelrepair.QModelFixer handleStep
INFO: Updated Q-table for error 401, context 0, action 591449609 setEType to new weight 0.007263071442239054


apr. 11, 2020 2:37:31 P.M. hvl.projectparmorel.modelrepair.QModelFixer handleEpisode
INFO: EPISODE 21, STEP 1, Fixing error 44: The name 'null' is not well formed
apr. 11, 2020 2:37:31 P.M. hvl.projectparmorel.modelrepair.QModelFixer chooseAction
INFO: Choosing optimal action
apr. 11, 2020 2:37:31 P.M. hvl.projectparmorel.modelrepair.QModelFixer handleStep
INFO: Chose action delete in context 0 with weight 1.922487085340775E-6
apr. 11, 2020 2:37:32 P.M. hvl.projectparmorel.modelrepair.QModelFixer handleStep
INFO: Calculating new Q-value:
Old Q-value: 1.922487085340775E-6
Alpha: 0.1775000000000001

Reward: 0
1.922487085340775E-6 + 0.1775000000000001 * (0 - 1.922487085340775E-6) = 1.5812456276927874E-6
apr. 11, 2020 2:37:32 P.M. hvl.projectparmorel.modelrepair.QModelFixer handleStep
INFO: Updated Q-table for error 44, context 0, action 99999 delete to new weight 1.5812456276927874E-6
apr. 11, 2020 2:37:32 P.M. hvl.projectparmorel.modelrepair.QModelFixer handleEpisode
INFO: EPISODE 21 TOTAL REWARD 0



apr. 11, 2020 2:37:32 P.M. hvl.projectparmorel.modelrepair.QModelFixer handleEpisode
INFO: EPISODE 22, STEP 0, Fixing error 401: The typed element must have a type
apr. 11, 2020 2:37:32 P.M. hvl.projectparmorel.modelrepair.QModelFixer chooseAction
INFO: Choosing random action.
apr. 11, 2020 2:37:32 P.M. hvl.projectparmorel.modelrepair.QModelFixer handleStep
INFO: Chose action delete in context 0 with weight 0.008651223118025221
apr. 11, 2020 2:37:33 P.M. hvl.projectparmorel.modelrepair.QModelFixer handleStep
INFO: Next error code: 44
apr. 11, 2020 2:37:33 P.M. hvl.projectparmorel.modelrepair.QModelFixer handleStep
INFO: Calculating new Q-value:
Old Q-value: 0.008651223118025221
Alpha: 0.1383333333333333
Gamma: 1.0
Reward: 0
Next optimal action Q-value: 1.5812456276927874E-6
0.008651223118025221 + 0.1383333333333333 * (0 + 1.0 * 1.5812456276927874E-6 - 0.008651223118025221) = 0.0074546893256768965
apr. 11, 2020 2:37:33 P.M. hvl.projectparmorel.modelrepair.QModelFixer handleStep
INFO: Updated Q-table for error 401, context 0, action 99999 delete to new weight 0.0074546893256768965


apr. 11, 2020 2:37:33 P.M. hvl.projectparmorel.modelrepair.QModelFixer handleEpisode
INFO: EPISODE 22, STEP 1, Fixing error 44: The name 'null' is not well formed
apr. 11, 2020 2:37:33 P.M. hvl.projectparmorel.modelrepair.QModelFixer chooseAction
INFO: Choosing optimal action
apr. 11, 2020 2:37:33 P.M. hvl.projectparmorel.modelrepair.QModelFixer handleStep
INFO: Chose action delete in context 0 with weight 1.5812456276927874E-6
apr. 11, 2020 2:37:34 P.M. hvl.projectparmorel.modelrepair.QModelFixer handleStep
INFO: Calculating new Q-value:
Old Q-value: 1.5812456276927874E-6
Alpha: 0.1383333333333333

Reward: 0
1.5812456276927874E-6 + 0.1383333333333333 * (0 - 1.5812456276927874E-6) = 1.362506649195285E-6
apr. 11, 2020 2:37:34 P.M. hvl.projectparmorel.modelrepair.QModelFixer handleStep
INFO: Updated Q-table for error 44, context 0, action 99999 delete to new weight 1.362506649195285E-6
apr. 11, 2020 2:37:34 P.M. hvl.projectparmorel.modelrepair.QModelFixer handleEpisode
INFO: EPISODE 22 TOTAL REWARD 0



apr. 11, 2020 2:37:34 P.M. hvl.projectparmorel.modelrepair.QModelFixer handleEpisode
INFO: EPISODE 23, STEP 0, Fixing error 401: The typed element must have a type
apr. 11, 2020 2:37:34 P.M. hvl.projectparmorel.modelrepair.QModelFixer chooseAction
INFO: Choosing optimal action
apr. 11, 2020 2:37:34 P.M. hvl.projectparmorel.modelrepair.QModelFixer handleStep
INFO: Chose action delete in context 0 with weight 0.0074546893256768965
apr. 11, 2020 2:37:36 P.M. hvl.projectparmorel.modelrepair.QModelFixer handleStep
INFO: Next error code: 44
apr. 11, 2020 2:37:36 P.M. hvl.projectparmorel.modelrepair.QModelFixer handleStep
INFO: Calculating new Q-value:
Old Q-value: 0.0074546893256768965
Alpha: 0.09916666666666674
Gamma: 1.0
Reward: 0
Next optimal action Q-value: 1.362506649195285E-6
0.0074546893256768965 + 0.09916666666666674 * (0 + 1.0 * 1.362506649195285E-6 - 0.0074546893256768965) = 0.006715567749456649
apr. 11, 2020 2:37:36 P.M. hvl.projectparmorel.modelrepair.QModelFixer handleStep
INFO: Updated Q-table for error 401, context 0, action 99999 delete to new weight 0.006715567749456649


apr. 11, 2020 2:37:36 P.M. hvl.projectparmorel.modelrepair.QModelFixer handleEpisode
INFO: EPISODE 23, STEP 1, Fixing error 44: The name 'null' is not well formed
apr. 11, 2020 2:37:36 P.M. hvl.projectparmorel.modelrepair.QModelFixer chooseAction
INFO: Choosing random action.
apr. 11, 2020 2:37:36 P.M. hvl.projectparmorel.modelrepair.QModelFixer handleStep
INFO: Chose action setName in context 0 with weight 0.0
apr. 11, 2020 2:37:36 P.M. hvl.projectparmorel.modelrepair.QModelFixer handleStep
INFO: Calculating new Q-value:
Old Q-value: 0.0
Alpha: 0.09916666666666674

Reward: 0
0.0 + 0.09916666666666674 * (0 - 0.0) = 0.0
apr. 11, 2020 2:37:36 P.M. hvl.projectparmorel.modelrepair.QModelFixer handleStep
INFO: Updated Q-table for error 44, context 0, action -801382182 setName to new weight 0.0
apr. 11, 2020 2:37:36 P.M. hvl.projectparmorel.modelrepair.QModelFixer handleEpisode
INFO: EPISODE 23 TOTAL REWARD 0



apr. 11, 2020 2:37:36 P.M. hvl.projectparmorel.modelrepair.QModelFixer handleEpisode
INFO: EPISODE 24, STEP 0, Fixing error 401: The typed element must have a type
apr. 11, 2020 2:37:36 P.M. hvl.projectparmorel.modelrepair.QModelFixer chooseAction
INFO: Choosing random action.
apr. 11, 2020 2:37:36 P.M. hvl.projectparmorel.modelrepair.QModelFixer handleStep
INFO: Chose action setEType in context 0 with weight 0.007263071442239054
apr. 11, 2020 2:37:36 P.M. hvl.projectparmorel.modelrepair.QModelFixer handleStep
INFO: Next error code: 44
apr. 11, 2020 2:37:36 P.M. hvl.projectparmorel.modelrepair.QModelFixer handleStep
INFO: Calculating new Q-value:
Old Q-value: 0.007263071442239054
Alpha: 0.06000000000000005
Gamma: 1.0
Reward: 0
Next optimal action Q-value: 1.362506649195285E-6
0.007263071442239054 + 0.06000000000000005 * (0 + 1.0 * 1.362506649195285E-6 - 0.007263071442239054) = 0.006827368906103662
apr. 11, 2020 2:37:36 P.M. hvl.projectparmorel.modelrepair.QModelFixer handleStep
INFO: Updated Q-table for error 401, context 0, action 591449609 setEType to new weight 0.006827368906103662


apr. 11, 2020 2:37:36 P.M. hvl.projectparmorel.modelrepair.QModelFixer handleEpisode
INFO: EPISODE 24, STEP 1, Fixing error 44: The name 'null' is not well formed
apr. 11, 2020 2:37:36 P.M. hvl.projectparmorel.modelrepair.QModelFixer chooseAction
INFO: Choosing optimal action
apr. 11, 2020 2:37:36 P.M. hvl.projectparmorel.modelrepair.QModelFixer handleStep
INFO: Chose action delete in context 0 with weight 1.362506649195285E-6
apr. 11, 2020 2:37:37 P.M. hvl.projectparmorel.modelrepair.QModelFixer handleStep
INFO: Calculating new Q-value:
Old Q-value: 1.362506649195285E-6
Alpha: 0.06000000000000005

Reward: 0
1.362506649195285E-6 + 0.06000000000000005 * (0 - 1.362506649195285E-6) = 1.280756250243568E-6
apr. 11, 2020 2:37:37 P.M. hvl.projectparmorel.modelrepair.QModelFixer handleStep
INFO: Updated Q-table for error 44, context 0, action 99999 delete to new weight 1.280756250243568E-6
apr. 11, 2020 2:37:37 P.M. hvl.projectparmorel.modelrepair.QModelFixer handleEpisode
INFO: EPISODE 24 TOTAL REWARD 0



apr. 11, 2020 2:37:37 P.M. hvl.projectparmorel.modelrepair.QModelFixer fixModel
INFO: Time repairing model: 38356 ms
apr. 11, 2020 2:37:37 P.M. hvl.projectparmorel.modelrepair.QModelFixer fixModel
INFO: 
-----------------ALL SEQUENCES FOUND-------------------
SIZE: 14
DISCARDED SEQUENCES: 11
--------::::B E S T   S E Q U E N C E   I S::::---------
Sequence [id=0, seq=[ErrorAction [Error: 401 The typed element must have a type, Action: delete, Error hierarchy: 0]
, ErrorAction [Error: 44 The name 'null' is not well formed, Action: setName, Error hierarchy: 0]
], weight=0.0]

 with 2 actions.
apr. 11, 2020 2:37:37 P.M. hvl.projectparmorel.knowledge.Knowledge save
INFO: Saving initialized
apr. 11, 2020 2:37:37 P.M. hvl.projectparmorel.knowledge.Knowledge save
INFO: document prepared
apr. 11, 2020 2:37:37 P.M. hvl.projectparmorel.knowledge.Knowledge save
INFO: Saving completed to /Users/Magnus/Skole/DAT300/EclipseWorkspace2/ParmorelRunnable/knowledge.xml
apr. 11, 2020 2:37:37 P.M. hvl.projectparmorel.knowledge.Knowledge save
INFO: Saving initialized
apr. 11, 2020 2:37:37 P.M. hvl.projectparmorel.knowledge.Knowledge save
INFO: document prepared
apr. 11, 2020 2:37:37 P.M. hvl.projectparmorel.knowledge.Knowledge save
INFO: Saving completed to /Users/Magnus/Skole/DAT300/EclipseWorkspace2/ParmorelRunnable/knowledge.xml
