apr. 11, 2020 2:10:14 P.M. hvl.projectparmorel.modelrepair.QModelFixer fixModel
INFO: Repairing b6.ecore
apr. 11, 2020 2:10:14 P.M. hvl.projectparmorel.modelrepair.QModelFixer fixModel
INFO: Running with preferences [2, 4]
apr. 11, 2020 2:10:14 P.M. hvl.projectparmorel.modelrepair.QModelFixer fixModel
INFO: Initial number of errors in model: 2
Maximum number of steps per episode: 20
Errors to fix: [Error 441, message=The name 'null' is not well formed
, Error 44, message=The name 'null' is not well formed
]
apr. 11, 2020 2:10:14 P.M. hvl.projectparmorel.modelrepair.QModelFixer fixModel
INFO: Initializing Q-table for the errors.
apr. 11, 2020 2:10:14 P.M. hvl.projectparmorel.modelrepair.QModelFixer fixModel
INFO: Number of episodes: 25
apr. 11, 2020 2:10:14 P.M. hvl.projectparmorel.modelrepair.QModelFixer handleEpisode
INFO: EPISODE 0, STEP 0, Fixing error 441: The name 'null' is not well formed
apr. 11, 2020 2:10:14 P.M. hvl.projectparmorel.modelrepair.QModelFixer chooseAction
INFO: Choosing optimal action
apr. 11, 2020 2:10:14 P.M. hvl.projectparmorel.modelrepair.QModelFixer handleStep
INFO: Chose action setName in context 0 with weight 700.0
apr. 11, 2020 2:10:14 P.M. hvl.projectparmorel.modelrepair.QModelFixer handleStep
INFO: Next error code: 44
apr. 11, 2020 2:10:14 P.M. hvl.projectparmorel.modelrepair.QModelFixer handleStep
INFO: Calculating new Q-value:
Old Q-value: 700.0
Alpha: 1.0
Gamma: 1.0
Reward: 100
Next optimal action Q-value: 900.0000496573088
700.0 + 1.0 * (100 + 1.0 * 900.0000496573088 - 700.0) = 1000.0000496573088
apr. 11, 2020 2:10:14 P.M. hvl.projectparmorel.modelrepair.QModelFixer handleStep
INFO: Updated Q-table for error 441, context 0, action -1193116178 setName to new weight 1000.0000496573088


apr. 11, 2020 2:10:14 P.M. hvl.projectparmorel.modelrepair.QModelFixer handleEpisode
INFO: EPISODE 0, STEP 1, Fixing error 44: The name 'null' is not well formed
apr. 11, 2020 2:10:14 P.M. hvl.projectparmorel.modelrepair.QModelFixer chooseAction
INFO: Choosing optimal action
apr. 11, 2020 2:10:14 P.M. hvl.projectparmorel.modelrepair.QModelFixer handleStep
INFO: Chose action setName in context 0 with weight 900.0000496573088
apr. 11, 2020 2:10:14 P.M. hvl.projectparmorel.modelrepair.QModelFixer handleStep
INFO: Calculating new Q-value:
Old Q-value: 900.0000496573088
Alpha: 1.0

Reward: 100
900.0000496573088 + 1.0 * (100 - 900.0000496573088) = 100.0
apr. 11, 2020 2:10:14 P.M. hvl.projectparmorel.modelrepair.QModelFixer handleStep
INFO: Updated Q-table for error 44, context 0, action -801382182 setName to new weight 100.0
apr. 11, 2020 2:10:14 P.M. hvl.projectparmorel.modelrepair.QModelFixer handleEpisode
INFO: EPISODE 0 TOTAL REWARD 200



apr. 11, 2020 2:10:14 P.M. hvl.projectparmorel.modelrepair.QModelFixer handleEpisode
INFO: EPISODE 1, STEP 0, Fixing error 441: The name 'null' is not well formed
apr. 11, 2020 2:10:14 P.M. hvl.projectparmorel.modelrepair.QModelFixer chooseAction
INFO: Choosing random action.
apr. 11, 2020 2:10:14 P.M. hvl.projectparmorel.modelrepair.QModelFixer handleStep
INFO: Chose action setName in context 0 with weight 1000.0000496573088
apr. 11, 2020 2:10:14 P.M. hvl.projectparmorel.modelrepair.QModelFixer handleStep
INFO: Next error code: 44
apr. 11, 2020 2:10:14 P.M. hvl.projectparmorel.modelrepair.QModelFixer handleStep
INFO: Calculating new Q-value:
Old Q-value: 1000.0000496573088
Alpha: 0.9608333333333333
Gamma: 1.0
Reward: 100
Next optimal action Q-value: 100.0
1000.0000496573088 + 0.9608333333333333 * (100 + 1.0 * 100.0 - 1000.0000496573088) = 231.3333352782446
apr. 11, 2020 2:10:14 P.M. hvl.projectparmorel.modelrepair.QModelFixer handleStep
INFO: Updated Q-table for error 441, context 0, action -1193116178 setName to new weight 231.3333352782446


apr. 11, 2020 2:10:14 P.M. hvl.projectparmorel.modelrepair.QModelFixer handleEpisode
INFO: EPISODE 1, STEP 1, Fixing error 44: The name 'null' is not well formed
apr. 11, 2020 2:10:14 P.M. hvl.projectparmorel.modelrepair.QModelFixer chooseAction
INFO: Choosing random action.
apr. 11, 2020 2:10:14 P.M. hvl.projectparmorel.modelrepair.QModelFixer handleStep
INFO: Chose action delete in context 0 with weight -817.8976293694682
apr. 11, 2020 2:10:14 P.M. hvl.projectparmorel.modelrepair.QModelFixer handleStep
INFO: Calculating new Q-value:
Old Q-value: -817.8976293694682
Alpha: 0.9608333333333333

Reward: -1000
-817.8976293694682 + 0.9608333333333333 * (-1000 - -817.8976293694682) = -992.8676571503041
apr. 11, 2020 2:10:14 P.M. hvl.projectparmorel.modelrepair.QModelFixer handleStep
INFO: Updated Q-table for error 44, context 0, action 99999 delete to new weight -992.8676571503041
apr. 11, 2020 2:10:14 P.M. hvl.projectparmorel.modelrepair.QModelFixer handleEpisode
INFO: EPISODE 1 TOTAL REWARD -900



apr. 11, 2020 2:10:14 P.M. hvl.projectparmorel.modelrepair.QModelFixer handleEpisode
INFO: EPISODE 2, STEP 0, Fixing error 441: The name 'null' is not well formed
apr. 11, 2020 2:10:14 P.M. hvl.projectparmorel.modelrepair.QModelFixer chooseAction
INFO: Choosing optimal action
apr. 11, 2020 2:10:14 P.M. hvl.projectparmorel.modelrepair.QModelFixer handleStep
INFO: Chose action setName in context 0 with weight 231.3333352782446
apr. 11, 2020 2:10:14 P.M. hvl.projectparmorel.modelrepair.QModelFixer handleStep
INFO: Next error code: 44
apr. 11, 2020 2:10:14 P.M. hvl.projectparmorel.modelrepair.QModelFixer handleStep
INFO: Calculating new Q-value:
Old Q-value: 231.3333352782446
Alpha: 0.9216666666666666
Gamma: 1.0
Reward: 100
Next optimal action Q-value: 100.0
231.3333352782446 + 0.9216666666666666 * (100 + 1.0 * 100.0 - 231.3333352782446) = 202.45444459679584
apr. 11, 2020 2:10:14 P.M. hvl.projectparmorel.modelrepair.QModelFixer handleStep
INFO: Updated Q-table for error 441, context 0, action -1193116178 setName to new weight 202.45444459679584


apr. 11, 2020 2:10:14 P.M. hvl.projectparmorel.modelrepair.QModelFixer handleEpisode
INFO: EPISODE 2, STEP 1, Fixing error 44: The name 'null' is not well formed
apr. 11, 2020 2:10:14 P.M. hvl.projectparmorel.modelrepair.QModelFixer chooseAction
INFO: Choosing random action.
apr. 11, 2020 2:10:14 P.M. hvl.projectparmorel.modelrepair.QModelFixer handleStep
INFO: Chose action delete in context 0 with weight -992.8676571503041
apr. 11, 2020 2:10:14 P.M. hvl.projectparmorel.modelrepair.QModelFixer handleStep
INFO: Calculating new Q-value:
Old Q-value: -992.8676571503041
Alpha: 0.9216666666666666

Reward: -1000
-992.8676571503041 + 0.9216666666666666 * (-1000 - -992.8676571503041) = -999.4412998101071
apr. 11, 2020 2:10:14 P.M. hvl.projectparmorel.modelrepair.QModelFixer handleStep
INFO: Updated Q-table for error 44, context 0, action 99999 delete to new weight -999.4412998101071
apr. 11, 2020 2:10:14 P.M. hvl.projectparmorel.modelrepair.QModelFixer handleEpisode
INFO: EPISODE 2 TOTAL REWARD -900



apr. 11, 2020 2:10:14 P.M. hvl.projectparmorel.modelrepair.QModelFixer handleEpisode
INFO: EPISODE 3, STEP 0, Fixing error 441: The name 'null' is not well formed
apr. 11, 2020 2:10:14 P.M. hvl.projectparmorel.modelrepair.QModelFixer chooseAction
INFO: Choosing random action.
apr. 11, 2020 2:10:14 P.M. hvl.projectparmorel.modelrepair.QModelFixer handleStep
INFO: Chose action setName in context 0 with weight 202.45444459679584
apr. 11, 2020 2:10:14 P.M. hvl.projectparmorel.modelrepair.QModelFixer handleStep
INFO: Next error code: 44
apr. 11, 2020 2:10:14 P.M. hvl.projectparmorel.modelrepair.QModelFixer handleStep
INFO: Calculating new Q-value:
Old Q-value: 202.45444459679584
Alpha: 0.8825000000000001
Gamma: 1.0
Reward: 100
Next optimal action Q-value: 100.0
202.45444459679584 + 0.8825000000000001 * (100 + 1.0 * 100.0 - 202.45444459679584) = 200.28839724012352
apr. 11, 2020 2:10:14 P.M. hvl.projectparmorel.modelrepair.QModelFixer handleStep
INFO: Updated Q-table for error 441, context 0, action -1193116178 setName to new weight 200.28839724012352


apr. 11, 2020 2:10:14 P.M. hvl.projectparmorel.modelrepair.QModelFixer handleEpisode
INFO: EPISODE 3, STEP 1, Fixing error 44: The name 'null' is not well formed
apr. 11, 2020 2:10:14 P.M. hvl.projectparmorel.modelrepair.QModelFixer chooseAction
INFO: Choosing optimal action
apr. 11, 2020 2:10:14 P.M. hvl.projectparmorel.modelrepair.QModelFixer handleStep
INFO: Chose action setName in context 0 with weight 100.0
apr. 11, 2020 2:10:14 P.M. hvl.projectparmorel.modelrepair.QModelFixer handleStep
INFO: Calculating new Q-value:
Old Q-value: 100.0
Alpha: 0.8825000000000001

Reward: 100
100.0 + 0.8825000000000001 * (100 - 100.0) = 100.0
apr. 11, 2020 2:10:14 P.M. hvl.projectparmorel.modelrepair.QModelFixer handleStep
INFO: Updated Q-table for error 44, context 0, action -801382182 setName to new weight 100.0
apr. 11, 2020 2:10:14 P.M. hvl.projectparmorel.modelrepair.QModelFixer handleEpisode
INFO: EPISODE 3 TOTAL REWARD 200



apr. 11, 2020 2:10:14 P.M. hvl.projectparmorel.modelrepair.QModelFixer handleEpisode
INFO: EPISODE 4, STEP 0, Fixing error 441: The name 'null' is not well formed
apr. 11, 2020 2:10:14 P.M. hvl.projectparmorel.modelrepair.QModelFixer chooseAction
INFO: Choosing optimal action
apr. 11, 2020 2:10:14 P.M. hvl.projectparmorel.modelrepair.QModelFixer handleStep
INFO: Chose action setName in context 0 with weight 200.28839724012352
apr. 11, 2020 2:10:14 P.M. hvl.projectparmorel.modelrepair.QModelFixer handleStep
INFO: Next error code: 44
apr. 11, 2020 2:10:14 P.M. hvl.projectparmorel.modelrepair.QModelFixer handleStep
INFO: Calculating new Q-value:
Old Q-value: 200.28839724012352
Alpha: 0.8433333333333334
Gamma: 1.0
Reward: 100
Next optimal action Q-value: 100.0
200.28839724012352 + 0.8433333333333334 * (100 + 1.0 * 100.0 - 200.28839724012352) = 200.04518223428602
apr. 11, 2020 2:10:14 P.M. hvl.projectparmorel.modelrepair.QModelFixer handleStep
INFO: Updated Q-table for error 441, context 0, action -1193116178 setName to new weight 200.04518223428602


apr. 11, 2020 2:10:14 P.M. hvl.projectparmorel.modelrepair.QModelFixer handleEpisode
INFO: EPISODE 4, STEP 1, Fixing error 44: The name 'null' is not well formed
apr. 11, 2020 2:10:14 P.M. hvl.projectparmorel.modelrepair.QModelFixer chooseAction
INFO: Choosing random action.
apr. 11, 2020 2:10:14 P.M. hvl.projectparmorel.modelrepair.QModelFixer handleStep
INFO: Chose action setName in context 0 with weight 100.0
apr. 11, 2020 2:10:14 P.M. hvl.projectparmorel.modelrepair.QModelFixer handleStep
INFO: Calculating new Q-value:
Old Q-value: 100.0
Alpha: 0.8433333333333334

Reward: 100
100.0 + 0.8433333333333334 * (100 - 100.0) = 100.0
apr. 11, 2020 2:10:14 P.M. hvl.projectparmorel.modelrepair.QModelFixer handleStep
INFO: Updated Q-table for error 44, context 0, action -801382182 setName to new weight 100.0
apr. 11, 2020 2:10:14 P.M. hvl.projectparmorel.modelrepair.QModelFixer handleEpisode
INFO: EPISODE 4 TOTAL REWARD 200



apr. 11, 2020 2:10:14 P.M. hvl.projectparmorel.modelrepair.QModelFixer handleEpisode
INFO: EPISODE 5, STEP 0, Fixing error 441: The name 'null' is not well formed
apr. 11, 2020 2:10:14 P.M. hvl.projectparmorel.modelrepair.QModelFixer chooseAction
INFO: Choosing optimal action
apr. 11, 2020 2:10:14 P.M. hvl.projectparmorel.modelrepair.QModelFixer handleStep
INFO: Chose action setName in context 0 with weight 200.04518223428602
apr. 11, 2020 2:10:14 P.M. hvl.projectparmorel.modelrepair.QModelFixer handleStep
INFO: Next error code: 44
apr. 11, 2020 2:10:14 P.M. hvl.projectparmorel.modelrepair.QModelFixer handleStep
INFO: Calculating new Q-value:
Old Q-value: 200.04518223428602
Alpha: 0.8041666666666667
Gamma: 1.0
Reward: 100
Next optimal action Q-value: 100.0
200.04518223428602 + 0.8041666666666667 * (100 + 1.0 * 100.0 - 200.04518223428602) = 200.00884818754767
apr. 11, 2020 2:10:14 P.M. hvl.projectparmorel.modelrepair.QModelFixer handleStep
INFO: Updated Q-table for error 441, context 0, action -1193116178 setName to new weight 200.00884818754767


apr. 11, 2020 2:10:14 P.M. hvl.projectparmorel.modelrepair.QModelFixer handleEpisode
INFO: EPISODE 5, STEP 1, Fixing error 44: The name 'null' is not well formed
apr. 11, 2020 2:10:14 P.M. hvl.projectparmorel.modelrepair.QModelFixer chooseAction
INFO: Choosing optimal action
apr. 11, 2020 2:10:14 P.M. hvl.projectparmorel.modelrepair.QModelFixer handleStep
INFO: Chose action setName in context 0 with weight 100.0
apr. 11, 2020 2:10:14 P.M. hvl.projectparmorel.modelrepair.QModelFixer handleStep
INFO: Calculating new Q-value:
Old Q-value: 100.0
Alpha: 0.8041666666666667

Reward: 100
100.0 + 0.8041666666666667 * (100 - 100.0) = 100.0
apr. 11, 2020 2:10:14 P.M. hvl.projectparmorel.modelrepair.QModelFixer handleStep
INFO: Updated Q-table for error 44, context 0, action -801382182 setName to new weight 100.0
apr. 11, 2020 2:10:14 P.M. hvl.projectparmorel.modelrepair.QModelFixer handleEpisode
INFO: EPISODE 5 TOTAL REWARD 200



apr. 11, 2020 2:10:14 P.M. hvl.projectparmorel.modelrepair.QModelFixer handleEpisode
INFO: EPISODE 6, STEP 0, Fixing error 441: The name 'null' is not well formed
apr. 11, 2020 2:10:14 P.M. hvl.projectparmorel.modelrepair.QModelFixer chooseAction
INFO: Choosing optimal action
apr. 11, 2020 2:10:14 P.M. hvl.projectparmorel.modelrepair.QModelFixer handleStep
INFO: Chose action setName in context 0 with weight 200.00884818754767
apr. 11, 2020 2:10:14 P.M. hvl.projectparmorel.modelrepair.QModelFixer handleStep
INFO: Next error code: 44
apr. 11, 2020 2:10:14 P.M. hvl.projectparmorel.modelrepair.QModelFixer handleStep
INFO: Calculating new Q-value:
Old Q-value: 200.00884818754767
Alpha: 0.765
Gamma: 1.0
Reward: 100
Next optimal action Q-value: 100.0
200.00884818754767 + 0.765 * (100 + 1.0 * 100.0 - 200.00884818754767) = 200.0020793240737
apr. 11, 2020 2:10:14 P.M. hvl.projectparmorel.modelrepair.QModelFixer handleStep
INFO: Updated Q-table for error 441, context 0, action -1193116178 setName to new weight 200.0020793240737


apr. 11, 2020 2:10:14 P.M. hvl.projectparmorel.modelrepair.QModelFixer handleEpisode
INFO: EPISODE 6, STEP 1, Fixing error 44: The name 'null' is not well formed
apr. 11, 2020 2:10:14 P.M. hvl.projectparmorel.modelrepair.QModelFixer chooseAction
INFO: Choosing optimal action
apr. 11, 2020 2:10:14 P.M. hvl.projectparmorel.modelrepair.QModelFixer handleStep
INFO: Chose action setName in context 0 with weight 100.0
apr. 11, 2020 2:10:14 P.M. hvl.projectparmorel.modelrepair.QModelFixer handleStep
INFO: Calculating new Q-value:
Old Q-value: 100.0
Alpha: 0.765

Reward: 100
100.0 + 0.765 * (100 - 100.0) = 100.0
apr. 11, 2020 2:10:14 P.M. hvl.projectparmorel.modelrepair.QModelFixer handleStep
INFO: Updated Q-table for error 44, context 0, action -801382182 setName to new weight 100.0
apr. 11, 2020 2:10:14 P.M. hvl.projectparmorel.modelrepair.QModelFixer handleEpisode
INFO: EPISODE 6 TOTAL REWARD 200



apr. 11, 2020 2:10:14 P.M. hvl.projectparmorel.modelrepair.QModelFixer handleEpisode
INFO: EPISODE 7, STEP 0, Fixing error 441: The name 'null' is not well formed
apr. 11, 2020 2:10:14 P.M. hvl.projectparmorel.modelrepair.QModelFixer chooseAction
INFO: Choosing random action.
apr. 11, 2020 2:10:14 P.M. hvl.projectparmorel.modelrepair.QModelFixer handleStep
INFO: Chose action setName in context 0 with weight 200.0020793240737
apr. 11, 2020 2:10:14 P.M. hvl.projectparmorel.modelrepair.QModelFixer handleStep
INFO: Next error code: 44
apr. 11, 2020 2:10:14 P.M. hvl.projectparmorel.modelrepair.QModelFixer handleStep
INFO: Calculating new Q-value:
Old Q-value: 200.0020793240737
Alpha: 0.7258333333333333
Gamma: 1.0
Reward: 100
Next optimal action Q-value: 100.0
200.0020793240737 + 0.7258333333333333 * (100 + 1.0 * 100.0 - 200.0020793240737) = 200.0005700813502
apr. 11, 2020 2:10:14 P.M. hvl.projectparmorel.modelrepair.QModelFixer handleStep
INFO: Updated Q-table for error 441, context 0, action -1193116178 setName to new weight 200.0005700813502


apr. 11, 2020 2:10:14 P.M. hvl.projectparmorel.modelrepair.QModelFixer handleEpisode
INFO: EPISODE 7, STEP 1, Fixing error 44: The name 'null' is not well formed
apr. 11, 2020 2:10:14 P.M. hvl.projectparmorel.modelrepair.QModelFixer chooseAction
INFO: Choosing optimal action
apr. 11, 2020 2:10:14 P.M. hvl.projectparmorel.modelrepair.QModelFixer handleStep
INFO: Chose action setName in context 0 with weight 100.0
apr. 11, 2020 2:10:14 P.M. hvl.projectparmorel.modelrepair.QModelFixer handleStep
INFO: Calculating new Q-value:
Old Q-value: 100.0
Alpha: 0.7258333333333333

Reward: 100
100.0 + 0.7258333333333333 * (100 - 100.0) = 100.0
apr. 11, 2020 2:10:14 P.M. hvl.projectparmorel.modelrepair.QModelFixer handleStep
INFO: Updated Q-table for error 44, context 0, action -801382182 setName to new weight 100.0
apr. 11, 2020 2:10:14 P.M. hvl.projectparmorel.modelrepair.QModelFixer handleEpisode
INFO: EPISODE 7 TOTAL REWARD 200



apr. 11, 2020 2:10:14 P.M. hvl.projectparmorel.modelrepair.QModelFixer handleEpisode
INFO: EPISODE 8, STEP 0, Fixing error 441: The name 'null' is not well formed
apr. 11, 2020 2:10:14 P.M. hvl.projectparmorel.modelrepair.QModelFixer chooseAction
INFO: Choosing random action.
apr. 11, 2020 2:10:14 P.M. hvl.projectparmorel.modelrepair.QModelFixer handleStep
INFO: Chose action delete in context 0 with weight -961.2549244146167
apr. 11, 2020 2:10:14 P.M. hvl.projectparmorel.modelrepair.QModelFixer handleStep
INFO: Next error code: 401
apr. 11, 2020 2:10:14 P.M. hvl.projectparmorel.modelrepair.QModelFixer handleStep
INFO: Calculating new Q-value:
Old Q-value: -961.2549244146167
Alpha: 0.6866666666666668
Gamma: 1.0
Reward: -1000
Next optimal action Q-value: 700.0
-961.2549244146167 + 0.6866666666666668 * (-1000 + 1.0 * 700.0 - -961.2549244146167) = -507.1932096499132
apr. 11, 2020 2:10:14 P.M. hvl.projectparmorel.modelrepair.QModelFixer handleStep
INFO: Updated Q-table for error 441, context 0, action 99999 delete to new weight -507.1932096499132


apr. 11, 2020 2:10:14 P.M. hvl.projectparmorel.modelrepair.QModelFixer handleEpisode
INFO: EPISODE 8, STEP 1, Fixing error 401: The typed element must have a type
apr. 11, 2020 2:10:14 P.M. hvl.projectparmorel.modelrepair.QModelFixer chooseAction
INFO: Choosing optimal action
apr. 11, 2020 2:10:14 P.M. hvl.projectparmorel.modelrepair.QModelFixer handleStep
INFO: Chose action setEType in context 0 with weight 700.0
apr. 11, 2020 2:10:14 P.M. hvl.projectparmorel.modelrepair.QModelFixer handleStep
INFO: Next error code: 44
apr. 11, 2020 2:10:14 P.M. hvl.projectparmorel.modelrepair.QModelFixer handleStep
INFO: Calculating new Q-value:
Old Q-value: 700.0
Alpha: 0.6866666666666668
Gamma: 1.0
Reward: 100
Next optimal action Q-value: 100.0
700.0 + 0.6866666666666668 * (100 + 1.0 * 100.0 - 700.0) = 356.66666666666663
apr. 11, 2020 2:10:14 P.M. hvl.projectparmorel.modelrepair.QModelFixer handleStep
INFO: Updated Q-table for error 401, context 0, action 591449609 setEType to new weight 356.66666666666663


apr. 11, 2020 2:10:14 P.M. hvl.projectparmorel.modelrepair.QModelFixer handleEpisode
INFO: EPISODE 8, STEP 2, Fixing error 44: The name 'null' is not well formed
apr. 11, 2020 2:10:14 P.M. hvl.projectparmorel.modelrepair.QModelFixer chooseAction
INFO: Choosing optimal action
apr. 11, 2020 2:10:14 P.M. hvl.projectparmorel.modelrepair.QModelFixer handleStep
INFO: Chose action setName in context 0 with weight 100.0
apr. 11, 2020 2:10:14 P.M. hvl.projectparmorel.modelrepair.QModelFixer handleStep
INFO: Calculating new Q-value:
Old Q-value: 100.0
Alpha: 0.6866666666666668

Reward: 100
100.0 + 0.6866666666666668 * (100 - 100.0) = 100.0
apr. 11, 2020 2:10:14 P.M. hvl.projectparmorel.modelrepair.QModelFixer handleStep
INFO: Updated Q-table for error 44, context 0, action -801382182 setName to new weight 100.0
apr. 11, 2020 2:10:14 P.M. hvl.projectparmorel.modelrepair.QModelFixer handleEpisode
INFO: EPISODE 8 TOTAL REWARD -800



apr. 11, 2020 2:10:14 P.M. hvl.projectparmorel.modelrepair.QModelFixer handleEpisode
INFO: EPISODE 9, STEP 0, Fixing error 441: The name 'null' is not well formed
apr. 11, 2020 2:10:14 P.M. hvl.projectparmorel.modelrepair.QModelFixer chooseAction
INFO: Choosing optimal action
apr. 11, 2020 2:10:14 P.M. hvl.projectparmorel.modelrepair.QModelFixer handleStep
INFO: Chose action setName in context 0 with weight 200.0005700813502
apr. 11, 2020 2:10:14 P.M. hvl.projectparmorel.modelrepair.QModelFixer handleStep
INFO: Next error code: 44
apr. 11, 2020 2:10:14 P.M. hvl.projectparmorel.modelrepair.QModelFixer handleStep
INFO: Calculating new Q-value:
Old Q-value: 200.0005700813502
Alpha: 0.6475
Gamma: 1.0
Reward: 100
Next optimal action Q-value: 100.0
200.0005700813502 + 0.6475 * (100 + 1.0 * 100.0 - 200.0005700813502) = 200.00020095367594
apr. 11, 2020 2:10:14 P.M. hvl.projectparmorel.modelrepair.QModelFixer handleStep
INFO: Updated Q-table for error 441, context 0, action -1193116178 setName to new weight 200.00020095367594


apr. 11, 2020 2:10:14 P.M. hvl.projectparmorel.modelrepair.QModelFixer handleEpisode
INFO: EPISODE 9, STEP 1, Fixing error 44: The name 'null' is not well formed
apr. 11, 2020 2:10:14 P.M. hvl.projectparmorel.modelrepair.QModelFixer chooseAction
INFO: Choosing optimal action
apr. 11, 2020 2:10:14 P.M. hvl.projectparmorel.modelrepair.QModelFixer handleStep
INFO: Chose action setName in context 0 with weight 100.0
apr. 11, 2020 2:10:14 P.M. hvl.projectparmorel.modelrepair.QModelFixer handleStep
INFO: Calculating new Q-value:
Old Q-value: 100.0
Alpha: 0.6475

Reward: 100
100.0 + 0.6475 * (100 - 100.0) = 100.0
apr. 11, 2020 2:10:14 P.M. hvl.projectparmorel.modelrepair.QModelFixer handleStep
INFO: Updated Q-table for error 44, context 0, action -801382182 setName to new weight 100.0
apr. 11, 2020 2:10:14 P.M. hvl.projectparmorel.modelrepair.QModelFixer handleEpisode
INFO: EPISODE 9 TOTAL REWARD 200



apr. 11, 2020 2:10:14 P.M. hvl.projectparmorel.modelrepair.QModelFixer handleEpisode
INFO: EPISODE 10, STEP 0, Fixing error 441: The name 'null' is not well formed
apr. 11, 2020 2:10:14 P.M. hvl.projectparmorel.modelrepair.QModelFixer chooseAction
INFO: Choosing optimal action
apr. 11, 2020 2:10:14 P.M. hvl.projectparmorel.modelrepair.QModelFixer handleStep
INFO: Chose action setName in context 0 with weight 200.00020095367594
apr. 11, 2020 2:10:14 P.M. hvl.projectparmorel.modelrepair.QModelFixer handleStep
INFO: Next error code: 44
apr. 11, 2020 2:10:14 P.M. hvl.projectparmorel.modelrepair.QModelFixer handleStep
INFO: Calculating new Q-value:
Old Q-value: 200.00020095367594
Alpha: 0.6083333333333334
Gamma: 1.0
Reward: 100
Next optimal action Q-value: 100.0
200.00020095367594 + 0.6083333333333334 * (100 + 1.0 * 100.0 - 200.00020095367594) = 200.0000787068564
apr. 11, 2020 2:10:14 P.M. hvl.projectparmorel.modelrepair.QModelFixer handleStep
INFO: Updated Q-table for error 441, context 0, action -1193116178 setName to new weight 200.0000787068564


apr. 11, 2020 2:10:14 P.M. hvl.projectparmorel.modelrepair.QModelFixer handleEpisode
INFO: EPISODE 10, STEP 1, Fixing error 44: The name 'null' is not well formed
apr. 11, 2020 2:10:14 P.M. hvl.projectparmorel.modelrepair.QModelFixer chooseAction
INFO: Choosing optimal action
apr. 11, 2020 2:10:14 P.M. hvl.projectparmorel.modelrepair.QModelFixer handleStep
INFO: Chose action setName in context 0 with weight 100.0
apr. 11, 2020 2:10:14 P.M. hvl.projectparmorel.modelrepair.QModelFixer handleStep
INFO: Calculating new Q-value:
Old Q-value: 100.0
Alpha: 0.6083333333333334

Reward: 100
100.0 + 0.6083333333333334 * (100 - 100.0) = 100.0
apr. 11, 2020 2:10:14 P.M. hvl.projectparmorel.modelrepair.QModelFixer handleStep
INFO: Updated Q-table for error 44, context 0, action -801382182 setName to new weight 100.0
apr. 11, 2020 2:10:14 P.M. hvl.projectparmorel.modelrepair.QModelFixer handleEpisode
INFO: EPISODE 10 TOTAL REWARD 200



apr. 11, 2020 2:10:14 P.M. hvl.projectparmorel.modelrepair.QModelFixer handleEpisode
INFO: EPISODE 11, STEP 0, Fixing error 441: The name 'null' is not well formed
apr. 11, 2020 2:10:14 P.M. hvl.projectparmorel.modelrepair.QModelFixer chooseAction
INFO: Choosing optimal action
apr. 11, 2020 2:10:14 P.M. hvl.projectparmorel.modelrepair.QModelFixer handleStep
INFO: Chose action setName in context 0 with weight 200.0000787068564
apr. 11, 2020 2:10:14 P.M. hvl.projectparmorel.modelrepair.QModelFixer handleStep
INFO: Next error code: 44
apr. 11, 2020 2:10:14 P.M. hvl.projectparmorel.modelrepair.QModelFixer handleStep
INFO: Calculating new Q-value:
Old Q-value: 200.0000787068564
Alpha: 0.5691666666666666
Gamma: 1.0
Reward: 100
Next optimal action Q-value: 100.0
200.0000787068564 + 0.5691666666666666 * (100 + 1.0 * 100.0 - 200.0000787068564) = 200.0000339095373
apr. 11, 2020 2:10:14 P.M. hvl.projectparmorel.modelrepair.QModelFixer handleStep
INFO: Updated Q-table for error 441, context 0, action -1193116178 setName to new weight 200.0000339095373


apr. 11, 2020 2:10:14 P.M. hvl.projectparmorel.modelrepair.QModelFixer handleEpisode
INFO: EPISODE 11, STEP 1, Fixing error 44: The name 'null' is not well formed
apr. 11, 2020 2:10:14 P.M. hvl.projectparmorel.modelrepair.QModelFixer chooseAction
INFO: Choosing optimal action
apr. 11, 2020 2:10:14 P.M. hvl.projectparmorel.modelrepair.QModelFixer handleStep
INFO: Chose action setName in context 0 with weight 100.0
apr. 11, 2020 2:10:14 P.M. hvl.projectparmorel.modelrepair.QModelFixer handleStep
INFO: Calculating new Q-value:
Old Q-value: 100.0
Alpha: 0.5691666666666666

Reward: 100
100.0 + 0.5691666666666666 * (100 - 100.0) = 100.0
apr. 11, 2020 2:10:14 P.M. hvl.projectparmorel.modelrepair.QModelFixer handleStep
INFO: Updated Q-table for error 44, context 0, action -801382182 setName to new weight 100.0
apr. 11, 2020 2:10:14 P.M. hvl.projectparmorel.modelrepair.QModelFixer handleEpisode
INFO: EPISODE 11 TOTAL REWARD 200



apr. 11, 2020 2:10:14 P.M. hvl.projectparmorel.modelrepair.QModelFixer handleEpisode
INFO: EPISODE 12, STEP 0, Fixing error 441: The name 'null' is not well formed
apr. 11, 2020 2:10:14 P.M. hvl.projectparmorel.modelrepair.QModelFixer chooseAction
INFO: Choosing optimal action
apr. 11, 2020 2:10:14 P.M. hvl.projectparmorel.modelrepair.QModelFixer handleStep
INFO: Chose action setName in context 0 with weight 200.0000339095373
apr. 11, 2020 2:10:14 P.M. hvl.projectparmorel.modelrepair.QModelFixer handleStep
INFO: Next error code: 44
apr. 11, 2020 2:10:14 P.M. hvl.projectparmorel.modelrepair.QModelFixer handleStep
INFO: Calculating new Q-value:
Old Q-value: 200.0000339095373
Alpha: 0.53
Gamma: 1.0
Reward: 100
Next optimal action Q-value: 100.0
200.0000339095373 + 0.53 * (100 + 1.0 * 100.0 - 200.0000339095373) = 200.00001593748254
apr. 11, 2020 2:10:14 P.M. hvl.projectparmorel.modelrepair.QModelFixer handleStep
INFO: Updated Q-table for error 441, context 0, action -1193116178 setName to new weight 200.00001593748254


apr. 11, 2020 2:10:14 P.M. hvl.projectparmorel.modelrepair.QModelFixer handleEpisode
INFO: EPISODE 12, STEP 1, Fixing error 44: The name 'null' is not well formed
apr. 11, 2020 2:10:14 P.M. hvl.projectparmorel.modelrepair.QModelFixer chooseAction
INFO: Choosing random action.
apr. 11, 2020 2:10:14 P.M. hvl.projectparmorel.modelrepair.QModelFixer handleStep
INFO: Chose action setName in context 0 with weight 100.0
apr. 11, 2020 2:10:14 P.M. hvl.projectparmorel.modelrepair.QModelFixer handleStep
INFO: Calculating new Q-value:
Old Q-value: 100.0
Alpha: 0.53

Reward: 100
100.0 + 0.53 * (100 - 100.0) = 100.0
apr. 11, 2020 2:10:14 P.M. hvl.projectparmorel.modelrepair.QModelFixer handleStep
INFO: Updated Q-table for error 44, context 0, action -801382182 setName to new weight 100.0
apr. 11, 2020 2:10:14 P.M. hvl.projectparmorel.modelrepair.QModelFixer handleEpisode
INFO: EPISODE 12 TOTAL REWARD 200



apr. 11, 2020 2:10:14 P.M. hvl.projectparmorel.modelrepair.QModelFixer handleEpisode
INFO: EPISODE 13, STEP 0, Fixing error 441: The name 'null' is not well formed
apr. 11, 2020 2:10:14 P.M. hvl.projectparmorel.modelrepair.QModelFixer chooseAction
INFO: Choosing optimal action
apr. 11, 2020 2:10:14 P.M. hvl.projectparmorel.modelrepair.QModelFixer handleStep
INFO: Chose action setName in context 0 with weight 200.00001593748254
apr. 11, 2020 2:10:14 P.M. hvl.projectparmorel.modelrepair.QModelFixer handleStep
INFO: Next error code: 44
apr. 11, 2020 2:10:14 P.M. hvl.projectparmorel.modelrepair.QModelFixer handleStep
INFO: Calculating new Q-value:
Old Q-value: 200.00001593748254
Alpha: 0.49083333333333334
Gamma: 1.0
Reward: 100
Next optimal action Q-value: 100.0
200.00001593748254 + 0.49083333333333334 * (100 + 1.0 * 100.0 - 200.00001593748254) = 200.00000811483486
apr. 11, 2020 2:10:14 P.M. hvl.projectparmorel.modelrepair.QModelFixer handleStep
INFO: Updated Q-table for error 441, context 0, action -1193116178 setName to new weight 200.00000811483486


apr. 11, 2020 2:10:14 P.M. hvl.projectparmorel.modelrepair.QModelFixer handleEpisode
INFO: EPISODE 13, STEP 1, Fixing error 44: The name 'null' is not well formed
apr. 11, 2020 2:10:14 P.M. hvl.projectparmorel.modelrepair.QModelFixer chooseAction
INFO: Choosing optimal action
apr. 11, 2020 2:10:14 P.M. hvl.projectparmorel.modelrepair.QModelFixer handleStep
INFO: Chose action setName in context 0 with weight 100.0
apr. 11, 2020 2:10:14 P.M. hvl.projectparmorel.modelrepair.QModelFixer handleStep
INFO: Calculating new Q-value:
Old Q-value: 100.0
Alpha: 0.49083333333333334

Reward: 100
100.0 + 0.49083333333333334 * (100 - 100.0) = 100.0
apr. 11, 2020 2:10:14 P.M. hvl.projectparmorel.modelrepair.QModelFixer handleStep
INFO: Updated Q-table for error 44, context 0, action -801382182 setName to new weight 100.0
apr. 11, 2020 2:10:14 P.M. hvl.projectparmorel.modelrepair.QModelFixer handleEpisode
INFO: EPISODE 13 TOTAL REWARD 200



apr. 11, 2020 2:10:14 P.M. hvl.projectparmorel.modelrepair.QModelFixer handleEpisode
INFO: EPISODE 14, STEP 0, Fixing error 441: The name 'null' is not well formed
apr. 11, 2020 2:10:14 P.M. hvl.projectparmorel.modelrepair.QModelFixer chooseAction
INFO: Choosing optimal action
apr. 11, 2020 2:10:14 P.M. hvl.projectparmorel.modelrepair.QModelFixer handleStep
INFO: Chose action setName in context 0 with weight 200.00000811483486
apr. 11, 2020 2:10:14 P.M. hvl.projectparmorel.modelrepair.QModelFixer handleStep
INFO: Next error code: 44
apr. 11, 2020 2:10:14 P.M. hvl.projectparmorel.modelrepair.QModelFixer handleStep
INFO: Calculating new Q-value:
Old Q-value: 200.00000811483486
Alpha: 0.45166666666666666
Gamma: 1.0
Reward: 100
Next optimal action Q-value: 100.0
200.00000811483486 + 0.45166666666666666 * (100 + 1.0 * 100.0 - 200.00000811483486) = 200.00000444963445
apr. 11, 2020 2:10:14 P.M. hvl.projectparmorel.modelrepair.QModelFixer handleStep
INFO: Updated Q-table for error 441, context 0, action -1193116178 setName to new weight 200.00000444963445


apr. 11, 2020 2:10:14 P.M. hvl.projectparmorel.modelrepair.QModelFixer handleEpisode
INFO: EPISODE 14, STEP 1, Fixing error 44: The name 'null' is not well formed
apr. 11, 2020 2:10:14 P.M. hvl.projectparmorel.modelrepair.QModelFixer chooseAction
INFO: Choosing random action.
apr. 11, 2020 2:10:14 P.M. hvl.projectparmorel.modelrepair.QModelFixer handleStep
INFO: Chose action delete in context 0 with weight -999.4412998101071
apr. 11, 2020 2:10:14 P.M. hvl.projectparmorel.modelrepair.QModelFixer handleStep
INFO: Calculating new Q-value:
Old Q-value: -999.4412998101071
Alpha: 0.45166666666666666

Reward: -1000
-999.4412998101071 + 0.45166666666666666 * (-1000 - -999.4412998101071) = -999.693646062542
apr. 11, 2020 2:10:14 P.M. hvl.projectparmorel.modelrepair.QModelFixer handleStep
INFO: Updated Q-table for error 44, context 0, action 99999 delete to new weight -999.693646062542
apr. 11, 2020 2:10:14 P.M. hvl.projectparmorel.modelrepair.QModelFixer handleEpisode
INFO: EPISODE 14 TOTAL REWARD -900



apr. 11, 2020 2:10:14 P.M. hvl.projectparmorel.modelrepair.QModelFixer handleEpisode
INFO: EPISODE 15, STEP 0, Fixing error 441: The name 'null' is not well formed
apr. 11, 2020 2:10:14 P.M. hvl.projectparmorel.modelrepair.QModelFixer chooseAction
INFO: Choosing optimal action
apr. 11, 2020 2:10:14 P.M. hvl.projectparmorel.modelrepair.QModelFixer handleStep
INFO: Chose action setName in context 0 with weight 200.00000444963445
apr. 11, 2020 2:10:14 P.M. hvl.projectparmorel.modelrepair.QModelFixer handleStep
INFO: Next error code: 44
apr. 11, 2020 2:10:14 P.M. hvl.projectparmorel.modelrepair.QModelFixer handleStep
INFO: Calculating new Q-value:
Old Q-value: 200.00000444963445
Alpha: 0.4125
Gamma: 1.0
Reward: 100
Next optimal action Q-value: 100.0
200.00000444963445 + 0.4125 * (100 + 1.0 * 100.0 - 200.00000444963445) = 200.00000261416022
apr. 11, 2020 2:10:14 P.M. hvl.projectparmorel.modelrepair.QModelFixer handleStep
INFO: Updated Q-table for error 441, context 0, action -1193116178 setName to new weight 200.00000261416022


apr. 11, 2020 2:10:14 P.M. hvl.projectparmorel.modelrepair.QModelFixer handleEpisode
INFO: EPISODE 15, STEP 1, Fixing error 44: The name 'null' is not well formed
apr. 11, 2020 2:10:14 P.M. hvl.projectparmorel.modelrepair.QModelFixer chooseAction
INFO: Choosing optimal action
apr. 11, 2020 2:10:14 P.M. hvl.projectparmorel.modelrepair.QModelFixer handleStep
INFO: Chose action setName in context 0 with weight 100.0
apr. 11, 2020 2:10:14 P.M. hvl.projectparmorel.modelrepair.QModelFixer handleStep
INFO: Calculating new Q-value:
Old Q-value: 100.0
Alpha: 0.4125

Reward: 100
100.0 + 0.4125 * (100 - 100.0) = 100.0
apr. 11, 2020 2:10:14 P.M. hvl.projectparmorel.modelrepair.QModelFixer handleStep
INFO: Updated Q-table for error 44, context 0, action -801382182 setName to new weight 100.0
apr. 11, 2020 2:10:14 P.M. hvl.projectparmorel.modelrepair.QModelFixer handleEpisode
INFO: EPISODE 15 TOTAL REWARD 200



apr. 11, 2020 2:10:14 P.M. hvl.projectparmorel.modelrepair.QModelFixer handleEpisode
INFO: EPISODE 16, STEP 0, Fixing error 441: The name 'null' is not well formed
apr. 11, 2020 2:10:14 P.M. hvl.projectparmorel.modelrepair.QModelFixer chooseAction
INFO: Choosing random action.
apr. 11, 2020 2:10:14 P.M. hvl.projectparmorel.modelrepair.QModelFixer handleStep
INFO: Chose action setName in context 0 with weight 200.00000261416022
apr. 11, 2020 2:10:14 P.M. hvl.projectparmorel.modelrepair.QModelFixer handleStep
INFO: Next error code: 44
apr. 11, 2020 2:10:14 P.M. hvl.projectparmorel.modelrepair.QModelFixer handleStep
INFO: Calculating new Q-value:
Old Q-value: 200.00000261416022
Alpha: 0.3733333333333334
Gamma: 1.0
Reward: 100
Next optimal action Q-value: 100.0
200.00000261416022 + 0.3733333333333334 * (100 + 1.0 * 100.0 - 200.00000261416022) = 200.00000163820707
apr. 11, 2020 2:10:14 P.M. hvl.projectparmorel.modelrepair.QModelFixer handleStep
INFO: Updated Q-table for error 441, context 0, action -1193116178 setName to new weight 200.00000163820707


apr. 11, 2020 2:10:14 P.M. hvl.projectparmorel.modelrepair.QModelFixer handleEpisode
INFO: EPISODE 16, STEP 1, Fixing error 44: The name 'null' is not well formed
apr. 11, 2020 2:10:14 P.M. hvl.projectparmorel.modelrepair.QModelFixer chooseAction
INFO: Choosing optimal action
apr. 11, 2020 2:10:14 P.M. hvl.projectparmorel.modelrepair.QModelFixer handleStep
INFO: Chose action setName in context 0 with weight 100.0
apr. 11, 2020 2:10:14 P.M. hvl.projectparmorel.modelrepair.QModelFixer handleStep
INFO: Calculating new Q-value:
Old Q-value: 100.0
Alpha: 0.3733333333333334

Reward: 100
100.0 + 0.3733333333333334 * (100 - 100.0) = 100.0
apr. 11, 2020 2:10:14 P.M. hvl.projectparmorel.modelrepair.QModelFixer handleStep
INFO: Updated Q-table for error 44, context 0, action -801382182 setName to new weight 100.0
apr. 11, 2020 2:10:14 P.M. hvl.projectparmorel.modelrepair.QModelFixer handleEpisode
INFO: EPISODE 16 TOTAL REWARD 200



apr. 11, 2020 2:10:14 P.M. hvl.projectparmorel.modelrepair.QModelFixer handleEpisode
INFO: EPISODE 17, STEP 0, Fixing error 441: The name 'null' is not well formed
apr. 11, 2020 2:10:14 P.M. hvl.projectparmorel.modelrepair.QModelFixer chooseAction
INFO: Choosing optimal action
apr. 11, 2020 2:10:14 P.M. hvl.projectparmorel.modelrepair.QModelFixer handleStep
INFO: Chose action setName in context 0 with weight 200.00000163820707
apr. 11, 2020 2:10:14 P.M. hvl.projectparmorel.modelrepair.QModelFixer handleStep
INFO: Next error code: 44
apr. 11, 2020 2:10:14 P.M. hvl.projectparmorel.modelrepair.QModelFixer handleStep
INFO: Calculating new Q-value:
Old Q-value: 200.00000163820707
Alpha: 0.3341666666666667
Gamma: 1.0
Reward: 100
Next optimal action Q-value: 100.0
200.00000163820707 + 0.3341666666666667 * (100 + 1.0 * 100.0 - 200.00000163820707) = 200.00000109077288
apr. 11, 2020 2:10:14 P.M. hvl.projectparmorel.modelrepair.QModelFixer handleStep
INFO: Updated Q-table for error 441, context 0, action -1193116178 setName to new weight 200.00000109077288


apr. 11, 2020 2:10:14 P.M. hvl.projectparmorel.modelrepair.QModelFixer handleEpisode
INFO: EPISODE 17, STEP 1, Fixing error 44: The name 'null' is not well formed
apr. 11, 2020 2:10:14 P.M. hvl.projectparmorel.modelrepair.QModelFixer chooseAction
INFO: Choosing random action.
apr. 11, 2020 2:10:14 P.M. hvl.projectparmorel.modelrepair.QModelFixer handleStep
INFO: Chose action setName in context 0 with weight 100.0
apr. 11, 2020 2:10:14 P.M. hvl.projectparmorel.modelrepair.QModelFixer handleStep
INFO: Calculating new Q-value:
Old Q-value: 100.0
Alpha: 0.3341666666666667

Reward: 100
100.0 + 0.3341666666666667 * (100 - 100.0) = 100.0
apr. 11, 2020 2:10:14 P.M. hvl.projectparmorel.modelrepair.QModelFixer handleStep
INFO: Updated Q-table for error 44, context 0, action -801382182 setName to new weight 100.0
apr. 11, 2020 2:10:14 P.M. hvl.projectparmorel.modelrepair.QModelFixer handleEpisode
INFO: EPISODE 17 TOTAL REWARD 200



apr. 11, 2020 2:10:14 P.M. hvl.projectparmorel.modelrepair.QModelFixer handleEpisode
INFO: EPISODE 18, STEP 0, Fixing error 441: The name 'null' is not well formed
apr. 11, 2020 2:10:14 P.M. hvl.projectparmorel.modelrepair.QModelFixer chooseAction
INFO: Choosing random action.
apr. 11, 2020 2:10:14 P.M. hvl.projectparmorel.modelrepair.QModelFixer handleStep
INFO: Chose action delete in context 0 with weight -507.1932096499132
apr. 11, 2020 2:10:15 P.M. hvl.projectparmorel.modelrepair.QModelFixer handleStep
INFO: Next error code: 401
apr. 11, 2020 2:10:15 P.M. hvl.projectparmorel.modelrepair.QModelFixer handleStep
INFO: Calculating new Q-value:
Old Q-value: -507.1932096499132
Alpha: 0.29500000000000004
Gamma: 1.0
Reward: -1000
Next optimal action Q-value: 356.66666666666663
-507.1932096499132 + 0.29500000000000004 * (-1000 + 1.0 * 356.66666666666663 - -507.1932096499132) = -547.3545461365221
apr. 11, 2020 2:10:15 P.M. hvl.projectparmorel.modelrepair.QModelFixer handleStep
INFO: Updated Q-table for error 441, context 0, action 99999 delete to new weight -547.3545461365221


apr. 11, 2020 2:10:15 P.M. hvl.projectparmorel.modelrepair.QModelFixer handleEpisode
INFO: EPISODE 18, STEP 1, Fixing error 401: The typed element must have a type
apr. 11, 2020 2:10:15 P.M. hvl.projectparmorel.modelrepair.QModelFixer chooseAction
INFO: Choosing random action.
apr. 11, 2020 2:10:15 P.M. hvl.projectparmorel.modelrepair.QModelFixer handleStep
INFO: Chose action delete in context 0 with weight -929.3181277926845
apr. 11, 2020 2:10:15 P.M. hvl.projectparmorel.modelrepair.QModelFixer handleStep
INFO: Next error code: 44
apr. 11, 2020 2:10:15 P.M. hvl.projectparmorel.modelrepair.QModelFixer handleStep
INFO: Calculating new Q-value:
Old Q-value: -929.3181277926845
Alpha: 0.29500000000000004
Gamma: 1.0
Reward: -1000
Next optimal action Q-value: 100.0
-929.3181277926845 + 0.29500000000000004 * (-1000 + 1.0 * 100.0 - -929.3181277926845) = -920.6692800938426
apr. 11, 2020 2:10:15 P.M. hvl.projectparmorel.modelrepair.QModelFixer handleStep
INFO: Updated Q-table for error 401, context 0, action 99999 delete to new weight -920.6692800938426


apr. 11, 2020 2:10:15 P.M. hvl.projectparmorel.modelrepair.QModelFixer handleEpisode
INFO: EPISODE 18, STEP 2, Fixing error 44: The name 'null' is not well formed
apr. 11, 2020 2:10:15 P.M. hvl.projectparmorel.modelrepair.QModelFixer chooseAction
INFO: Choosing optimal action
apr. 11, 2020 2:10:15 P.M. hvl.projectparmorel.modelrepair.QModelFixer handleStep
INFO: Chose action setName in context 0 with weight 100.0
apr. 11, 2020 2:10:15 P.M. hvl.projectparmorel.modelrepair.QModelFixer handleStep
INFO: Calculating new Q-value:
Old Q-value: 100.0
Alpha: 0.29500000000000004

Reward: 100
100.0 + 0.29500000000000004 * (100 - 100.0) = 100.0
apr. 11, 2020 2:10:15 P.M. hvl.projectparmorel.modelrepair.QModelFixer handleStep
INFO: Updated Q-table for error 44, context 0, action -801382182 setName to new weight 100.0
apr. 11, 2020 2:10:15 P.M. hvl.projectparmorel.modelrepair.QModelFixer handleEpisode
INFO: EPISODE 18 TOTAL REWARD -1900



apr. 11, 2020 2:10:15 P.M. hvl.projectparmorel.modelrepair.QModelFixer handleEpisode
INFO: EPISODE 19, STEP 0, Fixing error 441: The name 'null' is not well formed
apr. 11, 2020 2:10:15 P.M. hvl.projectparmorel.modelrepair.QModelFixer chooseAction
INFO: Choosing random action.
apr. 11, 2020 2:10:15 P.M. hvl.projectparmorel.modelrepair.QModelFixer handleStep
INFO: Chose action setName in context 0 with weight 200.00000109077288
apr. 11, 2020 2:10:15 P.M. hvl.projectparmorel.modelrepair.QModelFixer handleStep
INFO: Next error code: 44
apr. 11, 2020 2:10:15 P.M. hvl.projectparmorel.modelrepair.QModelFixer handleStep
INFO: Calculating new Q-value:
Old Q-value: 200.00000109077288
Alpha: 0.25583333333333336
Gamma: 1.0
Reward: 100
Next optimal action Q-value: 100.0
200.00000109077288 + 0.25583333333333336 * (100 + 1.0 * 100.0 - 200.00000109077288) = 200.00000081171683
apr. 11, 2020 2:10:15 P.M. hvl.projectparmorel.modelrepair.QModelFixer handleStep
INFO: Updated Q-table for error 441, context 0, action -1193116178 setName to new weight 200.00000081171683


apr. 11, 2020 2:10:15 P.M. hvl.projectparmorel.modelrepair.QModelFixer handleEpisode
INFO: EPISODE 19, STEP 1, Fixing error 44: The name 'null' is not well formed
apr. 11, 2020 2:10:15 P.M. hvl.projectparmorel.modelrepair.QModelFixer chooseAction
INFO: Choosing optimal action
apr. 11, 2020 2:10:15 P.M. hvl.projectparmorel.modelrepair.QModelFixer handleStep
INFO: Chose action setName in context 0 with weight 100.0
apr. 11, 2020 2:10:15 P.M. hvl.projectparmorel.modelrepair.QModelFixer handleStep
INFO: Calculating new Q-value:
Old Q-value: 100.0
Alpha: 0.25583333333333336

Reward: 100
100.0 + 0.25583333333333336 * (100 - 100.0) = 100.0
apr. 11, 2020 2:10:15 P.M. hvl.projectparmorel.modelrepair.QModelFixer handleStep
INFO: Updated Q-table for error 44, context 0, action -801382182 setName to new weight 100.0
apr. 11, 2020 2:10:15 P.M. hvl.projectparmorel.modelrepair.QModelFixer handleEpisode
INFO: EPISODE 19 TOTAL REWARD 200



apr. 11, 2020 2:10:15 P.M. hvl.projectparmorel.modelrepair.QModelFixer handleEpisode
INFO: EPISODE 20, STEP 0, Fixing error 441: The name 'null' is not well formed
apr. 11, 2020 2:10:15 P.M. hvl.projectparmorel.modelrepair.QModelFixer chooseAction
INFO: Choosing random action.
apr. 11, 2020 2:10:15 P.M. hvl.projectparmorel.modelrepair.QModelFixer handleStep
INFO: Chose action setName in context 0 with weight 200.00000081171683
apr. 11, 2020 2:10:15 P.M. hvl.projectparmorel.modelrepair.QModelFixer handleStep
INFO: Next error code: 44
apr. 11, 2020 2:10:15 P.M. hvl.projectparmorel.modelrepair.QModelFixer handleStep
INFO: Calculating new Q-value:
Old Q-value: 200.00000081171683
Alpha: 0.21666666666666679
Gamma: 1.0
Reward: 100
Next optimal action Q-value: 100.0
200.00000081171683 + 0.21666666666666679 * (100 + 1.0 * 100.0 - 200.00000081171683) = 200.00000063584486
apr. 11, 2020 2:10:15 P.M. hvl.projectparmorel.modelrepair.QModelFixer handleStep
INFO: Updated Q-table for error 441, context 0, action -1193116178 setName to new weight 200.00000063584486


apr. 11, 2020 2:10:15 P.M. hvl.projectparmorel.modelrepair.QModelFixer handleEpisode
INFO: EPISODE 20, STEP 1, Fixing error 44: The name 'null' is not well formed
apr. 11, 2020 2:10:15 P.M. hvl.projectparmorel.modelrepair.QModelFixer chooseAction
INFO: Choosing random action.
apr. 11, 2020 2:10:15 P.M. hvl.projectparmorel.modelrepair.QModelFixer handleStep
INFO: Chose action setName in context 0 with weight 100.0
apr. 11, 2020 2:10:15 P.M. hvl.projectparmorel.modelrepair.QModelFixer handleStep
INFO: Calculating new Q-value:
Old Q-value: 100.0
Alpha: 0.21666666666666679

Reward: 100
100.0 + 0.21666666666666679 * (100 - 100.0) = 100.0
apr. 11, 2020 2:10:15 P.M. hvl.projectparmorel.modelrepair.QModelFixer handleStep
INFO: Updated Q-table for error 44, context 0, action -801382182 setName to new weight 100.0
apr. 11, 2020 2:10:15 P.M. hvl.projectparmorel.modelrepair.QModelFixer handleEpisode
INFO: EPISODE 20 TOTAL REWARD 200



apr. 11, 2020 2:10:15 P.M. hvl.projectparmorel.modelrepair.QModelFixer handleEpisode
INFO: EPISODE 21, STEP 0, Fixing error 441: The name 'null' is not well formed
apr. 11, 2020 2:10:15 P.M. hvl.projectparmorel.modelrepair.QModelFixer chooseAction
INFO: Choosing optimal action
apr. 11, 2020 2:10:15 P.M. hvl.projectparmorel.modelrepair.QModelFixer handleStep
INFO: Chose action setName in context 0 with weight 200.00000063584486
apr. 11, 2020 2:10:15 P.M. hvl.projectparmorel.modelrepair.QModelFixer handleStep
INFO: Next error code: 44
apr. 11, 2020 2:10:15 P.M. hvl.projectparmorel.modelrepair.QModelFixer handleStep
INFO: Calculating new Q-value:
Old Q-value: 200.00000063584486
Alpha: 0.1775000000000001
Gamma: 1.0
Reward: 100
Next optimal action Q-value: 100.0
200.00000063584486 + 0.1775000000000001 * (100 + 1.0 * 100.0 - 200.00000063584486) = 200.0000005229824
apr. 11, 2020 2:10:15 P.M. hvl.projectparmorel.modelrepair.QModelFixer handleStep
INFO: Updated Q-table for error 441, context 0, action -1193116178 setName to new weight 200.0000005229824


apr. 11, 2020 2:10:15 P.M. hvl.projectparmorel.modelrepair.QModelFixer handleEpisode
INFO: EPISODE 21, STEP 1, Fixing error 44: The name 'null' is not well formed
apr. 11, 2020 2:10:15 P.M. hvl.projectparmorel.modelrepair.QModelFixer chooseAction
INFO: Choosing optimal action
apr. 11, 2020 2:10:15 P.M. hvl.projectparmorel.modelrepair.QModelFixer handleStep
INFO: Chose action setName in context 0 with weight 100.0
apr. 11, 2020 2:10:15 P.M. hvl.projectparmorel.modelrepair.QModelFixer handleStep
INFO: Calculating new Q-value:
Old Q-value: 100.0
Alpha: 0.1775000000000001

Reward: 100
100.0 + 0.1775000000000001 * (100 - 100.0) = 100.0
apr. 11, 2020 2:10:15 P.M. hvl.projectparmorel.modelrepair.QModelFixer handleStep
INFO: Updated Q-table for error 44, context 0, action -801382182 setName to new weight 100.0
apr. 11, 2020 2:10:15 P.M. hvl.projectparmorel.modelrepair.QModelFixer handleEpisode
INFO: EPISODE 21 TOTAL REWARD 200



apr. 11, 2020 2:10:15 P.M. hvl.projectparmorel.modelrepair.QModelFixer handleEpisode
INFO: EPISODE 22, STEP 0, Fixing error 441: The name 'null' is not well formed
apr. 11, 2020 2:10:15 P.M. hvl.projectparmorel.modelrepair.QModelFixer chooseAction
INFO: Choosing optimal action
apr. 11, 2020 2:10:15 P.M. hvl.projectparmorel.modelrepair.QModelFixer handleStep
INFO: Chose action setName in context 0 with weight 200.0000005229824
apr. 11, 2020 2:10:15 P.M. hvl.projectparmorel.modelrepair.QModelFixer handleStep
INFO: Next error code: 44
apr. 11, 2020 2:10:15 P.M. hvl.projectparmorel.modelrepair.QModelFixer handleStep
INFO: Calculating new Q-value:
Old Q-value: 200.0000005229824
Alpha: 0.1383333333333333
Gamma: 1.0
Reward: 100
Next optimal action Q-value: 100.0
200.0000005229824 + 0.1383333333333333 * (100 + 1.0 * 100.0 - 200.0000005229824) = 200.0000004506365
apr. 11, 2020 2:10:15 P.M. hvl.projectparmorel.modelrepair.QModelFixer handleStep
INFO: Updated Q-table for error 441, context 0, action -1193116178 setName to new weight 200.0000004506365


apr. 11, 2020 2:10:15 P.M. hvl.projectparmorel.modelrepair.QModelFixer handleEpisode
INFO: EPISODE 22, STEP 1, Fixing error 44: The name 'null' is not well formed
apr. 11, 2020 2:10:15 P.M. hvl.projectparmorel.modelrepair.QModelFixer chooseAction
INFO: Choosing random action.
apr. 11, 2020 2:10:15 P.M. hvl.projectparmorel.modelrepair.QModelFixer handleStep
INFO: Chose action delete in context 0 with weight -999.693646062542
apr. 11, 2020 2:10:15 P.M. hvl.projectparmorel.modelrepair.QModelFixer handleStep
INFO: Calculating new Q-value:
Old Q-value: -999.693646062542
Alpha: 0.1383333333333333

Reward: -1000
-999.693646062542 + 0.1383333333333333 * (-1000 - -999.693646062542) = -999.7360250238904
apr. 11, 2020 2:10:15 P.M. hvl.projectparmorel.modelrepair.QModelFixer handleStep
INFO: Updated Q-table for error 44, context 0, action 99999 delete to new weight -999.7360250238904
apr. 11, 2020 2:10:15 P.M. hvl.projectparmorel.modelrepair.QModelFixer handleEpisode
INFO: EPISODE 22 TOTAL REWARD -900



apr. 11, 2020 2:10:15 P.M. hvl.projectparmorel.modelrepair.QModelFixer handleEpisode
INFO: EPISODE 23, STEP 0, Fixing error 441: The name 'null' is not well formed
apr. 11, 2020 2:10:15 P.M. hvl.projectparmorel.modelrepair.QModelFixer chooseAction
INFO: Choosing optimal action
apr. 11, 2020 2:10:15 P.M. hvl.projectparmorel.modelrepair.QModelFixer handleStep
INFO: Chose action setName in context 0 with weight 200.0000004506365
apr. 11, 2020 2:10:15 P.M. hvl.projectparmorel.modelrepair.QModelFixer handleStep
INFO: Next error code: 44
apr. 11, 2020 2:10:15 P.M. hvl.projectparmorel.modelrepair.QModelFixer handleStep
INFO: Calculating new Q-value:
Old Q-value: 200.0000004506365
Alpha: 0.09916666666666674
Gamma: 1.0
Reward: 100
Next optimal action Q-value: 100.0
200.0000004506365 + 0.09916666666666674 * (100 + 1.0 * 100.0 - 200.0000004506365) = 200.00000040594838
apr. 11, 2020 2:10:15 P.M. hvl.projectparmorel.modelrepair.QModelFixer handleStep
INFO: Updated Q-table for error 441, context 0, action -1193116178 setName to new weight 200.00000040594838


apr. 11, 2020 2:10:15 P.M. hvl.projectparmorel.modelrepair.QModelFixer handleEpisode
INFO: EPISODE 23, STEP 1, Fixing error 44: The name 'null' is not well formed
apr. 11, 2020 2:10:15 P.M. hvl.projectparmorel.modelrepair.QModelFixer chooseAction
INFO: Choosing optimal action
apr. 11, 2020 2:10:15 P.M. hvl.projectparmorel.modelrepair.QModelFixer handleStep
INFO: Chose action setName in context 0 with weight 100.0
apr. 11, 2020 2:10:15 P.M. hvl.projectparmorel.modelrepair.QModelFixer handleStep
INFO: Calculating new Q-value:
Old Q-value: 100.0
Alpha: 0.09916666666666674

Reward: 100
100.0 + 0.09916666666666674 * (100 - 100.0) = 100.0
apr. 11, 2020 2:10:15 P.M. hvl.projectparmorel.modelrepair.QModelFixer handleStep
INFO: Updated Q-table for error 44, context 0, action -801382182 setName to new weight 100.0
apr. 11, 2020 2:10:15 P.M. hvl.projectparmorel.modelrepair.QModelFixer handleEpisode
INFO: EPISODE 23 TOTAL REWARD 200



apr. 11, 2020 2:10:15 P.M. hvl.projectparmorel.modelrepair.QModelFixer handleEpisode
INFO: EPISODE 24, STEP 0, Fixing error 441: The name 'null' is not well formed
apr. 11, 2020 2:10:15 P.M. hvl.projectparmorel.modelrepair.QModelFixer chooseAction
INFO: Choosing random action.
apr. 11, 2020 2:10:15 P.M. hvl.projectparmorel.modelrepair.QModelFixer handleStep
INFO: Chose action delete in context 0 with weight -547.3545461365221
apr. 11, 2020 2:10:15 P.M. hvl.projectparmorel.modelrepair.QModelFixer handleStep
INFO: Next error code: 401
apr. 11, 2020 2:10:15 P.M. hvl.projectparmorel.modelrepair.QModelFixer handleStep
INFO: Calculating new Q-value:
Old Q-value: -547.3545461365221
Alpha: 0.06000000000000005
Gamma: 1.0
Reward: -1000
Next optimal action Q-value: 356.66666666666663
-547.3545461365221 + 0.06000000000000005 * (-1000 + 1.0 * 356.66666666666663 - -547.3545461365221) = -553.1132733683309
apr. 11, 2020 2:10:15 P.M. hvl.projectparmorel.modelrepair.QModelFixer handleStep
INFO: Updated Q-table for error 441, context 0, action 99999 delete to new weight -553.1132733683309


apr. 11, 2020 2:10:15 P.M. hvl.projectparmorel.modelrepair.QModelFixer handleEpisode
INFO: EPISODE 24, STEP 1, Fixing error 401: The typed element must have a type
apr. 11, 2020 2:10:15 P.M. hvl.projectparmorel.modelrepair.QModelFixer chooseAction
INFO: Choosing optimal action
apr. 11, 2020 2:10:15 P.M. hvl.projectparmorel.modelrepair.QModelFixer handleStep
INFO: Chose action setEType in context 0 with weight 356.66666666666663
apr. 11, 2020 2:10:15 P.M. hvl.projectparmorel.modelrepair.QModelFixer handleStep
INFO: Next error code: 44
apr. 11, 2020 2:10:15 P.M. hvl.projectparmorel.modelrepair.QModelFixer handleStep
INFO: Calculating new Q-value:
Old Q-value: 356.66666666666663
Alpha: 0.06000000000000005
Gamma: 1.0
Reward: 100
Next optimal action Q-value: 100.0
356.66666666666663 + 0.06000000000000005 * (100 + 1.0 * 100.0 - 356.66666666666663) = 347.26666666666665
apr. 11, 2020 2:10:15 P.M. hvl.projectparmorel.modelrepair.QModelFixer handleStep
INFO: Updated Q-table for error 401, context 0, action 591449609 setEType to new weight 347.26666666666665


apr. 11, 2020 2:10:15 P.M. hvl.projectparmorel.modelrepair.QModelFixer handleEpisode
INFO: EPISODE 24, STEP 2, Fixing error 44: The name 'null' is not well formed
apr. 11, 2020 2:10:15 P.M. hvl.projectparmorel.modelrepair.QModelFixer chooseAction
INFO: Choosing random action.
apr. 11, 2020 2:10:15 P.M. hvl.projectparmorel.modelrepair.QModelFixer handleStep
INFO: Chose action setName in context 0 with weight 100.0
apr. 11, 2020 2:10:15 P.M. hvl.projectparmorel.modelrepair.QModelFixer handleStep
INFO: Calculating new Q-value:
Old Q-value: 100.0
Alpha: 0.06000000000000005

Reward: 100
100.0 + 0.06000000000000005 * (100 - 100.0) = 100.0
apr. 11, 2020 2:10:15 P.M. hvl.projectparmorel.modelrepair.QModelFixer handleStep
INFO: Updated Q-table for error 44, context 0, action -801382182 setName to new weight 100.0
apr. 11, 2020 2:10:15 P.M. hvl.projectparmorel.modelrepair.QModelFixer handleEpisode
INFO: EPISODE 24 TOTAL REWARD -800



apr. 11, 2020 2:10:15 P.M. hvl.projectparmorel.modelrepair.QModelFixer fixModel
INFO: Time repairing model: 1662 ms
apr. 11, 2020 2:10:15 P.M. hvl.projectparmorel.modelrepair.QModelFixer fixModel
INFO: 
-----------------ALL SEQUENCES FOUND-------------------
SIZE: 4
DISCARDED SEQUENCES: 21
--------::::B E S T   S E Q U E N C E   I S::::---------
Sequence [id=0, seq=[ErrorAction [Error: 441 The name 'null' is not well formed, Action: setName, Error hierarchy: 0]
, ErrorAction [Error: 44 The name 'null' is not well formed, Action: setName, Error hierarchy: 0]
], weight=200.0]

 with 2 actions.
apr. 11, 2020 2:10:15 P.M. hvl.projectparmorel.knowledge.Knowledge save
INFO: Saving initialized
apr. 11, 2020 2:10:15 P.M. hvl.projectparmorel.knowledge.Knowledge save
INFO: document prepared
apr. 11, 2020 2:10:15 P.M. hvl.projectparmorel.knowledge.Knowledge save
INFO: Saving completed to /Users/Magnus/Skole/DAT300/EclipseWorkspace2/ParmorelRunnable/knowledge.xml
apr. 11, 2020 2:10:15 P.M. hvl.projectparmorel.knowledge.Knowledge save
INFO: Saving initialized
apr. 11, 2020 2:10:15 P.M. hvl.projectparmorel.knowledge.Knowledge save
INFO: document prepared
apr. 11, 2020 2:10:15 P.M. hvl.projectparmorel.knowledge.Knowledge save
INFO: Saving completed to /Users/Magnus/Skole/DAT300/EclipseWorkspace2/ParmorelRunnable/knowledge.xml
