mai 06, 2020 10:30:39 A.M. hvl.projectparmorel.qlearning.QModelFixer fixModel
INFO: Repairing order.ecore
mai 06, 2020 10:30:39 A.M. hvl.projectparmorel.qlearning.QModelFixer fixModel
INFO: Running with preferences [PREFER_CLOSE_DISTANCE_TO_ORIGINAL, PREFER_REUSE]
mai 06, 2020 10:30:39 A.M. hvl.projectparmorel.qlearning.QModelFixer fixModel
INFO: Initial number of errors in model: 1
Maximum number of steps per episode: 12
Errors to fix: [Error 29, message=There may not be two classifiers named 'Item' in package 0
]
mai 06, 2020 10:30:39 A.M. hvl.projectparmorel.qlearning.QModelFixer fixModel
INFO: Initializing Q-table for the errors.
mai 06, 2020 10:30:39 A.M. hvl.projectparmorel.qlearning.QModelFixer fixModel
INFO: Number of episodes: 25
mai 06, 2020 10:30:39 A.M. hvl.projectparmorel.qlearning.QModelFixer handleEpisode
INFO: EPISODE 0, STEP 0, Fixing error 29: There may not be two classifiers named 'Item'
mai 06, 2020 10:30:39 A.M. hvl.projectparmorel.qlearning.QModelFixer chooseAction
INFO: Choosing optimal action
mai 06, 2020 10:30:39 A.M. hvl.projectparmorel.qlearning.QModelFixer handleStep
INFO: Chose action setName in context 2 with weight 300.0
mai 06, 2020 10:30:39 A.M. hvl.projectparmorel.qlearning.QModelFixer updateQTable
INFO: Calculating new Q-value:
Old Q-value: 300.0
Alpha: 1.0
Gamma:1.0

Reward: -2
300.0 + 1.0 * (-2 + 1.0 - 300.0) = -1.0
mai 06, 2020 10:30:39 A.M. hvl.projectparmorel.qlearning.QModelFixer updateQTable
INFO: Updated Q-table for error 29, context 2, action -1193116178 to new weight -1.0
mai 06, 2020 10:30:39 A.M. hvl.projectparmorel.ecore.EcoreSolution calculateDistanceFromOriginal
INFO: Calculated the distance between the models to 33.0
mai 06, 2020 10:30:39 A.M. hvl.projectparmorel.reward.PreferCloseDinstanceToOriginalPreference rewardcalculateRewardFor
INFO: Time to measure distance: 6 ms
mai 06, 2020 10:30:39 A.M. hvl.projectparmorel.qlearning.QModelFixer updateQTable
INFO: Calculating new Q-value:
Old Q-value: -1.0
Alpha: 1.0
Gamma:1.0

Reward: 33
-1.0 + 1.0 * (33 + 1.0 - -1.0) = 34.0
mai 06, 2020 10:30:39 A.M. hvl.projectparmorel.qlearning.QModelFixer updateQTable
INFO: Updated Q-table for error 29, context 2, action -1193116178 to new weight 34.0
mai 06, 2020 10:30:41 A.M. hvl.projectparmorel.reward.PreferReuse rewardcalculateRewardFor
INFO: Time to get metric: 1943 ms
mai 06, 2020 10:30:41 A.M. hvl.projectparmorel.qlearning.QModelFixer fixModel
INFO: Solution added to possible solitons: [ErrorAction [Error: 29 There may not be two classifiers named 'Item', Action: setName, Error hierarchy: 2]
]
mai 06, 2020 10:30:41 A.M. hvl.projectparmorel.qlearning.QModelFixer fixModel
INFO: EPISODE 0 TOTAL REWARD 31.0



mai 06, 2020 10:30:41 A.M. hvl.projectparmorel.qlearning.QModelFixer handleEpisode
INFO: EPISODE 1, STEP 0, Fixing error 29: There may not be two classifiers named 'Item'
mai 06, 2020 10:30:41 A.M. hvl.projectparmorel.qlearning.QModelFixer chooseAction
INFO: Choosing optimal action
mai 06, 2020 10:30:41 A.M. hvl.projectparmorel.qlearning.QModelFixer handleStep
INFO: Chose action setName in context 1 with weight 0.0
mai 06, 2020 10:30:41 A.M. hvl.projectparmorel.qlearning.QModelFixer updateQTable
INFO: Calculating new Q-value:
Old Q-value: 0.0
Alpha: 1.0
Gamma:1.0

Reward: -2
0.0 + 1.0 * (-2 + 1.0 - 0.0) = -1.0
mai 06, 2020 10:30:41 A.M. hvl.projectparmorel.qlearning.QModelFixer updateQTable
INFO: Updated Q-table for error 29, context 1, action -1193116178 to new weight -1.0
mai 06, 2020 10:30:41 A.M. hvl.projectparmorel.ecore.EcoreSolution calculateDistanceFromOriginal
INFO: Calculated the distance between the models to 33.0
mai 06, 2020 10:30:41 A.M. hvl.projectparmorel.reward.PreferCloseDinstanceToOriginalPreference rewardcalculateRewardFor
INFO: Time to measure distance: 6 ms
mai 06, 2020 10:30:41 A.M. hvl.projectparmorel.qlearning.QModelFixer updateQTable
INFO: Calculating new Q-value:
Old Q-value: -1.0
Alpha: 1.0
Gamma:1.0

Reward: 33
-1.0 + 1.0 * (33 + 1.0 - -1.0) = 34.0
mai 06, 2020 10:30:41 A.M. hvl.projectparmorel.qlearning.QModelFixer updateQTable
INFO: Updated Q-table for error 29, context 1, action -1193116178 to new weight 34.0
mai 06, 2020 10:30:43 A.M. hvl.projectparmorel.reward.PreferReuse rewardcalculateRewardFor
INFO: Time to get metric: 1852 ms
mai 06, 2020 10:30:43 A.M. hvl.projectparmorel.qlearning.QModelFixer fixModel
INFO: Solution added to possible solitons: [ErrorAction [Error: 29 There may not be two classifiers named 'Item', Action: setName, Error hierarchy: 1]
]
mai 06, 2020 10:30:43 A.M. hvl.projectparmorel.qlearning.QModelFixer fixModel
INFO: EPISODE 1 TOTAL REWARD 31.0



mai 06, 2020 10:30:43 A.M. hvl.projectparmorel.qlearning.QModelFixer handleEpisode
INFO: EPISODE 2, STEP 0, Fixing error 29: There may not be two classifiers named 'Item'
mai 06, 2020 10:30:43 A.M. hvl.projectparmorel.qlearning.QModelFixer chooseAction
INFO: Choosing optimal action
mai 06, 2020 10:30:43 A.M. hvl.projectparmorel.qlearning.QModelFixer handleStep
INFO: Chose action setName in context 1 with weight 0.0
mai 06, 2020 10:30:43 A.M. hvl.projectparmorel.qlearning.QModelFixer updateQTable
INFO: Calculating new Q-value:
Old Q-value: 0.0
Alpha: 1.0
Gamma:1.0

Reward: -2
0.0 + 1.0 * (-2 + 1.0 - 0.0) = -1.0
mai 06, 2020 10:30:43 A.M. hvl.projectparmorel.qlearning.QModelFixer updateQTable
INFO: Updated Q-table for error 29, context 1, action -1193116178 to new weight -1.0
mai 06, 2020 10:30:43 A.M. hvl.projectparmorel.ecore.EcoreSolution calculateDistanceFromOriginal
INFO: Calculated the distance between the models to 33.0
mai 06, 2020 10:30:43 A.M. hvl.projectparmorel.reward.PreferCloseDinstanceToOriginalPreference rewardcalculateRewardFor
INFO: Time to measure distance: 6 ms
mai 06, 2020 10:30:43 A.M. hvl.projectparmorel.qlearning.QModelFixer updateQTable
INFO: Calculating new Q-value:
Old Q-value: -1.0
Alpha: 1.0
Gamma:1.0

Reward: 33
-1.0 + 1.0 * (33 + 1.0 - -1.0) = 34.0
mai 06, 2020 10:30:43 A.M. hvl.projectparmorel.qlearning.QModelFixer updateQTable
INFO: Updated Q-table for error 29, context 1, action -1193116178 to new weight 34.0
mai 06, 2020 10:30:45 A.M. hvl.projectparmorel.reward.PreferReuse rewardcalculateRewardFor
INFO: Time to get metric: 1922 ms
mai 06, 2020 10:30:45 A.M. hvl.projectparmorel.qlearning.QModelFixer isUnique
INFO: Solution [ErrorAction [Error: 29 There may not be two classifiers named 'Item', Action: setName, Error hierarchy: 1]
] already exists.
mai 06, 2020 10:30:45 A.M. hvl.projectparmorel.qlearning.QModelFixer fixModel
INFO: Solution discarded.
mai 06, 2020 10:30:45 A.M. hvl.projectparmorel.qlearning.QModelFixer fixModel
INFO: EPISODE 2 TOTAL REWARD 31.0



mai 06, 2020 10:30:45 A.M. hvl.projectparmorel.qlearning.QModelFixer handleEpisode
INFO: EPISODE 3, STEP 0, Fixing error 29: There may not be two classifiers named 'Item'
mai 06, 2020 10:30:45 A.M. hvl.projectparmorel.qlearning.QModelFixer chooseAction
INFO: Choosing optimal action
mai 06, 2020 10:30:45 A.M. hvl.projectparmorel.qlearning.QModelFixer handleStep
INFO: Chose action setName in context 1 with weight 0.0
mai 06, 2020 10:30:45 A.M. hvl.projectparmorel.qlearning.QModelFixer updateQTable
INFO: Calculating new Q-value:
Old Q-value: 0.0
Alpha: 1.0
Gamma:1.0

Reward: -2
0.0 + 1.0 * (-2 + 1.0 - 0.0) = -1.0
mai 06, 2020 10:30:45 A.M. hvl.projectparmorel.qlearning.QModelFixer updateQTable
INFO: Updated Q-table for error 29, context 1, action -1193116178 to new weight -1.0
mai 06, 2020 10:30:45 A.M. hvl.projectparmorel.ecore.EcoreSolution calculateDistanceFromOriginal
INFO: Calculated the distance between the models to 33.0
mai 06, 2020 10:30:45 A.M. hvl.projectparmorel.reward.PreferCloseDinstanceToOriginalPreference rewardcalculateRewardFor
INFO: Time to measure distance: 7 ms
mai 06, 2020 10:30:45 A.M. hvl.projectparmorel.qlearning.QModelFixer updateQTable
INFO: Calculating new Q-value:
Old Q-value: -1.0
Alpha: 1.0
Gamma:1.0

Reward: 33
-1.0 + 1.0 * (33 + 1.0 - -1.0) = 34.0
mai 06, 2020 10:30:45 A.M. hvl.projectparmorel.qlearning.QModelFixer updateQTable
INFO: Updated Q-table for error 29, context 1, action -1193116178 to new weight 34.0
mai 06, 2020 10:30:47 A.M. hvl.projectparmorel.reward.PreferReuse rewardcalculateRewardFor
INFO: Time to get metric: 2087 ms
mai 06, 2020 10:30:47 A.M. hvl.projectparmorel.qlearning.QModelFixer isUnique
INFO: Solution [ErrorAction [Error: 29 There may not be two classifiers named 'Item', Action: setName, Error hierarchy: 1]
] already exists.
mai 06, 2020 10:30:47 A.M. hvl.projectparmorel.qlearning.QModelFixer fixModel
INFO: Solution discarded.
mai 06, 2020 10:30:47 A.M. hvl.projectparmorel.qlearning.QModelFixer fixModel
INFO: EPISODE 3 TOTAL REWARD 31.0



mai 06, 2020 10:30:47 A.M. hvl.projectparmorel.qlearning.QModelFixer handleEpisode
INFO: EPISODE 4, STEP 0, Fixing error 29: There may not be two classifiers named 'Item'
mai 06, 2020 10:30:47 A.M. hvl.projectparmorel.qlearning.QModelFixer chooseAction
INFO: Choosing optimal action
mai 06, 2020 10:30:47 A.M. hvl.projectparmorel.qlearning.QModelFixer handleStep
INFO: Chose action setName in context 1 with weight 0.0
mai 06, 2020 10:30:47 A.M. hvl.projectparmorel.qlearning.QModelFixer updateQTable
INFO: Calculating new Q-value:
Old Q-value: 0.0
Alpha: 1.0
Gamma:1.0

Reward: -2
0.0 + 1.0 * (-2 + 1.0 - 0.0) = -1.0
mai 06, 2020 10:30:47 A.M. hvl.projectparmorel.qlearning.QModelFixer updateQTable
INFO: Updated Q-table for error 29, context 1, action -1193116178 to new weight -1.0
mai 06, 2020 10:30:47 A.M. hvl.projectparmorel.ecore.EcoreSolution calculateDistanceFromOriginal
INFO: Calculated the distance between the models to 33.0
mai 06, 2020 10:30:47 A.M. hvl.projectparmorel.reward.PreferCloseDinstanceToOriginalPreference rewardcalculateRewardFor
INFO: Time to measure distance: 8 ms
mai 06, 2020 10:30:47 A.M. hvl.projectparmorel.qlearning.QModelFixer updateQTable
INFO: Calculating new Q-value:
Old Q-value: -1.0
Alpha: 1.0
Gamma:1.0

Reward: 33
-1.0 + 1.0 * (33 + 1.0 - -1.0) = 34.0
mai 06, 2020 10:30:47 A.M. hvl.projectparmorel.qlearning.QModelFixer updateQTable
INFO: Updated Q-table for error 29, context 1, action -1193116178 to new weight 34.0
mai 06, 2020 10:30:49 A.M. hvl.projectparmorel.reward.PreferReuse rewardcalculateRewardFor
INFO: Time to get metric: 2002 ms
mai 06, 2020 10:30:49 A.M. hvl.projectparmorel.qlearning.QModelFixer isUnique
INFO: Solution [ErrorAction [Error: 29 There may not be two classifiers named 'Item', Action: setName, Error hierarchy: 1]
] already exists.
mai 06, 2020 10:30:49 A.M. hvl.projectparmorel.qlearning.QModelFixer fixModel
INFO: Solution discarded.
mai 06, 2020 10:30:49 A.M. hvl.projectparmorel.qlearning.QModelFixer fixModel
INFO: EPISODE 4 TOTAL REWARD 31.0



mai 06, 2020 10:30:49 A.M. hvl.projectparmorel.qlearning.QModelFixer handleEpisode
INFO: EPISODE 5, STEP 0, Fixing error 29: There may not be two classifiers named 'Item'
mai 06, 2020 10:30:49 A.M. hvl.projectparmorel.qlearning.QModelFixer chooseAction
INFO: Choosing optimal action
mai 06, 2020 10:30:49 A.M. hvl.projectparmorel.qlearning.QModelFixer handleStep
INFO: Chose action setName in context 1 with weight 0.0
mai 06, 2020 10:30:49 A.M. hvl.projectparmorel.qlearning.QModelFixer updateQTable
INFO: Calculating new Q-value:
Old Q-value: 0.0
Alpha: 1.0
Gamma:1.0

Reward: -2
0.0 + 1.0 * (-2 + 1.0 - 0.0) = -1.0
mai 06, 2020 10:30:49 A.M. hvl.projectparmorel.qlearning.QModelFixer updateQTable
INFO: Updated Q-table for error 29, context 1, action -1193116178 to new weight -1.0
mai 06, 2020 10:30:49 A.M. hvl.projectparmorel.ecore.EcoreSolution calculateDistanceFromOriginal
INFO: Calculated the distance between the models to 33.0
mai 06, 2020 10:30:49 A.M. hvl.projectparmorel.reward.PreferCloseDinstanceToOriginalPreference rewardcalculateRewardFor
INFO: Time to measure distance: 7 ms
mai 06, 2020 10:30:49 A.M. hvl.projectparmorel.qlearning.QModelFixer updateQTable
INFO: Calculating new Q-value:
Old Q-value: -1.0
Alpha: 1.0
Gamma:1.0

Reward: 33
-1.0 + 1.0 * (33 + 1.0 - -1.0) = 34.0
mai 06, 2020 10:30:49 A.M. hvl.projectparmorel.qlearning.QModelFixer updateQTable
INFO: Updated Q-table for error 29, context 1, action -1193116178 to new weight 34.0
mai 06, 2020 10:30:51 A.M. hvl.projectparmorel.reward.PreferReuse rewardcalculateRewardFor
INFO: Time to get metric: 1835 ms
mai 06, 2020 10:30:51 A.M. hvl.projectparmorel.qlearning.QModelFixer isUnique
INFO: Solution [ErrorAction [Error: 29 There may not be two classifiers named 'Item', Action: setName, Error hierarchy: 1]
] already exists.
mai 06, 2020 10:30:51 A.M. hvl.projectparmorel.qlearning.QModelFixer fixModel
INFO: Solution discarded.
mai 06, 2020 10:30:51 A.M. hvl.projectparmorel.qlearning.QModelFixer fixModel
INFO: EPISODE 5 TOTAL REWARD 31.0



mai 06, 2020 10:30:51 A.M. hvl.projectparmorel.qlearning.QModelFixer handleEpisode
INFO: EPISODE 6, STEP 0, Fixing error 29: There may not be two classifiers named 'Item'
mai 06, 2020 10:30:51 A.M. hvl.projectparmorel.qlearning.QModelFixer chooseAction
INFO: Choosing optimal action
mai 06, 2020 10:30:51 A.M. hvl.projectparmorel.qlearning.QModelFixer handleStep
INFO: Chose action setName in context 1 with weight 0.0
mai 06, 2020 10:30:51 A.M. hvl.projectparmorel.qlearning.QModelFixer updateQTable
INFO: Calculating new Q-value:
Old Q-value: 0.0
Alpha: 1.0
Gamma:1.0

Reward: -2
0.0 + 1.0 * (-2 + 1.0 - 0.0) = -1.0
mai 06, 2020 10:30:51 A.M. hvl.projectparmorel.qlearning.QModelFixer updateQTable
INFO: Updated Q-table for error 29, context 1, action -1193116178 to new weight -1.0
mai 06, 2020 10:30:51 A.M. hvl.projectparmorel.ecore.EcoreSolution calculateDistanceFromOriginal
INFO: Calculated the distance between the models to 33.0
mai 06, 2020 10:30:51 A.M. hvl.projectparmorel.reward.PreferCloseDinstanceToOriginalPreference rewardcalculateRewardFor
INFO: Time to measure distance: 7 ms
mai 06, 2020 10:30:51 A.M. hvl.projectparmorel.qlearning.QModelFixer updateQTable
INFO: Calculating new Q-value:
Old Q-value: -1.0
Alpha: 1.0
Gamma:1.0

Reward: 33
-1.0 + 1.0 * (33 + 1.0 - -1.0) = 34.0
mai 06, 2020 10:30:51 A.M. hvl.projectparmorel.qlearning.QModelFixer updateQTable
INFO: Updated Q-table for error 29, context 1, action -1193116178 to new weight 34.0
mai 06, 2020 10:30:52 A.M. hvl.projectparmorel.reward.PreferReuse rewardcalculateRewardFor
INFO: Time to get metric: 1878 ms
mai 06, 2020 10:30:52 A.M. hvl.projectparmorel.qlearning.QModelFixer isUnique
INFO: Solution [ErrorAction [Error: 29 There may not be two classifiers named 'Item', Action: setName, Error hierarchy: 1]
] already exists.
mai 06, 2020 10:30:52 A.M. hvl.projectparmorel.qlearning.QModelFixer fixModel
INFO: Solution discarded.
mai 06, 2020 10:30:52 A.M. hvl.projectparmorel.qlearning.QModelFixer fixModel
INFO: EPISODE 6 TOTAL REWARD 31.0



mai 06, 2020 10:30:52 A.M. hvl.projectparmorel.qlearning.QModelFixer handleEpisode
INFO: EPISODE 7, STEP 0, Fixing error 29: There may not be two classifiers named 'Item'
mai 06, 2020 10:30:52 A.M. hvl.projectparmorel.qlearning.QModelFixer chooseAction
INFO: Choosing optimal action
mai 06, 2020 10:30:52 A.M. hvl.projectparmorel.qlearning.QModelFixer handleStep
INFO: Chose action setName in context 1 with weight 0.0
mai 06, 2020 10:30:52 A.M. hvl.projectparmorel.qlearning.QModelFixer updateQTable
INFO: Calculating new Q-value:
Old Q-value: 0.0
Alpha: 1.0
Gamma:1.0

Reward: -2
0.0 + 1.0 * (-2 + 1.0 - 0.0) = -1.0
mai 06, 2020 10:30:52 A.M. hvl.projectparmorel.qlearning.QModelFixer updateQTable
INFO: Updated Q-table for error 29, context 1, action -1193116178 to new weight -1.0
mai 06, 2020 10:30:52 A.M. hvl.projectparmorel.ecore.EcoreSolution calculateDistanceFromOriginal
INFO: Calculated the distance between the models to 33.0
mai 06, 2020 10:30:52 A.M. hvl.projectparmorel.reward.PreferCloseDinstanceToOriginalPreference rewardcalculateRewardFor
INFO: Time to measure distance: 6 ms
mai 06, 2020 10:30:52 A.M. hvl.projectparmorel.qlearning.QModelFixer updateQTable
INFO: Calculating new Q-value:
Old Q-value: -1.0
Alpha: 1.0
Gamma:1.0

Reward: 33
-1.0 + 1.0 * (33 + 1.0 - -1.0) = 34.0
mai 06, 2020 10:30:52 A.M. hvl.projectparmorel.qlearning.QModelFixer updateQTable
INFO: Updated Q-table for error 29, context 1, action -1193116178 to new weight 34.0
mai 06, 2020 10:30:54 A.M. hvl.projectparmorel.reward.PreferReuse rewardcalculateRewardFor
INFO: Time to get metric: 1841 ms
mai 06, 2020 10:30:54 A.M. hvl.projectparmorel.qlearning.QModelFixer isUnique
INFO: Solution [ErrorAction [Error: 29 There may not be two classifiers named 'Item', Action: setName, Error hierarchy: 1]
] already exists.
mai 06, 2020 10:30:54 A.M. hvl.projectparmorel.qlearning.QModelFixer fixModel
INFO: Solution discarded.
mai 06, 2020 10:30:54 A.M. hvl.projectparmorel.qlearning.QModelFixer fixModel
INFO: EPISODE 7 TOTAL REWARD 31.0



mai 06, 2020 10:30:54 A.M. hvl.projectparmorel.qlearning.QModelFixer handleEpisode
INFO: EPISODE 8, STEP 0, Fixing error 29: There may not be two classifiers named 'Item'
mai 06, 2020 10:30:54 A.M. hvl.projectparmorel.qlearning.QModelFixer chooseAction
INFO: Choosing optimal action
mai 06, 2020 10:30:54 A.M. hvl.projectparmorel.qlearning.QModelFixer handleStep
INFO: Chose action setName in context 1 with weight 0.0
mai 06, 2020 10:30:54 A.M. hvl.projectparmorel.qlearning.QModelFixer updateQTable
INFO: Calculating new Q-value:
Old Q-value: 0.0
Alpha: 1.0
Gamma:1.0

Reward: -2
0.0 + 1.0 * (-2 + 1.0 - 0.0) = -1.0
mai 06, 2020 10:30:54 A.M. hvl.projectparmorel.qlearning.QModelFixer updateQTable
INFO: Updated Q-table for error 29, context 1, action -1193116178 to new weight -1.0
mai 06, 2020 10:30:54 A.M. hvl.projectparmorel.ecore.EcoreSolution calculateDistanceFromOriginal
INFO: Calculated the distance between the models to 33.0
mai 06, 2020 10:30:54 A.M. hvl.projectparmorel.reward.PreferCloseDinstanceToOriginalPreference rewardcalculateRewardFor
INFO: Time to measure distance: 6 ms
mai 06, 2020 10:30:54 A.M. hvl.projectparmorel.qlearning.QModelFixer updateQTable
INFO: Calculating new Q-value:
Old Q-value: -1.0
Alpha: 1.0
Gamma:1.0

Reward: 33
-1.0 + 1.0 * (33 + 1.0 - -1.0) = 34.0
mai 06, 2020 10:30:54 A.M. hvl.projectparmorel.qlearning.QModelFixer updateQTable
INFO: Updated Q-table for error 29, context 1, action -1193116178 to new weight 34.0
mai 06, 2020 10:30:56 A.M. hvl.projectparmorel.reward.PreferReuse rewardcalculateRewardFor
INFO: Time to get metric: 1934 ms
mai 06, 2020 10:30:56 A.M. hvl.projectparmorel.qlearning.QModelFixer isUnique
INFO: Solution [ErrorAction [Error: 29 There may not be two classifiers named 'Item', Action: setName, Error hierarchy: 1]
] already exists.
mai 06, 2020 10:30:56 A.M. hvl.projectparmorel.qlearning.QModelFixer fixModel
INFO: Solution discarded.
mai 06, 2020 10:30:56 A.M. hvl.projectparmorel.qlearning.QModelFixer fixModel
INFO: EPISODE 8 TOTAL REWARD 31.0



mai 06, 2020 10:30:56 A.M. hvl.projectparmorel.qlearning.QModelFixer handleEpisode
INFO: EPISODE 9, STEP 0, Fixing error 29: There may not be two classifiers named 'Item'
mai 06, 2020 10:30:56 A.M. hvl.projectparmorel.qlearning.QModelFixer chooseAction
INFO: Choosing optimal action
mai 06, 2020 10:30:56 A.M. hvl.projectparmorel.qlearning.QModelFixer handleStep
INFO: Chose action setName in context 1 with weight 0.0
mai 06, 2020 10:30:56 A.M. hvl.projectparmorel.qlearning.QModelFixer updateQTable
INFO: Calculating new Q-value:
Old Q-value: 0.0
Alpha: 1.0
Gamma:1.0

Reward: -2
0.0 + 1.0 * (-2 + 1.0 - 0.0) = -1.0
mai 06, 2020 10:30:56 A.M. hvl.projectparmorel.qlearning.QModelFixer updateQTable
INFO: Updated Q-table for error 29, context 1, action -1193116178 to new weight -1.0
mai 06, 2020 10:30:56 A.M. hvl.projectparmorel.ecore.EcoreSolution calculateDistanceFromOriginal
INFO: Calculated the distance between the models to 33.0
mai 06, 2020 10:30:56 A.M. hvl.projectparmorel.reward.PreferCloseDinstanceToOriginalPreference rewardcalculateRewardFor
INFO: Time to measure distance: 6 ms
mai 06, 2020 10:30:56 A.M. hvl.projectparmorel.qlearning.QModelFixer updateQTable
INFO: Calculating new Q-value:
Old Q-value: -1.0
Alpha: 1.0
Gamma:1.0

Reward: 33
-1.0 + 1.0 * (33 + 1.0 - -1.0) = 34.0
mai 06, 2020 10:30:56 A.M. hvl.projectparmorel.qlearning.QModelFixer updateQTable
INFO: Updated Q-table for error 29, context 1, action -1193116178 to new weight 34.0
mai 06, 2020 10:30:58 A.M. hvl.projectparmorel.reward.PreferReuse rewardcalculateRewardFor
INFO: Time to get metric: 1832 ms
mai 06, 2020 10:30:58 A.M. hvl.projectparmorel.qlearning.QModelFixer isUnique
INFO: Solution [ErrorAction [Error: 29 There may not be two classifiers named 'Item', Action: setName, Error hierarchy: 1]
] already exists.
mai 06, 2020 10:30:58 A.M. hvl.projectparmorel.qlearning.QModelFixer fixModel
INFO: Solution discarded.
mai 06, 2020 10:30:58 A.M. hvl.projectparmorel.qlearning.QModelFixer fixModel
INFO: EPISODE 9 TOTAL REWARD 31.0



mai 06, 2020 10:30:58 A.M. hvl.projectparmorel.qlearning.QModelFixer handleEpisode
INFO: EPISODE 10, STEP 0, Fixing error 29: There may not be two classifiers named 'Item'
mai 06, 2020 10:30:58 A.M. hvl.projectparmorel.qlearning.QModelFixer chooseAction
INFO: Choosing optimal action
mai 06, 2020 10:30:58 A.M. hvl.projectparmorel.qlearning.QModelFixer handleStep
INFO: Chose action setName in context 1 with weight 0.0
mai 06, 2020 10:30:58 A.M. hvl.projectparmorel.qlearning.QModelFixer updateQTable
INFO: Calculating new Q-value:
Old Q-value: 0.0
Alpha: 1.0
Gamma:1.0

Reward: -2
0.0 + 1.0 * (-2 + 1.0 - 0.0) = -1.0
mai 06, 2020 10:30:58 A.M. hvl.projectparmorel.qlearning.QModelFixer updateQTable
INFO: Updated Q-table for error 29, context 1, action -1193116178 to new weight -1.0
mai 06, 2020 10:30:58 A.M. hvl.projectparmorel.ecore.EcoreSolution calculateDistanceFromOriginal
INFO: Calculated the distance between the models to 33.0
mai 06, 2020 10:30:58 A.M. hvl.projectparmorel.reward.PreferCloseDinstanceToOriginalPreference rewardcalculateRewardFor
INFO: Time to measure distance: 6 ms
mai 06, 2020 10:30:58 A.M. hvl.projectparmorel.qlearning.QModelFixer updateQTable
INFO: Calculating new Q-value:
Old Q-value: -1.0
Alpha: 1.0
Gamma:1.0

Reward: 33
-1.0 + 1.0 * (33 + 1.0 - -1.0) = 34.0
mai 06, 2020 10:30:58 A.M. hvl.projectparmorel.qlearning.QModelFixer updateQTable
INFO: Updated Q-table for error 29, context 1, action -1193116178 to new weight 34.0
mai 06, 2020 10:31:00 A.M. hvl.projectparmorel.reward.PreferReuse rewardcalculateRewardFor
INFO: Time to get metric: 1854 ms
mai 06, 2020 10:31:00 A.M. hvl.projectparmorel.qlearning.QModelFixer isUnique
INFO: Solution [ErrorAction [Error: 29 There may not be two classifiers named 'Item', Action: setName, Error hierarchy: 1]
] already exists.
mai 06, 2020 10:31:00 A.M. hvl.projectparmorel.qlearning.QModelFixer fixModel
INFO: Solution discarded.
mai 06, 2020 10:31:00 A.M. hvl.projectparmorel.qlearning.QModelFixer fixModel
INFO: EPISODE 10 TOTAL REWARD 31.0



mai 06, 2020 10:31:00 A.M. hvl.projectparmorel.qlearning.QModelFixer handleEpisode
INFO: EPISODE 11, STEP 0, Fixing error 29: There may not be two classifiers named 'Item'
mai 06, 2020 10:31:00 A.M. hvl.projectparmorel.qlearning.QModelFixer chooseAction
INFO: Choosing random action.
mai 06, 2020 10:31:00 A.M. hvl.projectparmorel.qlearning.QModelFixer handleStep
INFO: Chose action delete in context 2 with weight 0.0
mai 06, 2020 10:31:00 A.M. hvl.projectparmorel.qlearning.QModelFixer updateQTable
INFO: Calculating new Q-value:
Old Q-value: 0.0
Alpha: 1.0
Gamma:1.0

Reward: -2
0.0 + 1.0 * (-2 + 1.0 - 0.0) = -1.0
mai 06, 2020 10:31:00 A.M. hvl.projectparmorel.qlearning.QModelFixer updateQTable
INFO: Updated Q-table for error 29, context 2, action 99999 to new weight -1.0
mai 06, 2020 10:31:00 A.M. hvl.projectparmorel.ecore.EcoreSolution calculateDistanceFromOriginal
INFO: Calculated the distance between the models to 83.0
mai 06, 2020 10:31:00 A.M. hvl.projectparmorel.reward.PreferCloseDinstanceToOriginalPreference rewardcalculateRewardFor
INFO: Time to measure distance: 6 ms
mai 06, 2020 10:31:00 A.M. hvl.projectparmorel.qlearning.QModelFixer updateQTable
INFO: Calculating new Q-value:
Old Q-value: -1.0
Alpha: 1.0
Gamma:1.0

Reward: 83
-1.0 + 1.0 * (83 + 1.0 - -1.0) = 84.0
mai 06, 2020 10:31:00 A.M. hvl.projectparmorel.qlearning.QModelFixer updateQTable
INFO: Updated Q-table for error 29, context 2, action 99999 to new weight 84.0
mai 06, 2020 10:31:02 A.M. hvl.projectparmorel.reward.PreferReuse rewardcalculateRewardFor
INFO: Time to get metric: 1946 ms
mai 06, 2020 10:31:02 A.M. hvl.projectparmorel.qlearning.QModelFixer fixModel
INFO: Solution added to possible solitons: [ErrorAction [Error: 29 There may not be two classifiers named 'Item', Action: delete, Error hierarchy: 2]
]
mai 06, 2020 10:31:02 A.M. hvl.projectparmorel.qlearning.QModelFixer fixModel
INFO: EPISODE 11 TOTAL REWARD 81.0



mai 06, 2020 10:31:02 A.M. hvl.projectparmorel.qlearning.QModelFixer handleEpisode
INFO: EPISODE 12, STEP 0, Fixing error 29: There may not be two classifiers named 'Item'
mai 06, 2020 10:31:02 A.M. hvl.projectparmorel.qlearning.QModelFixer chooseAction
INFO: Choosing optimal action
mai 06, 2020 10:31:02 A.M. hvl.projectparmorel.qlearning.QModelFixer handleStep
INFO: Chose action setName in context 1 with weight 0.0
mai 06, 2020 10:31:02 A.M. hvl.projectparmorel.qlearning.QModelFixer updateQTable
INFO: Calculating new Q-value:
Old Q-value: 0.0
Alpha: 1.0
Gamma:1.0

Reward: -2
0.0 + 1.0 * (-2 + 1.0 - 0.0) = -1.0
mai 06, 2020 10:31:02 A.M. hvl.projectparmorel.qlearning.QModelFixer updateQTable
INFO: Updated Q-table for error 29, context 1, action -1193116178 to new weight -1.0
mai 06, 2020 10:31:02 A.M. hvl.projectparmorel.ecore.EcoreSolution calculateDistanceFromOriginal
INFO: Calculated the distance between the models to 33.0
mai 06, 2020 10:31:02 A.M. hvl.projectparmorel.reward.PreferCloseDinstanceToOriginalPreference rewardcalculateRewardFor
INFO: Time to measure distance: 8 ms
mai 06, 2020 10:31:02 A.M. hvl.projectparmorel.qlearning.QModelFixer updateQTable
INFO: Calculating new Q-value:
Old Q-value: -1.0
Alpha: 1.0
Gamma:1.0

Reward: 33
-1.0 + 1.0 * (33 + 1.0 - -1.0) = 34.0
mai 06, 2020 10:31:02 A.M. hvl.projectparmorel.qlearning.QModelFixer updateQTable
INFO: Updated Q-table for error 29, context 1, action -1193116178 to new weight 34.0
mai 06, 2020 10:31:04 A.M. hvl.projectparmorel.reward.PreferReuse rewardcalculateRewardFor
INFO: Time to get metric: 1840 ms
mai 06, 2020 10:31:04 A.M. hvl.projectparmorel.qlearning.QModelFixer isUnique
INFO: Solution [ErrorAction [Error: 29 There may not be two classifiers named 'Item', Action: setName, Error hierarchy: 1]
] already exists.
mai 06, 2020 10:31:04 A.M. hvl.projectparmorel.qlearning.QModelFixer fixModel
INFO: Solution discarded.
mai 06, 2020 10:31:04 A.M. hvl.projectparmorel.qlearning.QModelFixer fixModel
INFO: EPISODE 12 TOTAL REWARD 31.0



mai 06, 2020 10:31:04 A.M. hvl.projectparmorel.qlearning.QModelFixer handleEpisode
INFO: EPISODE 13, STEP 0, Fixing error 29: There may not be two classifiers named 'Item'
mai 06, 2020 10:31:04 A.M. hvl.projectparmorel.qlearning.QModelFixer chooseAction
INFO: Choosing optimal action
mai 06, 2020 10:31:04 A.M. hvl.projectparmorel.qlearning.QModelFixer handleStep
INFO: Chose action setName in context 1 with weight 0.0
mai 06, 2020 10:31:04 A.M. hvl.projectparmorel.qlearning.QModelFixer updateQTable
INFO: Calculating new Q-value:
Old Q-value: 0.0
Alpha: 1.0
Gamma:1.0

Reward: -2
0.0 + 1.0 * (-2 + 1.0 - 0.0) = -1.0
mai 06, 2020 10:31:04 A.M. hvl.projectparmorel.qlearning.QModelFixer updateQTable
INFO: Updated Q-table for error 29, context 1, action -1193116178 to new weight -1.0
mai 06, 2020 10:31:04 A.M. hvl.projectparmorel.ecore.EcoreSolution calculateDistanceFromOriginal
INFO: Calculated the distance between the models to 33.0
mai 06, 2020 10:31:04 A.M. hvl.projectparmorel.reward.PreferCloseDinstanceToOriginalPreference rewardcalculateRewardFor
INFO: Time to measure distance: 5 ms
mai 06, 2020 10:31:04 A.M. hvl.projectparmorel.qlearning.QModelFixer updateQTable
INFO: Calculating new Q-value:
Old Q-value: -1.0
Alpha: 1.0
Gamma:1.0

Reward: 33
-1.0 + 1.0 * (33 + 1.0 - -1.0) = 34.0
mai 06, 2020 10:31:04 A.M. hvl.projectparmorel.qlearning.QModelFixer updateQTable
INFO: Updated Q-table for error 29, context 1, action -1193116178 to new weight 34.0
mai 06, 2020 10:31:06 A.M. hvl.projectparmorel.reward.PreferReuse rewardcalculateRewardFor
INFO: Time to get metric: 1902 ms
mai 06, 2020 10:31:06 A.M. hvl.projectparmorel.qlearning.QModelFixer isUnique
INFO: Solution [ErrorAction [Error: 29 There may not be two classifiers named 'Item', Action: setName, Error hierarchy: 1]
] already exists.
mai 06, 2020 10:31:06 A.M. hvl.projectparmorel.qlearning.QModelFixer fixModel
INFO: Solution discarded.
mai 06, 2020 10:31:06 A.M. hvl.projectparmorel.qlearning.QModelFixer fixModel
INFO: EPISODE 13 TOTAL REWARD 31.0



mai 06, 2020 10:31:06 A.M. hvl.projectparmorel.qlearning.QModelFixer handleEpisode
INFO: EPISODE 14, STEP 0, Fixing error 29: There may not be two classifiers named 'Item'
mai 06, 2020 10:31:06 A.M. hvl.projectparmorel.qlearning.QModelFixer chooseAction
INFO: Choosing random action.
mai 06, 2020 10:31:06 A.M. hvl.projectparmorel.qlearning.QModelFixer handleStep
INFO: Chose action setName in context 1 with weight 0.0
mai 06, 2020 10:31:06 A.M. hvl.projectparmorel.qlearning.QModelFixer updateQTable
INFO: Calculating new Q-value:
Old Q-value: 0.0
Alpha: 1.0
Gamma:1.0

Reward: -2
0.0 + 1.0 * (-2 + 1.0 - 0.0) = -1.0
mai 06, 2020 10:31:06 A.M. hvl.projectparmorel.qlearning.QModelFixer updateQTable
INFO: Updated Q-table for error 29, context 1, action -1193116178 to new weight -1.0
mai 06, 2020 10:31:06 A.M. hvl.projectparmorel.ecore.EcoreSolution calculateDistanceFromOriginal
INFO: Calculated the distance between the models to 33.0
mai 06, 2020 10:31:06 A.M. hvl.projectparmorel.reward.PreferCloseDinstanceToOriginalPreference rewardcalculateRewardFor
INFO: Time to measure distance: 7 ms
mai 06, 2020 10:31:06 A.M. hvl.projectparmorel.qlearning.QModelFixer updateQTable
INFO: Calculating new Q-value:
Old Q-value: -1.0
Alpha: 1.0
Gamma:1.0

Reward: 33
-1.0 + 1.0 * (33 + 1.0 - -1.0) = 34.0
mai 06, 2020 10:31:06 A.M. hvl.projectparmorel.qlearning.QModelFixer updateQTable
INFO: Updated Q-table for error 29, context 1, action -1193116178 to new weight 34.0
mai 06, 2020 10:31:08 A.M. hvl.projectparmorel.reward.PreferReuse rewardcalculateRewardFor
INFO: Time to get metric: 1826 ms
mai 06, 2020 10:31:08 A.M. hvl.projectparmorel.qlearning.QModelFixer isUnique
INFO: Solution [ErrorAction [Error: 29 There may not be two classifiers named 'Item', Action: setName, Error hierarchy: 1]
] already exists.
mai 06, 2020 10:31:08 A.M. hvl.projectparmorel.qlearning.QModelFixer fixModel
INFO: Solution discarded.
mai 06, 2020 10:31:08 A.M. hvl.projectparmorel.qlearning.QModelFixer fixModel
INFO: EPISODE 14 TOTAL REWARD 31.0



mai 06, 2020 10:31:08 A.M. hvl.projectparmorel.qlearning.QModelFixer handleEpisode
INFO: EPISODE 15, STEP 0, Fixing error 29: There may not be two classifiers named 'Item'
mai 06, 2020 10:31:08 A.M. hvl.projectparmorel.qlearning.QModelFixer chooseAction
INFO: Choosing optimal action
mai 06, 2020 10:31:08 A.M. hvl.projectparmorel.qlearning.QModelFixer handleStep
INFO: Chose action setName in context 1 with weight 0.0
mai 06, 2020 10:31:08 A.M. hvl.projectparmorel.qlearning.QModelFixer updateQTable
INFO: Calculating new Q-value:
Old Q-value: 0.0
Alpha: 1.0
Gamma:1.0

Reward: -2
0.0 + 1.0 * (-2 + 1.0 - 0.0) = -1.0
mai 06, 2020 10:31:08 A.M. hvl.projectparmorel.qlearning.QModelFixer updateQTable
INFO: Updated Q-table for error 29, context 1, action -1193116178 to new weight -1.0
mai 06, 2020 10:31:08 A.M. hvl.projectparmorel.ecore.EcoreSolution calculateDistanceFromOriginal
INFO: Calculated the distance between the models to 33.0
mai 06, 2020 10:31:08 A.M. hvl.projectparmorel.reward.PreferCloseDinstanceToOriginalPreference rewardcalculateRewardFor
INFO: Time to measure distance: 5 ms
mai 06, 2020 10:31:08 A.M. hvl.projectparmorel.qlearning.QModelFixer updateQTable
INFO: Calculating new Q-value:
Old Q-value: -1.0
Alpha: 1.0
Gamma:1.0

Reward: 33
-1.0 + 1.0 * (33 + 1.0 - -1.0) = 34.0
mai 06, 2020 10:31:08 A.M. hvl.projectparmorel.qlearning.QModelFixer updateQTable
INFO: Updated Q-table for error 29, context 1, action -1193116178 to new weight 34.0
mai 06, 2020 10:31:10 A.M. hvl.projectparmorel.reward.PreferReuse rewardcalculateRewardFor
INFO: Time to get metric: 1877 ms
mai 06, 2020 10:31:10 A.M. hvl.projectparmorel.qlearning.QModelFixer isUnique
INFO: Solution [ErrorAction [Error: 29 There may not be two classifiers named 'Item', Action: setName, Error hierarchy: 1]
] already exists.
mai 06, 2020 10:31:10 A.M. hvl.projectparmorel.qlearning.QModelFixer fixModel
INFO: Solution discarded.
mai 06, 2020 10:31:10 A.M. hvl.projectparmorel.qlearning.QModelFixer fixModel
INFO: EPISODE 15 TOTAL REWARD 31.0



mai 06, 2020 10:31:10 A.M. hvl.projectparmorel.qlearning.QModelFixer handleEpisode
INFO: EPISODE 16, STEP 0, Fixing error 29: There may not be two classifiers named 'Item'
mai 06, 2020 10:31:10 A.M. hvl.projectparmorel.qlearning.QModelFixer chooseAction
INFO: Choosing optimal action
mai 06, 2020 10:31:10 A.M. hvl.projectparmorel.qlearning.QModelFixer handleStep
INFO: Chose action setName in context 1 with weight 0.0
mai 06, 2020 10:31:10 A.M. hvl.projectparmorel.qlearning.QModelFixer updateQTable
INFO: Calculating new Q-value:
Old Q-value: 0.0
Alpha: 1.0
Gamma:1.0

Reward: -2
0.0 + 1.0 * (-2 + 1.0 - 0.0) = -1.0
mai 06, 2020 10:31:10 A.M. hvl.projectparmorel.qlearning.QModelFixer updateQTable
INFO: Updated Q-table for error 29, context 1, action -1193116178 to new weight -1.0
mai 06, 2020 10:31:10 A.M. hvl.projectparmorel.ecore.EcoreSolution calculateDistanceFromOriginal
INFO: Calculated the distance between the models to 33.0
mai 06, 2020 10:31:10 A.M. hvl.projectparmorel.reward.PreferCloseDinstanceToOriginalPreference rewardcalculateRewardFor
INFO: Time to measure distance: 7 ms
mai 06, 2020 10:31:10 A.M. hvl.projectparmorel.qlearning.QModelFixer updateQTable
INFO: Calculating new Q-value:
Old Q-value: -1.0
Alpha: 1.0
Gamma:1.0

Reward: 33
-1.0 + 1.0 * (33 + 1.0 - -1.0) = 34.0
mai 06, 2020 10:31:10 A.M. hvl.projectparmorel.qlearning.QModelFixer updateQTable
INFO: Updated Q-table for error 29, context 1, action -1193116178 to new weight 34.0
mai 06, 2020 10:31:12 A.M. hvl.projectparmorel.reward.PreferReuse rewardcalculateRewardFor
INFO: Time to get metric: 1840 ms
mai 06, 2020 10:31:12 A.M. hvl.projectparmorel.qlearning.QModelFixer isUnique
INFO: Solution [ErrorAction [Error: 29 There may not be two classifiers named 'Item', Action: setName, Error hierarchy: 1]
] already exists.
mai 06, 2020 10:31:12 A.M. hvl.projectparmorel.qlearning.QModelFixer fixModel
INFO: Solution discarded.
mai 06, 2020 10:31:12 A.M. hvl.projectparmorel.qlearning.QModelFixer fixModel
INFO: EPISODE 16 TOTAL REWARD 31.0



mai 06, 2020 10:31:12 A.M. hvl.projectparmorel.qlearning.QModelFixer handleEpisode
INFO: EPISODE 17, STEP 0, Fixing error 29: There may not be two classifiers named 'Item'
mai 06, 2020 10:31:12 A.M. hvl.projectparmorel.qlearning.QModelFixer chooseAction
INFO: Choosing optimal action
mai 06, 2020 10:31:12 A.M. hvl.projectparmorel.qlearning.QModelFixer handleStep
INFO: Chose action setName in context 1 with weight 0.0
mai 06, 2020 10:31:12 A.M. hvl.projectparmorel.qlearning.QModelFixer updateQTable
INFO: Calculating new Q-value:
Old Q-value: 0.0
Alpha: 1.0
Gamma:1.0

Reward: -2
0.0 + 1.0 * (-2 + 1.0 - 0.0) = -1.0
mai 06, 2020 10:31:12 A.M. hvl.projectparmorel.qlearning.QModelFixer updateQTable
INFO: Updated Q-table for error 29, context 1, action -1193116178 to new weight -1.0
mai 06, 2020 10:31:12 A.M. hvl.projectparmorel.ecore.EcoreSolution calculateDistanceFromOriginal
INFO: Calculated the distance between the models to 33.0
mai 06, 2020 10:31:12 A.M. hvl.projectparmorel.reward.PreferCloseDinstanceToOriginalPreference rewardcalculateRewardFor
INFO: Time to measure distance: 5 ms
mai 06, 2020 10:31:12 A.M. hvl.projectparmorel.qlearning.QModelFixer updateQTable
INFO: Calculating new Q-value:
Old Q-value: -1.0
Alpha: 1.0
Gamma:1.0

Reward: 33
-1.0 + 1.0 * (33 + 1.0 - -1.0) = 34.0
mai 06, 2020 10:31:12 A.M. hvl.projectparmorel.qlearning.QModelFixer updateQTable
INFO: Updated Q-table for error 29, context 1, action -1193116178 to new weight 34.0
mai 06, 2020 10:31:13 A.M. hvl.projectparmorel.reward.PreferReuse rewardcalculateRewardFor
INFO: Time to get metric: 1890 ms
mai 06, 2020 10:31:13 A.M. hvl.projectparmorel.qlearning.QModelFixer isUnique
INFO: Solution [ErrorAction [Error: 29 There may not be two classifiers named 'Item', Action: setName, Error hierarchy: 1]
] already exists.
mai 06, 2020 10:31:13 A.M. hvl.projectparmorel.qlearning.QModelFixer fixModel
INFO: Solution discarded.
mai 06, 2020 10:31:13 A.M. hvl.projectparmorel.qlearning.QModelFixer fixModel
INFO: EPISODE 17 TOTAL REWARD 31.0



mai 06, 2020 10:31:13 A.M. hvl.projectparmorel.qlearning.QModelFixer handleEpisode
INFO: EPISODE 18, STEP 0, Fixing error 29: There may not be two classifiers named 'Item'
mai 06, 2020 10:31:13 A.M. hvl.projectparmorel.qlearning.QModelFixer chooseAction
INFO: Choosing optimal action
mai 06, 2020 10:31:13 A.M. hvl.projectparmorel.qlearning.QModelFixer handleStep
INFO: Chose action setName in context 1 with weight 0.0
mai 06, 2020 10:31:13 A.M. hvl.projectparmorel.qlearning.QModelFixer updateQTable
INFO: Calculating new Q-value:
Old Q-value: 0.0
Alpha: 1.0
Gamma:1.0

Reward: -2
0.0 + 1.0 * (-2 + 1.0 - 0.0) = -1.0
mai 06, 2020 10:31:13 A.M. hvl.projectparmorel.qlearning.QModelFixer updateQTable
INFO: Updated Q-table for error 29, context 1, action -1193116178 to new weight -1.0
mai 06, 2020 10:31:13 A.M. hvl.projectparmorel.ecore.EcoreSolution calculateDistanceFromOriginal
INFO: Calculated the distance between the models to 33.0
mai 06, 2020 10:31:13 A.M. hvl.projectparmorel.reward.PreferCloseDinstanceToOriginalPreference rewardcalculateRewardFor
INFO: Time to measure distance: 6 ms
mai 06, 2020 10:31:13 A.M. hvl.projectparmorel.qlearning.QModelFixer updateQTable
INFO: Calculating new Q-value:
Old Q-value: -1.0
Alpha: 1.0
Gamma:1.0

Reward: 33
-1.0 + 1.0 * (33 + 1.0 - -1.0) = 34.0
mai 06, 2020 10:31:13 A.M. hvl.projectparmorel.qlearning.QModelFixer updateQTable
INFO: Updated Q-table for error 29, context 1, action -1193116178 to new weight 34.0
mai 06, 2020 10:31:15 A.M. hvl.projectparmorel.reward.PreferReuse rewardcalculateRewardFor
INFO: Time to get metric: 1839 ms
mai 06, 2020 10:31:15 A.M. hvl.projectparmorel.qlearning.QModelFixer isUnique
INFO: Solution [ErrorAction [Error: 29 There may not be two classifiers named 'Item', Action: setName, Error hierarchy: 1]
] already exists.
mai 06, 2020 10:31:15 A.M. hvl.projectparmorel.qlearning.QModelFixer fixModel
INFO: Solution discarded.
mai 06, 2020 10:31:15 A.M. hvl.projectparmorel.qlearning.QModelFixer fixModel
INFO: EPISODE 18 TOTAL REWARD 31.0



mai 06, 2020 10:31:15 A.M. hvl.projectparmorel.qlearning.QModelFixer handleEpisode
INFO: EPISODE 19, STEP 0, Fixing error 29: There may not be two classifiers named 'Item'
mai 06, 2020 10:31:15 A.M. hvl.projectparmorel.qlearning.QModelFixer chooseAction
INFO: Choosing optimal action
mai 06, 2020 10:31:15 A.M. hvl.projectparmorel.qlearning.QModelFixer handleStep
INFO: Chose action setName in context 1 with weight 0.0
mai 06, 2020 10:31:15 A.M. hvl.projectparmorel.qlearning.QModelFixer updateQTable
INFO: Calculating new Q-value:
Old Q-value: 0.0
Alpha: 1.0
Gamma:1.0

Reward: -2
0.0 + 1.0 * (-2 + 1.0 - 0.0) = -1.0
mai 06, 2020 10:31:15 A.M. hvl.projectparmorel.qlearning.QModelFixer updateQTable
INFO: Updated Q-table for error 29, context 1, action -1193116178 to new weight -1.0
mai 06, 2020 10:31:15 A.M. hvl.projectparmorel.ecore.EcoreSolution calculateDistanceFromOriginal
INFO: Calculated the distance between the models to 33.0
mai 06, 2020 10:31:15 A.M. hvl.projectparmorel.reward.PreferCloseDinstanceToOriginalPreference rewardcalculateRewardFor
INFO: Time to measure distance: 5 ms
mai 06, 2020 10:31:15 A.M. hvl.projectparmorel.qlearning.QModelFixer updateQTable
INFO: Calculating new Q-value:
Old Q-value: -1.0
Alpha: 1.0
Gamma:1.0

Reward: 33
-1.0 + 1.0 * (33 + 1.0 - -1.0) = 34.0
mai 06, 2020 10:31:15 A.M. hvl.projectparmorel.qlearning.QModelFixer updateQTable
INFO: Updated Q-table for error 29, context 1, action -1193116178 to new weight 34.0
mai 06, 2020 10:31:17 A.M. hvl.projectparmorel.reward.PreferReuse rewardcalculateRewardFor
INFO: Time to get metric: 1897 ms
mai 06, 2020 10:31:17 A.M. hvl.projectparmorel.qlearning.QModelFixer isUnique
INFO: Solution [ErrorAction [Error: 29 There may not be two classifiers named 'Item', Action: setName, Error hierarchy: 1]
] already exists.
mai 06, 2020 10:31:17 A.M. hvl.projectparmorel.qlearning.QModelFixer fixModel
INFO: Solution discarded.
mai 06, 2020 10:31:17 A.M. hvl.projectparmorel.qlearning.QModelFixer fixModel
INFO: EPISODE 19 TOTAL REWARD 31.0



mai 06, 2020 10:31:17 A.M. hvl.projectparmorel.qlearning.QModelFixer handleEpisode
INFO: EPISODE 20, STEP 0, Fixing error 29: There may not be two classifiers named 'Item'
mai 06, 2020 10:31:17 A.M. hvl.projectparmorel.qlearning.QModelFixer chooseAction
INFO: Choosing optimal action
mai 06, 2020 10:31:17 A.M. hvl.projectparmorel.qlearning.QModelFixer handleStep
INFO: Chose action setName in context 1 with weight 0.0
mai 06, 2020 10:31:17 A.M. hvl.projectparmorel.qlearning.QModelFixer updateQTable
INFO: Calculating new Q-value:
Old Q-value: 0.0
Alpha: 1.0
Gamma:1.0

Reward: -2
0.0 + 1.0 * (-2 + 1.0 - 0.0) = -1.0
mai 06, 2020 10:31:17 A.M. hvl.projectparmorel.qlearning.QModelFixer updateQTable
INFO: Updated Q-table for error 29, context 1, action -1193116178 to new weight -1.0
mai 06, 2020 10:31:17 A.M. hvl.projectparmorel.ecore.EcoreSolution calculateDistanceFromOriginal
INFO: Calculated the distance between the models to 33.0
mai 06, 2020 10:31:17 A.M. hvl.projectparmorel.reward.PreferCloseDinstanceToOriginalPreference rewardcalculateRewardFor
INFO: Time to measure distance: 6 ms
mai 06, 2020 10:31:17 A.M. hvl.projectparmorel.qlearning.QModelFixer updateQTable
INFO: Calculating new Q-value:
Old Q-value: -1.0
Alpha: 1.0
Gamma:1.0

Reward: 33
-1.0 + 1.0 * (33 + 1.0 - -1.0) = 34.0
mai 06, 2020 10:31:17 A.M. hvl.projectparmorel.qlearning.QModelFixer updateQTable
INFO: Updated Q-table for error 29, context 1, action -1193116178 to new weight 34.0
mai 06, 2020 10:31:19 A.M. hvl.projectparmorel.reward.PreferReuse rewardcalculateRewardFor
INFO: Time to get metric: 1838 ms
mai 06, 2020 10:31:19 A.M. hvl.projectparmorel.qlearning.QModelFixer isUnique
INFO: Solution [ErrorAction [Error: 29 There may not be two classifiers named 'Item', Action: setName, Error hierarchy: 1]
] already exists.
mai 06, 2020 10:31:19 A.M. hvl.projectparmorel.qlearning.QModelFixer fixModel
INFO: Solution discarded.
mai 06, 2020 10:31:19 A.M. hvl.projectparmorel.qlearning.QModelFixer fixModel
INFO: EPISODE 20 TOTAL REWARD 31.0



mai 06, 2020 10:31:19 A.M. hvl.projectparmorel.qlearning.QModelFixer handleEpisode
INFO: EPISODE 21, STEP 0, Fixing error 29: There may not be two classifiers named 'Item'
mai 06, 2020 10:31:19 A.M. hvl.projectparmorel.qlearning.QModelFixer chooseAction
INFO: Choosing optimal action
mai 06, 2020 10:31:19 A.M. hvl.projectparmorel.qlearning.QModelFixer handleStep
INFO: Chose action setName in context 1 with weight 0.0
mai 06, 2020 10:31:19 A.M. hvl.projectparmorel.qlearning.QModelFixer updateQTable
INFO: Calculating new Q-value:
Old Q-value: 0.0
Alpha: 1.0
Gamma:1.0

Reward: -2
0.0 + 1.0 * (-2 + 1.0 - 0.0) = -1.0
mai 06, 2020 10:31:19 A.M. hvl.projectparmorel.qlearning.QModelFixer updateQTable
INFO: Updated Q-table for error 29, context 1, action -1193116178 to new weight -1.0
mai 06, 2020 10:31:19 A.M. hvl.projectparmorel.ecore.EcoreSolution calculateDistanceFromOriginal
INFO: Calculated the distance between the models to 33.0
mai 06, 2020 10:31:19 A.M. hvl.projectparmorel.reward.PreferCloseDinstanceToOriginalPreference rewardcalculateRewardFor
INFO: Time to measure distance: 6 ms
mai 06, 2020 10:31:19 A.M. hvl.projectparmorel.qlearning.QModelFixer updateQTable
INFO: Calculating new Q-value:
Old Q-value: -1.0
Alpha: 1.0
Gamma:1.0

Reward: 33
-1.0 + 1.0 * (33 + 1.0 - -1.0) = 34.0
mai 06, 2020 10:31:19 A.M. hvl.projectparmorel.qlearning.QModelFixer updateQTable
INFO: Updated Q-table for error 29, context 1, action -1193116178 to new weight 34.0
mai 06, 2020 10:31:21 A.M. hvl.projectparmorel.reward.PreferReuse rewardcalculateRewardFor
INFO: Time to get metric: 2091 ms
mai 06, 2020 10:31:21 A.M. hvl.projectparmorel.qlearning.QModelFixer isUnique
INFO: Solution [ErrorAction [Error: 29 There may not be two classifiers named 'Item', Action: setName, Error hierarchy: 1]
] already exists.
mai 06, 2020 10:31:21 A.M. hvl.projectparmorel.qlearning.QModelFixer fixModel
INFO: Solution discarded.
mai 06, 2020 10:31:21 A.M. hvl.projectparmorel.qlearning.QModelFixer fixModel
INFO: EPISODE 21 TOTAL REWARD 31.0



mai 06, 2020 10:31:21 A.M. hvl.projectparmorel.qlearning.QModelFixer handleEpisode
INFO: EPISODE 22, STEP 0, Fixing error 29: There may not be two classifiers named 'Item'
mai 06, 2020 10:31:21 A.M. hvl.projectparmorel.qlearning.QModelFixer chooseAction
INFO: Choosing optimal action
mai 06, 2020 10:31:21 A.M. hvl.projectparmorel.qlearning.QModelFixer handleStep
INFO: Chose action setName in context 1 with weight 0.0
mai 06, 2020 10:31:21 A.M. hvl.projectparmorel.qlearning.QModelFixer updateQTable
INFO: Calculating new Q-value:
Old Q-value: 0.0
Alpha: 1.0
Gamma:1.0

Reward: -2
0.0 + 1.0 * (-2 + 1.0 - 0.0) = -1.0
mai 06, 2020 10:31:21 A.M. hvl.projectparmorel.qlearning.QModelFixer updateQTable
INFO: Updated Q-table for error 29, context 1, action -1193116178 to new weight -1.0
mai 06, 2020 10:31:21 A.M. hvl.projectparmorel.ecore.EcoreSolution calculateDistanceFromOriginal
INFO: Calculated the distance between the models to 33.0
mai 06, 2020 10:31:21 A.M. hvl.projectparmorel.reward.PreferCloseDinstanceToOriginalPreference rewardcalculateRewardFor
INFO: Time to measure distance: 7 ms
mai 06, 2020 10:31:21 A.M. hvl.projectparmorel.qlearning.QModelFixer updateQTable
INFO: Calculating new Q-value:
Old Q-value: -1.0
Alpha: 1.0
Gamma:1.0

Reward: 33
-1.0 + 1.0 * (33 + 1.0 - -1.0) = 34.0
mai 06, 2020 10:31:21 A.M. hvl.projectparmorel.qlearning.QModelFixer updateQTable
INFO: Updated Q-table for error 29, context 1, action -1193116178 to new weight 34.0
mai 06, 2020 10:31:23 A.M. hvl.projectparmorel.reward.PreferReuse rewardcalculateRewardFor
INFO: Time to get metric: 1839 ms
mai 06, 2020 10:31:23 A.M. hvl.projectparmorel.qlearning.QModelFixer isUnique
INFO: Solution [ErrorAction [Error: 29 There may not be two classifiers named 'Item', Action: setName, Error hierarchy: 1]
] already exists.
mai 06, 2020 10:31:23 A.M. hvl.projectparmorel.qlearning.QModelFixer fixModel
INFO: Solution discarded.
mai 06, 2020 10:31:23 A.M. hvl.projectparmorel.qlearning.QModelFixer fixModel
INFO: EPISODE 22 TOTAL REWARD 31.0



mai 06, 2020 10:31:23 A.M. hvl.projectparmorel.qlearning.QModelFixer handleEpisode
INFO: EPISODE 23, STEP 0, Fixing error 29: There may not be two classifiers named 'Item'
mai 06, 2020 10:31:23 A.M. hvl.projectparmorel.qlearning.QModelFixer chooseAction
INFO: Choosing random action.
mai 06, 2020 10:31:23 A.M. hvl.projectparmorel.qlearning.QModelFixer handleStep
INFO: Chose action setName in context 1 with weight 0.0
mai 06, 2020 10:31:23 A.M. hvl.projectparmorel.qlearning.QModelFixer updateQTable
INFO: Calculating new Q-value:
Old Q-value: 0.0
Alpha: 1.0
Gamma:1.0

Reward: -2
0.0 + 1.0 * (-2 + 1.0 - 0.0) = -1.0
mai 06, 2020 10:31:23 A.M. hvl.projectparmorel.qlearning.QModelFixer updateQTable
INFO: Updated Q-table for error 29, context 1, action -1193116178 to new weight -1.0
mai 06, 2020 10:31:23 A.M. hvl.projectparmorel.ecore.EcoreSolution calculateDistanceFromOriginal
INFO: Calculated the distance between the models to 33.0
mai 06, 2020 10:31:23 A.M. hvl.projectparmorel.reward.PreferCloseDinstanceToOriginalPreference rewardcalculateRewardFor
INFO: Time to measure distance: 6 ms
mai 06, 2020 10:31:23 A.M. hvl.projectparmorel.qlearning.QModelFixer updateQTable
INFO: Calculating new Q-value:
Old Q-value: -1.0
Alpha: 1.0
Gamma:1.0

Reward: 33
-1.0 + 1.0 * (33 + 1.0 - -1.0) = 34.0
mai 06, 2020 10:31:23 A.M. hvl.projectparmorel.qlearning.QModelFixer updateQTable
INFO: Updated Q-table for error 29, context 1, action -1193116178 to new weight 34.0
mai 06, 2020 10:31:25 A.M. hvl.projectparmorel.reward.PreferReuse rewardcalculateRewardFor
INFO: Time to get metric: 1885 ms
mai 06, 2020 10:31:25 A.M. hvl.projectparmorel.qlearning.QModelFixer isUnique
INFO: Solution [ErrorAction [Error: 29 There may not be two classifiers named 'Item', Action: setName, Error hierarchy: 1]
] already exists.
mai 06, 2020 10:31:25 A.M. hvl.projectparmorel.qlearning.QModelFixer fixModel
INFO: Solution discarded.
mai 06, 2020 10:31:25 A.M. hvl.projectparmorel.qlearning.QModelFixer fixModel
INFO: EPISODE 23 TOTAL REWARD 31.0



mai 06, 2020 10:31:25 A.M. hvl.projectparmorel.qlearning.QModelFixer handleEpisode
INFO: EPISODE 24, STEP 0, Fixing error 29: There may not be two classifiers named 'Item'
mai 06, 2020 10:31:25 A.M. hvl.projectparmorel.qlearning.QModelFixer chooseAction
INFO: Choosing optimal action
mai 06, 2020 10:31:25 A.M. hvl.projectparmorel.qlearning.QModelFixer handleStep
INFO: Chose action setName in context 1 with weight 0.0
mai 06, 2020 10:31:25 A.M. hvl.projectparmorel.qlearning.QModelFixer updateQTable
INFO: Calculating new Q-value:
Old Q-value: 0.0
Alpha: 1.0
Gamma:1.0

Reward: -2
0.0 + 1.0 * (-2 + 1.0 - 0.0) = -1.0
mai 06, 2020 10:31:25 A.M. hvl.projectparmorel.qlearning.QModelFixer updateQTable
INFO: Updated Q-table for error 29, context 1, action -1193116178 to new weight -1.0
mai 06, 2020 10:31:25 A.M. hvl.projectparmorel.ecore.EcoreSolution calculateDistanceFromOriginal
INFO: Calculated the distance between the models to 33.0
mai 06, 2020 10:31:25 A.M. hvl.projectparmorel.reward.PreferCloseDinstanceToOriginalPreference rewardcalculateRewardFor
INFO: Time to measure distance: 7 ms
mai 06, 2020 10:31:25 A.M. hvl.projectparmorel.qlearning.QModelFixer updateQTable
INFO: Calculating new Q-value:
Old Q-value: -1.0
Alpha: 1.0
Gamma:1.0

Reward: 33
-1.0 + 1.0 * (33 + 1.0 - -1.0) = 34.0
mai 06, 2020 10:31:25 A.M. hvl.projectparmorel.qlearning.QModelFixer updateQTable
INFO: Updated Q-table for error 29, context 1, action -1193116178 to new weight 34.0
mai 06, 2020 10:31:27 A.M. hvl.projectparmorel.reward.PreferReuse rewardcalculateRewardFor
INFO: Time to get metric: 1826 ms
mai 06, 2020 10:31:27 A.M. hvl.projectparmorel.qlearning.QModelFixer isUnique
INFO: Solution [ErrorAction [Error: 29 There may not be two classifiers named 'Item', Action: setName, Error hierarchy: 1]
] already exists.
mai 06, 2020 10:31:27 A.M. hvl.projectparmorel.qlearning.QModelFixer fixModel
INFO: Solution discarded.
mai 06, 2020 10:31:27 A.M. hvl.projectparmorel.qlearning.QModelFixer fixModel
INFO: EPISODE 24 TOTAL REWARD 31.0



mai 06, 2020 10:31:27 A.M. hvl.projectparmorel.qlearning.QModelFixer fixModel
INFO: Time repairing model: 47895 ms
mai 06, 2020 10:31:27 A.M. hvl.projectparmorel.qlearning.QModelFixer fixModel
INFO: 
-----------------ALL SEQUENCES FOUND-------------------
SIZE: 3
DISCARDED SEQUENCES: 22
--------::::B E S T   S E Q U E N C E   I S::::---------
Sequence [id=11, seq=[ErrorAction [Error: 29 There may not be two classifiers named 'Item', Action: delete, Error hierarchy: 2]
], weight=81.0]

 with 1 actions.
mai 06, 2020 10:31:27 A.M. hvl.projectparmorel.knowledge.Knowledge save
INFO: Saving initialized
mai 06, 2020 10:31:27 A.M. hvl.projectparmorel.knowledge.Knowledge save
INFO: document prepared
mai 06, 2020 10:31:27 A.M. hvl.projectparmorel.knowledge.Knowledge save
INFO: Saving completed to /Users/Magnus/Skole/DAT300/EclipseWorkspace3/ParmorelRunnable/knowledge.xml
mai 06, 2020 10:31:27 A.M. hvl.projectparmorel.knowledge.Knowledge save
INFO: Saving initialized
mai 06, 2020 10:31:27 A.M. hvl.projectparmorel.knowledge.Knowledge save
INFO: document prepared
mai 06, 2020 10:31:27 A.M. hvl.projectparmorel.knowledge.Knowledge save
INFO: Saving completed to /Users/Magnus/Skole/DAT300/EclipseWorkspace3/ParmorelRunnable/knowledge.xml
