apr. 17, 2020 6:35:22 A.M. hvl.projectparmorel.modelrepair.QModelFixer fixModel
INFO: Repairing family.ecore
apr. 17, 2020 6:35:22 A.M. hvl.projectparmorel.modelrepair.QModelFixer fixModel
INFO: Running with preferences [LONG_SEQUENCES_OF_ACTIONS, PUNISH_MODIFICATION_OF_MODEL]
apr. 17, 2020 6:35:22 A.M. hvl.projectparmorel.modelrepair.QModelFixer handleUnsupportedErrors
WARNING: The error code 1 for the error The required feature 'eAttributeType' of 'org.eclipse.emf.ecore.impl.EAttributeImpl@66bd5572{file:/Users/Magnus/Skole/DAT300/EclipseWorkspace2/ParmorelRunnable/././differentSelectionMethodsOriginals/family.ecore#//person/name}' must be set is not supported.
apr. 17, 2020 6:35:22 A.M. hvl.projectparmorel.modelrepair.QModelFixer handleUnsupportedErrors
WARNING: The error code 1 for the error The required feature 'eAttributeType' of 'org.eclipse.emf.ecore.impl.EAttributeImpl@7eedc99{file:/Users/Magnus/Skole/DAT300/EclipseWorkspace2/ParmorelRunnable/././differentSelectionMethodsOriginals/family.ecore#//person/age}' must be set is not supported.
apr. 17, 2020 6:35:22 A.M. hvl.projectparmorel.modelrepair.QModelFixer handleUnsupportedErrors
WARNING: The error code 1 for the error The required feature 'eAttributeType' of 'org.eclipse.emf.ecore.impl.EAttributeImpl@31ff9198{file:/Users/Magnus/Skole/DAT300/EclipseWorkspace2/ParmorelRunnable/././differentSelectionMethodsOriginals/family.ecore#//person/CPR}' must be set is not supported.
apr. 17, 2020 6:35:22 A.M. hvl.projectparmorel.modelrepair.QModelFixer handleUnsupportedErrors
WARNING: The error code 1 for the error The required feature 'eReferenceType' of 'org.eclipse.emf.ecore.impl.EReferenceImpl@4aacdd72{file:/Users/Magnus/Skole/DAT300/EclipseWorkspace2/ParmorelRunnable/././differentSelectionMethodsOriginals/family.ecore#//person/spouse}' must be set is not supported.
apr. 17, 2020 6:35:22 A.M. hvl.projectparmorel.modelrepair.QModelFixer handleUnsupportedErrors
WARNING: The error code 1 for the error The required feature 'eReferenceType' of 'org.eclipse.emf.ecore.impl.EReferenceImpl@46b61790{file:/Users/Magnus/Skole/DAT300/EclipseWorkspace2/ParmorelRunnable/././differentSelectionMethodsOriginals/family.ecore#//person/parent}' must be set is not supported.
apr. 17, 2020 6:35:22 A.M. hvl.projectparmorel.modelrepair.QModelFixer handleUnsupportedErrors
WARNING: The error code 1 for the error The required feature 'eReferenceType' of 'org.eclipse.emf.ecore.impl.EReferenceImpl@374d11cb{file:/Users/Magnus/Skole/DAT300/EclipseWorkspace2/ParmorelRunnable/././differentSelectionMethodsOriginals/family.ecore#//person/children}' must be set is not supported.
apr. 17, 2020 6:35:22 A.M. hvl.projectparmorel.modelrepair.QModelFixer handleUnsupportedErrors
WARNING: The error code 1 for the error The required feature 'eReferenceType' of 'org.eclipse.emf.ecore.impl.EReferenceImpl@7a7335eb{file:/Users/Magnus/Skole/DAT300/EclipseWorkspace2/ParmorelRunnable/././differentSelectionMethodsOriginals/family.ecore#//person/enrollment}' must be set is not supported.
apr. 17, 2020 6:35:22 A.M. hvl.projectparmorel.modelrepair.QModelFixer handleUnsupportedErrors
WARNING: The error code 1 for the error The required feature 'eAttributeType' of 'org.eclipse.emf.ecore.impl.EAttributeImpl@1c4787b9{file:/Users/Magnus/Skole/DAT300/EclipseWorkspace2/ParmorelRunnable/././differentSelectionMethodsOriginals/family.ecore#//university/name}' must be set is not supported.
apr. 17, 2020 6:35:22 A.M. hvl.projectparmorel.modelrepair.QModelFixer handleUnsupportedErrors
WARNING: The error code 1 for the error The required feature 'eReferenceType' of 'org.eclipse.emf.ecore.impl.EReferenceImpl@b4c784b{file:/Users/Magnus/Skole/DAT300/EclipseWorkspace2/ParmorelRunnable/././differentSelectionMethodsOriginals/family.ecore#//university/courses}' must be set is not supported.
apr. 17, 2020 6:35:22 A.M. hvl.projectparmorel.modelrepair.QModelFixer handleUnsupportedErrors
WARNING: The error code 1 for the error The required feature 'eAttributeType' of 'org.eclipse.emf.ecore.impl.EAttributeImpl@7823f196{file:/Users/Magnus/Skole/DAT300/EclipseWorkspace2/ParmorelRunnable/././differentSelectionMethodsOriginals/family.ecore#//course/name}' must be set is not supported.
apr. 17, 2020 6:35:22 A.M. hvl.projectparmorel.modelrepair.QModelFixer handleUnsupportedErrors
WARNING: The error code 1 for the error The required feature 'eReferenceType' of 'org.eclipse.emf.ecore.impl.EReferenceImpl@4980c481{file:/Users/Magnus/Skole/DAT300/EclipseWorkspace2/ParmorelRunnable/././differentSelectionMethodsOriginals/family.ecore#//course/students}' must be set is not supported.
apr. 17, 2020 6:35:22 A.M. hvl.projectparmorel.modelrepair.QModelFixer handleUnsupportedErrors
WARNING: The error code 1 for the error The required feature 'eReferenceType' of 'org.eclipse.emf.ecore.impl.EReferenceImpl@10171968{file:/Users/Magnus/Skole/DAT300/EclipseWorkspace2/ParmorelRunnable/././differentSelectionMethodsOriginals/family.ecore#//Family/members}' must be set is not supported.
apr. 17, 2020 6:35:22 A.M. hvl.projectparmorel.modelrepair.QModelFixer handleUnsupportedErrors
WARNING: The error code 1 for the error The required feature 'eReferenceType' of 'org.eclipse.emf.ecore.impl.EReferenceImpl@30757d11{file:/Users/Magnus/Skole/DAT300/EclipseWorkspace2/ParmorelRunnable/././differentSelectionMethodsOriginals/family.ecore#//Family/Members}' must be set is not supported.
apr. 17, 2020 6:35:22 A.M. hvl.projectparmorel.modelrepair.QModelFixer fixModel
INFO: Initial number of errors in model: 14
Maximum number of steps per episode: 20
Errors to fix: [Error 40, message=The typed element must have a type
, Error 40, message=The typed element must have a type
, Error 40, message=The typed element must have a type
, Error 401, message=The typed element must have a type
, Error 401, message=The typed element must have a type
, Error 401, message=The typed element must have a type
, Error 401, message=The typed element must have a type
, Error 40, message=The typed element must have a type
, Error 401, message=The typed element must have a type
, Error 40, message=The typed element must have a type
, Error 401, message=The typed element must have a type
, Error 32, message=There should not be a feature named 'members' as well a feature named 'Members'
, Error 401, message=The typed element must have a type
, Error 401, message=The typed element must have a type
]
apr. 17, 2020 6:35:22 A.M. hvl.projectparmorel.modelrepair.QModelFixer fixModel
INFO: Initializing Q-table for the errors.
apr. 17, 2020 6:35:22 A.M. hvl.projectparmorel.modelrepair.QModelFixer fixModel
INFO: Number of episodes: 25
apr. 17, 2020 6:35:22 A.M. hvl.projectparmorel.modelrepair.QModelFixer handleEpisode
INFO: EPISODE 0, STEP 0, Fixing error 40: The typed element must have a type
apr. 17, 2020 6:35:22 A.M. hvl.projectparmorel.modelrepair.QModelFixer chooseAction
INFO: Choosing optimal action
apr. 17, 2020 6:35:22 A.M. hvl.projectparmorel.modelrepair.QModelFixer handleStep
INFO: Chose action delete in context 0 with weight 960.0000396884731
apr. 17, 2020 6:35:22 A.M. hvl.projectparmorel.modelrepair.QModelFixer handleStep
INFO: Next error code: 32
apr. 17, 2020 6:35:22 A.M. hvl.projectparmorel.modelrepair.QModelFixer handleStep
INFO: Calculating new Q-value:
Old Q-value: 960.0000396884731
Alpha: 1.0
Gamma: 1.0
Reward: 30
Next optimal action Q-value: 1109.999998076457
960.0000396884731 + 1.0 * (30 + 1.0 * 1109.999998076457 - 960.0000396884731) = 1139.999998076457
apr. 17, 2020 6:35:22 A.M. hvl.projectparmorel.modelrepair.QModelFixer handleStep
INFO: Updated Q-table for error 40, context 0, action 99999 delete to new weight 1139.999998076457


apr. 17, 2020 6:35:22 A.M. hvl.projectparmorel.modelrepair.QModelFixer handleEpisode
INFO: EPISODE 0, STEP 1, Fixing error 32: There should not be a feature named 'members' as well a feature named 'Members'
apr. 17, 2020 6:35:22 A.M. hvl.projectparmorel.modelrepair.QModelFixer chooseAction
INFO: Choosing optimal action
apr. 17, 2020 6:35:22 A.M. hvl.projectparmorel.modelrepair.QModelFixer handleStep
INFO: Chose action delete in context 0 with weight 1109.999998076457
apr. 17, 2020 6:35:22 A.M. hvl.projectparmorel.modelrepair.QModelFixer handleStep
INFO: Calculating new Q-value:
Old Q-value: 1109.999998076457
Alpha: 1.0

Reward: 30
1109.999998076457 + 1.0 * (30 - 1109.999998076457) = 30.0
apr. 17, 2020 6:35:22 A.M. hvl.projectparmorel.modelrepair.QModelFixer handleStep
INFO: Updated Q-table for error 32, context 0, action 99999 delete to new weight 30.0
apr. 17, 2020 6:35:22 A.M. hvl.projectparmorel.modelrepair.QModelFixer handleEpisode
INFO: Solution added to possible solitons: [ErrorAction [Error: 40 The typed element must have a type, Action: delete, Error hierarchy: 0]
, ErrorAction [Error: 32 There should not be a feature named 'members' as well a feature named 'Members', Action: delete, Error hierarchy: 0]
]
apr. 17, 2020 6:35:22 A.M. hvl.projectparmorel.modelrepair.QModelFixer handleEpisode
INFO: EPISODE 0 TOTAL REWARD 60



apr. 17, 2020 6:35:22 A.M. hvl.projectparmorel.modelrepair.QModelFixer handleEpisode
INFO: EPISODE 1, STEP 0, Fixing error 40: The typed element must have a type
apr. 17, 2020 6:35:22 A.M. hvl.projectparmorel.modelrepair.QModelFixer chooseAction
INFO: Choosing optimal action
apr. 17, 2020 6:35:22 A.M. hvl.projectparmorel.modelrepair.QModelFixer handleStep
INFO: Chose action delete in context 0 with weight 1139.999998076457
apr. 17, 2020 6:35:22 A.M. hvl.projectparmorel.modelrepair.QModelFixer handleStep
INFO: Next error code: 32
apr. 17, 2020 6:35:22 A.M. hvl.projectparmorel.modelrepair.QModelFixer handleStep
INFO: Calculating new Q-value:
Old Q-value: 1139.999998076457
Alpha: 0.9608333333333333
Gamma: 1.0
Reward: 30
Next optimal action Q-value: 1074.1915325721711
1139.999998076457 + 0.9608333333333333 * (30 + 1.0 * 1074.1915325721711 - 1139.999998076457) = 1105.5940308044223
apr. 17, 2020 6:35:22 A.M. hvl.projectparmorel.modelrepair.QModelFixer handleStep
INFO: Updated Q-table for error 40, context 0, action 99999 delete to new weight 1105.5940308044223


apr. 17, 2020 6:35:22 A.M. hvl.projectparmorel.modelrepair.QModelFixer handleEpisode
INFO: EPISODE 1, STEP 1, Fixing error 32: There should not be a feature named 'members' as well a feature named 'Members'
apr. 17, 2020 6:35:22 A.M. hvl.projectparmorel.modelrepair.QModelFixer chooseAction
INFO: Choosing optimal action
apr. 17, 2020 6:35:22 A.M. hvl.projectparmorel.modelrepair.QModelFixer handleStep
INFO: Chose action delete in context 1 with weight 1074.1915325721711
apr. 17, 2020 6:35:22 A.M. hvl.projectparmorel.modelrepair.QModelFixer handleStep
INFO: Calculating new Q-value:
Old Q-value: 1074.1915325721711
Alpha: 0.9608333333333333

Reward: 30
1074.1915325721711 + 0.9608333333333333 * (30 - 1074.1915325721711) = 70.89750169241006
apr. 17, 2020 6:35:22 A.M. hvl.projectparmorel.modelrepair.QModelFixer handleStep
INFO: Updated Q-table for error 32, context 1, action 99999 delete to new weight 70.89750169241006
apr. 17, 2020 6:35:22 A.M. hvl.projectparmorel.modelrepair.QModelFixer isUnique
INFO: Solution [ErrorAction [Error: 40 The typed element must have a type, Action: delete, Error hierarchy: 0]
, ErrorAction [Error: 32 There should not be a feature named 'members' as well a feature named 'Members', Action: delete, Error hierarchy: 1]
] already exists.
apr. 17, 2020 6:35:22 A.M. hvl.projectparmorel.modelrepair.QModelFixer handleEpisode
INFO: Solution discarded.
apr. 17, 2020 6:35:22 A.M. hvl.projectparmorel.modelrepair.QModelFixer handleEpisode
INFO: EPISODE 1 TOTAL REWARD 60



apr. 17, 2020 6:35:22 A.M. hvl.projectparmorel.modelrepair.QModelFixer handleEpisode
INFO: EPISODE 2, STEP 0, Fixing error 40: The typed element must have a type
apr. 17, 2020 6:35:22 A.M. hvl.projectparmorel.modelrepair.QModelFixer chooseAction
INFO: Choosing optimal action
apr. 17, 2020 6:35:22 A.M. hvl.projectparmorel.modelrepair.QModelFixer handleStep
INFO: Chose action delete in context 0 with weight 1105.5940308044223
apr. 17, 2020 6:35:22 A.M. hvl.projectparmorel.modelrepair.QModelFixer handleStep
INFO: Next error code: 32
apr. 17, 2020 6:35:22 A.M. hvl.projectparmorel.modelrepair.QModelFixer handleStep
INFO: Calculating new Q-value:
Old Q-value: 1105.5940308044223
Alpha: 0.9216666666666666
Gamma: 1.0
Reward: 30
Next optimal action Q-value: 80.1999969066276
1105.5940308044223 + 0.9216666666666666 * (30 + 1.0 * 80.1999969066276 - 1105.5940308044223) = 188.1725295619549
apr. 17, 2020 6:35:22 A.M. hvl.projectparmorel.modelrepair.QModelFixer handleStep
INFO: Updated Q-table for error 40, context 0, action 99999 delete to new weight 188.1725295619549


apr. 17, 2020 6:35:22 A.M. hvl.projectparmorel.modelrepair.QModelFixer handleEpisode
INFO: EPISODE 2, STEP 1, Fixing error 32: There should not be a feature named 'members' as well a feature named 'Members'
apr. 17, 2020 6:35:22 A.M. hvl.projectparmorel.modelrepair.QModelFixer chooseAction
INFO: Choosing random action.
apr. 17, 2020 6:35:22 A.M. hvl.projectparmorel.modelrepair.QModelFixer handleStep
INFO: Chose action delete in context 0 with weight 30.0
apr. 17, 2020 6:35:22 A.M. hvl.projectparmorel.modelrepair.QModelFixer handleStep
INFO: Calculating new Q-value:
Old Q-value: 30.0
Alpha: 0.9216666666666666

Reward: 30
30.0 + 0.9216666666666666 * (30 - 30.0) = 30.0
apr. 17, 2020 6:35:22 A.M. hvl.projectparmorel.modelrepair.QModelFixer handleStep
INFO: Updated Q-table for error 32, context 0, action 99999 delete to new weight 30.0
apr. 17, 2020 6:35:22 A.M. hvl.projectparmorel.modelrepair.QModelFixer handleEpisode
INFO: Solution added to possible solitons: [ErrorAction [Error: 40 The typed element must have a type, Action: delete, Error hierarchy: 0]
, ErrorAction [Error: 32 There should not be a feature named 'members' as well a feature named 'Members', Action: delete, Error hierarchy: 0]
]
apr. 17, 2020 6:35:22 A.M. hvl.projectparmorel.modelrepair.QModelFixer handleEpisode
INFO: EPISODE 2 TOTAL REWARD 60



apr. 17, 2020 6:35:22 A.M. hvl.projectparmorel.modelrepair.QModelFixer handleEpisode
INFO: EPISODE 3, STEP 0, Fixing error 40: The typed element must have a type
apr. 17, 2020 6:35:22 A.M. hvl.projectparmorel.modelrepair.QModelFixer chooseAction
INFO: Choosing optimal action
apr. 17, 2020 6:35:22 A.M. hvl.projectparmorel.modelrepair.QModelFixer handleStep
INFO: Chose action delete in context 0 with weight 188.1725295619549
apr. 17, 2020 6:35:22 A.M. hvl.projectparmorel.modelrepair.QModelFixer handleStep
INFO: Next error code: 32
apr. 17, 2020 6:35:22 A.M. hvl.projectparmorel.modelrepair.QModelFixer handleStep
INFO: Calculating new Q-value:
Old Q-value: 188.1725295619549
Alpha: 0.8825000000000001
Gamma: 1.0
Reward: 30
Next optimal action Q-value: 80.1999969066276
188.1725295619549 + 0.8825000000000001 * (30 + 1.0 * 80.1999969066276 - 188.1725295619549) = 119.36176949362856
apr. 17, 2020 6:35:22 A.M. hvl.projectparmorel.modelrepair.QModelFixer handleStep
INFO: Updated Q-table for error 40, context 0, action 99999 delete to new weight 119.36176949362856


apr. 17, 2020 6:35:22 A.M. hvl.projectparmorel.modelrepair.QModelFixer handleEpisode
INFO: EPISODE 3, STEP 1, Fixing error 32: There should not be a feature named 'members' as well a feature named 'Members'
apr. 17, 2020 6:35:22 A.M. hvl.projectparmorel.modelrepair.QModelFixer chooseAction
INFO: Choosing optimal action
apr. 17, 2020 6:35:22 A.M. hvl.projectparmorel.modelrepair.QModelFixer handleStep
INFO: Chose action setName in context 2 with weight 80.1999969066276
apr. 17, 2020 6:35:22 A.M. hvl.projectparmorel.modelrepair.QModelFixer handleStep
INFO: Calculating new Q-value:
Old Q-value: 80.1999969066276
Alpha: 0.8825000000000001

Reward: 180
80.1999969066276 + 0.8825000000000001 * (180 - 80.1999969066276) = 168.27349963652875
apr. 17, 2020 6:35:22 A.M. hvl.projectparmorel.modelrepair.QModelFixer handleStep
INFO: Updated Q-table for error 32, context 2, action -801382182 setName to new weight 168.27349963652875
apr. 17, 2020 6:35:22 A.M. hvl.projectparmorel.modelrepair.QModelFixer isUnique
INFO: Solution [ErrorAction [Error: 40 The typed element must have a type, Action: delete, Error hierarchy: 0]
, ErrorAction [Error: 32 There should not be a feature named 'members' as well a feature named 'Members', Action: setName, Error hierarchy: 2]
] already exists.
apr. 17, 2020 6:35:22 A.M. hvl.projectparmorel.modelrepair.QModelFixer handleEpisode
INFO: Solution discarded.
apr. 17, 2020 6:35:22 A.M. hvl.projectparmorel.modelrepair.QModelFixer handleEpisode
INFO: EPISODE 3 TOTAL REWARD 210



apr. 17, 2020 6:35:22 A.M. hvl.projectparmorel.modelrepair.QModelFixer handleEpisode
INFO: EPISODE 4, STEP 0, Fixing error 40: The typed element must have a type
apr. 17, 2020 6:35:22 A.M. hvl.projectparmorel.modelrepair.QModelFixer chooseAction
INFO: Choosing random action.
apr. 17, 2020 6:35:22 A.M. hvl.projectparmorel.modelrepair.QModelFixer handleStep
INFO: Chose action delete in context 0 with weight 119.36176949362856
apr. 17, 2020 6:35:22 A.M. hvl.projectparmorel.modelrepair.QModelFixer handleStep
INFO: Next error code: 32
apr. 17, 2020 6:35:22 A.M. hvl.projectparmorel.modelrepair.QModelFixer handleStep
INFO: Calculating new Q-value:
Old Q-value: 119.36176949362856
Alpha: 0.8433333333333334
Gamma: 1.0
Reward: 30
Next optimal action Q-value: 168.27349963652875
119.36176949362856 + 0.8433333333333334 * (30 + 1.0 * 168.27349963652875 - 119.36176949362856) = 185.91066191414106
apr. 17, 2020 6:35:22 A.M. hvl.projectparmorel.modelrepair.QModelFixer handleStep
INFO: Updated Q-table for error 40, context 0, action 99999 delete to new weight 185.91066191414106


apr. 17, 2020 6:35:22 A.M. hvl.projectparmorel.modelrepair.QModelFixer handleEpisode
INFO: EPISODE 4, STEP 1, Fixing error 32: There should not be a feature named 'members' as well a feature named 'Members'
apr. 17, 2020 6:35:22 A.M. hvl.projectparmorel.modelrepair.QModelFixer chooseAction
INFO: Choosing optimal action
apr. 17, 2020 6:35:22 A.M. hvl.projectparmorel.modelrepair.QModelFixer handleStep
INFO: Chose action setName in context 2 with weight 168.27349963652875
apr. 17, 2020 6:35:22 A.M. hvl.projectparmorel.modelrepair.QModelFixer handleStep
INFO: Calculating new Q-value:
Old Q-value: 168.27349963652875
Alpha: 0.8433333333333334

Reward: 180
168.27349963652875 + 0.8433333333333334 * (180 - 168.27349963652875) = 178.1628482763895
apr. 17, 2020 6:35:22 A.M. hvl.projectparmorel.modelrepair.QModelFixer handleStep
INFO: Updated Q-table for error 32, context 2, action -801382182 setName to new weight 178.1628482763895
apr. 17, 2020 6:35:22 A.M. hvl.projectparmorel.modelrepair.QModelFixer isUnique
INFO: Solution [ErrorAction [Error: 40 The typed element must have a type, Action: delete, Error hierarchy: 0]
, ErrorAction [Error: 32 There should not be a feature named 'members' as well a feature named 'Members', Action: setName, Error hierarchy: 2]
] already exists.
apr. 17, 2020 6:35:22 A.M. hvl.projectparmorel.modelrepair.QModelFixer handleEpisode
INFO: Solution discarded.
apr. 17, 2020 6:35:22 A.M. hvl.projectparmorel.modelrepair.QModelFixer handleEpisode
INFO: EPISODE 4 TOTAL REWARD 210



apr. 17, 2020 6:35:22 A.M. hvl.projectparmorel.modelrepair.QModelFixer handleEpisode
INFO: EPISODE 5, STEP 0, Fixing error 40: The typed element must have a type
apr. 17, 2020 6:35:22 A.M. hvl.projectparmorel.modelrepair.QModelFixer chooseAction
INFO: Choosing random action.
apr. 17, 2020 6:35:22 A.M. hvl.projectparmorel.modelrepair.QModelFixer handleStep
INFO: Chose action delete in context 0 with weight 185.91066191414106
apr. 17, 2020 6:35:22 A.M. hvl.projectparmorel.modelrepair.QModelFixer handleStep
INFO: Next error code: 32
apr. 17, 2020 6:35:22 A.M. hvl.projectparmorel.modelrepair.QModelFixer handleStep
INFO: Calculating new Q-value:
Old Q-value: 185.91066191414106
Alpha: 0.8041666666666667
Gamma: 1.0
Reward: 30
Next optimal action Q-value: 178.1628482763895
185.91066191414106 + 0.8041666666666667 * (30 + 1.0 * 178.1628482763895 - 185.91066191414106) = 203.80512844711583
apr. 17, 2020 6:35:22 A.M. hvl.projectparmorel.modelrepair.QModelFixer handleStep
INFO: Updated Q-table for error 40, context 0, action 99999 delete to new weight 203.80512844711583


apr. 17, 2020 6:35:22 A.M. hvl.projectparmorel.modelrepair.QModelFixer handleEpisode
INFO: EPISODE 5, STEP 1, Fixing error 32: There should not be a feature named 'members' as well a feature named 'Members'
apr. 17, 2020 6:35:22 A.M. hvl.projectparmorel.modelrepair.QModelFixer chooseAction
INFO: Choosing optimal action
apr. 17, 2020 6:35:22 A.M. hvl.projectparmorel.modelrepair.QModelFixer handleStep
INFO: Chose action setName in context 2 with weight 178.1628482763895
apr. 17, 2020 6:35:22 A.M. hvl.projectparmorel.modelrepair.QModelFixer handleStep
INFO: Calculating new Q-value:
Old Q-value: 178.1628482763895
Alpha: 0.8041666666666667

Reward: 180
178.1628482763895 + 0.8041666666666667 * (180 - 178.1628482763895) = 179.64022445412627
apr. 17, 2020 6:35:22 A.M. hvl.projectparmorel.modelrepair.QModelFixer handleStep
INFO: Updated Q-table for error 32, context 2, action -801382182 setName to new weight 179.64022445412627
apr. 17, 2020 6:35:22 A.M. hvl.projectparmorel.modelrepair.QModelFixer isUnique
INFO: Solution [ErrorAction [Error: 40 The typed element must have a type, Action: delete, Error hierarchy: 0]
, ErrorAction [Error: 32 There should not be a feature named 'members' as well a feature named 'Members', Action: setName, Error hierarchy: 2]
] already exists.
apr. 17, 2020 6:35:22 A.M. hvl.projectparmorel.modelrepair.QModelFixer handleEpisode
INFO: Solution discarded.
apr. 17, 2020 6:35:22 A.M. hvl.projectparmorel.modelrepair.QModelFixer handleEpisode
INFO: EPISODE 5 TOTAL REWARD 210



apr. 17, 2020 6:35:22 A.M. hvl.projectparmorel.modelrepair.QModelFixer handleEpisode
INFO: EPISODE 6, STEP 0, Fixing error 40: The typed element must have a type
apr. 17, 2020 6:35:22 A.M. hvl.projectparmorel.modelrepair.QModelFixer chooseAction
INFO: Choosing optimal action
apr. 17, 2020 6:35:22 A.M. hvl.projectparmorel.modelrepair.QModelFixer handleStep
INFO: Chose action delete in context 0 with weight 203.80512844711583
apr. 17, 2020 6:35:22 A.M. hvl.projectparmorel.modelrepair.QModelFixer handleStep
INFO: Next error code: 32
apr. 17, 2020 6:35:22 A.M. hvl.projectparmorel.modelrepair.QModelFixer handleStep
INFO: Calculating new Q-value:
Old Q-value: 203.80512844711583
Alpha: 0.765
Gamma: 1.0
Reward: 30
Next optimal action Q-value: 179.64022445412627
203.80512844711583 + 0.765 * (30 + 1.0 * 179.64022445412627 - 203.80512844711583) = 208.2689768924788
apr. 17, 2020 6:35:22 A.M. hvl.projectparmorel.modelrepair.QModelFixer handleStep
INFO: Updated Q-table for error 40, context 0, action 99999 delete to new weight 208.2689768924788


apr. 17, 2020 6:35:22 A.M. hvl.projectparmorel.modelrepair.QModelFixer handleEpisode
INFO: EPISODE 6, STEP 1, Fixing error 32: There should not be a feature named 'members' as well a feature named 'Members'
apr. 17, 2020 6:35:22 A.M. hvl.projectparmorel.modelrepair.QModelFixer chooseAction
INFO: Choosing optimal action
apr. 17, 2020 6:35:22 A.M. hvl.projectparmorel.modelrepair.QModelFixer handleStep
INFO: Chose action setName in context 2 with weight 179.64022445412627
apr. 17, 2020 6:35:22 A.M. hvl.projectparmorel.modelrepair.QModelFixer handleStep
INFO: Calculating new Q-value:
Old Q-value: 179.64022445412627
Alpha: 0.765

Reward: 180
179.64022445412627 + 0.765 * (180 - 179.64022445412627) = 179.91545274671967
apr. 17, 2020 6:35:22 A.M. hvl.projectparmorel.modelrepair.QModelFixer handleStep
INFO: Updated Q-table for error 32, context 2, action -801382182 setName to new weight 179.91545274671967
apr. 17, 2020 6:35:22 A.M. hvl.projectparmorel.modelrepair.QModelFixer isUnique
INFO: Solution [ErrorAction [Error: 40 The typed element must have a type, Action: delete, Error hierarchy: 0]
, ErrorAction [Error: 32 There should not be a feature named 'members' as well a feature named 'Members', Action: setName, Error hierarchy: 2]
] already exists.
apr. 17, 2020 6:35:22 A.M. hvl.projectparmorel.modelrepair.QModelFixer handleEpisode
INFO: Solution discarded.
apr. 17, 2020 6:35:22 A.M. hvl.projectparmorel.modelrepair.QModelFixer handleEpisode
INFO: EPISODE 6 TOTAL REWARD 210



apr. 17, 2020 6:35:22 A.M. hvl.projectparmorel.modelrepair.QModelFixer handleEpisode
INFO: EPISODE 7, STEP 0, Fixing error 40: The typed element must have a type
apr. 17, 2020 6:35:22 A.M. hvl.projectparmorel.modelrepair.QModelFixer chooseAction
INFO: Choosing optimal action
apr. 17, 2020 6:35:22 A.M. hvl.projectparmorel.modelrepair.QModelFixer handleStep
INFO: Chose action delete in context 0 with weight 208.2689768924788
apr. 17, 2020 6:35:22 A.M. hvl.projectparmorel.modelrepair.QModelFixer handleStep
INFO: Next error code: 32
apr. 17, 2020 6:35:22 A.M. hvl.projectparmorel.modelrepair.QModelFixer handleStep
INFO: Calculating new Q-value:
Old Q-value: 208.2689768924788
Alpha: 0.7258333333333333
Gamma: 1.0
Reward: 30
Next optimal action Q-value: 179.91545274671967
208.2689768924788 + 0.7258333333333333 * (30 + 1.0 * 179.91545274671967 - 208.2689768924788) = 209.4640439500153
apr. 17, 2020 6:35:22 A.M. hvl.projectparmorel.modelrepair.QModelFixer handleStep
INFO: Updated Q-table for error 40, context 0, action 99999 delete to new weight 209.4640439500153


apr. 17, 2020 6:35:22 A.M. hvl.projectparmorel.modelrepair.QModelFixer handleEpisode
INFO: EPISODE 7, STEP 1, Fixing error 32: There should not be a feature named 'members' as well a feature named 'Members'
apr. 17, 2020 6:35:22 A.M. hvl.projectparmorel.modelrepair.QModelFixer chooseAction
INFO: Choosing random action.
apr. 17, 2020 6:35:22 A.M. hvl.projectparmorel.modelrepair.QModelFixer handleStep
INFO: Chose action setName in context 2 with weight 179.91545274671967
apr. 17, 2020 6:35:22 A.M. hvl.projectparmorel.modelrepair.QModelFixer handleStep
INFO: Calculating new Q-value:
Old Q-value: 179.91545274671967
Alpha: 0.7258333333333333

Reward: 180
179.91545274671967 + 0.7258333333333333 * (180 - 179.91545274671967) = 179.9768199613923
apr. 17, 2020 6:35:22 A.M. hvl.projectparmorel.modelrepair.QModelFixer handleStep
INFO: Updated Q-table for error 32, context 2, action -801382182 setName to new weight 179.9768199613923
apr. 17, 2020 6:35:22 A.M. hvl.projectparmorel.modelrepair.QModelFixer isUnique
INFO: Solution [ErrorAction [Error: 40 The typed element must have a type, Action: delete, Error hierarchy: 0]
, ErrorAction [Error: 32 There should not be a feature named 'members' as well a feature named 'Members', Action: setName, Error hierarchy: 2]
] already exists.
apr. 17, 2020 6:35:22 A.M. hvl.projectparmorel.modelrepair.QModelFixer handleEpisode
INFO: Solution discarded.
apr. 17, 2020 6:35:22 A.M. hvl.projectparmorel.modelrepair.QModelFixer handleEpisode
INFO: EPISODE 7 TOTAL REWARD 210



apr. 17, 2020 6:35:22 A.M. hvl.projectparmorel.modelrepair.QModelFixer handleEpisode
INFO: EPISODE 8, STEP 0, Fixing error 40: The typed element must have a type
apr. 17, 2020 6:35:22 A.M. hvl.projectparmorel.modelrepair.QModelFixer chooseAction
INFO: Choosing optimal action
apr. 17, 2020 6:35:22 A.M. hvl.projectparmorel.modelrepair.QModelFixer handleStep
INFO: Chose action delete in context 0 with weight 209.4640439500153
apr. 17, 2020 6:35:22 A.M. hvl.projectparmorel.modelrepair.QModelFixer handleStep
INFO: Next error code: 32
apr. 17, 2020 6:35:22 A.M. hvl.projectparmorel.modelrepair.QModelFixer handleStep
INFO: Calculating new Q-value:
Old Q-value: 209.4640439500153
Alpha: 0.6866666666666668
Gamma: 1.0
Reward: 30
Next optimal action Q-value: 179.9768199613923
209.4640439500153 + 0.6866666666666668 * (30 + 1.0 * 179.9768199613923 - 209.4640439500153) = 209.81615014449417
apr. 17, 2020 6:35:22 A.M. hvl.projectparmorel.modelrepair.QModelFixer handleStep
INFO: Updated Q-table for error 40, context 0, action 99999 delete to new weight 209.81615014449417


apr. 17, 2020 6:35:22 A.M. hvl.projectparmorel.modelrepair.QModelFixer handleEpisode
INFO: EPISODE 8, STEP 1, Fixing error 32: There should not be a feature named 'members' as well a feature named 'Members'
apr. 17, 2020 6:35:22 A.M. hvl.projectparmorel.modelrepair.QModelFixer chooseAction
INFO: Choosing optimal action
apr. 17, 2020 6:35:22 A.M. hvl.projectparmorel.modelrepair.QModelFixer handleStep
INFO: Chose action setName in context 2 with weight 179.9768199613923
apr. 17, 2020 6:35:22 A.M. hvl.projectparmorel.modelrepair.QModelFixer handleStep
INFO: Calculating new Q-value:
Old Q-value: 179.9768199613923
Alpha: 0.6866666666666668

Reward: 180
179.9768199613923 + 0.6866666666666668 * (180 - 179.9768199613923) = 179.99273692123626
apr. 17, 2020 6:35:22 A.M. hvl.projectparmorel.modelrepair.QModelFixer handleStep
INFO: Updated Q-table for error 32, context 2, action -801382182 setName to new weight 179.99273692123626
apr. 17, 2020 6:35:22 A.M. hvl.projectparmorel.modelrepair.QModelFixer isUnique
INFO: Solution [ErrorAction [Error: 40 The typed element must have a type, Action: delete, Error hierarchy: 0]
, ErrorAction [Error: 32 There should not be a feature named 'members' as well a feature named 'Members', Action: setName, Error hierarchy: 2]
] already exists.
apr. 17, 2020 6:35:22 A.M. hvl.projectparmorel.modelrepair.QModelFixer handleEpisode
INFO: Solution discarded.
apr. 17, 2020 6:35:22 A.M. hvl.projectparmorel.modelrepair.QModelFixer handleEpisode
INFO: EPISODE 8 TOTAL REWARD 210



apr. 17, 2020 6:35:22 A.M. hvl.projectparmorel.modelrepair.QModelFixer handleEpisode
INFO: EPISODE 9, STEP 0, Fixing error 40: The typed element must have a type
apr. 17, 2020 6:35:22 A.M. hvl.projectparmorel.modelrepair.QModelFixer chooseAction
INFO: Choosing random action.
apr. 17, 2020 6:35:22 A.M. hvl.projectparmorel.modelrepair.QModelFixer handleStep
INFO: Chose action setEType in context 0 with weight 60.00003850477736
apr. 17, 2020 6:35:22 A.M. hvl.projectparmorel.modelrepair.QModelFixer handleStep
INFO: Next error code: 32
apr. 17, 2020 6:35:22 A.M. hvl.projectparmorel.modelrepair.QModelFixer handleStep
INFO: Calculating new Q-value:
Old Q-value: 60.00003850477736
Alpha: 0.6475
Gamma: 1.0
Reward: 30
Next optimal action Q-value: 179.99273692123626
60.00003850477736 + 0.6475 * (30 + 1.0 * 179.99273692123626 - 60.00003850477736) = 157.1203107294345
apr. 17, 2020 6:35:22 A.M. hvl.projectparmorel.modelrepair.QModelFixer handleStep
INFO: Updated Q-table for error 40, context 0, action 591449609 setEType to new weight 157.1203107294345


apr. 17, 2020 6:35:22 A.M. hvl.projectparmorel.modelrepair.QModelFixer handleEpisode
INFO: EPISODE 9, STEP 1, Fixing error 32: There should not be a feature named 'members' as well a feature named 'Members'
apr. 17, 2020 6:35:22 A.M. hvl.projectparmorel.modelrepair.QModelFixer chooseAction
INFO: Choosing random action.
apr. 17, 2020 6:35:22 A.M. hvl.projectparmorel.modelrepair.QModelFixer handleStep
INFO: Chose action delete in context 1 with weight 70.89750169241006
apr. 17, 2020 6:35:22 A.M. hvl.projectparmorel.modelrepair.QModelFixer handleStep
INFO: Calculating new Q-value:
Old Q-value: 70.89750169241006
Alpha: 0.6475

Reward: 30
70.89750169241006 + 0.6475 * (30 - 70.89750169241006) = 44.41636934657455
apr. 17, 2020 6:35:22 A.M. hvl.projectparmorel.modelrepair.QModelFixer handleStep
INFO: Updated Q-table for error 32, context 1, action 99999 delete to new weight 44.41636934657455
apr. 17, 2020 6:35:22 A.M. hvl.projectparmorel.modelrepair.QModelFixer isUnique
INFO: Solution [ErrorAction [Error: 40 The typed element must have a type, Action: setEType, Error hierarchy: 0]
, ErrorAction [Error: 32 There should not be a feature named 'members' as well a feature named 'Members', Action: delete, Error hierarchy: 1]
] already exists.
apr. 17, 2020 6:35:22 A.M. hvl.projectparmorel.modelrepair.QModelFixer handleEpisode
INFO: Solution discarded.
apr. 17, 2020 6:35:22 A.M. hvl.projectparmorel.modelrepair.QModelFixer handleEpisode
INFO: EPISODE 9 TOTAL REWARD 60



apr. 17, 2020 6:35:22 A.M. hvl.projectparmorel.modelrepair.QModelFixer handleEpisode
INFO: EPISODE 10, STEP 0, Fixing error 40: The typed element must have a type
apr. 17, 2020 6:35:22 A.M. hvl.projectparmorel.modelrepair.QModelFixer chooseAction
INFO: Choosing optimal action
apr. 17, 2020 6:35:22 A.M. hvl.projectparmorel.modelrepair.QModelFixer handleStep
INFO: Chose action delete in context 0 with weight 209.81615014449417
apr. 17, 2020 6:35:22 A.M. hvl.projectparmorel.modelrepair.QModelFixer handleStep
INFO: Next error code: 32
apr. 17, 2020 6:35:22 A.M. hvl.projectparmorel.modelrepair.QModelFixer handleStep
INFO: Calculating new Q-value:
Old Q-value: 209.81615014449417
Alpha: 0.6083333333333334
Gamma: 1.0
Reward: 30
Next optimal action Q-value: 179.99273692123626
209.81615014449417 + 0.6083333333333334 * (30 + 1.0 * 179.99273692123626 - 209.81615014449417) = 209.92357376701227
apr. 17, 2020 6:35:22 A.M. hvl.projectparmorel.modelrepair.QModelFixer handleStep
INFO: Updated Q-table for error 40, context 0, action 99999 delete to new weight 209.92357376701227


apr. 17, 2020 6:35:22 A.M. hvl.projectparmorel.modelrepair.QModelFixer handleEpisode
INFO: EPISODE 10, STEP 1, Fixing error 32: There should not be a feature named 'members' as well a feature named 'Members'
apr. 17, 2020 6:35:22 A.M. hvl.projectparmorel.modelrepair.QModelFixer chooseAction
INFO: Choosing optimal action
apr. 17, 2020 6:35:22 A.M. hvl.projectparmorel.modelrepair.QModelFixer handleStep
INFO: Chose action setName in context 2 with weight 179.99273692123626
apr. 17, 2020 6:35:22 A.M. hvl.projectparmorel.modelrepair.QModelFixer handleStep
INFO: Calculating new Q-value:
Old Q-value: 179.99273692123626
Alpha: 0.6083333333333334

Reward: 180
179.99273692123626 + 0.6083333333333334 * (180 - 179.99273692123626) = 179.99715529415087
apr. 17, 2020 6:35:22 A.M. hvl.projectparmorel.modelrepair.QModelFixer handleStep
INFO: Updated Q-table for error 32, context 2, action -801382182 setName to new weight 179.99715529415087
apr. 17, 2020 6:35:22 A.M. hvl.projectparmorel.modelrepair.QModelFixer isUnique
INFO: Solution [ErrorAction [Error: 40 The typed element must have a type, Action: delete, Error hierarchy: 0]
, ErrorAction [Error: 32 There should not be a feature named 'members' as well a feature named 'Members', Action: setName, Error hierarchy: 2]
] already exists.
apr. 17, 2020 6:35:22 A.M. hvl.projectparmorel.modelrepair.QModelFixer handleEpisode
INFO: Solution discarded.
apr. 17, 2020 6:35:22 A.M. hvl.projectparmorel.modelrepair.QModelFixer handleEpisode
INFO: EPISODE 10 TOTAL REWARD 210



apr. 17, 2020 6:35:22 A.M. hvl.projectparmorel.modelrepair.QModelFixer handleEpisode
INFO: EPISODE 11, STEP 0, Fixing error 40: The typed element must have a type
apr. 17, 2020 6:35:22 A.M. hvl.projectparmorel.modelrepair.QModelFixer chooseAction
INFO: Choosing random action.
apr. 17, 2020 6:35:22 A.M. hvl.projectparmorel.modelrepair.QModelFixer handleStep
INFO: Chose action setEType in context 0 with weight 157.1203107294345
apr. 17, 2020 6:35:22 A.M. hvl.projectparmorel.modelrepair.QModelFixer handleStep
INFO: Next error code: 32
apr. 17, 2020 6:35:22 A.M. hvl.projectparmorel.modelrepair.QModelFixer handleStep
INFO: Calculating new Q-value:
Old Q-value: 157.1203107294345
Alpha: 0.5691666666666666
Gamma: 1.0
Reward: 30
Next optimal action Q-value: 179.99715529415087
157.1203107294345 + 0.5691666666666666 * (30 + 1.0 * 179.99715529415087 - 157.1203107294345) = 187.21604809418557
apr. 17, 2020 6:35:22 A.M. hvl.projectparmorel.modelrepair.QModelFixer handleStep
INFO: Updated Q-table for error 40, context 0, action 591449609 setEType to new weight 187.21604809418557


apr. 17, 2020 6:35:22 A.M. hvl.projectparmorel.modelrepair.QModelFixer handleEpisode
INFO: EPISODE 11, STEP 1, Fixing error 32: There should not be a feature named 'members' as well a feature named 'Members'
apr. 17, 2020 6:35:22 A.M. hvl.projectparmorel.modelrepair.QModelFixer chooseAction
INFO: Choosing optimal action
apr. 17, 2020 6:35:22 A.M. hvl.projectparmorel.modelrepair.QModelFixer handleStep
INFO: Chose action setName in context 2 with weight 179.99715529415087
apr. 17, 2020 6:35:22 A.M. hvl.projectparmorel.modelrepair.QModelFixer handleStep
INFO: Calculating new Q-value:
Old Q-value: 179.99715529415087
Alpha: 0.5691666666666666

Reward: 180
179.99715529415087 + 0.5691666666666666 * (180 - 179.99715529415087) = 179.99877440589665
apr. 17, 2020 6:35:22 A.M. hvl.projectparmorel.modelrepair.QModelFixer handleStep
INFO: Updated Q-table for error 32, context 2, action -801382182 setName to new weight 179.99877440589665
apr. 17, 2020 6:35:22 A.M. hvl.projectparmorel.modelrepair.QModelFixer isUnique
INFO: Solution [ErrorAction [Error: 40 The typed element must have a type, Action: setEType, Error hierarchy: 0]
, ErrorAction [Error: 32 There should not be a feature named 'members' as well a feature named 'Members', Action: setName, Error hierarchy: 2]
] already exists.
apr. 17, 2020 6:35:22 A.M. hvl.projectparmorel.modelrepair.QModelFixer handleEpisode
INFO: Solution discarded.
apr. 17, 2020 6:35:22 A.M. hvl.projectparmorel.modelrepair.QModelFixer handleEpisode
INFO: EPISODE 11 TOTAL REWARD 210



apr. 17, 2020 6:35:22 A.M. hvl.projectparmorel.modelrepair.QModelFixer handleEpisode
INFO: EPISODE 12, STEP 0, Fixing error 40: The typed element must have a type
apr. 17, 2020 6:35:22 A.M. hvl.projectparmorel.modelrepair.QModelFixer chooseAction
INFO: Choosing random action.
apr. 17, 2020 6:35:22 A.M. hvl.projectparmorel.modelrepair.QModelFixer handleStep
INFO: Chose action setEType in context 0 with weight 187.21604809418557
apr. 17, 2020 6:35:22 A.M. hvl.projectparmorel.modelrepair.QModelFixer handleStep
INFO: Next error code: 32
apr. 17, 2020 6:35:22 A.M. hvl.projectparmorel.modelrepair.QModelFixer handleStep
INFO: Calculating new Q-value:
Old Q-value: 187.21604809418557
Alpha: 0.53
Gamma: 1.0
Reward: 30
Next optimal action Q-value: 179.99877440589665
187.21604809418557 + 0.53 * (30 + 1.0 * 179.99877440589665 - 187.21604809418557) = 199.29089303939244
apr. 17, 2020 6:35:22 A.M. hvl.projectparmorel.modelrepair.QModelFixer handleStep
INFO: Updated Q-table for error 40, context 0, action 591449609 setEType to new weight 199.29089303939244


apr. 17, 2020 6:35:22 A.M. hvl.projectparmorel.modelrepair.QModelFixer handleEpisode
INFO: EPISODE 12, STEP 1, Fixing error 32: There should not be a feature named 'members' as well a feature named 'Members'
apr. 17, 2020 6:35:22 A.M. hvl.projectparmorel.modelrepair.QModelFixer chooseAction
INFO: Choosing random action.
apr. 17, 2020 6:35:22 A.M. hvl.projectparmorel.modelrepair.QModelFixer handleStep
INFO: Chose action delete in context 1 with weight 44.41636934657455
apr. 17, 2020 6:35:22 A.M. hvl.projectparmorel.modelrepair.QModelFixer handleStep
INFO: Calculating new Q-value:
Old Q-value: 44.41636934657455
Alpha: 0.53

Reward: 30
44.41636934657455 + 0.53 * (30 - 44.41636934657455) = 36.775693592890036
apr. 17, 2020 6:35:22 A.M. hvl.projectparmorel.modelrepair.QModelFixer handleStep
INFO: Updated Q-table for error 32, context 1, action 99999 delete to new weight 36.775693592890036
apr. 17, 2020 6:35:22 A.M. hvl.projectparmorel.modelrepair.QModelFixer isUnique
INFO: Solution [ErrorAction [Error: 40 The typed element must have a type, Action: setEType, Error hierarchy: 0]
, ErrorAction [Error: 32 There should not be a feature named 'members' as well a feature named 'Members', Action: delete, Error hierarchy: 1]
] already exists.
apr. 17, 2020 6:35:22 A.M. hvl.projectparmorel.modelrepair.QModelFixer handleEpisode
INFO: Solution discarded.
apr. 17, 2020 6:35:22 A.M. hvl.projectparmorel.modelrepair.QModelFixer handleEpisode
INFO: EPISODE 12 TOTAL REWARD 60



apr. 17, 2020 6:35:22 A.M. hvl.projectparmorel.modelrepair.QModelFixer handleEpisode
INFO: EPISODE 13, STEP 0, Fixing error 40: The typed element must have a type
apr. 17, 2020 6:35:22 A.M. hvl.projectparmorel.modelrepair.QModelFixer chooseAction
INFO: Choosing optimal action
apr. 17, 2020 6:35:22 A.M. hvl.projectparmorel.modelrepair.QModelFixer handleStep
INFO: Chose action delete in context 0 with weight 209.92357376701227
apr. 17, 2020 6:35:22 A.M. hvl.projectparmorel.modelrepair.QModelFixer handleStep
INFO: Next error code: 32
apr. 17, 2020 6:35:22 A.M. hvl.projectparmorel.modelrepair.QModelFixer handleStep
INFO: Calculating new Q-value:
Old Q-value: 209.92357376701227
Alpha: 0.49083333333333334
Gamma: 1.0
Reward: 30
Next optimal action Q-value: 179.99877440589665
209.92357376701227 + 0.49083333333333334 * (30 + 1.0 * 179.99877440589665 - 209.92357376701227) = 209.9604847472647
apr. 17, 2020 6:35:22 A.M. hvl.projectparmorel.modelrepair.QModelFixer handleStep
INFO: Updated Q-table for error 40, context 0, action 99999 delete to new weight 209.9604847472647


apr. 17, 2020 6:35:22 A.M. hvl.projectparmorel.modelrepair.QModelFixer handleEpisode
INFO: EPISODE 13, STEP 1, Fixing error 32: There should not be a feature named 'members' as well a feature named 'Members'
apr. 17, 2020 6:35:22 A.M. hvl.projectparmorel.modelrepair.QModelFixer chooseAction
INFO: Choosing optimal action
apr. 17, 2020 6:35:22 A.M. hvl.projectparmorel.modelrepair.QModelFixer handleStep
INFO: Chose action setName in context 2 with weight 179.99877440589665
apr. 17, 2020 6:35:22 A.M. hvl.projectparmorel.modelrepair.QModelFixer handleStep
INFO: Calculating new Q-value:
Old Q-value: 179.99877440589665
Alpha: 0.49083333333333334

Reward: 180
179.99877440589665 + 0.49083333333333334 * (180 - 179.99877440589665) = 179.99937596833573
apr. 17, 2020 6:35:22 A.M. hvl.projectparmorel.modelrepair.QModelFixer handleStep
INFO: Updated Q-table for error 32, context 2, action -801382182 setName to new weight 179.99937596833573
apr. 17, 2020 6:35:22 A.M. hvl.projectparmorel.modelrepair.QModelFixer isUnique
INFO: Solution [ErrorAction [Error: 40 The typed element must have a type, Action: delete, Error hierarchy: 0]
, ErrorAction [Error: 32 There should not be a feature named 'members' as well a feature named 'Members', Action: setName, Error hierarchy: 2]
] already exists.
apr. 17, 2020 6:35:22 A.M. hvl.projectparmorel.modelrepair.QModelFixer handleEpisode
INFO: Solution discarded.
apr. 17, 2020 6:35:22 A.M. hvl.projectparmorel.modelrepair.QModelFixer handleEpisode
INFO: EPISODE 13 TOTAL REWARD 210



apr. 17, 2020 6:35:22 A.M. hvl.projectparmorel.modelrepair.QModelFixer handleEpisode
INFO: EPISODE 14, STEP 0, Fixing error 40: The typed element must have a type
apr. 17, 2020 6:35:22 A.M. hvl.projectparmorel.modelrepair.QModelFixer chooseAction
INFO: Choosing optimal action
apr. 17, 2020 6:35:22 A.M. hvl.projectparmorel.modelrepair.QModelFixer handleStep
INFO: Chose action delete in context 0 with weight 209.9604847472647
apr. 17, 2020 6:35:22 A.M. hvl.projectparmorel.modelrepair.QModelFixer handleStep
INFO: Next error code: 32
apr. 17, 2020 6:35:22 A.M. hvl.projectparmorel.modelrepair.QModelFixer handleStep
INFO: Calculating new Q-value:
Old Q-value: 209.9604847472647
Alpha: 0.45166666666666666
Gamma: 1.0
Reward: 30
Next optimal action Q-value: 179.99937596833573
209.9604847472647 + 0.45166666666666666 * (30 + 1.0 * 179.99937596833573 - 209.9604847472647) = 209.97805061544844
apr. 17, 2020 6:35:22 A.M. hvl.projectparmorel.modelrepair.QModelFixer handleStep
INFO: Updated Q-table for error 40, context 0, action 99999 delete to new weight 209.97805061544844


apr. 17, 2020 6:35:22 A.M. hvl.projectparmorel.modelrepair.QModelFixer handleEpisode
INFO: EPISODE 14, STEP 1, Fixing error 32: There should not be a feature named 'members' as well a feature named 'Members'
apr. 17, 2020 6:35:22 A.M. hvl.projectparmorel.modelrepair.QModelFixer chooseAction
INFO: Choosing optimal action
apr. 17, 2020 6:35:22 A.M. hvl.projectparmorel.modelrepair.QModelFixer handleStep
INFO: Chose action setName in context 2 with weight 179.99937596833573
apr. 17, 2020 6:35:22 A.M. hvl.projectparmorel.modelrepair.QModelFixer handleStep
INFO: Calculating new Q-value:
Old Q-value: 179.99937596833573
Alpha: 0.45166666666666666

Reward: 180
179.99937596833573 + 0.45166666666666666 * (180 - 179.99937596833573) = 179.99965782263743
apr. 17, 2020 6:35:22 A.M. hvl.projectparmorel.modelrepair.QModelFixer handleStep
INFO: Updated Q-table for error 32, context 2, action -801382182 setName to new weight 179.99965782263743
apr. 17, 2020 6:35:22 A.M. hvl.projectparmorel.modelrepair.QModelFixer isUnique
INFO: Solution [ErrorAction [Error: 40 The typed element must have a type, Action: delete, Error hierarchy: 0]
, ErrorAction [Error: 32 There should not be a feature named 'members' as well a feature named 'Members', Action: setName, Error hierarchy: 2]
] already exists.
apr. 17, 2020 6:35:22 A.M. hvl.projectparmorel.modelrepair.QModelFixer handleEpisode
INFO: Solution discarded.
apr. 17, 2020 6:35:22 A.M. hvl.projectparmorel.modelrepair.QModelFixer handleEpisode
INFO: EPISODE 14 TOTAL REWARD 210



apr. 17, 2020 6:35:22 A.M. hvl.projectparmorel.modelrepair.QModelFixer handleEpisode
INFO: EPISODE 15, STEP 0, Fixing error 40: The typed element must have a type
apr. 17, 2020 6:35:22 A.M. hvl.projectparmorel.modelrepair.QModelFixer chooseAction
INFO: Choosing optimal action
apr. 17, 2020 6:35:22 A.M. hvl.projectparmorel.modelrepair.QModelFixer handleStep
INFO: Chose action delete in context 0 with weight 209.97805061544844
apr. 17, 2020 6:35:22 A.M. hvl.projectparmorel.modelrepair.QModelFixer handleStep
INFO: Next error code: 32
apr. 17, 2020 6:35:22 A.M. hvl.projectparmorel.modelrepair.QModelFixer handleStep
INFO: Calculating new Q-value:
Old Q-value: 209.97805061544844
Alpha: 0.4125
Gamma: 1.0
Reward: 30
Next optimal action Q-value: 179.99965782263743
209.97805061544844 + 0.4125 * (30 + 1.0 * 179.99965782263743 - 209.97805061544844) = 209.9869635884139
apr. 17, 2020 6:35:22 A.M. hvl.projectparmorel.modelrepair.QModelFixer handleStep
INFO: Updated Q-table for error 40, context 0, action 99999 delete to new weight 209.9869635884139


apr. 17, 2020 6:35:22 A.M. hvl.projectparmorel.modelrepair.QModelFixer handleEpisode
INFO: EPISODE 15, STEP 1, Fixing error 32: There should not be a feature named 'members' as well a feature named 'Members'
apr. 17, 2020 6:35:22 A.M. hvl.projectparmorel.modelrepair.QModelFixer chooseAction
INFO: Choosing optimal action
apr. 17, 2020 6:35:22 A.M. hvl.projectparmorel.modelrepair.QModelFixer handleStep
INFO: Chose action setName in context 2 with weight 179.99965782263743
apr. 17, 2020 6:35:22 A.M. hvl.projectparmorel.modelrepair.QModelFixer handleStep
INFO: Calculating new Q-value:
Old Q-value: 179.99965782263743
Alpha: 0.4125

Reward: 180
179.99965782263743 + 0.4125 * (180 - 179.99965782263743) = 179.9997989707995
apr. 17, 2020 6:35:22 A.M. hvl.projectparmorel.modelrepair.QModelFixer handleStep
INFO: Updated Q-table for error 32, context 2, action -801382182 setName to new weight 179.9997989707995
apr. 17, 2020 6:35:22 A.M. hvl.projectparmorel.modelrepair.QModelFixer isUnique
INFO: Solution [ErrorAction [Error: 40 The typed element must have a type, Action: delete, Error hierarchy: 0]
, ErrorAction [Error: 32 There should not be a feature named 'members' as well a feature named 'Members', Action: setName, Error hierarchy: 2]
] already exists.
apr. 17, 2020 6:35:22 A.M. hvl.projectparmorel.modelrepair.QModelFixer handleEpisode
INFO: Solution discarded.
apr. 17, 2020 6:35:22 A.M. hvl.projectparmorel.modelrepair.QModelFixer handleEpisode
INFO: EPISODE 15 TOTAL REWARD 210



apr. 17, 2020 6:35:22 A.M. hvl.projectparmorel.modelrepair.QModelFixer handleEpisode
INFO: EPISODE 16, STEP 0, Fixing error 40: The typed element must have a type
apr. 17, 2020 6:35:22 A.M. hvl.projectparmorel.modelrepair.QModelFixer chooseAction
INFO: Choosing optimal action
apr. 17, 2020 6:35:22 A.M. hvl.projectparmorel.modelrepair.QModelFixer handleStep
INFO: Chose action delete in context 0 with weight 209.9869635884139
apr. 17, 2020 6:35:22 A.M. hvl.projectparmorel.modelrepair.QModelFixer handleStep
INFO: Next error code: 32
apr. 17, 2020 6:35:22 A.M. hvl.projectparmorel.modelrepair.QModelFixer handleStep
INFO: Calculating new Q-value:
Old Q-value: 209.9869635884139
Alpha: 0.3733333333333334
Gamma: 1.0
Reward: 30
Next optimal action Q-value: 179.9997989707995
209.9869635884139 + 0.3733333333333334 * (30 + 1.0 * 179.9997989707995 - 209.9869635884139) = 209.9917554645045
apr. 17, 2020 6:35:22 A.M. hvl.projectparmorel.modelrepair.QModelFixer handleStep
INFO: Updated Q-table for error 40, context 0, action 99999 delete to new weight 209.9917554645045


apr. 17, 2020 6:35:22 A.M. hvl.projectparmorel.modelrepair.QModelFixer handleEpisode
INFO: EPISODE 16, STEP 1, Fixing error 32: There should not be a feature named 'members' as well a feature named 'Members'
apr. 17, 2020 6:35:22 A.M. hvl.projectparmorel.modelrepair.QModelFixer chooseAction
INFO: Choosing optimal action
apr. 17, 2020 6:35:22 A.M. hvl.projectparmorel.modelrepair.QModelFixer handleStep
INFO: Chose action setName in context 2 with weight 179.9997989707995
apr. 17, 2020 6:35:22 A.M. hvl.projectparmorel.modelrepair.QModelFixer handleStep
INFO: Calculating new Q-value:
Old Q-value: 179.9997989707995
Alpha: 0.3733333333333334

Reward: 180
179.9997989707995 + 0.3733333333333334 * (180 - 179.9997989707995) = 179.99987402170103
apr. 17, 2020 6:35:22 A.M. hvl.projectparmorel.modelrepair.QModelFixer handleStep
INFO: Updated Q-table for error 32, context 2, action -801382182 setName to new weight 179.99987402170103
apr. 17, 2020 6:35:22 A.M. hvl.projectparmorel.modelrepair.QModelFixer isUnique
INFO: Solution [ErrorAction [Error: 40 The typed element must have a type, Action: delete, Error hierarchy: 0]
, ErrorAction [Error: 32 There should not be a feature named 'members' as well a feature named 'Members', Action: setName, Error hierarchy: 2]
] already exists.
apr. 17, 2020 6:35:22 A.M. hvl.projectparmorel.modelrepair.QModelFixer handleEpisode
INFO: Solution discarded.
apr. 17, 2020 6:35:22 A.M. hvl.projectparmorel.modelrepair.QModelFixer handleEpisode
INFO: EPISODE 16 TOTAL REWARD 210



apr. 17, 2020 6:35:22 A.M. hvl.projectparmorel.modelrepair.QModelFixer handleEpisode
INFO: EPISODE 17, STEP 0, Fixing error 40: The typed element must have a type
apr. 17, 2020 6:35:22 A.M. hvl.projectparmorel.modelrepair.QModelFixer chooseAction
INFO: Choosing random action.
apr. 17, 2020 6:35:22 A.M. hvl.projectparmorel.modelrepair.QModelFixer handleStep
INFO: Chose action delete in context 0 with weight 209.9917554645045
apr. 17, 2020 6:35:22 A.M. hvl.projectparmorel.modelrepair.QModelFixer handleStep
INFO: Next error code: 32
apr. 17, 2020 6:35:22 A.M. hvl.projectparmorel.modelrepair.QModelFixer handleStep
INFO: Calculating new Q-value:
Old Q-value: 209.9917554645045
Alpha: 0.3341666666666667
Gamma: 1.0
Reward: 30
Next optimal action Q-value: 179.99987402170103
209.9917554645045 + 0.3341666666666667 * (30 + 1.0 * 179.99987402170103 - 209.9917554645045) = 209.99446841570102
apr. 17, 2020 6:35:22 A.M. hvl.projectparmorel.modelrepair.QModelFixer handleStep
INFO: Updated Q-table for error 40, context 0, action 99999 delete to new weight 209.99446841570102


apr. 17, 2020 6:35:22 A.M. hvl.projectparmorel.modelrepair.QModelFixer handleEpisode
INFO: EPISODE 17, STEP 1, Fixing error 32: There should not be a feature named 'members' as well a feature named 'Members'
apr. 17, 2020 6:35:22 A.M. hvl.projectparmorel.modelrepair.QModelFixer chooseAction
INFO: Choosing optimal action
apr. 17, 2020 6:35:22 A.M. hvl.projectparmorel.modelrepair.QModelFixer handleStep
INFO: Chose action setName in context 2 with weight 179.99987402170103
apr. 17, 2020 6:35:22 A.M. hvl.projectparmorel.modelrepair.QModelFixer handleStep
INFO: Calculating new Q-value:
Old Q-value: 179.99987402170103
Alpha: 0.3341666666666667

Reward: 180
179.99987402170103 + 0.3341666666666667 * (180 - 179.99987402170103) = 179.99991611944927
apr. 17, 2020 6:35:22 A.M. hvl.projectparmorel.modelrepair.QModelFixer handleStep
INFO: Updated Q-table for error 32, context 2, action -801382182 setName to new weight 179.99991611944927
apr. 17, 2020 6:35:22 A.M. hvl.projectparmorel.modelrepair.QModelFixer isUnique
INFO: Solution [ErrorAction [Error: 40 The typed element must have a type, Action: delete, Error hierarchy: 0]
, ErrorAction [Error: 32 There should not be a feature named 'members' as well a feature named 'Members', Action: setName, Error hierarchy: 2]
] already exists.
apr. 17, 2020 6:35:22 A.M. hvl.projectparmorel.modelrepair.QModelFixer handleEpisode
INFO: Solution discarded.
apr. 17, 2020 6:35:22 A.M. hvl.projectparmorel.modelrepair.QModelFixer handleEpisode
INFO: EPISODE 17 TOTAL REWARD 210



apr. 17, 2020 6:35:22 A.M. hvl.projectparmorel.modelrepair.QModelFixer handleEpisode
INFO: EPISODE 18, STEP 0, Fixing error 40: The typed element must have a type
apr. 17, 2020 6:35:22 A.M. hvl.projectparmorel.modelrepair.QModelFixer chooseAction
INFO: Choosing random action.
apr. 17, 2020 6:35:22 A.M. hvl.projectparmorel.modelrepair.QModelFixer handleStep
INFO: Chose action delete in context 0 with weight 209.99446841570102
apr. 17, 2020 6:35:22 A.M. hvl.projectparmorel.modelrepair.QModelFixer handleStep
INFO: Next error code: 32
apr. 17, 2020 6:35:22 A.M. hvl.projectparmorel.modelrepair.QModelFixer handleStep
INFO: Calculating new Q-value:
Old Q-value: 209.99446841570102
Alpha: 0.29500000000000004
Gamma: 1.0
Reward: 30
Next optimal action Q-value: 179.99991611944927
209.99446841570102 + 0.29500000000000004 * (30 + 1.0 * 179.99991611944927 - 209.99446841570102) = 209.99607548830676
apr. 17, 2020 6:35:22 A.M. hvl.projectparmorel.modelrepair.QModelFixer handleStep
INFO: Updated Q-table for error 40, context 0, action 99999 delete to new weight 209.99607548830676


apr. 17, 2020 6:35:22 A.M. hvl.projectparmorel.modelrepair.QModelFixer handleEpisode
INFO: EPISODE 18, STEP 1, Fixing error 32: There should not be a feature named 'members' as well a feature named 'Members'
apr. 17, 2020 6:35:22 A.M. hvl.projectparmorel.modelrepair.QModelFixer chooseAction
INFO: Choosing optimal action
apr. 17, 2020 6:35:22 A.M. hvl.projectparmorel.modelrepair.QModelFixer handleStep
INFO: Chose action setName in context 2 with weight 179.99991611944927
apr. 17, 2020 6:35:22 A.M. hvl.projectparmorel.modelrepair.QModelFixer handleStep
INFO: Calculating new Q-value:
Old Q-value: 179.99991611944927
Alpha: 0.29500000000000004

Reward: 180
179.99991611944927 + 0.29500000000000004 * (180 - 179.99991611944927) = 179.99994086421174
apr. 17, 2020 6:35:22 A.M. hvl.projectparmorel.modelrepair.QModelFixer handleStep
INFO: Updated Q-table for error 32, context 2, action -801382182 setName to new weight 179.99994086421174
apr. 17, 2020 6:35:22 A.M. hvl.projectparmorel.modelrepair.QModelFixer isUnique
INFO: Solution [ErrorAction [Error: 40 The typed element must have a type, Action: delete, Error hierarchy: 0]
, ErrorAction [Error: 32 There should not be a feature named 'members' as well a feature named 'Members', Action: setName, Error hierarchy: 2]
] already exists.
apr. 17, 2020 6:35:22 A.M. hvl.projectparmorel.modelrepair.QModelFixer handleEpisode
INFO: Solution discarded.
apr. 17, 2020 6:35:22 A.M. hvl.projectparmorel.modelrepair.QModelFixer handleEpisode
INFO: EPISODE 18 TOTAL REWARD 210



apr. 17, 2020 6:35:22 A.M. hvl.projectparmorel.modelrepair.QModelFixer handleEpisode
INFO: EPISODE 19, STEP 0, Fixing error 40: The typed element must have a type
apr. 17, 2020 6:35:22 A.M. hvl.projectparmorel.modelrepair.QModelFixer chooseAction
INFO: Choosing random action.
apr. 17, 2020 6:35:22 A.M. hvl.projectparmorel.modelrepair.QModelFixer handleStep
INFO: Chose action setEType in context 0 with weight 199.29089303939244
apr. 17, 2020 6:35:22 A.M. hvl.projectparmorel.modelrepair.QModelFixer handleStep
INFO: Next error code: 32
apr. 17, 2020 6:35:22 A.M. hvl.projectparmorel.modelrepair.QModelFixer handleStep
INFO: Calculating new Q-value:
Old Q-value: 199.29089303939244
Alpha: 0.25583333333333336
Gamma: 1.0
Reward: 30
Next optimal action Q-value: 179.99994086421174
199.29089303939244 + 0.25583333333333336 * (30 + 1.0 * 179.99994086421174 - 199.29089303939244) = 202.03062444124205
apr. 17, 2020 6:35:22 A.M. hvl.projectparmorel.modelrepair.QModelFixer handleStep
INFO: Updated Q-table for error 40, context 0, action 591449609 setEType to new weight 202.03062444124205


apr. 17, 2020 6:35:22 A.M. hvl.projectparmorel.modelrepair.QModelFixer handleEpisode
INFO: EPISODE 19, STEP 1, Fixing error 32: There should not be a feature named 'members' as well a feature named 'Members'
apr. 17, 2020 6:35:22 A.M. hvl.projectparmorel.modelrepair.QModelFixer chooseAction
INFO: Choosing optimal action
apr. 17, 2020 6:35:22 A.M. hvl.projectparmorel.modelrepair.QModelFixer handleStep
INFO: Chose action setName in context 2 with weight 179.99994086421174
apr. 17, 2020 6:35:22 A.M. hvl.projectparmorel.modelrepair.QModelFixer handleStep
INFO: Calculating new Q-value:
Old Q-value: 179.99994086421174
Alpha: 0.25583333333333336

Reward: 180
179.99994086421174 + 0.25583333333333336 * (180 - 179.99994086421174) = 179.99995599311757
apr. 17, 2020 6:35:22 A.M. hvl.projectparmorel.modelrepair.QModelFixer handleStep
INFO: Updated Q-table for error 32, context 2, action -801382182 setName to new weight 179.99995599311757
apr. 17, 2020 6:35:22 A.M. hvl.projectparmorel.modelrepair.QModelFixer isUnique
INFO: Solution [ErrorAction [Error: 40 The typed element must have a type, Action: setEType, Error hierarchy: 0]
, ErrorAction [Error: 32 There should not be a feature named 'members' as well a feature named 'Members', Action: setName, Error hierarchy: 2]
] already exists.
apr. 17, 2020 6:35:22 A.M. hvl.projectparmorel.modelrepair.QModelFixer handleEpisode
INFO: Solution discarded.
apr. 17, 2020 6:35:22 A.M. hvl.projectparmorel.modelrepair.QModelFixer handleEpisode
INFO: EPISODE 19 TOTAL REWARD 210



apr. 17, 2020 6:35:22 A.M. hvl.projectparmorel.modelrepair.QModelFixer handleEpisode
INFO: EPISODE 20, STEP 0, Fixing error 40: The typed element must have a type
apr. 17, 2020 6:35:22 A.M. hvl.projectparmorel.modelrepair.QModelFixer chooseAction
INFO: Choosing optimal action
apr. 17, 2020 6:35:22 A.M. hvl.projectparmorel.modelrepair.QModelFixer handleStep
INFO: Chose action delete in context 0 with weight 209.99607548830676
apr. 17, 2020 6:35:22 A.M. hvl.projectparmorel.modelrepair.QModelFixer handleStep
INFO: Next error code: 32
apr. 17, 2020 6:35:22 A.M. hvl.projectparmorel.modelrepair.QModelFixer handleStep
INFO: Calculating new Q-value:
Old Q-value: 209.99607548830676
Alpha: 0.21666666666666679
Gamma: 1.0
Reward: 30
Next optimal action Q-value: 179.99995599311757
209.99607548830676 + 0.21666666666666679 * (30 + 1.0 * 179.99995599311757 - 209.99607548830676) = 209.9969162643491
apr. 17, 2020 6:35:22 A.M. hvl.projectparmorel.modelrepair.QModelFixer handleStep
INFO: Updated Q-table for error 40, context 0, action 99999 delete to new weight 209.9969162643491


apr. 17, 2020 6:35:22 A.M. hvl.projectparmorel.modelrepair.QModelFixer handleEpisode
INFO: EPISODE 20, STEP 1, Fixing error 32: There should not be a feature named 'members' as well a feature named 'Members'
apr. 17, 2020 6:35:22 A.M. hvl.projectparmorel.modelrepair.QModelFixer chooseAction
INFO: Choosing optimal action
apr. 17, 2020 6:35:22 A.M. hvl.projectparmorel.modelrepair.QModelFixer handleStep
INFO: Chose action setName in context 2 with weight 179.99995599311757
apr. 17, 2020 6:35:22 A.M. hvl.projectparmorel.modelrepair.QModelFixer handleStep
INFO: Calculating new Q-value:
Old Q-value: 179.99995599311757
Alpha: 0.21666666666666679

Reward: 180
179.99995599311757 + 0.21666666666666679 * (180 - 179.99995599311757) = 179.9999655279421
apr. 17, 2020 6:35:22 A.M. hvl.projectparmorel.modelrepair.QModelFixer handleStep
INFO: Updated Q-table for error 32, context 2, action -801382182 setName to new weight 179.9999655279421
apr. 17, 2020 6:35:22 A.M. hvl.projectparmorel.modelrepair.QModelFixer isUnique
INFO: Solution [ErrorAction [Error: 40 The typed element must have a type, Action: delete, Error hierarchy: 0]
, ErrorAction [Error: 32 There should not be a feature named 'members' as well a feature named 'Members', Action: setName, Error hierarchy: 2]
] already exists.
apr. 17, 2020 6:35:22 A.M. hvl.projectparmorel.modelrepair.QModelFixer handleEpisode
INFO: Solution discarded.
apr. 17, 2020 6:35:22 A.M. hvl.projectparmorel.modelrepair.QModelFixer handleEpisode
INFO: EPISODE 20 TOTAL REWARD 210



apr. 17, 2020 6:35:22 A.M. hvl.projectparmorel.modelrepair.QModelFixer handleEpisode
INFO: EPISODE 21, STEP 0, Fixing error 40: The typed element must have a type
apr. 17, 2020 6:35:22 A.M. hvl.projectparmorel.modelrepair.QModelFixer chooseAction
INFO: Choosing optimal action
apr. 17, 2020 6:35:22 A.M. hvl.projectparmorel.modelrepair.QModelFixer handleStep
INFO: Chose action delete in context 0 with weight 209.9969162643491
apr. 17, 2020 6:35:22 A.M. hvl.projectparmorel.modelrepair.QModelFixer handleStep
INFO: Next error code: 32
apr. 17, 2020 6:35:22 A.M. hvl.projectparmorel.modelrepair.QModelFixer handleStep
INFO: Calculating new Q-value:
Old Q-value: 209.9969162643491
Alpha: 0.1775000000000001
Gamma: 1.0
Reward: 30
Next optimal action Q-value: 179.9999655279421
209.9969162643491 + 0.1775000000000001 * (30 + 1.0 * 179.9999655279421 - 209.9969162643491) = 209.99745750863684
apr. 17, 2020 6:35:22 A.M. hvl.projectparmorel.modelrepair.QModelFixer handleStep
INFO: Updated Q-table for error 40, context 0, action 99999 delete to new weight 209.99745750863684


apr. 17, 2020 6:35:22 A.M. hvl.projectparmorel.modelrepair.QModelFixer handleEpisode
INFO: EPISODE 21, STEP 1, Fixing error 32: There should not be a feature named 'members' as well a feature named 'Members'
apr. 17, 2020 6:35:22 A.M. hvl.projectparmorel.modelrepair.QModelFixer chooseAction
INFO: Choosing optimal action
apr. 17, 2020 6:35:22 A.M. hvl.projectparmorel.modelrepair.QModelFixer handleStep
INFO: Chose action setName in context 2 with weight 179.9999655279421
apr. 17, 2020 6:35:22 A.M. hvl.projectparmorel.modelrepair.QModelFixer handleStep
INFO: Calculating new Q-value:
Old Q-value: 179.9999655279421
Alpha: 0.1775000000000001

Reward: 180
179.9999655279421 + 0.1775000000000001 * (180 - 179.9999655279421) = 179.99997164673238
apr. 17, 2020 6:35:22 A.M. hvl.projectparmorel.modelrepair.QModelFixer handleStep
INFO: Updated Q-table for error 32, context 2, action -801382182 setName to new weight 179.99997164673238
apr. 17, 2020 6:35:22 A.M. hvl.projectparmorel.modelrepair.QModelFixer isUnique
INFO: Solution [ErrorAction [Error: 40 The typed element must have a type, Action: delete, Error hierarchy: 0]
, ErrorAction [Error: 32 There should not be a feature named 'members' as well a feature named 'Members', Action: setName, Error hierarchy: 2]
] already exists.
apr. 17, 2020 6:35:22 A.M. hvl.projectparmorel.modelrepair.QModelFixer handleEpisode
INFO: Solution discarded.
apr. 17, 2020 6:35:22 A.M. hvl.projectparmorel.modelrepair.QModelFixer handleEpisode
INFO: EPISODE 21 TOTAL REWARD 210



apr. 17, 2020 6:35:22 A.M. hvl.projectparmorel.modelrepair.QModelFixer handleEpisode
INFO: EPISODE 22, STEP 0, Fixing error 40: The typed element must have a type
apr. 17, 2020 6:35:22 A.M. hvl.projectparmorel.modelrepair.QModelFixer chooseAction
INFO: Choosing optimal action
apr. 17, 2020 6:35:22 A.M. hvl.projectparmorel.modelrepair.QModelFixer handleStep
INFO: Chose action delete in context 0 with weight 209.99745750863684
apr. 17, 2020 6:35:22 A.M. hvl.projectparmorel.modelrepair.QModelFixer handleStep
INFO: Next error code: 32
apr. 17, 2020 6:35:22 A.M. hvl.projectparmorel.modelrepair.QModelFixer handleStep
INFO: Calculating new Q-value:
Old Q-value: 209.99745750863684
Alpha: 0.1383333333333333
Gamma: 1.0
Reward: 30
Next optimal action Q-value: 179.99997164673238
209.99745750863684 + 0.1383333333333333 * (30 + 1.0 * 179.99997164673238 - 209.99745750863684) = 209.99780529774006
apr. 17, 2020 6:35:22 A.M. hvl.projectparmorel.modelrepair.QModelFixer handleStep
INFO: Updated Q-table for error 40, context 0, action 99999 delete to new weight 209.99780529774006


apr. 17, 2020 6:35:22 A.M. hvl.projectparmorel.modelrepair.QModelFixer handleEpisode
INFO: EPISODE 22, STEP 1, Fixing error 32: There should not be a feature named 'members' as well a feature named 'Members'
apr. 17, 2020 6:35:22 A.M. hvl.projectparmorel.modelrepair.QModelFixer chooseAction
INFO: Choosing optimal action
apr. 17, 2020 6:35:22 A.M. hvl.projectparmorel.modelrepair.QModelFixer handleStep
INFO: Chose action setName in context 2 with weight 179.99997164673238
apr. 17, 2020 6:35:22 A.M. hvl.projectparmorel.modelrepair.QModelFixer handleStep
INFO: Calculating new Q-value:
Old Q-value: 179.99997164673238
Alpha: 0.1383333333333333

Reward: 180
179.99997164673238 + 0.1383333333333333 * (180 - 179.99997164673238) = 179.9999755689344
apr. 17, 2020 6:35:22 A.M. hvl.projectparmorel.modelrepair.QModelFixer handleStep
INFO: Updated Q-table for error 32, context 2, action -801382182 setName to new weight 179.9999755689344
apr. 17, 2020 6:35:22 A.M. hvl.projectparmorel.modelrepair.QModelFixer isUnique
INFO: Solution [ErrorAction [Error: 40 The typed element must have a type, Action: delete, Error hierarchy: 0]
, ErrorAction [Error: 32 There should not be a feature named 'members' as well a feature named 'Members', Action: setName, Error hierarchy: 2]
] already exists.
apr. 17, 2020 6:35:22 A.M. hvl.projectparmorel.modelrepair.QModelFixer handleEpisode
INFO: Solution discarded.
apr. 17, 2020 6:35:22 A.M. hvl.projectparmorel.modelrepair.QModelFixer handleEpisode
INFO: EPISODE 22 TOTAL REWARD 210



apr. 17, 2020 6:35:22 A.M. hvl.projectparmorel.modelrepair.QModelFixer handleEpisode
INFO: EPISODE 23, STEP 0, Fixing error 40: The typed element must have a type
apr. 17, 2020 6:35:22 A.M. hvl.projectparmorel.modelrepair.QModelFixer chooseAction
INFO: Choosing optimal action
apr. 17, 2020 6:35:22 A.M. hvl.projectparmorel.modelrepair.QModelFixer handleStep
INFO: Chose action delete in context 0 with weight 209.99780529774006
apr. 17, 2020 6:35:22 A.M. hvl.projectparmorel.modelrepair.QModelFixer handleStep
INFO: Next error code: 32
apr. 17, 2020 6:35:22 A.M. hvl.projectparmorel.modelrepair.QModelFixer handleStep
INFO: Calculating new Q-value:
Old Q-value: 209.99780529774006
Alpha: 0.09916666666666674
Gamma: 1.0
Reward: 30
Next optimal action Q-value: 179.9999755689344
209.99780529774006 + 0.09916666666666674 * (30 + 1.0 * 179.9999755689344 - 209.99780529774006) = 209.99802051630016
apr. 17, 2020 6:35:22 A.M. hvl.projectparmorel.modelrepair.QModelFixer handleStep
INFO: Updated Q-table for error 40, context 0, action 99999 delete to new weight 209.99802051630016


apr. 17, 2020 6:35:22 A.M. hvl.projectparmorel.modelrepair.QModelFixer handleEpisode
INFO: EPISODE 23, STEP 1, Fixing error 32: There should not be a feature named 'members' as well a feature named 'Members'
apr. 17, 2020 6:35:22 A.M. hvl.projectparmorel.modelrepair.QModelFixer chooseAction
INFO: Choosing optimal action
apr. 17, 2020 6:35:22 A.M. hvl.projectparmorel.modelrepair.QModelFixer handleStep
INFO: Chose action setName in context 2 with weight 179.9999755689344
apr. 17, 2020 6:35:22 A.M. hvl.projectparmorel.modelrepair.QModelFixer handleStep
INFO: Calculating new Q-value:
Old Q-value: 179.9999755689344
Alpha: 0.09916666666666674

Reward: 180
179.9999755689344 + 0.09916666666666674 * (180 - 179.9999755689344) = 179.99997799168173
apr. 17, 2020 6:35:22 A.M. hvl.projectparmorel.modelrepair.QModelFixer handleStep
INFO: Updated Q-table for error 32, context 2, action -801382182 setName to new weight 179.99997799168173
apr. 17, 2020 6:35:22 A.M. hvl.projectparmorel.modelrepair.QModelFixer isUnique
INFO: Solution [ErrorAction [Error: 40 The typed element must have a type, Action: delete, Error hierarchy: 0]
, ErrorAction [Error: 32 There should not be a feature named 'members' as well a feature named 'Members', Action: setName, Error hierarchy: 2]
] already exists.
apr. 17, 2020 6:35:22 A.M. hvl.projectparmorel.modelrepair.QModelFixer handleEpisode
INFO: Solution discarded.
apr. 17, 2020 6:35:22 A.M. hvl.projectparmorel.modelrepair.QModelFixer handleEpisode
INFO: EPISODE 23 TOTAL REWARD 210



apr. 17, 2020 6:35:22 A.M. hvl.projectparmorel.modelrepair.QModelFixer handleEpisode
INFO: EPISODE 24, STEP 0, Fixing error 40: The typed element must have a type
apr. 17, 2020 6:35:22 A.M. hvl.projectparmorel.modelrepair.QModelFixer chooseAction
INFO: Choosing optimal action
apr. 17, 2020 6:35:22 A.M. hvl.projectparmorel.modelrepair.QModelFixer handleStep
INFO: Chose action delete in context 0 with weight 209.99802051630016
apr. 17, 2020 6:35:22 A.M. hvl.projectparmorel.modelrepair.QModelFixer handleStep
INFO: Next error code: 32
apr. 17, 2020 6:35:22 A.M. hvl.projectparmorel.modelrepair.QModelFixer handleStep
INFO: Calculating new Q-value:
Old Q-value: 209.99802051630016
Alpha: 0.06000000000000005
Gamma: 1.0
Reward: 30
Next optimal action Q-value: 179.99997799168173
209.99802051630016 + 0.06000000000000005 * (30 + 1.0 * 179.99997799168173 - 209.99802051630016) = 209.99813796482306
apr. 17, 2020 6:35:22 A.M. hvl.projectparmorel.modelrepair.QModelFixer handleStep
INFO: Updated Q-table for error 40, context 0, action 99999 delete to new weight 209.99813796482306


apr. 17, 2020 6:35:22 A.M. hvl.projectparmorel.modelrepair.QModelFixer handleEpisode
INFO: EPISODE 24, STEP 1, Fixing error 32: There should not be a feature named 'members' as well a feature named 'Members'
apr. 17, 2020 6:35:22 A.M. hvl.projectparmorel.modelrepair.QModelFixer chooseAction
INFO: Choosing optimal action
apr. 17, 2020 6:35:22 A.M. hvl.projectparmorel.modelrepair.QModelFixer handleStep
INFO: Chose action setName in context 2 with weight 179.99997799168173
apr. 17, 2020 6:35:22 A.M. hvl.projectparmorel.modelrepair.QModelFixer handleStep
INFO: Calculating new Q-value:
Old Q-value: 179.99997799168173
Alpha: 0.06000000000000005

Reward: 180
179.99997799168173 + 0.06000000000000005 * (180 - 179.99997799168173) = 179.99997931218084
apr. 17, 2020 6:35:22 A.M. hvl.projectparmorel.modelrepair.QModelFixer handleStep
INFO: Updated Q-table for error 32, context 2, action -801382182 setName to new weight 179.99997931218084
apr. 17, 2020 6:35:22 A.M. hvl.projectparmorel.modelrepair.QModelFixer isUnique
INFO: Solution [ErrorAction [Error: 40 The typed element must have a type, Action: delete, Error hierarchy: 0]
, ErrorAction [Error: 32 There should not be a feature named 'members' as well a feature named 'Members', Action: setName, Error hierarchy: 2]
] already exists.
apr. 17, 2020 6:35:22 A.M. hvl.projectparmorel.modelrepair.QModelFixer handleEpisode
INFO: Solution discarded.
apr. 17, 2020 6:35:22 A.M. hvl.projectparmorel.modelrepair.QModelFixer handleEpisode
INFO: EPISODE 24 TOTAL REWARD 210



apr. 17, 2020 6:35:22 A.M. hvl.projectparmorel.reward.PreferLongSequencesOfActions rewardPostRepair
INFO: Rewarded solution 0 with a weight of 2000 because of preferences to reward longer sequences.
apr. 17, 2020 6:35:22 A.M. hvl.projectparmorel.modelrepair.QModelFixer fixModel
INFO: Time repairing model: 534 ms
apr. 17, 2020 6:35:22 A.M. hvl.projectparmorel.modelrepair.QModelFixer fixModel
INFO: 
-----------------ALL SEQUENCES FOUND-------------------
SIZE: 2
DISCARDED SEQUENCES: 23
--------::::B E S T   S E Q U E N C E   I S::::---------
Sequence [id=0, seq=[ErrorAction [Error: 40 The typed element must have a type, Action: delete, Error hierarchy: 0]
, ErrorAction [Error: 32 There should not be a feature named 'members' as well a feature named 'Members', Action: delete, Error hierarchy: 0]
], weight=2060.0]

 with 2 actions.
apr. 17, 2020 6:35:22 A.M. hvl.projectparmorel.knowledge.Knowledge save
INFO: Saving initialized
apr. 17, 2020 6:35:22 A.M. hvl.projectparmorel.knowledge.Knowledge save
INFO: document prepared
apr. 17, 2020 6:35:22 A.M. hvl.projectparmorel.knowledge.Knowledge save
INFO: Saving completed to /Users/Magnus/Skole/DAT300/EclipseWorkspace2/ParmorelRunnable/knowledge.xml
apr. 17, 2020 6:35:22 A.M. hvl.projectparmorel.knowledge.Knowledge save
INFO: Saving initialized
apr. 17, 2020 6:35:22 A.M. hvl.projectparmorel.knowledge.Knowledge save
INFO: document prepared
apr. 17, 2020 6:35:22 A.M. hvl.projectparmorel.knowledge.Knowledge save
INFO: Saving completed to /Users/Magnus/Skole/DAT300/EclipseWorkspace2/ParmorelRunnable/knowledge.xml
