mai 05, 2020 11:01:26 P.M. hvl.projectparmorel.qlearning.QModelFixer fixModel
INFO: Repairing order.ecore
mai 05, 2020 11:01:26 P.M. hvl.projectparmorel.qlearning.QModelFixer fixModel
INFO: Running with preferences [PREFER_CLOSE_DISTANCE_TO_ORIGINAL, PREFER_UNDERSTANDABILITY]
mai 05, 2020 11:01:26 P.M. hvl.projectparmorel.qlearning.QModelFixer fixModel
INFO: Initial number of errors in model: 1
Maximum number of steps per episode: 12
Errors to fix: [Error 29, message=There may not be two classifiers named 'Item' in package 0
]
mai 05, 2020 11:01:26 P.M. hvl.projectparmorel.qlearning.QModelFixer fixModel
INFO: Initializing Q-table for the errors.
mai 05, 2020 11:01:26 P.M. hvl.projectparmorel.qlearning.QModelFixer fixModel
INFO: Number of episodes: 25
mai 05, 2020 11:01:26 P.M. hvl.projectparmorel.qlearning.QModelFixer handleEpisode
INFO: EPISODE 0, STEP 0, Fixing error 29: There may not be two classifiers named 'Item'
mai 05, 2020 11:01:26 P.M. hvl.projectparmorel.qlearning.QModelFixer chooseAction
INFO: Choosing random action.
mai 05, 2020 11:01:26 P.M. hvl.projectparmorel.qlearning.QModelFixer handleStep
INFO: Chose action delete in context 1 with weight 98.3333334
mai 05, 2020 11:01:27 P.M. hvl.projectparmorel.qlearning.QModelFixer updateQTable
INFO: Calculating new Q-value:
Old Q-value: 98.3333334
Alpha: 1.0
Gamma:1.0

Reward: -2
98.3333334 + 1.0 * (-2 + 1.0 - 98.3333334) = -1.0
mai 05, 2020 11:01:27 P.M. hvl.projectparmorel.qlearning.QModelFixer updateQTable
INFO: Updated Q-table for error 29, context 1, action 99999 to new weight -1.0
mai 05, 2020 11:01:27 P.M. hvl.projectparmorel.ecore.EcoreSolution calculateDistanceFromOriginal
INFO: Calculated the distance between the models to 83.0
mai 05, 2020 11:01:27 P.M. hvl.projectparmorel.reward.PreferCloseDinstanceToOriginalPreference rewardcalculateRewardFor
INFO: Time to measure distance: 6 ms
mai 05, 2020 11:01:27 P.M. hvl.projectparmorel.qlearning.QModelFixer updateQTable
INFO: Calculating new Q-value:
Old Q-value: -1.0
Alpha: 1.0
Gamma:1.0

Reward: 83
-1.0 + 1.0 * (83 + 1.0 - -1.0) = 84.0
mai 05, 2020 11:01:27 P.M. hvl.projectparmorel.qlearning.QModelFixer updateQTable
INFO: Updated Q-table for error 29, context 1, action 99999 to new weight 84.0
mai 05, 2020 11:01:28 P.M. hvl.projectparmorel.reward.PreferUnderstandability rewardcalculateRewardFor
INFO: Time to get metric: 1125 ms
mai 05, 2020 11:01:28 P.M. hvl.projectparmorel.qlearning.QModelFixer fixModel
INFO: Solution added to possible solitons: [ErrorAction [Error: 29 There may not be two classifiers named 'Item', Action: delete, Error hierarchy: 1]
]
mai 05, 2020 11:01:28 P.M. hvl.projectparmorel.qlearning.QModelFixer fixModel
INFO: EPISODE 0 TOTAL REWARD 180.0



mai 05, 2020 11:01:28 P.M. hvl.projectparmorel.qlearning.QModelFixer handleEpisode
INFO: EPISODE 1, STEP 0, Fixing error 29: There may not be two classifiers named 'Item'
mai 05, 2020 11:01:28 P.M. hvl.projectparmorel.qlearning.QModelFixer chooseAction
INFO: Choosing optimal action
mai 05, 2020 11:01:28 P.M. hvl.projectparmorel.qlearning.QModelFixer handleStep
INFO: Chose action setName in context 1 with weight 398.3
mai 05, 2020 11:01:28 P.M. hvl.projectparmorel.qlearning.QModelFixer updateQTable
INFO: Calculating new Q-value:
Old Q-value: 398.3
Alpha: 1.0
Gamma:1.0

Reward: -2
398.3 + 1.0 * (-2 + 1.0 - 398.3) = -1.0
mai 05, 2020 11:01:28 P.M. hvl.projectparmorel.qlearning.QModelFixer updateQTable
INFO: Updated Q-table for error 29, context 1, action -1193116178 to new weight -1.0
mai 05, 2020 11:01:28 P.M. hvl.projectparmorel.ecore.EcoreSolution calculateDistanceFromOriginal
INFO: Calculated the distance between the models to 33.0
mai 05, 2020 11:01:28 P.M. hvl.projectparmorel.reward.PreferCloseDinstanceToOriginalPreference rewardcalculateRewardFor
INFO: Time to measure distance: 5 ms
mai 05, 2020 11:01:28 P.M. hvl.projectparmorel.qlearning.QModelFixer updateQTable
INFO: Calculating new Q-value:
Old Q-value: -1.0
Alpha: 1.0
Gamma:1.0

Reward: 33
-1.0 + 1.0 * (33 + 1.0 - -1.0) = 34.0
mai 05, 2020 11:01:28 P.M. hvl.projectparmorel.qlearning.QModelFixer updateQTable
INFO: Updated Q-table for error 29, context 1, action -1193116178 to new weight 34.0
mai 05, 2020 11:01:29 P.M. hvl.projectparmorel.reward.PreferUnderstandability rewardcalculateRewardFor
INFO: Time to get metric: 1181 ms
mai 05, 2020 11:01:29 P.M. hvl.projectparmorel.qlearning.QModelFixer fixModel
INFO: Solution added to possible solitons: [ErrorAction [Error: 29 There may not be two classifiers named 'Item', Action: setName, Error hierarchy: 1]
]
mai 05, 2020 11:01:29 P.M. hvl.projectparmorel.qlearning.QModelFixer fixModel
INFO: EPISODE 1 TOTAL REWARD 130.0



mai 05, 2020 11:01:29 P.M. hvl.projectparmorel.qlearning.QModelFixer handleEpisode
INFO: EPISODE 2, STEP 0, Fixing error 29: There may not be two classifiers named 'Item'
mai 05, 2020 11:01:29 P.M. hvl.projectparmorel.qlearning.QModelFixer chooseAction
INFO: Choosing optimal action
mai 05, 2020 11:01:29 P.M. hvl.projectparmorel.qlearning.QModelFixer handleStep
INFO: Chose action setName in context 1 with weight 99.0
mai 05, 2020 11:01:29 P.M. hvl.projectparmorel.qlearning.QModelFixer updateQTable
INFO: Calculating new Q-value:
Old Q-value: 99.0
Alpha: 1.0
Gamma:1.0

Reward: -2
99.0 + 1.0 * (-2 + 1.0 - 99.0) = -1.0
mai 05, 2020 11:01:29 P.M. hvl.projectparmorel.qlearning.QModelFixer updateQTable
INFO: Updated Q-table for error 29, context 1, action -1193116178 to new weight -1.0
mai 05, 2020 11:01:29 P.M. hvl.projectparmorel.ecore.EcoreSolution calculateDistanceFromOriginal
INFO: Calculated the distance between the models to 33.0
mai 05, 2020 11:01:29 P.M. hvl.projectparmorel.reward.PreferCloseDinstanceToOriginalPreference rewardcalculateRewardFor
INFO: Time to measure distance: 6 ms
mai 05, 2020 11:01:29 P.M. hvl.projectparmorel.qlearning.QModelFixer updateQTable
INFO: Calculating new Q-value:
Old Q-value: -1.0
Alpha: 1.0
Gamma:1.0

Reward: 33
-1.0 + 1.0 * (33 + 1.0 - -1.0) = 34.0
mai 05, 2020 11:01:29 P.M. hvl.projectparmorel.qlearning.QModelFixer updateQTable
INFO: Updated Q-table for error 29, context 1, action -1193116178 to new weight 34.0
mai 05, 2020 11:01:30 P.M. hvl.projectparmorel.reward.PreferUnderstandability rewardcalculateRewardFor
INFO: Time to get metric: 1127 ms
mai 05, 2020 11:01:30 P.M. hvl.projectparmorel.qlearning.QModelFixer isUnique
INFO: Solution [ErrorAction [Error: 29 There may not be two classifiers named 'Item', Action: setName, Error hierarchy: 1]
] already exists.
mai 05, 2020 11:01:30 P.M. hvl.projectparmorel.qlearning.QModelFixer fixModel
INFO: Solution discarded.
mai 05, 2020 11:01:30 P.M. hvl.projectparmorel.qlearning.QModelFixer fixModel
INFO: EPISODE 2 TOTAL REWARD 130.0



mai 05, 2020 11:01:30 P.M. hvl.projectparmorel.qlearning.QModelFixer handleEpisode
INFO: EPISODE 3, STEP 0, Fixing error 29: There may not be two classifiers named 'Item'
mai 05, 2020 11:01:30 P.M. hvl.projectparmorel.qlearning.QModelFixer chooseAction
INFO: Choosing random action.
mai 05, 2020 11:01:30 P.M. hvl.projectparmorel.qlearning.QModelFixer handleStep
INFO: Chose action delete in context 1 with weight 99.0
mai 05, 2020 11:01:30 P.M. hvl.projectparmorel.qlearning.QModelFixer updateQTable
INFO: Calculating new Q-value:
Old Q-value: 99.0
Alpha: 1.0
Gamma:1.0

Reward: -2
99.0 + 1.0 * (-2 + 1.0 - 99.0) = -1.0
mai 05, 2020 11:01:30 P.M. hvl.projectparmorel.qlearning.QModelFixer updateQTable
INFO: Updated Q-table for error 29, context 1, action 99999 to new weight -1.0
mai 05, 2020 11:01:30 P.M. hvl.projectparmorel.ecore.EcoreSolution calculateDistanceFromOriginal
INFO: Calculated the distance between the models to 83.0
mai 05, 2020 11:01:30 P.M. hvl.projectparmorel.reward.PreferCloseDinstanceToOriginalPreference rewardcalculateRewardFor
INFO: Time to measure distance: 5 ms
mai 05, 2020 11:01:30 P.M. hvl.projectparmorel.qlearning.QModelFixer updateQTable
INFO: Calculating new Q-value:
Old Q-value: -1.0
Alpha: 1.0
Gamma:1.0

Reward: 83
-1.0 + 1.0 * (83 + 1.0 - -1.0) = 84.0
mai 05, 2020 11:01:30 P.M. hvl.projectparmorel.qlearning.QModelFixer updateQTable
INFO: Updated Q-table for error 29, context 1, action 99999 to new weight 84.0
mai 05, 2020 11:01:31 P.M. hvl.projectparmorel.reward.PreferUnderstandability rewardcalculateRewardFor
INFO: Time to get metric: 1116 ms
mai 05, 2020 11:01:31 P.M. hvl.projectparmorel.qlearning.QModelFixer isUnique
INFO: Solution [ErrorAction [Error: 29 There may not be two classifiers named 'Item', Action: delete, Error hierarchy: 1]
] already exists.
mai 05, 2020 11:01:31 P.M. hvl.projectparmorel.qlearning.QModelFixer fixModel
INFO: Solution discarded.
mai 05, 2020 11:01:31 P.M. hvl.projectparmorel.qlearning.QModelFixer fixModel
INFO: EPISODE 3 TOTAL REWARD 180.0



mai 05, 2020 11:01:31 P.M. hvl.projectparmorel.qlearning.QModelFixer handleEpisode
INFO: EPISODE 4, STEP 0, Fixing error 29: There may not be two classifiers named 'Item'
mai 05, 2020 11:01:31 P.M. hvl.projectparmorel.qlearning.QModelFixer chooseAction
INFO: Choosing optimal action
mai 05, 2020 11:01:31 P.M. hvl.projectparmorel.qlearning.QModelFixer handleStep
INFO: Chose action setName in context 1 with weight 99.0
mai 05, 2020 11:01:31 P.M. hvl.projectparmorel.qlearning.QModelFixer updateQTable
INFO: Calculating new Q-value:
Old Q-value: 99.0
Alpha: 1.0
Gamma:1.0

Reward: -2
99.0 + 1.0 * (-2 + 1.0 - 99.0) = -1.0
mai 05, 2020 11:01:31 P.M. hvl.projectparmorel.qlearning.QModelFixer updateQTable
INFO: Updated Q-table for error 29, context 1, action -1193116178 to new weight -1.0
mai 05, 2020 11:01:31 P.M. hvl.projectparmorel.ecore.EcoreSolution calculateDistanceFromOriginal
INFO: Calculated the distance between the models to 33.0
mai 05, 2020 11:01:31 P.M. hvl.projectparmorel.reward.PreferCloseDinstanceToOriginalPreference rewardcalculateRewardFor
INFO: Time to measure distance: 6 ms
mai 05, 2020 11:01:31 P.M. hvl.projectparmorel.qlearning.QModelFixer updateQTable
INFO: Calculating new Q-value:
Old Q-value: -1.0
Alpha: 1.0
Gamma:1.0

Reward: 33
-1.0 + 1.0 * (33 + 1.0 - -1.0) = 34.0
mai 05, 2020 11:01:31 P.M. hvl.projectparmorel.qlearning.QModelFixer updateQTable
INFO: Updated Q-table for error 29, context 1, action -1193116178 to new weight 34.0
mai 05, 2020 11:01:33 P.M. hvl.projectparmorel.reward.PreferUnderstandability rewardcalculateRewardFor
INFO: Time to get metric: 1192 ms
mai 05, 2020 11:01:33 P.M. hvl.projectparmorel.qlearning.QModelFixer isUnique
INFO: Solution [ErrorAction [Error: 29 There may not be two classifiers named 'Item', Action: setName, Error hierarchy: 1]
] already exists.
mai 05, 2020 11:01:33 P.M. hvl.projectparmorel.qlearning.QModelFixer fixModel
INFO: Solution discarded.
mai 05, 2020 11:01:33 P.M. hvl.projectparmorel.qlearning.QModelFixer fixModel
INFO: EPISODE 4 TOTAL REWARD 130.0



mai 05, 2020 11:01:33 P.M. hvl.projectparmorel.qlearning.QModelFixer handleEpisode
INFO: EPISODE 5, STEP 0, Fixing error 29: There may not be two classifiers named 'Item'
mai 05, 2020 11:01:33 P.M. hvl.projectparmorel.qlearning.QModelFixer chooseAction
INFO: Choosing random action.
mai 05, 2020 11:01:33 P.M. hvl.projectparmorel.qlearning.QModelFixer handleStep
INFO: Chose action setName in context 2 with weight 98.3
mai 05, 2020 11:01:33 P.M. hvl.projectparmorel.qlearning.QModelFixer updateQTable
INFO: Calculating new Q-value:
Old Q-value: 98.3
Alpha: 1.0
Gamma:1.0

Reward: -2
98.3 + 1.0 * (-2 + 1.0 - 98.3) = -1.0
mai 05, 2020 11:01:33 P.M. hvl.projectparmorel.qlearning.QModelFixer updateQTable
INFO: Updated Q-table for error 29, context 2, action -1193116178 to new weight -1.0
mai 05, 2020 11:01:33 P.M. hvl.projectparmorel.ecore.EcoreSolution calculateDistanceFromOriginal
INFO: Calculated the distance between the models to 33.0
mai 05, 2020 11:01:33 P.M. hvl.projectparmorel.reward.PreferCloseDinstanceToOriginalPreference rewardcalculateRewardFor
INFO: Time to measure distance: 5 ms
mai 05, 2020 11:01:33 P.M. hvl.projectparmorel.qlearning.QModelFixer updateQTable
INFO: Calculating new Q-value:
Old Q-value: -1.0
Alpha: 1.0
Gamma:1.0

Reward: 33
-1.0 + 1.0 * (33 + 1.0 - -1.0) = 34.0
mai 05, 2020 11:01:33 P.M. hvl.projectparmorel.qlearning.QModelFixer updateQTable
INFO: Updated Q-table for error 29, context 2, action -1193116178 to new weight 34.0
mai 05, 2020 11:01:34 P.M. hvl.projectparmorel.reward.PreferUnderstandability rewardcalculateRewardFor
INFO: Time to get metric: 1123 ms
mai 05, 2020 11:01:34 P.M. hvl.projectparmorel.qlearning.QModelFixer fixModel
INFO: Solution added to possible solitons: [ErrorAction [Error: 29 There may not be two classifiers named 'Item', Action: setName, Error hierarchy: 2]
]
mai 05, 2020 11:01:34 P.M. hvl.projectparmorel.qlearning.QModelFixer fixModel
INFO: EPISODE 5 TOTAL REWARD 130.0



mai 05, 2020 11:01:34 P.M. hvl.projectparmorel.qlearning.QModelFixer handleEpisode
INFO: EPISODE 6, STEP 0, Fixing error 29: There may not be two classifiers named 'Item'
mai 05, 2020 11:01:34 P.M. hvl.projectparmorel.qlearning.QModelFixer chooseAction
INFO: Choosing optimal action
mai 05, 2020 11:01:34 P.M. hvl.projectparmorel.qlearning.QModelFixer handleStep
INFO: Chose action setName in context 1 with weight 99.0
mai 05, 2020 11:01:34 P.M. hvl.projectparmorel.qlearning.QModelFixer updateQTable
INFO: Calculating new Q-value:
Old Q-value: 99.0
Alpha: 1.0
Gamma:1.0

Reward: -2
99.0 + 1.0 * (-2 + 1.0 - 99.0) = -1.0
mai 05, 2020 11:01:34 P.M. hvl.projectparmorel.qlearning.QModelFixer updateQTable
INFO: Updated Q-table for error 29, context 1, action -1193116178 to new weight -1.0
mai 05, 2020 11:01:34 P.M. hvl.projectparmorel.ecore.EcoreSolution calculateDistanceFromOriginal
INFO: Calculated the distance between the models to 33.0
mai 05, 2020 11:01:34 P.M. hvl.projectparmorel.reward.PreferCloseDinstanceToOriginalPreference rewardcalculateRewardFor
INFO: Time to measure distance: 5 ms
mai 05, 2020 11:01:34 P.M. hvl.projectparmorel.qlearning.QModelFixer updateQTable
INFO: Calculating new Q-value:
Old Q-value: -1.0
Alpha: 1.0
Gamma:1.0

Reward: 33
-1.0 + 1.0 * (33 + 1.0 - -1.0) = 34.0
mai 05, 2020 11:01:34 P.M. hvl.projectparmorel.qlearning.QModelFixer updateQTable
INFO: Updated Q-table for error 29, context 1, action -1193116178 to new weight 34.0
mai 05, 2020 11:01:35 P.M. hvl.projectparmorel.reward.PreferUnderstandability rewardcalculateRewardFor
INFO: Time to get metric: 1207 ms
mai 05, 2020 11:01:35 P.M. hvl.projectparmorel.qlearning.QModelFixer isUnique
INFO: Solution [ErrorAction [Error: 29 There may not be two classifiers named 'Item', Action: setName, Error hierarchy: 1]
] already exists.
mai 05, 2020 11:01:35 P.M. hvl.projectparmorel.qlearning.QModelFixer fixModel
INFO: Solution discarded.
mai 05, 2020 11:01:35 P.M. hvl.projectparmorel.qlearning.QModelFixer fixModel
INFO: EPISODE 6 TOTAL REWARD 130.0



mai 05, 2020 11:01:35 P.M. hvl.projectparmorel.qlearning.QModelFixer handleEpisode
INFO: EPISODE 7, STEP 0, Fixing error 29: There may not be two classifiers named 'Item'
mai 05, 2020 11:01:35 P.M. hvl.projectparmorel.qlearning.QModelFixer chooseAction
INFO: Choosing optimal action
mai 05, 2020 11:01:35 P.M. hvl.projectparmorel.qlearning.QModelFixer handleStep
INFO: Chose action setName in context 1 with weight 99.0
mai 05, 2020 11:01:35 P.M. hvl.projectparmorel.qlearning.QModelFixer updateQTable
INFO: Calculating new Q-value:
Old Q-value: 99.0
Alpha: 1.0
Gamma:1.0

Reward: -2
99.0 + 1.0 * (-2 + 1.0 - 99.0) = -1.0
mai 05, 2020 11:01:35 P.M. hvl.projectparmorel.qlearning.QModelFixer updateQTable
INFO: Updated Q-table for error 29, context 1, action -1193116178 to new weight -1.0
mai 05, 2020 11:01:35 P.M. hvl.projectparmorel.ecore.EcoreSolution calculateDistanceFromOriginal
INFO: Calculated the distance between the models to 33.0
mai 05, 2020 11:01:35 P.M. hvl.projectparmorel.reward.PreferCloseDinstanceToOriginalPreference rewardcalculateRewardFor
INFO: Time to measure distance: 6 ms
mai 05, 2020 11:01:35 P.M. hvl.projectparmorel.qlearning.QModelFixer updateQTable
INFO: Calculating new Q-value:
Old Q-value: -1.0
Alpha: 1.0
Gamma:1.0

Reward: 33
-1.0 + 1.0 * (33 + 1.0 - -1.0) = 34.0
mai 05, 2020 11:01:35 P.M. hvl.projectparmorel.qlearning.QModelFixer updateQTable
INFO: Updated Q-table for error 29, context 1, action -1193116178 to new weight 34.0
mai 05, 2020 11:01:36 P.M. hvl.projectparmorel.reward.PreferUnderstandability rewardcalculateRewardFor
INFO: Time to get metric: 1167 ms
mai 05, 2020 11:01:36 P.M. hvl.projectparmorel.qlearning.QModelFixer isUnique
INFO: Solution [ErrorAction [Error: 29 There may not be two classifiers named 'Item', Action: setName, Error hierarchy: 1]
] already exists.
mai 05, 2020 11:01:36 P.M. hvl.projectparmorel.qlearning.QModelFixer fixModel
INFO: Solution discarded.
mai 05, 2020 11:01:36 P.M. hvl.projectparmorel.qlearning.QModelFixer fixModel
INFO: EPISODE 7 TOTAL REWARD 130.0



mai 05, 2020 11:01:36 P.M. hvl.projectparmorel.qlearning.QModelFixer handleEpisode
INFO: EPISODE 8, STEP 0, Fixing error 29: There may not be two classifiers named 'Item'
mai 05, 2020 11:01:36 P.M. hvl.projectparmorel.qlearning.QModelFixer chooseAction
INFO: Choosing optimal action
mai 05, 2020 11:01:36 P.M. hvl.projectparmorel.qlearning.QModelFixer handleStep
INFO: Chose action setName in context 1 with weight 99.0
mai 05, 2020 11:01:36 P.M. hvl.projectparmorel.qlearning.QModelFixer updateQTable
INFO: Calculating new Q-value:
Old Q-value: 99.0
Alpha: 1.0
Gamma:1.0

Reward: -2
99.0 + 1.0 * (-2 + 1.0 - 99.0) = -1.0
mai 05, 2020 11:01:36 P.M. hvl.projectparmorel.qlearning.QModelFixer updateQTable
INFO: Updated Q-table for error 29, context 1, action -1193116178 to new weight -1.0
mai 05, 2020 11:01:36 P.M. hvl.projectparmorel.ecore.EcoreSolution calculateDistanceFromOriginal
INFO: Calculated the distance between the models to 33.0
mai 05, 2020 11:01:36 P.M. hvl.projectparmorel.reward.PreferCloseDinstanceToOriginalPreference rewardcalculateRewardFor
INFO: Time to measure distance: 6 ms
mai 05, 2020 11:01:36 P.M. hvl.projectparmorel.qlearning.QModelFixer updateQTable
INFO: Calculating new Q-value:
Old Q-value: -1.0
Alpha: 1.0
Gamma:1.0

Reward: 33
-1.0 + 1.0 * (33 + 1.0 - -1.0) = 34.0
mai 05, 2020 11:01:36 P.M. hvl.projectparmorel.qlearning.QModelFixer updateQTable
INFO: Updated Q-table for error 29, context 1, action -1193116178 to new weight 34.0
mai 05, 2020 11:01:37 P.M. hvl.projectparmorel.reward.PreferUnderstandability rewardcalculateRewardFor
INFO: Time to get metric: 1157 ms
mai 05, 2020 11:01:37 P.M. hvl.projectparmorel.qlearning.QModelFixer isUnique
INFO: Solution [ErrorAction [Error: 29 There may not be two classifiers named 'Item', Action: setName, Error hierarchy: 1]
] already exists.
mai 05, 2020 11:01:37 P.M. hvl.projectparmorel.qlearning.QModelFixer fixModel
INFO: Solution discarded.
mai 05, 2020 11:01:37 P.M. hvl.projectparmorel.qlearning.QModelFixer fixModel
INFO: EPISODE 8 TOTAL REWARD 130.0



mai 05, 2020 11:01:37 P.M. hvl.projectparmorel.qlearning.QModelFixer handleEpisode
INFO: EPISODE 9, STEP 0, Fixing error 29: There may not be two classifiers named 'Item'
mai 05, 2020 11:01:37 P.M. hvl.projectparmorel.qlearning.QModelFixer chooseAction
INFO: Choosing optimal action
mai 05, 2020 11:01:37 P.M. hvl.projectparmorel.qlearning.QModelFixer handleStep
INFO: Chose action setName in context 1 with weight 99.0
mai 05, 2020 11:01:37 P.M. hvl.projectparmorel.qlearning.QModelFixer updateQTable
INFO: Calculating new Q-value:
Old Q-value: 99.0
Alpha: 1.0
Gamma:1.0

Reward: -2
99.0 + 1.0 * (-2 + 1.0 - 99.0) = -1.0
mai 05, 2020 11:01:37 P.M. hvl.projectparmorel.qlearning.QModelFixer updateQTable
INFO: Updated Q-table for error 29, context 1, action -1193116178 to new weight -1.0
mai 05, 2020 11:01:37 P.M. hvl.projectparmorel.ecore.EcoreSolution calculateDistanceFromOriginal
INFO: Calculated the distance between the models to 33.0
mai 05, 2020 11:01:37 P.M. hvl.projectparmorel.reward.PreferCloseDinstanceToOriginalPreference rewardcalculateRewardFor
INFO: Time to measure distance: 6 ms
mai 05, 2020 11:01:37 P.M. hvl.projectparmorel.qlearning.QModelFixer updateQTable
INFO: Calculating new Q-value:
Old Q-value: -1.0
Alpha: 1.0
Gamma:1.0

Reward: 33
-1.0 + 1.0 * (33 + 1.0 - -1.0) = 34.0
mai 05, 2020 11:01:37 P.M. hvl.projectparmorel.qlearning.QModelFixer updateQTable
INFO: Updated Q-table for error 29, context 1, action -1193116178 to new weight 34.0
mai 05, 2020 11:01:39 P.M. hvl.projectparmorel.reward.PreferUnderstandability rewardcalculateRewardFor
INFO: Time to get metric: 1134 ms
mai 05, 2020 11:01:39 P.M. hvl.projectparmorel.qlearning.QModelFixer isUnique
INFO: Solution [ErrorAction [Error: 29 There may not be two classifiers named 'Item', Action: setName, Error hierarchy: 1]
] already exists.
mai 05, 2020 11:01:39 P.M. hvl.projectparmorel.qlearning.QModelFixer fixModel
INFO: Solution discarded.
mai 05, 2020 11:01:39 P.M. hvl.projectparmorel.qlearning.QModelFixer fixModel
INFO: EPISODE 9 TOTAL REWARD 130.0



mai 05, 2020 11:01:39 P.M. hvl.projectparmorel.qlearning.QModelFixer handleEpisode
INFO: EPISODE 10, STEP 0, Fixing error 29: There may not be two classifiers named 'Item'
mai 05, 2020 11:01:39 P.M. hvl.projectparmorel.qlearning.QModelFixer chooseAction
INFO: Choosing optimal action
mai 05, 2020 11:01:39 P.M. hvl.projectparmorel.qlearning.QModelFixer handleStep
INFO: Chose action setName in context 1 with weight 99.0
mai 05, 2020 11:01:39 P.M. hvl.projectparmorel.qlearning.QModelFixer updateQTable
INFO: Calculating new Q-value:
Old Q-value: 99.0
Alpha: 1.0
Gamma:1.0

Reward: -2
99.0 + 1.0 * (-2 + 1.0 - 99.0) = -1.0
mai 05, 2020 11:01:39 P.M. hvl.projectparmorel.qlearning.QModelFixer updateQTable
INFO: Updated Q-table for error 29, context 1, action -1193116178 to new weight -1.0
mai 05, 2020 11:01:39 P.M. hvl.projectparmorel.ecore.EcoreSolution calculateDistanceFromOriginal
INFO: Calculated the distance between the models to 33.0
mai 05, 2020 11:01:39 P.M. hvl.projectparmorel.reward.PreferCloseDinstanceToOriginalPreference rewardcalculateRewardFor
INFO: Time to measure distance: 6 ms
mai 05, 2020 11:01:39 P.M. hvl.projectparmorel.qlearning.QModelFixer updateQTable
INFO: Calculating new Q-value:
Old Q-value: -1.0
Alpha: 1.0
Gamma:1.0

Reward: 33
-1.0 + 1.0 * (33 + 1.0 - -1.0) = 34.0
mai 05, 2020 11:01:39 P.M. hvl.projectparmorel.qlearning.QModelFixer updateQTable
INFO: Updated Q-table for error 29, context 1, action -1193116178 to new weight 34.0
mai 05, 2020 11:01:40 P.M. hvl.projectparmorel.reward.PreferUnderstandability rewardcalculateRewardFor
INFO: Time to get metric: 1125 ms
mai 05, 2020 11:01:40 P.M. hvl.projectparmorel.qlearning.QModelFixer isUnique
INFO: Solution [ErrorAction [Error: 29 There may not be two classifiers named 'Item', Action: setName, Error hierarchy: 1]
] already exists.
mai 05, 2020 11:01:40 P.M. hvl.projectparmorel.qlearning.QModelFixer fixModel
INFO: Solution discarded.
mai 05, 2020 11:01:40 P.M. hvl.projectparmorel.qlearning.QModelFixer fixModel
INFO: EPISODE 10 TOTAL REWARD 130.0



mai 05, 2020 11:01:40 P.M. hvl.projectparmorel.qlearning.QModelFixer handleEpisode
INFO: EPISODE 11, STEP 0, Fixing error 29: There may not be two classifiers named 'Item'
mai 05, 2020 11:01:40 P.M. hvl.projectparmorel.qlearning.QModelFixer chooseAction
INFO: Choosing random action.
mai 05, 2020 11:01:40 P.M. hvl.projectparmorel.qlearning.QModelFixer handleStep
INFO: Chose action setName in context 1 with weight 99.0
mai 05, 2020 11:01:40 P.M. hvl.projectparmorel.qlearning.QModelFixer updateQTable
INFO: Calculating new Q-value:
Old Q-value: 99.0
Alpha: 1.0
Gamma:1.0

Reward: -2
99.0 + 1.0 * (-2 + 1.0 - 99.0) = -1.0
mai 05, 2020 11:01:40 P.M. hvl.projectparmorel.qlearning.QModelFixer updateQTable
INFO: Updated Q-table for error 29, context 1, action -1193116178 to new weight -1.0
mai 05, 2020 11:01:40 P.M. hvl.projectparmorel.ecore.EcoreSolution calculateDistanceFromOriginal
INFO: Calculated the distance between the models to 33.0
mai 05, 2020 11:01:40 P.M. hvl.projectparmorel.reward.PreferCloseDinstanceToOriginalPreference rewardcalculateRewardFor
INFO: Time to measure distance: 5 ms
mai 05, 2020 11:01:40 P.M. hvl.projectparmorel.qlearning.QModelFixer updateQTable
INFO: Calculating new Q-value:
Old Q-value: -1.0
Alpha: 1.0
Gamma:1.0

Reward: 33
-1.0 + 1.0 * (33 + 1.0 - -1.0) = 34.0
mai 05, 2020 11:01:40 P.M. hvl.projectparmorel.qlearning.QModelFixer updateQTable
INFO: Updated Q-table for error 29, context 1, action -1193116178 to new weight 34.0
mai 05, 2020 11:01:41 P.M. hvl.projectparmorel.reward.PreferUnderstandability rewardcalculateRewardFor
INFO: Time to get metric: 1195 ms
mai 05, 2020 11:01:41 P.M. hvl.projectparmorel.qlearning.QModelFixer isUnique
INFO: Solution [ErrorAction [Error: 29 There may not be two classifiers named 'Item', Action: setName, Error hierarchy: 1]
] already exists.
mai 05, 2020 11:01:41 P.M. hvl.projectparmorel.qlearning.QModelFixer fixModel
INFO: Solution discarded.
mai 05, 2020 11:01:41 P.M. hvl.projectparmorel.qlearning.QModelFixer fixModel
INFO: EPISODE 11 TOTAL REWARD 130.0



mai 05, 2020 11:01:41 P.M. hvl.projectparmorel.qlearning.QModelFixer handleEpisode
INFO: EPISODE 12, STEP 0, Fixing error 29: There may not be two classifiers named 'Item'
mai 05, 2020 11:01:41 P.M. hvl.projectparmorel.qlearning.QModelFixer chooseAction
INFO: Choosing random action.
mai 05, 2020 11:01:41 P.M. hvl.projectparmorel.qlearning.QModelFixer handleStep
INFO: Chose action delete in context 1 with weight 99.0
mai 05, 2020 11:01:41 P.M. hvl.projectparmorel.qlearning.QModelFixer updateQTable
INFO: Calculating new Q-value:
Old Q-value: 99.0
Alpha: 1.0
Gamma:1.0

Reward: -2
99.0 + 1.0 * (-2 + 1.0 - 99.0) = -1.0
mai 05, 2020 11:01:41 P.M. hvl.projectparmorel.qlearning.QModelFixer updateQTable
INFO: Updated Q-table for error 29, context 1, action 99999 to new weight -1.0
mai 05, 2020 11:01:41 P.M. hvl.projectparmorel.ecore.EcoreSolution calculateDistanceFromOriginal
INFO: Calculated the distance between the models to 83.0
mai 05, 2020 11:01:41 P.M. hvl.projectparmorel.reward.PreferCloseDinstanceToOriginalPreference rewardcalculateRewardFor
INFO: Time to measure distance: 6 ms
mai 05, 2020 11:01:41 P.M. hvl.projectparmorel.qlearning.QModelFixer updateQTable
INFO: Calculating new Q-value:
Old Q-value: -1.0
Alpha: 1.0
Gamma:1.0

Reward: 83
-1.0 + 1.0 * (83 + 1.0 - -1.0) = 84.0
mai 05, 2020 11:01:41 P.M. hvl.projectparmorel.qlearning.QModelFixer updateQTable
INFO: Updated Q-table for error 29, context 1, action 99999 to new weight 84.0
mai 05, 2020 11:01:42 P.M. hvl.projectparmorel.reward.PreferUnderstandability rewardcalculateRewardFor
INFO: Time to get metric: 1148 ms
mai 05, 2020 11:01:42 P.M. hvl.projectparmorel.qlearning.QModelFixer isUnique
INFO: Solution [ErrorAction [Error: 29 There may not be two classifiers named 'Item', Action: delete, Error hierarchy: 1]
] already exists.
mai 05, 2020 11:01:42 P.M. hvl.projectparmorel.qlearning.QModelFixer fixModel
INFO: Solution discarded.
mai 05, 2020 11:01:42 P.M. hvl.projectparmorel.qlearning.QModelFixer fixModel
INFO: EPISODE 12 TOTAL REWARD 180.0



mai 05, 2020 11:01:42 P.M. hvl.projectparmorel.qlearning.QModelFixer handleEpisode
INFO: EPISODE 13, STEP 0, Fixing error 29: There may not be two classifiers named 'Item'
mai 05, 2020 11:01:42 P.M. hvl.projectparmorel.qlearning.QModelFixer chooseAction
INFO: Choosing optimal action
mai 05, 2020 11:01:42 P.M. hvl.projectparmorel.qlearning.QModelFixer handleStep
INFO: Chose action setName in context 1 with weight 99.0
mai 05, 2020 11:01:42 P.M. hvl.projectparmorel.qlearning.QModelFixer updateQTable
INFO: Calculating new Q-value:
Old Q-value: 99.0
Alpha: 1.0
Gamma:1.0

Reward: -2
99.0 + 1.0 * (-2 + 1.0 - 99.0) = -1.0
mai 05, 2020 11:01:42 P.M. hvl.projectparmorel.qlearning.QModelFixer updateQTable
INFO: Updated Q-table for error 29, context 1, action -1193116178 to new weight -1.0
mai 05, 2020 11:01:42 P.M. hvl.projectparmorel.ecore.EcoreSolution calculateDistanceFromOriginal
INFO: Calculated the distance between the models to 33.0
mai 05, 2020 11:01:42 P.M. hvl.projectparmorel.reward.PreferCloseDinstanceToOriginalPreference rewardcalculateRewardFor
INFO: Time to measure distance: 6 ms
mai 05, 2020 11:01:42 P.M. hvl.projectparmorel.qlearning.QModelFixer updateQTable
INFO: Calculating new Q-value:
Old Q-value: -1.0
Alpha: 1.0
Gamma:1.0

Reward: 33
-1.0 + 1.0 * (33 + 1.0 - -1.0) = 34.0
mai 05, 2020 11:01:42 P.M. hvl.projectparmorel.qlearning.QModelFixer updateQTable
INFO: Updated Q-table for error 29, context 1, action -1193116178 to new weight 34.0
mai 05, 2020 11:01:44 P.M. hvl.projectparmorel.reward.PreferUnderstandability rewardcalculateRewardFor
INFO: Time to get metric: 1177 ms
mai 05, 2020 11:01:44 P.M. hvl.projectparmorel.qlearning.QModelFixer isUnique
INFO: Solution [ErrorAction [Error: 29 There may not be two classifiers named 'Item', Action: setName, Error hierarchy: 1]
] already exists.
mai 05, 2020 11:01:44 P.M. hvl.projectparmorel.qlearning.QModelFixer fixModel
INFO: Solution discarded.
mai 05, 2020 11:01:44 P.M. hvl.projectparmorel.qlearning.QModelFixer fixModel
INFO: EPISODE 13 TOTAL REWARD 130.0



mai 05, 2020 11:01:44 P.M. hvl.projectparmorel.qlearning.QModelFixer handleEpisode
INFO: EPISODE 14, STEP 0, Fixing error 29: There may not be two classifiers named 'Item'
mai 05, 2020 11:01:44 P.M. hvl.projectparmorel.qlearning.QModelFixer chooseAction
INFO: Choosing optimal action
mai 05, 2020 11:01:44 P.M. hvl.projectparmorel.qlearning.QModelFixer handleStep
INFO: Chose action setName in context 1 with weight 99.0
mai 05, 2020 11:01:44 P.M. hvl.projectparmorel.qlearning.QModelFixer updateQTable
INFO: Calculating new Q-value:
Old Q-value: 99.0
Alpha: 1.0
Gamma:1.0

Reward: -2
99.0 + 1.0 * (-2 + 1.0 - 99.0) = -1.0
mai 05, 2020 11:01:44 P.M. hvl.projectparmorel.qlearning.QModelFixer updateQTable
INFO: Updated Q-table for error 29, context 1, action -1193116178 to new weight -1.0
mai 05, 2020 11:01:44 P.M. hvl.projectparmorel.ecore.EcoreSolution calculateDistanceFromOriginal
INFO: Calculated the distance between the models to 33.0
mai 05, 2020 11:01:44 P.M. hvl.projectparmorel.reward.PreferCloseDinstanceToOriginalPreference rewardcalculateRewardFor
INFO: Time to measure distance: 6 ms
mai 05, 2020 11:01:44 P.M. hvl.projectparmorel.qlearning.QModelFixer updateQTable
INFO: Calculating new Q-value:
Old Q-value: -1.0
Alpha: 1.0
Gamma:1.0

Reward: 33
-1.0 + 1.0 * (33 + 1.0 - -1.0) = 34.0
mai 05, 2020 11:01:44 P.M. hvl.projectparmorel.qlearning.QModelFixer updateQTable
INFO: Updated Q-table for error 29, context 1, action -1193116178 to new weight 34.0
mai 05, 2020 11:01:45 P.M. hvl.projectparmorel.reward.PreferUnderstandability rewardcalculateRewardFor
INFO: Time to get metric: 1104 ms
mai 05, 2020 11:01:45 P.M. hvl.projectparmorel.qlearning.QModelFixer isUnique
INFO: Solution [ErrorAction [Error: 29 There may not be two classifiers named 'Item', Action: setName, Error hierarchy: 1]
] already exists.
mai 05, 2020 11:01:45 P.M. hvl.projectparmorel.qlearning.QModelFixer fixModel
INFO: Solution discarded.
mai 05, 2020 11:01:45 P.M. hvl.projectparmorel.qlearning.QModelFixer fixModel
INFO: EPISODE 14 TOTAL REWARD 130.0



mai 05, 2020 11:01:45 P.M. hvl.projectparmorel.qlearning.QModelFixer handleEpisode
INFO: EPISODE 15, STEP 0, Fixing error 29: There may not be two classifiers named 'Item'
mai 05, 2020 11:01:45 P.M. hvl.projectparmorel.qlearning.QModelFixer chooseAction
INFO: Choosing optimal action
mai 05, 2020 11:01:45 P.M. hvl.projectparmorel.qlearning.QModelFixer handleStep
INFO: Chose action setName in context 1 with weight 99.0
mai 05, 2020 11:01:45 P.M. hvl.projectparmorel.qlearning.QModelFixer updateQTable
INFO: Calculating new Q-value:
Old Q-value: 99.0
Alpha: 1.0
Gamma:1.0

Reward: -2
99.0 + 1.0 * (-2 + 1.0 - 99.0) = -1.0
mai 05, 2020 11:01:45 P.M. hvl.projectparmorel.qlearning.QModelFixer updateQTable
INFO: Updated Q-table for error 29, context 1, action -1193116178 to new weight -1.0
mai 05, 2020 11:01:45 P.M. hvl.projectparmorel.ecore.EcoreSolution calculateDistanceFromOriginal
INFO: Calculated the distance between the models to 33.0
mai 05, 2020 11:01:45 P.M. hvl.projectparmorel.reward.PreferCloseDinstanceToOriginalPreference rewardcalculateRewardFor
INFO: Time to measure distance: 5 ms
mai 05, 2020 11:01:45 P.M. hvl.projectparmorel.qlearning.QModelFixer updateQTable
INFO: Calculating new Q-value:
Old Q-value: -1.0
Alpha: 1.0
Gamma:1.0

Reward: 33
-1.0 + 1.0 * (33 + 1.0 - -1.0) = 34.0
mai 05, 2020 11:01:45 P.M. hvl.projectparmorel.qlearning.QModelFixer updateQTable
INFO: Updated Q-table for error 29, context 1, action -1193116178 to new weight 34.0
mai 05, 2020 11:01:46 P.M. hvl.projectparmorel.reward.PreferUnderstandability rewardcalculateRewardFor
INFO: Time to get metric: 1176 ms
mai 05, 2020 11:01:46 P.M. hvl.projectparmorel.qlearning.QModelFixer isUnique
INFO: Solution [ErrorAction [Error: 29 There may not be two classifiers named 'Item', Action: setName, Error hierarchy: 1]
] already exists.
mai 05, 2020 11:01:46 P.M. hvl.projectparmorel.qlearning.QModelFixer fixModel
INFO: Solution discarded.
mai 05, 2020 11:01:46 P.M. hvl.projectparmorel.qlearning.QModelFixer fixModel
INFO: EPISODE 15 TOTAL REWARD 130.0



mai 05, 2020 11:01:46 P.M. hvl.projectparmorel.qlearning.QModelFixer handleEpisode
INFO: EPISODE 16, STEP 0, Fixing error 29: There may not be two classifiers named 'Item'
mai 05, 2020 11:01:46 P.M. hvl.projectparmorel.qlearning.QModelFixer chooseAction
INFO: Choosing optimal action
mai 05, 2020 11:01:46 P.M. hvl.projectparmorel.qlearning.QModelFixer handleStep
INFO: Chose action setName in context 1 with weight 99.0
mai 05, 2020 11:01:46 P.M. hvl.projectparmorel.qlearning.QModelFixer updateQTable
INFO: Calculating new Q-value:
Old Q-value: 99.0
Alpha: 1.0
Gamma:1.0

Reward: -2
99.0 + 1.0 * (-2 + 1.0 - 99.0) = -1.0
mai 05, 2020 11:01:46 P.M. hvl.projectparmorel.qlearning.QModelFixer updateQTable
INFO: Updated Q-table for error 29, context 1, action -1193116178 to new weight -1.0
mai 05, 2020 11:01:46 P.M. hvl.projectparmorel.ecore.EcoreSolution calculateDistanceFromOriginal
INFO: Calculated the distance between the models to 33.0
mai 05, 2020 11:01:46 P.M. hvl.projectparmorel.reward.PreferCloseDinstanceToOriginalPreference rewardcalculateRewardFor
INFO: Time to measure distance: 6 ms
mai 05, 2020 11:01:46 P.M. hvl.projectparmorel.qlearning.QModelFixer updateQTable
INFO: Calculating new Q-value:
Old Q-value: -1.0
Alpha: 1.0
Gamma:1.0

Reward: 33
-1.0 + 1.0 * (33 + 1.0 - -1.0) = 34.0
mai 05, 2020 11:01:46 P.M. hvl.projectparmorel.qlearning.QModelFixer updateQTable
INFO: Updated Q-table for error 29, context 1, action -1193116178 to new weight 34.0
mai 05, 2020 11:01:47 P.M. hvl.projectparmorel.reward.PreferUnderstandability rewardcalculateRewardFor
INFO: Time to get metric: 1140 ms
mai 05, 2020 11:01:47 P.M. hvl.projectparmorel.qlearning.QModelFixer isUnique
INFO: Solution [ErrorAction [Error: 29 There may not be two classifiers named 'Item', Action: setName, Error hierarchy: 1]
] already exists.
mai 05, 2020 11:01:47 P.M. hvl.projectparmorel.qlearning.QModelFixer fixModel
INFO: Solution discarded.
mai 05, 2020 11:01:47 P.M. hvl.projectparmorel.qlearning.QModelFixer fixModel
INFO: EPISODE 16 TOTAL REWARD 130.0



mai 05, 2020 11:01:47 P.M. hvl.projectparmorel.qlearning.QModelFixer handleEpisode
INFO: EPISODE 17, STEP 0, Fixing error 29: There may not be two classifiers named 'Item'
mai 05, 2020 11:01:47 P.M. hvl.projectparmorel.qlearning.QModelFixer chooseAction
INFO: Choosing optimal action
mai 05, 2020 11:01:47 P.M. hvl.projectparmorel.qlearning.QModelFixer handleStep
INFO: Chose action setName in context 1 with weight 99.0
mai 05, 2020 11:01:47 P.M. hvl.projectparmorel.qlearning.QModelFixer updateQTable
INFO: Calculating new Q-value:
Old Q-value: 99.0
Alpha: 1.0
Gamma:1.0

Reward: -2
99.0 + 1.0 * (-2 + 1.0 - 99.0) = -1.0
mai 05, 2020 11:01:47 P.M. hvl.projectparmorel.qlearning.QModelFixer updateQTable
INFO: Updated Q-table for error 29, context 1, action -1193116178 to new weight -1.0
mai 05, 2020 11:01:47 P.M. hvl.projectparmorel.ecore.EcoreSolution calculateDistanceFromOriginal
INFO: Calculated the distance between the models to 33.0
mai 05, 2020 11:01:47 P.M. hvl.projectparmorel.reward.PreferCloseDinstanceToOriginalPreference rewardcalculateRewardFor
INFO: Time to measure distance: 6 ms
mai 05, 2020 11:01:47 P.M. hvl.projectparmorel.qlearning.QModelFixer updateQTable
INFO: Calculating new Q-value:
Old Q-value: -1.0
Alpha: 1.0
Gamma:1.0

Reward: 33
-1.0 + 1.0 * (33 + 1.0 - -1.0) = 34.0
mai 05, 2020 11:01:47 P.M. hvl.projectparmorel.qlearning.QModelFixer updateQTable
INFO: Updated Q-table for error 29, context 1, action -1193116178 to new weight 34.0
mai 05, 2020 11:01:48 P.M. hvl.projectparmorel.reward.PreferUnderstandability rewardcalculateRewardFor
INFO: Time to get metric: 1133 ms
mai 05, 2020 11:01:48 P.M. hvl.projectparmorel.qlearning.QModelFixer isUnique
INFO: Solution [ErrorAction [Error: 29 There may not be two classifiers named 'Item', Action: setName, Error hierarchy: 1]
] already exists.
mai 05, 2020 11:01:48 P.M. hvl.projectparmorel.qlearning.QModelFixer fixModel
INFO: Solution discarded.
mai 05, 2020 11:01:48 P.M. hvl.projectparmorel.qlearning.QModelFixer fixModel
INFO: EPISODE 17 TOTAL REWARD 130.0



mai 05, 2020 11:01:48 P.M. hvl.projectparmorel.qlearning.QModelFixer handleEpisode
INFO: EPISODE 18, STEP 0, Fixing error 29: There may not be two classifiers named 'Item'
mai 05, 2020 11:01:48 P.M. hvl.projectparmorel.qlearning.QModelFixer chooseAction
INFO: Choosing optimal action
mai 05, 2020 11:01:48 P.M. hvl.projectparmorel.qlearning.QModelFixer handleStep
INFO: Chose action setName in context 1 with weight 99.0
mai 05, 2020 11:01:48 P.M. hvl.projectparmorel.qlearning.QModelFixer updateQTable
INFO: Calculating new Q-value:
Old Q-value: 99.0
Alpha: 1.0
Gamma:1.0

Reward: -2
99.0 + 1.0 * (-2 + 1.0 - 99.0) = -1.0
mai 05, 2020 11:01:48 P.M. hvl.projectparmorel.qlearning.QModelFixer updateQTable
INFO: Updated Q-table for error 29, context 1, action -1193116178 to new weight -1.0
mai 05, 2020 11:01:48 P.M. hvl.projectparmorel.ecore.EcoreSolution calculateDistanceFromOriginal
INFO: Calculated the distance between the models to 33.0
mai 05, 2020 11:01:48 P.M. hvl.projectparmorel.reward.PreferCloseDinstanceToOriginalPreference rewardcalculateRewardFor
INFO: Time to measure distance: 6 ms
mai 05, 2020 11:01:48 P.M. hvl.projectparmorel.qlearning.QModelFixer updateQTable
INFO: Calculating new Q-value:
Old Q-value: -1.0
Alpha: 1.0
Gamma:1.0

Reward: 33
-1.0 + 1.0 * (33 + 1.0 - -1.0) = 34.0
mai 05, 2020 11:01:48 P.M. hvl.projectparmorel.qlearning.QModelFixer updateQTable
INFO: Updated Q-table for error 29, context 1, action -1193116178 to new weight 34.0
mai 05, 2020 11:01:49 P.M. hvl.projectparmorel.reward.PreferUnderstandability rewardcalculateRewardFor
INFO: Time to get metric: 1158 ms
mai 05, 2020 11:01:49 P.M. hvl.projectparmorel.qlearning.QModelFixer isUnique
INFO: Solution [ErrorAction [Error: 29 There may not be two classifiers named 'Item', Action: setName, Error hierarchy: 1]
] already exists.
mai 05, 2020 11:01:49 P.M. hvl.projectparmorel.qlearning.QModelFixer fixModel
INFO: Solution discarded.
mai 05, 2020 11:01:49 P.M. hvl.projectparmorel.qlearning.QModelFixer fixModel
INFO: EPISODE 18 TOTAL REWARD 130.0



mai 05, 2020 11:01:49 P.M. hvl.projectparmorel.qlearning.QModelFixer handleEpisode
INFO: EPISODE 19, STEP 0, Fixing error 29: There may not be two classifiers named 'Item'
mai 05, 2020 11:01:49 P.M. hvl.projectparmorel.qlearning.QModelFixer chooseAction
INFO: Choosing optimal action
mai 05, 2020 11:01:49 P.M. hvl.projectparmorel.qlearning.QModelFixer handleStep
INFO: Chose action setName in context 1 with weight 99.0
mai 05, 2020 11:01:49 P.M. hvl.projectparmorel.qlearning.QModelFixer updateQTable
INFO: Calculating new Q-value:
Old Q-value: 99.0
Alpha: 1.0
Gamma:1.0

Reward: -2
99.0 + 1.0 * (-2 + 1.0 - 99.0) = -1.0
mai 05, 2020 11:01:49 P.M. hvl.projectparmorel.qlearning.QModelFixer updateQTable
INFO: Updated Q-table for error 29, context 1, action -1193116178 to new weight -1.0
mai 05, 2020 11:01:49 P.M. hvl.projectparmorel.ecore.EcoreSolution calculateDistanceFromOriginal
INFO: Calculated the distance between the models to 33.0
mai 05, 2020 11:01:49 P.M. hvl.projectparmorel.reward.PreferCloseDinstanceToOriginalPreference rewardcalculateRewardFor
INFO: Time to measure distance: 7 ms
mai 05, 2020 11:01:49 P.M. hvl.projectparmorel.qlearning.QModelFixer updateQTable
INFO: Calculating new Q-value:
Old Q-value: -1.0
Alpha: 1.0
Gamma:1.0

Reward: 33
-1.0 + 1.0 * (33 + 1.0 - -1.0) = 34.0
mai 05, 2020 11:01:49 P.M. hvl.projectparmorel.qlearning.QModelFixer updateQTable
INFO: Updated Q-table for error 29, context 1, action -1193116178 to new weight 34.0
mai 05, 2020 11:01:50 P.M. hvl.projectparmorel.reward.PreferUnderstandability rewardcalculateRewardFor
INFO: Time to get metric: 1138 ms
mai 05, 2020 11:01:50 P.M. hvl.projectparmorel.qlearning.QModelFixer isUnique
INFO: Solution [ErrorAction [Error: 29 There may not be two classifiers named 'Item', Action: setName, Error hierarchy: 1]
] already exists.
mai 05, 2020 11:01:50 P.M. hvl.projectparmorel.qlearning.QModelFixer fixModel
INFO: Solution discarded.
mai 05, 2020 11:01:50 P.M. hvl.projectparmorel.qlearning.QModelFixer fixModel
INFO: EPISODE 19 TOTAL REWARD 130.0



mai 05, 2020 11:01:50 P.M. hvl.projectparmorel.qlearning.QModelFixer handleEpisode
INFO: EPISODE 20, STEP 0, Fixing error 29: There may not be two classifiers named 'Item'
mai 05, 2020 11:01:50 P.M. hvl.projectparmorel.qlearning.QModelFixer chooseAction
INFO: Choosing optimal action
mai 05, 2020 11:01:50 P.M. hvl.projectparmorel.qlearning.QModelFixer handleStep
INFO: Chose action setName in context 1 with weight 99.0
mai 05, 2020 11:01:50 P.M. hvl.projectparmorel.qlearning.QModelFixer updateQTable
INFO: Calculating new Q-value:
Old Q-value: 99.0
Alpha: 1.0
Gamma:1.0

Reward: -2
99.0 + 1.0 * (-2 + 1.0 - 99.0) = -1.0
mai 05, 2020 11:01:50 P.M. hvl.projectparmorel.qlearning.QModelFixer updateQTable
INFO: Updated Q-table for error 29, context 1, action -1193116178 to new weight -1.0
mai 05, 2020 11:01:50 P.M. hvl.projectparmorel.ecore.EcoreSolution calculateDistanceFromOriginal
INFO: Calculated the distance between the models to 33.0
mai 05, 2020 11:01:50 P.M. hvl.projectparmorel.reward.PreferCloseDinstanceToOriginalPreference rewardcalculateRewardFor
INFO: Time to measure distance: 7 ms
mai 05, 2020 11:01:50 P.M. hvl.projectparmorel.qlearning.QModelFixer updateQTable
INFO: Calculating new Q-value:
Old Q-value: -1.0
Alpha: 1.0
Gamma:1.0

Reward: 33
-1.0 + 1.0 * (33 + 1.0 - -1.0) = 34.0
mai 05, 2020 11:01:50 P.M. hvl.projectparmorel.qlearning.QModelFixer updateQTable
INFO: Updated Q-table for error 29, context 1, action -1193116178 to new weight 34.0
mai 05, 2020 11:01:52 P.M. hvl.projectparmorel.reward.PreferUnderstandability rewardcalculateRewardFor
INFO: Time to get metric: 1185 ms
mai 05, 2020 11:01:52 P.M. hvl.projectparmorel.qlearning.QModelFixer isUnique
INFO: Solution [ErrorAction [Error: 29 There may not be two classifiers named 'Item', Action: setName, Error hierarchy: 1]
] already exists.
mai 05, 2020 11:01:52 P.M. hvl.projectparmorel.qlearning.QModelFixer fixModel
INFO: Solution discarded.
mai 05, 2020 11:01:52 P.M. hvl.projectparmorel.qlearning.QModelFixer fixModel
INFO: EPISODE 20 TOTAL REWARD 130.0



mai 05, 2020 11:01:52 P.M. hvl.projectparmorel.qlearning.QModelFixer handleEpisode
INFO: EPISODE 21, STEP 0, Fixing error 29: There may not be two classifiers named 'Item'
mai 05, 2020 11:01:52 P.M. hvl.projectparmorel.qlearning.QModelFixer chooseAction
INFO: Choosing optimal action
mai 05, 2020 11:01:52 P.M. hvl.projectparmorel.qlearning.QModelFixer handleStep
INFO: Chose action setName in context 1 with weight 99.0
mai 05, 2020 11:01:52 P.M. hvl.projectparmorel.qlearning.QModelFixer updateQTable
INFO: Calculating new Q-value:
Old Q-value: 99.0
Alpha: 1.0
Gamma:1.0

Reward: -2
99.0 + 1.0 * (-2 + 1.0 - 99.0) = -1.0
mai 05, 2020 11:01:52 P.M. hvl.projectparmorel.qlearning.QModelFixer updateQTable
INFO: Updated Q-table for error 29, context 1, action -1193116178 to new weight -1.0
mai 05, 2020 11:01:52 P.M. hvl.projectparmorel.ecore.EcoreSolution calculateDistanceFromOriginal
INFO: Calculated the distance between the models to 33.0
mai 05, 2020 11:01:52 P.M. hvl.projectparmorel.reward.PreferCloseDinstanceToOriginalPreference rewardcalculateRewardFor
INFO: Time to measure distance: 6 ms
mai 05, 2020 11:01:52 P.M. hvl.projectparmorel.qlearning.QModelFixer updateQTable
INFO: Calculating new Q-value:
Old Q-value: -1.0
Alpha: 1.0
Gamma:1.0

Reward: 33
-1.0 + 1.0 * (33 + 1.0 - -1.0) = 34.0
mai 05, 2020 11:01:52 P.M. hvl.projectparmorel.qlearning.QModelFixer updateQTable
INFO: Updated Q-table for error 29, context 1, action -1193116178 to new weight 34.0
mai 05, 2020 11:01:53 P.M. hvl.projectparmorel.reward.PreferUnderstandability rewardcalculateRewardFor
INFO: Time to get metric: 1120 ms
mai 05, 2020 11:01:53 P.M. hvl.projectparmorel.qlearning.QModelFixer isUnique
INFO: Solution [ErrorAction [Error: 29 There may not be two classifiers named 'Item', Action: setName, Error hierarchy: 1]
] already exists.
mai 05, 2020 11:01:53 P.M. hvl.projectparmorel.qlearning.QModelFixer fixModel
INFO: Solution discarded.
mai 05, 2020 11:01:53 P.M. hvl.projectparmorel.qlearning.QModelFixer fixModel
INFO: EPISODE 21 TOTAL REWARD 130.0



mai 05, 2020 11:01:53 P.M. hvl.projectparmorel.qlearning.QModelFixer handleEpisode
INFO: EPISODE 22, STEP 0, Fixing error 29: There may not be two classifiers named 'Item'
mai 05, 2020 11:01:53 P.M. hvl.projectparmorel.qlearning.QModelFixer chooseAction
INFO: Choosing random action.
mai 05, 2020 11:01:53 P.M. hvl.projectparmorel.qlearning.QModelFixer handleStep
INFO: Chose action setName in context 2 with weight 99.0
mai 05, 2020 11:01:53 P.M. hvl.projectparmorel.qlearning.QModelFixer updateQTable
INFO: Calculating new Q-value:
Old Q-value: 99.0
Alpha: 1.0
Gamma:1.0

Reward: -2
99.0 + 1.0 * (-2 + 1.0 - 99.0) = -1.0
mai 05, 2020 11:01:53 P.M. hvl.projectparmorel.qlearning.QModelFixer updateQTable
INFO: Updated Q-table for error 29, context 2, action -1193116178 to new weight -1.0
mai 05, 2020 11:01:53 P.M. hvl.projectparmorel.ecore.EcoreSolution calculateDistanceFromOriginal
INFO: Calculated the distance between the models to 33.0
mai 05, 2020 11:01:53 P.M. hvl.projectparmorel.reward.PreferCloseDinstanceToOriginalPreference rewardcalculateRewardFor
INFO: Time to measure distance: 6 ms
mai 05, 2020 11:01:53 P.M. hvl.projectparmorel.qlearning.QModelFixer updateQTable
INFO: Calculating new Q-value:
Old Q-value: -1.0
Alpha: 1.0
Gamma:1.0

Reward: 33
-1.0 + 1.0 * (33 + 1.0 - -1.0) = 34.0
mai 05, 2020 11:01:53 P.M. hvl.projectparmorel.qlearning.QModelFixer updateQTable
INFO: Updated Q-table for error 29, context 2, action -1193116178 to new weight 34.0
mai 05, 2020 11:01:54 P.M. hvl.projectparmorel.reward.PreferUnderstandability rewardcalculateRewardFor
INFO: Time to get metric: 1174 ms
mai 05, 2020 11:01:54 P.M. hvl.projectparmorel.qlearning.QModelFixer isUnique
INFO: Solution [ErrorAction [Error: 29 There may not be two classifiers named 'Item', Action: setName, Error hierarchy: 2]
] already exists.
mai 05, 2020 11:01:54 P.M. hvl.projectparmorel.qlearning.QModelFixer fixModel
INFO: Solution discarded.
mai 05, 2020 11:01:54 P.M. hvl.projectparmorel.qlearning.QModelFixer fixModel
INFO: EPISODE 22 TOTAL REWARD 130.0



mai 05, 2020 11:01:54 P.M. hvl.projectparmorel.qlearning.QModelFixer handleEpisode
INFO: EPISODE 23, STEP 0, Fixing error 29: There may not be two classifiers named 'Item'
mai 05, 2020 11:01:54 P.M. hvl.projectparmorel.qlearning.QModelFixer chooseAction
INFO: Choosing optimal action
mai 05, 2020 11:01:54 P.M. hvl.projectparmorel.qlearning.QModelFixer handleStep
INFO: Chose action setName in context 1 with weight 99.0
mai 05, 2020 11:01:54 P.M. hvl.projectparmorel.qlearning.QModelFixer updateQTable
INFO: Calculating new Q-value:
Old Q-value: 99.0
Alpha: 1.0
Gamma:1.0

Reward: -2
99.0 + 1.0 * (-2 + 1.0 - 99.0) = -1.0
mai 05, 2020 11:01:54 P.M. hvl.projectparmorel.qlearning.QModelFixer updateQTable
INFO: Updated Q-table for error 29, context 1, action -1193116178 to new weight -1.0
mai 05, 2020 11:01:54 P.M. hvl.projectparmorel.ecore.EcoreSolution calculateDistanceFromOriginal
INFO: Calculated the distance between the models to 33.0
mai 05, 2020 11:01:54 P.M. hvl.projectparmorel.reward.PreferCloseDinstanceToOriginalPreference rewardcalculateRewardFor
INFO: Time to measure distance: 7 ms
mai 05, 2020 11:01:54 P.M. hvl.projectparmorel.qlearning.QModelFixer updateQTable
INFO: Calculating new Q-value:
Old Q-value: -1.0
Alpha: 1.0
Gamma:1.0

Reward: 33
-1.0 + 1.0 * (33 + 1.0 - -1.0) = 34.0
mai 05, 2020 11:01:54 P.M. hvl.projectparmorel.qlearning.QModelFixer updateQTable
INFO: Updated Q-table for error 29, context 1, action -1193116178 to new weight 34.0
mai 05, 2020 11:01:55 P.M. hvl.projectparmorel.reward.PreferUnderstandability rewardcalculateRewardFor
INFO: Time to get metric: 1118 ms
mai 05, 2020 11:01:55 P.M. hvl.projectparmorel.qlearning.QModelFixer isUnique
INFO: Solution [ErrorAction [Error: 29 There may not be two classifiers named 'Item', Action: setName, Error hierarchy: 1]
] already exists.
mai 05, 2020 11:01:55 P.M. hvl.projectparmorel.qlearning.QModelFixer fixModel
INFO: Solution discarded.
mai 05, 2020 11:01:55 P.M. hvl.projectparmorel.qlearning.QModelFixer fixModel
INFO: EPISODE 23 TOTAL REWARD 130.0



mai 05, 2020 11:01:55 P.M. hvl.projectparmorel.qlearning.QModelFixer handleEpisode
INFO: EPISODE 24, STEP 0, Fixing error 29: There may not be two classifiers named 'Item'
mai 05, 2020 11:01:55 P.M. hvl.projectparmorel.qlearning.QModelFixer chooseAction
INFO: Choosing random action.
mai 05, 2020 11:01:55 P.M. hvl.projectparmorel.qlearning.QModelFixer handleStep
INFO: Chose action delete in context 2 with weight 98.3333334
mai 05, 2020 11:01:55 P.M. hvl.projectparmorel.qlearning.QModelFixer updateQTable
INFO: Calculating new Q-value:
Old Q-value: 98.3333334
Alpha: 1.0
Gamma:1.0

Reward: -2
98.3333334 + 1.0 * (-2 + 1.0 - 98.3333334) = -1.0
mai 05, 2020 11:01:55 P.M. hvl.projectparmorel.qlearning.QModelFixer updateQTable
INFO: Updated Q-table for error 29, context 2, action 99999 to new weight -1.0
mai 05, 2020 11:01:55 P.M. hvl.projectparmorel.ecore.EcoreSolution calculateDistanceFromOriginal
INFO: Calculated the distance between the models to 83.0
mai 05, 2020 11:01:55 P.M. hvl.projectparmorel.reward.PreferCloseDinstanceToOriginalPreference rewardcalculateRewardFor
INFO: Time to measure distance: 5 ms
mai 05, 2020 11:01:55 P.M. hvl.projectparmorel.qlearning.QModelFixer updateQTable
INFO: Calculating new Q-value:
Old Q-value: -1.0
Alpha: 1.0
Gamma:1.0

Reward: 83
-1.0 + 1.0 * (83 + 1.0 - -1.0) = 84.0
mai 05, 2020 11:01:55 P.M. hvl.projectparmorel.qlearning.QModelFixer updateQTable
INFO: Updated Q-table for error 29, context 2, action 99999 to new weight 84.0
mai 05, 2020 11:01:57 P.M. hvl.projectparmorel.reward.PreferUnderstandability rewardcalculateRewardFor
INFO: Time to get metric: 1204 ms
mai 05, 2020 11:01:57 P.M. hvl.projectparmorel.qlearning.QModelFixer fixModel
INFO: Solution added to possible solitons: [ErrorAction [Error: 29 There may not be two classifiers named 'Item', Action: delete, Error hierarchy: 2]
]
mai 05, 2020 11:01:57 P.M. hvl.projectparmorel.qlearning.QModelFixer fixModel
INFO: EPISODE 24 TOTAL REWARD 180.0



mai 05, 2020 11:01:57 P.M. hvl.projectparmorel.qlearning.QModelFixer fixModel
INFO: Time repairing model: 30319 ms
mai 05, 2020 11:01:57 P.M. hvl.projectparmorel.qlearning.QModelFixer fixModel
INFO: 
-----------------ALL SEQUENCES FOUND-------------------
SIZE: 4
DISCARDED SEQUENCES: 21
--------::::B E S T   S E Q U E N C E   I S::::---------
Sequence [id=0, seq=[ErrorAction [Error: 29 There may not be two classifiers named 'Item', Action: delete, Error hierarchy: 1]
], weight=180.0]

 with 1 actions.
mai 05, 2020 11:01:57 P.M. hvl.projectparmorel.knowledge.Knowledge save
INFO: Saving initialized
mai 05, 2020 11:01:57 P.M. hvl.projectparmorel.knowledge.Knowledge save
INFO: document prepared
mai 05, 2020 11:01:57 P.M. hvl.projectparmorel.knowledge.Knowledge save
INFO: Saving completed to /Users/Magnus/Skole/DAT300/EclipseWorkspace3/ParmorelRunnable/knowledge.xml
mai 05, 2020 11:01:57 P.M. hvl.projectparmorel.knowledge.Knowledge save
INFO: Saving initialized
mai 05, 2020 11:01:57 P.M. hvl.projectparmorel.knowledge.Knowledge save
INFO: document prepared
mai 05, 2020 11:01:57 P.M. hvl.projectparmorel.knowledge.Knowledge save
INFO: Saving completed to /Users/Magnus/Skole/DAT300/EclipseWorkspace3/ParmorelRunnable/knowledge.xml
