mai 08, 2020 1:32:15 A.M. no.hvl.projectparmorel.qlearning.QModelFixer fixModel
INFO: Repairing toolpalette.ecore
mai 08, 2020 1:32:15 A.M. no.hvl.projectparmorel.qlearning.QModelFixer fixModel
INFO: Running with preferences [PREFER_CLOSE_DISTANCE_TO_ORIGINAL, PREFER_COMPLEXITY]
mai 08, 2020 1:32:15 A.M. no.hvl.projectparmorel.qlearning.QModelFixer fixModel
INFO: Initial number of errors in model: 1
Maximum number of steps per episode: 12
Errors to fix: [Error 38, message=The default value literal '' must be a valid literal of the attribute's type in package 0
]
mai 08, 2020 1:32:15 A.M. no.hvl.projectparmorel.qlearning.QModelFixer fixModel
INFO: Initializing Q-table for the errors.
mai 08, 2020 1:32:15 A.M. no.hvl.projectparmorel.qlearning.QModelFixer fixModel
INFO: Number of episodes: 25
mai 08, 2020 1:32:15 A.M. no.hvl.projectparmorel.qlearning.QModelFixer handleEpisode
INFO: EPISODE 0, STEP 0, Fixing error 38: The default value literal '' must be a valid literal of the attribute's type
mai 08, 2020 1:32:15 A.M. no.hvl.projectparmorel.qlearning.QModelFixer chooseAction
INFO: Choosing random action.
mai 08, 2020 1:32:15 A.M. no.hvl.projectparmorel.qlearning.QModelFixer handleStep
INFO: Chose action setEType in context 0 with weight 391.434782
mai 08, 2020 1:32:15 A.M. no.hvl.projectparmorel.qlearning.QModelFixer updateQTable
INFO: Calculating new Q-value:
Old Q-value: 391.434782
Alpha: 1.0
Gamma:1.0

Reward: -2
391.434782 + 1.0 * (-2 + 1.0 - 391.434782) = -1.0
mai 08, 2020 1:32:15 A.M. no.hvl.projectparmorel.qlearning.QModelFixer updateQTable
INFO: Updated Q-table for error 38, context 0, action -591535257 to new weight -1.0
mai 08, 2020 1:32:15 A.M. no.hvl.projectparmorel.qlearning.ecore.EcoreSolution calculateDistanceFromOriginal
INFO: Calculated the distance between the models to 90.0
mai 08, 2020 1:32:15 A.M. no.hvl.projectparmorel.qlearning.reward.PreferCloseDinstanceToOriginalPreference rewardcalculateRewardFor
INFO: Time to measure distance: 7 ms
mai 08, 2020 1:32:15 A.M. no.hvl.projectparmorel.qlearning.QModelFixer updateQTable
INFO: Calculating new Q-value:
Old Q-value: -1.0
Alpha: 1.0
Gamma:1.0

Reward: 90
-1.0 + 1.0 * (90 + 1.0 - -1.0) = 91.0
mai 08, 2020 1:32:15 A.M. no.hvl.projectparmorel.qlearning.QModelFixer updateQTable
INFO: Updated Q-table for error 38, context 0, action -591535257 to new weight 91.0
mai 08, 2020 1:32:16 A.M. no.hvl.projectparmorel.qlearning.reward.PreferComplexity rewardcalculateRewardFor
INFO: Complexity of the metamodel: 1.0
Time to get metric: 952 ms
mai 08, 2020 1:32:16 A.M. no.hvl.projectparmorel.qlearning.QModelFixer fixModel
INFO: Solution added to possible solitons: [ErrorAction [Error: 38 The default value literal '' must be a valid literal of the attribute's type, Action: setEType, Error hierarchy: 0]
]
mai 08, 2020 1:32:16 A.M. no.hvl.projectparmorel.qlearning.QModelFixer fixModel
INFO: EPISODE 0 TOTAL REWARD 187.0



mai 08, 2020 1:32:16 A.M. no.hvl.projectparmorel.qlearning.QModelFixer handleEpisode
INFO: EPISODE 1, STEP 0, Fixing error 38: The default value literal '' must be a valid literal of the attribute's type
mai 08, 2020 1:32:16 A.M. no.hvl.projectparmorel.qlearning.QModelFixer chooseAction
INFO: Choosing optimal action
mai 08, 2020 1:32:16 A.M. no.hvl.projectparmorel.qlearning.QModelFixer handleStep
INFO: Chose action setDefaultValueLiteral in context 0 with weight 391.434782
mai 08, 2020 1:32:16 A.M. no.hvl.projectparmorel.qlearning.QModelFixer updateQTable
INFO: Calculating new Q-value:
Old Q-value: 391.434782
Alpha: 1.0
Gamma:1.0

Reward: -2
391.434782 + 1.0 * (-2 + 1.0 - 391.434782) = -1.0
mai 08, 2020 1:32:16 A.M. no.hvl.projectparmorel.qlearning.QModelFixer updateQTable
INFO: Updated Q-table for error 38, context 0, action 1999964618 to new weight -1.0
mai 08, 2020 1:32:16 A.M. no.hvl.projectparmorel.qlearning.ecore.EcoreSolution calculateDistanceFromOriginal
INFO: Calculated the distance between the models to 100.0
mai 08, 2020 1:32:16 A.M. no.hvl.projectparmorel.qlearning.reward.PreferCloseDinstanceToOriginalPreference rewardcalculateRewardFor
INFO: Time to measure distance: 7 ms
mai 08, 2020 1:32:16 A.M. no.hvl.projectparmorel.qlearning.QModelFixer updateQTable
INFO: Calculating new Q-value:
Old Q-value: -1.0
Alpha: 1.0
Gamma:1.0

Reward: 100
-1.0 + 1.0 * (100 + 1.0 - -1.0) = 101.0
mai 08, 2020 1:32:16 A.M. no.hvl.projectparmorel.qlearning.QModelFixer updateQTable
INFO: Updated Q-table for error 38, context 0, action 1999964618 to new weight 101.0
mai 08, 2020 1:32:17 A.M. no.hvl.projectparmorel.qlearning.reward.PreferComplexity rewardcalculateRewardFor
INFO: Complexity of the metamodel: 1.0
Time to get metric: 1015 ms
mai 08, 2020 1:32:17 A.M. no.hvl.projectparmorel.qlearning.QModelFixer fixModel
INFO: Solution added to possible solitons: [ErrorAction [Error: 38 The default value literal '' must be a valid literal of the attribute's type, Action: setDefaultValueLiteral, Error hierarchy: 0]
]
mai 08, 2020 1:32:17 A.M. no.hvl.projectparmorel.qlearning.QModelFixer fixModel
INFO: EPISODE 1 TOTAL REWARD 197.0



mai 08, 2020 1:32:17 A.M. no.hvl.projectparmorel.qlearning.QModelFixer handleEpisode
INFO: EPISODE 2, STEP 0, Fixing error 38: The default value literal '' must be a valid literal of the attribute's type
mai 08, 2020 1:32:17 A.M. no.hvl.projectparmorel.qlearning.QModelFixer chooseAction
INFO: Choosing optimal action
mai 08, 2020 1:32:17 A.M. no.hvl.projectparmorel.qlearning.QModelFixer handleStep
INFO: Chose action setEType in context 0 with weight 99.0
mai 08, 2020 1:32:17 A.M. no.hvl.projectparmorel.qlearning.QModelFixer updateQTable
INFO: Calculating new Q-value:
Old Q-value: 99.0
Alpha: 1.0
Gamma:1.0

Reward: -2
99.0 + 1.0 * (-2 + 1.0 - 99.0) = -1.0
mai 08, 2020 1:32:17 A.M. no.hvl.projectparmorel.qlearning.QModelFixer updateQTable
INFO: Updated Q-table for error 38, context 0, action -591535257 to new weight -1.0
mai 08, 2020 1:32:17 A.M. no.hvl.projectparmorel.qlearning.ecore.EcoreSolution calculateDistanceFromOriginal
INFO: Calculated the distance between the models to 90.0
mai 08, 2020 1:32:17 A.M. no.hvl.projectparmorel.qlearning.reward.PreferCloseDinstanceToOriginalPreference rewardcalculateRewardFor
INFO: Time to measure distance: 8 ms
mai 08, 2020 1:32:17 A.M. no.hvl.projectparmorel.qlearning.QModelFixer updateQTable
INFO: Calculating new Q-value:
Old Q-value: -1.0
Alpha: 1.0
Gamma:1.0

Reward: 90
-1.0 + 1.0 * (90 + 1.0 - -1.0) = 91.0
mai 08, 2020 1:32:17 A.M. no.hvl.projectparmorel.qlearning.QModelFixer updateQTable
INFO: Updated Q-table for error 38, context 0, action -591535257 to new weight 91.0
mai 08, 2020 1:32:18 A.M. no.hvl.projectparmorel.qlearning.reward.PreferComplexity rewardcalculateRewardFor
INFO: Complexity of the metamodel: 1.0
Time to get metric: 985 ms
mai 08, 2020 1:32:18 A.M. no.hvl.projectparmorel.qlearning.QModelFixer isUnique
INFO: Solution [ErrorAction [Error: 38 The default value literal '' must be a valid literal of the attribute's type, Action: setEType, Error hierarchy: 0]
] already exists.
mai 08, 2020 1:32:18 A.M. no.hvl.projectparmorel.qlearning.QModelFixer fixModel
INFO: Solution discarded.
mai 08, 2020 1:32:18 A.M. no.hvl.projectparmorel.qlearning.QModelFixer fixModel
INFO: EPISODE 2 TOTAL REWARD 187.0



mai 08, 2020 1:32:18 A.M. no.hvl.projectparmorel.qlearning.QModelFixer handleEpisode
INFO: EPISODE 3, STEP 0, Fixing error 38: The default value literal '' must be a valid literal of the attribute's type
mai 08, 2020 1:32:18 A.M. no.hvl.projectparmorel.qlearning.QModelFixer chooseAction
INFO: Choosing optimal action
mai 08, 2020 1:32:18 A.M. no.hvl.projectparmorel.qlearning.QModelFixer handleStep
INFO: Chose action setEType in context 0 with weight 99.0
mai 08, 2020 1:32:18 A.M. no.hvl.projectparmorel.qlearning.QModelFixer updateQTable
INFO: Calculating new Q-value:
Old Q-value: 99.0
Alpha: 1.0
Gamma:1.0

Reward: -2
99.0 + 1.0 * (-2 + 1.0 - 99.0) = -1.0
mai 08, 2020 1:32:18 A.M. no.hvl.projectparmorel.qlearning.QModelFixer updateQTable
INFO: Updated Q-table for error 38, context 0, action -591535257 to new weight -1.0
mai 08, 2020 1:32:18 A.M. no.hvl.projectparmorel.qlearning.ecore.EcoreSolution calculateDistanceFromOriginal
INFO: Calculated the distance between the models to 90.0
mai 08, 2020 1:32:18 A.M. no.hvl.projectparmorel.qlearning.reward.PreferCloseDinstanceToOriginalPreference rewardcalculateRewardFor
INFO: Time to measure distance: 8 ms
mai 08, 2020 1:32:18 A.M. no.hvl.projectparmorel.qlearning.QModelFixer updateQTable
INFO: Calculating new Q-value:
Old Q-value: -1.0
Alpha: 1.0
Gamma:1.0

Reward: 90
-1.0 + 1.0 * (90 + 1.0 - -1.0) = 91.0
mai 08, 2020 1:32:18 A.M. no.hvl.projectparmorel.qlearning.QModelFixer updateQTable
INFO: Updated Q-table for error 38, context 0, action -591535257 to new weight 91.0
mai 08, 2020 1:32:19 A.M. no.hvl.projectparmorel.qlearning.reward.PreferComplexity rewardcalculateRewardFor
INFO: Complexity of the metamodel: 1.0
Time to get metric: 988 ms
mai 08, 2020 1:32:19 A.M. no.hvl.projectparmorel.qlearning.QModelFixer isUnique
INFO: Solution [ErrorAction [Error: 38 The default value literal '' must be a valid literal of the attribute's type, Action: setEType, Error hierarchy: 0]
] already exists.
mai 08, 2020 1:32:19 A.M. no.hvl.projectparmorel.qlearning.QModelFixer fixModel
INFO: Solution discarded.
mai 08, 2020 1:32:19 A.M. no.hvl.projectparmorel.qlearning.QModelFixer fixModel
INFO: EPISODE 3 TOTAL REWARD 187.0



mai 08, 2020 1:32:19 A.M. no.hvl.projectparmorel.qlearning.QModelFixer handleEpisode
INFO: EPISODE 4, STEP 0, Fixing error 38: The default value literal '' must be a valid literal of the attribute's type
mai 08, 2020 1:32:19 A.M. no.hvl.projectparmorel.qlearning.QModelFixer chooseAction
INFO: Choosing optimal action
mai 08, 2020 1:32:19 A.M. no.hvl.projectparmorel.qlearning.QModelFixer handleStep
INFO: Chose action setEType in context 0 with weight 99.0
mai 08, 2020 1:32:19 A.M. no.hvl.projectparmorel.qlearning.QModelFixer updateQTable
INFO: Calculating new Q-value:
Old Q-value: 99.0
Alpha: 1.0
Gamma:1.0

Reward: -2
99.0 + 1.0 * (-2 + 1.0 - 99.0) = -1.0
mai 08, 2020 1:32:19 A.M. no.hvl.projectparmorel.qlearning.QModelFixer updateQTable
INFO: Updated Q-table for error 38, context 0, action -591535257 to new weight -1.0
mai 08, 2020 1:32:19 A.M. no.hvl.projectparmorel.qlearning.ecore.EcoreSolution calculateDistanceFromOriginal
INFO: Calculated the distance between the models to 90.0
mai 08, 2020 1:32:19 A.M. no.hvl.projectparmorel.qlearning.reward.PreferCloseDinstanceToOriginalPreference rewardcalculateRewardFor
INFO: Time to measure distance: 8 ms
mai 08, 2020 1:32:19 A.M. no.hvl.projectparmorel.qlearning.QModelFixer updateQTable
INFO: Calculating new Q-value:
Old Q-value: -1.0
Alpha: 1.0
Gamma:1.0

Reward: 90
-1.0 + 1.0 * (90 + 1.0 - -1.0) = 91.0
mai 08, 2020 1:32:19 A.M. no.hvl.projectparmorel.qlearning.QModelFixer updateQTable
INFO: Updated Q-table for error 38, context 0, action -591535257 to new weight 91.0
mai 08, 2020 1:32:20 A.M. no.hvl.projectparmorel.qlearning.reward.PreferComplexity rewardcalculateRewardFor
INFO: Complexity of the metamodel: 1.0
Time to get metric: 1016 ms
mai 08, 2020 1:32:20 A.M. no.hvl.projectparmorel.qlearning.QModelFixer isUnique
INFO: Solution [ErrorAction [Error: 38 The default value literal '' must be a valid literal of the attribute's type, Action: setEType, Error hierarchy: 0]
] already exists.
mai 08, 2020 1:32:20 A.M. no.hvl.projectparmorel.qlearning.QModelFixer fixModel
INFO: Solution discarded.
mai 08, 2020 1:32:20 A.M. no.hvl.projectparmorel.qlearning.QModelFixer fixModel
INFO: EPISODE 4 TOTAL REWARD 187.0



mai 08, 2020 1:32:20 A.M. no.hvl.projectparmorel.qlearning.QModelFixer handleEpisode
INFO: EPISODE 5, STEP 0, Fixing error 38: The default value literal '' must be a valid literal of the attribute's type
mai 08, 2020 1:32:20 A.M. no.hvl.projectparmorel.qlearning.QModelFixer chooseAction
INFO: Choosing optimal action
mai 08, 2020 1:32:20 A.M. no.hvl.projectparmorel.qlearning.QModelFixer handleStep
INFO: Chose action setEType in context 0 with weight 99.0
mai 08, 2020 1:32:20 A.M. no.hvl.projectparmorel.qlearning.QModelFixer updateQTable
INFO: Calculating new Q-value:
Old Q-value: 99.0
Alpha: 1.0
Gamma:1.0

Reward: -2
99.0 + 1.0 * (-2 + 1.0 - 99.0) = -1.0
mai 08, 2020 1:32:20 A.M. no.hvl.projectparmorel.qlearning.QModelFixer updateQTable
INFO: Updated Q-table for error 38, context 0, action -591535257 to new weight -1.0
mai 08, 2020 1:32:20 A.M. no.hvl.projectparmorel.qlearning.ecore.EcoreSolution calculateDistanceFromOriginal
INFO: Calculated the distance between the models to 90.0
mai 08, 2020 1:32:20 A.M. no.hvl.projectparmorel.qlearning.reward.PreferCloseDinstanceToOriginalPreference rewardcalculateRewardFor
INFO: Time to measure distance: 7 ms
mai 08, 2020 1:32:20 A.M. no.hvl.projectparmorel.qlearning.QModelFixer updateQTable
INFO: Calculating new Q-value:
Old Q-value: -1.0
Alpha: 1.0
Gamma:1.0

Reward: 90
-1.0 + 1.0 * (90 + 1.0 - -1.0) = 91.0
mai 08, 2020 1:32:20 A.M. no.hvl.projectparmorel.qlearning.QModelFixer updateQTable
INFO: Updated Q-table for error 38, context 0, action -591535257 to new weight 91.0
mai 08, 2020 1:32:21 A.M. no.hvl.projectparmorel.qlearning.reward.PreferComplexity rewardcalculateRewardFor
INFO: Complexity of the metamodel: 1.0
Time to get metric: 993 ms
mai 08, 2020 1:32:21 A.M. no.hvl.projectparmorel.qlearning.QModelFixer isUnique
INFO: Solution [ErrorAction [Error: 38 The default value literal '' must be a valid literal of the attribute's type, Action: setEType, Error hierarchy: 0]
] already exists.
mai 08, 2020 1:32:21 A.M. no.hvl.projectparmorel.qlearning.QModelFixer fixModel
INFO: Solution discarded.
mai 08, 2020 1:32:21 A.M. no.hvl.projectparmorel.qlearning.QModelFixer fixModel
INFO: EPISODE 5 TOTAL REWARD 187.0



mai 08, 2020 1:32:21 A.M. no.hvl.projectparmorel.qlearning.QModelFixer handleEpisode
INFO: EPISODE 6, STEP 0, Fixing error 38: The default value literal '' must be a valid literal of the attribute's type
mai 08, 2020 1:32:21 A.M. no.hvl.projectparmorel.qlearning.QModelFixer chooseAction
INFO: Choosing random action.
mai 08, 2020 1:32:21 A.M. no.hvl.projectparmorel.qlearning.QModelFixer handleStep
INFO: Chose action setDefaultValueLiteralGen in context 0 with weight 91.434782
mai 08, 2020 1:32:21 A.M. no.hvl.projectparmorel.qlearning.QModelFixer updateQTable
INFO: Calculating new Q-value:
Old Q-value: 91.434782
Alpha: 1.0
Gamma:1.0

Reward: -2
91.434782 + 1.0 * (-2 + 1.0 - 91.434782) = -1.0
mai 08, 2020 1:32:21 A.M. no.hvl.projectparmorel.qlearning.QModelFixer updateQTable
INFO: Updated Q-table for error 38, context 0, action -2078906332 to new weight -1.0
mai 08, 2020 1:32:21 A.M. no.hvl.projectparmorel.qlearning.ecore.EcoreSolution calculateDistanceFromOriginal
INFO: Calculated the distance between the models to 100.0
mai 08, 2020 1:32:21 A.M. no.hvl.projectparmorel.qlearning.reward.PreferCloseDinstanceToOriginalPreference rewardcalculateRewardFor
INFO: Time to measure distance: 8 ms
mai 08, 2020 1:32:21 A.M. no.hvl.projectparmorel.qlearning.QModelFixer updateQTable
INFO: Calculating new Q-value:
Old Q-value: -1.0
Alpha: 1.0
Gamma:1.0

Reward: 100
-1.0 + 1.0 * (100 + 1.0 - -1.0) = 101.0
mai 08, 2020 1:32:21 A.M. no.hvl.projectparmorel.qlearning.QModelFixer updateQTable
INFO: Updated Q-table for error 38, context 0, action -2078906332 to new weight 101.0
mai 08, 2020 1:32:22 A.M. no.hvl.projectparmorel.qlearning.reward.PreferComplexity rewardcalculateRewardFor
INFO: Complexity of the metamodel: 1.0
Time to get metric: 948 ms
mai 08, 2020 1:32:22 A.M. no.hvl.projectparmorel.qlearning.QModelFixer fixModel
INFO: Solution added to possible solitons: [ErrorAction [Error: 38 The default value literal '' must be a valid literal of the attribute's type, Action: setDefaultValueLiteralGen, Error hierarchy: 0]
]
mai 08, 2020 1:32:22 A.M. no.hvl.projectparmorel.qlearning.QModelFixer fixModel
INFO: EPISODE 6 TOTAL REWARD 197.0



mai 08, 2020 1:32:22 A.M. no.hvl.projectparmorel.qlearning.QModelFixer handleEpisode
INFO: EPISODE 7, STEP 0, Fixing error 38: The default value literal '' must be a valid literal of the attribute's type
mai 08, 2020 1:32:22 A.M. no.hvl.projectparmorel.qlearning.QModelFixer chooseAction
INFO: Choosing random action.
mai 08, 2020 1:32:22 A.M. no.hvl.projectparmorel.qlearning.QModelFixer handleStep
INFO: Chose action setEType in context 0 with weight 99.0
mai 08, 2020 1:32:22 A.M. no.hvl.projectparmorel.qlearning.QModelFixer updateQTable
INFO: Calculating new Q-value:
Old Q-value: 99.0
Alpha: 1.0
Gamma:1.0

Reward: -2
99.0 + 1.0 * (-2 + 1.0 - 99.0) = -1.0
mai 08, 2020 1:32:22 A.M. no.hvl.projectparmorel.qlearning.QModelFixer updateQTable
INFO: Updated Q-table for error 38, context 0, action -591535257 to new weight -1.0
mai 08, 2020 1:32:22 A.M. no.hvl.projectparmorel.qlearning.ecore.EcoreSolution calculateDistanceFromOriginal
INFO: Calculated the distance between the models to 90.0
mai 08, 2020 1:32:22 A.M. no.hvl.projectparmorel.qlearning.reward.PreferCloseDinstanceToOriginalPreference rewardcalculateRewardFor
INFO: Time to measure distance: 7 ms
mai 08, 2020 1:32:22 A.M. no.hvl.projectparmorel.qlearning.QModelFixer updateQTable
INFO: Calculating new Q-value:
Old Q-value: -1.0
Alpha: 1.0
Gamma:1.0

Reward: 90
-1.0 + 1.0 * (90 + 1.0 - -1.0) = 91.0
mai 08, 2020 1:32:22 A.M. no.hvl.projectparmorel.qlearning.QModelFixer updateQTable
INFO: Updated Q-table for error 38, context 0, action -591535257 to new weight 91.0
mai 08, 2020 1:32:23 A.M. no.hvl.projectparmorel.qlearning.reward.PreferComplexity rewardcalculateRewardFor
INFO: Complexity of the metamodel: 1.0
Time to get metric: 988 ms
mai 08, 2020 1:32:23 A.M. no.hvl.projectparmorel.qlearning.QModelFixer isUnique
INFO: Solution [ErrorAction [Error: 38 The default value literal '' must be a valid literal of the attribute's type, Action: setEType, Error hierarchy: 0]
] already exists.
mai 08, 2020 1:32:23 A.M. no.hvl.projectparmorel.qlearning.QModelFixer fixModel
INFO: Solution discarded.
mai 08, 2020 1:32:23 A.M. no.hvl.projectparmorel.qlearning.QModelFixer fixModel
INFO: EPISODE 7 TOTAL REWARD 187.0



mai 08, 2020 1:32:23 A.M. no.hvl.projectparmorel.qlearning.QModelFixer handleEpisode
INFO: EPISODE 8, STEP 0, Fixing error 38: The default value literal '' must be a valid literal of the attribute's type
mai 08, 2020 1:32:23 A.M. no.hvl.projectparmorel.qlearning.QModelFixer chooseAction
INFO: Choosing optimal action
mai 08, 2020 1:32:23 A.M. no.hvl.projectparmorel.qlearning.QModelFixer handleStep
INFO: Chose action setDefaultValueLiteralGen in context 0 with weight 99.0
mai 08, 2020 1:32:23 A.M. no.hvl.projectparmorel.qlearning.QModelFixer updateQTable
INFO: Calculating new Q-value:
Old Q-value: 99.0
Alpha: 1.0
Gamma:1.0

Reward: -2
99.0 + 1.0 * (-2 + 1.0 - 99.0) = -1.0
mai 08, 2020 1:32:23 A.M. no.hvl.projectparmorel.qlearning.QModelFixer updateQTable
INFO: Updated Q-table for error 38, context 0, action -2078906332 to new weight -1.0
mai 08, 2020 1:32:23 A.M. no.hvl.projectparmorel.qlearning.ecore.EcoreSolution calculateDistanceFromOriginal
INFO: Calculated the distance between the models to 100.0
mai 08, 2020 1:32:23 A.M. no.hvl.projectparmorel.qlearning.reward.PreferCloseDinstanceToOriginalPreference rewardcalculateRewardFor
INFO: Time to measure distance: 8 ms
mai 08, 2020 1:32:23 A.M. no.hvl.projectparmorel.qlearning.QModelFixer updateQTable
INFO: Calculating new Q-value:
Old Q-value: -1.0
Alpha: 1.0
Gamma:1.0

Reward: 100
-1.0 + 1.0 * (100 + 1.0 - -1.0) = 101.0
mai 08, 2020 1:32:23 A.M. no.hvl.projectparmorel.qlearning.QModelFixer updateQTable
INFO: Updated Q-table for error 38, context 0, action -2078906332 to new weight 101.0
mai 08, 2020 1:32:24 A.M. no.hvl.projectparmorel.qlearning.reward.PreferComplexity rewardcalculateRewardFor
INFO: Complexity of the metamodel: 1.0
Time to get metric: 943 ms
mai 08, 2020 1:32:24 A.M. no.hvl.projectparmorel.qlearning.QModelFixer isUnique
INFO: Solution [ErrorAction [Error: 38 The default value literal '' must be a valid literal of the attribute's type, Action: setDefaultValueLiteralGen, Error hierarchy: 0]
] already exists.
mai 08, 2020 1:32:24 A.M. no.hvl.projectparmorel.qlearning.QModelFixer fixModel
INFO: Solution discarded.
mai 08, 2020 1:32:24 A.M. no.hvl.projectparmorel.qlearning.QModelFixer fixModel
INFO: EPISODE 8 TOTAL REWARD 197.0



mai 08, 2020 1:32:24 A.M. no.hvl.projectparmorel.qlearning.QModelFixer handleEpisode
INFO: EPISODE 9, STEP 0, Fixing error 38: The default value literal '' must be a valid literal of the attribute's type
mai 08, 2020 1:32:24 A.M. no.hvl.projectparmorel.qlearning.QModelFixer chooseAction
INFO: Choosing optimal action
mai 08, 2020 1:32:24 A.M. no.hvl.projectparmorel.qlearning.QModelFixer handleStep
INFO: Chose action setDefaultValueLiteralGen in context 0 with weight 99.0
mai 08, 2020 1:32:24 A.M. no.hvl.projectparmorel.qlearning.QModelFixer updateQTable
INFO: Calculating new Q-value:
Old Q-value: 99.0
Alpha: 1.0
Gamma:1.0

Reward: -2
99.0 + 1.0 * (-2 + 1.0 - 99.0) = -1.0
mai 08, 2020 1:32:24 A.M. no.hvl.projectparmorel.qlearning.QModelFixer updateQTable
INFO: Updated Q-table for error 38, context 0, action -2078906332 to new weight -1.0
mai 08, 2020 1:32:24 A.M. no.hvl.projectparmorel.qlearning.ecore.EcoreSolution calculateDistanceFromOriginal
INFO: Calculated the distance between the models to 100.0
mai 08, 2020 1:32:24 A.M. no.hvl.projectparmorel.qlearning.reward.PreferCloseDinstanceToOriginalPreference rewardcalculateRewardFor
INFO: Time to measure distance: 7 ms
mai 08, 2020 1:32:24 A.M. no.hvl.projectparmorel.qlearning.QModelFixer updateQTable
INFO: Calculating new Q-value:
Old Q-value: -1.0
Alpha: 1.0
Gamma:1.0

Reward: 100
-1.0 + 1.0 * (100 + 1.0 - -1.0) = 101.0
mai 08, 2020 1:32:24 A.M. no.hvl.projectparmorel.qlearning.QModelFixer updateQTable
INFO: Updated Q-table for error 38, context 0, action -2078906332 to new weight 101.0
mai 08, 2020 1:32:25 A.M. no.hvl.projectparmorel.qlearning.reward.PreferComplexity rewardcalculateRewardFor
INFO: Complexity of the metamodel: 1.0
Time to get metric: 1024 ms
mai 08, 2020 1:32:25 A.M. no.hvl.projectparmorel.qlearning.QModelFixer isUnique
INFO: Solution [ErrorAction [Error: 38 The default value literal '' must be a valid literal of the attribute's type, Action: setDefaultValueLiteralGen, Error hierarchy: 0]
] already exists.
mai 08, 2020 1:32:25 A.M. no.hvl.projectparmorel.qlearning.QModelFixer fixModel
INFO: Solution discarded.
mai 08, 2020 1:32:25 A.M. no.hvl.projectparmorel.qlearning.QModelFixer fixModel
INFO: EPISODE 9 TOTAL REWARD 197.0



mai 08, 2020 1:32:25 A.M. no.hvl.projectparmorel.qlearning.QModelFixer handleEpisode
INFO: EPISODE 10, STEP 0, Fixing error 38: The default value literal '' must be a valid literal of the attribute's type
mai 08, 2020 1:32:25 A.M. no.hvl.projectparmorel.qlearning.QModelFixer chooseAction
INFO: Choosing optimal action
mai 08, 2020 1:32:25 A.M. no.hvl.projectparmorel.qlearning.QModelFixer handleStep
INFO: Chose action setDefaultValueLiteralGen in context 0 with weight 99.0
mai 08, 2020 1:32:25 A.M. no.hvl.projectparmorel.qlearning.QModelFixer updateQTable
INFO: Calculating new Q-value:
Old Q-value: 99.0
Alpha: 1.0
Gamma:1.0

Reward: -2
99.0 + 1.0 * (-2 + 1.0 - 99.0) = -1.0
mai 08, 2020 1:32:25 A.M. no.hvl.projectparmorel.qlearning.QModelFixer updateQTable
INFO: Updated Q-table for error 38, context 0, action -2078906332 to new weight -1.0
mai 08, 2020 1:32:25 A.M. no.hvl.projectparmorel.qlearning.ecore.EcoreSolution calculateDistanceFromOriginal
INFO: Calculated the distance between the models to 100.0
mai 08, 2020 1:32:25 A.M. no.hvl.projectparmorel.qlearning.reward.PreferCloseDinstanceToOriginalPreference rewardcalculateRewardFor
INFO: Time to measure distance: 8 ms
mai 08, 2020 1:32:25 A.M. no.hvl.projectparmorel.qlearning.QModelFixer updateQTable
INFO: Calculating new Q-value:
Old Q-value: -1.0
Alpha: 1.0
Gamma:1.0

Reward: 100
-1.0 + 1.0 * (100 + 1.0 - -1.0) = 101.0
mai 08, 2020 1:32:25 A.M. no.hvl.projectparmorel.qlearning.QModelFixer updateQTable
INFO: Updated Q-table for error 38, context 0, action -2078906332 to new weight 101.0
mai 08, 2020 1:32:26 A.M. no.hvl.projectparmorel.qlearning.reward.PreferComplexity rewardcalculateRewardFor
INFO: Complexity of the metamodel: 1.0
Time to get metric: 985 ms
mai 08, 2020 1:32:26 A.M. no.hvl.projectparmorel.qlearning.QModelFixer isUnique
INFO: Solution [ErrorAction [Error: 38 The default value literal '' must be a valid literal of the attribute's type, Action: setDefaultValueLiteralGen, Error hierarchy: 0]
] already exists.
mai 08, 2020 1:32:26 A.M. no.hvl.projectparmorel.qlearning.QModelFixer fixModel
INFO: Solution discarded.
mai 08, 2020 1:32:26 A.M. no.hvl.projectparmorel.qlearning.QModelFixer fixModel
INFO: EPISODE 10 TOTAL REWARD 197.0



mai 08, 2020 1:32:26 A.M. no.hvl.projectparmorel.qlearning.QModelFixer handleEpisode
INFO: EPISODE 11, STEP 0, Fixing error 38: The default value literal '' must be a valid literal of the attribute's type
mai 08, 2020 1:32:26 A.M. no.hvl.projectparmorel.qlearning.QModelFixer chooseAction
INFO: Choosing optimal action
mai 08, 2020 1:32:26 A.M. no.hvl.projectparmorel.qlearning.QModelFixer handleStep
INFO: Chose action setDefaultValueLiteralGen in context 0 with weight 99.0
mai 08, 2020 1:32:26 A.M. no.hvl.projectparmorel.qlearning.QModelFixer updateQTable
INFO: Calculating new Q-value:
Old Q-value: 99.0
Alpha: 1.0
Gamma:1.0

Reward: -2
99.0 + 1.0 * (-2 + 1.0 - 99.0) = -1.0
mai 08, 2020 1:32:26 A.M. no.hvl.projectparmorel.qlearning.QModelFixer updateQTable
INFO: Updated Q-table for error 38, context 0, action -2078906332 to new weight -1.0
mai 08, 2020 1:32:26 A.M. no.hvl.projectparmorel.qlearning.ecore.EcoreSolution calculateDistanceFromOriginal
INFO: Calculated the distance between the models to 100.0
mai 08, 2020 1:32:26 A.M. no.hvl.projectparmorel.qlearning.reward.PreferCloseDinstanceToOriginalPreference rewardcalculateRewardFor
INFO: Time to measure distance: 8 ms
mai 08, 2020 1:32:26 A.M. no.hvl.projectparmorel.qlearning.QModelFixer updateQTable
INFO: Calculating new Q-value:
Old Q-value: -1.0
Alpha: 1.0
Gamma:1.0

Reward: 100
-1.0 + 1.0 * (100 + 1.0 - -1.0) = 101.0
mai 08, 2020 1:32:26 A.M. no.hvl.projectparmorel.qlearning.QModelFixer updateQTable
INFO: Updated Q-table for error 38, context 0, action -2078906332 to new weight 101.0
mai 08, 2020 1:32:27 A.M. no.hvl.projectparmorel.qlearning.reward.PreferComplexity rewardcalculateRewardFor
INFO: Complexity of the metamodel: 1.0
Time to get metric: 958 ms
mai 08, 2020 1:32:27 A.M. no.hvl.projectparmorel.qlearning.QModelFixer isUnique
INFO: Solution [ErrorAction [Error: 38 The default value literal '' must be a valid literal of the attribute's type, Action: setDefaultValueLiteralGen, Error hierarchy: 0]
] already exists.
mai 08, 2020 1:32:27 A.M. no.hvl.projectparmorel.qlearning.QModelFixer fixModel
INFO: Solution discarded.
mai 08, 2020 1:32:27 A.M. no.hvl.projectparmorel.qlearning.QModelFixer fixModel
INFO: EPISODE 11 TOTAL REWARD 197.0



mai 08, 2020 1:32:27 A.M. no.hvl.projectparmorel.qlearning.QModelFixer handleEpisode
INFO: EPISODE 12, STEP 0, Fixing error 38: The default value literal '' must be a valid literal of the attribute's type
mai 08, 2020 1:32:27 A.M. no.hvl.projectparmorel.qlearning.QModelFixer chooseAction
INFO: Choosing random action.
mai 08, 2020 1:32:27 A.M. no.hvl.projectparmorel.qlearning.QModelFixer handleStep
INFO: Chose action setDefaultValueLiteral in context 0 with weight 99.0
mai 08, 2020 1:32:27 A.M. no.hvl.projectparmorel.qlearning.QModelFixer updateQTable
INFO: Calculating new Q-value:
Old Q-value: 99.0
Alpha: 1.0
Gamma:1.0

Reward: -2
99.0 + 1.0 * (-2 + 1.0 - 99.0) = -1.0
mai 08, 2020 1:32:27 A.M. no.hvl.projectparmorel.qlearning.QModelFixer updateQTable
INFO: Updated Q-table for error 38, context 0, action 1999964618 to new weight -1.0
mai 08, 2020 1:32:27 A.M. no.hvl.projectparmorel.qlearning.ecore.EcoreSolution calculateDistanceFromOriginal
INFO: Calculated the distance between the models to 100.0
mai 08, 2020 1:32:27 A.M. no.hvl.projectparmorel.qlearning.reward.PreferCloseDinstanceToOriginalPreference rewardcalculateRewardFor
INFO: Time to measure distance: 7 ms
mai 08, 2020 1:32:27 A.M. no.hvl.projectparmorel.qlearning.QModelFixer updateQTable
INFO: Calculating new Q-value:
Old Q-value: -1.0
Alpha: 1.0
Gamma:1.0

Reward: 100
-1.0 + 1.0 * (100 + 1.0 - -1.0) = 101.0
mai 08, 2020 1:32:27 A.M. no.hvl.projectparmorel.qlearning.QModelFixer updateQTable
INFO: Updated Q-table for error 38, context 0, action 1999964618 to new weight 101.0
mai 08, 2020 1:32:28 A.M. no.hvl.projectparmorel.qlearning.reward.PreferComplexity rewardcalculateRewardFor
INFO: Complexity of the metamodel: 1.0
Time to get metric: 1029 ms
mai 08, 2020 1:32:28 A.M. no.hvl.projectparmorel.qlearning.QModelFixer isUnique
INFO: Solution [ErrorAction [Error: 38 The default value literal '' must be a valid literal of the attribute's type, Action: setDefaultValueLiteral, Error hierarchy: 0]
] already exists.
mai 08, 2020 1:32:28 A.M. no.hvl.projectparmorel.qlearning.QModelFixer fixModel
INFO: Solution discarded.
mai 08, 2020 1:32:28 A.M. no.hvl.projectparmorel.qlearning.QModelFixer fixModel
INFO: EPISODE 12 TOTAL REWARD 197.0



mai 08, 2020 1:32:28 A.M. no.hvl.projectparmorel.qlearning.QModelFixer handleEpisode
INFO: EPISODE 13, STEP 0, Fixing error 38: The default value literal '' must be a valid literal of the attribute's type
mai 08, 2020 1:32:28 A.M. no.hvl.projectparmorel.qlearning.QModelFixer chooseAction
INFO: Choosing random action.
mai 08, 2020 1:32:28 A.M. no.hvl.projectparmorel.qlearning.QModelFixer handleStep
INFO: Chose action setEType in context 0 with weight 99.0
mai 08, 2020 1:32:28 A.M. no.hvl.projectparmorel.qlearning.QModelFixer updateQTable
INFO: Calculating new Q-value:
Old Q-value: 99.0
Alpha: 1.0
Gamma:1.0

Reward: -2
99.0 + 1.0 * (-2 + 1.0 - 99.0) = -1.0
mai 08, 2020 1:32:28 A.M. no.hvl.projectparmorel.qlearning.QModelFixer updateQTable
INFO: Updated Q-table for error 38, context 0, action -591535257 to new weight -1.0
mai 08, 2020 1:32:28 A.M. no.hvl.projectparmorel.qlearning.ecore.EcoreSolution calculateDistanceFromOriginal
INFO: Calculated the distance between the models to 90.0
mai 08, 2020 1:32:28 A.M. no.hvl.projectparmorel.qlearning.reward.PreferCloseDinstanceToOriginalPreference rewardcalculateRewardFor
INFO: Time to measure distance: 8 ms
mai 08, 2020 1:32:28 A.M. no.hvl.projectparmorel.qlearning.QModelFixer updateQTable
INFO: Calculating new Q-value:
Old Q-value: -1.0
Alpha: 1.0
Gamma:1.0

Reward: 90
-1.0 + 1.0 * (90 + 1.0 - -1.0) = 91.0
mai 08, 2020 1:32:28 A.M. no.hvl.projectparmorel.qlearning.QModelFixer updateQTable
INFO: Updated Q-table for error 38, context 0, action -591535257 to new weight 91.0
mai 08, 2020 1:32:29 A.M. no.hvl.projectparmorel.qlearning.reward.PreferComplexity rewardcalculateRewardFor
INFO: Complexity of the metamodel: 1.0
Time to get metric: 990 ms
mai 08, 2020 1:32:29 A.M. no.hvl.projectparmorel.qlearning.QModelFixer isUnique
INFO: Solution [ErrorAction [Error: 38 The default value literal '' must be a valid literal of the attribute's type, Action: setEType, Error hierarchy: 0]
] already exists.
mai 08, 2020 1:32:29 A.M. no.hvl.projectparmorel.qlearning.QModelFixer fixModel
INFO: Solution discarded.
mai 08, 2020 1:32:29 A.M. no.hvl.projectparmorel.qlearning.QModelFixer fixModel
INFO: EPISODE 13 TOTAL REWARD 187.0



mai 08, 2020 1:32:29 A.M. no.hvl.projectparmorel.qlearning.QModelFixer handleEpisode
INFO: EPISODE 14, STEP 0, Fixing error 38: The default value literal '' must be a valid literal of the attribute's type
mai 08, 2020 1:32:29 A.M. no.hvl.projectparmorel.qlearning.QModelFixer chooseAction
INFO: Choosing optimal action
mai 08, 2020 1:32:29 A.M. no.hvl.projectparmorel.qlearning.QModelFixer handleStep
INFO: Chose action setDefaultValueLiteralGen in context 0 with weight 99.0
mai 08, 2020 1:32:29 A.M. no.hvl.projectparmorel.qlearning.QModelFixer updateQTable
INFO: Calculating new Q-value:
Old Q-value: 99.0
Alpha: 1.0
Gamma:1.0

Reward: -2
99.0 + 1.0 * (-2 + 1.0 - 99.0) = -1.0
mai 08, 2020 1:32:29 A.M. no.hvl.projectparmorel.qlearning.QModelFixer updateQTable
INFO: Updated Q-table for error 38, context 0, action -2078906332 to new weight -1.0
mai 08, 2020 1:32:29 A.M. no.hvl.projectparmorel.qlearning.ecore.EcoreSolution calculateDistanceFromOriginal
INFO: Calculated the distance between the models to 100.0
mai 08, 2020 1:32:29 A.M. no.hvl.projectparmorel.qlearning.reward.PreferCloseDinstanceToOriginalPreference rewardcalculateRewardFor
INFO: Time to measure distance: 9 ms
mai 08, 2020 1:32:29 A.M. no.hvl.projectparmorel.qlearning.QModelFixer updateQTable
INFO: Calculating new Q-value:
Old Q-value: -1.0
Alpha: 1.0
Gamma:1.0

Reward: 100
-1.0 + 1.0 * (100 + 1.0 - -1.0) = 101.0
mai 08, 2020 1:32:29 A.M. no.hvl.projectparmorel.qlearning.QModelFixer updateQTable
INFO: Updated Q-table for error 38, context 0, action -2078906332 to new weight 101.0
mai 08, 2020 1:32:30 A.M. no.hvl.projectparmorel.qlearning.reward.PreferComplexity rewardcalculateRewardFor
INFO: Complexity of the metamodel: 1.0
Time to get metric: 966 ms
mai 08, 2020 1:32:30 A.M. no.hvl.projectparmorel.qlearning.QModelFixer isUnique
INFO: Solution [ErrorAction [Error: 38 The default value literal '' must be a valid literal of the attribute's type, Action: setDefaultValueLiteralGen, Error hierarchy: 0]
] already exists.
mai 08, 2020 1:32:30 A.M. no.hvl.projectparmorel.qlearning.QModelFixer fixModel
INFO: Solution discarded.
mai 08, 2020 1:32:30 A.M. no.hvl.projectparmorel.qlearning.QModelFixer fixModel
INFO: EPISODE 14 TOTAL REWARD 197.0



mai 08, 2020 1:32:30 A.M. no.hvl.projectparmorel.qlearning.QModelFixer handleEpisode
INFO: EPISODE 15, STEP 0, Fixing error 38: The default value literal '' must be a valid literal of the attribute's type
mai 08, 2020 1:32:30 A.M. no.hvl.projectparmorel.qlearning.QModelFixer chooseAction
INFO: Choosing optimal action
mai 08, 2020 1:32:30 A.M. no.hvl.projectparmorel.qlearning.QModelFixer handleStep
INFO: Chose action setDefaultValueLiteralGen in context 0 with weight 99.0
mai 08, 2020 1:32:30 A.M. no.hvl.projectparmorel.qlearning.QModelFixer updateQTable
INFO: Calculating new Q-value:
Old Q-value: 99.0
Alpha: 1.0
Gamma:1.0

Reward: -2
99.0 + 1.0 * (-2 + 1.0 - 99.0) = -1.0
mai 08, 2020 1:32:30 A.M. no.hvl.projectparmorel.qlearning.QModelFixer updateQTable
INFO: Updated Q-table for error 38, context 0, action -2078906332 to new weight -1.0
mai 08, 2020 1:32:30 A.M. no.hvl.projectparmorel.qlearning.ecore.EcoreSolution calculateDistanceFromOriginal
INFO: Calculated the distance between the models to 100.0
mai 08, 2020 1:32:30 A.M. no.hvl.projectparmorel.qlearning.reward.PreferCloseDinstanceToOriginalPreference rewardcalculateRewardFor
INFO: Time to measure distance: 8 ms
mai 08, 2020 1:32:30 A.M. no.hvl.projectparmorel.qlearning.QModelFixer updateQTable
INFO: Calculating new Q-value:
Old Q-value: -1.0
Alpha: 1.0
Gamma:1.0

Reward: 100
-1.0 + 1.0 * (100 + 1.0 - -1.0) = 101.0
mai 08, 2020 1:32:30 A.M. no.hvl.projectparmorel.qlearning.QModelFixer updateQTable
INFO: Updated Q-table for error 38, context 0, action -2078906332 to new weight 101.0
mai 08, 2020 1:32:31 A.M. no.hvl.projectparmorel.qlearning.reward.PreferComplexity rewardcalculateRewardFor
INFO: Complexity of the metamodel: 1.0
Time to get metric: 1007 ms
mai 08, 2020 1:32:31 A.M. no.hvl.projectparmorel.qlearning.QModelFixer isUnique
INFO: Solution [ErrorAction [Error: 38 The default value literal '' must be a valid literal of the attribute's type, Action: setDefaultValueLiteralGen, Error hierarchy: 0]
] already exists.
mai 08, 2020 1:32:31 A.M. no.hvl.projectparmorel.qlearning.QModelFixer fixModel
INFO: Solution discarded.
mai 08, 2020 1:32:31 A.M. no.hvl.projectparmorel.qlearning.QModelFixer fixModel
INFO: EPISODE 15 TOTAL REWARD 197.0



mai 08, 2020 1:32:31 A.M. no.hvl.projectparmorel.qlearning.QModelFixer handleEpisode
INFO: EPISODE 16, STEP 0, Fixing error 38: The default value literal '' must be a valid literal of the attribute's type
mai 08, 2020 1:32:31 A.M. no.hvl.projectparmorel.qlearning.QModelFixer chooseAction
INFO: Choosing optimal action
mai 08, 2020 1:32:31 A.M. no.hvl.projectparmorel.qlearning.QModelFixer handleStep
INFO: Chose action setDefaultValueLiteralGen in context 0 with weight 99.0
mai 08, 2020 1:32:31 A.M. no.hvl.projectparmorel.qlearning.QModelFixer updateQTable
INFO: Calculating new Q-value:
Old Q-value: 99.0
Alpha: 1.0
Gamma:1.0

Reward: -2
99.0 + 1.0 * (-2 + 1.0 - 99.0) = -1.0
mai 08, 2020 1:32:31 A.M. no.hvl.projectparmorel.qlearning.QModelFixer updateQTable
INFO: Updated Q-table for error 38, context 0, action -2078906332 to new weight -1.0
mai 08, 2020 1:32:31 A.M. no.hvl.projectparmorel.qlearning.ecore.EcoreSolution calculateDistanceFromOriginal
INFO: Calculated the distance between the models to 100.0
mai 08, 2020 1:32:31 A.M. no.hvl.projectparmorel.qlearning.reward.PreferCloseDinstanceToOriginalPreference rewardcalculateRewardFor
INFO: Time to measure distance: 8 ms
mai 08, 2020 1:32:31 A.M. no.hvl.projectparmorel.qlearning.QModelFixer updateQTable
INFO: Calculating new Q-value:
Old Q-value: -1.0
Alpha: 1.0
Gamma:1.0

Reward: 100
-1.0 + 1.0 * (100 + 1.0 - -1.0) = 101.0
mai 08, 2020 1:32:31 A.M. no.hvl.projectparmorel.qlearning.QModelFixer updateQTable
INFO: Updated Q-table for error 38, context 0, action -2078906332 to new weight 101.0
mai 08, 2020 1:32:32 A.M. no.hvl.projectparmorel.qlearning.reward.PreferComplexity rewardcalculateRewardFor
INFO: Complexity of the metamodel: 1.0
Time to get metric: 938 ms
mai 08, 2020 1:32:32 A.M. no.hvl.projectparmorel.qlearning.QModelFixer isUnique
INFO: Solution [ErrorAction [Error: 38 The default value literal '' must be a valid literal of the attribute's type, Action: setDefaultValueLiteralGen, Error hierarchy: 0]
] already exists.
mai 08, 2020 1:32:32 A.M. no.hvl.projectparmorel.qlearning.QModelFixer fixModel
INFO: Solution discarded.
mai 08, 2020 1:32:32 A.M. no.hvl.projectparmorel.qlearning.QModelFixer fixModel
INFO: EPISODE 16 TOTAL REWARD 197.0



mai 08, 2020 1:32:32 A.M. no.hvl.projectparmorel.qlearning.QModelFixer handleEpisode
INFO: EPISODE 17, STEP 0, Fixing error 38: The default value literal '' must be a valid literal of the attribute's type
mai 08, 2020 1:32:32 A.M. no.hvl.projectparmorel.qlearning.QModelFixer chooseAction
INFO: Choosing optimal action
mai 08, 2020 1:32:32 A.M. no.hvl.projectparmorel.qlearning.QModelFixer handleStep
INFO: Chose action setDefaultValueLiteralGen in context 0 with weight 99.0
mai 08, 2020 1:32:32 A.M. no.hvl.projectparmorel.qlearning.QModelFixer updateQTable
INFO: Calculating new Q-value:
Old Q-value: 99.0
Alpha: 1.0
Gamma:1.0

Reward: -2
99.0 + 1.0 * (-2 + 1.0 - 99.0) = -1.0
mai 08, 2020 1:32:32 A.M. no.hvl.projectparmorel.qlearning.QModelFixer updateQTable
INFO: Updated Q-table for error 38, context 0, action -2078906332 to new weight -1.0
mai 08, 2020 1:32:32 A.M. no.hvl.projectparmorel.qlearning.ecore.EcoreSolution calculateDistanceFromOriginal
INFO: Calculated the distance between the models to 100.0
mai 08, 2020 1:32:32 A.M. no.hvl.projectparmorel.qlearning.reward.PreferCloseDinstanceToOriginalPreference rewardcalculateRewardFor
INFO: Time to measure distance: 8 ms
mai 08, 2020 1:32:32 A.M. no.hvl.projectparmorel.qlearning.QModelFixer updateQTable
INFO: Calculating new Q-value:
Old Q-value: -1.0
Alpha: 1.0
Gamma:1.0

Reward: 100
-1.0 + 1.0 * (100 + 1.0 - -1.0) = 101.0
mai 08, 2020 1:32:32 A.M. no.hvl.projectparmorel.qlearning.QModelFixer updateQTable
INFO: Updated Q-table for error 38, context 0, action -2078906332 to new weight 101.0
mai 08, 2020 1:32:33 A.M. no.hvl.projectparmorel.qlearning.reward.PreferComplexity rewardcalculateRewardFor
INFO: Complexity of the metamodel: 1.0
Time to get metric: 1022 ms
mai 08, 2020 1:32:33 A.M. no.hvl.projectparmorel.qlearning.QModelFixer isUnique
INFO: Solution [ErrorAction [Error: 38 The default value literal '' must be a valid literal of the attribute's type, Action: setDefaultValueLiteralGen, Error hierarchy: 0]
] already exists.
mai 08, 2020 1:32:33 A.M. no.hvl.projectparmorel.qlearning.QModelFixer fixModel
INFO: Solution discarded.
mai 08, 2020 1:32:33 A.M. no.hvl.projectparmorel.qlearning.QModelFixer fixModel
INFO: EPISODE 17 TOTAL REWARD 197.0



mai 08, 2020 1:32:33 A.M. no.hvl.projectparmorel.qlearning.QModelFixer handleEpisode
INFO: EPISODE 18, STEP 0, Fixing error 38: The default value literal '' must be a valid literal of the attribute's type
mai 08, 2020 1:32:33 A.M. no.hvl.projectparmorel.qlearning.QModelFixer chooseAction
INFO: Choosing random action.
mai 08, 2020 1:32:33 A.M. no.hvl.projectparmorel.qlearning.QModelFixer handleStep
INFO: Chose action delete in context 0 with weight 91.434782
mai 08, 2020 1:32:36 A.M. no.hvl.projectparmorel.qlearning.QModelFixer updateQTable
INFO: Calculating new Q-value:
Old Q-value: 91.434782
Alpha: 1.0
Gamma:1.0

Reward: -2
91.434782 + 1.0 * (-2 + 1.0 - 91.434782) = -1.0
mai 08, 2020 1:32:36 A.M. no.hvl.projectparmorel.qlearning.QModelFixer updateQTable
INFO: Updated Q-table for error 38, context 0, action 99999 to new weight -1.0
mai 08, 2020 1:32:36 A.M. no.hvl.projectparmorel.qlearning.ecore.EcoreSolution calculateDistanceFromOriginal
INFO: Calculated the distance between the models to 90.0
mai 08, 2020 1:32:36 A.M. no.hvl.projectparmorel.qlearning.reward.PreferCloseDinstanceToOriginalPreference rewardcalculateRewardFor
INFO: Time to measure distance: 8 ms
mai 08, 2020 1:32:36 A.M. no.hvl.projectparmorel.qlearning.QModelFixer updateQTable
INFO: Calculating new Q-value:
Old Q-value: -1.0
Alpha: 1.0
Gamma:1.0

Reward: 90
-1.0 + 1.0 * (90 + 1.0 - -1.0) = 91.0
mai 08, 2020 1:32:36 A.M. no.hvl.projectparmorel.qlearning.QModelFixer updateQTable
INFO: Updated Q-table for error 38, context 0, action 99999 to new weight 91.0
mai 08, 2020 1:32:37 A.M. no.hvl.projectparmorel.qlearning.reward.PreferComplexity rewardcalculateRewardFor
INFO: Complexity of the metamodel: 1.0
Time to get metric: 1013 ms
mai 08, 2020 1:32:37 A.M. no.hvl.projectparmorel.qlearning.QModelFixer fixModel
INFO: Solution added to possible solitons: [ErrorAction [Error: 38 The default value literal '' must be a valid literal of the attribute's type, Action: delete, Error hierarchy: 0]
]
mai 08, 2020 1:32:37 A.M. no.hvl.projectparmorel.qlearning.QModelFixer fixModel
INFO: EPISODE 18 TOTAL REWARD 187.0



mai 08, 2020 1:32:37 A.M. no.hvl.projectparmorel.qlearning.QModelFixer handleEpisode
INFO: EPISODE 19, STEP 0, Fixing error 38: The default value literal '' must be a valid literal of the attribute's type
mai 08, 2020 1:32:37 A.M. no.hvl.projectparmorel.qlearning.QModelFixer chooseAction
INFO: Choosing random action.
mai 08, 2020 1:32:37 A.M. no.hvl.projectparmorel.qlearning.QModelFixer handleStep
INFO: Chose action setDefaultValueLiteralGen in context 0 with weight 99.0
mai 08, 2020 1:32:37 A.M. no.hvl.projectparmorel.qlearning.QModelFixer updateQTable
INFO: Calculating new Q-value:
Old Q-value: 99.0
Alpha: 1.0
Gamma:1.0

Reward: -2
99.0 + 1.0 * (-2 + 1.0 - 99.0) = -1.0
mai 08, 2020 1:32:37 A.M. no.hvl.projectparmorel.qlearning.QModelFixer updateQTable
INFO: Updated Q-table for error 38, context 0, action -2078906332 to new weight -1.0
mai 08, 2020 1:32:37 A.M. no.hvl.projectparmorel.qlearning.ecore.EcoreSolution calculateDistanceFromOriginal
INFO: Calculated the distance between the models to 100.0
mai 08, 2020 1:32:37 A.M. no.hvl.projectparmorel.qlearning.reward.PreferCloseDinstanceToOriginalPreference rewardcalculateRewardFor
INFO: Time to measure distance: 8 ms
mai 08, 2020 1:32:37 A.M. no.hvl.projectparmorel.qlearning.QModelFixer updateQTable
INFO: Calculating new Q-value:
Old Q-value: -1.0
Alpha: 1.0
Gamma:1.0

Reward: 100
-1.0 + 1.0 * (100 + 1.0 - -1.0) = 101.0
mai 08, 2020 1:32:37 A.M. no.hvl.projectparmorel.qlearning.QModelFixer updateQTable
INFO: Updated Q-table for error 38, context 0, action -2078906332 to new weight 101.0
mai 08, 2020 1:32:38 A.M. no.hvl.projectparmorel.qlearning.reward.PreferComplexity rewardcalculateRewardFor
INFO: Complexity of the metamodel: 1.0
Time to get metric: 1014 ms
mai 08, 2020 1:32:38 A.M. no.hvl.projectparmorel.qlearning.QModelFixer isUnique
INFO: Solution [ErrorAction [Error: 38 The default value literal '' must be a valid literal of the attribute's type, Action: setDefaultValueLiteralGen, Error hierarchy: 0]
] already exists.
mai 08, 2020 1:32:38 A.M. no.hvl.projectparmorel.qlearning.QModelFixer fixModel
INFO: Solution discarded.
mai 08, 2020 1:32:38 A.M. no.hvl.projectparmorel.qlearning.QModelFixer fixModel
INFO: EPISODE 19 TOTAL REWARD 197.0



mai 08, 2020 1:32:38 A.M. no.hvl.projectparmorel.qlearning.QModelFixer handleEpisode
INFO: EPISODE 20, STEP 0, Fixing error 38: The default value literal '' must be a valid literal of the attribute's type
mai 08, 2020 1:32:38 A.M. no.hvl.projectparmorel.qlearning.QModelFixer chooseAction
INFO: Choosing optimal action
mai 08, 2020 1:32:38 A.M. no.hvl.projectparmorel.qlearning.QModelFixer handleStep
INFO: Chose action setDefaultValueLiteralGen in context 0 with weight 99.0
mai 08, 2020 1:32:38 A.M. no.hvl.projectparmorel.qlearning.QModelFixer updateQTable
INFO: Calculating new Q-value:
Old Q-value: 99.0
Alpha: 1.0
Gamma:1.0

Reward: -2
99.0 + 1.0 * (-2 + 1.0 - 99.0) = -1.0
mai 08, 2020 1:32:38 A.M. no.hvl.projectparmorel.qlearning.QModelFixer updateQTable
INFO: Updated Q-table for error 38, context 0, action -2078906332 to new weight -1.0
mai 08, 2020 1:32:38 A.M. no.hvl.projectparmorel.qlearning.ecore.EcoreSolution calculateDistanceFromOriginal
INFO: Calculated the distance between the models to 100.0
mai 08, 2020 1:32:38 A.M. no.hvl.projectparmorel.qlearning.reward.PreferCloseDinstanceToOriginalPreference rewardcalculateRewardFor
INFO: Time to measure distance: 8 ms
mai 08, 2020 1:32:38 A.M. no.hvl.projectparmorel.qlearning.QModelFixer updateQTable
INFO: Calculating new Q-value:
Old Q-value: -1.0
Alpha: 1.0
Gamma:1.0

Reward: 100
-1.0 + 1.0 * (100 + 1.0 - -1.0) = 101.0
mai 08, 2020 1:32:38 A.M. no.hvl.projectparmorel.qlearning.QModelFixer updateQTable
INFO: Updated Q-table for error 38, context 0, action -2078906332 to new weight 101.0
mai 08, 2020 1:32:39 A.M. no.hvl.projectparmorel.qlearning.reward.PreferComplexity rewardcalculateRewardFor
INFO: Complexity of the metamodel: 1.0
Time to get metric: 950 ms
mai 08, 2020 1:32:39 A.M. no.hvl.projectparmorel.qlearning.QModelFixer isUnique
INFO: Solution [ErrorAction [Error: 38 The default value literal '' must be a valid literal of the attribute's type, Action: setDefaultValueLiteralGen, Error hierarchy: 0]
] already exists.
mai 08, 2020 1:32:39 A.M. no.hvl.projectparmorel.qlearning.QModelFixer fixModel
INFO: Solution discarded.
mai 08, 2020 1:32:39 A.M. no.hvl.projectparmorel.qlearning.QModelFixer fixModel
INFO: EPISODE 20 TOTAL REWARD 197.0



mai 08, 2020 1:32:39 A.M. no.hvl.projectparmorel.qlearning.QModelFixer handleEpisode
INFO: EPISODE 21, STEP 0, Fixing error 38: The default value literal '' must be a valid literal of the attribute's type
mai 08, 2020 1:32:39 A.M. no.hvl.projectparmorel.qlearning.QModelFixer chooseAction
INFO: Choosing optimal action
mai 08, 2020 1:32:39 A.M. no.hvl.projectparmorel.qlearning.QModelFixer handleStep
INFO: Chose action setDefaultValueLiteralGen in context 0 with weight 99.0
mai 08, 2020 1:32:39 A.M. no.hvl.projectparmorel.qlearning.QModelFixer updateQTable
INFO: Calculating new Q-value:
Old Q-value: 99.0
Alpha: 1.0
Gamma:1.0

Reward: -2
99.0 + 1.0 * (-2 + 1.0 - 99.0) = -1.0
mai 08, 2020 1:32:39 A.M. no.hvl.projectparmorel.qlearning.QModelFixer updateQTable
INFO: Updated Q-table for error 38, context 0, action -2078906332 to new weight -1.0
mai 08, 2020 1:32:39 A.M. no.hvl.projectparmorel.qlearning.ecore.EcoreSolution calculateDistanceFromOriginal
INFO: Calculated the distance between the models to 100.0
mai 08, 2020 1:32:39 A.M. no.hvl.projectparmorel.qlearning.reward.PreferCloseDinstanceToOriginalPreference rewardcalculateRewardFor
INFO: Time to measure distance: 8 ms
mai 08, 2020 1:32:39 A.M. no.hvl.projectparmorel.qlearning.QModelFixer updateQTable
INFO: Calculating new Q-value:
Old Q-value: -1.0
Alpha: 1.0
Gamma:1.0

Reward: 100
-1.0 + 1.0 * (100 + 1.0 - -1.0) = 101.0
mai 08, 2020 1:32:39 A.M. no.hvl.projectparmorel.qlearning.QModelFixer updateQTable
INFO: Updated Q-table for error 38, context 0, action -2078906332 to new weight 101.0
mai 08, 2020 1:32:40 A.M. no.hvl.projectparmorel.qlearning.reward.PreferComplexity rewardcalculateRewardFor
INFO: Complexity of the metamodel: 1.0
Time to get metric: 988 ms
mai 08, 2020 1:32:40 A.M. no.hvl.projectparmorel.qlearning.QModelFixer isUnique
INFO: Solution [ErrorAction [Error: 38 The default value literal '' must be a valid literal of the attribute's type, Action: setDefaultValueLiteralGen, Error hierarchy: 0]
] already exists.
mai 08, 2020 1:32:40 A.M. no.hvl.projectparmorel.qlearning.QModelFixer fixModel
INFO: Solution discarded.
mai 08, 2020 1:32:40 A.M. no.hvl.projectparmorel.qlearning.QModelFixer fixModel
INFO: EPISODE 21 TOTAL REWARD 197.0



mai 08, 2020 1:32:40 A.M. no.hvl.projectparmorel.qlearning.QModelFixer handleEpisode
INFO: EPISODE 22, STEP 0, Fixing error 38: The default value literal '' must be a valid literal of the attribute's type
mai 08, 2020 1:32:40 A.M. no.hvl.projectparmorel.qlearning.QModelFixer chooseAction
INFO: Choosing optimal action
mai 08, 2020 1:32:40 A.M. no.hvl.projectparmorel.qlearning.QModelFixer handleStep
INFO: Chose action setDefaultValueLiteralGen in context 0 with weight 99.0
mai 08, 2020 1:32:40 A.M. no.hvl.projectparmorel.qlearning.QModelFixer updateQTable
INFO: Calculating new Q-value:
Old Q-value: 99.0
Alpha: 1.0
Gamma:1.0

Reward: -2
99.0 + 1.0 * (-2 + 1.0 - 99.0) = -1.0
mai 08, 2020 1:32:40 A.M. no.hvl.projectparmorel.qlearning.QModelFixer updateQTable
INFO: Updated Q-table for error 38, context 0, action -2078906332 to new weight -1.0
mai 08, 2020 1:32:40 A.M. no.hvl.projectparmorel.qlearning.ecore.EcoreSolution calculateDistanceFromOriginal
INFO: Calculated the distance between the models to 100.0
mai 08, 2020 1:32:40 A.M. no.hvl.projectparmorel.qlearning.reward.PreferCloseDinstanceToOriginalPreference rewardcalculateRewardFor
INFO: Time to measure distance: 7 ms
mai 08, 2020 1:32:40 A.M. no.hvl.projectparmorel.qlearning.QModelFixer updateQTable
INFO: Calculating new Q-value:
Old Q-value: -1.0
Alpha: 1.0
Gamma:1.0

Reward: 100
-1.0 + 1.0 * (100 + 1.0 - -1.0) = 101.0
mai 08, 2020 1:32:40 A.M. no.hvl.projectparmorel.qlearning.QModelFixer updateQTable
INFO: Updated Q-table for error 38, context 0, action -2078906332 to new weight 101.0
mai 08, 2020 1:32:41 A.M. no.hvl.projectparmorel.qlearning.reward.PreferComplexity rewardcalculateRewardFor
INFO: Complexity of the metamodel: 1.0
Time to get metric: 928 ms
mai 08, 2020 1:32:41 A.M. no.hvl.projectparmorel.qlearning.QModelFixer isUnique
INFO: Solution [ErrorAction [Error: 38 The default value literal '' must be a valid literal of the attribute's type, Action: setDefaultValueLiteralGen, Error hierarchy: 0]
] already exists.
mai 08, 2020 1:32:41 A.M. no.hvl.projectparmorel.qlearning.QModelFixer fixModel
INFO: Solution discarded.
mai 08, 2020 1:32:41 A.M. no.hvl.projectparmorel.qlearning.QModelFixer fixModel
INFO: EPISODE 22 TOTAL REWARD 197.0



mai 08, 2020 1:32:41 A.M. no.hvl.projectparmorel.qlearning.QModelFixer handleEpisode
INFO: EPISODE 23, STEP 0, Fixing error 38: The default value literal '' must be a valid literal of the attribute's type
mai 08, 2020 1:32:41 A.M. no.hvl.projectparmorel.qlearning.QModelFixer chooseAction
INFO: Choosing optimal action
mai 08, 2020 1:32:41 A.M. no.hvl.projectparmorel.qlearning.QModelFixer handleStep
INFO: Chose action setDefaultValueLiteralGen in context 0 with weight 99.0
mai 08, 2020 1:32:41 A.M. no.hvl.projectparmorel.qlearning.QModelFixer updateQTable
INFO: Calculating new Q-value:
Old Q-value: 99.0
Alpha: 1.0
Gamma:1.0

Reward: -2
99.0 + 1.0 * (-2 + 1.0 - 99.0) = -1.0
mai 08, 2020 1:32:41 A.M. no.hvl.projectparmorel.qlearning.QModelFixer updateQTable
INFO: Updated Q-table for error 38, context 0, action -2078906332 to new weight -1.0
mai 08, 2020 1:32:41 A.M. no.hvl.projectparmorel.qlearning.ecore.EcoreSolution calculateDistanceFromOriginal
INFO: Calculated the distance between the models to 100.0
mai 08, 2020 1:32:41 A.M. no.hvl.projectparmorel.qlearning.reward.PreferCloseDinstanceToOriginalPreference rewardcalculateRewardFor
INFO: Time to measure distance: 8 ms
mai 08, 2020 1:32:41 A.M. no.hvl.projectparmorel.qlearning.QModelFixer updateQTable
INFO: Calculating new Q-value:
Old Q-value: -1.0
Alpha: 1.0
Gamma:1.0

Reward: 100
-1.0 + 1.0 * (100 + 1.0 - -1.0) = 101.0
mai 08, 2020 1:32:41 A.M. no.hvl.projectparmorel.qlearning.QModelFixer updateQTable
INFO: Updated Q-table for error 38, context 0, action -2078906332 to new weight 101.0
mai 08, 2020 1:32:42 A.M. no.hvl.projectparmorel.qlearning.reward.PreferComplexity rewardcalculateRewardFor
INFO: Complexity of the metamodel: 1.0
Time to get metric: 981 ms
mai 08, 2020 1:32:42 A.M. no.hvl.projectparmorel.qlearning.QModelFixer isUnique
INFO: Solution [ErrorAction [Error: 38 The default value literal '' must be a valid literal of the attribute's type, Action: setDefaultValueLiteralGen, Error hierarchy: 0]
] already exists.
mai 08, 2020 1:32:42 A.M. no.hvl.projectparmorel.qlearning.QModelFixer fixModel
INFO: Solution discarded.
mai 08, 2020 1:32:42 A.M. no.hvl.projectparmorel.qlearning.QModelFixer fixModel
INFO: EPISODE 23 TOTAL REWARD 197.0



mai 08, 2020 1:32:42 A.M. no.hvl.projectparmorel.qlearning.QModelFixer handleEpisode
INFO: EPISODE 24, STEP 0, Fixing error 38: The default value literal '' must be a valid literal of the attribute's type
mai 08, 2020 1:32:42 A.M. no.hvl.projectparmorel.qlearning.QModelFixer chooseAction
INFO: Choosing optimal action
mai 08, 2020 1:32:42 A.M. no.hvl.projectparmorel.qlearning.QModelFixer handleStep
INFO: Chose action setDefaultValueLiteralGen in context 0 with weight 99.0
mai 08, 2020 1:32:42 A.M. no.hvl.projectparmorel.qlearning.QModelFixer updateQTable
INFO: Calculating new Q-value:
Old Q-value: 99.0
Alpha: 1.0
Gamma:1.0

Reward: -2
99.0 + 1.0 * (-2 + 1.0 - 99.0) = -1.0
mai 08, 2020 1:32:42 A.M. no.hvl.projectparmorel.qlearning.QModelFixer updateQTable
INFO: Updated Q-table for error 38, context 0, action -2078906332 to new weight -1.0
mai 08, 2020 1:32:42 A.M. no.hvl.projectparmorel.qlearning.ecore.EcoreSolution calculateDistanceFromOriginal
INFO: Calculated the distance between the models to 100.0
mai 08, 2020 1:32:42 A.M. no.hvl.projectparmorel.qlearning.reward.PreferCloseDinstanceToOriginalPreference rewardcalculateRewardFor
INFO: Time to measure distance: 9 ms
mai 08, 2020 1:32:42 A.M. no.hvl.projectparmorel.qlearning.QModelFixer updateQTable
INFO: Calculating new Q-value:
Old Q-value: -1.0
Alpha: 1.0
Gamma:1.0

Reward: 100
-1.0 + 1.0 * (100 + 1.0 - -1.0) = 101.0
mai 08, 2020 1:32:42 A.M. no.hvl.projectparmorel.qlearning.QModelFixer updateQTable
INFO: Updated Q-table for error 38, context 0, action -2078906332 to new weight 101.0
mai 08, 2020 1:32:43 A.M. no.hvl.projectparmorel.qlearning.reward.PreferComplexity rewardcalculateRewardFor
INFO: Complexity of the metamodel: 1.0
Time to get metric: 993 ms
mai 08, 2020 1:32:43 A.M. no.hvl.projectparmorel.qlearning.QModelFixer isUnique
INFO: Solution [ErrorAction [Error: 38 The default value literal '' must be a valid literal of the attribute's type, Action: setDefaultValueLiteralGen, Error hierarchy: 0]
] already exists.
mai 08, 2020 1:32:43 A.M. no.hvl.projectparmorel.qlearning.QModelFixer fixModel
INFO: Solution discarded.
mai 08, 2020 1:32:43 A.M. no.hvl.projectparmorel.qlearning.QModelFixer fixModel
INFO: EPISODE 24 TOTAL REWARD 197.0



mai 08, 2020 1:32:43 A.M. no.hvl.projectparmorel.qlearning.QModelFixer fixModel
INFO: Time repairing model: 28338 ms
mai 08, 2020 1:32:43 A.M. no.hvl.projectparmorel.qlearning.QModelFixer fixModel
INFO: 
-----------------ALL SEQUENCES FOUND-------------------
SIZE: 4
DISCARDED SEQUENCES: 21
--------::::B E S T   S E Q U E N C E   I S::::---------
Sequence [id=1, seq=[ErrorAction [Error: 38 The default value literal '' must be a valid literal of the attribute's type, Action: setDefaultValueLiteral, Error hierarchy: 0]
], weight=197.0]

 with 1 actions.
mai 08, 2020 1:32:43 A.M. no.hvl.projectparmorel.qlearning.knowledge.Knowledge save
INFO: Saving initialized
mai 08, 2020 1:32:43 A.M. no.hvl.projectparmorel.qlearning.knowledge.Knowledge save
INFO: document prepared
mai 08, 2020 1:32:43 A.M. no.hvl.projectparmorel.qlearning.knowledge.Knowledge save
INFO: Saving completed to /Users/Magnus/Skole/DAT300/EclipseWorkspace3/ParmorelRunnable/knowledge.xml
mai 08, 2020 1:32:43 A.M. no.hvl.projectparmorel.qlearning.knowledge.Knowledge save
INFO: Saving initialized
mai 08, 2020 1:32:43 A.M. no.hvl.projectparmorel.qlearning.knowledge.Knowledge save
INFO: document prepared
mai 08, 2020 1:32:43 A.M. no.hvl.projectparmorel.qlearning.knowledge.Knowledge save
INFO: Saving completed to /Users/Magnus/Skole/DAT300/EclipseWorkspace3/ParmorelRunnable/knowledge.xml
