apr. 11, 2020 3:37:26 P.M. hvl.projectparmorel.modelrepair.QModelFixer fixModel
INFO: Repairing a16.ecore
apr. 11, 2020 3:37:26 P.M. hvl.projectparmorel.modelrepair.QModelFixer fixModel
INFO: Running with preferences [0, 2]
apr. 11, 2020 3:37:26 P.M. hvl.projectparmorel.modelrepair.QModelFixer fixModel
INFO: Initial number of errors in model: 2
Maximum number of steps per episode: 20
Errors to fix: [Error 40, message=The typed element must have a type
, Error 401, message=The typed element must have a type
]
apr. 11, 2020 3:37:26 P.M. hvl.projectparmorel.modelrepair.QModelFixer fixModel
INFO: Initializing Q-table for the errors.
apr. 11, 2020 3:37:26 P.M. hvl.projectparmorel.modelrepair.QModelFixer fixModel
INFO: Number of episodes: 25
apr. 11, 2020 3:37:26 P.M. hvl.projectparmorel.modelrepair.QModelFixer handleEpisode
INFO: EPISODE 0, STEP 0, Fixing error 40: The typed element must have a type
apr. 11, 2020 3:37:26 P.M. hvl.projectparmorel.modelrepair.QModelFixer chooseAction
INFO: Choosing optimal action
apr. 11, 2020 3:37:26 P.M. hvl.projectparmorel.modelrepair.QModelFixer handleStep
INFO: Chose action setEType in context 0 with weight 300.0
apr. 11, 2020 3:37:26 P.M. hvl.projectparmorel.modelrepair.QModelFixer handleStep
INFO: Next error code: 401
apr. 11, 2020 3:37:26 P.M. hvl.projectparmorel.modelrepair.QModelFixer handleStep
INFO: Calculating new Q-value:
Old Q-value: 300.0
Alpha: 1.0
Gamma: 1.0
Reward: 0
Next optimal action Q-value: 300.0
300.0 + 1.0 * (0 + 1.0 * 300.0 - 300.0) = 300.0
apr. 11, 2020 3:37:26 P.M. hvl.projectparmorel.modelrepair.QModelFixer handleStep
INFO: Updated Q-table for error 40, context 0, action 591449609 setEType to new weight 300.0


apr. 11, 2020 3:37:26 P.M. hvl.projectparmorel.modelrepair.QModelFixer handleEpisode
INFO: EPISODE 0, STEP 1, Fixing error 401: The typed element must have a type
apr. 11, 2020 3:37:26 P.M. hvl.projectparmorel.modelrepair.QModelFixer chooseAction
INFO: Choosing random action.
apr. 11, 2020 3:37:26 P.M. hvl.projectparmorel.modelrepair.QModelFixer handleStep
INFO: Chose action delete in context 0 with weight 3.499944743820361E-18
apr. 11, 2020 3:37:26 P.M. hvl.projectparmorel.modelrepair.QModelFixer handleStep
INFO: Calculating new Q-value:
Old Q-value: 3.499944743820361E-18
Alpha: 1.0

Reward: 0
3.499944743820361E-18 + 1.0 * (0 - 3.499944743820361E-18) = 0.0
apr. 11, 2020 3:37:26 P.M. hvl.projectparmorel.modelrepair.QModelFixer handleStep
INFO: Updated Q-table for error 401, context 0, action 99999 delete to new weight 0.0
apr. 11, 2020 3:37:26 P.M. hvl.projectparmorel.modelrepair.QModelFixer handleEpisode
INFO: EPISODE 0 TOTAL REWARD 0



apr. 11, 2020 3:37:26 P.M. hvl.projectparmorel.modelrepair.QModelFixer handleEpisode
INFO: EPISODE 1, STEP 0, Fixing error 40: The typed element must have a type
apr. 11, 2020 3:37:26 P.M. hvl.projectparmorel.modelrepair.QModelFixer chooseAction
INFO: Choosing random action.
apr. 11, 2020 3:37:26 P.M. hvl.projectparmorel.modelrepair.QModelFixer handleStep
INFO: Chose action delete in context 0 with weight 0.0
apr. 11, 2020 3:37:26 P.M. hvl.projectparmorel.modelrepair.QModelFixer handleStep
INFO: Next error code: 401
apr. 11, 2020 3:37:26 P.M. hvl.projectparmorel.modelrepair.QModelFixer handleStep
INFO: Calculating new Q-value:
Old Q-value: 0.0
Alpha: 0.9608333333333333
Gamma: 1.0
Reward: 0
Next optimal action Q-value: 300.0
0.0 + 0.9608333333333333 * (0 + 1.0 * 300.0 - 0.0) = 288.25
apr. 11, 2020 3:37:26 P.M. hvl.projectparmorel.modelrepair.QModelFixer handleStep
INFO: Updated Q-table for error 40, context 0, action 99999 delete to new weight 288.25


apr. 11, 2020 3:37:26 P.M. hvl.projectparmorel.modelrepair.QModelFixer handleEpisode
INFO: EPISODE 1, STEP 1, Fixing error 401: The typed element must have a type
apr. 11, 2020 3:37:26 P.M. hvl.projectparmorel.modelrepair.QModelFixer chooseAction
INFO: Choosing optimal action
apr. 11, 2020 3:37:26 P.M. hvl.projectparmorel.modelrepair.QModelFixer handleStep
INFO: Chose action setEType in context 0 with weight 300.0
apr. 11, 2020 3:37:26 P.M. hvl.projectparmorel.modelrepair.QModelFixer handleStep
INFO: Calculating new Q-value:
Old Q-value: 300.0
Alpha: 0.9608333333333333

Reward: 0
300.0 + 0.9608333333333333 * (0 - 300.0) = 11.75
apr. 11, 2020 3:37:26 P.M. hvl.projectparmorel.modelrepair.QModelFixer handleStep
INFO: Updated Q-table for error 401, context 0, action 591449609 setEType to new weight 11.75
apr. 11, 2020 3:37:26 P.M. hvl.projectparmorel.modelrepair.QModelFixer handleEpisode
INFO: EPISODE 1 TOTAL REWARD 0



apr. 11, 2020 3:37:26 P.M. hvl.projectparmorel.modelrepair.QModelFixer handleEpisode
INFO: EPISODE 2, STEP 0, Fixing error 40: The typed element must have a type
apr. 11, 2020 3:37:26 P.M. hvl.projectparmorel.modelrepair.QModelFixer chooseAction
INFO: Choosing random action.
apr. 11, 2020 3:37:26 P.M. hvl.projectparmorel.modelrepair.QModelFixer handleStep
INFO: Chose action setEType in context 0 with weight 300.0
apr. 11, 2020 3:37:26 P.M. hvl.projectparmorel.modelrepair.QModelFixer handleStep
INFO: Next error code: 401
apr. 11, 2020 3:37:26 P.M. hvl.projectparmorel.modelrepair.QModelFixer handleStep
INFO: Calculating new Q-value:
Old Q-value: 300.0
Alpha: 0.9216666666666666
Gamma: 1.0
Reward: 0
Next optimal action Q-value: 11.75
300.0 + 0.9216666666666666 * (0 + 1.0 * 11.75 - 300.0) = 34.329583333333346
apr. 11, 2020 3:37:26 P.M. hvl.projectparmorel.modelrepair.QModelFixer handleStep
INFO: Updated Q-table for error 40, context 0, action 591449609 setEType to new weight 34.329583333333346


apr. 11, 2020 3:37:26 P.M. hvl.projectparmorel.modelrepair.QModelFixer handleEpisode
INFO: EPISODE 2, STEP 1, Fixing error 401: The typed element must have a type
apr. 11, 2020 3:37:26 P.M. hvl.projectparmorel.modelrepair.QModelFixer chooseAction
INFO: Choosing optimal action
apr. 11, 2020 3:37:26 P.M. hvl.projectparmorel.modelrepair.QModelFixer handleStep
INFO: Chose action setEType in context 0 with weight 11.75
apr. 11, 2020 3:37:26 P.M. hvl.projectparmorel.modelrepair.QModelFixer handleStep
INFO: Calculating new Q-value:
Old Q-value: 11.75
Alpha: 0.9216666666666666

Reward: 0
11.75 + 0.9216666666666666 * (0 - 11.75) = 0.9204166666666662
apr. 11, 2020 3:37:26 P.M. hvl.projectparmorel.modelrepair.QModelFixer handleStep
INFO: Updated Q-table for error 401, context 0, action 591449609 setEType to new weight 0.9204166666666662
apr. 11, 2020 3:37:26 P.M. hvl.projectparmorel.modelrepair.QModelFixer handleEpisode
INFO: EPISODE 2 TOTAL REWARD 0



apr. 11, 2020 3:37:26 P.M. hvl.projectparmorel.modelrepair.QModelFixer handleEpisode
INFO: EPISODE 3, STEP 0, Fixing error 40: The typed element must have a type
apr. 11, 2020 3:37:26 P.M. hvl.projectparmorel.modelrepair.QModelFixer chooseAction
INFO: Choosing optimal action
apr. 11, 2020 3:37:26 P.M. hvl.projectparmorel.modelrepair.QModelFixer handleStep
INFO: Chose action delete in context 0 with weight 288.25
apr. 11, 2020 3:37:26 P.M. hvl.projectparmorel.modelrepair.QModelFixer handleStep
INFO: Next error code: 401
apr. 11, 2020 3:37:26 P.M. hvl.projectparmorel.modelrepair.QModelFixer handleStep
INFO: Calculating new Q-value:
Old Q-value: 288.25
Alpha: 0.8825000000000001
Gamma: 1.0
Reward: 0
Next optimal action Q-value: 0.9204166666666662
288.25 + 0.8825000000000001 * (0 + 1.0 * 0.9204166666666662 - 288.25) = 34.6816427083333
apr. 11, 2020 3:37:26 P.M. hvl.projectparmorel.modelrepair.QModelFixer handleStep
INFO: Updated Q-table for error 40, context 0, action 99999 delete to new weight 34.6816427083333


apr. 11, 2020 3:37:26 P.M. hvl.projectparmorel.modelrepair.QModelFixer handleEpisode
INFO: EPISODE 3, STEP 1, Fixing error 401: The typed element must have a type
apr. 11, 2020 3:37:26 P.M. hvl.projectparmorel.modelrepair.QModelFixer chooseAction
INFO: Choosing optimal action
apr. 11, 2020 3:37:26 P.M. hvl.projectparmorel.modelrepair.QModelFixer handleStep
INFO: Chose action setEType in context 0 with weight 0.9204166666666662
apr. 11, 2020 3:37:26 P.M. hvl.projectparmorel.modelrepair.QModelFixer handleStep
INFO: Calculating new Q-value:
Old Q-value: 0.9204166666666662
Alpha: 0.8825000000000001

Reward: 0
0.9204166666666662 + 0.8825000000000001 * (0 - 0.9204166666666662) = 0.10814895833333327
apr. 11, 2020 3:37:26 P.M. hvl.projectparmorel.modelrepair.QModelFixer handleStep
INFO: Updated Q-table for error 401, context 0, action 591449609 setEType to new weight 0.10814895833333327
apr. 11, 2020 3:37:26 P.M. hvl.projectparmorel.modelrepair.QModelFixer handleEpisode
INFO: EPISODE 3 TOTAL REWARD 0



apr. 11, 2020 3:37:26 P.M. hvl.projectparmorel.modelrepair.QModelFixer handleEpisode
INFO: EPISODE 4, STEP 0, Fixing error 40: The typed element must have a type
apr. 11, 2020 3:37:26 P.M. hvl.projectparmorel.modelrepair.QModelFixer chooseAction
INFO: Choosing random action.
apr. 11, 2020 3:37:26 P.M. hvl.projectparmorel.modelrepair.QModelFixer handleStep
INFO: Chose action delete in context 0 with weight 34.6816427083333
apr. 11, 2020 3:37:27 P.M. hvl.projectparmorel.modelrepair.QModelFixer handleStep
INFO: Next error code: 401
apr. 11, 2020 3:37:27 P.M. hvl.projectparmorel.modelrepair.QModelFixer handleStep
INFO: Calculating new Q-value:
Old Q-value: 34.6816427083333
Alpha: 0.8433333333333334
Gamma: 1.0
Reward: 0
Next optimal action Q-value: 0.10814895833333327
34.6816427083333 + 0.8433333333333334 * (0 + 1.0 * 0.10814895833333327 - 34.6816427083333) = 5.524662979166656
apr. 11, 2020 3:37:27 P.M. hvl.projectparmorel.modelrepair.QModelFixer handleStep
INFO: Updated Q-table for error 40, context 0, action 99999 delete to new weight 5.524662979166656


apr. 11, 2020 3:37:27 P.M. hvl.projectparmorel.modelrepair.QModelFixer handleEpisode
INFO: EPISODE 4, STEP 1, Fixing error 401: The typed element must have a type
apr. 11, 2020 3:37:27 P.M. hvl.projectparmorel.modelrepair.QModelFixer chooseAction
INFO: Choosing optimal action
apr. 11, 2020 3:37:27 P.M. hvl.projectparmorel.modelrepair.QModelFixer handleStep
INFO: Chose action setEType in context 0 with weight 0.10814895833333327
apr. 11, 2020 3:37:27 P.M. hvl.projectparmorel.modelrepair.QModelFixer handleStep
INFO: Calculating new Q-value:
Old Q-value: 0.10814895833333327
Alpha: 0.8433333333333334

Reward: 0
0.10814895833333327 + 0.8433333333333334 * (0 - 0.10814895833333327) = 0.016943336805555542
apr. 11, 2020 3:37:27 P.M. hvl.projectparmorel.modelrepair.QModelFixer handleStep
INFO: Updated Q-table for error 401, context 0, action 591449609 setEType to new weight 0.016943336805555542
apr. 11, 2020 3:37:27 P.M. hvl.projectparmorel.modelrepair.QModelFixer handleEpisode
INFO: EPISODE 4 TOTAL REWARD 0



apr. 11, 2020 3:37:27 P.M. hvl.projectparmorel.modelrepair.QModelFixer handleEpisode
INFO: EPISODE 5, STEP 0, Fixing error 40: The typed element must have a type
apr. 11, 2020 3:37:27 P.M. hvl.projectparmorel.modelrepair.QModelFixer chooseAction
INFO: Choosing optimal action
apr. 11, 2020 3:37:27 P.M. hvl.projectparmorel.modelrepair.QModelFixer handleStep
INFO: Chose action setEType in context 0 with weight 34.329583333333346
apr. 11, 2020 3:37:27 P.M. hvl.projectparmorel.modelrepair.QModelFixer handleStep
INFO: Next error code: 401
apr. 11, 2020 3:37:27 P.M. hvl.projectparmorel.modelrepair.QModelFixer handleStep
INFO: Calculating new Q-value:
Old Q-value: 34.329583333333346
Alpha: 0.8041666666666667
Gamma: 1.0
Reward: 0
Next optimal action Q-value: 0.016943336805555542
34.329583333333346 + 0.8041666666666667 * (0 + 1.0 * 0.016943336805555542 - 34.329583333333346) = 6.736502002792246
apr. 11, 2020 3:37:27 P.M. hvl.projectparmorel.modelrepair.QModelFixer handleStep
INFO: Updated Q-table for error 40, context 0, action 591449609 setEType to new weight 6.736502002792246


apr. 11, 2020 3:37:27 P.M. hvl.projectparmorel.modelrepair.QModelFixer handleEpisode
INFO: EPISODE 5, STEP 1, Fixing error 401: The typed element must have a type
apr. 11, 2020 3:37:27 P.M. hvl.projectparmorel.modelrepair.QModelFixer chooseAction
INFO: Choosing random action.
apr. 11, 2020 3:37:27 P.M. hvl.projectparmorel.modelrepair.QModelFixer handleStep
INFO: Chose action setEType in context 0 with weight 0.016943336805555542
apr. 11, 2020 3:37:27 P.M. hvl.projectparmorel.modelrepair.QModelFixer handleStep
INFO: Calculating new Q-value:
Old Q-value: 0.016943336805555542
Alpha: 0.8041666666666667

Reward: 0
0.016943336805555542 + 0.8041666666666667 * (0 - 0.016943336805555542) = 0.003318070124421294
apr. 11, 2020 3:37:27 P.M. hvl.projectparmorel.modelrepair.QModelFixer handleStep
INFO: Updated Q-table for error 401, context 0, action 591449609 setEType to new weight 0.003318070124421294
apr. 11, 2020 3:37:27 P.M. hvl.projectparmorel.modelrepair.QModelFixer handleEpisode
INFO: EPISODE 5 TOTAL REWARD 0



apr. 11, 2020 3:37:27 P.M. hvl.projectparmorel.modelrepair.QModelFixer handleEpisode
INFO: EPISODE 6, STEP 0, Fixing error 40: The typed element must have a type
apr. 11, 2020 3:37:27 P.M. hvl.projectparmorel.modelrepair.QModelFixer chooseAction
INFO: Choosing optimal action
apr. 11, 2020 3:37:27 P.M. hvl.projectparmorel.modelrepair.QModelFixer handleStep
INFO: Chose action setEType in context 0 with weight 6.736502002792246
apr. 11, 2020 3:37:27 P.M. hvl.projectparmorel.modelrepair.QModelFixer handleStep
INFO: Next error code: 401
apr. 11, 2020 3:37:27 P.M. hvl.projectparmorel.modelrepair.QModelFixer handleStep
INFO: Calculating new Q-value:
Old Q-value: 6.736502002792246
Alpha: 0.765
Gamma: 1.0
Reward: 0
Next optimal action Q-value: 0.003318070124421294
6.736502002792246 + 0.765 * (0 + 1.0 * 0.003318070124421294 - 6.736502002792246) = 1.58561629430136
apr. 11, 2020 3:37:27 P.M. hvl.projectparmorel.modelrepair.QModelFixer handleStep
INFO: Updated Q-table for error 40, context 0, action 591449609 setEType to new weight 1.58561629430136


apr. 11, 2020 3:37:27 P.M. hvl.projectparmorel.modelrepair.QModelFixer handleEpisode
INFO: EPISODE 6, STEP 1, Fixing error 401: The typed element must have a type
apr. 11, 2020 3:37:27 P.M. hvl.projectparmorel.modelrepair.QModelFixer chooseAction
INFO: Choosing optimal action
apr. 11, 2020 3:37:27 P.M. hvl.projectparmorel.modelrepair.QModelFixer handleStep
INFO: Chose action setEType in context 0 with weight 0.003318070124421294
apr. 11, 2020 3:37:27 P.M. hvl.projectparmorel.modelrepair.QModelFixer handleStep
INFO: Calculating new Q-value:
Old Q-value: 0.003318070124421294
Alpha: 0.765

Reward: 0
0.003318070124421294 + 0.765 * (0 - 0.003318070124421294) = 7.79746479239004E-4
apr. 11, 2020 3:37:27 P.M. hvl.projectparmorel.modelrepair.QModelFixer handleStep
INFO: Updated Q-table for error 401, context 0, action 591449609 setEType to new weight 7.79746479239004E-4
apr. 11, 2020 3:37:27 P.M. hvl.projectparmorel.modelrepair.QModelFixer handleEpisode
INFO: EPISODE 6 TOTAL REWARD 0



apr. 11, 2020 3:37:27 P.M. hvl.projectparmorel.modelrepair.QModelFixer handleEpisode
INFO: EPISODE 7, STEP 0, Fixing error 40: The typed element must have a type
apr. 11, 2020 3:37:27 P.M. hvl.projectparmorel.modelrepair.QModelFixer chooseAction
INFO: Choosing optimal action
apr. 11, 2020 3:37:27 P.M. hvl.projectparmorel.modelrepair.QModelFixer handleStep
INFO: Chose action delete in context 0 with weight 5.524662979166656
apr. 11, 2020 3:37:27 P.M. hvl.projectparmorel.modelrepair.QModelFixer handleStep
INFO: Next error code: 401
apr. 11, 2020 3:37:27 P.M. hvl.projectparmorel.modelrepair.QModelFixer handleStep
INFO: Calculating new Q-value:
Old Q-value: 5.524662979166656
Alpha: 0.7258333333333333
Gamma: 1.0
Reward: 0
Next optimal action Q-value: 7.79746479239004E-4
5.524662979166656 + 0.7258333333333333 * (0 + 1.0 * 7.79746479239004E-4 - 5.524662979166656) = 1.5152443994410394
apr. 11, 2020 3:37:27 P.M. hvl.projectparmorel.modelrepair.QModelFixer handleStep
INFO: Updated Q-table for error 40, context 0, action 99999 delete to new weight 1.5152443994410394


apr. 11, 2020 3:37:27 P.M. hvl.projectparmorel.modelrepair.QModelFixer handleEpisode
INFO: EPISODE 7, STEP 1, Fixing error 401: The typed element must have a type
apr. 11, 2020 3:37:27 P.M. hvl.projectparmorel.modelrepair.QModelFixer chooseAction
INFO: Choosing optimal action
apr. 11, 2020 3:37:27 P.M. hvl.projectparmorel.modelrepair.QModelFixer handleStep
INFO: Chose action setEType in context 0 with weight 7.79746479239004E-4
apr. 11, 2020 3:37:27 P.M. hvl.projectparmorel.modelrepair.QModelFixer handleStep
INFO: Calculating new Q-value:
Old Q-value: 7.79746479239004E-4
Alpha: 0.7258333333333333

Reward: 0
7.79746479239004E-4 + 0.7258333333333333 * (0 - 7.79746479239004E-4) = 2.1378049305802692E-4
apr. 11, 2020 3:37:27 P.M. hvl.projectparmorel.modelrepair.QModelFixer handleStep
INFO: Updated Q-table for error 401, context 0, action 591449609 setEType to new weight 2.1378049305802692E-4
apr. 11, 2020 3:37:27 P.M. hvl.projectparmorel.modelrepair.QModelFixer handleEpisode
INFO: EPISODE 7 TOTAL REWARD 0



apr. 11, 2020 3:37:27 P.M. hvl.projectparmorel.modelrepair.QModelFixer handleEpisode
INFO: EPISODE 8, STEP 0, Fixing error 40: The typed element must have a type
apr. 11, 2020 3:37:27 P.M. hvl.projectparmorel.modelrepair.QModelFixer chooseAction
INFO: Choosing optimal action
apr. 11, 2020 3:37:27 P.M. hvl.projectparmorel.modelrepair.QModelFixer handleStep
INFO: Chose action setEType in context 0 with weight 1.58561629430136
apr. 11, 2020 3:37:27 P.M. hvl.projectparmorel.modelrepair.QModelFixer handleStep
INFO: Next error code: 401
apr. 11, 2020 3:37:27 P.M. hvl.projectparmorel.modelrepair.QModelFixer handleStep
INFO: Calculating new Q-value:
Old Q-value: 1.58561629430136
Alpha: 0.6866666666666668
Gamma: 1.0
Reward: 0
Next optimal action Q-value: 2.1378049305802692E-4
1.58561629430136 + 0.6866666666666668 * (0 + 1.0 * 2.1378049305802692E-4 - 1.58561629430136) = 0.49697323481965916
apr. 11, 2020 3:37:27 P.M. hvl.projectparmorel.modelrepair.QModelFixer handleStep
INFO: Updated Q-table for error 40, context 0, action 591449609 setEType to new weight 0.49697323481965916


apr. 11, 2020 3:37:27 P.M. hvl.projectparmorel.modelrepair.QModelFixer handleEpisode
INFO: EPISODE 8, STEP 1, Fixing error 401: The typed element must have a type
apr. 11, 2020 3:37:27 P.M. hvl.projectparmorel.modelrepair.QModelFixer chooseAction
INFO: Choosing random action.
apr. 11, 2020 3:37:27 P.M. hvl.projectparmorel.modelrepair.QModelFixer handleStep
INFO: Chose action delete in context 0 with weight 0.0
apr. 11, 2020 3:37:27 P.M. hvl.projectparmorel.modelrepair.QModelFixer handleStep
INFO: Calculating new Q-value:
Old Q-value: 0.0
Alpha: 0.6866666666666668

Reward: 0
0.0 + 0.6866666666666668 * (0 - 0.0) = 0.0
apr. 11, 2020 3:37:27 P.M. hvl.projectparmorel.modelrepair.QModelFixer handleStep
INFO: Updated Q-table for error 401, context 0, action 99999 delete to new weight 0.0
apr. 11, 2020 3:37:27 P.M. hvl.projectparmorel.modelrepair.QModelFixer handleEpisode
INFO: EPISODE 8 TOTAL REWARD 0



apr. 11, 2020 3:37:27 P.M. hvl.projectparmorel.modelrepair.QModelFixer handleEpisode
INFO: EPISODE 9, STEP 0, Fixing error 40: The typed element must have a type
apr. 11, 2020 3:37:27 P.M. hvl.projectparmorel.modelrepair.QModelFixer chooseAction
INFO: Choosing optimal action
apr. 11, 2020 3:37:27 P.M. hvl.projectparmorel.modelrepair.QModelFixer handleStep
INFO: Chose action delete in context 0 with weight 1.5152443994410394
apr. 11, 2020 3:37:27 P.M. hvl.projectparmorel.modelrepair.QModelFixer handleStep
INFO: Next error code: 401
apr. 11, 2020 3:37:27 P.M. hvl.projectparmorel.modelrepair.QModelFixer handleStep
INFO: Calculating new Q-value:
Old Q-value: 1.5152443994410394
Alpha: 0.6475
Gamma: 1.0
Reward: 0
Next optimal action Q-value: 2.1378049305802692E-4
1.5152443994410394 + 0.6475 * (0 + 1.0 * 2.1378049305802692E-4 - 1.5152443994410394) = 0.5342620736722214
apr. 11, 2020 3:37:27 P.M. hvl.projectparmorel.modelrepair.QModelFixer handleStep
INFO: Updated Q-table for error 40, context 0, action 99999 delete to new weight 0.5342620736722214


apr. 11, 2020 3:37:27 P.M. hvl.projectparmorel.modelrepair.QModelFixer handleEpisode
INFO: EPISODE 9, STEP 1, Fixing error 401: The typed element must have a type
apr. 11, 2020 3:37:27 P.M. hvl.projectparmorel.modelrepair.QModelFixer chooseAction
INFO: Choosing random action.
apr. 11, 2020 3:37:27 P.M. hvl.projectparmorel.modelrepair.QModelFixer handleStep
INFO: Chose action setEType in context 0 with weight 2.1378049305802692E-4
apr. 11, 2020 3:37:27 P.M. hvl.projectparmorel.modelrepair.QModelFixer handleStep
INFO: Calculating new Q-value:
Old Q-value: 2.1378049305802692E-4
Alpha: 0.6475

Reward: 0
2.1378049305802692E-4 + 0.6475 * (0 - 2.1378049305802692E-4) = 7.535762380295449E-5
apr. 11, 2020 3:37:27 P.M. hvl.projectparmorel.modelrepair.QModelFixer handleStep
INFO: Updated Q-table for error 401, context 0, action 591449609 setEType to new weight 7.535762380295449E-5
apr. 11, 2020 3:37:27 P.M. hvl.projectparmorel.modelrepair.QModelFixer handleEpisode
INFO: EPISODE 9 TOTAL REWARD 0



apr. 11, 2020 3:37:27 P.M. hvl.projectparmorel.modelrepair.QModelFixer handleEpisode
INFO: EPISODE 10, STEP 0, Fixing error 40: The typed element must have a type
apr. 11, 2020 3:37:27 P.M. hvl.projectparmorel.modelrepair.QModelFixer chooseAction
INFO: Choosing optimal action
apr. 11, 2020 3:37:27 P.M. hvl.projectparmorel.modelrepair.QModelFixer handleStep
INFO: Chose action delete in context 0 with weight 0.5342620736722214
apr. 11, 2020 3:37:27 P.M. hvl.projectparmorel.modelrepair.QModelFixer handleStep
INFO: Next error code: 401
apr. 11, 2020 3:37:27 P.M. hvl.projectparmorel.modelrepair.QModelFixer handleStep
INFO: Calculating new Q-value:
Old Q-value: 0.5342620736722214
Alpha: 0.6083333333333334
Gamma: 1.0
Reward: 0
Next optimal action Q-value: 7.535762380295449E-5
0.5342620736722214 + 0.6083333333333334 * (0 + 1.0 * 7.535762380295449E-5 - 0.5342620736722214) = 0.2092984880761002
apr. 11, 2020 3:37:27 P.M. hvl.projectparmorel.modelrepair.QModelFixer handleStep
INFO: Updated Q-table for error 40, context 0, action 99999 delete to new weight 0.2092984880761002


apr. 11, 2020 3:37:27 P.M. hvl.projectparmorel.modelrepair.QModelFixer handleEpisode
INFO: EPISODE 10, STEP 1, Fixing error 401: The typed element must have a type
apr. 11, 2020 3:37:27 P.M. hvl.projectparmorel.modelrepair.QModelFixer chooseAction
INFO: Choosing random action.
apr. 11, 2020 3:37:27 P.M. hvl.projectparmorel.modelrepair.QModelFixer handleStep
INFO: Chose action delete in context 0 with weight 0.0
apr. 11, 2020 3:37:27 P.M. hvl.projectparmorel.modelrepair.QModelFixer handleStep
INFO: Calculating new Q-value:
Old Q-value: 0.0
Alpha: 0.6083333333333334

Reward: 0
0.0 + 0.6083333333333334 * (0 - 0.0) = 0.0
apr. 11, 2020 3:37:27 P.M. hvl.projectparmorel.modelrepair.QModelFixer handleStep
INFO: Updated Q-table for error 401, context 0, action 99999 delete to new weight 0.0
apr. 11, 2020 3:37:27 P.M. hvl.projectparmorel.modelrepair.QModelFixer handleEpisode
INFO: EPISODE 10 TOTAL REWARD 0



apr. 11, 2020 3:37:27 P.M. hvl.projectparmorel.modelrepair.QModelFixer handleEpisode
INFO: EPISODE 11, STEP 0, Fixing error 40: The typed element must have a type
apr. 11, 2020 3:37:27 P.M. hvl.projectparmorel.modelrepair.QModelFixer chooseAction
INFO: Choosing optimal action
apr. 11, 2020 3:37:27 P.M. hvl.projectparmorel.modelrepair.QModelFixer handleStep
INFO: Chose action setEType in context 0 with weight 0.49697323481965916
apr. 11, 2020 3:37:27 P.M. hvl.projectparmorel.modelrepair.QModelFixer handleStep
INFO: Next error code: 401
apr. 11, 2020 3:37:27 P.M. hvl.projectparmorel.modelrepair.QModelFixer handleStep
INFO: Calculating new Q-value:
Old Q-value: 0.49697323481965916
Alpha: 0.5691666666666666
Gamma: 1.0
Reward: 0
Next optimal action Q-value: 7.535762380295449E-5
0.49697323481965916 + 0.5691666666666666 * (0 + 1.0 * 7.535762380295449E-5 - 0.49697323481965916) = 0.21415552638235102
apr. 11, 2020 3:37:27 P.M. hvl.projectparmorel.modelrepair.QModelFixer handleStep
INFO: Updated Q-table for error 40, context 0, action 591449609 setEType to new weight 0.21415552638235102


apr. 11, 2020 3:37:27 P.M. hvl.projectparmorel.modelrepair.QModelFixer handleEpisode
INFO: EPISODE 11, STEP 1, Fixing error 401: The typed element must have a type
apr. 11, 2020 3:37:27 P.M. hvl.projectparmorel.modelrepair.QModelFixer chooseAction
INFO: Choosing optimal action
apr. 11, 2020 3:37:27 P.M. hvl.projectparmorel.modelrepair.QModelFixer handleStep
INFO: Chose action setEType in context 0 with weight 7.535762380295449E-5
apr. 11, 2020 3:37:27 P.M. hvl.projectparmorel.modelrepair.QModelFixer handleStep
INFO: Calculating new Q-value:
Old Q-value: 7.535762380295449E-5
Alpha: 0.5691666666666666

Reward: 0
7.535762380295449E-5 + 0.5691666666666666 * (0 - 7.535762380295449E-5) = 3.246657625510623E-5
apr. 11, 2020 3:37:27 P.M. hvl.projectparmorel.modelrepair.QModelFixer handleStep
INFO: Updated Q-table for error 401, context 0, action 591449609 setEType to new weight 3.246657625510623E-5
apr. 11, 2020 3:37:27 P.M. hvl.projectparmorel.modelrepair.QModelFixer handleEpisode
INFO: EPISODE 11 TOTAL REWARD 0



apr. 11, 2020 3:37:27 P.M. hvl.projectparmorel.modelrepair.QModelFixer handleEpisode
INFO: EPISODE 12, STEP 0, Fixing error 40: The typed element must have a type
apr. 11, 2020 3:37:27 P.M. hvl.projectparmorel.modelrepair.QModelFixer chooseAction
INFO: Choosing random action.
apr. 11, 2020 3:37:27 P.M. hvl.projectparmorel.modelrepair.QModelFixer handleStep
INFO: Chose action setEType in context 0 with weight 0.21415552638235102
apr. 11, 2020 3:37:27 P.M. hvl.projectparmorel.modelrepair.QModelFixer handleStep
INFO: Next error code: 401
apr. 11, 2020 3:37:27 P.M. hvl.projectparmorel.modelrepair.QModelFixer handleStep
INFO: Calculating new Q-value:
Old Q-value: 0.21415552638235102
Alpha: 0.53
Gamma: 1.0
Reward: 0
Next optimal action Q-value: 3.246657625510623E-5
0.21415552638235102 + 0.53 * (0 + 1.0 * 3.246657625510623E-5 - 0.21415552638235102) = 0.10067030468512018
apr. 11, 2020 3:37:27 P.M. hvl.projectparmorel.modelrepair.QModelFixer handleStep
INFO: Updated Q-table for error 40, context 0, action 591449609 setEType to new weight 0.10067030468512018


apr. 11, 2020 3:37:27 P.M. hvl.projectparmorel.modelrepair.QModelFixer handleEpisode
INFO: EPISODE 12, STEP 1, Fixing error 401: The typed element must have a type
apr. 11, 2020 3:37:27 P.M. hvl.projectparmorel.modelrepair.QModelFixer chooseAction
INFO: Choosing random action.
apr. 11, 2020 3:37:27 P.M. hvl.projectparmorel.modelrepair.QModelFixer handleStep
INFO: Chose action delete in context 0 with weight 0.0
apr. 11, 2020 3:37:27 P.M. hvl.projectparmorel.modelrepair.QModelFixer handleStep
INFO: Calculating new Q-value:
Old Q-value: 0.0
Alpha: 0.53

Reward: 0
0.0 + 0.53 * (0 - 0.0) = 0.0
apr. 11, 2020 3:37:27 P.M. hvl.projectparmorel.modelrepair.QModelFixer handleStep
INFO: Updated Q-table for error 401, context 0, action 99999 delete to new weight 0.0
apr. 11, 2020 3:37:27 P.M. hvl.projectparmorel.modelrepair.QModelFixer handleEpisode
INFO: EPISODE 12 TOTAL REWARD 0



apr. 11, 2020 3:37:27 P.M. hvl.projectparmorel.modelrepair.QModelFixer handleEpisode
INFO: EPISODE 13, STEP 0, Fixing error 40: The typed element must have a type
apr. 11, 2020 3:37:27 P.M. hvl.projectparmorel.modelrepair.QModelFixer chooseAction
INFO: Choosing optimal action
apr. 11, 2020 3:37:27 P.M. hvl.projectparmorel.modelrepair.QModelFixer handleStep
INFO: Chose action delete in context 0 with weight 0.2092984880761002
apr. 11, 2020 3:37:27 P.M. hvl.projectparmorel.modelrepair.QModelFixer handleStep
INFO: Next error code: 401
apr. 11, 2020 3:37:27 P.M. hvl.projectparmorel.modelrepair.QModelFixer handleStep
INFO: Calculating new Q-value:
Old Q-value: 0.2092984880761002
Alpha: 0.49083333333333334
Gamma: 1.0
Reward: 0
Next optimal action Q-value: 3.246657625510623E-5
0.2092984880761002 + 0.49083333333333334 * (0 + 1.0 * 3.246657625510623E-5 - 0.2092984880761002) = 0.10658374918992622
apr. 11, 2020 3:37:27 P.M. hvl.projectparmorel.modelrepair.QModelFixer handleStep
INFO: Updated Q-table for error 40, context 0, action 99999 delete to new weight 0.10658374918992622


apr. 11, 2020 3:37:27 P.M. hvl.projectparmorel.modelrepair.QModelFixer handleEpisode
INFO: EPISODE 13, STEP 1, Fixing error 401: The typed element must have a type
apr. 11, 2020 3:37:27 P.M. hvl.projectparmorel.modelrepair.QModelFixer chooseAction
INFO: Choosing optimal action
apr. 11, 2020 3:37:27 P.M. hvl.projectparmorel.modelrepair.QModelFixer handleStep
INFO: Chose action setEType in context 0 with weight 3.246657625510623E-5
apr. 11, 2020 3:37:27 P.M. hvl.projectparmorel.modelrepair.QModelFixer handleStep
INFO: Calculating new Q-value:
Old Q-value: 3.246657625510623E-5
Alpha: 0.49083333333333334

Reward: 0
3.246657625510623E-5 + 0.49083333333333334 * (0 - 3.246657625510623E-5) = 1.653089840989159E-5
apr. 11, 2020 3:37:27 P.M. hvl.projectparmorel.modelrepair.QModelFixer handleStep
INFO: Updated Q-table for error 401, context 0, action 591449609 setEType to new weight 1.653089840989159E-5
apr. 11, 2020 3:37:27 P.M. hvl.projectparmorel.modelrepair.QModelFixer handleEpisode
INFO: EPISODE 13 TOTAL REWARD 0



apr. 11, 2020 3:37:27 P.M. hvl.projectparmorel.modelrepair.QModelFixer handleEpisode
INFO: EPISODE 14, STEP 0, Fixing error 40: The typed element must have a type
apr. 11, 2020 3:37:27 P.M. hvl.projectparmorel.modelrepair.QModelFixer chooseAction
INFO: Choosing optimal action
apr. 11, 2020 3:37:27 P.M. hvl.projectparmorel.modelrepair.QModelFixer handleStep
INFO: Chose action delete in context 0 with weight 0.10658374918992622
apr. 11, 2020 3:37:27 P.M. hvl.projectparmorel.modelrepair.QModelFixer handleStep
INFO: Next error code: 401
apr. 11, 2020 3:37:27 P.M. hvl.projectparmorel.modelrepair.QModelFixer handleStep
INFO: Calculating new Q-value:
Old Q-value: 0.10658374918992622
Alpha: 0.45166666666666666
Gamma: 1.0
Reward: 0
Next optimal action Q-value: 1.653089840989159E-5
0.10658374918992622 + 0.45166666666666666 * (0 + 1.0 * 1.653089840989159E-5 - 0.10658374918992622) = 0.05845088892825801
apr. 11, 2020 3:37:27 P.M. hvl.projectparmorel.modelrepair.QModelFixer handleStep
INFO: Updated Q-table for error 40, context 0, action 99999 delete to new weight 0.05845088892825801


apr. 11, 2020 3:37:27 P.M. hvl.projectparmorel.modelrepair.QModelFixer handleEpisode
INFO: EPISODE 14, STEP 1, Fixing error 401: The typed element must have a type
apr. 11, 2020 3:37:27 P.M. hvl.projectparmorel.modelrepair.QModelFixer chooseAction
INFO: Choosing optimal action
apr. 11, 2020 3:37:27 P.M. hvl.projectparmorel.modelrepair.QModelFixer handleStep
INFO: Chose action setEType in context 0 with weight 1.653089840989159E-5
apr. 11, 2020 3:37:27 P.M. hvl.projectparmorel.modelrepair.QModelFixer handleStep
INFO: Calculating new Q-value:
Old Q-value: 1.653089840989159E-5
Alpha: 0.45166666666666666

Reward: 0
1.653089840989159E-5 + 0.45166666666666666 * (0 - 1.653089840989159E-5) = 9.064442628090555E-6
apr. 11, 2020 3:37:27 P.M. hvl.projectparmorel.modelrepair.QModelFixer handleStep
INFO: Updated Q-table for error 401, context 0, action 591449609 setEType to new weight 9.064442628090555E-6
apr. 11, 2020 3:37:27 P.M. hvl.projectparmorel.modelrepair.QModelFixer handleEpisode
INFO: EPISODE 14 TOTAL REWARD 0



apr. 11, 2020 3:37:27 P.M. hvl.projectparmorel.modelrepair.QModelFixer handleEpisode
INFO: EPISODE 15, STEP 0, Fixing error 40: The typed element must have a type
apr. 11, 2020 3:37:27 P.M. hvl.projectparmorel.modelrepair.QModelFixer chooseAction
INFO: Choosing optimal action
apr. 11, 2020 3:37:27 P.M. hvl.projectparmorel.modelrepair.QModelFixer handleStep
INFO: Chose action setEType in context 0 with weight 0.10067030468512018
apr. 11, 2020 3:37:27 P.M. hvl.projectparmorel.modelrepair.QModelFixer handleStep
INFO: Next error code: 401
apr. 11, 2020 3:37:27 P.M. hvl.projectparmorel.modelrepair.QModelFixer handleStep
INFO: Calculating new Q-value:
Old Q-value: 0.10067030468512018
Alpha: 0.4125
Gamma: 1.0
Reward: 0
Next optimal action Q-value: 9.064442628090555E-6
0.10067030468512018 + 0.4125 * (0 + 1.0 * 9.064442628090555E-6 - 0.10067030468512018) = 0.0591475430850922
apr. 11, 2020 3:37:27 P.M. hvl.projectparmorel.modelrepair.QModelFixer handleStep
INFO: Updated Q-table for error 40, context 0, action 591449609 setEType to new weight 0.0591475430850922


apr. 11, 2020 3:37:27 P.M. hvl.projectparmorel.modelrepair.QModelFixer handleEpisode
INFO: EPISODE 15, STEP 1, Fixing error 401: The typed element must have a type
apr. 11, 2020 3:37:27 P.M. hvl.projectparmorel.modelrepair.QModelFixer chooseAction
INFO: Choosing random action.
apr. 11, 2020 3:37:27 P.M. hvl.projectparmorel.modelrepair.QModelFixer handleStep
INFO: Chose action delete in context 0 with weight 0.0
apr. 11, 2020 3:37:27 P.M. hvl.projectparmorel.modelrepair.QModelFixer handleStep
INFO: Calculating new Q-value:
Old Q-value: 0.0
Alpha: 0.4125

Reward: 0
0.0 + 0.4125 * (0 - 0.0) = 0.0
apr. 11, 2020 3:37:27 P.M. hvl.projectparmorel.modelrepair.QModelFixer handleStep
INFO: Updated Q-table for error 401, context 0, action 99999 delete to new weight 0.0
apr. 11, 2020 3:37:27 P.M. hvl.projectparmorel.modelrepair.QModelFixer handleEpisode
INFO: EPISODE 15 TOTAL REWARD 0



apr. 11, 2020 3:37:27 P.M. hvl.projectparmorel.modelrepair.QModelFixer handleEpisode
INFO: EPISODE 16, STEP 0, Fixing error 40: The typed element must have a type
apr. 11, 2020 3:37:27 P.M. hvl.projectparmorel.modelrepair.QModelFixer chooseAction
INFO: Choosing random action.
apr. 11, 2020 3:37:27 P.M. hvl.projectparmorel.modelrepair.QModelFixer handleStep
INFO: Chose action delete in context 0 with weight 0.05845088892825801
apr. 11, 2020 3:37:28 P.M. hvl.projectparmorel.modelrepair.QModelFixer handleStep
INFO: Next error code: 401
apr. 11, 2020 3:37:28 P.M. hvl.projectparmorel.modelrepair.QModelFixer handleStep
INFO: Calculating new Q-value:
Old Q-value: 0.05845088892825801
Alpha: 0.3733333333333334
Gamma: 1.0
Reward: 0
Next optimal action Q-value: 9.064442628090555E-6
0.05845088892825801 + 0.3733333333333334 * (0 + 1.0 * 9.064442628090555E-6 - 0.05845088892825801) = 0.03663260778695617
apr. 11, 2020 3:37:28 P.M. hvl.projectparmorel.modelrepair.QModelFixer handleStep
INFO: Updated Q-table for error 40, context 0, action 99999 delete to new weight 0.03663260778695617


apr. 11, 2020 3:37:28 P.M. hvl.projectparmorel.modelrepair.QModelFixer handleEpisode
INFO: EPISODE 16, STEP 1, Fixing error 401: The typed element must have a type
apr. 11, 2020 3:37:28 P.M. hvl.projectparmorel.modelrepair.QModelFixer chooseAction
INFO: Choosing optimal action
apr. 11, 2020 3:37:28 P.M. hvl.projectparmorel.modelrepair.QModelFixer handleStep
INFO: Chose action setEType in context 0 with weight 9.064442628090555E-6
apr. 11, 2020 3:37:28 P.M. hvl.projectparmorel.modelrepair.QModelFixer handleStep
INFO: Calculating new Q-value:
Old Q-value: 9.064442628090555E-6
Alpha: 0.3733333333333334

Reward: 0
9.064442628090555E-6 + 0.3733333333333334 * (0 - 9.064442628090555E-6) = 5.680384046936747E-6
apr. 11, 2020 3:37:28 P.M. hvl.projectparmorel.modelrepair.QModelFixer handleStep
INFO: Updated Q-table for error 401, context 0, action 591449609 setEType to new weight 5.680384046936747E-6
apr. 11, 2020 3:37:28 P.M. hvl.projectparmorel.modelrepair.QModelFixer handleEpisode
INFO: EPISODE 16 TOTAL REWARD 0



apr. 11, 2020 3:37:28 P.M. hvl.projectparmorel.modelrepair.QModelFixer handleEpisode
INFO: EPISODE 17, STEP 0, Fixing error 40: The typed element must have a type
apr. 11, 2020 3:37:28 P.M. hvl.projectparmorel.modelrepair.QModelFixer chooseAction
INFO: Choosing random action.
apr. 11, 2020 3:37:28 P.M. hvl.projectparmorel.modelrepair.QModelFixer handleStep
INFO: Chose action delete in context 0 with weight 0.03663260778695617
apr. 11, 2020 3:37:28 P.M. hvl.projectparmorel.modelrepair.QModelFixer handleStep
INFO: Next error code: 401
apr. 11, 2020 3:37:28 P.M. hvl.projectparmorel.modelrepair.QModelFixer handleStep
INFO: Calculating new Q-value:
Old Q-value: 0.03663260778695617
Alpha: 0.3341666666666667
Gamma: 1.0
Reward: 0
Next optimal action Q-value: 5.680384046936747E-6
0.03663260778695617 + 0.3341666666666667 * (0 + 1.0 * 5.680384046936747E-6 - 0.03663260778695617) = 0.024393109546484
apr. 11, 2020 3:37:28 P.M. hvl.projectparmorel.modelrepair.QModelFixer handleStep
INFO: Updated Q-table for error 40, context 0, action 99999 delete to new weight 0.024393109546484


apr. 11, 2020 3:37:28 P.M. hvl.projectparmorel.modelrepair.QModelFixer handleEpisode
INFO: EPISODE 17, STEP 1, Fixing error 401: The typed element must have a type
apr. 11, 2020 3:37:28 P.M. hvl.projectparmorel.modelrepair.QModelFixer chooseAction
INFO: Choosing random action.
apr. 11, 2020 3:37:28 P.M. hvl.projectparmorel.modelrepair.QModelFixer handleStep
INFO: Chose action setEType in context 0 with weight 5.680384046936747E-6
apr. 11, 2020 3:37:28 P.M. hvl.projectparmorel.modelrepair.QModelFixer handleStep
INFO: Calculating new Q-value:
Old Q-value: 5.680384046936747E-6
Alpha: 0.3341666666666667

Reward: 0
5.680384046936747E-6 + 0.3341666666666667 * (0 - 5.680384046936747E-6) = 3.782189044585384E-6
apr. 11, 2020 3:37:28 P.M. hvl.projectparmorel.modelrepair.QModelFixer handleStep
INFO: Updated Q-table for error 401, context 0, action 591449609 setEType to new weight 3.782189044585384E-6
apr. 11, 2020 3:37:28 P.M. hvl.projectparmorel.modelrepair.QModelFixer handleEpisode
INFO: EPISODE 17 TOTAL REWARD 0



apr. 11, 2020 3:37:28 P.M. hvl.projectparmorel.modelrepair.QModelFixer handleEpisode
INFO: EPISODE 18, STEP 0, Fixing error 40: The typed element must have a type
apr. 11, 2020 3:37:28 P.M. hvl.projectparmorel.modelrepair.QModelFixer chooseAction
INFO: Choosing random action.
apr. 11, 2020 3:37:28 P.M. hvl.projectparmorel.modelrepair.QModelFixer handleStep
INFO: Chose action setEType in context 0 with weight 0.0591475430850922
apr. 11, 2020 3:37:28 P.M. hvl.projectparmorel.modelrepair.QModelFixer handleStep
INFO: Next error code: 401
apr. 11, 2020 3:37:28 P.M. hvl.projectparmorel.modelrepair.QModelFixer handleStep
INFO: Calculating new Q-value:
Old Q-value: 0.0591475430850922
Alpha: 0.29500000000000004
Gamma: 1.0
Reward: 0
Next optimal action Q-value: 3.782189044585384E-6
0.0591475430850922 + 0.29500000000000004 * (0 + 1.0 * 3.782189044585384E-6 - 0.0591475430850922) = 0.041700133620758154
apr. 11, 2020 3:37:28 P.M. hvl.projectparmorel.modelrepair.QModelFixer handleStep
INFO: Updated Q-table for error 40, context 0, action 591449609 setEType to new weight 0.041700133620758154


apr. 11, 2020 3:37:28 P.M. hvl.projectparmorel.modelrepair.QModelFixer handleEpisode
INFO: EPISODE 18, STEP 1, Fixing error 401: The typed element must have a type
apr. 11, 2020 3:37:28 P.M. hvl.projectparmorel.modelrepair.QModelFixer chooseAction
INFO: Choosing optimal action
apr. 11, 2020 3:37:28 P.M. hvl.projectparmorel.modelrepair.QModelFixer handleStep
INFO: Chose action setEType in context 0 with weight 3.782189044585384E-6
apr. 11, 2020 3:37:28 P.M. hvl.projectparmorel.modelrepair.QModelFixer handleStep
INFO: Calculating new Q-value:
Old Q-value: 3.782189044585384E-6
Alpha: 0.29500000000000004

Reward: 0
3.782189044585384E-6 + 0.29500000000000004 * (0 - 3.782189044585384E-6) = 2.6664432764326956E-6
apr. 11, 2020 3:37:28 P.M. hvl.projectparmorel.modelrepair.QModelFixer handleStep
INFO: Updated Q-table for error 401, context 0, action 591449609 setEType to new weight 2.6664432764326956E-6
apr. 11, 2020 3:37:28 P.M. hvl.projectparmorel.modelrepair.QModelFixer handleEpisode
INFO: EPISODE 18 TOTAL REWARD 0



apr. 11, 2020 3:37:28 P.M. hvl.projectparmorel.modelrepair.QModelFixer handleEpisode
INFO: EPISODE 19, STEP 0, Fixing error 40: The typed element must have a type
apr. 11, 2020 3:37:28 P.M. hvl.projectparmorel.modelrepair.QModelFixer chooseAction
INFO: Choosing optimal action
apr. 11, 2020 3:37:28 P.M. hvl.projectparmorel.modelrepair.QModelFixer handleStep
INFO: Chose action setEType in context 0 with weight 0.041700133620758154
apr. 11, 2020 3:37:28 P.M. hvl.projectparmorel.modelrepair.QModelFixer handleStep
INFO: Next error code: 401
apr. 11, 2020 3:37:28 P.M. hvl.projectparmorel.modelrepair.QModelFixer handleStep
INFO: Calculating new Q-value:
Old Q-value: 0.041700133620758154
Alpha: 0.25583333333333336
Gamma: 1.0
Reward: 0
Next optimal action Q-value: 2.6664432764326956E-6
0.041700133620758154 + 0.25583333333333336 * (0 + 1.0 * 2.6664432764326956E-6 - 0.041700133620758154) = 0.031032531601185746
apr. 11, 2020 3:37:28 P.M. hvl.projectparmorel.modelrepair.QModelFixer handleStep
INFO: Updated Q-table for error 40, context 0, action 591449609 setEType to new weight 0.031032531601185746


apr. 11, 2020 3:37:28 P.M. hvl.projectparmorel.modelrepair.QModelFixer handleEpisode
INFO: EPISODE 19, STEP 1, Fixing error 401: The typed element must have a type
apr. 11, 2020 3:37:28 P.M. hvl.projectparmorel.modelrepair.QModelFixer chooseAction
INFO: Choosing optimal action
apr. 11, 2020 3:37:28 P.M. hvl.projectparmorel.modelrepair.QModelFixer handleStep
INFO: Chose action setEType in context 0 with weight 2.6664432764326956E-6
apr. 11, 2020 3:37:28 P.M. hvl.projectparmorel.modelrepair.QModelFixer handleStep
INFO: Calculating new Q-value:
Old Q-value: 2.6664432764326956E-6
Alpha: 0.25583333333333336

Reward: 0
2.6664432764326956E-6 + 0.25583333333333336 * (0 - 2.6664432764326956E-6) = 1.9842782048786645E-6
apr. 11, 2020 3:37:28 P.M. hvl.projectparmorel.modelrepair.QModelFixer handleStep
INFO: Updated Q-table for error 401, context 0, action 591449609 setEType to new weight 1.9842782048786645E-6
apr. 11, 2020 3:37:28 P.M. hvl.projectparmorel.modelrepair.QModelFixer handleEpisode
INFO: EPISODE 19 TOTAL REWARD 0



apr. 11, 2020 3:37:28 P.M. hvl.projectparmorel.modelrepair.QModelFixer handleEpisode
INFO: EPISODE 20, STEP 0, Fixing error 40: The typed element must have a type
apr. 11, 2020 3:37:28 P.M. hvl.projectparmorel.modelrepair.QModelFixer chooseAction
INFO: Choosing random action.
apr. 11, 2020 3:37:28 P.M. hvl.projectparmorel.modelrepair.QModelFixer handleStep
INFO: Chose action setEType in context 0 with weight 0.031032531601185746
apr. 11, 2020 3:37:28 P.M. hvl.projectparmorel.modelrepair.QModelFixer handleStep
INFO: Next error code: 401
apr. 11, 2020 3:37:28 P.M. hvl.projectparmorel.modelrepair.QModelFixer handleStep
INFO: Calculating new Q-value:
Old Q-value: 0.031032531601185746
Alpha: 0.21666666666666679
Gamma: 1.0
Reward: 0
Next optimal action Q-value: 1.9842782048786645E-6
0.031032531601185746 + 0.21666666666666679 * (0 + 1.0 * 1.9842782048786645E-6 - 0.031032531601185746) = 0.024309246347873223
apr. 11, 2020 3:37:28 P.M. hvl.projectparmorel.modelrepair.QModelFixer handleStep
INFO: Updated Q-table for error 40, context 0, action 591449609 setEType to new weight 0.024309246347873223


apr. 11, 2020 3:37:28 P.M. hvl.projectparmorel.modelrepair.QModelFixer handleEpisode
INFO: EPISODE 20, STEP 1, Fixing error 401: The typed element must have a type
apr. 11, 2020 3:37:28 P.M. hvl.projectparmorel.modelrepair.QModelFixer chooseAction
INFO: Choosing random action.
apr. 11, 2020 3:37:28 P.M. hvl.projectparmorel.modelrepair.QModelFixer handleStep
INFO: Chose action delete in context 0 with weight 0.0
apr. 11, 2020 3:37:28 P.M. hvl.projectparmorel.modelrepair.QModelFixer handleStep
INFO: Calculating new Q-value:
Old Q-value: 0.0
Alpha: 0.21666666666666679

Reward: 0
0.0 + 0.21666666666666679 * (0 - 0.0) = 0.0
apr. 11, 2020 3:37:28 P.M. hvl.projectparmorel.modelrepair.QModelFixer handleStep
INFO: Updated Q-table for error 401, context 0, action 99999 delete to new weight 0.0
apr. 11, 2020 3:37:28 P.M. hvl.projectparmorel.modelrepair.QModelFixer handleEpisode
INFO: EPISODE 20 TOTAL REWARD 0



apr. 11, 2020 3:37:28 P.M. hvl.projectparmorel.modelrepair.QModelFixer handleEpisode
INFO: EPISODE 21, STEP 0, Fixing error 40: The typed element must have a type
apr. 11, 2020 3:37:28 P.M. hvl.projectparmorel.modelrepair.QModelFixer chooseAction
INFO: Choosing optimal action
apr. 11, 2020 3:37:28 P.M. hvl.projectparmorel.modelrepair.QModelFixer handleStep
INFO: Chose action delete in context 0 with weight 0.024393109546484
apr. 11, 2020 3:37:28 P.M. hvl.projectparmorel.modelrepair.QModelFixer handleStep
INFO: Next error code: 401
apr. 11, 2020 3:37:28 P.M. hvl.projectparmorel.modelrepair.QModelFixer handleStep
INFO: Calculating new Q-value:
Old Q-value: 0.024393109546484
Alpha: 0.1775000000000001
Gamma: 1.0
Reward: 0
Next optimal action Q-value: 1.9842782048786645E-6
0.024393109546484 + 0.1775000000000001 * (0 + 1.0 * 1.9842782048786645E-6 - 0.024393109546484) = 0.020063684811364453
apr. 11, 2020 3:37:28 P.M. hvl.projectparmorel.modelrepair.QModelFixer handleStep
INFO: Updated Q-table for error 40, context 0, action 99999 delete to new weight 0.020063684811364453


apr. 11, 2020 3:37:28 P.M. hvl.projectparmorel.modelrepair.QModelFixer handleEpisode
INFO: EPISODE 21, STEP 1, Fixing error 401: The typed element must have a type
apr. 11, 2020 3:37:28 P.M. hvl.projectparmorel.modelrepair.QModelFixer chooseAction
INFO: Choosing optimal action
apr. 11, 2020 3:37:28 P.M. hvl.projectparmorel.modelrepair.QModelFixer handleStep
INFO: Chose action setEType in context 0 with weight 1.9842782048786645E-6
apr. 11, 2020 3:37:28 P.M. hvl.projectparmorel.modelrepair.QModelFixer handleStep
INFO: Calculating new Q-value:
Old Q-value: 1.9842782048786645E-6
Alpha: 0.1775000000000001

Reward: 0
1.9842782048786645E-6 + 0.1775000000000001 * (0 - 1.9842782048786645E-6) = 1.6320688235127013E-6
apr. 11, 2020 3:37:28 P.M. hvl.projectparmorel.modelrepair.QModelFixer handleStep
INFO: Updated Q-table for error 401, context 0, action 591449609 setEType to new weight 1.6320688235127013E-6
apr. 11, 2020 3:37:28 P.M. hvl.projectparmorel.modelrepair.QModelFixer handleEpisode
INFO: EPISODE 21 TOTAL REWARD 0



apr. 11, 2020 3:37:28 P.M. hvl.projectparmorel.modelrepair.QModelFixer handleEpisode
INFO: EPISODE 22, STEP 0, Fixing error 40: The typed element must have a type
apr. 11, 2020 3:37:28 P.M. hvl.projectparmorel.modelrepair.QModelFixer chooseAction
INFO: Choosing optimal action
apr. 11, 2020 3:37:28 P.M. hvl.projectparmorel.modelrepair.QModelFixer handleStep
INFO: Chose action setEType in context 0 with weight 0.024309246347873223
apr. 11, 2020 3:37:28 P.M. hvl.projectparmorel.modelrepair.QModelFixer handleStep
INFO: Next error code: 401
apr. 11, 2020 3:37:28 P.M. hvl.projectparmorel.modelrepair.QModelFixer handleStep
INFO: Calculating new Q-value:
Old Q-value: 0.024309246347873223
Alpha: 0.1383333333333333
Gamma: 1.0
Reward: 0
Next optimal action Q-value: 1.6320688235127013E-6
0.024309246347873223 + 0.1383333333333333 * (0 + 1.0 * 1.6320688235127013E-6 - 0.024309246347873223) = 0.020946693039271345
apr. 11, 2020 3:37:28 P.M. hvl.projectparmorel.modelrepair.QModelFixer handleStep
INFO: Updated Q-table for error 40, context 0, action 591449609 setEType to new weight 0.020946693039271345


apr. 11, 2020 3:37:28 P.M. hvl.projectparmorel.modelrepair.QModelFixer handleEpisode
INFO: EPISODE 22, STEP 1, Fixing error 401: The typed element must have a type
apr. 11, 2020 3:37:28 P.M. hvl.projectparmorel.modelrepair.QModelFixer chooseAction
INFO: Choosing random action.
apr. 11, 2020 3:37:28 P.M. hvl.projectparmorel.modelrepair.QModelFixer handleStep
INFO: Chose action delete in context 0 with weight 0.0
apr. 11, 2020 3:37:28 P.M. hvl.projectparmorel.modelrepair.QModelFixer handleStep
INFO: Calculating new Q-value:
Old Q-value: 0.0
Alpha: 0.1383333333333333

Reward: 0
0.0 + 0.1383333333333333 * (0 - 0.0) = 0.0
apr. 11, 2020 3:37:28 P.M. hvl.projectparmorel.modelrepair.QModelFixer handleStep
INFO: Updated Q-table for error 401, context 0, action 99999 delete to new weight 0.0
apr. 11, 2020 3:37:28 P.M. hvl.projectparmorel.modelrepair.QModelFixer handleEpisode
INFO: EPISODE 22 TOTAL REWARD 0



apr. 11, 2020 3:37:28 P.M. hvl.projectparmorel.modelrepair.QModelFixer handleEpisode
INFO: EPISODE 23, STEP 0, Fixing error 40: The typed element must have a type
apr. 11, 2020 3:37:28 P.M. hvl.projectparmorel.modelrepair.QModelFixer chooseAction
INFO: Choosing optimal action
apr. 11, 2020 3:37:28 P.M. hvl.projectparmorel.modelrepair.QModelFixer handleStep
INFO: Chose action setEType in context 0 with weight 0.020946693039271345
apr. 11, 2020 3:37:28 P.M. hvl.projectparmorel.modelrepair.QModelFixer handleStep
INFO: Next error code: 401
apr. 11, 2020 3:37:28 P.M. hvl.projectparmorel.modelrepair.QModelFixer handleStep
INFO: Calculating new Q-value:
Old Q-value: 0.020946693039271345
Alpha: 0.09916666666666674
Gamma: 1.0
Reward: 0
Next optimal action Q-value: 1.6320688235127013E-6
0.020946693039271345 + 0.09916666666666674 * (0 + 1.0 * 1.6320688235127013E-6 - 0.020946693039271345) = 0.018869641159701935
apr. 11, 2020 3:37:28 P.M. hvl.projectparmorel.modelrepair.QModelFixer handleStep
INFO: Updated Q-table for error 40, context 0, action 591449609 setEType to new weight 0.018869641159701935


apr. 11, 2020 3:37:28 P.M. hvl.projectparmorel.modelrepair.QModelFixer handleEpisode
INFO: EPISODE 23, STEP 1, Fixing error 401: The typed element must have a type
apr. 11, 2020 3:37:28 P.M. hvl.projectparmorel.modelrepair.QModelFixer chooseAction
INFO: Choosing optimal action
apr. 11, 2020 3:37:28 P.M. hvl.projectparmorel.modelrepair.QModelFixer handleStep
INFO: Chose action setEType in context 0 with weight 1.6320688235127013E-6
apr. 11, 2020 3:37:28 P.M. hvl.projectparmorel.modelrepair.QModelFixer handleStep
INFO: Calculating new Q-value:
Old Q-value: 1.6320688235127013E-6
Alpha: 0.09916666666666674

Reward: 0
1.6320688235127013E-6 + 0.09916666666666674 * (0 - 1.6320688235127013E-6) = 1.4702219985143583E-6
apr. 11, 2020 3:37:28 P.M. hvl.projectparmorel.modelrepair.QModelFixer handleStep
INFO: Updated Q-table for error 401, context 0, action 591449609 setEType to new weight 1.4702219985143583E-6
apr. 11, 2020 3:37:28 P.M. hvl.projectparmorel.modelrepair.QModelFixer handleEpisode
INFO: EPISODE 23 TOTAL REWARD 0



apr. 11, 2020 3:37:28 P.M. hvl.projectparmorel.modelrepair.QModelFixer handleEpisode
INFO: EPISODE 24, STEP 0, Fixing error 40: The typed element must have a type
apr. 11, 2020 3:37:28 P.M. hvl.projectparmorel.modelrepair.QModelFixer chooseAction
INFO: Choosing optimal action
apr. 11, 2020 3:37:28 P.M. hvl.projectparmorel.modelrepair.QModelFixer handleStep
INFO: Chose action delete in context 0 with weight 0.020063684811364453
apr. 11, 2020 3:37:28 P.M. hvl.projectparmorel.modelrepair.QModelFixer handleStep
INFO: Next error code: 401
apr. 11, 2020 3:37:28 P.M. hvl.projectparmorel.modelrepair.QModelFixer handleStep
INFO: Calculating new Q-value:
Old Q-value: 0.020063684811364453
Alpha: 0.06000000000000005
Gamma: 1.0
Reward: 0
Next optimal action Q-value: 1.4702219985143583E-6
0.020063684811364453 + 0.06000000000000005 * (0 + 1.0 * 1.4702219985143583E-6 - 0.020063684811364453) = 0.018859951936002494
apr. 11, 2020 3:37:28 P.M. hvl.projectparmorel.modelrepair.QModelFixer handleStep
INFO: Updated Q-table for error 40, context 0, action 99999 delete to new weight 0.018859951936002494


apr. 11, 2020 3:37:28 P.M. hvl.projectparmorel.modelrepair.QModelFixer handleEpisode
INFO: EPISODE 24, STEP 1, Fixing error 401: The typed element must have a type
apr. 11, 2020 3:37:28 P.M. hvl.projectparmorel.modelrepair.QModelFixer chooseAction
INFO: Choosing random action.
apr. 11, 2020 3:37:28 P.M. hvl.projectparmorel.modelrepair.QModelFixer handleStep
INFO: Chose action setEType in context 0 with weight 1.4702219985143583E-6
apr. 11, 2020 3:37:28 P.M. hvl.projectparmorel.modelrepair.QModelFixer handleStep
INFO: Calculating new Q-value:
Old Q-value: 1.4702219985143583E-6
Alpha: 0.06000000000000005

Reward: 0
1.4702219985143583E-6 + 0.06000000000000005 * (0 - 1.4702219985143583E-6) = 1.3820086786034968E-6
apr. 11, 2020 3:37:28 P.M. hvl.projectparmorel.modelrepair.QModelFixer handleStep
INFO: Updated Q-table for error 401, context 0, action 591449609 setEType to new weight 1.3820086786034968E-6
apr. 11, 2020 3:37:28 P.M. hvl.projectparmorel.modelrepair.QModelFixer handleEpisode
INFO: EPISODE 24 TOTAL REWARD 0



apr. 11, 2020 3:37:28 P.M. hvl.projectparmorel.modelrepair.QModelFixer fixModel
INFO: Time repairing model: 2040 ms
apr. 11, 2020 3:37:28 P.M. hvl.projectparmorel.modelrepair.QModelFixer fixModel
INFO: 
-----------------ALL SEQUENCES FOUND-------------------
SIZE: 2
DISCARDED SEQUENCES: 23
--------::::B E S T   S E Q U E N C E   I S::::---------
Sequence [id=0, seq=[ErrorAction [Error: 40 The typed element must have a type, Action: setEType, Error hierarchy: 0]
, ErrorAction [Error: 401 The typed element must have a type, Action: delete, Error hierarchy: 0]
], weight=0.0]

 with 2 actions.
apr. 11, 2020 3:37:28 P.M. hvl.projectparmorel.knowledge.Knowledge save
INFO: Saving initialized
apr. 11, 2020 3:37:28 P.M. hvl.projectparmorel.knowledge.Knowledge save
INFO: document prepared
apr. 11, 2020 3:37:28 P.M. hvl.projectparmorel.knowledge.Knowledge save
INFO: Saving completed to /Users/Magnus/Skole/DAT300/EclipseWorkspace2/ParmorelRunnable/knowledge.xml
apr. 11, 2020 3:37:28 P.M. hvl.projectparmorel.modules.Strategy repairModels
SEVERE: Index 6 out of bounds for length 2
Stack trace:
java.lang.IndexOutOfBoundsException: Index 6 out of bounds for length 2
	at java.base/jdk.internal.util.Preconditions.outOfBounds(Preconditions.java:64)
	at java.base/jdk.internal.util.Preconditions.outOfBoundsCheckIndex(Preconditions.java:70)
	at java.base/jdk.internal.util.Preconditions.checkIndex(Preconditions.java:248)
	at java.base/java.util.Objects.checkIndex(Objects.java:373)
	at java.base/java.util.ArrayList.get(ArrayList.java:425)
	at hvl.projectparmorel.modules.BestWeightStrategy2.selectSolution(BestWeightStrategy2.java:32)
	at hvl.projectparmorel.modules.Strategy.repairModels(Strategy.java:92)
	at hvl.projectparmorel.main.TestDifferentModelSelectionMethods.main(TestDifferentModelSelectionMethods.java:49)

