apr. 11, 2020 2:46:03 P.M. hvl.projectparmorel.modelrepair.QModelFixer fixModel
INFO: Repairing a3.ecore
apr. 11, 2020 2:46:03 P.M. hvl.projectparmorel.modelrepair.QModelFixer fixModel
INFO: Running with preferences [0, 2]
apr. 11, 2020 2:46:03 P.M. hvl.projectparmorel.modelrepair.QModelFixer fixModel
INFO: Initial number of errors in model: 2
Maximum number of steps per episode: 20
Errors to fix: [Error 44, message=The name 'null' is not well formed
, Error 25, message=A class that is an interface must also be abstract
]
apr. 11, 2020 2:46:03 P.M. hvl.projectparmorel.modelrepair.QModelFixer fixModel
INFO: Initializing Q-table for the errors.
apr. 11, 2020 2:46:03 P.M. hvl.projectparmorel.modelrepair.QModelFixer fixModel
INFO: Number of episodes: 25
apr. 11, 2020 2:46:03 P.M. hvl.projectparmorel.modelrepair.QModelFixer handleEpisode
INFO: EPISODE 0, STEP 0, Fixing error 44: The name 'null' is not well formed
apr. 11, 2020 2:46:03 P.M. hvl.projectparmorel.modelrepair.QModelFixer chooseAction
INFO: Choosing optimal action
apr. 11, 2020 2:46:03 P.M. hvl.projectparmorel.modelrepair.QModelFixer handleStep
INFO: Chose action delete in context 0 with weight 300.0
apr. 11, 2020 2:46:03 P.M. hvl.projectparmorel.modelrepair.QModelFixer handleStep
INFO: Next error code: 25
apr. 11, 2020 2:46:03 P.M. hvl.projectparmorel.modelrepair.QModelFixer handleStep
INFO: Calculating new Q-value:
Old Q-value: 300.0
Alpha: 1.0
Gamma: 1.0
Reward: 0
Next optimal action Q-value: 300.00000048713844
300.0 + 1.0 * (0 + 1.0 * 300.00000048713844 - 300.0) = 300.00000048713844
apr. 11, 2020 2:46:03 P.M. hvl.projectparmorel.modelrepair.QModelFixer handleStep
INFO: Updated Q-table for error 44, context 0, action 99999 delete to new weight 300.00000048713844


apr. 11, 2020 2:46:03 P.M. hvl.projectparmorel.modelrepair.QModelFixer handleEpisode
INFO: EPISODE 0, STEP 1, Fixing error 25: A class that is an interface must also be abstract
apr. 11, 2020 2:46:03 P.M. hvl.projectparmorel.modelrepair.QModelFixer chooseAction
INFO: Choosing optimal action
apr. 11, 2020 2:46:03 P.M. hvl.projectparmorel.modelrepair.QModelFixer handleStep
INFO: Chose action delete in context 0 with weight 300.00000048713844
apr. 11, 2020 2:46:03 P.M. hvl.projectparmorel.modelrepair.QModelFixer handleStep
INFO: Calculating new Q-value:
Old Q-value: 300.00000048713844
Alpha: 1.0

Reward: 0
300.00000048713844 + 1.0 * (0 - 300.00000048713844) = 0.0
apr. 11, 2020 2:46:03 P.M. hvl.projectparmorel.modelrepair.QModelFixer handleStep
INFO: Updated Q-table for error 25, context 0, action 99999 delete to new weight 0.0
apr. 11, 2020 2:46:03 P.M. hvl.projectparmorel.modelrepair.QModelFixer handleEpisode
INFO: EPISODE 0 TOTAL REWARD 0



apr. 11, 2020 2:46:03 P.M. hvl.projectparmorel.modelrepair.QModelFixer handleEpisode
INFO: EPISODE 1, STEP 0, Fixing error 44: The name 'null' is not well formed
apr. 11, 2020 2:46:03 P.M. hvl.projectparmorel.modelrepair.QModelFixer chooseAction
INFO: Choosing optimal action
apr. 11, 2020 2:46:03 P.M. hvl.projectparmorel.modelrepair.QModelFixer handleStep
INFO: Chose action delete in context 0 with weight 300.00000048713844
apr. 11, 2020 2:46:04 P.M. hvl.projectparmorel.modelrepair.QModelFixer handleStep
INFO: Next error code: 25
apr. 11, 2020 2:46:04 P.M. hvl.projectparmorel.modelrepair.QModelFixer handleStep
INFO: Calculating new Q-value:
Old Q-value: 300.00000048713844
Alpha: 0.9608333333333333
Gamma: 1.0
Reward: 0
Next optimal action Q-value: 300.0
300.00000048713844 + 0.9608333333333333 * (0 + 1.0 * 300.0 - 300.00000048713844) = 300.0000000190796
apr. 11, 2020 2:46:04 P.M. hvl.projectparmorel.modelrepair.QModelFixer handleStep
INFO: Updated Q-table for error 44, context 0, action 99999 delete to new weight 300.0000000190796


apr. 11, 2020 2:46:04 P.M. hvl.projectparmorel.modelrepair.QModelFixer handleEpisode
INFO: EPISODE 1, STEP 1, Fixing error 25: A class that is an interface must also be abstract
apr. 11, 2020 2:46:04 P.M. hvl.projectparmorel.modelrepair.QModelFixer chooseAction
INFO: Choosing optimal action
apr. 11, 2020 2:46:04 P.M. hvl.projectparmorel.modelrepair.QModelFixer handleStep
INFO: Chose action setInterface in context 0 with weight 300.0
apr. 11, 2020 2:46:04 P.M. hvl.projectparmorel.modelrepair.QModelFixer handleStep
INFO: Calculating new Q-value:
Old Q-value: 300.0
Alpha: 0.9608333333333333

Reward: 0
300.0 + 0.9608333333333333 * (0 - 300.0) = 11.75
apr. 11, 2020 2:46:04 P.M. hvl.projectparmorel.modelrepair.QModelFixer handleStep
INFO: Updated Q-table for error 25, context 0, action -943639423 setInterface to new weight 11.75
apr. 11, 2020 2:46:04 P.M. hvl.projectparmorel.modelrepair.QModelFixer handleEpisode
INFO: EPISODE 1 TOTAL REWARD 0



apr. 11, 2020 2:46:04 P.M. hvl.projectparmorel.modelrepair.QModelFixer handleEpisode
INFO: EPISODE 2, STEP 0, Fixing error 44: The name 'null' is not well formed
apr. 11, 2020 2:46:04 P.M. hvl.projectparmorel.modelrepair.QModelFixer chooseAction
INFO: Choosing random action.
apr. 11, 2020 2:46:04 P.M. hvl.projectparmorel.modelrepair.QModelFixer handleStep
INFO: Chose action delete in context 0 with weight 300.0000000190796
apr. 11, 2020 2:46:04 P.M. hvl.projectparmorel.modelrepair.QModelFixer handleStep
INFO: Next error code: 25
apr. 11, 2020 2:46:04 P.M. hvl.projectparmorel.modelrepair.QModelFixer handleStep
INFO: Calculating new Q-value:
Old Q-value: 300.0000000190796
Alpha: 0.9216666666666666
Gamma: 1.0
Reward: 0
Next optimal action Q-value: 11.75
300.0000000190796 + 0.9216666666666666 * (0 + 1.0 * 11.75 - 300.0000000190796) = 34.32958333482793
apr. 11, 2020 2:46:04 P.M. hvl.projectparmorel.modelrepair.QModelFixer handleStep
INFO: Updated Q-table for error 44, context 0, action 99999 delete to new weight 34.32958333482793


apr. 11, 2020 2:46:04 P.M. hvl.projectparmorel.modelrepair.QModelFixer handleEpisode
INFO: EPISODE 2, STEP 1, Fixing error 25: A class that is an interface must also be abstract
apr. 11, 2020 2:46:04 P.M. hvl.projectparmorel.modelrepair.QModelFixer chooseAction
INFO: Choosing optimal action
apr. 11, 2020 2:46:04 P.M. hvl.projectparmorel.modelrepair.QModelFixer handleStep
INFO: Chose action setInterface in context 0 with weight 11.75
apr. 11, 2020 2:46:04 P.M. hvl.projectparmorel.modelrepair.QModelFixer handleStep
INFO: Calculating new Q-value:
Old Q-value: 11.75
Alpha: 0.9216666666666666

Reward: 0
11.75 + 0.9216666666666666 * (0 - 11.75) = 0.9204166666666662
apr. 11, 2020 2:46:04 P.M. hvl.projectparmorel.modelrepair.QModelFixer handleStep
INFO: Updated Q-table for error 25, context 0, action -943639423 setInterface to new weight 0.9204166666666662
apr. 11, 2020 2:46:04 P.M. hvl.projectparmorel.modelrepair.QModelFixer handleEpisode
INFO: EPISODE 2 TOTAL REWARD 0



apr. 11, 2020 2:46:04 P.M. hvl.projectparmorel.modelrepair.QModelFixer handleEpisode
INFO: EPISODE 3, STEP 0, Fixing error 44: The name 'null' is not well formed
apr. 11, 2020 2:46:04 P.M. hvl.projectparmorel.modelrepair.QModelFixer chooseAction
INFO: Choosing optimal action
apr. 11, 2020 2:46:04 P.M. hvl.projectparmorel.modelrepair.QModelFixer handleStep
INFO: Chose action delete in context 0 with weight 34.32958333482793
apr. 11, 2020 2:46:05 P.M. hvl.projectparmorel.modelrepair.QModelFixer handleStep
INFO: Next error code: 25
apr. 11, 2020 2:46:05 P.M. hvl.projectparmorel.modelrepair.QModelFixer handleStep
INFO: Calculating new Q-value:
Old Q-value: 34.32958333482793
Alpha: 0.8825000000000001
Gamma: 1.0
Reward: 0
Next optimal action Q-value: 0.9204166666666662
34.32958333482793 + 0.8825000000000001 * (0 + 1.0 * 0.9204166666666662 - 34.32958333482793) = 4.845993750175616
apr. 11, 2020 2:46:05 P.M. hvl.projectparmorel.modelrepair.QModelFixer handleStep
INFO: Updated Q-table for error 44, context 0, action 99999 delete to new weight 4.845993750175616


apr. 11, 2020 2:46:05 P.M. hvl.projectparmorel.modelrepair.QModelFixer handleEpisode
INFO: EPISODE 3, STEP 1, Fixing error 25: A class that is an interface must also be abstract
apr. 11, 2020 2:46:05 P.M. hvl.projectparmorel.modelrepair.QModelFixer chooseAction
INFO: Choosing random action.
apr. 11, 2020 2:46:05 P.M. hvl.projectparmorel.modelrepair.QModelFixer handleStep
INFO: Chose action setInterface in context 0 with weight 0.9204166666666662
apr. 11, 2020 2:46:05 P.M. hvl.projectparmorel.modelrepair.QModelFixer handleStep
INFO: Calculating new Q-value:
Old Q-value: 0.9204166666666662
Alpha: 0.8825000000000001

Reward: 0
0.9204166666666662 + 0.8825000000000001 * (0 - 0.9204166666666662) = 0.10814895833333327
apr. 11, 2020 2:46:05 P.M. hvl.projectparmorel.modelrepair.QModelFixer handleStep
INFO: Updated Q-table for error 25, context 0, action -943639423 setInterface to new weight 0.10814895833333327
apr. 11, 2020 2:46:05 P.M. hvl.projectparmorel.modelrepair.QModelFixer handleEpisode
INFO: EPISODE 3 TOTAL REWARD 0



apr. 11, 2020 2:46:05 P.M. hvl.projectparmorel.modelrepair.QModelFixer handleEpisode
INFO: EPISODE 4, STEP 0, Fixing error 44: The name 'null' is not well formed
apr. 11, 2020 2:46:05 P.M. hvl.projectparmorel.modelrepair.QModelFixer chooseAction
INFO: Choosing optimal action
apr. 11, 2020 2:46:05 P.M. hvl.projectparmorel.modelrepair.QModelFixer handleStep
INFO: Chose action delete in context 0 with weight 4.845993750175616
apr. 11, 2020 2:46:05 P.M. hvl.projectparmorel.modelrepair.QModelFixer handleStep
INFO: Next error code: 25
apr. 11, 2020 2:46:05 P.M. hvl.projectparmorel.modelrepair.QModelFixer handleStep
INFO: Calculating new Q-value:
Old Q-value: 4.845993750175616
Alpha: 0.8433333333333334
Gamma: 1.0
Reward: 0
Next optimal action Q-value: 0.10814895833333327
4.845993750175616 + 0.8433333333333334 * (0 + 1.0 * 0.10814895833333327 - 4.845993750175616) = 0.8504113090552909
apr. 11, 2020 2:46:05 P.M. hvl.projectparmorel.modelrepair.QModelFixer handleStep
INFO: Updated Q-table for error 44, context 0, action 99999 delete to new weight 0.8504113090552909


apr. 11, 2020 2:46:05 P.M. hvl.projectparmorel.modelrepair.QModelFixer handleEpisode
INFO: EPISODE 4, STEP 1, Fixing error 25: A class that is an interface must also be abstract
apr. 11, 2020 2:46:05 P.M. hvl.projectparmorel.modelrepair.QModelFixer chooseAction
INFO: Choosing random action.
apr. 11, 2020 2:46:05 P.M. hvl.projectparmorel.modelrepair.QModelFixer handleStep
INFO: Chose action delete in context 0 with weight 0.0
apr. 11, 2020 2:46:06 P.M. hvl.projectparmorel.modelrepair.QModelFixer handleStep
INFO: Calculating new Q-value:
Old Q-value: 0.0
Alpha: 0.8433333333333334

Reward: 0
0.0 + 0.8433333333333334 * (0 - 0.0) = 0.0
apr. 11, 2020 2:46:06 P.M. hvl.projectparmorel.modelrepair.QModelFixer handleStep
INFO: Updated Q-table for error 25, context 0, action 99999 delete to new weight 0.0
apr. 11, 2020 2:46:06 P.M. hvl.projectparmorel.modelrepair.QModelFixer handleEpisode
INFO: EPISODE 4 TOTAL REWARD 0



apr. 11, 2020 2:46:06 P.M. hvl.projectparmorel.modelrepair.QModelFixer handleEpisode
INFO: EPISODE 5, STEP 0, Fixing error 44: The name 'null' is not well formed
apr. 11, 2020 2:46:06 P.M. hvl.projectparmorel.modelrepair.QModelFixer chooseAction
INFO: Choosing optimal action
apr. 11, 2020 2:46:06 P.M. hvl.projectparmorel.modelrepair.QModelFixer handleStep
INFO: Chose action delete in context 0 with weight 0.8504113090552909
apr. 11, 2020 2:46:06 P.M. hvl.projectparmorel.modelrepair.QModelFixer handleStep
INFO: Next error code: 25
apr. 11, 2020 2:46:06 P.M. hvl.projectparmorel.modelrepair.QModelFixer handleStep
INFO: Calculating new Q-value:
Old Q-value: 0.8504113090552909
Alpha: 0.8041666666666667
Gamma: 1.0
Reward: 0
Next optimal action Q-value: 0.10814895833333327
0.8504113090552909 + 0.8041666666666667 * (0 + 1.0 * 0.10814895833333327 - 0.8504113090552909) = 0.25350866868305
apr. 11, 2020 2:46:06 P.M. hvl.projectparmorel.modelrepair.QModelFixer handleStep
INFO: Updated Q-table for error 44, context 0, action 99999 delete to new weight 0.25350866868305


apr. 11, 2020 2:46:06 P.M. hvl.projectparmorel.modelrepair.QModelFixer handleEpisode
INFO: EPISODE 5, STEP 1, Fixing error 25: A class that is an interface must also be abstract
apr. 11, 2020 2:46:06 P.M. hvl.projectparmorel.modelrepair.QModelFixer chooseAction
INFO: Choosing optimal action
apr. 11, 2020 2:46:06 P.M. hvl.projectparmorel.modelrepair.QModelFixer handleStep
INFO: Chose action setInterface in context 0 with weight 0.10814895833333327
apr. 11, 2020 2:46:06 P.M. hvl.projectparmorel.modelrepair.QModelFixer handleStep
INFO: Calculating new Q-value:
Old Q-value: 0.10814895833333327
Alpha: 0.8041666666666667

Reward: 0
0.10814895833333327 + 0.8041666666666667 * (0 - 0.10814895833333327) = 0.021179171006944428
apr. 11, 2020 2:46:06 P.M. hvl.projectparmorel.modelrepair.QModelFixer handleStep
INFO: Updated Q-table for error 25, context 0, action -943639423 setInterface to new weight 0.021179171006944428
apr. 11, 2020 2:46:06 P.M. hvl.projectparmorel.modelrepair.QModelFixer handleEpisode
INFO: EPISODE 5 TOTAL REWARD 0



apr. 11, 2020 2:46:06 P.M. hvl.projectparmorel.modelrepair.QModelFixer handleEpisode
INFO: EPISODE 6, STEP 0, Fixing error 44: The name 'null' is not well formed
apr. 11, 2020 2:46:06 P.M. hvl.projectparmorel.modelrepair.QModelFixer chooseAction
INFO: Choosing optimal action
apr. 11, 2020 2:46:06 P.M. hvl.projectparmorel.modelrepair.QModelFixer handleStep
INFO: Chose action delete in context 0 with weight 0.25350866868305
apr. 11, 2020 2:46:07 P.M. hvl.projectparmorel.modelrepair.QModelFixer handleStep
INFO: Next error code: 25
apr. 11, 2020 2:46:07 P.M. hvl.projectparmorel.modelrepair.QModelFixer handleStep
INFO: Calculating new Q-value:
Old Q-value: 0.25350866868305
Alpha: 0.765
Gamma: 1.0
Reward: 0
Next optimal action Q-value: 0.021179171006944428
0.25350866868305 + 0.765 * (0 + 1.0 * 0.021179171006944428 - 0.25350866868305) = 0.07577660296082925
apr. 11, 2020 2:46:07 P.M. hvl.projectparmorel.modelrepair.QModelFixer handleStep
INFO: Updated Q-table for error 44, context 0, action 99999 delete to new weight 0.07577660296082925


apr. 11, 2020 2:46:07 P.M. hvl.projectparmorel.modelrepair.QModelFixer handleEpisode
INFO: EPISODE 6, STEP 1, Fixing error 25: A class that is an interface must also be abstract
apr. 11, 2020 2:46:07 P.M. hvl.projectparmorel.modelrepair.QModelFixer chooseAction
INFO: Choosing optimal action
apr. 11, 2020 2:46:07 P.M. hvl.projectparmorel.modelrepair.QModelFixer handleStep
INFO: Chose action setInterface in context 0 with weight 0.021179171006944428
apr. 11, 2020 2:46:07 P.M. hvl.projectparmorel.modelrepair.QModelFixer handleStep
INFO: Calculating new Q-value:
Old Q-value: 0.021179171006944428
Alpha: 0.765

Reward: 0
0.021179171006944428 + 0.765 * (0 - 0.021179171006944428) = 0.004977105186631942
apr. 11, 2020 2:46:07 P.M. hvl.projectparmorel.modelrepair.QModelFixer handleStep
INFO: Updated Q-table for error 25, context 0, action -943639423 setInterface to new weight 0.004977105186631942
apr. 11, 2020 2:46:07 P.M. hvl.projectparmorel.modelrepair.QModelFixer handleEpisode
INFO: EPISODE 6 TOTAL REWARD 0



apr. 11, 2020 2:46:07 P.M. hvl.projectparmorel.modelrepair.QModelFixer handleEpisode
INFO: EPISODE 7, STEP 0, Fixing error 44: The name 'null' is not well formed
apr. 11, 2020 2:46:07 P.M. hvl.projectparmorel.modelrepair.QModelFixer chooseAction
INFO: Choosing optimal action
apr. 11, 2020 2:46:07 P.M. hvl.projectparmorel.modelrepair.QModelFixer handleStep
INFO: Chose action delete in context 0 with weight 0.07577660296082925
apr. 11, 2020 2:46:07 P.M. hvl.projectparmorel.modelrepair.QModelFixer handleStep
INFO: Next error code: 25
apr. 11, 2020 2:46:07 P.M. hvl.projectparmorel.modelrepair.QModelFixer handleStep
INFO: Calculating new Q-value:
Old Q-value: 0.07577660296082925
Alpha: 0.7258333333333333
Gamma: 1.0
Reward: 0
Next optimal action Q-value: 0.004977105186631942
0.07577660296082925 + 0.7258333333333333 * (0 + 1.0 * 0.004977105186631942 - 0.07577660296082925) = 0.024387967493057702
apr. 11, 2020 2:46:07 P.M. hvl.projectparmorel.modelrepair.QModelFixer handleStep
INFO: Updated Q-table for error 44, context 0, action 99999 delete to new weight 0.024387967493057702


apr. 11, 2020 2:46:07 P.M. hvl.projectparmorel.modelrepair.QModelFixer handleEpisode
INFO: EPISODE 7, STEP 1, Fixing error 25: A class that is an interface must also be abstract
apr. 11, 2020 2:46:07 P.M. hvl.projectparmorel.modelrepair.QModelFixer chooseAction
INFO: Choosing random action.
apr. 11, 2020 2:46:07 P.M. hvl.projectparmorel.modelrepair.QModelFixer handleStep
INFO: Chose action setInterface in context 0 with weight 0.004977105186631942
apr. 11, 2020 2:46:07 P.M. hvl.projectparmorel.modelrepair.QModelFixer handleStep
INFO: Calculating new Q-value:
Old Q-value: 0.004977105186631942
Alpha: 0.7258333333333333

Reward: 0
0.004977105186631942 + 0.7258333333333333 * (0 - 0.004977105186631942) = 0.0013645563386682573
apr. 11, 2020 2:46:07 P.M. hvl.projectparmorel.modelrepair.QModelFixer handleStep
INFO: Updated Q-table for error 25, context 0, action -943639423 setInterface to new weight 0.0013645563386682573
apr. 11, 2020 2:46:07 P.M. hvl.projectparmorel.modelrepair.QModelFixer handleEpisode
INFO: EPISODE 7 TOTAL REWARD 0



apr. 11, 2020 2:46:07 P.M. hvl.projectparmorel.modelrepair.QModelFixer handleEpisode
INFO: EPISODE 8, STEP 0, Fixing error 44: The name 'null' is not well formed
apr. 11, 2020 2:46:07 P.M. hvl.projectparmorel.modelrepair.QModelFixer chooseAction
INFO: Choosing optimal action
apr. 11, 2020 2:46:07 P.M. hvl.projectparmorel.modelrepair.QModelFixer handleStep
INFO: Chose action delete in context 0 with weight 0.024387967493057702
apr. 11, 2020 2:46:08 P.M. hvl.projectparmorel.modelrepair.QModelFixer handleStep
INFO: Next error code: 25
apr. 11, 2020 2:46:08 P.M. hvl.projectparmorel.modelrepair.QModelFixer handleStep
INFO: Calculating new Q-value:
Old Q-value: 0.024387967493057702
Alpha: 0.6866666666666668
Gamma: 1.0
Reward: 0
Next optimal action Q-value: 0.0013645563386682573
0.024387967493057702 + 0.6866666666666668 * (0 + 1.0 * 0.0013645563386682573 - 0.024387967493057702) = 0.008578558500376948
apr. 11, 2020 2:46:08 P.M. hvl.projectparmorel.modelrepair.QModelFixer handleStep
INFO: Updated Q-table for error 44, context 0, action 99999 delete to new weight 0.008578558500376948


apr. 11, 2020 2:46:08 P.M. hvl.projectparmorel.modelrepair.QModelFixer handleEpisode
INFO: EPISODE 8, STEP 1, Fixing error 25: A class that is an interface must also be abstract
apr. 11, 2020 2:46:08 P.M. hvl.projectparmorel.modelrepair.QModelFixer chooseAction
INFO: Choosing random action.
apr. 11, 2020 2:46:08 P.M. hvl.projectparmorel.modelrepair.QModelFixer handleStep
INFO: Chose action setInterface in context 0 with weight 0.0013645563386682573
apr. 11, 2020 2:46:08 P.M. hvl.projectparmorel.modelrepair.QModelFixer handleStep
INFO: Calculating new Q-value:
Old Q-value: 0.0013645563386682573
Alpha: 0.6866666666666668

Reward: 0
0.0013645563386682573 + 0.6866666666666668 * (0 - 0.0013645563386682573) = 4.2756098611605384E-4
apr. 11, 2020 2:46:08 P.M. hvl.projectparmorel.modelrepair.QModelFixer handleStep
INFO: Updated Q-table for error 25, context 0, action -943639423 setInterface to new weight 4.2756098611605384E-4
apr. 11, 2020 2:46:08 P.M. hvl.projectparmorel.modelrepair.QModelFixer handleEpisode
INFO: EPISODE 8 TOTAL REWARD 0



apr. 11, 2020 2:46:08 P.M. hvl.projectparmorel.modelrepair.QModelFixer handleEpisode
INFO: EPISODE 9, STEP 0, Fixing error 44: The name 'null' is not well formed
apr. 11, 2020 2:46:08 P.M. hvl.projectparmorel.modelrepair.QModelFixer chooseAction
INFO: Choosing random action.
apr. 11, 2020 2:46:08 P.M. hvl.projectparmorel.modelrepair.QModelFixer handleStep
INFO: Chose action setName in context 0 with weight 1.717161490717185E-6
apr. 11, 2020 2:46:08 P.M. hvl.projectparmorel.modelrepair.QModelFixer handleStep
INFO: Next error code: 25
apr. 11, 2020 2:46:08 P.M. hvl.projectparmorel.modelrepair.QModelFixer handleStep
INFO: Calculating new Q-value:
Old Q-value: 1.717161490717185E-6
Alpha: 0.6475
Gamma: 1.0
Reward: 0
Next optimal action Q-value: 4.2756098611605384E-4
1.717161490717185E-6 + 0.6475 * (0 + 1.0 * 4.2756098611605384E-4 - 1.717161490717185E-6) = 2.7745103793562264E-4
apr. 11, 2020 2:46:08 P.M. hvl.projectparmorel.modelrepair.QModelFixer handleStep
INFO: Updated Q-table for error 44, context 0, action -801382182 setName to new weight 2.7745103793562264E-4


apr. 11, 2020 2:46:08 P.M. hvl.projectparmorel.modelrepair.QModelFixer handleEpisode
INFO: EPISODE 9, STEP 1, Fixing error 25: A class that is an interface must also be abstract
apr. 11, 2020 2:46:08 P.M. hvl.projectparmorel.modelrepair.QModelFixer chooseAction
INFO: Choosing random action.
apr. 11, 2020 2:46:08 P.M. hvl.projectparmorel.modelrepair.QModelFixer handleStep
INFO: Chose action delete in context 0 with weight 0.0
apr. 11, 2020 2:46:08 P.M. hvl.projectparmorel.modelrepair.QModelFixer handleStep
INFO: Calculating new Q-value:
Old Q-value: 0.0
Alpha: 0.6475

Reward: 0
0.0 + 0.6475 * (0 - 0.0) = 0.0
apr. 11, 2020 2:46:08 P.M. hvl.projectparmorel.modelrepair.QModelFixer handleStep
INFO: Updated Q-table for error 25, context 0, action 99999 delete to new weight 0.0
apr. 11, 2020 2:46:08 P.M. hvl.projectparmorel.modelrepair.QModelFixer handleEpisode
INFO: EPISODE 9 TOTAL REWARD 0



apr. 11, 2020 2:46:08 P.M. hvl.projectparmorel.modelrepair.QModelFixer handleEpisode
INFO: EPISODE 10, STEP 0, Fixing error 44: The name 'null' is not well formed
apr. 11, 2020 2:46:08 P.M. hvl.projectparmorel.modelrepair.QModelFixer chooseAction
INFO: Choosing optimal action
apr. 11, 2020 2:46:08 P.M. hvl.projectparmorel.modelrepair.QModelFixer handleStep
INFO: Chose action delete in context 0 with weight 0.008578558500376948
apr. 11, 2020 2:46:08 P.M. hvl.projectparmorel.modelrepair.QModelFixer handleStep
INFO: Next error code: 25
apr. 11, 2020 2:46:08 P.M. hvl.projectparmorel.modelrepair.QModelFixer handleStep
INFO: Calculating new Q-value:
Old Q-value: 0.008578558500376948
Alpha: 0.6083333333333334
Gamma: 1.0
Reward: 0
Next optimal action Q-value: 4.2756098611605384E-4
0.008578558500376948 + 0.6083333333333334 * (0 + 1.0 * 4.2756098611605384E-4 - 0.008578558500376948) = 0.0036200350125349034
apr. 11, 2020 2:46:08 P.M. hvl.projectparmorel.modelrepair.QModelFixer handleStep
INFO: Updated Q-table for error 44, context 0, action 99999 delete to new weight 0.0036200350125349034


apr. 11, 2020 2:46:08 P.M. hvl.projectparmorel.modelrepair.QModelFixer handleEpisode
INFO: EPISODE 10, STEP 1, Fixing error 25: A class that is an interface must also be abstract
apr. 11, 2020 2:46:08 P.M. hvl.projectparmorel.modelrepair.QModelFixer chooseAction
INFO: Choosing optimal action
apr. 11, 2020 2:46:08 P.M. hvl.projectparmorel.modelrepair.QModelFixer handleStep
INFO: Chose action setInterface in context 0 with weight 4.2756098611605384E-4
apr. 11, 2020 2:46:08 P.M. hvl.projectparmorel.modelrepair.QModelFixer handleStep
INFO: Calculating new Q-value:
Old Q-value: 4.2756098611605384E-4
Alpha: 0.6083333333333334

Reward: 0
4.2756098611605384E-4 + 0.6083333333333334 * (0 - 4.2756098611605384E-4) = 1.674613862287877E-4
apr. 11, 2020 2:46:08 P.M. hvl.projectparmorel.modelrepair.QModelFixer handleStep
INFO: Updated Q-table for error 25, context 0, action -943639423 setInterface to new weight 1.674613862287877E-4
apr. 11, 2020 2:46:08 P.M. hvl.projectparmorel.modelrepair.QModelFixer handleEpisode
INFO: EPISODE 10 TOTAL REWARD 0



apr. 11, 2020 2:46:08 P.M. hvl.projectparmorel.modelrepair.QModelFixer handleEpisode
INFO: EPISODE 11, STEP 0, Fixing error 44: The name 'null' is not well formed
apr. 11, 2020 2:46:08 P.M. hvl.projectparmorel.modelrepair.QModelFixer chooseAction
INFO: Choosing optimal action
apr. 11, 2020 2:46:08 P.M. hvl.projectparmorel.modelrepair.QModelFixer handleStep
INFO: Chose action delete in context 0 with weight 0.0036200350125349034
apr. 11, 2020 2:46:09 P.M. hvl.projectparmorel.modelrepair.QModelFixer handleStep
INFO: Next error code: 25
apr. 11, 2020 2:46:09 P.M. hvl.projectparmorel.modelrepair.QModelFixer handleStep
INFO: Calculating new Q-value:
Old Q-value: 0.0036200350125349034
Alpha: 0.5691666666666666
Gamma: 1.0
Reward: 0
Next optimal action Q-value: 1.674613862287877E-4
0.0036200350125349034 + 0.5691666666666666 * (0 + 1.0 * 1.674613862287877E-4 - 0.0036200350125349034) = 0.0016549451902290058
apr. 11, 2020 2:46:09 P.M. hvl.projectparmorel.modelrepair.QModelFixer handleStep
INFO: Updated Q-table for error 44, context 0, action 99999 delete to new weight 0.0016549451902290058


apr. 11, 2020 2:46:09 P.M. hvl.projectparmorel.modelrepair.QModelFixer handleEpisode
INFO: EPISODE 11, STEP 1, Fixing error 25: A class that is an interface must also be abstract
apr. 11, 2020 2:46:09 P.M. hvl.projectparmorel.modelrepair.QModelFixer chooseAction
INFO: Choosing optimal action
apr. 11, 2020 2:46:09 P.M. hvl.projectparmorel.modelrepair.QModelFixer handleStep
INFO: Chose action setInterface in context 0 with weight 1.674613862287877E-4
apr. 11, 2020 2:46:09 P.M. hvl.projectparmorel.modelrepair.QModelFixer handleStep
INFO: Calculating new Q-value:
Old Q-value: 1.674613862287877E-4
Alpha: 0.5691666666666666

Reward: 0
1.674613862287877E-4 + 0.5691666666666666 * (0 - 1.674613862287877E-4) = 7.214794723356939E-5
apr. 11, 2020 2:46:09 P.M. hvl.projectparmorel.modelrepair.QModelFixer handleStep
INFO: Updated Q-table for error 25, context 0, action -943639423 setInterface to new weight 7.214794723356939E-5
apr. 11, 2020 2:46:09 P.M. hvl.projectparmorel.modelrepair.QModelFixer handleEpisode
INFO: EPISODE 11 TOTAL REWARD 0



apr. 11, 2020 2:46:09 P.M. hvl.projectparmorel.modelrepair.QModelFixer handleEpisode
INFO: EPISODE 12, STEP 0, Fixing error 44: The name 'null' is not well formed
apr. 11, 2020 2:46:09 P.M. hvl.projectparmorel.modelrepair.QModelFixer chooseAction
INFO: Choosing optimal action
apr. 11, 2020 2:46:09 P.M. hvl.projectparmorel.modelrepair.QModelFixer handleStep
INFO: Chose action delete in context 0 with weight 0.0016549451902290058
apr. 11, 2020 2:46:09 P.M. hvl.projectparmorel.modelrepair.QModelFixer handleStep
INFO: Next error code: 25
apr. 11, 2020 2:46:09 P.M. hvl.projectparmorel.modelrepair.QModelFixer handleStep
INFO: Calculating new Q-value:
Old Q-value: 0.0016549451902290058
Alpha: 0.53
Gamma: 1.0
Reward: 0
Next optimal action Q-value: 7.214794723356939E-5
0.0016549451902290058 + 0.53 * (0 + 1.0 * 7.214794723356939E-5 - 0.0016549451902290058) = 8.160626514414245E-4
apr. 11, 2020 2:46:09 P.M. hvl.projectparmorel.modelrepair.QModelFixer handleStep
INFO: Updated Q-table for error 44, context 0, action 99999 delete to new weight 8.160626514414245E-4


apr. 11, 2020 2:46:09 P.M. hvl.projectparmorel.modelrepair.QModelFixer handleEpisode
INFO: EPISODE 12, STEP 1, Fixing error 25: A class that is an interface must also be abstract
apr. 11, 2020 2:46:09 P.M. hvl.projectparmorel.modelrepair.QModelFixer chooseAction
INFO: Choosing optimal action
apr. 11, 2020 2:46:09 P.M. hvl.projectparmorel.modelrepair.QModelFixer handleStep
INFO: Chose action setInterface in context 0 with weight 7.214794723356939E-5
apr. 11, 2020 2:46:09 P.M. hvl.projectparmorel.modelrepair.QModelFixer handleStep
INFO: Calculating new Q-value:
Old Q-value: 7.214794723356939E-5
Alpha: 0.53

Reward: 0
7.214794723356939E-5 + 0.53 * (0 - 7.214794723356939E-5) = 3.3909535199777607E-5
apr. 11, 2020 2:46:09 P.M. hvl.projectparmorel.modelrepair.QModelFixer handleStep
INFO: Updated Q-table for error 25, context 0, action -943639423 setInterface to new weight 3.3909535199777607E-5
apr. 11, 2020 2:46:09 P.M. hvl.projectparmorel.modelrepair.QModelFixer handleEpisode
INFO: EPISODE 12 TOTAL REWARD 0



apr. 11, 2020 2:46:09 P.M. hvl.projectparmorel.modelrepair.QModelFixer handleEpisode
INFO: EPISODE 13, STEP 0, Fixing error 44: The name 'null' is not well formed
apr. 11, 2020 2:46:09 P.M. hvl.projectparmorel.modelrepair.QModelFixer chooseAction
INFO: Choosing random action.
apr. 11, 2020 2:46:09 P.M. hvl.projectparmorel.modelrepair.QModelFixer handleStep
INFO: Chose action setName in context 0 with weight 2.7745103793562264E-4
apr. 11, 2020 2:46:09 P.M. hvl.projectparmorel.modelrepair.QModelFixer handleStep
INFO: Next error code: 25
apr. 11, 2020 2:46:09 P.M. hvl.projectparmorel.modelrepair.QModelFixer handleStep
INFO: Calculating new Q-value:
Old Q-value: 2.7745103793562264E-4
Alpha: 0.49083333333333334
Gamma: 1.0
Reward: 0
Next optimal action Q-value: 3.3909535199777607E-5
2.7745103793562264E-4 + 0.49083333333333334 * (0 + 1.0 * 3.3909535199777607E-5 - 2.7745103793562264E-4) = 1.579127503427787E-4
apr. 11, 2020 2:46:09 P.M. hvl.projectparmorel.modelrepair.QModelFixer handleStep
INFO: Updated Q-table for error 44, context 0, action -801382182 setName to new weight 1.579127503427787E-4


apr. 11, 2020 2:46:09 P.M. hvl.projectparmorel.modelrepair.QModelFixer handleEpisode
INFO: EPISODE 13, STEP 1, Fixing error 25: A class that is an interface must also be abstract
apr. 11, 2020 2:46:09 P.M. hvl.projectparmorel.modelrepair.QModelFixer chooseAction
INFO: Choosing optimal action
apr. 11, 2020 2:46:09 P.M. hvl.projectparmorel.modelrepair.QModelFixer handleStep
INFO: Chose action setInterface in context 0 with weight 3.3909535199777607E-5
apr. 11, 2020 2:46:09 P.M. hvl.projectparmorel.modelrepair.QModelFixer handleStep
INFO: Calculating new Q-value:
Old Q-value: 3.3909535199777607E-5
Alpha: 0.49083333333333334

Reward: 0
3.3909535199777607E-5 + 0.49083333333333334 * (0 - 3.3909535199777607E-5) = 1.7265605005886764E-5
apr. 11, 2020 2:46:09 P.M. hvl.projectparmorel.modelrepair.QModelFixer handleStep
INFO: Updated Q-table for error 25, context 0, action -943639423 setInterface to new weight 1.7265605005886764E-5
apr. 11, 2020 2:46:09 P.M. hvl.projectparmorel.modelrepair.QModelFixer handleEpisode
INFO: EPISODE 13 TOTAL REWARD 0



apr. 11, 2020 2:46:09 P.M. hvl.projectparmorel.modelrepair.QModelFixer handleEpisode
INFO: EPISODE 14, STEP 0, Fixing error 44: The name 'null' is not well formed
apr. 11, 2020 2:46:09 P.M. hvl.projectparmorel.modelrepair.QModelFixer chooseAction
INFO: Choosing optimal action
apr. 11, 2020 2:46:09 P.M. hvl.projectparmorel.modelrepair.QModelFixer handleStep
INFO: Chose action delete in context 0 with weight 8.160626514414245E-4
apr. 11, 2020 2:46:10 P.M. hvl.projectparmorel.modelrepair.QModelFixer handleStep
INFO: Next error code: 25
apr. 11, 2020 2:46:10 P.M. hvl.projectparmorel.modelrepair.QModelFixer handleStep
INFO: Calculating new Q-value:
Old Q-value: 8.160626514414245E-4
Alpha: 0.45166666666666666
Gamma: 1.0
Reward: 0
Next optimal action Q-value: 1.7265605005886764E-5
8.160626514414245E-4 + 0.45166666666666666 * (0 + 1.0 * 1.7265605005886764E-5 - 8.160626514414245E-4) = 4.552726521347066E-4
apr. 11, 2020 2:46:10 P.M. hvl.projectparmorel.modelrepair.QModelFixer handleStep
INFO: Updated Q-table for error 44, context 0, action 99999 delete to new weight 4.552726521347066E-4


apr. 11, 2020 2:46:10 P.M. hvl.projectparmorel.modelrepair.QModelFixer handleEpisode
INFO: EPISODE 14, STEP 1, Fixing error 25: A class that is an interface must also be abstract
apr. 11, 2020 2:46:10 P.M. hvl.projectparmorel.modelrepair.QModelFixer chooseAction
INFO: Choosing optimal action
apr. 11, 2020 2:46:10 P.M. hvl.projectparmorel.modelrepair.QModelFixer handleStep
INFO: Chose action setInterface in context 0 with weight 1.7265605005886764E-5
apr. 11, 2020 2:46:10 P.M. hvl.projectparmorel.modelrepair.QModelFixer handleStep
INFO: Calculating new Q-value:
Old Q-value: 1.7265605005886764E-5
Alpha: 0.45166666666666666

Reward: 0
1.7265605005886764E-5 + 0.45166666666666666 * (0 - 1.7265605005886764E-5) = 9.467306744894575E-6
apr. 11, 2020 2:46:10 P.M. hvl.projectparmorel.modelrepair.QModelFixer handleStep
INFO: Updated Q-table for error 25, context 0, action -943639423 setInterface to new weight 9.467306744894575E-6
apr. 11, 2020 2:46:10 P.M. hvl.projectparmorel.modelrepair.QModelFixer handleEpisode
INFO: EPISODE 14 TOTAL REWARD 0



apr. 11, 2020 2:46:10 P.M. hvl.projectparmorel.modelrepair.QModelFixer handleEpisode
INFO: EPISODE 15, STEP 0, Fixing error 44: The name 'null' is not well formed
apr. 11, 2020 2:46:10 P.M. hvl.projectparmorel.modelrepair.QModelFixer chooseAction
INFO: Choosing optimal action
apr. 11, 2020 2:46:10 P.M. hvl.projectparmorel.modelrepair.QModelFixer handleStep
INFO: Chose action delete in context 0 with weight 4.552726521347066E-4
apr. 11, 2020 2:46:10 P.M. hvl.projectparmorel.modelrepair.QModelFixer handleStep
INFO: Next error code: 25
apr. 11, 2020 2:46:10 P.M. hvl.projectparmorel.modelrepair.QModelFixer handleStep
INFO: Calculating new Q-value:
Old Q-value: 4.552726521347066E-4
Alpha: 0.4125
Gamma: 1.0
Reward: 0
Next optimal action Q-value: 9.467306744894575E-6
4.552726521347066E-4 + 0.4125 * (0 + 1.0 * 9.467306744894575E-6 - 4.552726521347066E-4) = 2.7137794716140915E-4
apr. 11, 2020 2:46:10 P.M. hvl.projectparmorel.modelrepair.QModelFixer handleStep
INFO: Updated Q-table for error 44, context 0, action 99999 delete to new weight 2.7137794716140915E-4


apr. 11, 2020 2:46:10 P.M. hvl.projectparmorel.modelrepair.QModelFixer handleEpisode
INFO: EPISODE 15, STEP 1, Fixing error 25: A class that is an interface must also be abstract
apr. 11, 2020 2:46:10 P.M. hvl.projectparmorel.modelrepair.QModelFixer chooseAction
INFO: Choosing optimal action
apr. 11, 2020 2:46:10 P.M. hvl.projectparmorel.modelrepair.QModelFixer handleStep
INFO: Chose action setInterface in context 0 with weight 9.467306744894575E-6
apr. 11, 2020 2:46:10 P.M. hvl.projectparmorel.modelrepair.QModelFixer handleStep
INFO: Calculating new Q-value:
Old Q-value: 9.467306744894575E-6
Alpha: 0.4125

Reward: 0
9.467306744894575E-6 + 0.4125 * (0 - 9.467306744894575E-6) = 5.562042712625563E-6
apr. 11, 2020 2:46:10 P.M. hvl.projectparmorel.modelrepair.QModelFixer handleStep
INFO: Updated Q-table for error 25, context 0, action -943639423 setInterface to new weight 5.562042712625563E-6
apr. 11, 2020 2:46:10 P.M. hvl.projectparmorel.modelrepair.QModelFixer handleEpisode
INFO: EPISODE 15 TOTAL REWARD 0



apr. 11, 2020 2:46:10 P.M. hvl.projectparmorel.modelrepair.QModelFixer handleEpisode
INFO: EPISODE 16, STEP 0, Fixing error 44: The name 'null' is not well formed
apr. 11, 2020 2:46:10 P.M. hvl.projectparmorel.modelrepair.QModelFixer chooseAction
INFO: Choosing optimal action
apr. 11, 2020 2:46:10 P.M. hvl.projectparmorel.modelrepair.QModelFixer handleStep
INFO: Chose action delete in context 0 with weight 2.7137794716140915E-4
apr. 11, 2020 2:46:11 P.M. hvl.projectparmorel.modelrepair.QModelFixer handleStep
INFO: Next error code: 25
apr. 11, 2020 2:46:11 P.M. hvl.projectparmorel.modelrepair.QModelFixer handleStep
INFO: Calculating new Q-value:
Old Q-value: 2.7137794716140915E-4
Alpha: 0.3733333333333334
Gamma: 1.0
Reward: 0
Next optimal action Q-value: 5.562042712625563E-6
2.7137794716140915E-4 + 0.3733333333333334 * (0 + 1.0 * 5.562042712625563E-6 - 2.7137794716140915E-4) = 1.721400095005299E-4
apr. 11, 2020 2:46:11 P.M. hvl.projectparmorel.modelrepair.QModelFixer handleStep
INFO: Updated Q-table for error 44, context 0, action 99999 delete to new weight 1.721400095005299E-4


apr. 11, 2020 2:46:11 P.M. hvl.projectparmorel.modelrepair.QModelFixer handleEpisode
INFO: EPISODE 16, STEP 1, Fixing error 25: A class that is an interface must also be abstract
apr. 11, 2020 2:46:11 P.M. hvl.projectparmorel.modelrepair.QModelFixer chooseAction
INFO: Choosing optimal action
apr. 11, 2020 2:46:11 P.M. hvl.projectparmorel.modelrepair.QModelFixer handleStep
INFO: Chose action setInterface in context 0 with weight 5.562042712625563E-6
apr. 11, 2020 2:46:11 P.M. hvl.projectparmorel.modelrepair.QModelFixer handleStep
INFO: Calculating new Q-value:
Old Q-value: 5.562042712625563E-6
Alpha: 0.3733333333333334

Reward: 0
5.562042712625563E-6 + 0.3733333333333334 * (0 - 5.562042712625563E-6) = 3.4855467665786857E-6
apr. 11, 2020 2:46:11 P.M. hvl.projectparmorel.modelrepair.QModelFixer handleStep
INFO: Updated Q-table for error 25, context 0, action -943639423 setInterface to new weight 3.4855467665786857E-6
apr. 11, 2020 2:46:11 P.M. hvl.projectparmorel.modelrepair.QModelFixer handleEpisode
INFO: EPISODE 16 TOTAL REWARD 0



apr. 11, 2020 2:46:11 P.M. hvl.projectparmorel.modelrepair.QModelFixer handleEpisode
INFO: EPISODE 17, STEP 0, Fixing error 44: The name 'null' is not well formed
apr. 11, 2020 2:46:11 P.M. hvl.projectparmorel.modelrepair.QModelFixer chooseAction
INFO: Choosing optimal action
apr. 11, 2020 2:46:11 P.M. hvl.projectparmorel.modelrepair.QModelFixer handleStep
INFO: Chose action delete in context 0 with weight 1.721400095005299E-4
apr. 11, 2020 2:46:11 P.M. hvl.projectparmorel.modelrepair.QModelFixer handleStep
INFO: Next error code: 25
apr. 11, 2020 2:46:11 P.M. hvl.projectparmorel.modelrepair.QModelFixer handleStep
INFO: Calculating new Q-value:
Old Q-value: 1.721400095005299E-4
Alpha: 0.3341666666666667
Gamma: 1.0
Reward: 0
Next optimal action Q-value: 3.4855467665786857E-6
1.721400095005299E-4 + 0.3341666666666667 * (0 + 1.0 * 3.4855467665786857E-6 - 1.721400095005299E-4) = 1.1578130987026787E-4
apr. 11, 2020 2:46:11 P.M. hvl.projectparmorel.modelrepair.QModelFixer handleStep
INFO: Updated Q-table for error 44, context 0, action 99999 delete to new weight 1.1578130987026787E-4


apr. 11, 2020 2:46:11 P.M. hvl.projectparmorel.modelrepair.QModelFixer handleEpisode
INFO: EPISODE 17, STEP 1, Fixing error 25: A class that is an interface must also be abstract
apr. 11, 2020 2:46:11 P.M. hvl.projectparmorel.modelrepair.QModelFixer chooseAction
INFO: Choosing random action.
apr. 11, 2020 2:46:11 P.M. hvl.projectparmorel.modelrepair.QModelFixer handleStep
INFO: Chose action setInterface in context 0 with weight 3.4855467665786857E-6
apr. 11, 2020 2:46:11 P.M. hvl.projectparmorel.modelrepair.QModelFixer handleStep
INFO: Calculating new Q-value:
Old Q-value: 3.4855467665786857E-6
Alpha: 0.3341666666666667

Reward: 0
3.4855467665786857E-6 + 0.3341666666666667 * (0 - 3.4855467665786857E-6) = 2.320793222080308E-6
apr. 11, 2020 2:46:11 P.M. hvl.projectparmorel.modelrepair.QModelFixer handleStep
INFO: Updated Q-table for error 25, context 0, action -943639423 setInterface to new weight 2.320793222080308E-6
apr. 11, 2020 2:46:11 P.M. hvl.projectparmorel.modelrepair.QModelFixer handleEpisode
INFO: EPISODE 17 TOTAL REWARD 0



apr. 11, 2020 2:46:11 P.M. hvl.projectparmorel.modelrepair.QModelFixer handleEpisode
INFO: EPISODE 18, STEP 0, Fixing error 44: The name 'null' is not well formed
apr. 11, 2020 2:46:11 P.M. hvl.projectparmorel.modelrepair.QModelFixer chooseAction
INFO: Choosing optimal action
apr. 11, 2020 2:46:11 P.M. hvl.projectparmorel.modelrepair.QModelFixer handleStep
INFO: Chose action setName in context 0 with weight 1.579127503427787E-4
apr. 11, 2020 2:46:11 P.M. hvl.projectparmorel.modelrepair.QModelFixer handleStep
INFO: Next error code: 25
apr. 11, 2020 2:46:11 P.M. hvl.projectparmorel.modelrepair.QModelFixer handleStep
INFO: Calculating new Q-value:
Old Q-value: 1.579127503427787E-4
Alpha: 0.29500000000000004
Gamma: 1.0
Reward: 0
Next optimal action Q-value: 2.320793222080308E-6
1.579127503427787E-4 + 0.29500000000000004 * (0 + 1.0 * 2.320793222080308E-6 - 1.579127503427787E-4) = 1.1201312299217267E-4
apr. 11, 2020 2:46:11 P.M. hvl.projectparmorel.modelrepair.QModelFixer handleStep
INFO: Updated Q-table for error 44, context 0, action -801382182 setName to new weight 1.1201312299217267E-4


apr. 11, 2020 2:46:11 P.M. hvl.projectparmorel.modelrepair.QModelFixer handleEpisode
INFO: EPISODE 18, STEP 1, Fixing error 25: A class that is an interface must also be abstract
apr. 11, 2020 2:46:11 P.M. hvl.projectparmorel.modelrepair.QModelFixer chooseAction
INFO: Choosing optimal action
apr. 11, 2020 2:46:11 P.M. hvl.projectparmorel.modelrepair.QModelFixer handleStep
INFO: Chose action setInterface in context 0 with weight 2.320793222080308E-6
apr. 11, 2020 2:46:11 P.M. hvl.projectparmorel.modelrepair.QModelFixer handleStep
INFO: Calculating new Q-value:
Old Q-value: 2.320793222080308E-6
Alpha: 0.29500000000000004

Reward: 0
2.320793222080308E-6 + 0.29500000000000004 * (0 - 2.320793222080308E-6) = 1.636159221566617E-6
apr. 11, 2020 2:46:11 P.M. hvl.projectparmorel.modelrepair.QModelFixer handleStep
INFO: Updated Q-table for error 25, context 0, action -943639423 setInterface to new weight 1.636159221566617E-6
apr. 11, 2020 2:46:11 P.M. hvl.projectparmorel.modelrepair.QModelFixer handleEpisode
INFO: EPISODE 18 TOTAL REWARD 0



apr. 11, 2020 2:46:11 P.M. hvl.projectparmorel.modelrepair.QModelFixer handleEpisode
INFO: EPISODE 19, STEP 0, Fixing error 44: The name 'null' is not well formed
apr. 11, 2020 2:46:11 P.M. hvl.projectparmorel.modelrepair.QModelFixer chooseAction
INFO: Choosing random action.
apr. 11, 2020 2:46:11 P.M. hvl.projectparmorel.modelrepair.QModelFixer handleStep
INFO: Chose action delete in context 0 with weight 1.1578130987026787E-4
apr. 11, 2020 2:46:12 P.M. hvl.projectparmorel.modelrepair.QModelFixer handleStep
INFO: Next error code: 25
apr. 11, 2020 2:46:12 P.M. hvl.projectparmorel.modelrepair.QModelFixer handleStep
INFO: Calculating new Q-value:
Old Q-value: 1.1578130987026787E-4
Alpha: 0.25583333333333336
Gamma: 1.0
Reward: 0
Next optimal action Q-value: 1.636159221566617E-6
1.1578130987026787E-4 + 0.25583333333333336 * (0 + 1.0 * 1.636159221566617E-6 - 1.1578130987026787E-4) = 8.657917549597513E-5
apr. 11, 2020 2:46:12 P.M. hvl.projectparmorel.modelrepair.QModelFixer handleStep
INFO: Updated Q-table for error 44, context 0, action 99999 delete to new weight 8.657917549597513E-5


apr. 11, 2020 2:46:12 P.M. hvl.projectparmorel.modelrepair.QModelFixer handleEpisode
INFO: EPISODE 19, STEP 1, Fixing error 25: A class that is an interface must also be abstract
apr. 11, 2020 2:46:12 P.M. hvl.projectparmorel.modelrepair.QModelFixer chooseAction
INFO: Choosing optimal action
apr. 11, 2020 2:46:12 P.M. hvl.projectparmorel.modelrepair.QModelFixer handleStep
INFO: Chose action setInterface in context 0 with weight 1.636159221566617E-6
apr. 11, 2020 2:46:12 P.M. hvl.projectparmorel.modelrepair.QModelFixer handleStep
INFO: Calculating new Q-value:
Old Q-value: 1.636159221566617E-6
Alpha: 0.25583333333333336

Reward: 0
1.636159221566617E-6 + 0.25583333333333336 * (0 - 1.636159221566617E-6) = 1.2175751540491574E-6
apr. 11, 2020 2:46:12 P.M. hvl.projectparmorel.modelrepair.QModelFixer handleStep
INFO: Updated Q-table for error 25, context 0, action -943639423 setInterface to new weight 1.2175751540491574E-6
apr. 11, 2020 2:46:12 P.M. hvl.projectparmorel.modelrepair.QModelFixer handleEpisode
INFO: EPISODE 19 TOTAL REWARD 0



apr. 11, 2020 2:46:12 P.M. hvl.projectparmorel.modelrepair.QModelFixer handleEpisode
INFO: EPISODE 20, STEP 0, Fixing error 44: The name 'null' is not well formed
apr. 11, 2020 2:46:12 P.M. hvl.projectparmorel.modelrepair.QModelFixer chooseAction
INFO: Choosing optimal action
apr. 11, 2020 2:46:12 P.M. hvl.projectparmorel.modelrepair.QModelFixer handleStep
INFO: Chose action setName in context 0 with weight 1.1201312299217267E-4
apr. 11, 2020 2:46:12 P.M. hvl.projectparmorel.modelrepair.QModelFixer handleStep
INFO: Next error code: 25
apr. 11, 2020 2:46:12 P.M. hvl.projectparmorel.modelrepair.QModelFixer handleStep
INFO: Calculating new Q-value:
Old Q-value: 1.1201312299217267E-4
Alpha: 0.21666666666666679
Gamma: 1.0
Reward: 0
Next optimal action Q-value: 1.2175751540491574E-6
1.1201312299217267E-4 + 0.21666666666666679 * (0 + 1.0 * 1.2175751540491574E-6 - 1.1201312299217267E-4) = 8.800742096057922E-5
apr. 11, 2020 2:46:12 P.M. hvl.projectparmorel.modelrepair.QModelFixer handleStep
INFO: Updated Q-table for error 44, context 0, action -801382182 setName to new weight 8.800742096057922E-5


apr. 11, 2020 2:46:12 P.M. hvl.projectparmorel.modelrepair.QModelFixer handleEpisode
INFO: EPISODE 20, STEP 1, Fixing error 25: A class that is an interface must also be abstract
apr. 11, 2020 2:46:12 P.M. hvl.projectparmorel.modelrepair.QModelFixer chooseAction
INFO: Choosing optimal action
apr. 11, 2020 2:46:12 P.M. hvl.projectparmorel.modelrepair.QModelFixer handleStep
INFO: Chose action setInterface in context 0 with weight 1.2175751540491574E-6
apr. 11, 2020 2:46:12 P.M. hvl.projectparmorel.modelrepair.QModelFixer handleStep
INFO: Calculating new Q-value:
Old Q-value: 1.2175751540491574E-6
Alpha: 0.21666666666666679

Reward: 0
1.2175751540491574E-6 + 0.21666666666666679 * (0 - 1.2175751540491574E-6) = 9.537672040051732E-7
apr. 11, 2020 2:46:12 P.M. hvl.projectparmorel.modelrepair.QModelFixer handleStep
INFO: Updated Q-table for error 25, context 0, action -943639423 setInterface to new weight 9.537672040051732E-7
apr. 11, 2020 2:46:12 P.M. hvl.projectparmorel.modelrepair.QModelFixer handleEpisode
INFO: EPISODE 20 TOTAL REWARD 0



apr. 11, 2020 2:46:12 P.M. hvl.projectparmorel.modelrepair.QModelFixer handleEpisode
INFO: EPISODE 21, STEP 0, Fixing error 44: The name 'null' is not well formed
apr. 11, 2020 2:46:12 P.M. hvl.projectparmorel.modelrepair.QModelFixer chooseAction
INFO: Choosing optimal action
apr. 11, 2020 2:46:12 P.M. hvl.projectparmorel.modelrepair.QModelFixer handleStep
INFO: Chose action setName in context 0 with weight 8.800742096057922E-5
apr. 11, 2020 2:46:12 P.M. hvl.projectparmorel.modelrepair.QModelFixer handleStep
INFO: Next error code: 25
apr. 11, 2020 2:46:12 P.M. hvl.projectparmorel.modelrepair.QModelFixer handleStep
INFO: Calculating new Q-value:
Old Q-value: 8.800742096057922E-5
Alpha: 0.1775000000000001
Gamma: 1.0
Reward: 0
Next optimal action Q-value: 9.537672040051732E-7
8.800742096057922E-5 + 0.1775000000000001 * (0 + 1.0 * 9.537672040051732E-7 - 8.800742096057922E-5) = 7.255539741878732E-5
apr. 11, 2020 2:46:12 P.M. hvl.projectparmorel.modelrepair.QModelFixer handleStep
INFO: Updated Q-table for error 44, context 0, action -801382182 setName to new weight 7.255539741878732E-5


apr. 11, 2020 2:46:12 P.M. hvl.projectparmorel.modelrepair.QModelFixer handleEpisode
INFO: EPISODE 21, STEP 1, Fixing error 25: A class that is an interface must also be abstract
apr. 11, 2020 2:46:12 P.M. hvl.projectparmorel.modelrepair.QModelFixer chooseAction
INFO: Choosing optimal action
apr. 11, 2020 2:46:12 P.M. hvl.projectparmorel.modelrepair.QModelFixer handleStep
INFO: Chose action setInterface in context 0 with weight 9.537672040051732E-7
apr. 11, 2020 2:46:12 P.M. hvl.projectparmorel.modelrepair.QModelFixer handleStep
INFO: Calculating new Q-value:
Old Q-value: 9.537672040051732E-7
Alpha: 0.1775000000000001

Reward: 0
9.537672040051732E-7 + 0.1775000000000001 * (0 - 9.537672040051732E-7) = 7.844735252942549E-7
apr. 11, 2020 2:46:12 P.M. hvl.projectparmorel.modelrepair.QModelFixer handleStep
INFO: Updated Q-table for error 25, context 0, action -943639423 setInterface to new weight 7.844735252942549E-7
apr. 11, 2020 2:46:12 P.M. hvl.projectparmorel.modelrepair.QModelFixer handleEpisode
INFO: EPISODE 21 TOTAL REWARD 0



apr. 11, 2020 2:46:12 P.M. hvl.projectparmorel.modelrepair.QModelFixer handleEpisode
INFO: EPISODE 22, STEP 0, Fixing error 44: The name 'null' is not well formed
apr. 11, 2020 2:46:12 P.M. hvl.projectparmorel.modelrepair.QModelFixer chooseAction
INFO: Choosing optimal action
apr. 11, 2020 2:46:12 P.M. hvl.projectparmorel.modelrepair.QModelFixer handleStep
INFO: Chose action delete in context 0 with weight 8.657917549597513E-5
apr. 11, 2020 2:46:12 P.M. hvl.projectparmorel.modelrepair.QModelFixer handleStep
INFO: Next error code: 25
apr. 11, 2020 2:46:12 P.M. hvl.projectparmorel.modelrepair.QModelFixer handleStep
INFO: Calculating new Q-value:
Old Q-value: 8.657917549597513E-5
Alpha: 0.1383333333333333
Gamma: 1.0
Reward: 0
Next optimal action Q-value: 7.844735252942549E-7
8.657917549597513E-5 + 0.1383333333333333 * (0 + 1.0 * 7.844735252942549E-7 - 8.657917549597513E-5) = 7.471090839003094E-5
apr. 11, 2020 2:46:12 P.M. hvl.projectparmorel.modelrepair.QModelFixer handleStep
INFO: Updated Q-table for error 44, context 0, action 99999 delete to new weight 7.471090839003094E-5


apr. 11, 2020 2:46:12 P.M. hvl.projectparmorel.modelrepair.QModelFixer handleEpisode
INFO: EPISODE 22, STEP 1, Fixing error 25: A class that is an interface must also be abstract
apr. 11, 2020 2:46:12 P.M. hvl.projectparmorel.modelrepair.QModelFixer chooseAction
INFO: Choosing optimal action
apr. 11, 2020 2:46:12 P.M. hvl.projectparmorel.modelrepair.QModelFixer handleStep
INFO: Chose action setInterface in context 0 with weight 7.844735252942549E-7
apr. 11, 2020 2:46:12 P.M. hvl.projectparmorel.modelrepair.QModelFixer handleStep
INFO: Calculating new Q-value:
Old Q-value: 7.844735252942549E-7
Alpha: 0.1383333333333333

Reward: 0
7.844735252942549E-7 + 0.1383333333333333 * (0 - 7.844735252942549E-7) = 6.759546876285496E-7
apr. 11, 2020 2:46:12 P.M. hvl.projectparmorel.modelrepair.QModelFixer handleStep
INFO: Updated Q-table for error 25, context 0, action -943639423 setInterface to new weight 6.759546876285496E-7
apr. 11, 2020 2:46:12 P.M. hvl.projectparmorel.modelrepair.QModelFixer handleEpisode
INFO: EPISODE 22 TOTAL REWARD 0



apr. 11, 2020 2:46:12 P.M. hvl.projectparmorel.modelrepair.QModelFixer handleEpisode
INFO: EPISODE 23, STEP 0, Fixing error 44: The name 'null' is not well formed
apr. 11, 2020 2:46:12 P.M. hvl.projectparmorel.modelrepair.QModelFixer chooseAction
INFO: Choosing random action.
apr. 11, 2020 2:46:12 P.M. hvl.projectparmorel.modelrepair.QModelFixer handleStep
INFO: Chose action setName in context 0 with weight 7.255539741878732E-5
apr. 11, 2020 2:46:12 P.M. hvl.projectparmorel.modelrepair.QModelFixer handleStep
INFO: Next error code: 25
apr. 11, 2020 2:46:12 P.M. hvl.projectparmorel.modelrepair.QModelFixer handleStep
INFO: Calculating new Q-value:
Old Q-value: 7.255539741878732E-5
Alpha: 0.09916666666666674
Gamma: 1.0
Reward: 0
Next optimal action Q-value: 6.759546876285496E-7
7.255539741878732E-5 + 0.09916666666666674 * (0 + 1.0 * 6.759546876285496E-7 - 7.255539741878732E-5) = 6.542735268128074E-5
apr. 11, 2020 2:46:12 P.M. hvl.projectparmorel.modelrepair.QModelFixer handleStep
INFO: Updated Q-table for error 44, context 0, action -801382182 setName to new weight 6.542735268128074E-5


apr. 11, 2020 2:46:12 P.M. hvl.projectparmorel.modelrepair.QModelFixer handleEpisode
INFO: EPISODE 23, STEP 1, Fixing error 25: A class that is an interface must also be abstract
apr. 11, 2020 2:46:12 P.M. hvl.projectparmorel.modelrepair.QModelFixer chooseAction
INFO: Choosing random action.
apr. 11, 2020 2:46:12 P.M. hvl.projectparmorel.modelrepair.QModelFixer handleStep
INFO: Chose action setInterface in context 0 with weight 6.759546876285496E-7
apr. 11, 2020 2:46:12 P.M. hvl.projectparmorel.modelrepair.QModelFixer handleStep
INFO: Calculating new Q-value:
Old Q-value: 6.759546876285496E-7
Alpha: 0.09916666666666674

Reward: 0
6.759546876285496E-7 + 0.09916666666666674 * (0 - 6.759546876285496E-7) = 6.089225144387184E-7
apr. 11, 2020 2:46:12 P.M. hvl.projectparmorel.modelrepair.QModelFixer handleStep
INFO: Updated Q-table for error 25, context 0, action -943639423 setInterface to new weight 6.089225144387184E-7
apr. 11, 2020 2:46:12 P.M. hvl.projectparmorel.modelrepair.QModelFixer handleEpisode
INFO: EPISODE 23 TOTAL REWARD 0



apr. 11, 2020 2:46:12 P.M. hvl.projectparmorel.modelrepair.QModelFixer handleEpisode
INFO: EPISODE 24, STEP 0, Fixing error 44: The name 'null' is not well formed
apr. 11, 2020 2:46:12 P.M. hvl.projectparmorel.modelrepair.QModelFixer chooseAction
INFO: Choosing optimal action
apr. 11, 2020 2:46:12 P.M. hvl.projectparmorel.modelrepair.QModelFixer handleStep
INFO: Chose action delete in context 0 with weight 7.471090839003094E-5
apr. 11, 2020 2:46:13 P.M. hvl.projectparmorel.modelrepair.QModelFixer handleStep
INFO: Next error code: 25
apr. 11, 2020 2:46:13 P.M. hvl.projectparmorel.modelrepair.QModelFixer handleStep
INFO: Calculating new Q-value:
Old Q-value: 7.471090839003094E-5
Alpha: 0.06000000000000005
Gamma: 1.0
Reward: 0
Next optimal action Q-value: 6.089225144387184E-7
7.471090839003094E-5 + 0.06000000000000005 * (0 + 1.0 * 6.089225144387184E-7 - 7.471090839003094E-5) = 7.02647892374954E-5
apr. 11, 2020 2:46:13 P.M. hvl.projectparmorel.modelrepair.QModelFixer handleStep
INFO: Updated Q-table for error 44, context 0, action 99999 delete to new weight 7.02647892374954E-5


apr. 11, 2020 2:46:13 P.M. hvl.projectparmorel.modelrepair.QModelFixer handleEpisode
INFO: EPISODE 24, STEP 1, Fixing error 25: A class that is an interface must also be abstract
apr. 11, 2020 2:46:13 P.M. hvl.projectparmorel.modelrepair.QModelFixer chooseAction
INFO: Choosing random action.
apr. 11, 2020 2:46:13 P.M. hvl.projectparmorel.modelrepair.QModelFixer handleStep
INFO: Chose action delete in context 0 with weight 0.0
apr. 11, 2020 2:46:13 P.M. hvl.projectparmorel.modelrepair.QModelFixer handleStep
INFO: Calculating new Q-value:
Old Q-value: 0.0
Alpha: 0.06000000000000005

Reward: 0
0.0 + 0.06000000000000005 * (0 - 0.0) = 0.0
apr. 11, 2020 2:46:13 P.M. hvl.projectparmorel.modelrepair.QModelFixer handleStep
INFO: Updated Q-table for error 25, context 0, action 99999 delete to new weight 0.0
apr. 11, 2020 2:46:13 P.M. hvl.projectparmorel.modelrepair.QModelFixer handleEpisode
INFO: EPISODE 24 TOTAL REWARD 0



apr. 11, 2020 2:46:13 P.M. hvl.projectparmorel.modelrepair.QModelFixer fixModel
INFO: Time repairing model: 10428 ms
apr. 11, 2020 2:46:13 P.M. hvl.projectparmorel.modelrepair.QModelFixer fixModel
INFO: 
-----------------ALL SEQUENCES FOUND-------------------
SIZE: 18
DISCARDED SEQUENCES: 7
--------::::B E S T   S E Q U E N C E   I S::::---------
Sequence [id=0, seq=[ErrorAction [Error: 44 The name 'null' is not well formed, Action: delete, Error hierarchy: 0]
, ErrorAction [Error: 25 A class that is an interface must also be abstract, Action: delete, Error hierarchy: 0]
], weight=0.0]

 with 2 actions.
apr. 11, 2020 2:46:13 P.M. hvl.projectparmorel.knowledge.Knowledge save
INFO: Saving initialized
apr. 11, 2020 2:46:13 P.M. hvl.projectparmorel.knowledge.Knowledge save
INFO: document prepared
apr. 11, 2020 2:46:13 P.M. hvl.projectparmorel.knowledge.Knowledge save
INFO: Saving completed to /Users/Magnus/Skole/DAT300/EclipseWorkspace2/ParmorelRunnable/knowledge.xml
apr. 11, 2020 2:46:13 P.M. hvl.projectparmorel.knowledge.Knowledge save
INFO: Saving initialized
apr. 11, 2020 2:46:13 P.M. hvl.projectparmorel.knowledge.Knowledge save
INFO: document prepared
apr. 11, 2020 2:46:13 P.M. hvl.projectparmorel.knowledge.Knowledge save
INFO: Saving completed to /Users/Magnus/Skole/DAT300/EclipseWorkspace2/ParmorelRunnable/knowledge.xml
