mai 07, 2020 4:11:27 P.M. no.hvl.projectparmorel.qlearning.QModelFixer fixModel
INFO: Repairing com.ibm.commerce.foundation.datatypes.ecore
mai 07, 2020 4:11:27 P.M. no.hvl.projectparmorel.qlearning.QModelFixer fixModel
INFO: Running with preferences [PREFER_CLOSE_DISTANCE_TO_ORIGINAL, PREFER_MAINTAINABILITY]
mai 07, 2020 4:11:27 P.M. no.hvl.projectparmorel.qlearning.QModelFixer fixModel
INFO: Initial number of errors in model: 2
Maximum number of steps per episode: 12
Errors to fix: [Error 50, message=A containment or bidirectional reference must be unique if its upper bound is different from 1 in package 0
, Error 50, message=A containment or bidirectional reference must be unique if its upper bound is different from 1 in package 0
]
mai 07, 2020 4:11:27 P.M. no.hvl.projectparmorel.qlearning.QModelFixer fixModel
INFO: Initializing Q-table for the errors.
mai 07, 2020 4:11:27 P.M. no.hvl.projectparmorel.qlearning.QModelFixer fixModel
INFO: Number of episodes: 25
mai 07, 2020 4:11:27 P.M. no.hvl.projectparmorel.qlearning.QModelFixer handleEpisode
INFO: EPISODE 0, STEP 0, Fixing error 50: A containment or bidirectional reference must be unique if its upper bound is different from 1
mai 07, 2020 4:11:27 P.M. no.hvl.projectparmorel.qlearning.QModelFixer chooseAction
INFO: Choosing optimal action
mai 07, 2020 4:11:27 P.M. no.hvl.projectparmorel.qlearning.QModelFixer handleStep
INFO: Chose action delete in context 0 with weight 685.0
mai 07, 2020 4:11:31 P.M. no.hvl.projectparmorel.qlearning.QModelFixer handleStep
INFO: Next error code: 50
mai 07, 2020 4:11:31 P.M. no.hvl.projectparmorel.qlearning.QModelFixer handleStep
INFO: Calculating new Q-value:
Old Q-value: 685.0
Alpha: 1.0
Gamma: 1.0
Reward: -2
Next optimal action Q-value: 685.0
685.0 + 1.0 * (-2 + 1.0 * 685.0 - 685.0) = 683.0
mai 07, 2020 4:11:31 P.M. no.hvl.projectparmorel.qlearning.QModelFixer handleStep
INFO: Updated Q-table for error 50, context 0, action 99999 delete to new weight 683.0


mai 07, 2020 4:11:31 P.M. no.hvl.projectparmorel.qlearning.QModelFixer handleEpisode
INFO: EPISODE 0, STEP 1, Fixing error 50: A containment or bidirectional reference must be unique if its upper bound is different from 1
mai 07, 2020 4:11:31 P.M. no.hvl.projectparmorel.qlearning.QModelFixer chooseAction
INFO: Choosing optimal action
mai 07, 2020 4:11:31 P.M. no.hvl.projectparmorel.qlearning.QModelFixer handleStep
INFO: Chose action delete in context 0 with weight 683.0
mai 07, 2020 4:11:35 P.M. no.hvl.projectparmorel.qlearning.QModelFixer updateQTable
INFO: Calculating new Q-value:
Old Q-value: 683.0
Alpha: 1.0
Gamma:1.0

Reward: -2
683.0 + 1.0 * (-2 + 1.0 - 683.0) = -1.0
mai 07, 2020 4:11:35 P.M. no.hvl.projectparmorel.qlearning.QModelFixer updateQTable
INFO: Updated Q-table for error 50, context 0, action 99999 to new weight -1.0
mai 07, 2020 4:11:36 P.M. no.hvl.projectparmorel.qlearning.ecore.EcoreSolution calculateDistanceFromOriginal
INFO: Calculated the distance between the models to 98.0
mai 07, 2020 4:11:36 P.M. no.hvl.projectparmorel.qlearning.reward.PreferCloseDinstanceToOriginalPreference rewardcalculateRewardFor
INFO: Time to measure distance: 440 ms
mai 07, 2020 4:11:36 P.M. no.hvl.projectparmorel.qlearning.QModelFixer updateQTable
INFO: Calculating new Q-value:
Old Q-value: -1.0
Alpha: 1.0
Gamma:1.0

Reward: 98
-1.0 + 1.0 * (98 + 1.0 - -1.0) = 99.0
mai 07, 2020 4:11:36 P.M. no.hvl.projectparmorel.qlearning.QModelFixer updateQTable
INFO: Updated Q-table for error 50, context 0, action 99999 to new weight 99.0
mai 07, 2020 4:11:36 P.M. no.hvl.projectparmorel.qlearning.QModelFixer updateQTable
INFO: Calculating new Q-value:
Old Q-value: 99.0
Alpha: 1.0
Gamma:1.0

Reward: 98
99.0 + 1.0 * (98 + 1.0 - 99.0) = 99.0
mai 07, 2020 4:11:36 P.M. no.hvl.projectparmorel.qlearning.QModelFixer updateQTable
INFO: Updated Q-table for error 50, context 0, action 99999 to new weight 99.0
mai 07, 2020 4:11:36 P.M. no.hvl.projectparmorel.qlearning.reward.PreferMaintainability rewardcalculateRewardFor
INFO: Maintainability of the metamodel: 29.8
Time to get metric: 420 ms
mai 07, 2020 4:11:36 P.M. no.hvl.projectparmorel.qlearning.QModelFixer fixModel
INFO: Solution added to possible solitons: [ErrorAction [Error: 50 A containment or bidirectional reference must be unique if its upper bound is different from 1, Action: delete, Error hierarchy: 0]
, ErrorAction [Error: 50 A containment or bidirectional reference must be unique if its upper bound is different from 1, Action: delete, Error hierarchy: 0]
]
mai 07, 2020 4:11:36 P.M. no.hvl.projectparmorel.qlearning.QModelFixer fixModel
INFO: EPISODE 0 TOTAL REWARD 332.0



mai 07, 2020 4:11:36 P.M. no.hvl.projectparmorel.qlearning.QModelFixer handleEpisode
INFO: EPISODE 1, STEP 0, Fixing error 50: A containment or bidirectional reference must be unique if its upper bound is different from 1
mai 07, 2020 4:11:36 P.M. no.hvl.projectparmorel.qlearning.QModelFixer chooseAction
INFO: Choosing optimal action
mai 07, 2020 4:11:36 P.M. no.hvl.projectparmorel.qlearning.QModelFixer handleStep
INFO: Chose action setContainmentGen in context 0 with weight 84.8
mai 07, 2020 4:11:36 P.M. no.hvl.projectparmorel.qlearning.QModelFixer handleStep
INFO: Next error code: 50
mai 07, 2020 4:11:36 P.M. no.hvl.projectparmorel.qlearning.QModelFixer handleStep
INFO: Calculating new Q-value:
Old Q-value: 84.8
Alpha: 1.0
Gamma: 1.0
Reward: -2
Next optimal action Q-value: 84.8
84.8 + 1.0 * (-2 + 1.0 * 84.8 - 84.8) = 82.8
mai 07, 2020 4:11:36 P.M. no.hvl.projectparmorel.qlearning.QModelFixer handleStep
INFO: Updated Q-table for error 50, context 0, action 1062131977 setContainmentGen to new weight 82.8


mai 07, 2020 4:11:36 P.M. no.hvl.projectparmorel.qlearning.QModelFixer handleEpisode
INFO: EPISODE 1, STEP 1, Fixing error 50: A containment or bidirectional reference must be unique if its upper bound is different from 1
mai 07, 2020 4:11:36 P.M. no.hvl.projectparmorel.qlearning.QModelFixer chooseAction
INFO: Choosing optimal action
mai 07, 2020 4:11:36 P.M. no.hvl.projectparmorel.qlearning.QModelFixer handleStep
INFO: Chose action setUpperBound in context 0 with weight 84.8
mai 07, 2020 4:11:36 P.M. no.hvl.projectparmorel.qlearning.QModelFixer updateQTable
INFO: Calculating new Q-value:
Old Q-value: 84.8
Alpha: 1.0
Gamma:1.0

Reward: -2
84.8 + 1.0 * (-2 + 1.0 - 84.8) = -1.0
mai 07, 2020 4:11:36 P.M. no.hvl.projectparmorel.qlearning.QModelFixer updateQTable
INFO: Updated Q-table for error 50, context 0, action -969028598 to new weight -1.0
mai 07, 2020 4:11:36 P.M. no.hvl.projectparmorel.qlearning.ecore.EcoreSolution calculateDistanceFromOriginal
INFO: Calculated the distance between the models to 98.0
mai 07, 2020 4:11:36 P.M. no.hvl.projectparmorel.qlearning.reward.PreferCloseDinstanceToOriginalPreference rewardcalculateRewardFor
INFO: Time to measure distance: 333 ms
mai 07, 2020 4:11:36 P.M. no.hvl.projectparmorel.qlearning.QModelFixer updateQTable
INFO: Calculating new Q-value:
Old Q-value: 82.8
Alpha: 1.0
Gamma:1.0

Reward: 98
82.8 + 1.0 * (98 + 1.0 - 82.8) = 99.0
mai 07, 2020 4:11:36 P.M. no.hvl.projectparmorel.qlearning.QModelFixer updateQTable
INFO: Updated Q-table for error 50, context 0, action 1062131977 to new weight 99.0
mai 07, 2020 4:11:36 P.M. no.hvl.projectparmorel.qlearning.QModelFixer updateQTable
INFO: Calculating new Q-value:
Old Q-value: -1.0
Alpha: 1.0
Gamma:1.0

Reward: 98
-1.0 + 1.0 * (98 + 1.0 - -1.0) = 99.0
mai 07, 2020 4:11:36 P.M. no.hvl.projectparmorel.qlearning.QModelFixer updateQTable
INFO: Updated Q-table for error 50, context 0, action -969028598 to new weight 99.0
mai 07, 2020 4:11:37 P.M. no.hvl.projectparmorel.qlearning.reward.PreferMaintainability rewardcalculateRewardFor
INFO: Maintainability of the metamodel: 30.2
Time to get metric: 430 ms
mai 07, 2020 4:11:37 P.M. no.hvl.projectparmorel.qlearning.QModelFixer fixModel
INFO: Solution added to possible solitons: [ErrorAction [Error: 50 A containment or bidirectional reference must be unique if its upper bound is different from 1, Action: setContainmentGen, Error hierarchy: 0]
, ErrorAction [Error: 50 A containment or bidirectional reference must be unique if its upper bound is different from 1, Action: setUpperBound, Error hierarchy: 0]
]
mai 07, 2020 4:11:37 P.M. no.hvl.projectparmorel.qlearning.QModelFixer fixModel
INFO: EPISODE 1 TOTAL REWARD 331.0



mai 07, 2020 4:11:37 P.M. no.hvl.projectparmorel.qlearning.QModelFixer handleEpisode
INFO: EPISODE 2, STEP 0, Fixing error 50: A containment or bidirectional reference must be unique if its upper bound is different from 1
mai 07, 2020 4:11:37 P.M. no.hvl.projectparmorel.qlearning.QModelFixer chooseAction
INFO: Choosing random action.
mai 07, 2020 4:11:37 P.M. no.hvl.projectparmorel.qlearning.QModelFixer handleStep
INFO: Chose action setContainment in context 0 with weight 84.8
mai 07, 2020 4:11:37 P.M. no.hvl.projectparmorel.qlearning.QModelFixer handleStep
INFO: Next error code: 50
mai 07, 2020 4:11:37 P.M. no.hvl.projectparmorel.qlearning.QModelFixer handleStep
INFO: Calculating new Q-value:
Old Q-value: 84.8
Alpha: 1.0
Gamma: 1.0
Reward: -2
Next optimal action Q-value: 84.8
84.8 + 1.0 * (-2 + 1.0 * 84.8 - 84.8) = 82.8
mai 07, 2020 4:11:37 P.M. no.hvl.projectparmorel.qlearning.QModelFixer handleStep
INFO: Updated Q-table for error 50, context 0, action 951444921 setContainment to new weight 82.8


mai 07, 2020 4:11:37 P.M. no.hvl.projectparmorel.qlearning.QModelFixer handleEpisode
INFO: EPISODE 2, STEP 1, Fixing error 50: A containment or bidirectional reference must be unique if its upper bound is different from 1
mai 07, 2020 4:11:37 P.M. no.hvl.projectparmorel.qlearning.QModelFixer chooseAction
INFO: Choosing optimal action
mai 07, 2020 4:11:37 P.M. no.hvl.projectparmorel.qlearning.QModelFixer handleStep
INFO: Chose action setContainment in context 0 with weight 82.8
mai 07, 2020 4:11:37 P.M. no.hvl.projectparmorel.qlearning.QModelFixer updateQTable
INFO: Calculating new Q-value:
Old Q-value: 82.8
Alpha: 1.0
Gamma:1.0

Reward: -2
82.8 + 1.0 * (-2 + 1.0 - 82.8) = -1.0
mai 07, 2020 4:11:37 P.M. no.hvl.projectparmorel.qlearning.QModelFixer updateQTable
INFO: Updated Q-table for error 50, context 0, action 951444921 to new weight -1.0
mai 07, 2020 4:11:37 P.M. no.hvl.projectparmorel.qlearning.ecore.EcoreSolution calculateDistanceFromOriginal
INFO: Calculated the distance between the models to 98.0
mai 07, 2020 4:11:37 P.M. no.hvl.projectparmorel.qlearning.reward.PreferCloseDinstanceToOriginalPreference rewardcalculateRewardFor
INFO: Time to measure distance: 446 ms
mai 07, 2020 4:11:37 P.M. no.hvl.projectparmorel.qlearning.QModelFixer updateQTable
INFO: Calculating new Q-value:
Old Q-value: -1.0
Alpha: 1.0
Gamma:1.0

Reward: 98
-1.0 + 1.0 * (98 + 1.0 - -1.0) = 99.0
mai 07, 2020 4:11:37 P.M. no.hvl.projectparmorel.qlearning.QModelFixer updateQTable
INFO: Updated Q-table for error 50, context 0, action 951444921 to new weight 99.0
mai 07, 2020 4:11:37 P.M. no.hvl.projectparmorel.qlearning.QModelFixer updateQTable
INFO: Calculating new Q-value:
Old Q-value: 99.0
Alpha: 1.0
Gamma:1.0

Reward: 98
99.0 + 1.0 * (98 + 1.0 - 99.0) = 99.0
mai 07, 2020 4:11:37 P.M. no.hvl.projectparmorel.qlearning.QModelFixer updateQTable
INFO: Updated Q-table for error 50, context 0, action 951444921 to new weight 99.0
mai 07, 2020 4:11:38 P.M. no.hvl.projectparmorel.qlearning.reward.PreferMaintainability rewardcalculateRewardFor
INFO: Maintainability of the metamodel: 30.2
Time to get metric: 437 ms
mai 07, 2020 4:11:38 P.M. no.hvl.projectparmorel.qlearning.QModelFixer fixModel
INFO: Solution added to possible solitons: [ErrorAction [Error: 50 A containment or bidirectional reference must be unique if its upper bound is different from 1, Action: setContainment, Error hierarchy: 0]
, ErrorAction [Error: 50 A containment or bidirectional reference must be unique if its upper bound is different from 1, Action: setContainment, Error hierarchy: 0]
]
mai 07, 2020 4:11:38 P.M. no.hvl.projectparmorel.qlearning.QModelFixer fixModel
INFO: EPISODE 2 TOTAL REWARD 331.0



mai 07, 2020 4:11:38 P.M. no.hvl.projectparmorel.qlearning.QModelFixer handleEpisode
INFO: EPISODE 3, STEP 0, Fixing error 50: A containment or bidirectional reference must be unique if its upper bound is different from 1
mai 07, 2020 4:11:38 P.M. no.hvl.projectparmorel.qlearning.QModelFixer chooseAction
INFO: Choosing optimal action
mai 07, 2020 4:11:38 P.M. no.hvl.projectparmorel.qlearning.QModelFixer handleStep
INFO: Chose action delete in context 0 with weight 70.2
mai 07, 2020 4:11:42 P.M. no.hvl.projectparmorel.qlearning.QModelFixer handleStep
INFO: Next error code: 50
mai 07, 2020 4:11:42 P.M. no.hvl.projectparmorel.qlearning.QModelFixer handleStep
INFO: Calculating new Q-value:
Old Q-value: 70.2
Alpha: 1.0
Gamma: 1.0
Reward: -2
Next optimal action Q-value: 70.2
70.2 + 1.0 * (-2 + 1.0 * 70.2 - 70.2) = 68.2
mai 07, 2020 4:11:42 P.M. no.hvl.projectparmorel.qlearning.QModelFixer handleStep
INFO: Updated Q-table for error 50, context 0, action 99999 delete to new weight 68.2


mai 07, 2020 4:11:42 P.M. no.hvl.projectparmorel.qlearning.QModelFixer handleEpisode
INFO: EPISODE 3, STEP 1, Fixing error 50: A containment or bidirectional reference must be unique if its upper bound is different from 1
mai 07, 2020 4:11:42 P.M. no.hvl.projectparmorel.qlearning.QModelFixer chooseAction
INFO: Choosing optimal action
mai 07, 2020 4:11:42 P.M. no.hvl.projectparmorel.qlearning.QModelFixer handleStep
INFO: Chose action setContainmentGen in context 0 with weight 69.8
mai 07, 2020 4:11:42 P.M. no.hvl.projectparmorel.qlearning.QModelFixer updateQTable
INFO: Calculating new Q-value:
Old Q-value: 69.8
Alpha: 1.0
Gamma:1.0

Reward: -2
69.8 + 1.0 * (-2 + 1.0 - 69.8) = -1.0
mai 07, 2020 4:11:42 P.M. no.hvl.projectparmorel.qlearning.QModelFixer updateQTable
INFO: Updated Q-table for error 50, context 0, action 1062131977 to new weight -1.0
mai 07, 2020 4:11:42 P.M. no.hvl.projectparmorel.qlearning.ecore.EcoreSolution calculateDistanceFromOriginal
INFO: Calculated the distance between the models to 98.0
mai 07, 2020 4:11:42 P.M. no.hvl.projectparmorel.qlearning.reward.PreferCloseDinstanceToOriginalPreference rewardcalculateRewardFor
INFO: Time to measure distance: 443 ms
mai 07, 2020 4:11:42 P.M. no.hvl.projectparmorel.qlearning.QModelFixer updateQTable
INFO: Calculating new Q-value:
Old Q-value: 68.2
Alpha: 1.0
Gamma:1.0

Reward: 98
68.2 + 1.0 * (98 + 1.0 - 68.2) = 99.0
mai 07, 2020 4:11:42 P.M. no.hvl.projectparmorel.qlearning.QModelFixer updateQTable
INFO: Updated Q-table for error 50, context 0, action 99999 to new weight 99.0
mai 07, 2020 4:11:42 P.M. no.hvl.projectparmorel.qlearning.QModelFixer updateQTable
INFO: Calculating new Q-value:
Old Q-value: -1.0
Alpha: 1.0
Gamma:1.0

Reward: 98
-1.0 + 1.0 * (98 + 1.0 - -1.0) = 99.0
mai 07, 2020 4:11:42 P.M. no.hvl.projectparmorel.qlearning.QModelFixer updateQTable
INFO: Updated Q-table for error 50, context 0, action 1062131977 to new weight 99.0
mai 07, 2020 4:11:43 P.M. no.hvl.projectparmorel.qlearning.reward.PreferMaintainability rewardcalculateRewardFor
INFO: Maintainability of the metamodel: 30.0
Time to get metric: 439 ms
mai 07, 2020 4:11:43 P.M. no.hvl.projectparmorel.qlearning.QModelFixer fixModel
INFO: Solution added to possible solitons: [ErrorAction [Error: 50 A containment or bidirectional reference must be unique if its upper bound is different from 1, Action: delete, Error hierarchy: 0]
, ErrorAction [Error: 50 A containment or bidirectional reference must be unique if its upper bound is different from 1, Action: setContainmentGen, Error hierarchy: 0]
]
mai 07, 2020 4:11:43 P.M. no.hvl.projectparmorel.qlearning.QModelFixer fixModel
INFO: EPISODE 3 TOTAL REWARD 332.0



mai 07, 2020 4:11:43 P.M. no.hvl.projectparmorel.qlearning.QModelFixer handleEpisode
INFO: EPISODE 4, STEP 0, Fixing error 50: A containment or bidirectional reference must be unique if its upper bound is different from 1
mai 07, 2020 4:11:43 P.M. no.hvl.projectparmorel.qlearning.QModelFixer chooseAction
INFO: Choosing optimal action
mai 07, 2020 4:11:43 P.M. no.hvl.projectparmorel.qlearning.QModelFixer handleStep
INFO: Chose action setContainmentGen in context 0 with weight 70.0
mai 07, 2020 4:11:43 P.M. no.hvl.projectparmorel.qlearning.QModelFixer handleStep
INFO: Next error code: 50
mai 07, 2020 4:11:43 P.M. no.hvl.projectparmorel.qlearning.QModelFixer handleStep
INFO: Calculating new Q-value:
Old Q-value: 70.0
Alpha: 1.0
Gamma: 1.0
Reward: -2
Next optimal action Q-value: 70.0
70.0 + 1.0 * (-2 + 1.0 * 70.0 - 70.0) = 68.0
mai 07, 2020 4:11:43 P.M. no.hvl.projectparmorel.qlearning.QModelFixer handleStep
INFO: Updated Q-table for error 50, context 0, action 1062131977 setContainmentGen to new weight 68.0


mai 07, 2020 4:11:43 P.M. no.hvl.projectparmorel.qlearning.QModelFixer handleEpisode
INFO: EPISODE 4, STEP 1, Fixing error 50: A containment or bidirectional reference must be unique if its upper bound is different from 1
mai 07, 2020 4:11:43 P.M. no.hvl.projectparmorel.qlearning.QModelFixer chooseAction
INFO: Choosing optimal action
mai 07, 2020 4:11:43 P.M. no.hvl.projectparmorel.qlearning.QModelFixer handleStep
INFO: Chose action delete in context 0 with weight 70.0
mai 07, 2020 4:11:46 P.M. no.hvl.projectparmorel.qlearning.QModelFixer updateQTable
INFO: Calculating new Q-value:
Old Q-value: 70.0
Alpha: 1.0
Gamma:1.0

Reward: -2
70.0 + 1.0 * (-2 + 1.0 - 70.0) = -1.0
mai 07, 2020 4:11:46 P.M. no.hvl.projectparmorel.qlearning.QModelFixer updateQTable
INFO: Updated Q-table for error 50, context 0, action 99999 to new weight -1.0
mai 07, 2020 4:11:47 P.M. no.hvl.projectparmorel.qlearning.ecore.EcoreSolution calculateDistanceFromOriginal
INFO: Calculated the distance between the models to 98.0
mai 07, 2020 4:11:47 P.M. no.hvl.projectparmorel.qlearning.reward.PreferCloseDinstanceToOriginalPreference rewardcalculateRewardFor
INFO: Time to measure distance: 441 ms
mai 07, 2020 4:11:47 P.M. no.hvl.projectparmorel.qlearning.QModelFixer updateQTable
INFO: Calculating new Q-value:
Old Q-value: 68.0
Alpha: 1.0
Gamma:1.0

Reward: 98
68.0 + 1.0 * (98 + 1.0 - 68.0) = 99.0
mai 07, 2020 4:11:47 P.M. no.hvl.projectparmorel.qlearning.QModelFixer updateQTable
INFO: Updated Q-table for error 50, context 0, action 1062131977 to new weight 99.0
mai 07, 2020 4:11:47 P.M. no.hvl.projectparmorel.qlearning.QModelFixer updateQTable
INFO: Calculating new Q-value:
Old Q-value: -1.0
Alpha: 1.0
Gamma:1.0

Reward: 98
-1.0 + 1.0 * (98 + 1.0 - -1.0) = 99.0
mai 07, 2020 4:11:47 P.M. no.hvl.projectparmorel.qlearning.QModelFixer updateQTable
INFO: Updated Q-table for error 50, context 0, action 99999 to new weight 99.0
mai 07, 2020 4:11:47 P.M. no.hvl.projectparmorel.qlearning.reward.PreferMaintainability rewardcalculateRewardFor
INFO: Maintainability of the metamodel: 30.0
Time to get metric: 425 ms
mai 07, 2020 4:11:47 P.M. no.hvl.projectparmorel.qlearning.QModelFixer fixModel
INFO: Solution added to possible solitons: [ErrorAction [Error: 50 A containment or bidirectional reference must be unique if its upper bound is different from 1, Action: setContainmentGen, Error hierarchy: 0]
, ErrorAction [Error: 50 A containment or bidirectional reference must be unique if its upper bound is different from 1, Action: delete, Error hierarchy: 0]
]
mai 07, 2020 4:11:47 P.M. no.hvl.projectparmorel.qlearning.QModelFixer fixModel
INFO: EPISODE 4 TOTAL REWARD 332.0



mai 07, 2020 4:11:47 P.M. no.hvl.projectparmorel.qlearning.QModelFixer handleEpisode
INFO: EPISODE 5, STEP 0, Fixing error 50: A containment or bidirectional reference must be unique if its upper bound is different from 1
mai 07, 2020 4:11:47 P.M. no.hvl.projectparmorel.qlearning.QModelFixer chooseAction
INFO: Choosing optimal action
mai 07, 2020 4:11:47 P.M. no.hvl.projectparmorel.qlearning.QModelFixer handleStep
INFO: Chose action setContainmentGen in context 0 with weight 70.0
mai 07, 2020 4:11:47 P.M. no.hvl.projectparmorel.qlearning.QModelFixer handleStep
INFO: Next error code: 50
mai 07, 2020 4:11:47 P.M. no.hvl.projectparmorel.qlearning.QModelFixer handleStep
INFO: Calculating new Q-value:
Old Q-value: 70.0
Alpha: 1.0
Gamma: 1.0
Reward: -2
Next optimal action Q-value: 70.0
70.0 + 1.0 * (-2 + 1.0 * 70.0 - 70.0) = 68.0
mai 07, 2020 4:11:47 P.M. no.hvl.projectparmorel.qlearning.QModelFixer handleStep
INFO: Updated Q-table for error 50, context 0, action 1062131977 setContainmentGen to new weight 68.0


mai 07, 2020 4:11:47 P.M. no.hvl.projectparmorel.qlearning.QModelFixer handleEpisode
INFO: EPISODE 5, STEP 1, Fixing error 50: A containment or bidirectional reference must be unique if its upper bound is different from 1
mai 07, 2020 4:11:47 P.M. no.hvl.projectparmorel.qlearning.QModelFixer chooseAction
INFO: Choosing optimal action
mai 07, 2020 4:11:47 P.M. no.hvl.projectparmorel.qlearning.QModelFixer handleStep
INFO: Chose action delete in context 0 with weight 70.0
mai 07, 2020 4:11:51 P.M. no.hvl.projectparmorel.qlearning.QModelFixer updateQTable
INFO: Calculating new Q-value:
Old Q-value: 70.0
Alpha: 1.0
Gamma:1.0

Reward: -2
70.0 + 1.0 * (-2 + 1.0 - 70.0) = -1.0
mai 07, 2020 4:11:51 P.M. no.hvl.projectparmorel.qlearning.QModelFixer updateQTable
INFO: Updated Q-table for error 50, context 0, action 99999 to new weight -1.0
mai 07, 2020 4:11:52 P.M. no.hvl.projectparmorel.qlearning.ecore.EcoreSolution calculateDistanceFromOriginal
INFO: Calculated the distance between the models to 98.0
mai 07, 2020 4:11:52 P.M. no.hvl.projectparmorel.qlearning.reward.PreferCloseDinstanceToOriginalPreference rewardcalculateRewardFor
INFO: Time to measure distance: 412 ms
mai 07, 2020 4:11:52 P.M. no.hvl.projectparmorel.qlearning.QModelFixer updateQTable
INFO: Calculating new Q-value:
Old Q-value: 68.0
Alpha: 1.0
Gamma:1.0

Reward: 98
68.0 + 1.0 * (98 + 1.0 - 68.0) = 99.0
mai 07, 2020 4:11:52 P.M. no.hvl.projectparmorel.qlearning.QModelFixer updateQTable
INFO: Updated Q-table for error 50, context 0, action 1062131977 to new weight 99.0
mai 07, 2020 4:11:52 P.M. no.hvl.projectparmorel.qlearning.QModelFixer updateQTable
INFO: Calculating new Q-value:
Old Q-value: -1.0
Alpha: 1.0
Gamma:1.0

Reward: 98
-1.0 + 1.0 * (98 + 1.0 - -1.0) = 99.0
mai 07, 2020 4:11:52 P.M. no.hvl.projectparmorel.qlearning.QModelFixer updateQTable
INFO: Updated Q-table for error 50, context 0, action 99999 to new weight 99.0
mai 07, 2020 4:11:52 P.M. no.hvl.projectparmorel.qlearning.reward.PreferMaintainability rewardcalculateRewardFor
INFO: Maintainability of the metamodel: 30.0
Time to get metric: 412 ms
mai 07, 2020 4:11:52 P.M. no.hvl.projectparmorel.qlearning.QModelFixer isUnique
INFO: Solution [ErrorAction [Error: 50 A containment or bidirectional reference must be unique if its upper bound is different from 1, Action: setContainmentGen, Error hierarchy: 0]
, ErrorAction [Error: 50 A containment or bidirectional reference must be unique if its upper bound is different from 1, Action: delete, Error hierarchy: 0]
] already exists.
mai 07, 2020 4:11:52 P.M. no.hvl.projectparmorel.qlearning.QModelFixer fixModel
INFO: Solution discarded.
mai 07, 2020 4:11:52 P.M. no.hvl.projectparmorel.qlearning.QModelFixer fixModel
INFO: EPISODE 5 TOTAL REWARD 332.0



mai 07, 2020 4:11:52 P.M. no.hvl.projectparmorel.qlearning.QModelFixer handleEpisode
INFO: EPISODE 6, STEP 0, Fixing error 50: A containment or bidirectional reference must be unique if its upper bound is different from 1
mai 07, 2020 4:11:52 P.M. no.hvl.projectparmorel.qlearning.QModelFixer chooseAction
INFO: Choosing optimal action
mai 07, 2020 4:11:52 P.M. no.hvl.projectparmorel.qlearning.QModelFixer handleStep
INFO: Chose action setContainmentGen in context 0 with weight 70.0
mai 07, 2020 4:11:52 P.M. no.hvl.projectparmorel.qlearning.QModelFixer handleStep
INFO: Next error code: 50
mai 07, 2020 4:11:52 P.M. no.hvl.projectparmorel.qlearning.QModelFixer handleStep
INFO: Calculating new Q-value:
Old Q-value: 70.0
Alpha: 1.0
Gamma: 1.0
Reward: -2
Next optimal action Q-value: 70.0
70.0 + 1.0 * (-2 + 1.0 * 70.0 - 70.0) = 68.0
mai 07, 2020 4:11:52 P.M. no.hvl.projectparmorel.qlearning.QModelFixer handleStep
INFO: Updated Q-table for error 50, context 0, action 1062131977 setContainmentGen to new weight 68.0


mai 07, 2020 4:11:52 P.M. no.hvl.projectparmorel.qlearning.QModelFixer handleEpisode
INFO: EPISODE 6, STEP 1, Fixing error 50: A containment or bidirectional reference must be unique if its upper bound is different from 1
mai 07, 2020 4:11:52 P.M. no.hvl.projectparmorel.qlearning.QModelFixer chooseAction
INFO: Choosing optimal action
mai 07, 2020 4:11:52 P.M. no.hvl.projectparmorel.qlearning.QModelFixer handleStep
INFO: Chose action delete in context 0 with weight 70.0
mai 07, 2020 4:11:56 P.M. no.hvl.projectparmorel.qlearning.QModelFixer updateQTable
INFO: Calculating new Q-value:
Old Q-value: 70.0
Alpha: 1.0
Gamma:1.0

Reward: -2
70.0 + 1.0 * (-2 + 1.0 - 70.0) = -1.0
mai 07, 2020 4:11:56 P.M. no.hvl.projectparmorel.qlearning.QModelFixer updateQTable
INFO: Updated Q-table for error 50, context 0, action 99999 to new weight -1.0
mai 07, 2020 4:11:56 P.M. no.hvl.projectparmorel.qlearning.ecore.EcoreSolution calculateDistanceFromOriginal
INFO: Calculated the distance between the models to 98.0
mai 07, 2020 4:11:56 P.M. no.hvl.projectparmorel.qlearning.reward.PreferCloseDinstanceToOriginalPreference rewardcalculateRewardFor
INFO: Time to measure distance: 362 ms
mai 07, 2020 4:11:56 P.M. no.hvl.projectparmorel.qlearning.QModelFixer updateQTable
INFO: Calculating new Q-value:
Old Q-value: 68.0
Alpha: 1.0
Gamma:1.0

Reward: 98
68.0 + 1.0 * (98 + 1.0 - 68.0) = 99.0
mai 07, 2020 4:11:56 P.M. no.hvl.projectparmorel.qlearning.QModelFixer updateQTable
INFO: Updated Q-table for error 50, context 0, action 1062131977 to new weight 99.0
mai 07, 2020 4:11:56 P.M. no.hvl.projectparmorel.qlearning.QModelFixer updateQTable
INFO: Calculating new Q-value:
Old Q-value: -1.0
Alpha: 1.0
Gamma:1.0

Reward: 98
-1.0 + 1.0 * (98 + 1.0 - -1.0) = 99.0
mai 07, 2020 4:11:56 P.M. no.hvl.projectparmorel.qlearning.QModelFixer updateQTable
INFO: Updated Q-table for error 50, context 0, action 99999 to new weight 99.0
mai 07, 2020 4:11:57 P.M. no.hvl.projectparmorel.qlearning.reward.PreferMaintainability rewardcalculateRewardFor
INFO: Maintainability of the metamodel: 30.0
Time to get metric: 424 ms
mai 07, 2020 4:11:57 P.M. no.hvl.projectparmorel.qlearning.QModelFixer isUnique
INFO: Solution [ErrorAction [Error: 50 A containment or bidirectional reference must be unique if its upper bound is different from 1, Action: setContainmentGen, Error hierarchy: 0]
, ErrorAction [Error: 50 A containment or bidirectional reference must be unique if its upper bound is different from 1, Action: delete, Error hierarchy: 0]
] already exists.
mai 07, 2020 4:11:57 P.M. no.hvl.projectparmorel.qlearning.QModelFixer fixModel
INFO: Solution discarded.
mai 07, 2020 4:11:57 P.M. no.hvl.projectparmorel.qlearning.QModelFixer fixModel
INFO: EPISODE 6 TOTAL REWARD 332.0



mai 07, 2020 4:11:57 P.M. no.hvl.projectparmorel.qlearning.QModelFixer handleEpisode
INFO: EPISODE 7, STEP 0, Fixing error 50: A containment or bidirectional reference must be unique if its upper bound is different from 1
mai 07, 2020 4:11:57 P.M. no.hvl.projectparmorel.qlearning.QModelFixer chooseAction
INFO: Choosing random action.
mai 07, 2020 4:11:57 P.M. no.hvl.projectparmorel.qlearning.QModelFixer handleStep
INFO: Chose action delete in context 0 with weight 70.0
mai 07, 2020 4:12:01 P.M. no.hvl.projectparmorel.qlearning.QModelFixer handleStep
INFO: Next error code: 50
mai 07, 2020 4:12:01 P.M. no.hvl.projectparmorel.qlearning.QModelFixer handleStep
INFO: Calculating new Q-value:
Old Q-value: 70.0
Alpha: 1.0
Gamma: 1.0
Reward: -2
Next optimal action Q-value: 70.0
70.0 + 1.0 * (-2 + 1.0 * 70.0 - 70.0) = 68.0
mai 07, 2020 4:12:01 P.M. no.hvl.projectparmorel.qlearning.QModelFixer handleStep
INFO: Updated Q-table for error 50, context 0, action 99999 delete to new weight 68.0


mai 07, 2020 4:12:01 P.M. no.hvl.projectparmorel.qlearning.QModelFixer handleEpisode
INFO: EPISODE 7, STEP 1, Fixing error 50: A containment or bidirectional reference must be unique if its upper bound is different from 1
mai 07, 2020 4:12:01 P.M. no.hvl.projectparmorel.qlearning.QModelFixer chooseAction
INFO: Choosing random action.
mai 07, 2020 4:12:01 P.M. no.hvl.projectparmorel.qlearning.QModelFixer handleStep
INFO: Chose action setUpperBound in context 0 with weight 69.8
mai 07, 2020 4:12:01 P.M. no.hvl.projectparmorel.qlearning.QModelFixer updateQTable
INFO: Calculating new Q-value:
Old Q-value: 69.8
Alpha: 1.0
Gamma:1.0

Reward: -2
69.8 + 1.0 * (-2 + 1.0 - 69.8) = -1.0
mai 07, 2020 4:12:01 P.M. no.hvl.projectparmorel.qlearning.QModelFixer updateQTable
INFO: Updated Q-table for error 50, context 0, action -969028598 to new weight -1.0
mai 07, 2020 4:12:01 P.M. no.hvl.projectparmorel.qlearning.ecore.EcoreSolution calculateDistanceFromOriginal
INFO: Calculated the distance between the models to 98.0
mai 07, 2020 4:12:01 P.M. no.hvl.projectparmorel.qlearning.reward.PreferCloseDinstanceToOriginalPreference rewardcalculateRewardFor
INFO: Time to measure distance: 334 ms
mai 07, 2020 4:12:01 P.M. no.hvl.projectparmorel.qlearning.QModelFixer updateQTable
INFO: Calculating new Q-value:
Old Q-value: 68.0
Alpha: 1.0
Gamma:1.0

Reward: 98
68.0 + 1.0 * (98 + 1.0 - 68.0) = 99.0
mai 07, 2020 4:12:01 P.M. no.hvl.projectparmorel.qlearning.QModelFixer updateQTable
INFO: Updated Q-table for error 50, context 0, action 99999 to new weight 99.0
mai 07, 2020 4:12:01 P.M. no.hvl.projectparmorel.qlearning.QModelFixer updateQTable
INFO: Calculating new Q-value:
Old Q-value: -1.0
Alpha: 1.0
Gamma:1.0

Reward: 98
-1.0 + 1.0 * (98 + 1.0 - -1.0) = 99.0
mai 07, 2020 4:12:01 P.M. no.hvl.projectparmorel.qlearning.QModelFixer updateQTable
INFO: Updated Q-table for error 50, context 0, action -969028598 to new weight 99.0
mai 07, 2020 4:12:01 P.M. no.hvl.projectparmorel.qlearning.reward.PreferMaintainability rewardcalculateRewardFor
INFO: Maintainability of the metamodel: 30.0
Time to get metric: 433 ms
mai 07, 2020 4:12:01 P.M. no.hvl.projectparmorel.qlearning.QModelFixer fixModel
INFO: Solution added to possible solitons: [ErrorAction [Error: 50 A containment or bidirectional reference must be unique if its upper bound is different from 1, Action: delete, Error hierarchy: 0]
, ErrorAction [Error: 50 A containment or bidirectional reference must be unique if its upper bound is different from 1, Action: setUpperBound, Error hierarchy: 0]
]
mai 07, 2020 4:12:01 P.M. no.hvl.projectparmorel.qlearning.QModelFixer fixModel
INFO: EPISODE 7 TOTAL REWARD 332.0



mai 07, 2020 4:12:01 P.M. no.hvl.projectparmorel.qlearning.QModelFixer handleEpisode
INFO: EPISODE 8, STEP 0, Fixing error 50: A containment or bidirectional reference must be unique if its upper bound is different from 1
mai 07, 2020 4:12:01 P.M. no.hvl.projectparmorel.qlearning.QModelFixer chooseAction
INFO: Choosing optimal action
mai 07, 2020 4:12:01 P.M. no.hvl.projectparmorel.qlearning.QModelFixer handleStep
INFO: Chose action setContainmentGen in context 0 with weight 70.0
mai 07, 2020 4:12:01 P.M. no.hvl.projectparmorel.qlearning.QModelFixer handleStep
INFO: Next error code: 50
mai 07, 2020 4:12:01 P.M. no.hvl.projectparmorel.qlearning.QModelFixer handleStep
INFO: Calculating new Q-value:
Old Q-value: 70.0
Alpha: 1.0
Gamma: 1.0
Reward: -2
Next optimal action Q-value: 70.0
70.0 + 1.0 * (-2 + 1.0 * 70.0 - 70.0) = 68.0
mai 07, 2020 4:12:01 P.M. no.hvl.projectparmorel.qlearning.QModelFixer handleStep
INFO: Updated Q-table for error 50, context 0, action 1062131977 setContainmentGen to new weight 68.0


mai 07, 2020 4:12:01 P.M. no.hvl.projectparmorel.qlearning.QModelFixer handleEpisode
INFO: EPISODE 8, STEP 1, Fixing error 50: A containment or bidirectional reference must be unique if its upper bound is different from 1
mai 07, 2020 4:12:01 P.M. no.hvl.projectparmorel.qlearning.QModelFixer chooseAction
INFO: Choosing optimal action
mai 07, 2020 4:12:01 P.M. no.hvl.projectparmorel.qlearning.QModelFixer handleStep
INFO: Chose action setUpperBound in context 0 with weight 70.0
mai 07, 2020 4:12:02 P.M. no.hvl.projectparmorel.qlearning.QModelFixer updateQTable
INFO: Calculating new Q-value:
Old Q-value: 70.0
Alpha: 1.0
Gamma:1.0

Reward: -2
70.0 + 1.0 * (-2 + 1.0 - 70.0) = -1.0
mai 07, 2020 4:12:02 P.M. no.hvl.projectparmorel.qlearning.QModelFixer updateQTable
INFO: Updated Q-table for error 50, context 0, action -969028598 to new weight -1.0
mai 07, 2020 4:12:02 P.M. no.hvl.projectparmorel.qlearning.ecore.EcoreSolution calculateDistanceFromOriginal
INFO: Calculated the distance between the models to 98.0
mai 07, 2020 4:12:02 P.M. no.hvl.projectparmorel.qlearning.reward.PreferCloseDinstanceToOriginalPreference rewardcalculateRewardFor
INFO: Time to measure distance: 442 ms
mai 07, 2020 4:12:02 P.M. no.hvl.projectparmorel.qlearning.QModelFixer updateQTable
INFO: Calculating new Q-value:
Old Q-value: 68.0
Alpha: 1.0
Gamma:1.0

Reward: 98
68.0 + 1.0 * (98 + 1.0 - 68.0) = 99.0
mai 07, 2020 4:12:02 P.M. no.hvl.projectparmorel.qlearning.QModelFixer updateQTable
INFO: Updated Q-table for error 50, context 0, action 1062131977 to new weight 99.0
mai 07, 2020 4:12:02 P.M. no.hvl.projectparmorel.qlearning.QModelFixer updateQTable
INFO: Calculating new Q-value:
Old Q-value: -1.0
Alpha: 1.0
Gamma:1.0

Reward: 98
-1.0 + 1.0 * (98 + 1.0 - -1.0) = 99.0
mai 07, 2020 4:12:02 P.M. no.hvl.projectparmorel.qlearning.QModelFixer updateQTable
INFO: Updated Q-table for error 50, context 0, action -969028598 to new weight 99.0
mai 07, 2020 4:12:02 P.M. no.hvl.projectparmorel.qlearning.reward.PreferMaintainability rewardcalculateRewardFor
INFO: Maintainability of the metamodel: 30.2
Time to get metric: 428 ms
mai 07, 2020 4:12:02 P.M. no.hvl.projectparmorel.qlearning.QModelFixer isUnique
INFO: Solution [ErrorAction [Error: 50 A containment or bidirectional reference must be unique if its upper bound is different from 1, Action: setContainmentGen, Error hierarchy: 0]
, ErrorAction [Error: 50 A containment or bidirectional reference must be unique if its upper bound is different from 1, Action: setUpperBound, Error hierarchy: 0]
] already exists.
mai 07, 2020 4:12:02 P.M. no.hvl.projectparmorel.qlearning.QModelFixer fixModel
INFO: Solution discarded.
mai 07, 2020 4:12:02 P.M. no.hvl.projectparmorel.qlearning.QModelFixer fixModel
INFO: EPISODE 8 TOTAL REWARD 331.0



mai 07, 2020 4:12:02 P.M. no.hvl.projectparmorel.qlearning.QModelFixer handleEpisode
INFO: EPISODE 9, STEP 0, Fixing error 50: A containment or bidirectional reference must be unique if its upper bound is different from 1
mai 07, 2020 4:12:02 P.M. no.hvl.projectparmorel.qlearning.QModelFixer chooseAction
INFO: Choosing optimal action
mai 07, 2020 4:12:02 P.M. no.hvl.projectparmorel.qlearning.QModelFixer handleStep
INFO: Chose action delete in context 0 with weight 70.0
mai 07, 2020 4:12:06 P.M. no.hvl.projectparmorel.qlearning.QModelFixer handleStep
INFO: Next error code: 50
mai 07, 2020 4:12:06 P.M. no.hvl.projectparmorel.qlearning.QModelFixer handleStep
INFO: Calculating new Q-value:
Old Q-value: 70.0
Alpha: 1.0
Gamma: 1.0
Reward: -2
Next optimal action Q-value: 70.0
70.0 + 1.0 * (-2 + 1.0 * 70.0 - 70.0) = 68.0
mai 07, 2020 4:12:06 P.M. no.hvl.projectparmorel.qlearning.QModelFixer handleStep
INFO: Updated Q-table for error 50, context 0, action 99999 delete to new weight 68.0


mai 07, 2020 4:12:06 P.M. no.hvl.projectparmorel.qlearning.QModelFixer handleEpisode
INFO: EPISODE 9, STEP 1, Fixing error 50: A containment or bidirectional reference must be unique if its upper bound is different from 1
mai 07, 2020 4:12:06 P.M. no.hvl.projectparmorel.qlearning.QModelFixer chooseAction
INFO: Choosing optimal action
mai 07, 2020 4:12:06 P.M. no.hvl.projectparmorel.qlearning.QModelFixer handleStep
INFO: Chose action setContainmentGen in context 0 with weight 69.8
mai 07, 2020 4:12:06 P.M. no.hvl.projectparmorel.qlearning.QModelFixer updateQTable
INFO: Calculating new Q-value:
Old Q-value: 69.8
Alpha: 1.0
Gamma:1.0

Reward: -2
69.8 + 1.0 * (-2 + 1.0 - 69.8) = -1.0
mai 07, 2020 4:12:06 P.M. no.hvl.projectparmorel.qlearning.QModelFixer updateQTable
INFO: Updated Q-table for error 50, context 0, action 1062131977 to new weight -1.0
mai 07, 2020 4:12:07 P.M. no.hvl.projectparmorel.qlearning.ecore.EcoreSolution calculateDistanceFromOriginal
INFO: Calculated the distance between the models to 98.0
mai 07, 2020 4:12:07 P.M. no.hvl.projectparmorel.qlearning.reward.PreferCloseDinstanceToOriginalPreference rewardcalculateRewardFor
INFO: Time to measure distance: 443 ms
mai 07, 2020 4:12:07 P.M. no.hvl.projectparmorel.qlearning.QModelFixer updateQTable
INFO: Calculating new Q-value:
Old Q-value: 68.0
Alpha: 1.0
Gamma:1.0

Reward: 98
68.0 + 1.0 * (98 + 1.0 - 68.0) = 99.0
mai 07, 2020 4:12:07 P.M. no.hvl.projectparmorel.qlearning.QModelFixer updateQTable
INFO: Updated Q-table for error 50, context 0, action 99999 to new weight 99.0
mai 07, 2020 4:12:07 P.M. no.hvl.projectparmorel.qlearning.QModelFixer updateQTable
INFO: Calculating new Q-value:
Old Q-value: -1.0
Alpha: 1.0
Gamma:1.0

Reward: 98
-1.0 + 1.0 * (98 + 1.0 - -1.0) = 99.0
mai 07, 2020 4:12:07 P.M. no.hvl.projectparmorel.qlearning.QModelFixer updateQTable
INFO: Updated Q-table for error 50, context 0, action 1062131977 to new weight 99.0
mai 07, 2020 4:12:07 P.M. no.hvl.projectparmorel.qlearning.reward.PreferMaintainability rewardcalculateRewardFor
INFO: Maintainability of the metamodel: 30.0
Time to get metric: 437 ms
mai 07, 2020 4:12:07 P.M. no.hvl.projectparmorel.qlearning.QModelFixer isUnique
INFO: Solution [ErrorAction [Error: 50 A containment or bidirectional reference must be unique if its upper bound is different from 1, Action: delete, Error hierarchy: 0]
, ErrorAction [Error: 50 A containment or bidirectional reference must be unique if its upper bound is different from 1, Action: setContainmentGen, Error hierarchy: 0]
] already exists.
mai 07, 2020 4:12:07 P.M. no.hvl.projectparmorel.qlearning.QModelFixer fixModel
INFO: Solution discarded.
mai 07, 2020 4:12:07 P.M. no.hvl.projectparmorel.qlearning.QModelFixer fixModel
INFO: EPISODE 9 TOTAL REWARD 332.0



mai 07, 2020 4:12:07 P.M. no.hvl.projectparmorel.qlearning.QModelFixer handleEpisode
INFO: EPISODE 10, STEP 0, Fixing error 50: A containment or bidirectional reference must be unique if its upper bound is different from 1
mai 07, 2020 4:12:07 P.M. no.hvl.projectparmorel.qlearning.QModelFixer chooseAction
INFO: Choosing optimal action
mai 07, 2020 4:12:07 P.M. no.hvl.projectparmorel.qlearning.QModelFixer handleStep
INFO: Chose action setContainmentGen in context 0 with weight 70.0
mai 07, 2020 4:12:07 P.M. no.hvl.projectparmorel.qlearning.QModelFixer handleStep
INFO: Next error code: 50
mai 07, 2020 4:12:07 P.M. no.hvl.projectparmorel.qlearning.QModelFixer handleStep
INFO: Calculating new Q-value:
Old Q-value: 70.0
Alpha: 1.0
Gamma: 1.0
Reward: -2
Next optimal action Q-value: 70.0
70.0 + 1.0 * (-2 + 1.0 * 70.0 - 70.0) = 68.0
mai 07, 2020 4:12:07 P.M. no.hvl.projectparmorel.qlearning.QModelFixer handleStep
INFO: Updated Q-table for error 50, context 0, action 1062131977 setContainmentGen to new weight 68.0


mai 07, 2020 4:12:07 P.M. no.hvl.projectparmorel.qlearning.QModelFixer handleEpisode
INFO: EPISODE 10, STEP 1, Fixing error 50: A containment or bidirectional reference must be unique if its upper bound is different from 1
mai 07, 2020 4:12:07 P.M. no.hvl.projectparmorel.qlearning.QModelFixer chooseAction
INFO: Choosing optimal action
mai 07, 2020 4:12:07 P.M. no.hvl.projectparmorel.qlearning.QModelFixer handleStep
INFO: Chose action delete in context 0 with weight 70.0
mai 07, 2020 4:12:11 P.M. no.hvl.projectparmorel.qlearning.QModelFixer updateQTable
INFO: Calculating new Q-value:
Old Q-value: 70.0
Alpha: 1.0
Gamma:1.0

Reward: -2
70.0 + 1.0 * (-2 + 1.0 - 70.0) = -1.0
mai 07, 2020 4:12:11 P.M. no.hvl.projectparmorel.qlearning.QModelFixer updateQTable
INFO: Updated Q-table for error 50, context 0, action 99999 to new weight -1.0
mai 07, 2020 4:12:12 P.M. no.hvl.projectparmorel.qlearning.ecore.EcoreSolution calculateDistanceFromOriginal
INFO: Calculated the distance between the models to 98.0
mai 07, 2020 4:12:12 P.M. no.hvl.projectparmorel.qlearning.reward.PreferCloseDinstanceToOriginalPreference rewardcalculateRewardFor
INFO: Time to measure distance: 438 ms
mai 07, 2020 4:12:12 P.M. no.hvl.projectparmorel.qlearning.QModelFixer updateQTable
INFO: Calculating new Q-value:
Old Q-value: 68.0
Alpha: 1.0
Gamma:1.0

Reward: 98
68.0 + 1.0 * (98 + 1.0 - 68.0) = 99.0
mai 07, 2020 4:12:12 P.M. no.hvl.projectparmorel.qlearning.QModelFixer updateQTable
INFO: Updated Q-table for error 50, context 0, action 1062131977 to new weight 99.0
mai 07, 2020 4:12:12 P.M. no.hvl.projectparmorel.qlearning.QModelFixer updateQTable
INFO: Calculating new Q-value:
Old Q-value: -1.0
Alpha: 1.0
Gamma:1.0

Reward: 98
-1.0 + 1.0 * (98 + 1.0 - -1.0) = 99.0
mai 07, 2020 4:12:12 P.M. no.hvl.projectparmorel.qlearning.QModelFixer updateQTable
INFO: Updated Q-table for error 50, context 0, action 99999 to new weight 99.0
mai 07, 2020 4:12:12 P.M. no.hvl.projectparmorel.qlearning.reward.PreferMaintainability rewardcalculateRewardFor
INFO: Maintainability of the metamodel: 30.0
Time to get metric: 438 ms
mai 07, 2020 4:12:12 P.M. no.hvl.projectparmorel.qlearning.QModelFixer isUnique
INFO: Solution [ErrorAction [Error: 50 A containment or bidirectional reference must be unique if its upper bound is different from 1, Action: setContainmentGen, Error hierarchy: 0]
, ErrorAction [Error: 50 A containment or bidirectional reference must be unique if its upper bound is different from 1, Action: delete, Error hierarchy: 0]
] already exists.
mai 07, 2020 4:12:12 P.M. no.hvl.projectparmorel.qlearning.QModelFixer fixModel
INFO: Solution discarded.
mai 07, 2020 4:12:12 P.M. no.hvl.projectparmorel.qlearning.QModelFixer fixModel
INFO: EPISODE 10 TOTAL REWARD 332.0



mai 07, 2020 4:12:12 P.M. no.hvl.projectparmorel.qlearning.QModelFixer handleEpisode
INFO: EPISODE 11, STEP 0, Fixing error 50: A containment or bidirectional reference must be unique if its upper bound is different from 1
mai 07, 2020 4:12:12 P.M. no.hvl.projectparmorel.qlearning.QModelFixer chooseAction
INFO: Choosing optimal action
mai 07, 2020 4:12:12 P.M. no.hvl.projectparmorel.qlearning.QModelFixer handleStep
INFO: Chose action setContainmentGen in context 0 with weight 70.0
mai 07, 2020 4:12:12 P.M. no.hvl.projectparmorel.qlearning.QModelFixer handleStep
INFO: Next error code: 50
mai 07, 2020 4:12:12 P.M. no.hvl.projectparmorel.qlearning.QModelFixer handleStep
INFO: Calculating new Q-value:
Old Q-value: 70.0
Alpha: 1.0
Gamma: 1.0
Reward: -2
Next optimal action Q-value: 70.0
70.0 + 1.0 * (-2 + 1.0 * 70.0 - 70.0) = 68.0
mai 07, 2020 4:12:12 P.M. no.hvl.projectparmorel.qlearning.QModelFixer handleStep
INFO: Updated Q-table for error 50, context 0, action 1062131977 setContainmentGen to new weight 68.0


mai 07, 2020 4:12:12 P.M. no.hvl.projectparmorel.qlearning.QModelFixer handleEpisode
INFO: EPISODE 11, STEP 1, Fixing error 50: A containment or bidirectional reference must be unique if its upper bound is different from 1
mai 07, 2020 4:12:12 P.M. no.hvl.projectparmorel.qlearning.QModelFixer chooseAction
INFO: Choosing random action.
mai 07, 2020 4:12:12 P.M. no.hvl.projectparmorel.qlearning.QModelFixer handleStep
INFO: Chose action setContainmentGen in context 0 with weight 68.0
mai 07, 2020 4:12:12 P.M. no.hvl.projectparmorel.qlearning.QModelFixer updateQTable
INFO: Calculating new Q-value:
Old Q-value: 68.0
Alpha: 1.0
Gamma:1.0

Reward: -2
68.0 + 1.0 * (-2 + 1.0 - 68.0) = -1.0
mai 07, 2020 4:12:12 P.M. no.hvl.projectparmorel.qlearning.QModelFixer updateQTable
INFO: Updated Q-table for error 50, context 0, action 1062131977 to new weight -1.0
mai 07, 2020 4:12:12 P.M. no.hvl.projectparmorel.qlearning.ecore.EcoreSolution calculateDistanceFromOriginal
INFO: Calculated the distance between the models to 98.0
mai 07, 2020 4:12:12 P.M. no.hvl.projectparmorel.qlearning.reward.PreferCloseDinstanceToOriginalPreference rewardcalculateRewardFor
INFO: Time to measure distance: 443 ms
mai 07, 2020 4:12:12 P.M. no.hvl.projectparmorel.qlearning.QModelFixer updateQTable
INFO: Calculating new Q-value:
Old Q-value: -1.0
Alpha: 1.0
Gamma:1.0

Reward: 98
-1.0 + 1.0 * (98 + 1.0 - -1.0) = 99.0
mai 07, 2020 4:12:12 P.M. no.hvl.projectparmorel.qlearning.QModelFixer updateQTable
INFO: Updated Q-table for error 50, context 0, action 1062131977 to new weight 99.0
mai 07, 2020 4:12:12 P.M. no.hvl.projectparmorel.qlearning.QModelFixer updateQTable
INFO: Calculating new Q-value:
Old Q-value: 99.0
Alpha: 1.0
Gamma:1.0

Reward: 98
99.0 + 1.0 * (98 + 1.0 - 99.0) = 99.0
mai 07, 2020 4:12:12 P.M. no.hvl.projectparmorel.qlearning.QModelFixer updateQTable
INFO: Updated Q-table for error 50, context 0, action 1062131977 to new weight 99.0
mai 07, 2020 4:12:13 P.M. no.hvl.projectparmorel.qlearning.reward.PreferMaintainability rewardcalculateRewardFor
INFO: Maintainability of the metamodel: 30.2
Time to get metric: 420 ms
mai 07, 2020 4:12:13 P.M. no.hvl.projectparmorel.qlearning.QModelFixer fixModel
INFO: Solution added to possible solitons: [ErrorAction [Error: 50 A containment or bidirectional reference must be unique if its upper bound is different from 1, Action: setContainmentGen, Error hierarchy: 0]
, ErrorAction [Error: 50 A containment or bidirectional reference must be unique if its upper bound is different from 1, Action: setContainmentGen, Error hierarchy: 0]
]
mai 07, 2020 4:12:13 P.M. no.hvl.projectparmorel.qlearning.QModelFixer fixModel
INFO: EPISODE 11 TOTAL REWARD 331.0



mai 07, 2020 4:12:13 P.M. no.hvl.projectparmorel.qlearning.QModelFixer handleEpisode
INFO: EPISODE 12, STEP 0, Fixing error 50: A containment or bidirectional reference must be unique if its upper bound is different from 1
mai 07, 2020 4:12:13 P.M. no.hvl.projectparmorel.qlearning.QModelFixer chooseAction
INFO: Choosing optimal action
mai 07, 2020 4:12:13 P.M. no.hvl.projectparmorel.qlearning.QModelFixer handleStep
INFO: Chose action delete in context 0 with weight 70.0
mai 07, 2020 4:12:17 P.M. no.hvl.projectparmorel.qlearning.QModelFixer handleStep
INFO: Next error code: 50
mai 07, 2020 4:12:17 P.M. no.hvl.projectparmorel.qlearning.QModelFixer handleStep
INFO: Calculating new Q-value:
Old Q-value: 70.0
Alpha: 1.0
Gamma: 1.0
Reward: -2
Next optimal action Q-value: 70.0
70.0 + 1.0 * (-2 + 1.0 * 70.0 - 70.0) = 68.0
mai 07, 2020 4:12:17 P.M. no.hvl.projectparmorel.qlearning.QModelFixer handleStep
INFO: Updated Q-table for error 50, context 0, action 99999 delete to new weight 68.0


mai 07, 2020 4:12:17 P.M. no.hvl.projectparmorel.qlearning.QModelFixer handleEpisode
INFO: EPISODE 12, STEP 1, Fixing error 50: A containment or bidirectional reference must be unique if its upper bound is different from 1
mai 07, 2020 4:12:17 P.M. no.hvl.projectparmorel.qlearning.QModelFixer chooseAction
INFO: Choosing random action.
mai 07, 2020 4:12:17 P.M. no.hvl.projectparmorel.qlearning.QModelFixer handleStep
INFO: Chose action setUpperBound in context 0 with weight 69.8
mai 07, 2020 4:12:17 P.M. no.hvl.projectparmorel.qlearning.QModelFixer updateQTable
INFO: Calculating new Q-value:
Old Q-value: 69.8
Alpha: 1.0
Gamma:1.0

Reward: -2
69.8 + 1.0 * (-2 + 1.0 - 69.8) = -1.0
mai 07, 2020 4:12:17 P.M. no.hvl.projectparmorel.qlearning.QModelFixer updateQTable
INFO: Updated Q-table for error 50, context 0, action -969028598 to new weight -1.0
mai 07, 2020 4:12:17 P.M. no.hvl.projectparmorel.qlearning.ecore.EcoreSolution calculateDistanceFromOriginal
INFO: Calculated the distance between the models to 98.0
mai 07, 2020 4:12:17 P.M. no.hvl.projectparmorel.qlearning.reward.PreferCloseDinstanceToOriginalPreference rewardcalculateRewardFor
INFO: Time to measure distance: 442 ms
mai 07, 2020 4:12:17 P.M. no.hvl.projectparmorel.qlearning.QModelFixer updateQTable
INFO: Calculating new Q-value:
Old Q-value: 68.0
Alpha: 1.0
Gamma:1.0

Reward: 98
68.0 + 1.0 * (98 + 1.0 - 68.0) = 99.0
mai 07, 2020 4:12:17 P.M. no.hvl.projectparmorel.qlearning.QModelFixer updateQTable
INFO: Updated Q-table for error 50, context 0, action 99999 to new weight 99.0
mai 07, 2020 4:12:17 P.M. no.hvl.projectparmorel.qlearning.QModelFixer updateQTable
INFO: Calculating new Q-value:
Old Q-value: -1.0
Alpha: 1.0
Gamma:1.0

Reward: 98
-1.0 + 1.0 * (98 + 1.0 - -1.0) = 99.0
mai 07, 2020 4:12:17 P.M. no.hvl.projectparmorel.qlearning.QModelFixer updateQTable
INFO: Updated Q-table for error 50, context 0, action -969028598 to new weight 99.0
mai 07, 2020 4:12:18 P.M. no.hvl.projectparmorel.qlearning.reward.PreferMaintainability rewardcalculateRewardFor
INFO: Maintainability of the metamodel: 30.0
Time to get metric: 421 ms
mai 07, 2020 4:12:18 P.M. no.hvl.projectparmorel.qlearning.QModelFixer isUnique
INFO: Solution [ErrorAction [Error: 50 A containment or bidirectional reference must be unique if its upper bound is different from 1, Action: delete, Error hierarchy: 0]
, ErrorAction [Error: 50 A containment or bidirectional reference must be unique if its upper bound is different from 1, Action: setUpperBound, Error hierarchy: 0]
] already exists.
mai 07, 2020 4:12:18 P.M. no.hvl.projectparmorel.qlearning.QModelFixer fixModel
INFO: Solution discarded.
mai 07, 2020 4:12:18 P.M. no.hvl.projectparmorel.qlearning.QModelFixer fixModel
INFO: EPISODE 12 TOTAL REWARD 332.0



mai 07, 2020 4:12:18 P.M. no.hvl.projectparmorel.qlearning.QModelFixer handleEpisode
INFO: EPISODE 13, STEP 0, Fixing error 50: A containment or bidirectional reference must be unique if its upper bound is different from 1
mai 07, 2020 4:12:18 P.M. no.hvl.projectparmorel.qlearning.QModelFixer chooseAction
INFO: Choosing optimal action
mai 07, 2020 4:12:18 P.M. no.hvl.projectparmorel.qlearning.QModelFixer handleStep
INFO: Chose action setUpperBound in context 0 with weight 70.0
mai 07, 2020 4:12:18 P.M. no.hvl.projectparmorel.qlearning.QModelFixer handleStep
INFO: Next error code: 50
mai 07, 2020 4:12:18 P.M. no.hvl.projectparmorel.qlearning.QModelFixer handleStep
INFO: Calculating new Q-value:
Old Q-value: 70.0
Alpha: 1.0
Gamma: 1.0
Reward: -2
Next optimal action Q-value: 70.0
70.0 + 1.0 * (-2 + 1.0 * 70.0 - 70.0) = 68.0
mai 07, 2020 4:12:18 P.M. no.hvl.projectparmorel.qlearning.QModelFixer handleStep
INFO: Updated Q-table for error 50, context 0, action -969028598 setUpperBound to new weight 68.0


mai 07, 2020 4:12:18 P.M. no.hvl.projectparmorel.qlearning.QModelFixer handleEpisode
INFO: EPISODE 13, STEP 1, Fixing error 50: A containment or bidirectional reference must be unique if its upper bound is different from 1
mai 07, 2020 4:12:18 P.M. no.hvl.projectparmorel.qlearning.QModelFixer chooseAction
INFO: Choosing optimal action
mai 07, 2020 4:12:18 P.M. no.hvl.projectparmorel.qlearning.QModelFixer handleStep
INFO: Chose action delete in context 0 with weight 70.0
mai 07, 2020 4:12:22 P.M. no.hvl.projectparmorel.qlearning.QModelFixer updateQTable
INFO: Calculating new Q-value:
Old Q-value: 70.0
Alpha: 1.0
Gamma:1.0

Reward: -2
70.0 + 1.0 * (-2 + 1.0 - 70.0) = -1.0
mai 07, 2020 4:12:22 P.M. no.hvl.projectparmorel.qlearning.QModelFixer updateQTable
INFO: Updated Q-table for error 50, context 0, action 99999 to new weight -1.0
mai 07, 2020 4:12:22 P.M. no.hvl.projectparmorel.qlearning.ecore.EcoreSolution calculateDistanceFromOriginal
INFO: Calculated the distance between the models to 98.0
mai 07, 2020 4:12:22 P.M. no.hvl.projectparmorel.qlearning.reward.PreferCloseDinstanceToOriginalPreference rewardcalculateRewardFor
INFO: Time to measure distance: 439 ms
mai 07, 2020 4:12:22 P.M. no.hvl.projectparmorel.qlearning.QModelFixer updateQTable
INFO: Calculating new Q-value:
Old Q-value: 68.0
Alpha: 1.0
Gamma:1.0

Reward: 98
68.0 + 1.0 * (98 + 1.0 - 68.0) = 99.0
mai 07, 2020 4:12:22 P.M. no.hvl.projectparmorel.qlearning.QModelFixer updateQTable
INFO: Updated Q-table for error 50, context 0, action -969028598 to new weight 99.0
mai 07, 2020 4:12:22 P.M. no.hvl.projectparmorel.qlearning.QModelFixer updateQTable
INFO: Calculating new Q-value:
Old Q-value: -1.0
Alpha: 1.0
Gamma:1.0

Reward: 98
-1.0 + 1.0 * (98 + 1.0 - -1.0) = 99.0
mai 07, 2020 4:12:22 P.M. no.hvl.projectparmorel.qlearning.QModelFixer updateQTable
INFO: Updated Q-table for error 50, context 0, action 99999 to new weight 99.0
mai 07, 2020 4:12:23 P.M. no.hvl.projectparmorel.qlearning.reward.PreferMaintainability rewardcalculateRewardFor
INFO: Maintainability of the metamodel: 30.0
Time to get metric: 431 ms
mai 07, 2020 4:12:23 P.M. no.hvl.projectparmorel.qlearning.QModelFixer fixModel
INFO: Solution added to possible solitons: [ErrorAction [Error: 50 A containment or bidirectional reference must be unique if its upper bound is different from 1, Action: setUpperBound, Error hierarchy: 0]
, ErrorAction [Error: 50 A containment or bidirectional reference must be unique if its upper bound is different from 1, Action: delete, Error hierarchy: 0]
]
mai 07, 2020 4:12:23 P.M. no.hvl.projectparmorel.qlearning.QModelFixer fixModel
INFO: EPISODE 13 TOTAL REWARD 332.0



mai 07, 2020 4:12:23 P.M. no.hvl.projectparmorel.qlearning.QModelFixer handleEpisode
INFO: EPISODE 14, STEP 0, Fixing error 50: A containment or bidirectional reference must be unique if its upper bound is different from 1
mai 07, 2020 4:12:23 P.M. no.hvl.projectparmorel.qlearning.QModelFixer chooseAction
INFO: Choosing optimal action
mai 07, 2020 4:12:23 P.M. no.hvl.projectparmorel.qlearning.QModelFixer handleStep
INFO: Chose action setUpperBound in context 0 with weight 70.0
mai 07, 2020 4:12:23 P.M. no.hvl.projectparmorel.qlearning.QModelFixer handleStep
INFO: Next error code: 50
mai 07, 2020 4:12:23 P.M. no.hvl.projectparmorel.qlearning.QModelFixer handleStep
INFO: Calculating new Q-value:
Old Q-value: 70.0
Alpha: 1.0
Gamma: 1.0
Reward: -2
Next optimal action Q-value: 70.0
70.0 + 1.0 * (-2 + 1.0 * 70.0 - 70.0) = 68.0
mai 07, 2020 4:12:23 P.M. no.hvl.projectparmorel.qlearning.QModelFixer handleStep
INFO: Updated Q-table for error 50, context 0, action -969028598 setUpperBound to new weight 68.0


mai 07, 2020 4:12:23 P.M. no.hvl.projectparmorel.qlearning.QModelFixer handleEpisode
INFO: EPISODE 14, STEP 1, Fixing error 50: A containment or bidirectional reference must be unique if its upper bound is different from 1
mai 07, 2020 4:12:23 P.M. no.hvl.projectparmorel.qlearning.QModelFixer chooseAction
INFO: Choosing optimal action
mai 07, 2020 4:12:23 P.M. no.hvl.projectparmorel.qlearning.QModelFixer handleStep
INFO: Chose action delete in context 0 with weight 70.0
mai 07, 2020 4:12:27 P.M. no.hvl.projectparmorel.qlearning.QModelFixer updateQTable
INFO: Calculating new Q-value:
Old Q-value: 70.0
Alpha: 1.0
Gamma:1.0

Reward: -2
70.0 + 1.0 * (-2 + 1.0 - 70.0) = -1.0
mai 07, 2020 4:12:27 P.M. no.hvl.projectparmorel.qlearning.QModelFixer updateQTable
INFO: Updated Q-table for error 50, context 0, action 99999 to new weight -1.0
mai 07, 2020 4:12:27 P.M. no.hvl.projectparmorel.qlearning.ecore.EcoreSolution calculateDistanceFromOriginal
INFO: Calculated the distance between the models to 98.0
mai 07, 2020 4:12:27 P.M. no.hvl.projectparmorel.qlearning.reward.PreferCloseDinstanceToOriginalPreference rewardcalculateRewardFor
INFO: Time to measure distance: 723 ms
mai 07, 2020 4:12:27 P.M. no.hvl.projectparmorel.qlearning.QModelFixer updateQTable
INFO: Calculating new Q-value:
Old Q-value: 68.0
Alpha: 1.0
Gamma:1.0

Reward: 98
68.0 + 1.0 * (98 + 1.0 - 68.0) = 99.0
mai 07, 2020 4:12:27 P.M. no.hvl.projectparmorel.qlearning.QModelFixer updateQTable
INFO: Updated Q-table for error 50, context 0, action -969028598 to new weight 99.0
mai 07, 2020 4:12:27 P.M. no.hvl.projectparmorel.qlearning.QModelFixer updateQTable
INFO: Calculating new Q-value:
Old Q-value: -1.0
Alpha: 1.0
Gamma:1.0

Reward: 98
-1.0 + 1.0 * (98 + 1.0 - -1.0) = 99.0
mai 07, 2020 4:12:27 P.M. no.hvl.projectparmorel.qlearning.QModelFixer updateQTable
INFO: Updated Q-table for error 50, context 0, action 99999 to new weight 99.0
mai 07, 2020 4:12:28 P.M. no.hvl.projectparmorel.qlearning.reward.PreferMaintainability rewardcalculateRewardFor
INFO: Maintainability of the metamodel: 30.0
Time to get metric: 644 ms
mai 07, 2020 4:12:28 P.M. no.hvl.projectparmorel.qlearning.QModelFixer isUnique
INFO: Solution [ErrorAction [Error: 50 A containment or bidirectional reference must be unique if its upper bound is different from 1, Action: setUpperBound, Error hierarchy: 0]
, ErrorAction [Error: 50 A containment or bidirectional reference must be unique if its upper bound is different from 1, Action: delete, Error hierarchy: 0]
] already exists.
mai 07, 2020 4:12:28 P.M. no.hvl.projectparmorel.qlearning.QModelFixer fixModel
INFO: Solution discarded.
mai 07, 2020 4:12:28 P.M. no.hvl.projectparmorel.qlearning.QModelFixer fixModel
INFO: EPISODE 14 TOTAL REWARD 332.0



mai 07, 2020 4:12:28 P.M. no.hvl.projectparmorel.qlearning.QModelFixer handleEpisode
INFO: EPISODE 15, STEP 0, Fixing error 50: A containment or bidirectional reference must be unique if its upper bound is different from 1
mai 07, 2020 4:12:28 P.M. no.hvl.projectparmorel.qlearning.QModelFixer chooseAction
INFO: Choosing random action.
mai 07, 2020 4:12:28 P.M. no.hvl.projectparmorel.qlearning.QModelFixer handleStep
INFO: Chose action setUpperBound in context 0 with weight 70.0
mai 07, 2020 4:12:28 P.M. no.hvl.projectparmorel.qlearning.QModelFixer handleStep
INFO: Next error code: 50
mai 07, 2020 4:12:28 P.M. no.hvl.projectparmorel.qlearning.QModelFixer handleStep
INFO: Calculating new Q-value:
Old Q-value: 70.0
Alpha: 1.0
Gamma: 1.0
Reward: -2
Next optimal action Q-value: 70.0
70.0 + 1.0 * (-2 + 1.0 * 70.0 - 70.0) = 68.0
mai 07, 2020 4:12:28 P.M. no.hvl.projectparmorel.qlearning.QModelFixer handleStep
INFO: Updated Q-table for error 50, context 0, action -969028598 setUpperBound to new weight 68.0


mai 07, 2020 4:12:28 P.M. no.hvl.projectparmorel.qlearning.QModelFixer handleEpisode
INFO: EPISODE 15, STEP 1, Fixing error 50: A containment or bidirectional reference must be unique if its upper bound is different from 1
mai 07, 2020 4:12:28 P.M. no.hvl.projectparmorel.qlearning.QModelFixer chooseAction
INFO: Choosing random action.
mai 07, 2020 4:12:28 P.M. no.hvl.projectparmorel.qlearning.QModelFixer handleStep
INFO: Chose action setContainmentGen in context 0 with weight 69.8
mai 07, 2020 4:12:28 P.M. no.hvl.projectparmorel.qlearning.QModelFixer updateQTable
INFO: Calculating new Q-value:
Old Q-value: 69.8
Alpha: 1.0
Gamma:1.0

Reward: -2
69.8 + 1.0 * (-2 + 1.0 - 69.8) = -1.0
mai 07, 2020 4:12:28 P.M. no.hvl.projectparmorel.qlearning.QModelFixer updateQTable
INFO: Updated Q-table for error 50, context 0, action 1062131977 to new weight -1.0
mai 07, 2020 4:12:29 P.M. no.hvl.projectparmorel.qlearning.ecore.EcoreSolution calculateDistanceFromOriginal
INFO: Calculated the distance between the models to 98.0
mai 07, 2020 4:12:29 P.M. no.hvl.projectparmorel.qlearning.reward.PreferCloseDinstanceToOriginalPreference rewardcalculateRewardFor
INFO: Time to measure distance: 486 ms
mai 07, 2020 4:12:29 P.M. no.hvl.projectparmorel.qlearning.QModelFixer updateQTable
INFO: Calculating new Q-value:
Old Q-value: 68.0
Alpha: 1.0
Gamma:1.0

Reward: 98
68.0 + 1.0 * (98 + 1.0 - 68.0) = 99.0
mai 07, 2020 4:12:29 P.M. no.hvl.projectparmorel.qlearning.QModelFixer updateQTable
INFO: Updated Q-table for error 50, context 0, action -969028598 to new weight 99.0
mai 07, 2020 4:12:29 P.M. no.hvl.projectparmorel.qlearning.QModelFixer updateQTable
INFO: Calculating new Q-value:
Old Q-value: -1.0
Alpha: 1.0
Gamma:1.0

Reward: 98
-1.0 + 1.0 * (98 + 1.0 - -1.0) = 99.0
mai 07, 2020 4:12:29 P.M. no.hvl.projectparmorel.qlearning.QModelFixer updateQTable
INFO: Updated Q-table for error 50, context 0, action 1062131977 to new weight 99.0
mai 07, 2020 4:12:29 P.M. no.hvl.projectparmorel.qlearning.reward.PreferMaintainability rewardcalculateRewardFor
INFO: Maintainability of the metamodel: 30.2
Time to get metric: 430 ms
mai 07, 2020 4:12:29 P.M. no.hvl.projectparmorel.qlearning.QModelFixer fixModel
INFO: Solution added to possible solitons: [ErrorAction [Error: 50 A containment or bidirectional reference must be unique if its upper bound is different from 1, Action: setUpperBound, Error hierarchy: 0]
, ErrorAction [Error: 50 A containment or bidirectional reference must be unique if its upper bound is different from 1, Action: setContainmentGen, Error hierarchy: 0]
]
mai 07, 2020 4:12:29 P.M. no.hvl.projectparmorel.qlearning.QModelFixer fixModel
INFO: EPISODE 15 TOTAL REWARD 331.0



mai 07, 2020 4:12:29 P.M. no.hvl.projectparmorel.qlearning.QModelFixer handleEpisode
INFO: EPISODE 16, STEP 0, Fixing error 50: A containment or bidirectional reference must be unique if its upper bound is different from 1
mai 07, 2020 4:12:29 P.M. no.hvl.projectparmorel.qlearning.QModelFixer chooseAction
INFO: Choosing optimal action
mai 07, 2020 4:12:29 P.M. no.hvl.projectparmorel.qlearning.QModelFixer handleStep
INFO: Chose action delete in context 0 with weight 70.0
mai 07, 2020 4:12:33 P.M. no.hvl.projectparmorel.qlearning.QModelFixer handleStep
INFO: Next error code: 50
mai 07, 2020 4:12:33 P.M. no.hvl.projectparmorel.qlearning.QModelFixer handleStep
INFO: Calculating new Q-value:
Old Q-value: 70.0
Alpha: 1.0
Gamma: 1.0
Reward: -2
Next optimal action Q-value: 70.0
70.0 + 1.0 * (-2 + 1.0 * 70.0 - 70.0) = 68.0
mai 07, 2020 4:12:33 P.M. no.hvl.projectparmorel.qlearning.QModelFixer handleStep
INFO: Updated Q-table for error 50, context 0, action 99999 delete to new weight 68.0


mai 07, 2020 4:12:33 P.M. no.hvl.projectparmorel.qlearning.QModelFixer handleEpisode
INFO: EPISODE 16, STEP 1, Fixing error 50: A containment or bidirectional reference must be unique if its upper bound is different from 1
mai 07, 2020 4:12:33 P.M. no.hvl.projectparmorel.qlearning.QModelFixer chooseAction
INFO: Choosing optimal action
mai 07, 2020 4:12:33 P.M. no.hvl.projectparmorel.qlearning.QModelFixer handleStep
INFO: Chose action setContainmentGen in context 0 with weight 69.8
mai 07, 2020 4:12:33 P.M. no.hvl.projectparmorel.qlearning.QModelFixer updateQTable
INFO: Calculating new Q-value:
Old Q-value: 69.8
Alpha: 1.0
Gamma:1.0

Reward: -2
69.8 + 1.0 * (-2 + 1.0 - 69.8) = -1.0
mai 07, 2020 4:12:33 P.M. no.hvl.projectparmorel.qlearning.QModelFixer updateQTable
INFO: Updated Q-table for error 50, context 0, action 1062131977 to new weight -1.0
mai 07, 2020 4:12:34 P.M. no.hvl.projectparmorel.qlearning.ecore.EcoreSolution calculateDistanceFromOriginal
INFO: Calculated the distance between the models to 98.0
mai 07, 2020 4:12:34 P.M. no.hvl.projectparmorel.qlearning.reward.PreferCloseDinstanceToOriginalPreference rewardcalculateRewardFor
INFO: Time to measure distance: 442 ms
mai 07, 2020 4:12:34 P.M. no.hvl.projectparmorel.qlearning.QModelFixer updateQTable
INFO: Calculating new Q-value:
Old Q-value: 68.0
Alpha: 1.0
Gamma:1.0

Reward: 98
68.0 + 1.0 * (98 + 1.0 - 68.0) = 99.0
mai 07, 2020 4:12:34 P.M. no.hvl.projectparmorel.qlearning.QModelFixer updateQTable
INFO: Updated Q-table for error 50, context 0, action 99999 to new weight 99.0
mai 07, 2020 4:12:34 P.M. no.hvl.projectparmorel.qlearning.QModelFixer updateQTable
INFO: Calculating new Q-value:
Old Q-value: -1.0
Alpha: 1.0
Gamma:1.0

Reward: 98
-1.0 + 1.0 * (98 + 1.0 - -1.0) = 99.0
mai 07, 2020 4:12:34 P.M. no.hvl.projectparmorel.qlearning.QModelFixer updateQTable
INFO: Updated Q-table for error 50, context 0, action 1062131977 to new weight 99.0
mai 07, 2020 4:12:34 P.M. no.hvl.projectparmorel.qlearning.reward.PreferMaintainability rewardcalculateRewardFor
INFO: Maintainability of the metamodel: 30.0
Time to get metric: 424 ms
mai 07, 2020 4:12:34 P.M. no.hvl.projectparmorel.qlearning.QModelFixer isUnique
INFO: Solution [ErrorAction [Error: 50 A containment or bidirectional reference must be unique if its upper bound is different from 1, Action: delete, Error hierarchy: 0]
, ErrorAction [Error: 50 A containment or bidirectional reference must be unique if its upper bound is different from 1, Action: setContainmentGen, Error hierarchy: 0]
] already exists.
mai 07, 2020 4:12:34 P.M. no.hvl.projectparmorel.qlearning.QModelFixer fixModel
INFO: Solution discarded.
mai 07, 2020 4:12:34 P.M. no.hvl.projectparmorel.qlearning.QModelFixer fixModel
INFO: EPISODE 16 TOTAL REWARD 332.0



mai 07, 2020 4:12:34 P.M. no.hvl.projectparmorel.qlearning.QModelFixer handleEpisode
INFO: EPISODE 17, STEP 0, Fixing error 50: A containment or bidirectional reference must be unique if its upper bound is different from 1
mai 07, 2020 4:12:34 P.M. no.hvl.projectparmorel.qlearning.QModelFixer chooseAction
INFO: Choosing optimal action
mai 07, 2020 4:12:34 P.M. no.hvl.projectparmorel.qlearning.QModelFixer handleStep
INFO: Chose action setContainmentGen in context 0 with weight 70.0
mai 07, 2020 4:12:34 P.M. no.hvl.projectparmorel.qlearning.QModelFixer handleStep
INFO: Next error code: 50
mai 07, 2020 4:12:34 P.M. no.hvl.projectparmorel.qlearning.QModelFixer handleStep
INFO: Calculating new Q-value:
Old Q-value: 70.0
Alpha: 1.0
Gamma: 1.0
Reward: -2
Next optimal action Q-value: 70.0
70.0 + 1.0 * (-2 + 1.0 * 70.0 - 70.0) = 68.0
mai 07, 2020 4:12:34 P.M. no.hvl.projectparmorel.qlearning.QModelFixer handleStep
INFO: Updated Q-table for error 50, context 0, action 1062131977 setContainmentGen to new weight 68.0


mai 07, 2020 4:12:34 P.M. no.hvl.projectparmorel.qlearning.QModelFixer handleEpisode
INFO: EPISODE 17, STEP 1, Fixing error 50: A containment or bidirectional reference must be unique if its upper bound is different from 1
mai 07, 2020 4:12:34 P.M. no.hvl.projectparmorel.qlearning.QModelFixer chooseAction
INFO: Choosing optimal action
mai 07, 2020 4:12:34 P.M. no.hvl.projectparmorel.qlearning.QModelFixer handleStep
INFO: Chose action delete in context 0 with weight 70.0
mai 07, 2020 4:12:38 P.M. no.hvl.projectparmorel.qlearning.QModelFixer updateQTable
INFO: Calculating new Q-value:
Old Q-value: 70.0
Alpha: 1.0
Gamma:1.0

Reward: -2
70.0 + 1.0 * (-2 + 1.0 - 70.0) = -1.0
mai 07, 2020 4:12:38 P.M. no.hvl.projectparmorel.qlearning.QModelFixer updateQTable
INFO: Updated Q-table for error 50, context 0, action 99999 to new weight -1.0
mai 07, 2020 4:12:38 P.M. no.hvl.projectparmorel.qlearning.ecore.EcoreSolution calculateDistanceFromOriginal
INFO: Calculated the distance between the models to 98.0
mai 07, 2020 4:12:38 P.M. no.hvl.projectparmorel.qlearning.reward.PreferCloseDinstanceToOriginalPreference rewardcalculateRewardFor
INFO: Time to measure distance: 451 ms
mai 07, 2020 4:12:38 P.M. no.hvl.projectparmorel.qlearning.QModelFixer updateQTable
INFO: Calculating new Q-value:
Old Q-value: 68.0
Alpha: 1.0
Gamma:1.0

Reward: 98
68.0 + 1.0 * (98 + 1.0 - 68.0) = 99.0
mai 07, 2020 4:12:38 P.M. no.hvl.projectparmorel.qlearning.QModelFixer updateQTable
INFO: Updated Q-table for error 50, context 0, action 1062131977 to new weight 99.0
mai 07, 2020 4:12:38 P.M. no.hvl.projectparmorel.qlearning.QModelFixer updateQTable
INFO: Calculating new Q-value:
Old Q-value: -1.0
Alpha: 1.0
Gamma:1.0

Reward: 98
-1.0 + 1.0 * (98 + 1.0 - -1.0) = 99.0
mai 07, 2020 4:12:38 P.M. no.hvl.projectparmorel.qlearning.QModelFixer updateQTable
INFO: Updated Q-table for error 50, context 0, action 99999 to new weight 99.0
mai 07, 2020 4:12:39 P.M. no.hvl.projectparmorel.qlearning.reward.PreferMaintainability rewardcalculateRewardFor
INFO: Maintainability of the metamodel: 30.0
Time to get metric: 443 ms
mai 07, 2020 4:12:39 P.M. no.hvl.projectparmorel.qlearning.QModelFixer isUnique
INFO: Solution [ErrorAction [Error: 50 A containment or bidirectional reference must be unique if its upper bound is different from 1, Action: setContainmentGen, Error hierarchy: 0]
, ErrorAction [Error: 50 A containment or bidirectional reference must be unique if its upper bound is different from 1, Action: delete, Error hierarchy: 0]
] already exists.
mai 07, 2020 4:12:39 P.M. no.hvl.projectparmorel.qlearning.QModelFixer fixModel
INFO: Solution discarded.
mai 07, 2020 4:12:39 P.M. no.hvl.projectparmorel.qlearning.QModelFixer fixModel
INFO: EPISODE 17 TOTAL REWARD 332.0



mai 07, 2020 4:12:39 P.M. no.hvl.projectparmorel.qlearning.QModelFixer handleEpisode
INFO: EPISODE 18, STEP 0, Fixing error 50: A containment or bidirectional reference must be unique if its upper bound is different from 1
mai 07, 2020 4:12:39 P.M. no.hvl.projectparmorel.qlearning.QModelFixer chooseAction
INFO: Choosing optimal action
mai 07, 2020 4:12:39 P.M. no.hvl.projectparmorel.qlearning.QModelFixer handleStep
INFO: Chose action setContainmentGen in context 0 with weight 70.0
mai 07, 2020 4:12:39 P.M. no.hvl.projectparmorel.qlearning.QModelFixer handleStep
INFO: Next error code: 50
mai 07, 2020 4:12:39 P.M. no.hvl.projectparmorel.qlearning.QModelFixer handleStep
INFO: Calculating new Q-value:
Old Q-value: 70.0
Alpha: 1.0
Gamma: 1.0
Reward: -2
Next optimal action Q-value: 70.0
70.0 + 1.0 * (-2 + 1.0 * 70.0 - 70.0) = 68.0
mai 07, 2020 4:12:39 P.M. no.hvl.projectparmorel.qlearning.QModelFixer handleStep
INFO: Updated Q-table for error 50, context 0, action 1062131977 setContainmentGen to new weight 68.0


mai 07, 2020 4:12:39 P.M. no.hvl.projectparmorel.qlearning.QModelFixer handleEpisode
INFO: EPISODE 18, STEP 1, Fixing error 50: A containment or bidirectional reference must be unique if its upper bound is different from 1
mai 07, 2020 4:12:39 P.M. no.hvl.projectparmorel.qlearning.QModelFixer chooseAction
INFO: Choosing optimal action
mai 07, 2020 4:12:39 P.M. no.hvl.projectparmorel.qlearning.QModelFixer handleStep
INFO: Chose action delete in context 0 with weight 70.0
mai 07, 2020 4:12:43 P.M. no.hvl.projectparmorel.qlearning.QModelFixer updateQTable
INFO: Calculating new Q-value:
Old Q-value: 70.0
Alpha: 1.0
Gamma:1.0

Reward: -2
70.0 + 1.0 * (-2 + 1.0 - 70.0) = -1.0
mai 07, 2020 4:12:43 P.M. no.hvl.projectparmorel.qlearning.QModelFixer updateQTable
INFO: Updated Q-table for error 50, context 0, action 99999 to new weight -1.0
mai 07, 2020 4:12:43 P.M. no.hvl.projectparmorel.qlearning.ecore.EcoreSolution calculateDistanceFromOriginal
INFO: Calculated the distance between the models to 98.0
mai 07, 2020 4:12:43 P.M. no.hvl.projectparmorel.qlearning.reward.PreferCloseDinstanceToOriginalPreference rewardcalculateRewardFor
INFO: Time to measure distance: 450 ms
mai 07, 2020 4:12:43 P.M. no.hvl.projectparmorel.qlearning.QModelFixer updateQTable
INFO: Calculating new Q-value:
Old Q-value: 68.0
Alpha: 1.0
Gamma:1.0

Reward: 98
68.0 + 1.0 * (98 + 1.0 - 68.0) = 99.0
mai 07, 2020 4:12:43 P.M. no.hvl.projectparmorel.qlearning.QModelFixer updateQTable
INFO: Updated Q-table for error 50, context 0, action 1062131977 to new weight 99.0
mai 07, 2020 4:12:43 P.M. no.hvl.projectparmorel.qlearning.QModelFixer updateQTable
INFO: Calculating new Q-value:
Old Q-value: -1.0
Alpha: 1.0
Gamma:1.0

Reward: 98
-1.0 + 1.0 * (98 + 1.0 - -1.0) = 99.0
mai 07, 2020 4:12:43 P.M. no.hvl.projectparmorel.qlearning.QModelFixer updateQTable
INFO: Updated Q-table for error 50, context 0, action 99999 to new weight 99.0
mai 07, 2020 4:12:44 P.M. no.hvl.projectparmorel.qlearning.reward.PreferMaintainability rewardcalculateRewardFor
INFO: Maintainability of the metamodel: 30.0
Time to get metric: 451 ms
mai 07, 2020 4:12:44 P.M. no.hvl.projectparmorel.qlearning.QModelFixer isUnique
INFO: Solution [ErrorAction [Error: 50 A containment or bidirectional reference must be unique if its upper bound is different from 1, Action: setContainmentGen, Error hierarchy: 0]
, ErrorAction [Error: 50 A containment or bidirectional reference must be unique if its upper bound is different from 1, Action: delete, Error hierarchy: 0]
] already exists.
mai 07, 2020 4:12:44 P.M. no.hvl.projectparmorel.qlearning.QModelFixer fixModel
INFO: Solution discarded.
mai 07, 2020 4:12:44 P.M. no.hvl.projectparmorel.qlearning.QModelFixer fixModel
INFO: EPISODE 18 TOTAL REWARD 332.0



mai 07, 2020 4:12:44 P.M. no.hvl.projectparmorel.qlearning.QModelFixer handleEpisode
INFO: EPISODE 19, STEP 0, Fixing error 50: A containment or bidirectional reference must be unique if its upper bound is different from 1
mai 07, 2020 4:12:44 P.M. no.hvl.projectparmorel.qlearning.QModelFixer chooseAction
INFO: Choosing optimal action
mai 07, 2020 4:12:44 P.M. no.hvl.projectparmorel.qlearning.QModelFixer handleStep
INFO: Chose action setContainmentGen in context 0 with weight 70.0
mai 07, 2020 4:12:44 P.M. no.hvl.projectparmorel.qlearning.QModelFixer handleStep
INFO: Next error code: 50
mai 07, 2020 4:12:44 P.M. no.hvl.projectparmorel.qlearning.QModelFixer handleStep
INFO: Calculating new Q-value:
Old Q-value: 70.0
Alpha: 1.0
Gamma: 1.0
Reward: -2
Next optimal action Q-value: 70.0
70.0 + 1.0 * (-2 + 1.0 * 70.0 - 70.0) = 68.0
mai 07, 2020 4:12:44 P.M. no.hvl.projectparmorel.qlearning.QModelFixer handleStep
INFO: Updated Q-table for error 50, context 0, action 1062131977 setContainmentGen to new weight 68.0


mai 07, 2020 4:12:44 P.M. no.hvl.projectparmorel.qlearning.QModelFixer handleEpisode
INFO: EPISODE 19, STEP 1, Fixing error 50: A containment or bidirectional reference must be unique if its upper bound is different from 1
mai 07, 2020 4:12:44 P.M. no.hvl.projectparmorel.qlearning.QModelFixer chooseAction
INFO: Choosing random action.
mai 07, 2020 4:12:44 P.M. no.hvl.projectparmorel.qlearning.QModelFixer handleStep
INFO: Chose action setUpperBound in context 0 with weight 69.8
mai 07, 2020 4:12:44 P.M. no.hvl.projectparmorel.qlearning.QModelFixer updateQTable
INFO: Calculating new Q-value:
Old Q-value: 69.8
Alpha: 1.0
Gamma:1.0

Reward: -2
69.8 + 1.0 * (-2 + 1.0 - 69.8) = -1.0
mai 07, 2020 4:12:44 P.M. no.hvl.projectparmorel.qlearning.QModelFixer updateQTable
INFO: Updated Q-table for error 50, context 0, action -969028598 to new weight -1.0
mai 07, 2020 4:12:44 P.M. no.hvl.projectparmorel.qlearning.ecore.EcoreSolution calculateDistanceFromOriginal
INFO: Calculated the distance between the models to 98.0
mai 07, 2020 4:12:44 P.M. no.hvl.projectparmorel.qlearning.reward.PreferCloseDinstanceToOriginalPreference rewardcalculateRewardFor
INFO: Time to measure distance: 388 ms
mai 07, 2020 4:12:44 P.M. no.hvl.projectparmorel.qlearning.QModelFixer updateQTable
INFO: Calculating new Q-value:
Old Q-value: 68.0
Alpha: 1.0
Gamma:1.0

Reward: 98
68.0 + 1.0 * (98 + 1.0 - 68.0) = 99.0
mai 07, 2020 4:12:44 P.M. no.hvl.projectparmorel.qlearning.QModelFixer updateQTable
INFO: Updated Q-table for error 50, context 0, action 1062131977 to new weight 99.0
mai 07, 2020 4:12:44 P.M. no.hvl.projectparmorel.qlearning.QModelFixer updateQTable
INFO: Calculating new Q-value:
Old Q-value: -1.0
Alpha: 1.0
Gamma:1.0

Reward: 98
-1.0 + 1.0 * (98 + 1.0 - -1.0) = 99.0
mai 07, 2020 4:12:44 P.M. no.hvl.projectparmorel.qlearning.QModelFixer updateQTable
INFO: Updated Q-table for error 50, context 0, action -969028598 to new weight 99.0
mai 07, 2020 4:12:45 P.M. no.hvl.projectparmorel.qlearning.reward.PreferMaintainability rewardcalculateRewardFor
INFO: Maintainability of the metamodel: 30.2
Time to get metric: 444 ms
mai 07, 2020 4:12:45 P.M. no.hvl.projectparmorel.qlearning.QModelFixer isUnique
INFO: Solution [ErrorAction [Error: 50 A containment or bidirectional reference must be unique if its upper bound is different from 1, Action: setContainmentGen, Error hierarchy: 0]
, ErrorAction [Error: 50 A containment or bidirectional reference must be unique if its upper bound is different from 1, Action: setUpperBound, Error hierarchy: 0]
] already exists.
mai 07, 2020 4:12:45 P.M. no.hvl.projectparmorel.qlearning.QModelFixer fixModel
INFO: Solution discarded.
mai 07, 2020 4:12:45 P.M. no.hvl.projectparmorel.qlearning.QModelFixer fixModel
INFO: EPISODE 19 TOTAL REWARD 331.0



mai 07, 2020 4:12:45 P.M. no.hvl.projectparmorel.qlearning.QModelFixer handleEpisode
INFO: EPISODE 20, STEP 0, Fixing error 50: A containment or bidirectional reference must be unique if its upper bound is different from 1
mai 07, 2020 4:12:45 P.M. no.hvl.projectparmorel.qlearning.QModelFixer chooseAction
INFO: Choosing optimal action
mai 07, 2020 4:12:45 P.M. no.hvl.projectparmorel.qlearning.QModelFixer handleStep
INFO: Chose action delete in context 0 with weight 70.0
mai 07, 2020 4:12:49 P.M. no.hvl.projectparmorel.qlearning.QModelFixer handleStep
INFO: Next error code: 50
mai 07, 2020 4:12:49 P.M. no.hvl.projectparmorel.qlearning.QModelFixer handleStep
INFO: Calculating new Q-value:
Old Q-value: 70.0
Alpha: 1.0
Gamma: 1.0
Reward: -2
Next optimal action Q-value: 70.0
70.0 + 1.0 * (-2 + 1.0 * 70.0 - 70.0) = 68.0
mai 07, 2020 4:12:49 P.M. no.hvl.projectparmorel.qlearning.QModelFixer handleStep
INFO: Updated Q-table for error 50, context 0, action 99999 delete to new weight 68.0


mai 07, 2020 4:12:49 P.M. no.hvl.projectparmorel.qlearning.QModelFixer handleEpisode
INFO: EPISODE 20, STEP 1, Fixing error 50: A containment or bidirectional reference must be unique if its upper bound is different from 1
mai 07, 2020 4:12:49 P.M. no.hvl.projectparmorel.qlearning.QModelFixer chooseAction
INFO: Choosing optimal action
mai 07, 2020 4:12:49 P.M. no.hvl.projectparmorel.qlearning.QModelFixer handleStep
INFO: Chose action setContainmentGen in context 0 with weight 69.8
mai 07, 2020 4:12:49 P.M. no.hvl.projectparmorel.qlearning.QModelFixer updateQTable
INFO: Calculating new Q-value:
Old Q-value: 69.8
Alpha: 1.0
Gamma:1.0

Reward: -2
69.8 + 1.0 * (-2 + 1.0 - 69.8) = -1.0
mai 07, 2020 4:12:49 P.M. no.hvl.projectparmorel.qlearning.QModelFixer updateQTable
INFO: Updated Q-table for error 50, context 0, action 1062131977 to new weight -1.0
mai 07, 2020 4:12:49 P.M. no.hvl.projectparmorel.qlearning.ecore.EcoreSolution calculateDistanceFromOriginal
INFO: Calculated the distance between the models to 98.0
mai 07, 2020 4:12:49 P.M. no.hvl.projectparmorel.qlearning.reward.PreferCloseDinstanceToOriginalPreference rewardcalculateRewardFor
INFO: Time to measure distance: 441 ms
mai 07, 2020 4:12:49 P.M. no.hvl.projectparmorel.qlearning.QModelFixer updateQTable
INFO: Calculating new Q-value:
Old Q-value: 68.0
Alpha: 1.0
Gamma:1.0

Reward: 98
68.0 + 1.0 * (98 + 1.0 - 68.0) = 99.0
mai 07, 2020 4:12:49 P.M. no.hvl.projectparmorel.qlearning.QModelFixer updateQTable
INFO: Updated Q-table for error 50, context 0, action 99999 to new weight 99.0
mai 07, 2020 4:12:49 P.M. no.hvl.projectparmorel.qlearning.QModelFixer updateQTable
INFO: Calculating new Q-value:
Old Q-value: -1.0
Alpha: 1.0
Gamma:1.0

Reward: 98
-1.0 + 1.0 * (98 + 1.0 - -1.0) = 99.0
mai 07, 2020 4:12:49 P.M. no.hvl.projectparmorel.qlearning.QModelFixer updateQTable
INFO: Updated Q-table for error 50, context 0, action 1062131977 to new weight 99.0
mai 07, 2020 4:12:49 P.M. no.hvl.projectparmorel.qlearning.reward.PreferMaintainability rewardcalculateRewardFor
INFO: Maintainability of the metamodel: 30.0
Time to get metric: 425 ms
mai 07, 2020 4:12:49 P.M. no.hvl.projectparmorel.qlearning.QModelFixer isUnique
INFO: Solution [ErrorAction [Error: 50 A containment or bidirectional reference must be unique if its upper bound is different from 1, Action: delete, Error hierarchy: 0]
, ErrorAction [Error: 50 A containment or bidirectional reference must be unique if its upper bound is different from 1, Action: setContainmentGen, Error hierarchy: 0]
] already exists.
mai 07, 2020 4:12:49 P.M. no.hvl.projectparmorel.qlearning.QModelFixer fixModel
INFO: Solution discarded.
mai 07, 2020 4:12:49 P.M. no.hvl.projectparmorel.qlearning.QModelFixer fixModel
INFO: EPISODE 20 TOTAL REWARD 332.0



mai 07, 2020 4:12:49 P.M. no.hvl.projectparmorel.qlearning.QModelFixer handleEpisode
INFO: EPISODE 21, STEP 0, Fixing error 50: A containment or bidirectional reference must be unique if its upper bound is different from 1
mai 07, 2020 4:12:49 P.M. no.hvl.projectparmorel.qlearning.QModelFixer chooseAction
INFO: Choosing optimal action
mai 07, 2020 4:12:49 P.M. no.hvl.projectparmorel.qlearning.QModelFixer handleStep
INFO: Chose action setContainmentGen in context 0 with weight 70.0
mai 07, 2020 4:12:50 P.M. no.hvl.projectparmorel.qlearning.QModelFixer handleStep
INFO: Next error code: 50
mai 07, 2020 4:12:50 P.M. no.hvl.projectparmorel.qlearning.QModelFixer handleStep
INFO: Calculating new Q-value:
Old Q-value: 70.0
Alpha: 1.0
Gamma: 1.0
Reward: -2
Next optimal action Q-value: 70.0
70.0 + 1.0 * (-2 + 1.0 * 70.0 - 70.0) = 68.0
mai 07, 2020 4:12:50 P.M. no.hvl.projectparmorel.qlearning.QModelFixer handleStep
INFO: Updated Q-table for error 50, context 0, action 1062131977 setContainmentGen to new weight 68.0


mai 07, 2020 4:12:50 P.M. no.hvl.projectparmorel.qlearning.QModelFixer handleEpisode
INFO: EPISODE 21, STEP 1, Fixing error 50: A containment or bidirectional reference must be unique if its upper bound is different from 1
mai 07, 2020 4:12:50 P.M. no.hvl.projectparmorel.qlearning.QModelFixer chooseAction
INFO: Choosing optimal action
mai 07, 2020 4:12:50 P.M. no.hvl.projectparmorel.qlearning.QModelFixer handleStep
INFO: Chose action delete in context 0 with weight 70.0
mai 07, 2020 4:12:53 P.M. no.hvl.projectparmorel.qlearning.QModelFixer updateQTable
INFO: Calculating new Q-value:
Old Q-value: 70.0
Alpha: 1.0
Gamma:1.0

Reward: -2
70.0 + 1.0 * (-2 + 1.0 - 70.0) = -1.0
mai 07, 2020 4:12:53 P.M. no.hvl.projectparmorel.qlearning.QModelFixer updateQTable
INFO: Updated Q-table for error 50, context 0, action 99999 to new weight -1.0
mai 07, 2020 4:12:54 P.M. no.hvl.projectparmorel.qlearning.ecore.EcoreSolution calculateDistanceFromOriginal
INFO: Calculated the distance between the models to 98.0
mai 07, 2020 4:12:54 P.M. no.hvl.projectparmorel.qlearning.reward.PreferCloseDinstanceToOriginalPreference rewardcalculateRewardFor
INFO: Time to measure distance: 442 ms
mai 07, 2020 4:12:54 P.M. no.hvl.projectparmorel.qlearning.QModelFixer updateQTable
INFO: Calculating new Q-value:
Old Q-value: 68.0
Alpha: 1.0
Gamma:1.0

Reward: 98
68.0 + 1.0 * (98 + 1.0 - 68.0) = 99.0
mai 07, 2020 4:12:54 P.M. no.hvl.projectparmorel.qlearning.QModelFixer updateQTable
INFO: Updated Q-table for error 50, context 0, action 1062131977 to new weight 99.0
mai 07, 2020 4:12:54 P.M. no.hvl.projectparmorel.qlearning.QModelFixer updateQTable
INFO: Calculating new Q-value:
Old Q-value: -1.0
Alpha: 1.0
Gamma:1.0

Reward: 98
-1.0 + 1.0 * (98 + 1.0 - -1.0) = 99.0
mai 07, 2020 4:12:54 P.M. no.hvl.projectparmorel.qlearning.QModelFixer updateQTable
INFO: Updated Q-table for error 50, context 0, action 99999 to new weight 99.0
mai 07, 2020 4:12:54 P.M. no.hvl.projectparmorel.qlearning.reward.PreferMaintainability rewardcalculateRewardFor
INFO: Maintainability of the metamodel: 30.0
Time to get metric: 425 ms
mai 07, 2020 4:12:54 P.M. no.hvl.projectparmorel.qlearning.QModelFixer isUnique
INFO: Solution [ErrorAction [Error: 50 A containment or bidirectional reference must be unique if its upper bound is different from 1, Action: setContainmentGen, Error hierarchy: 0]
, ErrorAction [Error: 50 A containment or bidirectional reference must be unique if its upper bound is different from 1, Action: delete, Error hierarchy: 0]
] already exists.
mai 07, 2020 4:12:54 P.M. no.hvl.projectparmorel.qlearning.QModelFixer fixModel
INFO: Solution discarded.
mai 07, 2020 4:12:54 P.M. no.hvl.projectparmorel.qlearning.QModelFixer fixModel
INFO: EPISODE 21 TOTAL REWARD 332.0



mai 07, 2020 4:12:54 P.M. no.hvl.projectparmorel.qlearning.QModelFixer handleEpisode
INFO: EPISODE 22, STEP 0, Fixing error 50: A containment or bidirectional reference must be unique if its upper bound is different from 1
mai 07, 2020 4:12:54 P.M. no.hvl.projectparmorel.qlearning.QModelFixer chooseAction
INFO: Choosing random action.
mai 07, 2020 4:12:54 P.M. no.hvl.projectparmorel.qlearning.QModelFixer handleStep
INFO: Chose action delete in context 0 with weight 70.0
mai 07, 2020 4:12:58 P.M. no.hvl.projectparmorel.qlearning.QModelFixer handleStep
INFO: Next error code: 50
mai 07, 2020 4:12:58 P.M. no.hvl.projectparmorel.qlearning.QModelFixer handleStep
INFO: Calculating new Q-value:
Old Q-value: 70.0
Alpha: 1.0
Gamma: 1.0
Reward: -2
Next optimal action Q-value: 70.0
70.0 + 1.0 * (-2 + 1.0 * 70.0 - 70.0) = 68.0
mai 07, 2020 4:12:58 P.M. no.hvl.projectparmorel.qlearning.QModelFixer handleStep
INFO: Updated Q-table for error 50, context 0, action 99999 delete to new weight 68.0


mai 07, 2020 4:12:58 P.M. no.hvl.projectparmorel.qlearning.QModelFixer handleEpisode
INFO: EPISODE 22, STEP 1, Fixing error 50: A containment or bidirectional reference must be unique if its upper bound is different from 1
mai 07, 2020 4:12:58 P.M. no.hvl.projectparmorel.qlearning.QModelFixer chooseAction
INFO: Choosing random action.
mai 07, 2020 4:12:58 P.M. no.hvl.projectparmorel.qlearning.QModelFixer handleStep
INFO: Chose action setUpperBound in context 0 with weight 69.8
mai 07, 2020 4:12:58 P.M. no.hvl.projectparmorel.qlearning.QModelFixer updateQTable
INFO: Calculating new Q-value:
Old Q-value: 69.8
Alpha: 1.0
Gamma:1.0

Reward: -2
69.8 + 1.0 * (-2 + 1.0 - 69.8) = -1.0
mai 07, 2020 4:12:58 P.M. no.hvl.projectparmorel.qlearning.QModelFixer updateQTable
INFO: Updated Q-table for error 50, context 0, action -969028598 to new weight -1.0
mai 07, 2020 4:12:59 P.M. no.hvl.projectparmorel.qlearning.ecore.EcoreSolution calculateDistanceFromOriginal
INFO: Calculated the distance between the models to 98.0
mai 07, 2020 4:12:59 P.M. no.hvl.projectparmorel.qlearning.reward.PreferCloseDinstanceToOriginalPreference rewardcalculateRewardFor
INFO: Time to measure distance: 443 ms
mai 07, 2020 4:12:59 P.M. no.hvl.projectparmorel.qlearning.QModelFixer updateQTable
INFO: Calculating new Q-value:
Old Q-value: 68.0
Alpha: 1.0
Gamma:1.0

Reward: 98
68.0 + 1.0 * (98 + 1.0 - 68.0) = 99.0
mai 07, 2020 4:12:59 P.M. no.hvl.projectparmorel.qlearning.QModelFixer updateQTable
INFO: Updated Q-table for error 50, context 0, action 99999 to new weight 99.0
mai 07, 2020 4:12:59 P.M. no.hvl.projectparmorel.qlearning.QModelFixer updateQTable
INFO: Calculating new Q-value:
Old Q-value: -1.0
Alpha: 1.0
Gamma:1.0

Reward: 98
-1.0 + 1.0 * (98 + 1.0 - -1.0) = 99.0
mai 07, 2020 4:12:59 P.M. no.hvl.projectparmorel.qlearning.QModelFixer updateQTable
INFO: Updated Q-table for error 50, context 0, action -969028598 to new weight 99.0
mai 07, 2020 4:12:59 P.M. no.hvl.projectparmorel.qlearning.reward.PreferMaintainability rewardcalculateRewardFor
INFO: Maintainability of the metamodel: 30.0
Time to get metric: 431 ms
mai 07, 2020 4:12:59 P.M. no.hvl.projectparmorel.qlearning.QModelFixer isUnique
INFO: Solution [ErrorAction [Error: 50 A containment or bidirectional reference must be unique if its upper bound is different from 1, Action: delete, Error hierarchy: 0]
, ErrorAction [Error: 50 A containment or bidirectional reference must be unique if its upper bound is different from 1, Action: setUpperBound, Error hierarchy: 0]
] already exists.
mai 07, 2020 4:12:59 P.M. no.hvl.projectparmorel.qlearning.QModelFixer fixModel
INFO: Solution discarded.
mai 07, 2020 4:12:59 P.M. no.hvl.projectparmorel.qlearning.QModelFixer fixModel
INFO: EPISODE 22 TOTAL REWARD 332.0



mai 07, 2020 4:12:59 P.M. no.hvl.projectparmorel.qlearning.QModelFixer handleEpisode
INFO: EPISODE 23, STEP 0, Fixing error 50: A containment or bidirectional reference must be unique if its upper bound is different from 1
mai 07, 2020 4:12:59 P.M. no.hvl.projectparmorel.qlearning.QModelFixer chooseAction
INFO: Choosing optimal action
mai 07, 2020 4:12:59 P.M. no.hvl.projectparmorel.qlearning.QModelFixer handleStep
INFO: Chose action setContainmentGen in context 0 with weight 70.0
mai 07, 2020 4:12:59 P.M. no.hvl.projectparmorel.qlearning.QModelFixer handleStep
INFO: Next error code: 50
mai 07, 2020 4:12:59 P.M. no.hvl.projectparmorel.qlearning.QModelFixer handleStep
INFO: Calculating new Q-value:
Old Q-value: 70.0
Alpha: 1.0
Gamma: 1.0
Reward: -2
Next optimal action Q-value: 70.0
70.0 + 1.0 * (-2 + 1.0 * 70.0 - 70.0) = 68.0
mai 07, 2020 4:12:59 P.M. no.hvl.projectparmorel.qlearning.QModelFixer handleStep
INFO: Updated Q-table for error 50, context 0, action 1062131977 setContainmentGen to new weight 68.0


mai 07, 2020 4:12:59 P.M. no.hvl.projectparmorel.qlearning.QModelFixer handleEpisode
INFO: EPISODE 23, STEP 1, Fixing error 50: A containment or bidirectional reference must be unique if its upper bound is different from 1
mai 07, 2020 4:12:59 P.M. no.hvl.projectparmorel.qlearning.QModelFixer chooseAction
INFO: Choosing optimal action
mai 07, 2020 4:12:59 P.M. no.hvl.projectparmorel.qlearning.QModelFixer handleStep
INFO: Chose action setUpperBound in context 0 with weight 70.0
mai 07, 2020 4:12:59 P.M. no.hvl.projectparmorel.qlearning.QModelFixer updateQTable
INFO: Calculating new Q-value:
Old Q-value: 70.0
Alpha: 1.0
Gamma:1.0

Reward: -2
70.0 + 1.0 * (-2 + 1.0 - 70.0) = -1.0
mai 07, 2020 4:12:59 P.M. no.hvl.projectparmorel.qlearning.QModelFixer updateQTable
INFO: Updated Q-table for error 50, context 0, action -969028598 to new weight -1.0
mai 07, 2020 4:13:00 P.M. no.hvl.projectparmorel.qlearning.ecore.EcoreSolution calculateDistanceFromOriginal
INFO: Calculated the distance between the models to 98.0
mai 07, 2020 4:13:00 P.M. no.hvl.projectparmorel.qlearning.reward.PreferCloseDinstanceToOriginalPreference rewardcalculateRewardFor
INFO: Time to measure distance: 384 ms
mai 07, 2020 4:13:00 P.M. no.hvl.projectparmorel.qlearning.QModelFixer updateQTable
INFO: Calculating new Q-value:
Old Q-value: 68.0
Alpha: 1.0
Gamma:1.0

Reward: 98
68.0 + 1.0 * (98 + 1.0 - 68.0) = 99.0
mai 07, 2020 4:13:00 P.M. no.hvl.projectparmorel.qlearning.QModelFixer updateQTable
INFO: Updated Q-table for error 50, context 0, action 1062131977 to new weight 99.0
mai 07, 2020 4:13:00 P.M. no.hvl.projectparmorel.qlearning.QModelFixer updateQTable
INFO: Calculating new Q-value:
Old Q-value: -1.0
Alpha: 1.0
Gamma:1.0

Reward: 98
-1.0 + 1.0 * (98 + 1.0 - -1.0) = 99.0
mai 07, 2020 4:13:00 P.M. no.hvl.projectparmorel.qlearning.QModelFixer updateQTable
INFO: Updated Q-table for error 50, context 0, action -969028598 to new weight 99.0
mai 07, 2020 4:13:00 P.M. no.hvl.projectparmorel.qlearning.reward.PreferMaintainability rewardcalculateRewardFor
INFO: Maintainability of the metamodel: 30.2
Time to get metric: 429 ms
mai 07, 2020 4:13:00 P.M. no.hvl.projectparmorel.qlearning.QModelFixer isUnique
INFO: Solution [ErrorAction [Error: 50 A containment or bidirectional reference must be unique if its upper bound is different from 1, Action: setContainmentGen, Error hierarchy: 0]
, ErrorAction [Error: 50 A containment or bidirectional reference must be unique if its upper bound is different from 1, Action: setUpperBound, Error hierarchy: 0]
] already exists.
mai 07, 2020 4:13:00 P.M. no.hvl.projectparmorel.qlearning.QModelFixer fixModel
INFO: Solution discarded.
mai 07, 2020 4:13:00 P.M. no.hvl.projectparmorel.qlearning.QModelFixer fixModel
INFO: EPISODE 23 TOTAL REWARD 331.0



mai 07, 2020 4:13:00 P.M. no.hvl.projectparmorel.qlearning.QModelFixer handleEpisode
INFO: EPISODE 24, STEP 0, Fixing error 50: A containment or bidirectional reference must be unique if its upper bound is different from 1
mai 07, 2020 4:13:00 P.M. no.hvl.projectparmorel.qlearning.QModelFixer chooseAction
INFO: Choosing random action.
mai 07, 2020 4:13:00 P.M. no.hvl.projectparmorel.qlearning.QModelFixer handleStep
INFO: Chose action delete in context 0 with weight 70.0
mai 07, 2020 4:13:04 P.M. no.hvl.projectparmorel.qlearning.QModelFixer handleStep
INFO: Next error code: 50
mai 07, 2020 4:13:04 P.M. no.hvl.projectparmorel.qlearning.QModelFixer handleStep
INFO: Calculating new Q-value:
Old Q-value: 70.0
Alpha: 1.0
Gamma: 1.0
Reward: -2
Next optimal action Q-value: 70.0
70.0 + 1.0 * (-2 + 1.0 * 70.0 - 70.0) = 68.0
mai 07, 2020 4:13:04 P.M. no.hvl.projectparmorel.qlearning.QModelFixer handleStep
INFO: Updated Q-table for error 50, context 0, action 99999 delete to new weight 68.0


mai 07, 2020 4:13:04 P.M. no.hvl.projectparmorel.qlearning.QModelFixer handleEpisode
INFO: EPISODE 24, STEP 1, Fixing error 50: A containment or bidirectional reference must be unique if its upper bound is different from 1
mai 07, 2020 4:13:04 P.M. no.hvl.projectparmorel.qlearning.QModelFixer chooseAction
INFO: Choosing optimal action
mai 07, 2020 4:13:04 P.M. no.hvl.projectparmorel.qlearning.QModelFixer handleStep
INFO: Chose action setContainmentGen in context 0 with weight 69.8
mai 07, 2020 4:13:04 P.M. no.hvl.projectparmorel.qlearning.QModelFixer updateQTable
INFO: Calculating new Q-value:
Old Q-value: 69.8
Alpha: 1.0
Gamma:1.0

Reward: -2
69.8 + 1.0 * (-2 + 1.0 - 69.8) = -1.0
mai 07, 2020 4:13:04 P.M. no.hvl.projectparmorel.qlearning.QModelFixer updateQTable
INFO: Updated Q-table for error 50, context 0, action 1062131977 to new weight -1.0
mai 07, 2020 4:13:04 P.M. no.hvl.projectparmorel.qlearning.ecore.EcoreSolution calculateDistanceFromOriginal
INFO: Calculated the distance between the models to 98.0
mai 07, 2020 4:13:04 P.M. no.hvl.projectparmorel.qlearning.reward.PreferCloseDinstanceToOriginalPreference rewardcalculateRewardFor
INFO: Time to measure distance: 339 ms
mai 07, 2020 4:13:04 P.M. no.hvl.projectparmorel.qlearning.QModelFixer updateQTable
INFO: Calculating new Q-value:
Old Q-value: 68.0
Alpha: 1.0
Gamma:1.0

Reward: 98
68.0 + 1.0 * (98 + 1.0 - 68.0) = 99.0
mai 07, 2020 4:13:04 P.M. no.hvl.projectparmorel.qlearning.QModelFixer updateQTable
INFO: Updated Q-table for error 50, context 0, action 99999 to new weight 99.0
mai 07, 2020 4:13:04 P.M. no.hvl.projectparmorel.qlearning.QModelFixer updateQTable
INFO: Calculating new Q-value:
Old Q-value: -1.0
Alpha: 1.0
Gamma:1.0

Reward: 98
-1.0 + 1.0 * (98 + 1.0 - -1.0) = 99.0
mai 07, 2020 4:13:04 P.M. no.hvl.projectparmorel.qlearning.QModelFixer updateQTable
INFO: Updated Q-table for error 50, context 0, action 1062131977 to new weight 99.0
mai 07, 2020 4:13:05 P.M. no.hvl.projectparmorel.qlearning.reward.PreferMaintainability rewardcalculateRewardFor
INFO: Maintainability of the metamodel: 30.0
Time to get metric: 427 ms
mai 07, 2020 4:13:05 P.M. no.hvl.projectparmorel.qlearning.QModelFixer isUnique
INFO: Solution [ErrorAction [Error: 50 A containment or bidirectional reference must be unique if its upper bound is different from 1, Action: delete, Error hierarchy: 0]
, ErrorAction [Error: 50 A containment or bidirectional reference must be unique if its upper bound is different from 1, Action: setContainmentGen, Error hierarchy: 0]
] already exists.
mai 07, 2020 4:13:05 P.M. no.hvl.projectparmorel.qlearning.QModelFixer fixModel
INFO: Solution discarded.
mai 07, 2020 4:13:05 P.M. no.hvl.projectparmorel.qlearning.QModelFixer fixModel
INFO: EPISODE 24 TOTAL REWARD 332.0



mai 07, 2020 4:13:05 P.M. no.hvl.projectparmorel.qlearning.QModelFixer fixModel
INFO: Time repairing model: 97395 ms
mai 07, 2020 4:13:05 P.M. no.hvl.projectparmorel.qlearning.QModelFixer fixModel
INFO: 
-----------------ALL SEQUENCES FOUND-------------------
SIZE: 9
DISCARDED SEQUENCES: 16
--------::::B E S T   S E Q U E N C E   I S::::---------
Sequence [id=0, seq=[ErrorAction [Error: 50 A containment or bidirectional reference must be unique if its upper bound is different from 1, Action: delete, Error hierarchy: 0]
, ErrorAction [Error: 50 A containment or bidirectional reference must be unique if its upper bound is different from 1, Action: delete, Error hierarchy: 0]
], weight=332.0]

 with 2 actions.
mai 07, 2020 4:13:05 P.M. no.hvl.projectparmorel.qlearning.knowledge.Knowledge save
INFO: Saving initialized
mai 07, 2020 4:13:05 P.M. no.hvl.projectparmorel.qlearning.knowledge.Knowledge save
INFO: document prepared
mai 07, 2020 4:13:05 P.M. no.hvl.projectparmorel.qlearning.knowledge.Knowledge save
INFO: Saving completed to /Users/Magnus/Skole/DAT300/EclipseWorkspace3/ParmorelRunnable/knowledge.xml
mai 07, 2020 4:13:05 P.M. no.hvl.projectparmorel.qlearning.knowledge.Knowledge save
INFO: Saving initialized
mai 07, 2020 4:13:05 P.M. no.hvl.projectparmorel.qlearning.knowledge.Knowledge save
INFO: document prepared
mai 07, 2020 4:13:05 P.M. no.hvl.projectparmorel.qlearning.knowledge.Knowledge save
INFO: Saving completed to /Users/Magnus/Skole/DAT300/EclipseWorkspace3/ParmorelRunnable/knowledge.xml
