mai 07, 2020 7:14:12 P.M. no.hvl.projectparmorel.qlearning.QModelFixer fixModel
INFO: Repairing org.eclipse.wst.ws.internal.model.v10.registry.ecore
mai 07, 2020 7:14:12 P.M. no.hvl.projectparmorel.qlearning.QModelFixer fixModel
INFO: Running with preferences [PREFER_CLOSE_DISTANCE_TO_ORIGINAL, PREFER_UNDERSTANDABILITY]
mai 07, 2020 7:14:12 P.M. no.hvl.projectparmorel.qlearning.QModelFixer fixModel
INFO: Initial number of errors in model: 2
Maximum number of steps per episode: 12
Errors to fix: [Error 50, message=A containment or bidirectional reference must be unique if its upper bound is different from 1 in package 0
, Error 50, message=A containment or bidirectional reference must be unique if its upper bound is different from 1 in package 0
]
mai 07, 2020 7:14:12 P.M. no.hvl.projectparmorel.qlearning.QModelFixer fixModel
INFO: Initializing Q-table for the errors.
mai 07, 2020 7:14:12 P.M. no.hvl.projectparmorel.qlearning.QModelFixer fixModel
INFO: Number of episodes: 25
mai 07, 2020 7:14:12 P.M. no.hvl.projectparmorel.qlearning.QModelFixer handleEpisode
INFO: EPISODE 0, STEP 0, Fixing error 50: A containment or bidirectional reference must be unique if its upper bound is different from 1
mai 07, 2020 7:14:12 P.M. no.hvl.projectparmorel.qlearning.QModelFixer chooseAction
INFO: Choosing optimal action
mai 07, 2020 7:14:12 P.M. no.hvl.projectparmorel.qlearning.QModelFixer handleStep
INFO: Chose action setContainmentGen in context 0 with weight 9998.8020834
mai 07, 2020 7:14:12 P.M. no.hvl.projectparmorel.qlearning.QModelFixer handleStep
INFO: Next error code: 50
mai 07, 2020 7:14:12 P.M. no.hvl.projectparmorel.qlearning.QModelFixer handleStep
INFO: Calculating new Q-value:
Old Q-value: 9998.8020834
Alpha: 1.0
Gamma: 1.0
Reward: -2
Next optimal action Q-value: 9998.8020834
9998.8020834 + 1.0 * (-2 + 1.0 * 9998.8020834 - 9998.8020834) = 9996.8020834
mai 07, 2020 7:14:12 P.M. no.hvl.projectparmorel.qlearning.QModelFixer handleStep
INFO: Updated Q-table for error 50, context 0, action 1062131977 setContainmentGen to new weight 9996.8020834


mai 07, 2020 7:14:12 P.M. no.hvl.projectparmorel.qlearning.QModelFixer handleEpisode
INFO: EPISODE 0, STEP 1, Fixing error 50: A containment or bidirectional reference must be unique if its upper bound is different from 1
mai 07, 2020 7:14:12 P.M. no.hvl.projectparmorel.qlearning.QModelFixer chooseAction
INFO: Choosing optimal action
mai 07, 2020 7:14:12 P.M. no.hvl.projectparmorel.qlearning.QModelFixer handleStep
INFO: Chose action setContainmentGen in context 0 with weight 9996.8020834
mai 07, 2020 7:14:12 P.M. no.hvl.projectparmorel.qlearning.QModelFixer updateQTable
INFO: Calculating new Q-value:
Old Q-value: 9996.8020834
Alpha: 1.0
Gamma:1.0

Reward: -2
9996.8020834 + 1.0 * (-2 + 1.0 - 9996.8020834) = -1.0
mai 07, 2020 7:14:12 P.M. no.hvl.projectparmorel.qlearning.QModelFixer updateQTable
INFO: Updated Q-table for error 50, context 0, action 1062131977 to new weight -1.0
mai 07, 2020 7:14:12 P.M. no.hvl.projectparmorel.qlearning.ecore.EcoreSolution calculateDistanceFromOriginal
INFO: Calculated the distance between the models to 86.0
mai 07, 2020 7:14:12 P.M. no.hvl.projectparmorel.qlearning.reward.PreferCloseDinstanceToOriginalPreference rewardcalculateRewardFor
INFO: Time to measure distance: 15 ms
mai 07, 2020 7:14:12 P.M. no.hvl.projectparmorel.qlearning.QModelFixer updateQTable
INFO: Calculating new Q-value:
Old Q-value: -1.0
Alpha: 1.0
Gamma:1.0

Reward: 86
-1.0 + 1.0 * (86 + 1.0 - -1.0) = 87.0
mai 07, 2020 7:14:12 P.M. no.hvl.projectparmorel.qlearning.QModelFixer updateQTable
INFO: Updated Q-table for error 50, context 0, action 1062131977 to new weight 87.0
mai 07, 2020 7:14:12 P.M. no.hvl.projectparmorel.qlearning.QModelFixer updateQTable
INFO: Calculating new Q-value:
Old Q-value: 87.0
Alpha: 1.0
Gamma:1.0

Reward: 86
87.0 + 1.0 * (86 + 1.0 - 87.0) = 87.0
mai 07, 2020 7:14:12 P.M. no.hvl.projectparmorel.qlearning.QModelFixer updateQTable
INFO: Updated Q-table for error 50, context 0, action 1062131977 to new weight 87.0
mai 07, 2020 7:14:13 P.M. no.hvl.projectparmorel.qlearning.reward.PreferUnderstandability rewardcalculateRewardFor
INFO: Understandability of the metamodel: 1.0
Time to get metric: 765 ms
mai 07, 2020 7:14:13 P.M. no.hvl.projectparmorel.qlearning.QModelFixer fixModel
INFO: Solution added to possible solitons: [ErrorAction [Error: 50 A containment or bidirectional reference must be unique if its upper bound is different from 1, Action: setContainmentGen, Error hierarchy: 0]
, ErrorAction [Error: 50 A containment or bidirectional reference must be unique if its upper bound is different from 1, Action: setContainmentGen, Error hierarchy: 0]
]
mai 07, 2020 7:14:13 P.M. no.hvl.projectparmorel.qlearning.QModelFixer fixModel
INFO: EPISODE 0 TOTAL REWARD 366.0



mai 07, 2020 7:14:13 P.M. no.hvl.projectparmorel.qlearning.QModelFixer handleEpisode
INFO: EPISODE 1, STEP 0, Fixing error 50: A containment or bidirectional reference must be unique if its upper bound is different from 1
mai 07, 2020 7:14:13 P.M. no.hvl.projectparmorel.qlearning.QModelFixer chooseAction
INFO: Choosing optimal action
mai 07, 2020 7:14:13 P.M. no.hvl.projectparmorel.qlearning.QModelFixer handleStep
INFO: Chose action setContainment in context 0 with weight 9098.8020834
mai 07, 2020 7:14:13 P.M. no.hvl.projectparmorel.qlearning.QModelFixer handleStep
INFO: Next error code: 50
mai 07, 2020 7:14:13 P.M. no.hvl.projectparmorel.qlearning.QModelFixer handleStep
INFO: Calculating new Q-value:
Old Q-value: 9098.8020834
Alpha: 1.0
Gamma: 1.0
Reward: -2
Next optimal action Q-value: 9098.8020834
9098.8020834 + 1.0 * (-2 + 1.0 * 9098.8020834 - 9098.8020834) = 9096.8020834
mai 07, 2020 7:14:13 P.M. no.hvl.projectparmorel.qlearning.QModelFixer handleStep
INFO: Updated Q-table for error 50, context 0, action 951444921 setContainment to new weight 9096.8020834


mai 07, 2020 7:14:13 P.M. no.hvl.projectparmorel.qlearning.QModelFixer handleEpisode
INFO: EPISODE 1, STEP 1, Fixing error 50: A containment or bidirectional reference must be unique if its upper bound is different from 1
mai 07, 2020 7:14:13 P.M. no.hvl.projectparmorel.qlearning.QModelFixer chooseAction
INFO: Choosing random action.
mai 07, 2020 7:14:13 P.M. no.hvl.projectparmorel.qlearning.QModelFixer handleStep
INFO: Chose action setContainmentGen in context 0 with weight 99.0
mai 07, 2020 7:14:13 P.M. no.hvl.projectparmorel.qlearning.QModelFixer updateQTable
INFO: Calculating new Q-value:
Old Q-value: 99.0
Alpha: 1.0
Gamma:1.0

Reward: -2
99.0 + 1.0 * (-2 + 1.0 - 99.0) = -1.0
mai 07, 2020 7:14:13 P.M. no.hvl.projectparmorel.qlearning.QModelFixer updateQTable
INFO: Updated Q-table for error 50, context 0, action 1062131977 to new weight -1.0
mai 07, 2020 7:14:13 P.M. no.hvl.projectparmorel.qlearning.ecore.EcoreSolution calculateDistanceFromOriginal
INFO: Calculated the distance between the models to 86.0
mai 07, 2020 7:14:13 P.M. no.hvl.projectparmorel.qlearning.reward.PreferCloseDinstanceToOriginalPreference rewardcalculateRewardFor
INFO: Time to measure distance: 11 ms
mai 07, 2020 7:14:13 P.M. no.hvl.projectparmorel.qlearning.QModelFixer updateQTable
INFO: Calculating new Q-value:
Old Q-value: 9096.8020834
Alpha: 1.0
Gamma:1.0

Reward: 86
9096.8020834 + 1.0 * (86 + 1.0 - 9096.8020834) = 87.0
mai 07, 2020 7:14:13 P.M. no.hvl.projectparmorel.qlearning.QModelFixer updateQTable
INFO: Updated Q-table for error 50, context 0, action 951444921 to new weight 87.0
mai 07, 2020 7:14:13 P.M. no.hvl.projectparmorel.qlearning.QModelFixer updateQTable
INFO: Calculating new Q-value:
Old Q-value: -1.0
Alpha: 1.0
Gamma:1.0

Reward: 86
-1.0 + 1.0 * (86 + 1.0 - -1.0) = 87.0
mai 07, 2020 7:14:13 P.M. no.hvl.projectparmorel.qlearning.QModelFixer updateQTable
INFO: Updated Q-table for error 50, context 0, action 1062131977 to new weight 87.0
mai 07, 2020 7:14:14 P.M. no.hvl.projectparmorel.qlearning.reward.PreferUnderstandability rewardcalculateRewardFor
INFO: Understandability of the metamodel: 1.0
Time to get metric: 825 ms
mai 07, 2020 7:14:14 P.M. no.hvl.projectparmorel.qlearning.QModelFixer fixModel
INFO: Solution added to possible solitons: [ErrorAction [Error: 50 A containment or bidirectional reference must be unique if its upper bound is different from 1, Action: setContainment, Error hierarchy: 0]
, ErrorAction [Error: 50 A containment or bidirectional reference must be unique if its upper bound is different from 1, Action: setContainmentGen, Error hierarchy: 0]
]
mai 07, 2020 7:14:14 P.M. no.hvl.projectparmorel.qlearning.QModelFixer fixModel
INFO: EPISODE 1 TOTAL REWARD 366.0



mai 07, 2020 7:14:14 P.M. no.hvl.projectparmorel.qlearning.QModelFixer handleEpisode
INFO: EPISODE 2, STEP 0, Fixing error 50: A containment or bidirectional reference must be unique if its upper bound is different from 1
mai 07, 2020 7:14:14 P.M. no.hvl.projectparmorel.qlearning.QModelFixer chooseAction
INFO: Choosing random action.
mai 07, 2020 7:14:14 P.M. no.hvl.projectparmorel.qlearning.QModelFixer handleStep
INFO: Chose action setContainmentGen in context 0 with weight 99.0
mai 07, 2020 7:14:14 P.M. no.hvl.projectparmorel.qlearning.QModelFixer handleStep
INFO: Next error code: 50
mai 07, 2020 7:14:14 P.M. no.hvl.projectparmorel.qlearning.QModelFixer handleStep
INFO: Calculating new Q-value:
Old Q-value: 99.0
Alpha: 1.0
Gamma: 1.0
Reward: -2
Next optimal action Q-value: 8498.8020834
99.0 + 1.0 * (-2 + 1.0 * 8498.8020834 - 99.0) = 8496.8020834
mai 07, 2020 7:14:14 P.M. no.hvl.projectparmorel.qlearning.QModelFixer handleStep
INFO: Updated Q-table for error 50, context 0, action 1062131977 setContainmentGen to new weight 8496.8020834


mai 07, 2020 7:14:14 P.M. no.hvl.projectparmorel.qlearning.QModelFixer handleEpisode
INFO: EPISODE 2, STEP 1, Fixing error 50: A containment or bidirectional reference must be unique if its upper bound is different from 1
mai 07, 2020 7:14:14 P.M. no.hvl.projectparmorel.qlearning.QModelFixer chooseAction
INFO: Choosing optimal action
mai 07, 2020 7:14:14 P.M. no.hvl.projectparmorel.qlearning.QModelFixer handleStep
INFO: Chose action setUpperBound in context 0 with weight 8498.8020834
mai 07, 2020 7:14:14 P.M. no.hvl.projectparmorel.qlearning.QModelFixer updateQTable
INFO: Calculating new Q-value:
Old Q-value: 8498.8020834
Alpha: 1.0
Gamma:1.0

Reward: -2
8498.8020834 + 1.0 * (-2 + 1.0 - 8498.8020834) = -1.0
mai 07, 2020 7:14:14 P.M. no.hvl.projectparmorel.qlearning.QModelFixer updateQTable
INFO: Updated Q-table for error 50, context 0, action -969028598 to new weight -1.0
mai 07, 2020 7:14:14 P.M. no.hvl.projectparmorel.qlearning.ecore.EcoreSolution calculateDistanceFromOriginal
INFO: Calculated the distance between the models to 86.0
mai 07, 2020 7:14:14 P.M. no.hvl.projectparmorel.qlearning.reward.PreferCloseDinstanceToOriginalPreference rewardcalculateRewardFor
INFO: Time to measure distance: 12 ms
mai 07, 2020 7:14:14 P.M. no.hvl.projectparmorel.qlearning.QModelFixer updateQTable
INFO: Calculating new Q-value:
Old Q-value: 8496.8020834
Alpha: 1.0
Gamma:1.0

Reward: 86
8496.8020834 + 1.0 * (86 + 1.0 - 8496.8020834) = 87.0
mai 07, 2020 7:14:14 P.M. no.hvl.projectparmorel.qlearning.QModelFixer updateQTable
INFO: Updated Q-table for error 50, context 0, action 1062131977 to new weight 87.0
mai 07, 2020 7:14:14 P.M. no.hvl.projectparmorel.qlearning.QModelFixer updateQTable
INFO: Calculating new Q-value:
Old Q-value: -1.0
Alpha: 1.0
Gamma:1.0

Reward: 86
-1.0 + 1.0 * (86 + 1.0 - -1.0) = 87.0
mai 07, 2020 7:14:14 P.M. no.hvl.projectparmorel.qlearning.QModelFixer updateQTable
INFO: Updated Q-table for error 50, context 0, action -969028598 to new weight 87.0
mai 07, 2020 7:14:15 P.M. no.hvl.projectparmorel.qlearning.reward.PreferUnderstandability rewardcalculateRewardFor
INFO: Understandability of the metamodel: 1.0
Time to get metric: 927 ms
mai 07, 2020 7:14:15 P.M. no.hvl.projectparmorel.qlearning.QModelFixer fixModel
INFO: Solution added to possible solitons: [ErrorAction [Error: 50 A containment or bidirectional reference must be unique if its upper bound is different from 1, Action: setContainmentGen, Error hierarchy: 0]
, ErrorAction [Error: 50 A containment or bidirectional reference must be unique if its upper bound is different from 1, Action: setUpperBound, Error hierarchy: 0]
]
mai 07, 2020 7:14:15 P.M. no.hvl.projectparmorel.qlearning.QModelFixer fixModel
INFO: EPISODE 2 TOTAL REWARD 366.0



mai 07, 2020 7:14:15 P.M. no.hvl.projectparmorel.qlearning.QModelFixer handleEpisode
INFO: EPISODE 3, STEP 0, Fixing error 50: A containment or bidirectional reference must be unique if its upper bound is different from 1
mai 07, 2020 7:14:15 P.M. no.hvl.projectparmorel.qlearning.QModelFixer chooseAction
INFO: Choosing optimal action
mai 07, 2020 7:14:15 P.M. no.hvl.projectparmorel.qlearning.QModelFixer handleStep
INFO: Chose action delete in context 0 with weight 7898.8020834
mai 07, 2020 7:14:17 P.M. no.hvl.projectparmorel.qlearning.QModelFixer handleStep
INFO: Next error code: 50
mai 07, 2020 7:14:17 P.M. no.hvl.projectparmorel.qlearning.QModelFixer handleStep
INFO: Calculating new Q-value:
Old Q-value: 7898.8020834
Alpha: 1.0
Gamma: 1.0
Reward: -2
Next optimal action Q-value: 7898.8020834
7898.8020834 + 1.0 * (-2 + 1.0 * 7898.8020834 - 7898.8020834) = 7896.8020834
mai 07, 2020 7:14:17 P.M. no.hvl.projectparmorel.qlearning.QModelFixer handleStep
INFO: Updated Q-table for error 50, context 0, action 99999 delete to new weight 7896.8020834


mai 07, 2020 7:14:17 P.M. no.hvl.projectparmorel.qlearning.QModelFixer handleEpisode
INFO: EPISODE 3, STEP 1, Fixing error 50: A containment or bidirectional reference must be unique if its upper bound is different from 1
mai 07, 2020 7:14:17 P.M. no.hvl.projectparmorel.qlearning.QModelFixer chooseAction
INFO: Choosing optimal action
mai 07, 2020 7:14:17 P.M. no.hvl.projectparmorel.qlearning.QModelFixer handleStep
INFO: Chose action delete in context 0 with weight 7896.8020834
mai 07, 2020 7:14:20 P.M. no.hvl.projectparmorel.qlearning.QModelFixer updateQTable
INFO: Calculating new Q-value:
Old Q-value: 7896.8020834
Alpha: 1.0
Gamma:1.0

Reward: -2
7896.8020834 + 1.0 * (-2 + 1.0 - 7896.8020834) = -1.0
mai 07, 2020 7:14:20 P.M. no.hvl.projectparmorel.qlearning.QModelFixer updateQTable
INFO: Updated Q-table for error 50, context 0, action 99999 to new weight -1.0
mai 07, 2020 7:14:20 P.M. no.hvl.projectparmorel.qlearning.ecore.EcoreSolution calculateDistanceFromOriginal
INFO: Calculated the distance between the models to 86.0
mai 07, 2020 7:14:20 P.M. no.hvl.projectparmorel.qlearning.reward.PreferCloseDinstanceToOriginalPreference rewardcalculateRewardFor
INFO: Time to measure distance: 16 ms
mai 07, 2020 7:14:20 P.M. no.hvl.projectparmorel.qlearning.QModelFixer updateQTable
INFO: Calculating new Q-value:
Old Q-value: -1.0
Alpha: 1.0
Gamma:1.0

Reward: 86
-1.0 + 1.0 * (86 + 1.0 - -1.0) = 87.0
mai 07, 2020 7:14:20 P.M. no.hvl.projectparmorel.qlearning.QModelFixer updateQTable
INFO: Updated Q-table for error 50, context 0, action 99999 to new weight 87.0
mai 07, 2020 7:14:20 P.M. no.hvl.projectparmorel.qlearning.QModelFixer updateQTable
INFO: Calculating new Q-value:
Old Q-value: 87.0
Alpha: 1.0
Gamma:1.0

Reward: 86
87.0 + 1.0 * (86 + 1.0 - 87.0) = 87.0
mai 07, 2020 7:14:20 P.M. no.hvl.projectparmorel.qlearning.QModelFixer updateQTable
INFO: Updated Q-table for error 50, context 0, action 99999 to new weight 87.0
mai 07, 2020 7:14:21 P.M. no.hvl.projectparmorel.qlearning.reward.PreferUnderstandability rewardcalculateRewardFor
INFO: Understandability of the metamodel: 1.0
Time to get metric: 830 ms
mai 07, 2020 7:14:21 P.M. no.hvl.projectparmorel.qlearning.QModelFixer fixModel
INFO: Solution added to possible solitons: [ErrorAction [Error: 50 A containment or bidirectional reference must be unique if its upper bound is different from 1, Action: delete, Error hierarchy: 0]
, ErrorAction [Error: 50 A containment or bidirectional reference must be unique if its upper bound is different from 1, Action: delete, Error hierarchy: 0]
]
mai 07, 2020 7:14:21 P.M. no.hvl.projectparmorel.qlearning.QModelFixer fixModel
INFO: EPISODE 3 TOTAL REWARD 366.0



mai 07, 2020 7:14:21 P.M. no.hvl.projectparmorel.qlearning.QModelFixer handleEpisode
INFO: EPISODE 4, STEP 0, Fixing error 50: A containment or bidirectional reference must be unique if its upper bound is different from 1
mai 07, 2020 7:14:21 P.M. no.hvl.projectparmorel.qlearning.QModelFixer chooseAction
INFO: Choosing optimal action
mai 07, 2020 7:14:21 P.M. no.hvl.projectparmorel.qlearning.QModelFixer handleStep
INFO: Chose action setContainmentGen in context 0 with weight 99.0
mai 07, 2020 7:14:21 P.M. no.hvl.projectparmorel.qlearning.QModelFixer handleStep
INFO: Next error code: 50
mai 07, 2020 7:14:21 P.M. no.hvl.projectparmorel.qlearning.QModelFixer handleStep
INFO: Calculating new Q-value:
Old Q-value: 99.0
Alpha: 1.0
Gamma: 1.0
Reward: -2
Next optimal action Q-value: 99.0
99.0 + 1.0 * (-2 + 1.0 * 99.0 - 99.0) = 97.0
mai 07, 2020 7:14:21 P.M. no.hvl.projectparmorel.qlearning.QModelFixer handleStep
INFO: Updated Q-table for error 50, context 0, action 1062131977 setContainmentGen to new weight 97.0


mai 07, 2020 7:14:21 P.M. no.hvl.projectparmorel.qlearning.QModelFixer handleEpisode
INFO: EPISODE 4, STEP 1, Fixing error 50: A containment or bidirectional reference must be unique if its upper bound is different from 1
mai 07, 2020 7:14:21 P.M. no.hvl.projectparmorel.qlearning.QModelFixer chooseAction
INFO: Choosing optimal action
mai 07, 2020 7:14:21 P.M. no.hvl.projectparmorel.qlearning.QModelFixer handleStep
INFO: Chose action setUpperBound in context 0 with weight 99.0
mai 07, 2020 7:14:21 P.M. no.hvl.projectparmorel.qlearning.QModelFixer updateQTable
INFO: Calculating new Q-value:
Old Q-value: 99.0
Alpha: 1.0
Gamma:1.0

Reward: -2
99.0 + 1.0 * (-2 + 1.0 - 99.0) = -1.0
mai 07, 2020 7:14:21 P.M. no.hvl.projectparmorel.qlearning.QModelFixer updateQTable
INFO: Updated Q-table for error 50, context 0, action -969028598 to new weight -1.0
mai 07, 2020 7:14:21 P.M. no.hvl.projectparmorel.qlearning.ecore.EcoreSolution calculateDistanceFromOriginal
INFO: Calculated the distance between the models to 86.0
mai 07, 2020 7:14:21 P.M. no.hvl.projectparmorel.qlearning.reward.PreferCloseDinstanceToOriginalPreference rewardcalculateRewardFor
INFO: Time to measure distance: 14 ms
mai 07, 2020 7:14:21 P.M. no.hvl.projectparmorel.qlearning.QModelFixer updateQTable
INFO: Calculating new Q-value:
Old Q-value: 97.0
Alpha: 1.0
Gamma:1.0

Reward: 86
97.0 + 1.0 * (86 + 1.0 - 97.0) = 87.0
mai 07, 2020 7:14:21 P.M. no.hvl.projectparmorel.qlearning.QModelFixer updateQTable
INFO: Updated Q-table for error 50, context 0, action 1062131977 to new weight 87.0
mai 07, 2020 7:14:21 P.M. no.hvl.projectparmorel.qlearning.QModelFixer updateQTable
INFO: Calculating new Q-value:
Old Q-value: -1.0
Alpha: 1.0
Gamma:1.0

Reward: 86
-1.0 + 1.0 * (86 + 1.0 - -1.0) = 87.0
mai 07, 2020 7:14:21 P.M. no.hvl.projectparmorel.qlearning.QModelFixer updateQTable
INFO: Updated Q-table for error 50, context 0, action -969028598 to new weight 87.0
mai 07, 2020 7:14:21 P.M. no.hvl.projectparmorel.qlearning.reward.PreferUnderstandability rewardcalculateRewardFor
INFO: Understandability of the metamodel: 1.0
Time to get metric: 789 ms
mai 07, 2020 7:14:21 P.M. no.hvl.projectparmorel.qlearning.QModelFixer isUnique
INFO: Solution [ErrorAction [Error: 50 A containment or bidirectional reference must be unique if its upper bound is different from 1, Action: setContainmentGen, Error hierarchy: 0]
, ErrorAction [Error: 50 A containment or bidirectional reference must be unique if its upper bound is different from 1, Action: setUpperBound, Error hierarchy: 0]
] already exists.
mai 07, 2020 7:14:21 P.M. no.hvl.projectparmorel.qlearning.QModelFixer fixModel
INFO: Solution discarded.
mai 07, 2020 7:14:21 P.M. no.hvl.projectparmorel.qlearning.QModelFixer fixModel
INFO: EPISODE 4 TOTAL REWARD 366.0



mai 07, 2020 7:14:21 P.M. no.hvl.projectparmorel.qlearning.QModelFixer handleEpisode
INFO: EPISODE 5, STEP 0, Fixing error 50: A containment or bidirectional reference must be unique if its upper bound is different from 1
mai 07, 2020 7:14:21 P.M. no.hvl.projectparmorel.qlearning.QModelFixer chooseAction
INFO: Choosing optimal action
mai 07, 2020 7:14:21 P.M. no.hvl.projectparmorel.qlearning.QModelFixer handleStep
INFO: Chose action setContainmentGen in context 0 with weight 99.0
mai 07, 2020 7:14:21 P.M. no.hvl.projectparmorel.qlearning.QModelFixer handleStep
INFO: Next error code: 50
mai 07, 2020 7:14:21 P.M. no.hvl.projectparmorel.qlearning.QModelFixer handleStep
INFO: Calculating new Q-value:
Old Q-value: 99.0
Alpha: 1.0
Gamma: 1.0
Reward: -2
Next optimal action Q-value: 99.0
99.0 + 1.0 * (-2 + 1.0 * 99.0 - 99.0) = 97.0
mai 07, 2020 7:14:21 P.M. no.hvl.projectparmorel.qlearning.QModelFixer handleStep
INFO: Updated Q-table for error 50, context 0, action 1062131977 setContainmentGen to new weight 97.0


mai 07, 2020 7:14:21 P.M. no.hvl.projectparmorel.qlearning.QModelFixer handleEpisode
INFO: EPISODE 5, STEP 1, Fixing error 50: A containment or bidirectional reference must be unique if its upper bound is different from 1
mai 07, 2020 7:14:21 P.M. no.hvl.projectparmorel.qlearning.QModelFixer chooseAction
INFO: Choosing optimal action
mai 07, 2020 7:14:21 P.M. no.hvl.projectparmorel.qlearning.QModelFixer handleStep
INFO: Chose action setUpperBound in context 0 with weight 99.0
mai 07, 2020 7:14:21 P.M. no.hvl.projectparmorel.qlearning.QModelFixer updateQTable
INFO: Calculating new Q-value:
Old Q-value: 99.0
Alpha: 1.0
Gamma:1.0

Reward: -2
99.0 + 1.0 * (-2 + 1.0 - 99.0) = -1.0
mai 07, 2020 7:14:21 P.M. no.hvl.projectparmorel.qlearning.QModelFixer updateQTable
INFO: Updated Q-table for error 50, context 0, action -969028598 to new weight -1.0
mai 07, 2020 7:14:21 P.M. no.hvl.projectparmorel.qlearning.ecore.EcoreSolution calculateDistanceFromOriginal
INFO: Calculated the distance between the models to 86.0
mai 07, 2020 7:14:21 P.M. no.hvl.projectparmorel.qlearning.reward.PreferCloseDinstanceToOriginalPreference rewardcalculateRewardFor
INFO: Time to measure distance: 12 ms
mai 07, 2020 7:14:21 P.M. no.hvl.projectparmorel.qlearning.QModelFixer updateQTable
INFO: Calculating new Q-value:
Old Q-value: 97.0
Alpha: 1.0
Gamma:1.0

Reward: 86
97.0 + 1.0 * (86 + 1.0 - 97.0) = 87.0
mai 07, 2020 7:14:21 P.M. no.hvl.projectparmorel.qlearning.QModelFixer updateQTable
INFO: Updated Q-table for error 50, context 0, action 1062131977 to new weight 87.0
mai 07, 2020 7:14:21 P.M. no.hvl.projectparmorel.qlearning.QModelFixer updateQTable
INFO: Calculating new Q-value:
Old Q-value: -1.0
Alpha: 1.0
Gamma:1.0

Reward: 86
-1.0 + 1.0 * (86 + 1.0 - -1.0) = 87.0
mai 07, 2020 7:14:21 P.M. no.hvl.projectparmorel.qlearning.QModelFixer updateQTable
INFO: Updated Q-table for error 50, context 0, action -969028598 to new weight 87.0
mai 07, 2020 7:14:22 P.M. no.hvl.projectparmorel.qlearning.reward.PreferUnderstandability rewardcalculateRewardFor
INFO: Understandability of the metamodel: 1.0
Time to get metric: 760 ms
mai 07, 2020 7:14:22 P.M. no.hvl.projectparmorel.qlearning.QModelFixer isUnique
INFO: Solution [ErrorAction [Error: 50 A containment or bidirectional reference must be unique if its upper bound is different from 1, Action: setContainmentGen, Error hierarchy: 0]
, ErrorAction [Error: 50 A containment or bidirectional reference must be unique if its upper bound is different from 1, Action: setUpperBound, Error hierarchy: 0]
] already exists.
mai 07, 2020 7:14:22 P.M. no.hvl.projectparmorel.qlearning.QModelFixer fixModel
INFO: Solution discarded.
mai 07, 2020 7:14:22 P.M. no.hvl.projectparmorel.qlearning.QModelFixer fixModel
INFO: EPISODE 5 TOTAL REWARD 366.0



mai 07, 2020 7:14:22 P.M. no.hvl.projectparmorel.qlearning.QModelFixer handleEpisode
INFO: EPISODE 6, STEP 0, Fixing error 50: A containment or bidirectional reference must be unique if its upper bound is different from 1
mai 07, 2020 7:14:22 P.M. no.hvl.projectparmorel.qlearning.QModelFixer chooseAction
INFO: Choosing optimal action
mai 07, 2020 7:14:22 P.M. no.hvl.projectparmorel.qlearning.QModelFixer handleStep
INFO: Chose action setContainmentGen in context 0 with weight 99.0
mai 07, 2020 7:14:22 P.M. no.hvl.projectparmorel.qlearning.QModelFixer handleStep
INFO: Next error code: 50
mai 07, 2020 7:14:22 P.M. no.hvl.projectparmorel.qlearning.QModelFixer handleStep
INFO: Calculating new Q-value:
Old Q-value: 99.0
Alpha: 1.0
Gamma: 1.0
Reward: -2
Next optimal action Q-value: 99.0
99.0 + 1.0 * (-2 + 1.0 * 99.0 - 99.0) = 97.0
mai 07, 2020 7:14:22 P.M. no.hvl.projectparmorel.qlearning.QModelFixer handleStep
INFO: Updated Q-table for error 50, context 0, action 1062131977 setContainmentGen to new weight 97.0


mai 07, 2020 7:14:22 P.M. no.hvl.projectparmorel.qlearning.QModelFixer handleEpisode
INFO: EPISODE 6, STEP 1, Fixing error 50: A containment or bidirectional reference must be unique if its upper bound is different from 1
mai 07, 2020 7:14:22 P.M. no.hvl.projectparmorel.qlearning.QModelFixer chooseAction
INFO: Choosing random action.
mai 07, 2020 7:14:22 P.M. no.hvl.projectparmorel.qlearning.QModelFixer handleStep
INFO: Chose action setContainment in context 0 with weight 99.0
mai 07, 2020 7:14:22 P.M. no.hvl.projectparmorel.qlearning.QModelFixer updateQTable
INFO: Calculating new Q-value:
Old Q-value: 99.0
Alpha: 1.0
Gamma:1.0

Reward: -2
99.0 + 1.0 * (-2 + 1.0 - 99.0) = -1.0
mai 07, 2020 7:14:22 P.M. no.hvl.projectparmorel.qlearning.QModelFixer updateQTable
INFO: Updated Q-table for error 50, context 0, action 951444921 to new weight -1.0
mai 07, 2020 7:14:22 P.M. no.hvl.projectparmorel.qlearning.ecore.EcoreSolution calculateDistanceFromOriginal
INFO: Calculated the distance between the models to 86.0
mai 07, 2020 7:14:22 P.M. no.hvl.projectparmorel.qlearning.reward.PreferCloseDinstanceToOriginalPreference rewardcalculateRewardFor
INFO: Time to measure distance: 12 ms
mai 07, 2020 7:14:22 P.M. no.hvl.projectparmorel.qlearning.QModelFixer updateQTable
INFO: Calculating new Q-value:
Old Q-value: 97.0
Alpha: 1.0
Gamma:1.0

Reward: 86
97.0 + 1.0 * (86 + 1.0 - 97.0) = 87.0
mai 07, 2020 7:14:22 P.M. no.hvl.projectparmorel.qlearning.QModelFixer updateQTable
INFO: Updated Q-table for error 50, context 0, action 1062131977 to new weight 87.0
mai 07, 2020 7:14:22 P.M. no.hvl.projectparmorel.qlearning.QModelFixer updateQTable
INFO: Calculating new Q-value:
Old Q-value: -1.0
Alpha: 1.0
Gamma:1.0

Reward: 86
-1.0 + 1.0 * (86 + 1.0 - -1.0) = 87.0
mai 07, 2020 7:14:22 P.M. no.hvl.projectparmorel.qlearning.QModelFixer updateQTable
INFO: Updated Q-table for error 50, context 0, action 951444921 to new weight 87.0
mai 07, 2020 7:14:23 P.M. no.hvl.projectparmorel.qlearning.reward.PreferUnderstandability rewardcalculateRewardFor
INFO: Understandability of the metamodel: 1.0
Time to get metric: 868 ms
mai 07, 2020 7:14:23 P.M. no.hvl.projectparmorel.qlearning.QModelFixer fixModel
INFO: Solution added to possible solitons: [ErrorAction [Error: 50 A containment or bidirectional reference must be unique if its upper bound is different from 1, Action: setContainmentGen, Error hierarchy: 0]
, ErrorAction [Error: 50 A containment or bidirectional reference must be unique if its upper bound is different from 1, Action: setContainment, Error hierarchy: 0]
]
mai 07, 2020 7:14:23 P.M. no.hvl.projectparmorel.qlearning.QModelFixer fixModel
INFO: EPISODE 6 TOTAL REWARD 366.0



mai 07, 2020 7:14:23 P.M. no.hvl.projectparmorel.qlearning.QModelFixer handleEpisode
INFO: EPISODE 7, STEP 0, Fixing error 50: A containment or bidirectional reference must be unique if its upper bound is different from 1
mai 07, 2020 7:14:23 P.M. no.hvl.projectparmorel.qlearning.QModelFixer chooseAction
INFO: Choosing optimal action
mai 07, 2020 7:14:23 P.M. no.hvl.projectparmorel.qlearning.QModelFixer handleStep
INFO: Chose action setContainmentGen in context 0 with weight 99.0
mai 07, 2020 7:14:23 P.M. no.hvl.projectparmorel.qlearning.QModelFixer handleStep
INFO: Next error code: 50
mai 07, 2020 7:14:23 P.M. no.hvl.projectparmorel.qlearning.QModelFixer handleStep
INFO: Calculating new Q-value:
Old Q-value: 99.0
Alpha: 1.0
Gamma: 1.0
Reward: -2
Next optimal action Q-value: 99.0
99.0 + 1.0 * (-2 + 1.0 * 99.0 - 99.0) = 97.0
mai 07, 2020 7:14:23 P.M. no.hvl.projectparmorel.qlearning.QModelFixer handleStep
INFO: Updated Q-table for error 50, context 0, action 1062131977 setContainmentGen to new weight 97.0


mai 07, 2020 7:14:23 P.M. no.hvl.projectparmorel.qlearning.QModelFixer handleEpisode
INFO: EPISODE 7, STEP 1, Fixing error 50: A containment or bidirectional reference must be unique if its upper bound is different from 1
mai 07, 2020 7:14:23 P.M. no.hvl.projectparmorel.qlearning.QModelFixer chooseAction
INFO: Choosing optimal action
mai 07, 2020 7:14:23 P.M. no.hvl.projectparmorel.qlearning.QModelFixer handleStep
INFO: Chose action setUpperBound in context 0 with weight 99.0
mai 07, 2020 7:14:23 P.M. no.hvl.projectparmorel.qlearning.QModelFixer updateQTable
INFO: Calculating new Q-value:
Old Q-value: 99.0
Alpha: 1.0
Gamma:1.0

Reward: -2
99.0 + 1.0 * (-2 + 1.0 - 99.0) = -1.0
mai 07, 2020 7:14:23 P.M. no.hvl.projectparmorel.qlearning.QModelFixer updateQTable
INFO: Updated Q-table for error 50, context 0, action -969028598 to new weight -1.0
mai 07, 2020 7:14:23 P.M. no.hvl.projectparmorel.qlearning.ecore.EcoreSolution calculateDistanceFromOriginal
INFO: Calculated the distance between the models to 86.0
mai 07, 2020 7:14:23 P.M. no.hvl.projectparmorel.qlearning.reward.PreferCloseDinstanceToOriginalPreference rewardcalculateRewardFor
INFO: Time to measure distance: 12 ms
mai 07, 2020 7:14:23 P.M. no.hvl.projectparmorel.qlearning.QModelFixer updateQTable
INFO: Calculating new Q-value:
Old Q-value: 97.0
Alpha: 1.0
Gamma:1.0

Reward: 86
97.0 + 1.0 * (86 + 1.0 - 97.0) = 87.0
mai 07, 2020 7:14:23 P.M. no.hvl.projectparmorel.qlearning.QModelFixer updateQTable
INFO: Updated Q-table for error 50, context 0, action 1062131977 to new weight 87.0
mai 07, 2020 7:14:23 P.M. no.hvl.projectparmorel.qlearning.QModelFixer updateQTable
INFO: Calculating new Q-value:
Old Q-value: -1.0
Alpha: 1.0
Gamma:1.0

Reward: 86
-1.0 + 1.0 * (86 + 1.0 - -1.0) = 87.0
mai 07, 2020 7:14:23 P.M. no.hvl.projectparmorel.qlearning.QModelFixer updateQTable
INFO: Updated Q-table for error 50, context 0, action -969028598 to new weight 87.0
mai 07, 2020 7:14:24 P.M. no.hvl.projectparmorel.qlearning.reward.PreferUnderstandability rewardcalculateRewardFor
INFO: Understandability of the metamodel: 1.0
Time to get metric: 865 ms
mai 07, 2020 7:14:24 P.M. no.hvl.projectparmorel.qlearning.QModelFixer isUnique
INFO: Solution [ErrorAction [Error: 50 A containment or bidirectional reference must be unique if its upper bound is different from 1, Action: setContainmentGen, Error hierarchy: 0]
, ErrorAction [Error: 50 A containment or bidirectional reference must be unique if its upper bound is different from 1, Action: setUpperBound, Error hierarchy: 0]
] already exists.
mai 07, 2020 7:14:24 P.M. no.hvl.projectparmorel.qlearning.QModelFixer fixModel
INFO: Solution discarded.
mai 07, 2020 7:14:24 P.M. no.hvl.projectparmorel.qlearning.QModelFixer fixModel
INFO: EPISODE 7 TOTAL REWARD 366.0



mai 07, 2020 7:14:24 P.M. no.hvl.projectparmorel.qlearning.QModelFixer handleEpisode
INFO: EPISODE 8, STEP 0, Fixing error 50: A containment or bidirectional reference must be unique if its upper bound is different from 1
mai 07, 2020 7:14:24 P.M. no.hvl.projectparmorel.qlearning.QModelFixer chooseAction
INFO: Choosing optimal action
mai 07, 2020 7:14:24 P.M. no.hvl.projectparmorel.qlearning.QModelFixer handleStep
INFO: Chose action setContainmentGen in context 0 with weight 99.0
mai 07, 2020 7:14:24 P.M. no.hvl.projectparmorel.qlearning.QModelFixer handleStep
INFO: Next error code: 50
mai 07, 2020 7:14:24 P.M. no.hvl.projectparmorel.qlearning.QModelFixer handleStep
INFO: Calculating new Q-value:
Old Q-value: 99.0
Alpha: 1.0
Gamma: 1.0
Reward: -2
Next optimal action Q-value: 99.0
99.0 + 1.0 * (-2 + 1.0 * 99.0 - 99.0) = 97.0
mai 07, 2020 7:14:24 P.M. no.hvl.projectparmorel.qlearning.QModelFixer handleStep
INFO: Updated Q-table for error 50, context 0, action 1062131977 setContainmentGen to new weight 97.0


mai 07, 2020 7:14:24 P.M. no.hvl.projectparmorel.qlearning.QModelFixer handleEpisode
INFO: EPISODE 8, STEP 1, Fixing error 50: A containment or bidirectional reference must be unique if its upper bound is different from 1
mai 07, 2020 7:14:24 P.M. no.hvl.projectparmorel.qlearning.QModelFixer chooseAction
INFO: Choosing optimal action
mai 07, 2020 7:14:24 P.M. no.hvl.projectparmorel.qlearning.QModelFixer handleStep
INFO: Chose action setUpperBound in context 0 with weight 99.0
mai 07, 2020 7:14:24 P.M. no.hvl.projectparmorel.qlearning.QModelFixer updateQTable
INFO: Calculating new Q-value:
Old Q-value: 99.0
Alpha: 1.0
Gamma:1.0

Reward: -2
99.0 + 1.0 * (-2 + 1.0 - 99.0) = -1.0
mai 07, 2020 7:14:24 P.M. no.hvl.projectparmorel.qlearning.QModelFixer updateQTable
INFO: Updated Q-table for error 50, context 0, action -969028598 to new weight -1.0
mai 07, 2020 7:14:24 P.M. no.hvl.projectparmorel.qlearning.ecore.EcoreSolution calculateDistanceFromOriginal
INFO: Calculated the distance between the models to 86.0
mai 07, 2020 7:14:24 P.M. no.hvl.projectparmorel.qlearning.reward.PreferCloseDinstanceToOriginalPreference rewardcalculateRewardFor
INFO: Time to measure distance: 14 ms
mai 07, 2020 7:14:24 P.M. no.hvl.projectparmorel.qlearning.QModelFixer updateQTable
INFO: Calculating new Q-value:
Old Q-value: 97.0
Alpha: 1.0
Gamma:1.0

Reward: 86
97.0 + 1.0 * (86 + 1.0 - 97.0) = 87.0
mai 07, 2020 7:14:24 P.M. no.hvl.projectparmorel.qlearning.QModelFixer updateQTable
INFO: Updated Q-table for error 50, context 0, action 1062131977 to new weight 87.0
mai 07, 2020 7:14:24 P.M. no.hvl.projectparmorel.qlearning.QModelFixer updateQTable
INFO: Calculating new Q-value:
Old Q-value: -1.0
Alpha: 1.0
Gamma:1.0

Reward: 86
-1.0 + 1.0 * (86 + 1.0 - -1.0) = 87.0
mai 07, 2020 7:14:24 P.M. no.hvl.projectparmorel.qlearning.QModelFixer updateQTable
INFO: Updated Q-table for error 50, context 0, action -969028598 to new weight 87.0
mai 07, 2020 7:14:25 P.M. no.hvl.projectparmorel.qlearning.reward.PreferUnderstandability rewardcalculateRewardFor
INFO: Understandability of the metamodel: 1.0
Time to get metric: 781 ms
mai 07, 2020 7:14:25 P.M. no.hvl.projectparmorel.qlearning.QModelFixer isUnique
INFO: Solution [ErrorAction [Error: 50 A containment or bidirectional reference must be unique if its upper bound is different from 1, Action: setContainmentGen, Error hierarchy: 0]
, ErrorAction [Error: 50 A containment or bidirectional reference must be unique if its upper bound is different from 1, Action: setUpperBound, Error hierarchy: 0]
] already exists.
mai 07, 2020 7:14:25 P.M. no.hvl.projectparmorel.qlearning.QModelFixer fixModel
INFO: Solution discarded.
mai 07, 2020 7:14:25 P.M. no.hvl.projectparmorel.qlearning.QModelFixer fixModel
INFO: EPISODE 8 TOTAL REWARD 366.0



mai 07, 2020 7:14:25 P.M. no.hvl.projectparmorel.qlearning.QModelFixer handleEpisode
INFO: EPISODE 9, STEP 0, Fixing error 50: A containment or bidirectional reference must be unique if its upper bound is different from 1
mai 07, 2020 7:14:25 P.M. no.hvl.projectparmorel.qlearning.QModelFixer chooseAction
INFO: Choosing optimal action
mai 07, 2020 7:14:25 P.M. no.hvl.projectparmorel.qlearning.QModelFixer handleStep
INFO: Chose action setContainmentGen in context 0 with weight 99.0
mai 07, 2020 7:14:25 P.M. no.hvl.projectparmorel.qlearning.QModelFixer handleStep
INFO: Next error code: 50
mai 07, 2020 7:14:25 P.M. no.hvl.projectparmorel.qlearning.QModelFixer handleStep
INFO: Calculating new Q-value:
Old Q-value: 99.0
Alpha: 1.0
Gamma: 1.0
Reward: -2
Next optimal action Q-value: 99.0
99.0 + 1.0 * (-2 + 1.0 * 99.0 - 99.0) = 97.0
mai 07, 2020 7:14:25 P.M. no.hvl.projectparmorel.qlearning.QModelFixer handleStep
INFO: Updated Q-table for error 50, context 0, action 1062131977 setContainmentGen to new weight 97.0


mai 07, 2020 7:14:25 P.M. no.hvl.projectparmorel.qlearning.QModelFixer handleEpisode
INFO: EPISODE 9, STEP 1, Fixing error 50: A containment or bidirectional reference must be unique if its upper bound is different from 1
mai 07, 2020 7:14:25 P.M. no.hvl.projectparmorel.qlearning.QModelFixer chooseAction
INFO: Choosing random action.
mai 07, 2020 7:14:25 P.M. no.hvl.projectparmorel.qlearning.QModelFixer handleStep
INFO: Chose action delete in context 0 with weight 99.0
mai 07, 2020 7:14:27 P.M. no.hvl.projectparmorel.qlearning.QModelFixer updateQTable
INFO: Calculating new Q-value:
Old Q-value: 99.0
Alpha: 1.0
Gamma:1.0

Reward: -2
99.0 + 1.0 * (-2 + 1.0 - 99.0) = -1.0
mai 07, 2020 7:14:27 P.M. no.hvl.projectparmorel.qlearning.QModelFixer updateQTable
INFO: Updated Q-table for error 50, context 0, action 99999 to new weight -1.0
mai 07, 2020 7:14:27 P.M. no.hvl.projectparmorel.qlearning.ecore.EcoreSolution calculateDistanceFromOriginal
INFO: Calculated the distance between the models to 86.0
mai 07, 2020 7:14:27 P.M. no.hvl.projectparmorel.qlearning.reward.PreferCloseDinstanceToOriginalPreference rewardcalculateRewardFor
INFO: Time to measure distance: 12 ms
mai 07, 2020 7:14:27 P.M. no.hvl.projectparmorel.qlearning.QModelFixer updateQTable
INFO: Calculating new Q-value:
Old Q-value: 97.0
Alpha: 1.0
Gamma:1.0

Reward: 86
97.0 + 1.0 * (86 + 1.0 - 97.0) = 87.0
mai 07, 2020 7:14:27 P.M. no.hvl.projectparmorel.qlearning.QModelFixer updateQTable
INFO: Updated Q-table for error 50, context 0, action 1062131977 to new weight 87.0
mai 07, 2020 7:14:27 P.M. no.hvl.projectparmorel.qlearning.QModelFixer updateQTable
INFO: Calculating new Q-value:
Old Q-value: -1.0
Alpha: 1.0
Gamma:1.0

Reward: 86
-1.0 + 1.0 * (86 + 1.0 - -1.0) = 87.0
mai 07, 2020 7:14:27 P.M. no.hvl.projectparmorel.qlearning.QModelFixer updateQTable
INFO: Updated Q-table for error 50, context 0, action 99999 to new weight 87.0
mai 07, 2020 7:14:28 P.M. no.hvl.projectparmorel.qlearning.reward.PreferUnderstandability rewardcalculateRewardFor
INFO: Understandability of the metamodel: 1.0
Time to get metric: 763 ms
mai 07, 2020 7:14:28 P.M. no.hvl.projectparmorel.qlearning.QModelFixer fixModel
INFO: Solution added to possible solitons: [ErrorAction [Error: 50 A containment or bidirectional reference must be unique if its upper bound is different from 1, Action: setContainmentGen, Error hierarchy: 0]
, ErrorAction [Error: 50 A containment or bidirectional reference must be unique if its upper bound is different from 1, Action: delete, Error hierarchy: 0]
]
mai 07, 2020 7:14:28 P.M. no.hvl.projectparmorel.qlearning.QModelFixer fixModel
INFO: EPISODE 9 TOTAL REWARD 366.0



mai 07, 2020 7:14:28 P.M. no.hvl.projectparmorel.qlearning.QModelFixer handleEpisode
INFO: EPISODE 10, STEP 0, Fixing error 50: A containment or bidirectional reference must be unique if its upper bound is different from 1
mai 07, 2020 7:14:28 P.M. no.hvl.projectparmorel.qlearning.QModelFixer chooseAction
INFO: Choosing optimal action
mai 07, 2020 7:14:28 P.M. no.hvl.projectparmorel.qlearning.QModelFixer handleStep
INFO: Chose action setContainmentGen in context 0 with weight 99.0
mai 07, 2020 7:14:28 P.M. no.hvl.projectparmorel.qlearning.QModelFixer handleStep
INFO: Next error code: 50
mai 07, 2020 7:14:28 P.M. no.hvl.projectparmorel.qlearning.QModelFixer handleStep
INFO: Calculating new Q-value:
Old Q-value: 99.0
Alpha: 1.0
Gamma: 1.0
Reward: -2
Next optimal action Q-value: 99.0
99.0 + 1.0 * (-2 + 1.0 * 99.0 - 99.0) = 97.0
mai 07, 2020 7:14:28 P.M. no.hvl.projectparmorel.qlearning.QModelFixer handleStep
INFO: Updated Q-table for error 50, context 0, action 1062131977 setContainmentGen to new weight 97.0


mai 07, 2020 7:14:28 P.M. no.hvl.projectparmorel.qlearning.QModelFixer handleEpisode
INFO: EPISODE 10, STEP 1, Fixing error 50: A containment or bidirectional reference must be unique if its upper bound is different from 1
mai 07, 2020 7:14:28 P.M. no.hvl.projectparmorel.qlearning.QModelFixer chooseAction
INFO: Choosing optimal action
mai 07, 2020 7:14:28 P.M. no.hvl.projectparmorel.qlearning.QModelFixer handleStep
INFO: Chose action setUpperBound in context 0 with weight 99.0
mai 07, 2020 7:14:28 P.M. no.hvl.projectparmorel.qlearning.QModelFixer updateQTable
INFO: Calculating new Q-value:
Old Q-value: 99.0
Alpha: 1.0
Gamma:1.0

Reward: -2
99.0 + 1.0 * (-2 + 1.0 - 99.0) = -1.0
mai 07, 2020 7:14:28 P.M. no.hvl.projectparmorel.qlearning.QModelFixer updateQTable
INFO: Updated Q-table for error 50, context 0, action -969028598 to new weight -1.0
mai 07, 2020 7:14:28 P.M. no.hvl.projectparmorel.qlearning.ecore.EcoreSolution calculateDistanceFromOriginal
INFO: Calculated the distance between the models to 86.0
mai 07, 2020 7:14:28 P.M. no.hvl.projectparmorel.qlearning.reward.PreferCloseDinstanceToOriginalPreference rewardcalculateRewardFor
INFO: Time to measure distance: 11 ms
mai 07, 2020 7:14:28 P.M. no.hvl.projectparmorel.qlearning.QModelFixer updateQTable
INFO: Calculating new Q-value:
Old Q-value: 97.0
Alpha: 1.0
Gamma:1.0

Reward: 86
97.0 + 1.0 * (86 + 1.0 - 97.0) = 87.0
mai 07, 2020 7:14:28 P.M. no.hvl.projectparmorel.qlearning.QModelFixer updateQTable
INFO: Updated Q-table for error 50, context 0, action 1062131977 to new weight 87.0
mai 07, 2020 7:14:28 P.M. no.hvl.projectparmorel.qlearning.QModelFixer updateQTable
INFO: Calculating new Q-value:
Old Q-value: -1.0
Alpha: 1.0
Gamma:1.0

Reward: 86
-1.0 + 1.0 * (86 + 1.0 - -1.0) = 87.0
mai 07, 2020 7:14:28 P.M. no.hvl.projectparmorel.qlearning.QModelFixer updateQTable
INFO: Updated Q-table for error 50, context 0, action -969028598 to new weight 87.0
mai 07, 2020 7:14:29 P.M. no.hvl.projectparmorel.qlearning.reward.PreferUnderstandability rewardcalculateRewardFor
INFO: Understandability of the metamodel: 1.0
Time to get metric: 761 ms
mai 07, 2020 7:14:29 P.M. no.hvl.projectparmorel.qlearning.QModelFixer isUnique
INFO: Solution [ErrorAction [Error: 50 A containment or bidirectional reference must be unique if its upper bound is different from 1, Action: setContainmentGen, Error hierarchy: 0]
, ErrorAction [Error: 50 A containment or bidirectional reference must be unique if its upper bound is different from 1, Action: setUpperBound, Error hierarchy: 0]
] already exists.
mai 07, 2020 7:14:29 P.M. no.hvl.projectparmorel.qlearning.QModelFixer fixModel
INFO: Solution discarded.
mai 07, 2020 7:14:29 P.M. no.hvl.projectparmorel.qlearning.QModelFixer fixModel
INFO: EPISODE 10 TOTAL REWARD 366.0



mai 07, 2020 7:14:29 P.M. no.hvl.projectparmorel.qlearning.QModelFixer handleEpisode
INFO: EPISODE 11, STEP 0, Fixing error 50: A containment or bidirectional reference must be unique if its upper bound is different from 1
mai 07, 2020 7:14:29 P.M. no.hvl.projectparmorel.qlearning.QModelFixer chooseAction
INFO: Choosing optimal action
mai 07, 2020 7:14:29 P.M. no.hvl.projectparmorel.qlearning.QModelFixer handleStep
INFO: Chose action setContainmentGen in context 0 with weight 99.0
mai 07, 2020 7:14:29 P.M. no.hvl.projectparmorel.qlearning.QModelFixer handleStep
INFO: Next error code: 50
mai 07, 2020 7:14:29 P.M. no.hvl.projectparmorel.qlearning.QModelFixer handleStep
INFO: Calculating new Q-value:
Old Q-value: 99.0
Alpha: 1.0
Gamma: 1.0
Reward: -2
Next optimal action Q-value: 99.0
99.0 + 1.0 * (-2 + 1.0 * 99.0 - 99.0) = 97.0
mai 07, 2020 7:14:29 P.M. no.hvl.projectparmorel.qlearning.QModelFixer handleStep
INFO: Updated Q-table for error 50, context 0, action 1062131977 setContainmentGen to new weight 97.0


mai 07, 2020 7:14:29 P.M. no.hvl.projectparmorel.qlearning.QModelFixer handleEpisode
INFO: EPISODE 11, STEP 1, Fixing error 50: A containment or bidirectional reference must be unique if its upper bound is different from 1
mai 07, 2020 7:14:29 P.M. no.hvl.projectparmorel.qlearning.QModelFixer chooseAction
INFO: Choosing optimal action
mai 07, 2020 7:14:29 P.M. no.hvl.projectparmorel.qlearning.QModelFixer handleStep
INFO: Chose action setUpperBound in context 0 with weight 99.0
mai 07, 2020 7:14:29 P.M. no.hvl.projectparmorel.qlearning.QModelFixer updateQTable
INFO: Calculating new Q-value:
Old Q-value: 99.0
Alpha: 1.0
Gamma:1.0

Reward: -2
99.0 + 1.0 * (-2 + 1.0 - 99.0) = -1.0
mai 07, 2020 7:14:29 P.M. no.hvl.projectparmorel.qlearning.QModelFixer updateQTable
INFO: Updated Q-table for error 50, context 0, action -969028598 to new weight -1.0
mai 07, 2020 7:14:29 P.M. no.hvl.projectparmorel.qlearning.ecore.EcoreSolution calculateDistanceFromOriginal
INFO: Calculated the distance between the models to 86.0
mai 07, 2020 7:14:29 P.M. no.hvl.projectparmorel.qlearning.reward.PreferCloseDinstanceToOriginalPreference rewardcalculateRewardFor
INFO: Time to measure distance: 11 ms
mai 07, 2020 7:14:29 P.M. no.hvl.projectparmorel.qlearning.QModelFixer updateQTable
INFO: Calculating new Q-value:
Old Q-value: 97.0
Alpha: 1.0
Gamma:1.0

Reward: 86
97.0 + 1.0 * (86 + 1.0 - 97.0) = 87.0
mai 07, 2020 7:14:29 P.M. no.hvl.projectparmorel.qlearning.QModelFixer updateQTable
INFO: Updated Q-table for error 50, context 0, action 1062131977 to new weight 87.0
mai 07, 2020 7:14:29 P.M. no.hvl.projectparmorel.qlearning.QModelFixer updateQTable
INFO: Calculating new Q-value:
Old Q-value: -1.0
Alpha: 1.0
Gamma:1.0

Reward: 86
-1.0 + 1.0 * (86 + 1.0 - -1.0) = 87.0
mai 07, 2020 7:14:29 P.M. no.hvl.projectparmorel.qlearning.QModelFixer updateQTable
INFO: Updated Q-table for error 50, context 0, action -969028598 to new weight 87.0
mai 07, 2020 7:14:30 P.M. no.hvl.projectparmorel.qlearning.reward.PreferUnderstandability rewardcalculateRewardFor
INFO: Understandability of the metamodel: 1.0
Time to get metric: 803 ms
mai 07, 2020 7:14:30 P.M. no.hvl.projectparmorel.qlearning.QModelFixer isUnique
INFO: Solution [ErrorAction [Error: 50 A containment or bidirectional reference must be unique if its upper bound is different from 1, Action: setContainmentGen, Error hierarchy: 0]
, ErrorAction [Error: 50 A containment or bidirectional reference must be unique if its upper bound is different from 1, Action: setUpperBound, Error hierarchy: 0]
] already exists.
mai 07, 2020 7:14:30 P.M. no.hvl.projectparmorel.qlearning.QModelFixer fixModel
INFO: Solution discarded.
mai 07, 2020 7:14:30 P.M. no.hvl.projectparmorel.qlearning.QModelFixer fixModel
INFO: EPISODE 11 TOTAL REWARD 366.0



mai 07, 2020 7:14:30 P.M. no.hvl.projectparmorel.qlearning.QModelFixer handleEpisode
INFO: EPISODE 12, STEP 0, Fixing error 50: A containment or bidirectional reference must be unique if its upper bound is different from 1
mai 07, 2020 7:14:30 P.M. no.hvl.projectparmorel.qlearning.QModelFixer chooseAction
INFO: Choosing optimal action
mai 07, 2020 7:14:30 P.M. no.hvl.projectparmorel.qlearning.QModelFixer handleStep
INFO: Chose action setContainmentGen in context 0 with weight 99.0
mai 07, 2020 7:14:30 P.M. no.hvl.projectparmorel.qlearning.QModelFixer handleStep
INFO: Next error code: 50
mai 07, 2020 7:14:30 P.M. no.hvl.projectparmorel.qlearning.QModelFixer handleStep
INFO: Calculating new Q-value:
Old Q-value: 99.0
Alpha: 1.0
Gamma: 1.0
Reward: -2
Next optimal action Q-value: 99.0
99.0 + 1.0 * (-2 + 1.0 * 99.0 - 99.0) = 97.0
mai 07, 2020 7:14:30 P.M. no.hvl.projectparmorel.qlearning.QModelFixer handleStep
INFO: Updated Q-table for error 50, context 0, action 1062131977 setContainmentGen to new weight 97.0


mai 07, 2020 7:14:30 P.M. no.hvl.projectparmorel.qlearning.QModelFixer handleEpisode
INFO: EPISODE 12, STEP 1, Fixing error 50: A containment or bidirectional reference must be unique if its upper bound is different from 1
mai 07, 2020 7:14:30 P.M. no.hvl.projectparmorel.qlearning.QModelFixer chooseAction
INFO: Choosing optimal action
mai 07, 2020 7:14:30 P.M. no.hvl.projectparmorel.qlearning.QModelFixer handleStep
INFO: Chose action setUpperBound in context 0 with weight 99.0
mai 07, 2020 7:14:30 P.M. no.hvl.projectparmorel.qlearning.QModelFixer updateQTable
INFO: Calculating new Q-value:
Old Q-value: 99.0
Alpha: 1.0
Gamma:1.0

Reward: -2
99.0 + 1.0 * (-2 + 1.0 - 99.0) = -1.0
mai 07, 2020 7:14:30 P.M. no.hvl.projectparmorel.qlearning.QModelFixer updateQTable
INFO: Updated Q-table for error 50, context 0, action -969028598 to new weight -1.0
mai 07, 2020 7:14:30 P.M. no.hvl.projectparmorel.qlearning.ecore.EcoreSolution calculateDistanceFromOriginal
INFO: Calculated the distance between the models to 86.0
mai 07, 2020 7:14:30 P.M. no.hvl.projectparmorel.qlearning.reward.PreferCloseDinstanceToOriginalPreference rewardcalculateRewardFor
INFO: Time to measure distance: 14 ms
mai 07, 2020 7:14:30 P.M. no.hvl.projectparmorel.qlearning.QModelFixer updateQTable
INFO: Calculating new Q-value:
Old Q-value: 97.0
Alpha: 1.0
Gamma:1.0

Reward: 86
97.0 + 1.0 * (86 + 1.0 - 97.0) = 87.0
mai 07, 2020 7:14:30 P.M. no.hvl.projectparmorel.qlearning.QModelFixer updateQTable
INFO: Updated Q-table for error 50, context 0, action 1062131977 to new weight 87.0
mai 07, 2020 7:14:30 P.M. no.hvl.projectparmorel.qlearning.QModelFixer updateQTable
INFO: Calculating new Q-value:
Old Q-value: -1.0
Alpha: 1.0
Gamma:1.0

Reward: 86
-1.0 + 1.0 * (86 + 1.0 - -1.0) = 87.0
mai 07, 2020 7:14:30 P.M. no.hvl.projectparmorel.qlearning.QModelFixer updateQTable
INFO: Updated Q-table for error 50, context 0, action -969028598 to new weight 87.0
mai 07, 2020 7:14:30 P.M. no.hvl.projectparmorel.qlearning.reward.PreferUnderstandability rewardcalculateRewardFor
INFO: Understandability of the metamodel: 1.0
Time to get metric: 760 ms
mai 07, 2020 7:14:30 P.M. no.hvl.projectparmorel.qlearning.QModelFixer isUnique
INFO: Solution [ErrorAction [Error: 50 A containment or bidirectional reference must be unique if its upper bound is different from 1, Action: setContainmentGen, Error hierarchy: 0]
, ErrorAction [Error: 50 A containment or bidirectional reference must be unique if its upper bound is different from 1, Action: setUpperBound, Error hierarchy: 0]
] already exists.
mai 07, 2020 7:14:30 P.M. no.hvl.projectparmorel.qlearning.QModelFixer fixModel
INFO: Solution discarded.
mai 07, 2020 7:14:30 P.M. no.hvl.projectparmorel.qlearning.QModelFixer fixModel
INFO: EPISODE 12 TOTAL REWARD 366.0



mai 07, 2020 7:14:30 P.M. no.hvl.projectparmorel.qlearning.QModelFixer handleEpisode
INFO: EPISODE 13, STEP 0, Fixing error 50: A containment or bidirectional reference must be unique if its upper bound is different from 1
mai 07, 2020 7:14:30 P.M. no.hvl.projectparmorel.qlearning.QModelFixer chooseAction
INFO: Choosing optimal action
mai 07, 2020 7:14:30 P.M. no.hvl.projectparmorel.qlearning.QModelFixer handleStep
INFO: Chose action setContainmentGen in context 0 with weight 99.0
mai 07, 2020 7:14:30 P.M. no.hvl.projectparmorel.qlearning.QModelFixer handleStep
INFO: Next error code: 50
mai 07, 2020 7:14:30 P.M. no.hvl.projectparmorel.qlearning.QModelFixer handleStep
INFO: Calculating new Q-value:
Old Q-value: 99.0
Alpha: 1.0
Gamma: 1.0
Reward: -2
Next optimal action Q-value: 99.0
99.0 + 1.0 * (-2 + 1.0 * 99.0 - 99.0) = 97.0
mai 07, 2020 7:14:30 P.M. no.hvl.projectparmorel.qlearning.QModelFixer handleStep
INFO: Updated Q-table for error 50, context 0, action 1062131977 setContainmentGen to new weight 97.0


mai 07, 2020 7:14:30 P.M. no.hvl.projectparmorel.qlearning.QModelFixer handleEpisode
INFO: EPISODE 13, STEP 1, Fixing error 50: A containment or bidirectional reference must be unique if its upper bound is different from 1
mai 07, 2020 7:14:30 P.M. no.hvl.projectparmorel.qlearning.QModelFixer chooseAction
INFO: Choosing optimal action
mai 07, 2020 7:14:30 P.M. no.hvl.projectparmorel.qlearning.QModelFixer handleStep
INFO: Chose action setUpperBound in context 0 with weight 99.0
mai 07, 2020 7:14:30 P.M. no.hvl.projectparmorel.qlearning.QModelFixer updateQTable
INFO: Calculating new Q-value:
Old Q-value: 99.0
Alpha: 1.0
Gamma:1.0

Reward: -2
99.0 + 1.0 * (-2 + 1.0 - 99.0) = -1.0
mai 07, 2020 7:14:30 P.M. no.hvl.projectparmorel.qlearning.QModelFixer updateQTable
INFO: Updated Q-table for error 50, context 0, action -969028598 to new weight -1.0
mai 07, 2020 7:14:30 P.M. no.hvl.projectparmorel.qlearning.ecore.EcoreSolution calculateDistanceFromOriginal
INFO: Calculated the distance between the models to 86.0
mai 07, 2020 7:14:30 P.M. no.hvl.projectparmorel.qlearning.reward.PreferCloseDinstanceToOriginalPreference rewardcalculateRewardFor
INFO: Time to measure distance: 12 ms
mai 07, 2020 7:14:30 P.M. no.hvl.projectparmorel.qlearning.QModelFixer updateQTable
INFO: Calculating new Q-value:
Old Q-value: 97.0
Alpha: 1.0
Gamma:1.0

Reward: 86
97.0 + 1.0 * (86 + 1.0 - 97.0) = 87.0
mai 07, 2020 7:14:30 P.M. no.hvl.projectparmorel.qlearning.QModelFixer updateQTable
INFO: Updated Q-table for error 50, context 0, action 1062131977 to new weight 87.0
mai 07, 2020 7:14:30 P.M. no.hvl.projectparmorel.qlearning.QModelFixer updateQTable
INFO: Calculating new Q-value:
Old Q-value: -1.0
Alpha: 1.0
Gamma:1.0

Reward: 86
-1.0 + 1.0 * (86 + 1.0 - -1.0) = 87.0
mai 07, 2020 7:14:30 P.M. no.hvl.projectparmorel.qlearning.QModelFixer updateQTable
INFO: Updated Q-table for error 50, context 0, action -969028598 to new weight 87.0
mai 07, 2020 7:14:31 P.M. no.hvl.projectparmorel.qlearning.reward.PreferUnderstandability rewardcalculateRewardFor
INFO: Understandability of the metamodel: 1.0
Time to get metric: 734 ms
mai 07, 2020 7:14:31 P.M. no.hvl.projectparmorel.qlearning.QModelFixer isUnique
INFO: Solution [ErrorAction [Error: 50 A containment or bidirectional reference must be unique if its upper bound is different from 1, Action: setContainmentGen, Error hierarchy: 0]
, ErrorAction [Error: 50 A containment or bidirectional reference must be unique if its upper bound is different from 1, Action: setUpperBound, Error hierarchy: 0]
] already exists.
mai 07, 2020 7:14:31 P.M. no.hvl.projectparmorel.qlearning.QModelFixer fixModel
INFO: Solution discarded.
mai 07, 2020 7:14:31 P.M. no.hvl.projectparmorel.qlearning.QModelFixer fixModel
INFO: EPISODE 13 TOTAL REWARD 366.0



mai 07, 2020 7:14:31 P.M. no.hvl.projectparmorel.qlearning.QModelFixer handleEpisode
INFO: EPISODE 14, STEP 0, Fixing error 50: A containment or bidirectional reference must be unique if its upper bound is different from 1
mai 07, 2020 7:14:31 P.M. no.hvl.projectparmorel.qlearning.QModelFixer chooseAction
INFO: Choosing optimal action
mai 07, 2020 7:14:31 P.M. no.hvl.projectparmorel.qlearning.QModelFixer handleStep
INFO: Chose action setContainmentGen in context 0 with weight 99.0
mai 07, 2020 7:14:31 P.M. no.hvl.projectparmorel.qlearning.QModelFixer handleStep
INFO: Next error code: 50
mai 07, 2020 7:14:31 P.M. no.hvl.projectparmorel.qlearning.QModelFixer handleStep
INFO: Calculating new Q-value:
Old Q-value: 99.0
Alpha: 1.0
Gamma: 1.0
Reward: -2
Next optimal action Q-value: 99.0
99.0 + 1.0 * (-2 + 1.0 * 99.0 - 99.0) = 97.0
mai 07, 2020 7:14:31 P.M. no.hvl.projectparmorel.qlearning.QModelFixer handleStep
INFO: Updated Q-table for error 50, context 0, action 1062131977 setContainmentGen to new weight 97.0


mai 07, 2020 7:14:31 P.M. no.hvl.projectparmorel.qlearning.QModelFixer handleEpisode
INFO: EPISODE 14, STEP 1, Fixing error 50: A containment or bidirectional reference must be unique if its upper bound is different from 1
mai 07, 2020 7:14:31 P.M. no.hvl.projectparmorel.qlearning.QModelFixer chooseAction
INFO: Choosing random action.
mai 07, 2020 7:14:31 P.M. no.hvl.projectparmorel.qlearning.QModelFixer handleStep
INFO: Chose action delete in context 0 with weight 99.0
mai 07, 2020 7:14:34 P.M. no.hvl.projectparmorel.qlearning.QModelFixer updateQTable
INFO: Calculating new Q-value:
Old Q-value: 99.0
Alpha: 1.0
Gamma:1.0

Reward: -2
99.0 + 1.0 * (-2 + 1.0 - 99.0) = -1.0
mai 07, 2020 7:14:34 P.M. no.hvl.projectparmorel.qlearning.QModelFixer updateQTable
INFO: Updated Q-table for error 50, context 0, action 99999 to new weight -1.0
mai 07, 2020 7:14:34 P.M. no.hvl.projectparmorel.qlearning.ecore.EcoreSolution calculateDistanceFromOriginal
INFO: Calculated the distance between the models to 86.0
mai 07, 2020 7:14:34 P.M. no.hvl.projectparmorel.qlearning.reward.PreferCloseDinstanceToOriginalPreference rewardcalculateRewardFor
INFO: Time to measure distance: 14 ms
mai 07, 2020 7:14:34 P.M. no.hvl.projectparmorel.qlearning.QModelFixer updateQTable
INFO: Calculating new Q-value:
Old Q-value: 97.0
Alpha: 1.0
Gamma:1.0

Reward: 86
97.0 + 1.0 * (86 + 1.0 - 97.0) = 87.0
mai 07, 2020 7:14:34 P.M. no.hvl.projectparmorel.qlearning.QModelFixer updateQTable
INFO: Updated Q-table for error 50, context 0, action 1062131977 to new weight 87.0
mai 07, 2020 7:14:34 P.M. no.hvl.projectparmorel.qlearning.QModelFixer updateQTable
INFO: Calculating new Q-value:
Old Q-value: -1.0
Alpha: 1.0
Gamma:1.0

Reward: 86
-1.0 + 1.0 * (86 + 1.0 - -1.0) = 87.0
mai 07, 2020 7:14:34 P.M. no.hvl.projectparmorel.qlearning.QModelFixer updateQTable
INFO: Updated Q-table for error 50, context 0, action 99999 to new weight 87.0
mai 07, 2020 7:14:34 P.M. no.hvl.projectparmorel.qlearning.reward.PreferUnderstandability rewardcalculateRewardFor
INFO: Understandability of the metamodel: 1.0
Time to get metric: 828 ms
mai 07, 2020 7:14:34 P.M. no.hvl.projectparmorel.qlearning.QModelFixer isUnique
INFO: Solution [ErrorAction [Error: 50 A containment or bidirectional reference must be unique if its upper bound is different from 1, Action: setContainmentGen, Error hierarchy: 0]
, ErrorAction [Error: 50 A containment or bidirectional reference must be unique if its upper bound is different from 1, Action: delete, Error hierarchy: 0]
] already exists.
mai 07, 2020 7:14:34 P.M. no.hvl.projectparmorel.qlearning.QModelFixer fixModel
INFO: Solution discarded.
mai 07, 2020 7:14:34 P.M. no.hvl.projectparmorel.qlearning.QModelFixer fixModel
INFO: EPISODE 14 TOTAL REWARD 366.0



mai 07, 2020 7:14:34 P.M. no.hvl.projectparmorel.qlearning.QModelFixer handleEpisode
INFO: EPISODE 15, STEP 0, Fixing error 50: A containment or bidirectional reference must be unique if its upper bound is different from 1
mai 07, 2020 7:14:34 P.M. no.hvl.projectparmorel.qlearning.QModelFixer chooseAction
INFO: Choosing optimal action
mai 07, 2020 7:14:34 P.M. no.hvl.projectparmorel.qlearning.QModelFixer handleStep
INFO: Chose action setContainmentGen in context 0 with weight 99.0
mai 07, 2020 7:14:34 P.M. no.hvl.projectparmorel.qlearning.QModelFixer handleStep
INFO: Next error code: 50
mai 07, 2020 7:14:34 P.M. no.hvl.projectparmorel.qlearning.QModelFixer handleStep
INFO: Calculating new Q-value:
Old Q-value: 99.0
Alpha: 1.0
Gamma: 1.0
Reward: -2
Next optimal action Q-value: 99.0
99.0 + 1.0 * (-2 + 1.0 * 99.0 - 99.0) = 97.0
mai 07, 2020 7:14:34 P.M. no.hvl.projectparmorel.qlearning.QModelFixer handleStep
INFO: Updated Q-table for error 50, context 0, action 1062131977 setContainmentGen to new weight 97.0


mai 07, 2020 7:14:34 P.M. no.hvl.projectparmorel.qlearning.QModelFixer handleEpisode
INFO: EPISODE 15, STEP 1, Fixing error 50: A containment or bidirectional reference must be unique if its upper bound is different from 1
mai 07, 2020 7:14:34 P.M. no.hvl.projectparmorel.qlearning.QModelFixer chooseAction
INFO: Choosing random action.
mai 07, 2020 7:14:34 P.M. no.hvl.projectparmorel.qlearning.QModelFixer handleStep
INFO: Chose action setUpperBound in context 0 with weight 99.0
mai 07, 2020 7:14:34 P.M. no.hvl.projectparmorel.qlearning.QModelFixer updateQTable
INFO: Calculating new Q-value:
Old Q-value: 99.0
Alpha: 1.0
Gamma:1.0

Reward: -2
99.0 + 1.0 * (-2 + 1.0 - 99.0) = -1.0
mai 07, 2020 7:14:34 P.M. no.hvl.projectparmorel.qlearning.QModelFixer updateQTable
INFO: Updated Q-table for error 50, context 0, action -969028598 to new weight -1.0
mai 07, 2020 7:14:34 P.M. no.hvl.projectparmorel.qlearning.ecore.EcoreSolution calculateDistanceFromOriginal
INFO: Calculated the distance between the models to 86.0
mai 07, 2020 7:14:34 P.M. no.hvl.projectparmorel.qlearning.reward.PreferCloseDinstanceToOriginalPreference rewardcalculateRewardFor
INFO: Time to measure distance: 12 ms
mai 07, 2020 7:14:34 P.M. no.hvl.projectparmorel.qlearning.QModelFixer updateQTable
INFO: Calculating new Q-value:
Old Q-value: 97.0
Alpha: 1.0
Gamma:1.0

Reward: 86
97.0 + 1.0 * (86 + 1.0 - 97.0) = 87.0
mai 07, 2020 7:14:34 P.M. no.hvl.projectparmorel.qlearning.QModelFixer updateQTable
INFO: Updated Q-table for error 50, context 0, action 1062131977 to new weight 87.0
mai 07, 2020 7:14:34 P.M. no.hvl.projectparmorel.qlearning.QModelFixer updateQTable
INFO: Calculating new Q-value:
Old Q-value: -1.0
Alpha: 1.0
Gamma:1.0

Reward: 86
-1.0 + 1.0 * (86 + 1.0 - -1.0) = 87.0
mai 07, 2020 7:14:34 P.M. no.hvl.projectparmorel.qlearning.QModelFixer updateQTable
INFO: Updated Q-table for error 50, context 0, action -969028598 to new weight 87.0
mai 07, 2020 7:14:35 P.M. no.hvl.projectparmorel.qlearning.reward.PreferUnderstandability rewardcalculateRewardFor
INFO: Understandability of the metamodel: 1.0
Time to get metric: 765 ms
mai 07, 2020 7:14:35 P.M. no.hvl.projectparmorel.qlearning.QModelFixer isUnique
INFO: Solution [ErrorAction [Error: 50 A containment or bidirectional reference must be unique if its upper bound is different from 1, Action: setContainmentGen, Error hierarchy: 0]
, ErrorAction [Error: 50 A containment or bidirectional reference must be unique if its upper bound is different from 1, Action: setUpperBound, Error hierarchy: 0]
] already exists.
mai 07, 2020 7:14:35 P.M. no.hvl.projectparmorel.qlearning.QModelFixer fixModel
INFO: Solution discarded.
mai 07, 2020 7:14:35 P.M. no.hvl.projectparmorel.qlearning.QModelFixer fixModel
INFO: EPISODE 15 TOTAL REWARD 366.0



mai 07, 2020 7:14:35 P.M. no.hvl.projectparmorel.qlearning.QModelFixer handleEpisode
INFO: EPISODE 16, STEP 0, Fixing error 50: A containment or bidirectional reference must be unique if its upper bound is different from 1
mai 07, 2020 7:14:35 P.M. no.hvl.projectparmorel.qlearning.QModelFixer chooseAction
INFO: Choosing optimal action
mai 07, 2020 7:14:35 P.M. no.hvl.projectparmorel.qlearning.QModelFixer handleStep
INFO: Chose action setContainmentGen in context 0 with weight 99.0
mai 07, 2020 7:14:35 P.M. no.hvl.projectparmorel.qlearning.QModelFixer handleStep
INFO: Next error code: 50
mai 07, 2020 7:14:35 P.M. no.hvl.projectparmorel.qlearning.QModelFixer handleStep
INFO: Calculating new Q-value:
Old Q-value: 99.0
Alpha: 1.0
Gamma: 1.0
Reward: -2
Next optimal action Q-value: 99.0
99.0 + 1.0 * (-2 + 1.0 * 99.0 - 99.0) = 97.0
mai 07, 2020 7:14:35 P.M. no.hvl.projectparmorel.qlearning.QModelFixer handleStep
INFO: Updated Q-table for error 50, context 0, action 1062131977 setContainmentGen to new weight 97.0


mai 07, 2020 7:14:35 P.M. no.hvl.projectparmorel.qlearning.QModelFixer handleEpisode
INFO: EPISODE 16, STEP 1, Fixing error 50: A containment or bidirectional reference must be unique if its upper bound is different from 1
mai 07, 2020 7:14:35 P.M. no.hvl.projectparmorel.qlearning.QModelFixer chooseAction
INFO: Choosing random action.
mai 07, 2020 7:14:35 P.M. no.hvl.projectparmorel.qlearning.QModelFixer handleStep
INFO: Chose action delete in context 0 with weight 99.0
mai 07, 2020 7:14:38 P.M. no.hvl.projectparmorel.qlearning.QModelFixer updateQTable
INFO: Calculating new Q-value:
Old Q-value: 99.0
Alpha: 1.0
Gamma:1.0

Reward: -2
99.0 + 1.0 * (-2 + 1.0 - 99.0) = -1.0
mai 07, 2020 7:14:38 P.M. no.hvl.projectparmorel.qlearning.QModelFixer updateQTable
INFO: Updated Q-table for error 50, context 0, action 99999 to new weight -1.0
mai 07, 2020 7:14:38 P.M. no.hvl.projectparmorel.qlearning.ecore.EcoreSolution calculateDistanceFromOriginal
INFO: Calculated the distance between the models to 86.0
mai 07, 2020 7:14:38 P.M. no.hvl.projectparmorel.qlearning.reward.PreferCloseDinstanceToOriginalPreference rewardcalculateRewardFor
INFO: Time to measure distance: 18 ms
mai 07, 2020 7:14:38 P.M. no.hvl.projectparmorel.qlearning.QModelFixer updateQTable
INFO: Calculating new Q-value:
Old Q-value: 97.0
Alpha: 1.0
Gamma:1.0

Reward: 86
97.0 + 1.0 * (86 + 1.0 - 97.0) = 87.0
mai 07, 2020 7:14:38 P.M. no.hvl.projectparmorel.qlearning.QModelFixer updateQTable
INFO: Updated Q-table for error 50, context 0, action 1062131977 to new weight 87.0
mai 07, 2020 7:14:38 P.M. no.hvl.projectparmorel.qlearning.QModelFixer updateQTable
INFO: Calculating new Q-value:
Old Q-value: -1.0
Alpha: 1.0
Gamma:1.0

Reward: 86
-1.0 + 1.0 * (86 + 1.0 - -1.0) = 87.0
mai 07, 2020 7:14:38 P.M. no.hvl.projectparmorel.qlearning.QModelFixer updateQTable
INFO: Updated Q-table for error 50, context 0, action 99999 to new weight 87.0
mai 07, 2020 7:14:38 P.M. no.hvl.projectparmorel.qlearning.reward.PreferUnderstandability rewardcalculateRewardFor
INFO: Understandability of the metamodel: 1.0
Time to get metric: 814 ms
mai 07, 2020 7:14:38 P.M. no.hvl.projectparmorel.qlearning.QModelFixer isUnique
INFO: Solution [ErrorAction [Error: 50 A containment or bidirectional reference must be unique if its upper bound is different from 1, Action: setContainmentGen, Error hierarchy: 0]
, ErrorAction [Error: 50 A containment or bidirectional reference must be unique if its upper bound is different from 1, Action: delete, Error hierarchy: 0]
] already exists.
mai 07, 2020 7:14:38 P.M. no.hvl.projectparmorel.qlearning.QModelFixer fixModel
INFO: Solution discarded.
mai 07, 2020 7:14:38 P.M. no.hvl.projectparmorel.qlearning.QModelFixer fixModel
INFO: EPISODE 16 TOTAL REWARD 366.0



mai 07, 2020 7:14:38 P.M. no.hvl.projectparmorel.qlearning.QModelFixer handleEpisode
INFO: EPISODE 17, STEP 0, Fixing error 50: A containment or bidirectional reference must be unique if its upper bound is different from 1
mai 07, 2020 7:14:38 P.M. no.hvl.projectparmorel.qlearning.QModelFixer chooseAction
INFO: Choosing random action.
mai 07, 2020 7:14:38 P.M. no.hvl.projectparmorel.qlearning.QModelFixer handleStep
INFO: Chose action setUpperBound in context 0 with weight 99.0
mai 07, 2020 7:14:38 P.M. no.hvl.projectparmorel.qlearning.QModelFixer handleStep
INFO: Next error code: 50
mai 07, 2020 7:14:38 P.M. no.hvl.projectparmorel.qlearning.QModelFixer handleStep
INFO: Calculating new Q-value:
Old Q-value: 99.0
Alpha: 1.0
Gamma: 1.0
Reward: -2
Next optimal action Q-value: 99.0
99.0 + 1.0 * (-2 + 1.0 * 99.0 - 99.0) = 97.0
mai 07, 2020 7:14:38 P.M. no.hvl.projectparmorel.qlearning.QModelFixer handleStep
INFO: Updated Q-table for error 50, context 0, action -969028598 setUpperBound to new weight 97.0


mai 07, 2020 7:14:38 P.M. no.hvl.projectparmorel.qlearning.QModelFixer handleEpisode
INFO: EPISODE 17, STEP 1, Fixing error 50: A containment or bidirectional reference must be unique if its upper bound is different from 1
mai 07, 2020 7:14:38 P.M. no.hvl.projectparmorel.qlearning.QModelFixer chooseAction
INFO: Choosing random action.
mai 07, 2020 7:14:38 P.M. no.hvl.projectparmorel.qlearning.QModelFixer handleStep
INFO: Chose action setContainment in context 0 with weight 99.0
mai 07, 2020 7:14:38 P.M. no.hvl.projectparmorel.qlearning.QModelFixer updateQTable
INFO: Calculating new Q-value:
Old Q-value: 99.0
Alpha: 1.0
Gamma:1.0

Reward: -2
99.0 + 1.0 * (-2 + 1.0 - 99.0) = -1.0
mai 07, 2020 7:14:38 P.M. no.hvl.projectparmorel.qlearning.QModelFixer updateQTable
INFO: Updated Q-table for error 50, context 0, action 951444921 to new weight -1.0
mai 07, 2020 7:14:38 P.M. no.hvl.projectparmorel.qlearning.ecore.EcoreSolution calculateDistanceFromOriginal
INFO: Calculated the distance between the models to 86.0
mai 07, 2020 7:14:38 P.M. no.hvl.projectparmorel.qlearning.reward.PreferCloseDinstanceToOriginalPreference rewardcalculateRewardFor
INFO: Time to measure distance: 14 ms
mai 07, 2020 7:14:38 P.M. no.hvl.projectparmorel.qlearning.QModelFixer updateQTable
INFO: Calculating new Q-value:
Old Q-value: 97.0
Alpha: 1.0
Gamma:1.0

Reward: 86
97.0 + 1.0 * (86 + 1.0 - 97.0) = 87.0
mai 07, 2020 7:14:38 P.M. no.hvl.projectparmorel.qlearning.QModelFixer updateQTable
INFO: Updated Q-table for error 50, context 0, action -969028598 to new weight 87.0
mai 07, 2020 7:14:38 P.M. no.hvl.projectparmorel.qlearning.QModelFixer updateQTable
INFO: Calculating new Q-value:
Old Q-value: -1.0
Alpha: 1.0
Gamma:1.0

Reward: 86
-1.0 + 1.0 * (86 + 1.0 - -1.0) = 87.0
mai 07, 2020 7:14:38 P.M. no.hvl.projectparmorel.qlearning.QModelFixer updateQTable
INFO: Updated Q-table for error 50, context 0, action 951444921 to new weight 87.0
mai 07, 2020 7:14:39 P.M. no.hvl.projectparmorel.qlearning.reward.PreferUnderstandability rewardcalculateRewardFor
INFO: Understandability of the metamodel: 1.0
Time to get metric: 756 ms
mai 07, 2020 7:14:39 P.M. no.hvl.projectparmorel.qlearning.QModelFixer fixModel
INFO: Solution added to possible solitons: [ErrorAction [Error: 50 A containment or bidirectional reference must be unique if its upper bound is different from 1, Action: setUpperBound, Error hierarchy: 0]
, ErrorAction [Error: 50 A containment or bidirectional reference must be unique if its upper bound is different from 1, Action: setContainment, Error hierarchy: 0]
]
mai 07, 2020 7:14:39 P.M. no.hvl.projectparmorel.qlearning.QModelFixer fixModel
INFO: EPISODE 17 TOTAL REWARD 366.0



mai 07, 2020 7:14:39 P.M. no.hvl.projectparmorel.qlearning.QModelFixer handleEpisode
INFO: EPISODE 18, STEP 0, Fixing error 50: A containment or bidirectional reference must be unique if its upper bound is different from 1
mai 07, 2020 7:14:39 P.M. no.hvl.projectparmorel.qlearning.QModelFixer chooseAction
INFO: Choosing optimal action
mai 07, 2020 7:14:39 P.M. no.hvl.projectparmorel.qlearning.QModelFixer handleStep
INFO: Chose action setContainmentGen in context 0 with weight 99.0
mai 07, 2020 7:14:39 P.M. no.hvl.projectparmorel.qlearning.QModelFixer handleStep
INFO: Next error code: 50
mai 07, 2020 7:14:39 P.M. no.hvl.projectparmorel.qlearning.QModelFixer handleStep
INFO: Calculating new Q-value:
Old Q-value: 99.0
Alpha: 1.0
Gamma: 1.0
Reward: -2
Next optimal action Q-value: 99.0
99.0 + 1.0 * (-2 + 1.0 * 99.0 - 99.0) = 97.0
mai 07, 2020 7:14:39 P.M. no.hvl.projectparmorel.qlearning.QModelFixer handleStep
INFO: Updated Q-table for error 50, context 0, action 1062131977 setContainmentGen to new weight 97.0


mai 07, 2020 7:14:39 P.M. no.hvl.projectparmorel.qlearning.QModelFixer handleEpisode
INFO: EPISODE 18, STEP 1, Fixing error 50: A containment or bidirectional reference must be unique if its upper bound is different from 1
mai 07, 2020 7:14:39 P.M. no.hvl.projectparmorel.qlearning.QModelFixer chooseAction
INFO: Choosing optimal action
mai 07, 2020 7:14:39 P.M. no.hvl.projectparmorel.qlearning.QModelFixer handleStep
INFO: Chose action setUpperBound in context 0 with weight 99.0
mai 07, 2020 7:14:39 P.M. no.hvl.projectparmorel.qlearning.QModelFixer updateQTable
INFO: Calculating new Q-value:
Old Q-value: 99.0
Alpha: 1.0
Gamma:1.0

Reward: -2
99.0 + 1.0 * (-2 + 1.0 - 99.0) = -1.0
mai 07, 2020 7:14:39 P.M. no.hvl.projectparmorel.qlearning.QModelFixer updateQTable
INFO: Updated Q-table for error 50, context 0, action -969028598 to new weight -1.0
mai 07, 2020 7:14:39 P.M. no.hvl.projectparmorel.qlearning.ecore.EcoreSolution calculateDistanceFromOriginal
INFO: Calculated the distance between the models to 86.0
mai 07, 2020 7:14:39 P.M. no.hvl.projectparmorel.qlearning.reward.PreferCloseDinstanceToOriginalPreference rewardcalculateRewardFor
INFO: Time to measure distance: 12 ms
mai 07, 2020 7:14:39 P.M. no.hvl.projectparmorel.qlearning.QModelFixer updateQTable
INFO: Calculating new Q-value:
Old Q-value: 97.0
Alpha: 1.0
Gamma:1.0

Reward: 86
97.0 + 1.0 * (86 + 1.0 - 97.0) = 87.0
mai 07, 2020 7:14:39 P.M. no.hvl.projectparmorel.qlearning.QModelFixer updateQTable
INFO: Updated Q-table for error 50, context 0, action 1062131977 to new weight 87.0
mai 07, 2020 7:14:39 P.M. no.hvl.projectparmorel.qlearning.QModelFixer updateQTable
INFO: Calculating new Q-value:
Old Q-value: -1.0
Alpha: 1.0
Gamma:1.0

Reward: 86
-1.0 + 1.0 * (86 + 1.0 - -1.0) = 87.0
mai 07, 2020 7:14:39 P.M. no.hvl.projectparmorel.qlearning.QModelFixer updateQTable
INFO: Updated Q-table for error 50, context 0, action -969028598 to new weight 87.0
mai 07, 2020 7:14:40 P.M. no.hvl.projectparmorel.qlearning.reward.PreferUnderstandability rewardcalculateRewardFor
INFO: Understandability of the metamodel: 1.0
Time to get metric: 859 ms
mai 07, 2020 7:14:40 P.M. no.hvl.projectparmorel.qlearning.QModelFixer isUnique
INFO: Solution [ErrorAction [Error: 50 A containment or bidirectional reference must be unique if its upper bound is different from 1, Action: setContainmentGen, Error hierarchy: 0]
, ErrorAction [Error: 50 A containment or bidirectional reference must be unique if its upper bound is different from 1, Action: setUpperBound, Error hierarchy: 0]
] already exists.
mai 07, 2020 7:14:40 P.M. no.hvl.projectparmorel.qlearning.QModelFixer fixModel
INFO: Solution discarded.
mai 07, 2020 7:14:40 P.M. no.hvl.projectparmorel.qlearning.QModelFixer fixModel
INFO: EPISODE 18 TOTAL REWARD 366.0



mai 07, 2020 7:14:40 P.M. no.hvl.projectparmorel.qlearning.QModelFixer handleEpisode
INFO: EPISODE 19, STEP 0, Fixing error 50: A containment or bidirectional reference must be unique if its upper bound is different from 1
mai 07, 2020 7:14:40 P.M. no.hvl.projectparmorel.qlearning.QModelFixer chooseAction
INFO: Choosing optimal action
mai 07, 2020 7:14:40 P.M. no.hvl.projectparmorel.qlearning.QModelFixer handleStep
INFO: Chose action setContainmentGen in context 0 with weight 99.0
mai 07, 2020 7:14:40 P.M. no.hvl.projectparmorel.qlearning.QModelFixer handleStep
INFO: Next error code: 50
mai 07, 2020 7:14:40 P.M. no.hvl.projectparmorel.qlearning.QModelFixer handleStep
INFO: Calculating new Q-value:
Old Q-value: 99.0
Alpha: 1.0
Gamma: 1.0
Reward: -2
Next optimal action Q-value: 99.0
99.0 + 1.0 * (-2 + 1.0 * 99.0 - 99.0) = 97.0
mai 07, 2020 7:14:40 P.M. no.hvl.projectparmorel.qlearning.QModelFixer handleStep
INFO: Updated Q-table for error 50, context 0, action 1062131977 setContainmentGen to new weight 97.0


mai 07, 2020 7:14:40 P.M. no.hvl.projectparmorel.qlearning.QModelFixer handleEpisode
INFO: EPISODE 19, STEP 1, Fixing error 50: A containment or bidirectional reference must be unique if its upper bound is different from 1
mai 07, 2020 7:14:40 P.M. no.hvl.projectparmorel.qlearning.QModelFixer chooseAction
INFO: Choosing optimal action
mai 07, 2020 7:14:40 P.M. no.hvl.projectparmorel.qlearning.QModelFixer handleStep
INFO: Chose action setUpperBound in context 0 with weight 99.0
mai 07, 2020 7:14:40 P.M. no.hvl.projectparmorel.qlearning.QModelFixer updateQTable
INFO: Calculating new Q-value:
Old Q-value: 99.0
Alpha: 1.0
Gamma:1.0

Reward: -2
99.0 + 1.0 * (-2 + 1.0 - 99.0) = -1.0
mai 07, 2020 7:14:40 P.M. no.hvl.projectparmorel.qlearning.QModelFixer updateQTable
INFO: Updated Q-table for error 50, context 0, action -969028598 to new weight -1.0
mai 07, 2020 7:14:40 P.M. no.hvl.projectparmorel.qlearning.ecore.EcoreSolution calculateDistanceFromOriginal
INFO: Calculated the distance between the models to 86.0
mai 07, 2020 7:14:40 P.M. no.hvl.projectparmorel.qlearning.reward.PreferCloseDinstanceToOriginalPreference rewardcalculateRewardFor
INFO: Time to measure distance: 13 ms
mai 07, 2020 7:14:40 P.M. no.hvl.projectparmorel.qlearning.QModelFixer updateQTable
INFO: Calculating new Q-value:
Old Q-value: 97.0
Alpha: 1.0
Gamma:1.0

Reward: 86
97.0 + 1.0 * (86 + 1.0 - 97.0) = 87.0
mai 07, 2020 7:14:40 P.M. no.hvl.projectparmorel.qlearning.QModelFixer updateQTable
INFO: Updated Q-table for error 50, context 0, action 1062131977 to new weight 87.0
mai 07, 2020 7:14:40 P.M. no.hvl.projectparmorel.qlearning.QModelFixer updateQTable
INFO: Calculating new Q-value:
Old Q-value: -1.0
Alpha: 1.0
Gamma:1.0

Reward: 86
-1.0 + 1.0 * (86 + 1.0 - -1.0) = 87.0
mai 07, 2020 7:14:40 P.M. no.hvl.projectparmorel.qlearning.QModelFixer updateQTable
INFO: Updated Q-table for error 50, context 0, action -969028598 to new weight 87.0
mai 07, 2020 7:14:41 P.M. no.hvl.projectparmorel.qlearning.reward.PreferUnderstandability rewardcalculateRewardFor
INFO: Understandability of the metamodel: 1.0
Time to get metric: 897 ms
mai 07, 2020 7:14:41 P.M. no.hvl.projectparmorel.qlearning.QModelFixer isUnique
INFO: Solution [ErrorAction [Error: 50 A containment or bidirectional reference must be unique if its upper bound is different from 1, Action: setContainmentGen, Error hierarchy: 0]
, ErrorAction [Error: 50 A containment or bidirectional reference must be unique if its upper bound is different from 1, Action: setUpperBound, Error hierarchy: 0]
] already exists.
mai 07, 2020 7:14:41 P.M. no.hvl.projectparmorel.qlearning.QModelFixer fixModel
INFO: Solution discarded.
mai 07, 2020 7:14:41 P.M. no.hvl.projectparmorel.qlearning.QModelFixer fixModel
INFO: EPISODE 19 TOTAL REWARD 366.0



mai 07, 2020 7:14:41 P.M. no.hvl.projectparmorel.qlearning.QModelFixer handleEpisode
INFO: EPISODE 20, STEP 0, Fixing error 50: A containment or bidirectional reference must be unique if its upper bound is different from 1
mai 07, 2020 7:14:41 P.M. no.hvl.projectparmorel.qlearning.QModelFixer chooseAction
INFO: Choosing optimal action
mai 07, 2020 7:14:41 P.M. no.hvl.projectparmorel.qlearning.QModelFixer handleStep
INFO: Chose action setContainmentGen in context 0 with weight 99.0
mai 07, 2020 7:14:41 P.M. no.hvl.projectparmorel.qlearning.QModelFixer handleStep
INFO: Next error code: 50
mai 07, 2020 7:14:41 P.M. no.hvl.projectparmorel.qlearning.QModelFixer handleStep
INFO: Calculating new Q-value:
Old Q-value: 99.0
Alpha: 1.0
Gamma: 1.0
Reward: -2
Next optimal action Q-value: 99.0
99.0 + 1.0 * (-2 + 1.0 * 99.0 - 99.0) = 97.0
mai 07, 2020 7:14:41 P.M. no.hvl.projectparmorel.qlearning.QModelFixer handleStep
INFO: Updated Q-table for error 50, context 0, action 1062131977 setContainmentGen to new weight 97.0


mai 07, 2020 7:14:41 P.M. no.hvl.projectparmorel.qlearning.QModelFixer handleEpisode
INFO: EPISODE 20, STEP 1, Fixing error 50: A containment or bidirectional reference must be unique if its upper bound is different from 1
mai 07, 2020 7:14:41 P.M. no.hvl.projectparmorel.qlearning.QModelFixer chooseAction
INFO: Choosing optimal action
mai 07, 2020 7:14:41 P.M. no.hvl.projectparmorel.qlearning.QModelFixer handleStep
INFO: Chose action setUpperBound in context 0 with weight 99.0
mai 07, 2020 7:14:41 P.M. no.hvl.projectparmorel.qlearning.QModelFixer updateQTable
INFO: Calculating new Q-value:
Old Q-value: 99.0
Alpha: 1.0
Gamma:1.0

Reward: -2
99.0 + 1.0 * (-2 + 1.0 - 99.0) = -1.0
mai 07, 2020 7:14:41 P.M. no.hvl.projectparmorel.qlearning.QModelFixer updateQTable
INFO: Updated Q-table for error 50, context 0, action -969028598 to new weight -1.0
mai 07, 2020 7:14:41 P.M. no.hvl.projectparmorel.qlearning.ecore.EcoreSolution calculateDistanceFromOriginal
INFO: Calculated the distance between the models to 86.0
mai 07, 2020 7:14:41 P.M. no.hvl.projectparmorel.qlearning.reward.PreferCloseDinstanceToOriginalPreference rewardcalculateRewardFor
INFO: Time to measure distance: 13 ms
mai 07, 2020 7:14:41 P.M. no.hvl.projectparmorel.qlearning.QModelFixer updateQTable
INFO: Calculating new Q-value:
Old Q-value: 97.0
Alpha: 1.0
Gamma:1.0

Reward: 86
97.0 + 1.0 * (86 + 1.0 - 97.0) = 87.0
mai 07, 2020 7:14:41 P.M. no.hvl.projectparmorel.qlearning.QModelFixer updateQTable
INFO: Updated Q-table for error 50, context 0, action 1062131977 to new weight 87.0
mai 07, 2020 7:14:41 P.M. no.hvl.projectparmorel.qlearning.QModelFixer updateQTable
INFO: Calculating new Q-value:
Old Q-value: -1.0
Alpha: 1.0
Gamma:1.0

Reward: 86
-1.0 + 1.0 * (86 + 1.0 - -1.0) = 87.0
mai 07, 2020 7:14:41 P.M. no.hvl.projectparmorel.qlearning.QModelFixer updateQTable
INFO: Updated Q-table for error 50, context 0, action -969028598 to new weight 87.0
mai 07, 2020 7:14:42 P.M. no.hvl.projectparmorel.qlearning.reward.PreferUnderstandability rewardcalculateRewardFor
INFO: Understandability of the metamodel: 1.0
Time to get metric: 1010 ms
mai 07, 2020 7:14:42 P.M. no.hvl.projectparmorel.qlearning.QModelFixer isUnique
INFO: Solution [ErrorAction [Error: 50 A containment or bidirectional reference must be unique if its upper bound is different from 1, Action: setContainmentGen, Error hierarchy: 0]
, ErrorAction [Error: 50 A containment or bidirectional reference must be unique if its upper bound is different from 1, Action: setUpperBound, Error hierarchy: 0]
] already exists.
mai 07, 2020 7:14:42 P.M. no.hvl.projectparmorel.qlearning.QModelFixer fixModel
INFO: Solution discarded.
mai 07, 2020 7:14:42 P.M. no.hvl.projectparmorel.qlearning.QModelFixer fixModel
INFO: EPISODE 20 TOTAL REWARD 366.0



mai 07, 2020 7:14:42 P.M. no.hvl.projectparmorel.qlearning.QModelFixer handleEpisode
INFO: EPISODE 21, STEP 0, Fixing error 50: A containment or bidirectional reference must be unique if its upper bound is different from 1
mai 07, 2020 7:14:42 P.M. no.hvl.projectparmorel.qlearning.QModelFixer chooseAction
INFO: Choosing optimal action
mai 07, 2020 7:14:42 P.M. no.hvl.projectparmorel.qlearning.QModelFixer handleStep
INFO: Chose action setContainmentGen in context 0 with weight 99.0
mai 07, 2020 7:14:42 P.M. no.hvl.projectparmorel.qlearning.QModelFixer handleStep
INFO: Next error code: 50
mai 07, 2020 7:14:42 P.M. no.hvl.projectparmorel.qlearning.QModelFixer handleStep
INFO: Calculating new Q-value:
Old Q-value: 99.0
Alpha: 1.0
Gamma: 1.0
Reward: -2
Next optimal action Q-value: 99.0
99.0 + 1.0 * (-2 + 1.0 * 99.0 - 99.0) = 97.0
mai 07, 2020 7:14:42 P.M. no.hvl.projectparmorel.qlearning.QModelFixer handleStep
INFO: Updated Q-table for error 50, context 0, action 1062131977 setContainmentGen to new weight 97.0


mai 07, 2020 7:14:42 P.M. no.hvl.projectparmorel.qlearning.QModelFixer handleEpisode
INFO: EPISODE 21, STEP 1, Fixing error 50: A containment or bidirectional reference must be unique if its upper bound is different from 1
mai 07, 2020 7:14:42 P.M. no.hvl.projectparmorel.qlearning.QModelFixer chooseAction
INFO: Choosing random action.
mai 07, 2020 7:14:42 P.M. no.hvl.projectparmorel.qlearning.QModelFixer handleStep
INFO: Chose action setUpperBound in context 0 with weight 99.0
mai 07, 2020 7:14:42 P.M. no.hvl.projectparmorel.qlearning.QModelFixer updateQTable
INFO: Calculating new Q-value:
Old Q-value: 99.0
Alpha: 1.0
Gamma:1.0

Reward: -2
99.0 + 1.0 * (-2 + 1.0 - 99.0) = -1.0
mai 07, 2020 7:14:42 P.M. no.hvl.projectparmorel.qlearning.QModelFixer updateQTable
INFO: Updated Q-table for error 50, context 0, action -969028598 to new weight -1.0
mai 07, 2020 7:14:42 P.M. no.hvl.projectparmorel.qlearning.ecore.EcoreSolution calculateDistanceFromOriginal
INFO: Calculated the distance between the models to 86.0
mai 07, 2020 7:14:42 P.M. no.hvl.projectparmorel.qlearning.reward.PreferCloseDinstanceToOriginalPreference rewardcalculateRewardFor
INFO: Time to measure distance: 17 ms
mai 07, 2020 7:14:42 P.M. no.hvl.projectparmorel.qlearning.QModelFixer updateQTable
INFO: Calculating new Q-value:
Old Q-value: 97.0
Alpha: 1.0
Gamma:1.0

Reward: 86
97.0 + 1.0 * (86 + 1.0 - 97.0) = 87.0
mai 07, 2020 7:14:42 P.M. no.hvl.projectparmorel.qlearning.QModelFixer updateQTable
INFO: Updated Q-table for error 50, context 0, action 1062131977 to new weight 87.0
mai 07, 2020 7:14:42 P.M. no.hvl.projectparmorel.qlearning.QModelFixer updateQTable
INFO: Calculating new Q-value:
Old Q-value: -1.0
Alpha: 1.0
Gamma:1.0

Reward: 86
-1.0 + 1.0 * (86 + 1.0 - -1.0) = 87.0
mai 07, 2020 7:14:42 P.M. no.hvl.projectparmorel.qlearning.QModelFixer updateQTable
INFO: Updated Q-table for error 50, context 0, action -969028598 to new weight 87.0
mai 07, 2020 7:14:43 P.M. no.hvl.projectparmorel.qlearning.reward.PreferUnderstandability rewardcalculateRewardFor
INFO: Understandability of the metamodel: 1.0
Time to get metric: 956 ms
mai 07, 2020 7:14:43 P.M. no.hvl.projectparmorel.qlearning.QModelFixer isUnique
INFO: Solution [ErrorAction [Error: 50 A containment or bidirectional reference must be unique if its upper bound is different from 1, Action: setContainmentGen, Error hierarchy: 0]
, ErrorAction [Error: 50 A containment or bidirectional reference must be unique if its upper bound is different from 1, Action: setUpperBound, Error hierarchy: 0]
] already exists.
mai 07, 2020 7:14:43 P.M. no.hvl.projectparmorel.qlearning.QModelFixer fixModel
INFO: Solution discarded.
mai 07, 2020 7:14:43 P.M. no.hvl.projectparmorel.qlearning.QModelFixer fixModel
INFO: EPISODE 21 TOTAL REWARD 366.0



mai 07, 2020 7:14:43 P.M. no.hvl.projectparmorel.qlearning.QModelFixer handleEpisode
INFO: EPISODE 22, STEP 0, Fixing error 50: A containment or bidirectional reference must be unique if its upper bound is different from 1
mai 07, 2020 7:14:43 P.M. no.hvl.projectparmorel.qlearning.QModelFixer chooseAction
INFO: Choosing optimal action
mai 07, 2020 7:14:43 P.M. no.hvl.projectparmorel.qlearning.QModelFixer handleStep
INFO: Chose action setContainmentGen in context 0 with weight 99.0
mai 07, 2020 7:14:43 P.M. no.hvl.projectparmorel.qlearning.QModelFixer handleStep
INFO: Next error code: 50
mai 07, 2020 7:14:43 P.M. no.hvl.projectparmorel.qlearning.QModelFixer handleStep
INFO: Calculating new Q-value:
Old Q-value: 99.0
Alpha: 1.0
Gamma: 1.0
Reward: -2
Next optimal action Q-value: 99.0
99.0 + 1.0 * (-2 + 1.0 * 99.0 - 99.0) = 97.0
mai 07, 2020 7:14:43 P.M. no.hvl.projectparmorel.qlearning.QModelFixer handleStep
INFO: Updated Q-table for error 50, context 0, action 1062131977 setContainmentGen to new weight 97.0


mai 07, 2020 7:14:43 P.M. no.hvl.projectparmorel.qlearning.QModelFixer handleEpisode
INFO: EPISODE 22, STEP 1, Fixing error 50: A containment or bidirectional reference must be unique if its upper bound is different from 1
mai 07, 2020 7:14:43 P.M. no.hvl.projectparmorel.qlearning.QModelFixer chooseAction
INFO: Choosing random action.
mai 07, 2020 7:14:43 P.M. no.hvl.projectparmorel.qlearning.QModelFixer handleStep
INFO: Chose action setContainmentGen in context 0 with weight 97.0
mai 07, 2020 7:14:43 P.M. no.hvl.projectparmorel.qlearning.QModelFixer updateQTable
INFO: Calculating new Q-value:
Old Q-value: 97.0
Alpha: 1.0
Gamma:1.0

Reward: -2
97.0 + 1.0 * (-2 + 1.0 - 97.0) = -1.0
mai 07, 2020 7:14:43 P.M. no.hvl.projectparmorel.qlearning.QModelFixer updateQTable
INFO: Updated Q-table for error 50, context 0, action 1062131977 to new weight -1.0
mai 07, 2020 7:14:43 P.M. no.hvl.projectparmorel.qlearning.ecore.EcoreSolution calculateDistanceFromOriginal
INFO: Calculated the distance between the models to 86.0
mai 07, 2020 7:14:43 P.M. no.hvl.projectparmorel.qlearning.reward.PreferCloseDinstanceToOriginalPreference rewardcalculateRewardFor
INFO: Time to measure distance: 24 ms
mai 07, 2020 7:14:43 P.M. no.hvl.projectparmorel.qlearning.QModelFixer updateQTable
INFO: Calculating new Q-value:
Old Q-value: -1.0
Alpha: 1.0
Gamma:1.0

Reward: 86
-1.0 + 1.0 * (86 + 1.0 - -1.0) = 87.0
mai 07, 2020 7:14:43 P.M. no.hvl.projectparmorel.qlearning.QModelFixer updateQTable
INFO: Updated Q-table for error 50, context 0, action 1062131977 to new weight 87.0
mai 07, 2020 7:14:43 P.M. no.hvl.projectparmorel.qlearning.QModelFixer updateQTable
INFO: Calculating new Q-value:
Old Q-value: 87.0
Alpha: 1.0
Gamma:1.0

Reward: 86
87.0 + 1.0 * (86 + 1.0 - 87.0) = 87.0
mai 07, 2020 7:14:43 P.M. no.hvl.projectparmorel.qlearning.QModelFixer updateQTable
INFO: Updated Q-table for error 50, context 0, action 1062131977 to new weight 87.0
mai 07, 2020 7:14:44 P.M. no.hvl.projectparmorel.qlearning.reward.PreferUnderstandability rewardcalculateRewardFor
INFO: Understandability of the metamodel: 1.0
Time to get metric: 946 ms
mai 07, 2020 7:14:44 P.M. no.hvl.projectparmorel.qlearning.QModelFixer isUnique
INFO: Solution [ErrorAction [Error: 50 A containment or bidirectional reference must be unique if its upper bound is different from 1, Action: setContainmentGen, Error hierarchy: 0]
, ErrorAction [Error: 50 A containment or bidirectional reference must be unique if its upper bound is different from 1, Action: setContainmentGen, Error hierarchy: 0]
] already exists.
mai 07, 2020 7:14:44 P.M. no.hvl.projectparmorel.qlearning.QModelFixer fixModel
INFO: Solution discarded.
mai 07, 2020 7:14:44 P.M. no.hvl.projectparmorel.qlearning.QModelFixer fixModel
INFO: EPISODE 22 TOTAL REWARD 366.0



mai 07, 2020 7:14:44 P.M. no.hvl.projectparmorel.qlearning.QModelFixer handleEpisode
INFO: EPISODE 23, STEP 0, Fixing error 50: A containment or bidirectional reference must be unique if its upper bound is different from 1
mai 07, 2020 7:14:44 P.M. no.hvl.projectparmorel.qlearning.QModelFixer chooseAction
INFO: Choosing optimal action
mai 07, 2020 7:14:44 P.M. no.hvl.projectparmorel.qlearning.QModelFixer handleStep
INFO: Chose action setContainmentGen in context 0 with weight 99.0
mai 07, 2020 7:14:44 P.M. no.hvl.projectparmorel.qlearning.QModelFixer handleStep
INFO: Next error code: 50
mai 07, 2020 7:14:44 P.M. no.hvl.projectparmorel.qlearning.QModelFixer handleStep
INFO: Calculating new Q-value:
Old Q-value: 99.0
Alpha: 1.0
Gamma: 1.0
Reward: -2
Next optimal action Q-value: 99.0
99.0 + 1.0 * (-2 + 1.0 * 99.0 - 99.0) = 97.0
mai 07, 2020 7:14:44 P.M. no.hvl.projectparmorel.qlearning.QModelFixer handleStep
INFO: Updated Q-table for error 50, context 0, action 1062131977 setContainmentGen to new weight 97.0


mai 07, 2020 7:14:44 P.M. no.hvl.projectparmorel.qlearning.QModelFixer handleEpisode
INFO: EPISODE 23, STEP 1, Fixing error 50: A containment or bidirectional reference must be unique if its upper bound is different from 1
mai 07, 2020 7:14:44 P.M. no.hvl.projectparmorel.qlearning.QModelFixer chooseAction
INFO: Choosing optimal action
mai 07, 2020 7:14:44 P.M. no.hvl.projectparmorel.qlearning.QModelFixer handleStep
INFO: Chose action setUpperBound in context 0 with weight 99.0
mai 07, 2020 7:14:44 P.M. no.hvl.projectparmorel.qlearning.QModelFixer updateQTable
INFO: Calculating new Q-value:
Old Q-value: 99.0
Alpha: 1.0
Gamma:1.0

Reward: -2
99.0 + 1.0 * (-2 + 1.0 - 99.0) = -1.0
mai 07, 2020 7:14:44 P.M. no.hvl.projectparmorel.qlearning.QModelFixer updateQTable
INFO: Updated Q-table for error 50, context 0, action -969028598 to new weight -1.0
mai 07, 2020 7:14:44 P.M. no.hvl.projectparmorel.qlearning.ecore.EcoreSolution calculateDistanceFromOriginal
INFO: Calculated the distance between the models to 86.0
mai 07, 2020 7:14:44 P.M. no.hvl.projectparmorel.qlearning.reward.PreferCloseDinstanceToOriginalPreference rewardcalculateRewardFor
INFO: Time to measure distance: 13 ms
mai 07, 2020 7:14:44 P.M. no.hvl.projectparmorel.qlearning.QModelFixer updateQTable
INFO: Calculating new Q-value:
Old Q-value: 97.0
Alpha: 1.0
Gamma:1.0

Reward: 86
97.0 + 1.0 * (86 + 1.0 - 97.0) = 87.0
mai 07, 2020 7:14:44 P.M. no.hvl.projectparmorel.qlearning.QModelFixer updateQTable
INFO: Updated Q-table for error 50, context 0, action 1062131977 to new weight 87.0
mai 07, 2020 7:14:44 P.M. no.hvl.projectparmorel.qlearning.QModelFixer updateQTable
INFO: Calculating new Q-value:
Old Q-value: -1.0
Alpha: 1.0
Gamma:1.0

Reward: 86
-1.0 + 1.0 * (86 + 1.0 - -1.0) = 87.0
mai 07, 2020 7:14:44 P.M. no.hvl.projectparmorel.qlearning.QModelFixer updateQTable
INFO: Updated Q-table for error 50, context 0, action -969028598 to new weight 87.0
mai 07, 2020 7:14:45 P.M. no.hvl.projectparmorel.qlearning.reward.PreferUnderstandability rewardcalculateRewardFor
INFO: Understandability of the metamodel: 1.0
Time to get metric: 852 ms
mai 07, 2020 7:14:45 P.M. no.hvl.projectparmorel.qlearning.QModelFixer isUnique
INFO: Solution [ErrorAction [Error: 50 A containment or bidirectional reference must be unique if its upper bound is different from 1, Action: setContainmentGen, Error hierarchy: 0]
, ErrorAction [Error: 50 A containment or bidirectional reference must be unique if its upper bound is different from 1, Action: setUpperBound, Error hierarchy: 0]
] already exists.
mai 07, 2020 7:14:45 P.M. no.hvl.projectparmorel.qlearning.QModelFixer fixModel
INFO: Solution discarded.
mai 07, 2020 7:14:45 P.M. no.hvl.projectparmorel.qlearning.QModelFixer fixModel
INFO: EPISODE 23 TOTAL REWARD 366.0



mai 07, 2020 7:14:45 P.M. no.hvl.projectparmorel.qlearning.QModelFixer handleEpisode
INFO: EPISODE 24, STEP 0, Fixing error 50: A containment or bidirectional reference must be unique if its upper bound is different from 1
mai 07, 2020 7:14:45 P.M. no.hvl.projectparmorel.qlearning.QModelFixer chooseAction
INFO: Choosing random action.
mai 07, 2020 7:14:45 P.M. no.hvl.projectparmorel.qlearning.QModelFixer handleStep
INFO: Chose action delete in context 0 with weight 99.0
mai 07, 2020 7:14:48 P.M. no.hvl.projectparmorel.qlearning.QModelFixer handleStep
INFO: Next error code: 50
mai 07, 2020 7:14:48 P.M. no.hvl.projectparmorel.qlearning.QModelFixer handleStep
INFO: Calculating new Q-value:
Old Q-value: 99.0
Alpha: 1.0
Gamma: 1.0
Reward: -2
Next optimal action Q-value: 99.0
99.0 + 1.0 * (-2 + 1.0 * 99.0 - 99.0) = 97.0
mai 07, 2020 7:14:48 P.M. no.hvl.projectparmorel.qlearning.QModelFixer handleStep
INFO: Updated Q-table for error 50, context 0, action 99999 delete to new weight 97.0


mai 07, 2020 7:14:48 P.M. no.hvl.projectparmorel.qlearning.QModelFixer handleEpisode
INFO: EPISODE 24, STEP 1, Fixing error 50: A containment or bidirectional reference must be unique if its upper bound is different from 1
mai 07, 2020 7:14:48 P.M. no.hvl.projectparmorel.qlearning.QModelFixer chooseAction
INFO: Choosing random action.
mai 07, 2020 7:14:48 P.M. no.hvl.projectparmorel.qlearning.QModelFixer handleStep
INFO: Chose action setContainment in context 0 with weight 99.0
mai 07, 2020 7:14:48 P.M. no.hvl.projectparmorel.qlearning.QModelFixer updateQTable
INFO: Calculating new Q-value:
Old Q-value: 99.0
Alpha: 1.0
Gamma:1.0

Reward: -2
99.0 + 1.0 * (-2 + 1.0 - 99.0) = -1.0
mai 07, 2020 7:14:48 P.M. no.hvl.projectparmorel.qlearning.QModelFixer updateQTable
INFO: Updated Q-table for error 50, context 0, action 951444921 to new weight -1.0
mai 07, 2020 7:14:48 P.M. no.hvl.projectparmorel.qlearning.ecore.EcoreSolution calculateDistanceFromOriginal
INFO: Calculated the distance between the models to 86.0
mai 07, 2020 7:14:48 P.M. no.hvl.projectparmorel.qlearning.reward.PreferCloseDinstanceToOriginalPreference rewardcalculateRewardFor
INFO: Time to measure distance: 12 ms
mai 07, 2020 7:14:48 P.M. no.hvl.projectparmorel.qlearning.QModelFixer updateQTable
INFO: Calculating new Q-value:
Old Q-value: 97.0
Alpha: 1.0
Gamma:1.0

Reward: 86
97.0 + 1.0 * (86 + 1.0 - 97.0) = 87.0
mai 07, 2020 7:14:48 P.M. no.hvl.projectparmorel.qlearning.QModelFixer updateQTable
INFO: Updated Q-table for error 50, context 0, action 99999 to new weight 87.0
mai 07, 2020 7:14:48 P.M. no.hvl.projectparmorel.qlearning.QModelFixer updateQTable
INFO: Calculating new Q-value:
Old Q-value: -1.0
Alpha: 1.0
Gamma:1.0

Reward: 86
-1.0 + 1.0 * (86 + 1.0 - -1.0) = 87.0
mai 07, 2020 7:14:48 P.M. no.hvl.projectparmorel.qlearning.QModelFixer updateQTable
INFO: Updated Q-table for error 50, context 0, action 951444921 to new weight 87.0
mai 07, 2020 7:14:49 P.M. no.hvl.projectparmorel.qlearning.reward.PreferUnderstandability rewardcalculateRewardFor
INFO: Understandability of the metamodel: 1.0
Time to get metric: 891 ms
mai 07, 2020 7:14:49 P.M. no.hvl.projectparmorel.qlearning.QModelFixer fixModel
INFO: Solution added to possible solitons: [ErrorAction [Error: 50 A containment or bidirectional reference must be unique if its upper bound is different from 1, Action: delete, Error hierarchy: 0]
, ErrorAction [Error: 50 A containment or bidirectional reference must be unique if its upper bound is different from 1, Action: setContainment, Error hierarchy: 0]
]
mai 07, 2020 7:14:49 P.M. no.hvl.projectparmorel.qlearning.QModelFixer fixModel
INFO: EPISODE 24 TOTAL REWARD 366.0



mai 07, 2020 7:14:49 P.M. no.hvl.projectparmorel.qlearning.QModelFixer fixModel
INFO: Time repairing model: 36350 ms
mai 07, 2020 7:14:49 P.M. no.hvl.projectparmorel.qlearning.QModelFixer fixModel
INFO: 
-----------------ALL SEQUENCES FOUND-------------------
SIZE: 8
DISCARDED SEQUENCES: 17
--------::::B E S T   S E Q U E N C E   I S::::---------
Sequence [id=0, seq=[ErrorAction [Error: 50 A containment or bidirectional reference must be unique if its upper bound is different from 1, Action: setContainmentGen, Error hierarchy: 0]
, ErrorAction [Error: 50 A containment or bidirectional reference must be unique if its upper bound is different from 1, Action: setContainmentGen, Error hierarchy: 0]
], weight=366.0]

 with 2 actions.
mai 07, 2020 7:14:49 P.M. no.hvl.projectparmorel.qlearning.knowledge.Knowledge save
INFO: Saving initialized
mai 07, 2020 7:14:49 P.M. no.hvl.projectparmorel.qlearning.knowledge.Knowledge save
INFO: document prepared
mai 07, 2020 7:14:49 P.M. no.hvl.projectparmorel.qlearning.knowledge.Knowledge save
INFO: Saving completed to /Users/Magnus/Skole/DAT300/EclipseWorkspace3/ParmorelRunnable/knowledge.xml
mai 07, 2020 7:14:49 P.M. no.hvl.projectparmorel.qlearning.knowledge.Knowledge save
INFO: Saving initialized
mai 07, 2020 7:14:49 P.M. no.hvl.projectparmorel.qlearning.knowledge.Knowledge save
INFO: document prepared
mai 07, 2020 7:14:49 P.M. no.hvl.projectparmorel.qlearning.knowledge.Knowledge save
INFO: Saving completed to /Users/Magnus/Skole/DAT300/EclipseWorkspace3/ParmorelRunnable/knowledge.xml
