apr. 11, 2020 3:20:08 P.M. hvl.projectparmorel.modelrepair.QModelFixer fixModel
INFO: Repairing d7.ecore
apr. 11, 2020 3:20:08 P.M. hvl.projectparmorel.modelrepair.QModelFixer fixModel
INFO: Running with preferences [1, 5]
apr. 11, 2020 3:20:08 P.M. hvl.projectparmorel.modelrepair.QModelFixer fixModel
INFO: Initial number of errors in model: 3
Maximum number of steps per episode: 20
Errors to fix: [Error 44, message=The name 'null' is not well formed
, Error 40, message=The typed element must have a type
, Error 441, message=The name 'null' is not well formed
]
apr. 11, 2020 3:20:08 P.M. hvl.projectparmorel.modelrepair.QModelFixer fixModel
INFO: Initializing Q-table for the errors.
apr. 11, 2020 3:20:08 P.M. hvl.projectparmorel.modelrepair.QModelFixer fixModel
INFO: Number of episodes: 25
apr. 11, 2020 3:20:08 P.M. hvl.projectparmorel.modelrepair.QModelFixer handleEpisode
INFO: EPISODE 0, STEP 0, Fixing error 44: The name 'null' is not well formed
apr. 11, 2020 3:20:08 P.M. hvl.projectparmorel.modelrepair.QModelFixer chooseAction
INFO: Choosing optimal action
apr. 11, 2020 3:20:08 P.M. hvl.projectparmorel.modelrepair.QModelFixer handleStep
INFO: Chose action setName in context 0 with weight 1822.4463463768082
apr. 11, 2020 3:20:08 P.M. hvl.projectparmorel.modelrepair.QModelFixer handleStep
INFO: Next error code: 40
apr. 11, 2020 3:20:08 P.M. hvl.projectparmorel.modelrepair.QModelFixer handleStep
INFO: Calculating new Q-value:
Old Q-value: 1822.4463463768082
Alpha: 1.0
Gamma: 1.0
Reward: 180
Next optimal action Q-value: 1080.0
1822.4463463768082 + 1.0 * (180 + 1.0 * 1080.0 - 1822.4463463768082) = 1260.0
apr. 11, 2020 3:20:08 P.M. hvl.projectparmorel.modelrepair.QModelFixer handleStep
INFO: Updated Q-table for error 44, context 0, action -801382182 setName to new weight 1260.0


apr. 11, 2020 3:20:08 P.M. hvl.projectparmorel.modelrepair.QModelFixer handleEpisode
INFO: EPISODE 0, STEP 1, Fixing error 40: The typed element must have a type
apr. 11, 2020 3:20:08 P.M. hvl.projectparmorel.modelrepair.QModelFixer chooseAction
INFO: Choosing random action.
apr. 11, 2020 3:20:08 P.M. hvl.projectparmorel.modelrepair.QModelFixer handleStep
INFO: Chose action setEType in context 0 with weight 180.00000000000054
apr. 11, 2020 3:20:08 P.M. hvl.projectparmorel.modelrepair.QModelFixer handleStep
INFO: Next error code: 441
apr. 11, 2020 3:20:08 P.M. hvl.projectparmorel.modelrepair.QModelFixer handleStep
INFO: Calculating new Q-value:
Old Q-value: 180.00000000000054
Alpha: 1.0
Gamma: 1.0
Reward: 180
Next optimal action Q-value: 2438.451322341065
180.00000000000054 + 1.0 * (180 + 1.0 * 2438.451322341065 - 180.00000000000054) = 2618.451322341065
apr. 11, 2020 3:20:08 P.M. hvl.projectparmorel.modelrepair.QModelFixer handleStep
INFO: Updated Q-table for error 40, context 0, action 591449609 setEType to new weight 2618.451322341065


apr. 11, 2020 3:20:08 P.M. hvl.projectparmorel.modelrepair.QModelFixer handleEpisode
INFO: EPISODE 0, STEP 2, Fixing error 441: The name 'null' is not well formed
apr. 11, 2020 3:20:08 P.M. hvl.projectparmorel.modelrepair.QModelFixer chooseAction
INFO: Choosing optimal action
apr. 11, 2020 3:20:08 P.M. hvl.projectparmorel.modelrepair.QModelFixer handleStep
INFO: Chose action delete in context 0 with weight 2438.451322341065
apr. 11, 2020 3:20:08 P.M. hvl.projectparmorel.modelrepair.QModelFixer handleStep
INFO: Calculating new Q-value:
Old Q-value: 2438.451322341065
Alpha: 1.0

Reward: 180
2438.451322341065 + 1.0 * (180 - 2438.451322341065) = 180.0
apr. 11, 2020 3:20:08 P.M. hvl.projectparmorel.modelrepair.QModelFixer handleStep
INFO: Updated Q-table for error 441, context 0, action 99999 delete to new weight 180.0
apr. 11, 2020 3:20:08 P.M. hvl.projectparmorel.modelrepair.QModelFixer handleEpisode
INFO: EPISODE 0 TOTAL REWARD 540



apr. 11, 2020 3:20:08 P.M. hvl.projectparmorel.modelrepair.QModelFixer handleEpisode
INFO: EPISODE 1, STEP 0, Fixing error 44: The name 'null' is not well formed
apr. 11, 2020 3:20:08 P.M. hvl.projectparmorel.modelrepair.QModelFixer chooseAction
INFO: Choosing random action.
apr. 11, 2020 3:20:08 P.M. hvl.projectparmorel.modelrepair.QModelFixer handleStep
INFO: Chose action delete in context 0 with weight 919.7174108860852
apr. 11, 2020 3:20:08 P.M. hvl.projectparmorel.modelrepair.QModelFixer handleStep
INFO: Next error code: 40
apr. 11, 2020 3:20:08 P.M. hvl.projectparmorel.modelrepair.QModelFixer handleStep
INFO: Calculating new Q-value:
Old Q-value: 919.7174108860852
Alpha: 0.9608333333333333
Gamma: 1.0
Reward: 180
Next optimal action Q-value: 2618.451322341065
919.7174108860852 + 0.9608333333333333 * (180 + 1.0 * 2618.451322341065 - 919.7174108860852) = 2724.867577475745
apr. 11, 2020 3:20:08 P.M. hvl.projectparmorel.modelrepair.QModelFixer handleStep
INFO: Updated Q-table for error 44, context 0, action 99999 delete to new weight 2724.867577475745


apr. 11, 2020 3:20:08 P.M. hvl.projectparmorel.modelrepair.QModelFixer handleEpisode
INFO: EPISODE 1, STEP 1, Fixing error 40: The typed element must have a type
apr. 11, 2020 3:20:08 P.M. hvl.projectparmorel.modelrepair.QModelFixer chooseAction
INFO: Choosing random action.
apr. 11, 2020 3:20:08 P.M. hvl.projectparmorel.modelrepair.QModelFixer handleStep
INFO: Chose action delete in context 0 with weight 1080.0
apr. 11, 2020 3:20:08 P.M. hvl.projectparmorel.modelrepair.QModelFixer handleStep
INFO: Next error code: 441
apr. 11, 2020 3:20:08 P.M. hvl.projectparmorel.modelrepair.QModelFixer handleStep
INFO: Calculating new Q-value:
Old Q-value: 1080.0
Alpha: 0.9608333333333333
Gamma: 1.0
Reward: 180
Next optimal action Q-value: 1553.9269441810256
1080.0 + 0.9608333333333333 * (180 + 1.0 * 1553.9269441810256 - 1080.0) = 1708.3148055339354
apr. 11, 2020 3:20:08 P.M. hvl.projectparmorel.modelrepair.QModelFixer handleStep
INFO: Updated Q-table for error 40, context 0, action 99999 delete to new weight 1708.3148055339354


apr. 11, 2020 3:20:08 P.M. hvl.projectparmorel.modelrepair.QModelFixer handleEpisode
INFO: EPISODE 1, STEP 2, Fixing error 441: The name 'null' is not well formed
apr. 11, 2020 3:20:08 P.M. hvl.projectparmorel.modelrepair.QModelFixer chooseAction
INFO: Choosing optimal action
apr. 11, 2020 3:20:08 P.M. hvl.projectparmorel.modelrepair.QModelFixer handleStep
INFO: Chose action setName in context 0 with weight 1553.9269441810256
apr. 11, 2020 3:20:08 P.M. hvl.projectparmorel.modelrepair.QModelFixer handleStep
INFO: Calculating new Q-value:
Old Q-value: 1553.9269441810256
Alpha: 0.9608333333333333

Reward: 180
1553.9269441810256 + 0.9608333333333333 * (180 - 1553.9269441810256) = 233.81213864709025
apr. 11, 2020 3:20:08 P.M. hvl.projectparmorel.modelrepair.QModelFixer handleStep
INFO: Updated Q-table for error 441, context 0, action -1193116178 setName to new weight 233.81213864709025
apr. 11, 2020 3:20:08 P.M. hvl.projectparmorel.modelrepair.QModelFixer handleEpisode
INFO: EPISODE 1 TOTAL REWARD 540



apr. 11, 2020 3:20:08 P.M. hvl.projectparmorel.modelrepair.QModelFixer handleEpisode
INFO: EPISODE 2, STEP 0, Fixing error 44: The name 'null' is not well formed
apr. 11, 2020 3:20:08 P.M. hvl.projectparmorel.modelrepair.QModelFixer chooseAction
INFO: Choosing optimal action
apr. 11, 2020 3:20:08 P.M. hvl.projectparmorel.modelrepair.QModelFixer handleStep
INFO: Chose action delete in context 0 with weight 2724.867577475745
apr. 11, 2020 3:20:09 P.M. hvl.projectparmorel.modelrepair.QModelFixer handleStep
INFO: Next error code: 40
apr. 11, 2020 3:20:09 P.M. hvl.projectparmorel.modelrepair.QModelFixer handleStep
INFO: Calculating new Q-value:
Old Q-value: 2724.867577475745
Alpha: 0.9216666666666666
Gamma: 1.0
Reward: 180
Next optimal action Q-value: 2618.451322341065
2724.867577475745 + 0.9216666666666666 * (180 + 1.0 * 2618.451322341065 - 2724.867577475745) = 2792.687262326615
apr. 11, 2020 3:20:09 P.M. hvl.projectparmorel.modelrepair.QModelFixer handleStep
INFO: Updated Q-table for error 44, context 0, action 99999 delete to new weight 2792.687262326615


apr. 11, 2020 3:20:09 P.M. hvl.projectparmorel.modelrepair.QModelFixer handleEpisode
INFO: EPISODE 2, STEP 1, Fixing error 40: The typed element must have a type
apr. 11, 2020 3:20:09 P.M. hvl.projectparmorel.modelrepair.QModelFixer chooseAction
INFO: Choosing optimal action
apr. 11, 2020 3:20:09 P.M. hvl.projectparmorel.modelrepair.QModelFixer handleStep
INFO: Chose action setEType in context 0 with weight 2618.451322341065
apr. 11, 2020 3:20:09 P.M. hvl.projectparmorel.modelrepair.QModelFixer handleStep
INFO: Next error code: 441
apr. 11, 2020 3:20:09 P.M. hvl.projectparmorel.modelrepair.QModelFixer handleStep
INFO: Calculating new Q-value:
Old Q-value: 2618.451322341065
Alpha: 0.9216666666666666
Gamma: 1.0
Reward: 180
Next optimal action Q-value: 233.81213864709025
2618.451322341065 + 0.9216666666666666 * (180 + 1.0 * 233.81213864709025 - 2618.451322341065) = 586.5088747031184
apr. 11, 2020 3:20:09 P.M. hvl.projectparmorel.modelrepair.QModelFixer handleStep
INFO: Updated Q-table for error 40, context 0, action 591449609 setEType to new weight 586.5088747031184


apr. 11, 2020 3:20:09 P.M. hvl.projectparmorel.modelrepair.QModelFixer handleEpisode
INFO: EPISODE 2, STEP 2, Fixing error 441: The name 'null' is not well formed
apr. 11, 2020 3:20:09 P.M. hvl.projectparmorel.modelrepair.QModelFixer chooseAction
INFO: Choosing optimal action
apr. 11, 2020 3:20:09 P.M. hvl.projectparmorel.modelrepair.QModelFixer handleStep
INFO: Chose action setName in context 0 with weight 233.81213864709025
apr. 11, 2020 3:20:09 P.M. hvl.projectparmorel.modelrepair.QModelFixer handleStep
INFO: Calculating new Q-value:
Old Q-value: 233.81213864709025
Alpha: 0.9216666666666666

Reward: 180
233.81213864709025 + 0.9216666666666666 * (180 - 233.81213864709025) = 184.21528419402208
apr. 11, 2020 3:20:09 P.M. hvl.projectparmorel.modelrepair.QModelFixer handleStep
INFO: Updated Q-table for error 441, context 0, action -1193116178 setName to new weight 184.21528419402208
apr. 11, 2020 3:20:09 P.M. hvl.projectparmorel.modelrepair.QModelFixer handleEpisode
INFO: EPISODE 2 TOTAL REWARD 540



apr. 11, 2020 3:20:09 P.M. hvl.projectparmorel.modelrepair.QModelFixer handleEpisode
INFO: EPISODE 3, STEP 0, Fixing error 44: The name 'null' is not well formed
apr. 11, 2020 3:20:09 P.M. hvl.projectparmorel.modelrepair.QModelFixer chooseAction
INFO: Choosing optimal action
apr. 11, 2020 3:20:09 P.M. hvl.projectparmorel.modelrepair.QModelFixer handleStep
INFO: Chose action delete in context 0 with weight 2792.687262326615
apr. 11, 2020 3:20:09 P.M. hvl.projectparmorel.modelrepair.QModelFixer handleStep
INFO: Next error code: 40
apr. 11, 2020 3:20:09 P.M. hvl.projectparmorel.modelrepair.QModelFixer handleStep
INFO: Calculating new Q-value:
Old Q-value: 2792.687262326615
Alpha: 0.8825000000000001
Gamma: 1.0
Reward: 180
Next optimal action Q-value: 1708.3148055339354
2792.687262326615 + 0.8825000000000001 * (180 + 1.0 * 1708.3148055339354 - 2792.687262326615) = 1994.5785692070754
apr. 11, 2020 3:20:09 P.M. hvl.projectparmorel.modelrepair.QModelFixer handleStep
INFO: Updated Q-table for error 44, context 0, action 99999 delete to new weight 1994.5785692070754


apr. 11, 2020 3:20:09 P.M. hvl.projectparmorel.modelrepair.QModelFixer handleEpisode
INFO: EPISODE 3, STEP 1, Fixing error 40: The typed element must have a type
apr. 11, 2020 3:20:09 P.M. hvl.projectparmorel.modelrepair.QModelFixer chooseAction
INFO: Choosing random action.
apr. 11, 2020 3:20:09 P.M. hvl.projectparmorel.modelrepair.QModelFixer handleStep
INFO: Chose action setEType in context 0 with weight 586.5088747031184
apr. 11, 2020 3:20:09 P.M. hvl.projectparmorel.modelrepair.QModelFixer handleStep
INFO: Next error code: 441
apr. 11, 2020 3:20:09 P.M. hvl.projectparmorel.modelrepair.QModelFixer handleStep
INFO: Calculating new Q-value:
Old Q-value: 586.5088747031184
Alpha: 0.8825000000000001
Gamma: 1.0
Reward: 180
Next optimal action Q-value: 184.21528419402208
586.5088747031184 + 0.8825000000000001 * (180 + 1.0 * 184.21528419402208 - 586.5088747031184) = 390.3347810788408
apr. 11, 2020 3:20:09 P.M. hvl.projectparmorel.modelrepair.QModelFixer handleStep
INFO: Updated Q-table for error 40, context 0, action 591449609 setEType to new weight 390.3347810788408


apr. 11, 2020 3:20:09 P.M. hvl.projectparmorel.modelrepair.QModelFixer handleEpisode
INFO: EPISODE 3, STEP 2, Fixing error 441: The name 'null' is not well formed
apr. 11, 2020 3:20:09 P.M. hvl.projectparmorel.modelrepair.QModelFixer chooseAction
INFO: Choosing optimal action
apr. 11, 2020 3:20:09 P.M. hvl.projectparmorel.modelrepair.QModelFixer handleStep
INFO: Chose action setName in context 0 with weight 184.21528419402208
apr. 11, 2020 3:20:09 P.M. hvl.projectparmorel.modelrepair.QModelFixer handleStep
INFO: Calculating new Q-value:
Old Q-value: 184.21528419402208
Alpha: 0.8825000000000001

Reward: 180
184.21528419402208 + 0.8825000000000001 * (180 - 184.21528419402208) = 180.4952958927976
apr. 11, 2020 3:20:09 P.M. hvl.projectparmorel.modelrepair.QModelFixer handleStep
INFO: Updated Q-table for error 441, context 0, action -1193116178 setName to new weight 180.4952958927976
apr. 11, 2020 3:20:09 P.M. hvl.projectparmorel.modelrepair.QModelFixer handleEpisode
INFO: EPISODE 3 TOTAL REWARD 540



apr. 11, 2020 3:20:09 P.M. hvl.projectparmorel.modelrepair.QModelFixer handleEpisode
INFO: EPISODE 4, STEP 0, Fixing error 44: The name 'null' is not well formed
apr. 11, 2020 3:20:09 P.M. hvl.projectparmorel.modelrepair.QModelFixer chooseAction
INFO: Choosing optimal action
apr. 11, 2020 3:20:09 P.M. hvl.projectparmorel.modelrepair.QModelFixer handleStep
INFO: Chose action delete in context 0 with weight 1994.5785692070754
apr. 11, 2020 3:20:09 P.M. hvl.projectparmorel.modelrepair.QModelFixer handleStep
INFO: Next error code: 40
apr. 11, 2020 3:20:09 P.M. hvl.projectparmorel.modelrepair.QModelFixer handleStep
INFO: Calculating new Q-value:
Old Q-value: 1994.5785692070754
Alpha: 0.8433333333333334
Gamma: 1.0
Reward: 180
Next optimal action Q-value: 1708.3148055339354
1994.5785692070754 + 0.8433333333333334 * (180 + 1.0 * 1708.3148055339354 - 1994.5785692070754) = 1904.9627951760608
apr. 11, 2020 3:20:09 P.M. hvl.projectparmorel.modelrepair.QModelFixer handleStep
INFO: Updated Q-table for error 44, context 0, action 99999 delete to new weight 1904.9627951760608


apr. 11, 2020 3:20:09 P.M. hvl.projectparmorel.modelrepair.QModelFixer handleEpisode
INFO: EPISODE 4, STEP 1, Fixing error 40: The typed element must have a type
apr. 11, 2020 3:20:09 P.M. hvl.projectparmorel.modelrepair.QModelFixer chooseAction
INFO: Choosing random action.
apr. 11, 2020 3:20:09 P.M. hvl.projectparmorel.modelrepair.QModelFixer handleStep
INFO: Chose action setEType in context 0 with weight 390.3347810788408
apr. 11, 2020 3:20:09 P.M. hvl.projectparmorel.modelrepair.QModelFixer handleStep
INFO: Next error code: 441
apr. 11, 2020 3:20:09 P.M. hvl.projectparmorel.modelrepair.QModelFixer handleStep
INFO: Calculating new Q-value:
Old Q-value: 390.3347810788408
Alpha: 0.8433333333333334
Gamma: 1.0
Reward: 180
Next optimal action Q-value: 180.4952958927976
390.3347810788408 + 0.8433333333333334 * (180 + 1.0 * 180.4952958927976 - 390.3347810788408) = 365.17014857194437
apr. 11, 2020 3:20:09 P.M. hvl.projectparmorel.modelrepair.QModelFixer handleStep
INFO: Updated Q-table for error 40, context 0, action 591449609 setEType to new weight 365.17014857194437


apr. 11, 2020 3:20:09 P.M. hvl.projectparmorel.modelrepair.QModelFixer handleEpisode
INFO: EPISODE 4, STEP 2, Fixing error 441: The name 'null' is not well formed
apr. 11, 2020 3:20:09 P.M. hvl.projectparmorel.modelrepair.QModelFixer chooseAction
INFO: Choosing optimal action
apr. 11, 2020 3:20:09 P.M. hvl.projectparmorel.modelrepair.QModelFixer handleStep
INFO: Chose action setName in context 0 with weight 180.4952958927976
apr. 11, 2020 3:20:09 P.M. hvl.projectparmorel.modelrepair.QModelFixer handleStep
INFO: Calculating new Q-value:
Old Q-value: 180.4952958927976
Alpha: 0.8433333333333334

Reward: 180
180.4952958927976 + 0.8433333333333334 * (180 - 180.4952958927976) = 180.0775963565383
apr. 11, 2020 3:20:09 P.M. hvl.projectparmorel.modelrepair.QModelFixer handleStep
INFO: Updated Q-table for error 441, context 0, action -1193116178 setName to new weight 180.0775963565383
apr. 11, 2020 3:20:09 P.M. hvl.projectparmorel.modelrepair.QModelFixer handleEpisode
INFO: EPISODE 4 TOTAL REWARD 540



apr. 11, 2020 3:20:09 P.M. hvl.projectparmorel.modelrepair.QModelFixer handleEpisode
INFO: EPISODE 5, STEP 0, Fixing error 44: The name 'null' is not well formed
apr. 11, 2020 3:20:09 P.M. hvl.projectparmorel.modelrepair.QModelFixer chooseAction
INFO: Choosing optimal action
apr. 11, 2020 3:20:09 P.M. hvl.projectparmorel.modelrepair.QModelFixer handleStep
INFO: Chose action delete in context 0 with weight 1904.9627951760608
apr. 11, 2020 3:20:09 P.M. hvl.projectparmorel.modelrepair.QModelFixer handleStep
INFO: Next error code: 40
apr. 11, 2020 3:20:09 P.M. hvl.projectparmorel.modelrepair.QModelFixer handleStep
INFO: Calculating new Q-value:
Old Q-value: 1904.9627951760608
Alpha: 0.8041666666666667
Gamma: 1.0
Reward: 180
Next optimal action Q-value: 1708.3148055339354
1904.9627951760608 + 0.8041666666666667 * (180 + 1.0 * 1708.3148055339354 - 1904.9627951760608) = 1891.5750368388517
apr. 11, 2020 3:20:09 P.M. hvl.projectparmorel.modelrepair.QModelFixer handleStep
INFO: Updated Q-table for error 44, context 0, action 99999 delete to new weight 1891.5750368388517


apr. 11, 2020 3:20:09 P.M. hvl.projectparmorel.modelrepair.QModelFixer handleEpisode
INFO: EPISODE 5, STEP 1, Fixing error 40: The typed element must have a type
apr. 11, 2020 3:20:09 P.M. hvl.projectparmorel.modelrepair.QModelFixer chooseAction
INFO: Choosing random action.
apr. 11, 2020 3:20:09 P.M. hvl.projectparmorel.modelrepair.QModelFixer handleStep
INFO: Chose action setEType in context 0 with weight 365.17014857194437
apr. 11, 2020 3:20:09 P.M. hvl.projectparmorel.modelrepair.QModelFixer handleStep
INFO: Next error code: 441
apr. 11, 2020 3:20:09 P.M. hvl.projectparmorel.modelrepair.QModelFixer handleStep
INFO: Calculating new Q-value:
Old Q-value: 365.17014857194437
Alpha: 0.8041666666666667
Gamma: 1.0
Reward: 180
Next optimal action Q-value: 180.0775963565383
365.17014857194437 + 0.8041666666666667 * (180 + 1.0 * 180.0775963565383 - 365.17014857194437) = 361.0748878320553
apr. 11, 2020 3:20:09 P.M. hvl.projectparmorel.modelrepair.QModelFixer handleStep
INFO: Updated Q-table for error 40, context 0, action 591449609 setEType to new weight 361.0748878320553


apr. 11, 2020 3:20:09 P.M. hvl.projectparmorel.modelrepair.QModelFixer handleEpisode
INFO: EPISODE 5, STEP 2, Fixing error 441: The name 'null' is not well formed
apr. 11, 2020 3:20:09 P.M. hvl.projectparmorel.modelrepair.QModelFixer chooseAction
INFO: Choosing optimal action
apr. 11, 2020 3:20:09 P.M. hvl.projectparmorel.modelrepair.QModelFixer handleStep
INFO: Chose action setName in context 0 with weight 180.0775963565383
apr. 11, 2020 3:20:09 P.M. hvl.projectparmorel.modelrepair.QModelFixer handleStep
INFO: Calculating new Q-value:
Old Q-value: 180.0775963565383
Alpha: 0.8041666666666667

Reward: 180
180.0775963565383 + 0.8041666666666667 * (180 - 180.0775963565383) = 180.01519595315543
apr. 11, 2020 3:20:09 P.M. hvl.projectparmorel.modelrepair.QModelFixer handleStep
INFO: Updated Q-table for error 441, context 0, action -1193116178 setName to new weight 180.01519595315543
apr. 11, 2020 3:20:09 P.M. hvl.projectparmorel.modelrepair.QModelFixer handleEpisode
INFO: EPISODE 5 TOTAL REWARD 540



apr. 11, 2020 3:20:09 P.M. hvl.projectparmorel.modelrepair.QModelFixer handleEpisode
INFO: EPISODE 6, STEP 0, Fixing error 44: The name 'null' is not well formed
apr. 11, 2020 3:20:09 P.M. hvl.projectparmorel.modelrepair.QModelFixer chooseAction
INFO: Choosing optimal action
apr. 11, 2020 3:20:09 P.M. hvl.projectparmorel.modelrepair.QModelFixer handleStep
INFO: Chose action delete in context 0 with weight 1891.5750368388517
apr. 11, 2020 3:20:09 P.M. hvl.projectparmorel.modelrepair.QModelFixer handleStep
INFO: Next error code: 40
apr. 11, 2020 3:20:09 P.M. hvl.projectparmorel.modelrepair.QModelFixer handleStep
INFO: Calculating new Q-value:
Old Q-value: 1891.5750368388517
Alpha: 0.765
Gamma: 1.0
Reward: 180
Next optimal action Q-value: 1708.3148055339354
1891.5750368388517 + 0.765 * (180 + 1.0 * 1708.3148055339354 - 1891.5750368388517) = 1889.0809598905907
apr. 11, 2020 3:20:09 P.M. hvl.projectparmorel.modelrepair.QModelFixer handleStep
INFO: Updated Q-table for error 44, context 0, action 99999 delete to new weight 1889.0809598905907


apr. 11, 2020 3:20:09 P.M. hvl.projectparmorel.modelrepair.QModelFixer handleEpisode
INFO: EPISODE 6, STEP 1, Fixing error 40: The typed element must have a type
apr. 11, 2020 3:20:09 P.M. hvl.projectparmorel.modelrepair.QModelFixer chooseAction
INFO: Choosing random action.
apr. 11, 2020 3:20:09 P.M. hvl.projectparmorel.modelrepair.QModelFixer handleStep
INFO: Chose action setEType in context 0 with weight 361.0748878320553
apr. 11, 2020 3:20:09 P.M. hvl.projectparmorel.modelrepair.QModelFixer handleStep
INFO: Next error code: 441
apr. 11, 2020 3:20:09 P.M. hvl.projectparmorel.modelrepair.QModelFixer handleStep
INFO: Calculating new Q-value:
Old Q-value: 361.0748878320553
Alpha: 0.765
Gamma: 1.0
Reward: 180
Next optimal action Q-value: 180.01519595315543
361.0748878320553 + 0.765 * (180 + 1.0 * 180.01519595315543 - 361.0748878320553) = 360.2642235446969
apr. 11, 2020 3:20:09 P.M. hvl.projectparmorel.modelrepair.QModelFixer handleStep
INFO: Updated Q-table for error 40, context 0, action 591449609 setEType to new weight 360.2642235446969


apr. 11, 2020 3:20:09 P.M. hvl.projectparmorel.modelrepair.QModelFixer handleEpisode
INFO: EPISODE 6, STEP 2, Fixing error 441: The name 'null' is not well formed
apr. 11, 2020 3:20:09 P.M. hvl.projectparmorel.modelrepair.QModelFixer chooseAction
INFO: Choosing optimal action
apr. 11, 2020 3:20:09 P.M. hvl.projectparmorel.modelrepair.QModelFixer handleStep
INFO: Chose action setName in context 0 with weight 180.01519595315543
apr. 11, 2020 3:20:09 P.M. hvl.projectparmorel.modelrepair.QModelFixer handleStep
INFO: Calculating new Q-value:
Old Q-value: 180.01519595315543
Alpha: 0.765

Reward: 180
180.01519595315543 + 0.765 * (180 - 180.01519595315543) = 180.00357104899152
apr. 11, 2020 3:20:09 P.M. hvl.projectparmorel.modelrepair.QModelFixer handleStep
INFO: Updated Q-table for error 441, context 0, action -1193116178 setName to new weight 180.00357104899152
apr. 11, 2020 3:20:09 P.M. hvl.projectparmorel.modelrepair.QModelFixer handleEpisode
INFO: EPISODE 6 TOTAL REWARD 540



apr. 11, 2020 3:20:09 P.M. hvl.projectparmorel.modelrepair.QModelFixer handleEpisode
INFO: EPISODE 7, STEP 0, Fixing error 44: The name 'null' is not well formed
apr. 11, 2020 3:20:09 P.M. hvl.projectparmorel.modelrepair.QModelFixer chooseAction
INFO: Choosing optimal action
apr. 11, 2020 3:20:09 P.M. hvl.projectparmorel.modelrepair.QModelFixer handleStep
INFO: Chose action delete in context 0 with weight 1889.0809598905907
apr. 11, 2020 3:20:09 P.M. hvl.projectparmorel.modelrepair.QModelFixer handleStep
INFO: Next error code: 40
apr. 11, 2020 3:20:09 P.M. hvl.projectparmorel.modelrepair.QModelFixer handleStep
INFO: Calculating new Q-value:
Old Q-value: 1889.0809598905907
Alpha: 0.7258333333333333
Gamma: 1.0
Reward: 180
Next optimal action Q-value: 1708.3148055339354
1889.0809598905907 + 0.7258333333333333 * (180 + 1.0 * 1708.3148055339354 - 1889.0809598905907) = 1888.5248595200517
apr. 11, 2020 3:20:09 P.M. hvl.projectparmorel.modelrepair.QModelFixer handleStep
INFO: Updated Q-table for error 44, context 0, action 99999 delete to new weight 1888.5248595200517


apr. 11, 2020 3:20:09 P.M. hvl.projectparmorel.modelrepair.QModelFixer handleEpisode
INFO: EPISODE 7, STEP 1, Fixing error 40: The typed element must have a type
apr. 11, 2020 3:20:09 P.M. hvl.projectparmorel.modelrepair.QModelFixer chooseAction
INFO: Choosing optimal action
apr. 11, 2020 3:20:09 P.M. hvl.projectparmorel.modelrepair.QModelFixer handleStep
INFO: Chose action delete in context 0 with weight 1708.3148055339354
apr. 11, 2020 3:20:10 P.M. hvl.projectparmorel.modelrepair.QModelFixer handleStep
INFO: Next error code: 441
apr. 11, 2020 3:20:10 P.M. hvl.projectparmorel.modelrepair.QModelFixer handleStep
INFO: Calculating new Q-value:
Old Q-value: 1708.3148055339354
Alpha: 0.7258333333333333
Gamma: 1.0
Reward: 180
Next optimal action Q-value: 180.00357104899152
1708.3148055339354 + 0.7258333333333333 * (180 + 1.0 * 180.00357104899152 - 1708.3148055339354) = 729.6655678369469
apr. 11, 2020 3:20:10 P.M. hvl.projectparmorel.modelrepair.QModelFixer handleStep
INFO: Updated Q-table for error 40, context 0, action 99999 delete to new weight 729.6655678369469


apr. 11, 2020 3:20:10 P.M. hvl.projectparmorel.modelrepair.QModelFixer handleEpisode
INFO: EPISODE 7, STEP 2, Fixing error 441: The name 'null' is not well formed
apr. 11, 2020 3:20:10 P.M. hvl.projectparmorel.modelrepair.QModelFixer chooseAction
INFO: Choosing random action.
apr. 11, 2020 3:20:10 P.M. hvl.projectparmorel.modelrepair.QModelFixer handleStep
INFO: Chose action delete in context 0 with weight 180.0
apr. 11, 2020 3:20:10 P.M. hvl.projectparmorel.modelrepair.QModelFixer handleStep
INFO: Calculating new Q-value:
Old Q-value: 180.0
Alpha: 0.7258333333333333

Reward: 180
180.0 + 0.7258333333333333 * (180 - 180.0) = 180.0
apr. 11, 2020 3:20:10 P.M. hvl.projectparmorel.modelrepair.QModelFixer handleStep
INFO: Updated Q-table for error 441, context 0, action 99999 delete to new weight 180.0
apr. 11, 2020 3:20:10 P.M. hvl.projectparmorel.modelrepair.QModelFixer handleEpisode
INFO: EPISODE 7 TOTAL REWARD 540



apr. 11, 2020 3:20:10 P.M. hvl.projectparmorel.modelrepair.QModelFixer handleEpisode
INFO: EPISODE 8, STEP 0, Fixing error 44: The name 'null' is not well formed
apr. 11, 2020 3:20:10 P.M. hvl.projectparmorel.modelrepair.QModelFixer chooseAction
INFO: Choosing optimal action
apr. 11, 2020 3:20:10 P.M. hvl.projectparmorel.modelrepair.QModelFixer handleStep
INFO: Chose action delete in context 0 with weight 1888.5248595200517
apr. 11, 2020 3:20:10 P.M. hvl.projectparmorel.modelrepair.QModelFixer handleStep
INFO: Next error code: 40
apr. 11, 2020 3:20:10 P.M. hvl.projectparmorel.modelrepair.QModelFixer handleStep
INFO: Calculating new Q-value:
Old Q-value: 1888.5248595200517
Alpha: 0.6866666666666668
Gamma: 1.0
Reward: 180
Next optimal action Q-value: 729.6655678369469
1888.5248595200517 + 0.6866666666666668 * (180 + 1.0 * 729.6655678369469 - 1888.5248595200517) = 1216.3748125643197
apr. 11, 2020 3:20:10 P.M. hvl.projectparmorel.modelrepair.QModelFixer handleStep
INFO: Updated Q-table for error 44, context 0, action 99999 delete to new weight 1216.3748125643197


apr. 11, 2020 3:20:10 P.M. hvl.projectparmorel.modelrepair.QModelFixer handleEpisode
INFO: EPISODE 8, STEP 1, Fixing error 40: The typed element must have a type
apr. 11, 2020 3:20:10 P.M. hvl.projectparmorel.modelrepair.QModelFixer chooseAction
INFO: Choosing optimal action
apr. 11, 2020 3:20:10 P.M. hvl.projectparmorel.modelrepair.QModelFixer handleStep
INFO: Chose action delete in context 0 with weight 729.6655678369469
apr. 11, 2020 3:20:10 P.M. hvl.projectparmorel.modelrepair.QModelFixer handleStep
INFO: Next error code: 441
apr. 11, 2020 3:20:10 P.M. hvl.projectparmorel.modelrepair.QModelFixer handleStep
INFO: Calculating new Q-value:
Old Q-value: 729.6655678369469
Alpha: 0.6866666666666668
Gamma: 1.0
Reward: 180
Next optimal action Q-value: 180.00357104899152
729.6655678369469 + 0.6866666666666668 * (180 + 1.0 * 180.00357104899152 - 729.6655678369469) = 475.8309967092175
apr. 11, 2020 3:20:10 P.M. hvl.projectparmorel.modelrepair.QModelFixer handleStep
INFO: Updated Q-table for error 40, context 0, action 99999 delete to new weight 475.8309967092175


apr. 11, 2020 3:20:10 P.M. hvl.projectparmorel.modelrepair.QModelFixer handleEpisode
INFO: EPISODE 8, STEP 2, Fixing error 441: The name 'null' is not well formed
apr. 11, 2020 3:20:10 P.M. hvl.projectparmorel.modelrepair.QModelFixer chooseAction
INFO: Choosing optimal action
apr. 11, 2020 3:20:10 P.M. hvl.projectparmorel.modelrepair.QModelFixer handleStep
INFO: Chose action setName in context 0 with weight 180.00357104899152
apr. 11, 2020 3:20:10 P.M. hvl.projectparmorel.modelrepair.QModelFixer handleStep
INFO: Calculating new Q-value:
Old Q-value: 180.00357104899152
Alpha: 0.6866666666666668

Reward: 180
180.00357104899152 + 0.6866666666666668 * (180 - 180.00357104899152) = 180.001118928684
apr. 11, 2020 3:20:10 P.M. hvl.projectparmorel.modelrepair.QModelFixer handleStep
INFO: Updated Q-table for error 441, context 0, action -1193116178 setName to new weight 180.001118928684
apr. 11, 2020 3:20:10 P.M. hvl.projectparmorel.modelrepair.QModelFixer handleEpisode
INFO: EPISODE 8 TOTAL REWARD 540



apr. 11, 2020 3:20:10 P.M. hvl.projectparmorel.modelrepair.QModelFixer handleEpisode
INFO: EPISODE 9, STEP 0, Fixing error 44: The name 'null' is not well formed
apr. 11, 2020 3:20:10 P.M. hvl.projectparmorel.modelrepair.QModelFixer chooseAction
INFO: Choosing random action.
apr. 11, 2020 3:20:10 P.M. hvl.projectparmorel.modelrepair.QModelFixer handleStep
INFO: Chose action delete in context 0 with weight 1216.3748125643197
apr. 11, 2020 3:20:10 P.M. hvl.projectparmorel.modelrepair.QModelFixer handleStep
INFO: Next error code: 40
apr. 11, 2020 3:20:10 P.M. hvl.projectparmorel.modelrepair.QModelFixer handleStep
INFO: Calculating new Q-value:
Old Q-value: 1216.3748125643197
Alpha: 0.6475
Gamma: 1.0
Reward: 180
Next optimal action Q-value: 475.8309967092175
1216.3748125643197 + 0.6475 * (180 + 1.0 * 475.8309967092175 - 1216.3748125643197) = 853.422691798141
apr. 11, 2020 3:20:10 P.M. hvl.projectparmorel.modelrepair.QModelFixer handleStep
INFO: Updated Q-table for error 44, context 0, action 99999 delete to new weight 853.422691798141


apr. 11, 2020 3:20:10 P.M. hvl.projectparmorel.modelrepair.QModelFixer handleEpisode
INFO: EPISODE 9, STEP 1, Fixing error 40: The typed element must have a type
apr. 11, 2020 3:20:10 P.M. hvl.projectparmorel.modelrepair.QModelFixer chooseAction
INFO: Choosing optimal action
apr. 11, 2020 3:20:10 P.M. hvl.projectparmorel.modelrepair.QModelFixer handleStep
INFO: Chose action delete in context 0 with weight 475.8309967092175
apr. 11, 2020 3:20:11 P.M. hvl.projectparmorel.modelrepair.QModelFixer handleStep
INFO: Next error code: 441
apr. 11, 2020 3:20:11 P.M. hvl.projectparmorel.modelrepair.QModelFixer handleStep
INFO: Calculating new Q-value:
Old Q-value: 475.8309967092175
Alpha: 0.6475
Gamma: 1.0
Reward: 180
Next optimal action Q-value: 180.001118928684
475.8309967092175 + 0.6475 * (180 + 1.0 * 180.001118928684 - 475.8309967092175) = 400.8311508463221
apr. 11, 2020 3:20:11 P.M. hvl.projectparmorel.modelrepair.QModelFixer handleStep
INFO: Updated Q-table for error 40, context 0, action 99999 delete to new weight 400.8311508463221


apr. 11, 2020 3:20:11 P.M. hvl.projectparmorel.modelrepair.QModelFixer handleEpisode
INFO: EPISODE 9, STEP 2, Fixing error 441: The name 'null' is not well formed
apr. 11, 2020 3:20:11 P.M. hvl.projectparmorel.modelrepair.QModelFixer chooseAction
INFO: Choosing random action.
apr. 11, 2020 3:20:11 P.M. hvl.projectparmorel.modelrepair.QModelFixer handleStep
INFO: Chose action delete in context 0 with weight 180.0
apr. 11, 2020 3:20:11 P.M. hvl.projectparmorel.modelrepair.QModelFixer handleStep
INFO: Calculating new Q-value:
Old Q-value: 180.0
Alpha: 0.6475

Reward: 180
180.0 + 0.6475 * (180 - 180.0) = 180.0
apr. 11, 2020 3:20:11 P.M. hvl.projectparmorel.modelrepair.QModelFixer handleStep
INFO: Updated Q-table for error 441, context 0, action 99999 delete to new weight 180.0
apr. 11, 2020 3:20:11 P.M. hvl.projectparmorel.modelrepair.QModelFixer handleEpisode
INFO: EPISODE 9 TOTAL REWARD 540



apr. 11, 2020 3:20:11 P.M. hvl.projectparmorel.modelrepair.QModelFixer handleEpisode
INFO: EPISODE 10, STEP 0, Fixing error 44: The name 'null' is not well formed
apr. 11, 2020 3:20:11 P.M. hvl.projectparmorel.modelrepair.QModelFixer chooseAction
INFO: Choosing optimal action
apr. 11, 2020 3:20:11 P.M. hvl.projectparmorel.modelrepair.QModelFixer handleStep
INFO: Chose action setName in context 0 with weight 1260.0
apr. 11, 2020 3:20:11 P.M. hvl.projectparmorel.modelrepair.QModelFixer handleStep
INFO: Next error code: 40
apr. 11, 2020 3:20:11 P.M. hvl.projectparmorel.modelrepair.QModelFixer handleStep
INFO: Calculating new Q-value:
Old Q-value: 1260.0
Alpha: 0.6083333333333334
Gamma: 1.0
Reward: 180
Next optimal action Q-value: 400.8311508463221
1260.0 + 0.6083333333333334 * (180 + 1.0 * 400.8311508463221 - 1260.0) = 846.8389500981792
apr. 11, 2020 3:20:11 P.M. hvl.projectparmorel.modelrepair.QModelFixer handleStep
INFO: Updated Q-table for error 44, context 0, action -801382182 setName to new weight 846.8389500981792


apr. 11, 2020 3:20:11 P.M. hvl.projectparmorel.modelrepair.QModelFixer handleEpisode
INFO: EPISODE 10, STEP 1, Fixing error 40: The typed element must have a type
apr. 11, 2020 3:20:11 P.M. hvl.projectparmorel.modelrepair.QModelFixer chooseAction
INFO: Choosing optimal action
apr. 11, 2020 3:20:11 P.M. hvl.projectparmorel.modelrepair.QModelFixer handleStep
INFO: Chose action delete in context 0 with weight 400.8311508463221
apr. 11, 2020 3:20:11 P.M. hvl.projectparmorel.modelrepair.QModelFixer handleStep
INFO: Next error code: 441
apr. 11, 2020 3:20:11 P.M. hvl.projectparmorel.modelrepair.QModelFixer handleStep
INFO: Calculating new Q-value:
Old Q-value: 400.8311508463221
Alpha: 0.6083333333333334
Gamma: 1.0
Reward: 180
Next optimal action Q-value: 180.001118928684
400.8311508463221 + 0.6083333333333334 * (180 + 1.0 * 180.001118928684 - 400.8311508463221) = 375.99288142975894
apr. 11, 2020 3:20:11 P.M. hvl.projectparmorel.modelrepair.QModelFixer handleStep
INFO: Updated Q-table for error 40, context 0, action 99999 delete to new weight 375.99288142975894


apr. 11, 2020 3:20:11 P.M. hvl.projectparmorel.modelrepair.QModelFixer handleEpisode
INFO: EPISODE 10, STEP 2, Fixing error 441: The name 'null' is not well formed
apr. 11, 2020 3:20:11 P.M. hvl.projectparmorel.modelrepair.QModelFixer chooseAction
INFO: Choosing optimal action
apr. 11, 2020 3:20:11 P.M. hvl.projectparmorel.modelrepair.QModelFixer handleStep
INFO: Chose action setName in context 0 with weight 180.001118928684
apr. 11, 2020 3:20:11 P.M. hvl.projectparmorel.modelrepair.QModelFixer handleStep
INFO: Calculating new Q-value:
Old Q-value: 180.001118928684
Alpha: 0.6083333333333334

Reward: 180
180.001118928684 + 0.6083333333333334 * (180 - 180.001118928684) = 180.0004382470679
apr. 11, 2020 3:20:11 P.M. hvl.projectparmorel.modelrepair.QModelFixer handleStep
INFO: Updated Q-table for error 441, context 0, action -1193116178 setName to new weight 180.0004382470679
apr. 11, 2020 3:20:11 P.M. hvl.projectparmorel.modelrepair.QModelFixer handleEpisode
INFO: EPISODE 10 TOTAL REWARD 540



apr. 11, 2020 3:20:11 P.M. hvl.projectparmorel.modelrepair.QModelFixer handleEpisode
INFO: EPISODE 11, STEP 0, Fixing error 44: The name 'null' is not well formed
apr. 11, 2020 3:20:11 P.M. hvl.projectparmorel.modelrepair.QModelFixer chooseAction
INFO: Choosing optimal action
apr. 11, 2020 3:20:11 P.M. hvl.projectparmorel.modelrepair.QModelFixer handleStep
INFO: Chose action delete in context 0 with weight 853.422691798141
apr. 11, 2020 3:20:11 P.M. hvl.projectparmorel.modelrepair.QModelFixer handleStep
INFO: Next error code: 40
apr. 11, 2020 3:20:11 P.M. hvl.projectparmorel.modelrepair.QModelFixer handleStep
INFO: Calculating new Q-value:
Old Q-value: 853.422691798141
Alpha: 0.5691666666666666
Gamma: 1.0
Reward: 180
Next optimal action Q-value: 375.99288142975894
853.422691798141 + 0.5691666666666666 * (180 + 1.0 * 375.99288142975894 - 853.422691798141) = 684.1355580634702
apr. 11, 2020 3:20:11 P.M. hvl.projectparmorel.modelrepair.QModelFixer handleStep
INFO: Updated Q-table for error 44, context 0, action 99999 delete to new weight 684.1355580634702


apr. 11, 2020 3:20:11 P.M. hvl.projectparmorel.modelrepair.QModelFixer handleEpisode
INFO: EPISODE 11, STEP 1, Fixing error 40: The typed element must have a type
apr. 11, 2020 3:20:11 P.M. hvl.projectparmorel.modelrepair.QModelFixer chooseAction
INFO: Choosing random action.
apr. 11, 2020 3:20:11 P.M. hvl.projectparmorel.modelrepair.QModelFixer handleStep
INFO: Chose action setEType in context 0 with weight 360.2642235446969
apr. 11, 2020 3:20:11 P.M. hvl.projectparmorel.modelrepair.QModelFixer handleStep
INFO: Next error code: 441
apr. 11, 2020 3:20:11 P.M. hvl.projectparmorel.modelrepair.QModelFixer handleStep
INFO: Calculating new Q-value:
Old Q-value: 360.2642235446969
Alpha: 0.5691666666666666
Gamma: 1.0
Reward: 180
Next optimal action Q-value: 180.0004382470679
360.2642235446969 + 0.5691666666666666 * (180 + 1.0 * 180.0004382470679 - 360.2642235446969) = 360.1140857461297
apr. 11, 2020 3:20:11 P.M. hvl.projectparmorel.modelrepair.QModelFixer handleStep
INFO: Updated Q-table for error 40, context 0, action 591449609 setEType to new weight 360.1140857461297


apr. 11, 2020 3:20:11 P.M. hvl.projectparmorel.modelrepair.QModelFixer handleEpisode
INFO: EPISODE 11, STEP 2, Fixing error 441: The name 'null' is not well formed
apr. 11, 2020 3:20:11 P.M. hvl.projectparmorel.modelrepair.QModelFixer chooseAction
INFO: Choosing optimal action
apr. 11, 2020 3:20:11 P.M. hvl.projectparmorel.modelrepair.QModelFixer handleStep
INFO: Chose action setName in context 0 with weight 180.0004382470679
apr. 11, 2020 3:20:11 P.M. hvl.projectparmorel.modelrepair.QModelFixer handleStep
INFO: Calculating new Q-value:
Old Q-value: 180.0004382470679
Alpha: 0.5691666666666666

Reward: 180
180.0004382470679 + 0.5691666666666666 * (180 - 180.0004382470679) = 180.0001888114451
apr. 11, 2020 3:20:11 P.M. hvl.projectparmorel.modelrepair.QModelFixer handleStep
INFO: Updated Q-table for error 441, context 0, action -1193116178 setName to new weight 180.0001888114451
apr. 11, 2020 3:20:11 P.M. hvl.projectparmorel.modelrepair.QModelFixer handleEpisode
INFO: EPISODE 11 TOTAL REWARD 540



apr. 11, 2020 3:20:11 P.M. hvl.projectparmorel.modelrepair.QModelFixer handleEpisode
INFO: EPISODE 12, STEP 0, Fixing error 44: The name 'null' is not well formed
apr. 11, 2020 3:20:11 P.M. hvl.projectparmorel.modelrepair.QModelFixer chooseAction
INFO: Choosing optimal action
apr. 11, 2020 3:20:11 P.M. hvl.projectparmorel.modelrepair.QModelFixer handleStep
INFO: Chose action setName in context 0 with weight 846.8389500981792
apr. 11, 2020 3:20:11 P.M. hvl.projectparmorel.modelrepair.QModelFixer handleStep
INFO: Next error code: 40
apr. 11, 2020 3:20:11 P.M. hvl.projectparmorel.modelrepair.QModelFixer handleStep
INFO: Calculating new Q-value:
Old Q-value: 846.8389500981792
Alpha: 0.53
Gamma: 1.0
Reward: 180
Next optimal action Q-value: 375.99288142975894
846.8389500981792 + 0.53 * (180 + 1.0 * 375.99288142975894 - 846.8389500981792) = 692.6905337039165
apr. 11, 2020 3:20:11 P.M. hvl.projectparmorel.modelrepair.QModelFixer handleStep
INFO: Updated Q-table for error 44, context 0, action -801382182 setName to new weight 692.6905337039165


apr. 11, 2020 3:20:11 P.M. hvl.projectparmorel.modelrepair.QModelFixer handleEpisode
INFO: EPISODE 12, STEP 1, Fixing error 40: The typed element must have a type
apr. 11, 2020 3:20:11 P.M. hvl.projectparmorel.modelrepair.QModelFixer chooseAction
INFO: Choosing optimal action
apr. 11, 2020 3:20:11 P.M. hvl.projectparmorel.modelrepair.QModelFixer handleStep
INFO: Chose action delete in context 0 with weight 375.99288142975894
apr. 11, 2020 3:20:11 P.M. hvl.projectparmorel.modelrepair.QModelFixer handleStep
INFO: Next error code: 441
apr. 11, 2020 3:20:11 P.M. hvl.projectparmorel.modelrepair.QModelFixer handleStep
INFO: Calculating new Q-value:
Old Q-value: 375.99288142975894
Alpha: 0.53
Gamma: 1.0
Reward: 180
Next optimal action Q-value: 180.0001888114451
375.99288142975894 + 0.53 * (180 + 1.0 * 180.0001888114451 - 375.99288142975894) = 367.5167543420526
apr. 11, 2020 3:20:11 P.M. hvl.projectparmorel.modelrepair.QModelFixer handleStep
INFO: Updated Q-table for error 40, context 0, action 99999 delete to new weight 367.5167543420526


apr. 11, 2020 3:20:11 P.M. hvl.projectparmorel.modelrepair.QModelFixer handleEpisode
INFO: EPISODE 12, STEP 2, Fixing error 441: The name 'null' is not well formed
apr. 11, 2020 3:20:11 P.M. hvl.projectparmorel.modelrepair.QModelFixer chooseAction
INFO: Choosing random action.
apr. 11, 2020 3:20:11 P.M. hvl.projectparmorel.modelrepair.QModelFixer handleStep
INFO: Chose action setName in context 0 with weight 180.0001888114451
apr. 11, 2020 3:20:11 P.M. hvl.projectparmorel.modelrepair.QModelFixer handleStep
INFO: Calculating new Q-value:
Old Q-value: 180.0001888114451
Alpha: 0.53

Reward: 180
180.0001888114451 + 0.53 * (180 - 180.0001888114451) = 180.0000887413792
apr. 11, 2020 3:20:11 P.M. hvl.projectparmorel.modelrepair.QModelFixer handleStep
INFO: Updated Q-table for error 441, context 0, action -1193116178 setName to new weight 180.0000887413792
apr. 11, 2020 3:20:11 P.M. hvl.projectparmorel.modelrepair.QModelFixer handleEpisode
INFO: EPISODE 12 TOTAL REWARD 540



apr. 11, 2020 3:20:11 P.M. hvl.projectparmorel.modelrepair.QModelFixer handleEpisode
INFO: EPISODE 13, STEP 0, Fixing error 44: The name 'null' is not well formed
apr. 11, 2020 3:20:11 P.M. hvl.projectparmorel.modelrepair.QModelFixer chooseAction
INFO: Choosing optimal action
apr. 11, 2020 3:20:11 P.M. hvl.projectparmorel.modelrepair.QModelFixer handleStep
INFO: Chose action setName in context 0 with weight 692.6905337039165
apr. 11, 2020 3:20:11 P.M. hvl.projectparmorel.modelrepair.QModelFixer handleStep
INFO: Next error code: 40
apr. 11, 2020 3:20:11 P.M. hvl.projectparmorel.modelrepair.QModelFixer handleStep
INFO: Calculating new Q-value:
Old Q-value: 692.6905337039165
Alpha: 0.49083333333333334
Gamma: 1.0
Reward: 180
Next optimal action Q-value: 367.5167543420526
692.6905337039165 + 0.49083333333333334 * (180 + 1.0 * 367.5167543420526 - 692.6905337039165) = 621.4344036671349
apr. 11, 2020 3:20:11 P.M. hvl.projectparmorel.modelrepair.QModelFixer handleStep
INFO: Updated Q-table for error 44, context 0, action -801382182 setName to new weight 621.4344036671349


apr. 11, 2020 3:20:11 P.M. hvl.projectparmorel.modelrepair.QModelFixer handleEpisode
INFO: EPISODE 13, STEP 1, Fixing error 40: The typed element must have a type
apr. 11, 2020 3:20:11 P.M. hvl.projectparmorel.modelrepair.QModelFixer chooseAction
INFO: Choosing optimal action
apr. 11, 2020 3:20:11 P.M. hvl.projectparmorel.modelrepair.QModelFixer handleStep
INFO: Chose action delete in context 0 with weight 367.5167543420526
apr. 11, 2020 3:20:11 P.M. hvl.projectparmorel.modelrepair.QModelFixer handleStep
INFO: Next error code: 441
apr. 11, 2020 3:20:11 P.M. hvl.projectparmorel.modelrepair.QModelFixer handleStep
INFO: Calculating new Q-value:
Old Q-value: 367.5167543420526
Alpha: 0.49083333333333334
Gamma: 1.0
Reward: 180
Next optimal action Q-value: 180.0000887413792
367.5167543420526 + 0.49083333333333334 * (180 + 1.0 * 180.0000887413792 - 367.5167543420526) = 363.82732430972203
apr. 11, 2020 3:20:11 P.M. hvl.projectparmorel.modelrepair.QModelFixer handleStep
INFO: Updated Q-table for error 40, context 0, action 99999 delete to new weight 363.82732430972203


apr. 11, 2020 3:20:11 P.M. hvl.projectparmorel.modelrepair.QModelFixer handleEpisode
INFO: EPISODE 13, STEP 2, Fixing error 441: The name 'null' is not well formed
apr. 11, 2020 3:20:11 P.M. hvl.projectparmorel.modelrepair.QModelFixer chooseAction
INFO: Choosing optimal action
apr. 11, 2020 3:20:11 P.M. hvl.projectparmorel.modelrepair.QModelFixer handleStep
INFO: Chose action setName in context 0 with weight 180.0000887413792
apr. 11, 2020 3:20:11 P.M. hvl.projectparmorel.modelrepair.QModelFixer handleStep
INFO: Calculating new Q-value:
Old Q-value: 180.0000887413792
Alpha: 0.49083333333333334

Reward: 180
180.0000887413792 + 0.49083333333333334 * (180 - 180.0000887413792) = 180.00004518415224
apr. 11, 2020 3:20:11 P.M. hvl.projectparmorel.modelrepair.QModelFixer handleStep
INFO: Updated Q-table for error 441, context 0, action -1193116178 setName to new weight 180.00004518415224
apr. 11, 2020 3:20:11 P.M. hvl.projectparmorel.modelrepair.QModelFixer handleEpisode
INFO: EPISODE 13 TOTAL REWARD 540



apr. 11, 2020 3:20:11 P.M. hvl.projectparmorel.modelrepair.QModelFixer handleEpisode
INFO: EPISODE 14, STEP 0, Fixing error 44: The name 'null' is not well formed
apr. 11, 2020 3:20:11 P.M. hvl.projectparmorel.modelrepair.QModelFixer chooseAction
INFO: Choosing optimal action
apr. 11, 2020 3:20:11 P.M. hvl.projectparmorel.modelrepair.QModelFixer handleStep
INFO: Chose action delete in context 0 with weight 684.1355580634702
apr. 11, 2020 3:20:12 P.M. hvl.projectparmorel.modelrepair.QModelFixer handleStep
INFO: Next error code: 40
apr. 11, 2020 3:20:12 P.M. hvl.projectparmorel.modelrepair.QModelFixer handleStep
INFO: Calculating new Q-value:
Old Q-value: 684.1355580634702
Alpha: 0.45166666666666666
Gamma: 1.0
Reward: 180
Next optimal action Q-value: 363.82732430972203
684.1355580634702 + 0.45166666666666666 * (180 + 1.0 * 363.82732430972203 - 684.1355580634702) = 620.7630058180273
apr. 11, 2020 3:20:12 P.M. hvl.projectparmorel.modelrepair.QModelFixer handleStep
INFO: Updated Q-table for error 44, context 0, action 99999 delete to new weight 620.7630058180273


apr. 11, 2020 3:20:12 P.M. hvl.projectparmorel.modelrepair.QModelFixer handleEpisode
INFO: EPISODE 14, STEP 1, Fixing error 40: The typed element must have a type
apr. 11, 2020 3:20:12 P.M. hvl.projectparmorel.modelrepair.QModelFixer chooseAction
INFO: Choosing optimal action
apr. 11, 2020 3:20:12 P.M. hvl.projectparmorel.modelrepair.QModelFixer handleStep
INFO: Chose action delete in context 0 with weight 363.82732430972203
apr. 11, 2020 3:20:12 P.M. hvl.projectparmorel.modelrepair.QModelFixer handleStep
INFO: Next error code: 441
apr. 11, 2020 3:20:12 P.M. hvl.projectparmorel.modelrepair.QModelFixer handleStep
INFO: Calculating new Q-value:
Old Q-value: 363.82732430972203
Alpha: 0.45166666666666666
Gamma: 1.0
Reward: 180
Next optimal action Q-value: 180.00004518415224
363.82732430972203 + 0.45166666666666666 * (180 + 1.0 * 180.00004518415224 - 363.82732430972203) = 362.098669904673
apr. 11, 2020 3:20:12 P.M. hvl.projectparmorel.modelrepair.QModelFixer handleStep
INFO: Updated Q-table for error 40, context 0, action 99999 delete to new weight 362.098669904673


apr. 11, 2020 3:20:12 P.M. hvl.projectparmorel.modelrepair.QModelFixer handleEpisode
INFO: EPISODE 14, STEP 2, Fixing error 441: The name 'null' is not well formed
apr. 11, 2020 3:20:12 P.M. hvl.projectparmorel.modelrepair.QModelFixer chooseAction
INFO: Choosing optimal action
apr. 11, 2020 3:20:12 P.M. hvl.projectparmorel.modelrepair.QModelFixer handleStep
INFO: Chose action setName in context 0 with weight 180.00004518415224
apr. 11, 2020 3:20:12 P.M. hvl.projectparmorel.modelrepair.QModelFixer handleStep
INFO: Calculating new Q-value:
Old Q-value: 180.00004518415224
Alpha: 0.45166666666666666

Reward: 180
180.00004518415224 + 0.45166666666666666 * (180 - 180.00004518415224) = 180.0000247759768
apr. 11, 2020 3:20:12 P.M. hvl.projectparmorel.modelrepair.QModelFixer handleStep
INFO: Updated Q-table for error 441, context 0, action -1193116178 setName to new weight 180.0000247759768
apr. 11, 2020 3:20:12 P.M. hvl.projectparmorel.modelrepair.QModelFixer handleEpisode
INFO: EPISODE 14 TOTAL REWARD 540



apr. 11, 2020 3:20:12 P.M. hvl.projectparmorel.modelrepair.QModelFixer handleEpisode
INFO: EPISODE 15, STEP 0, Fixing error 44: The name 'null' is not well formed
apr. 11, 2020 3:20:12 P.M. hvl.projectparmorel.modelrepair.QModelFixer chooseAction
INFO: Choosing random action.
apr. 11, 2020 3:20:12 P.M. hvl.projectparmorel.modelrepair.QModelFixer handleStep
INFO: Chose action delete in context 0 with weight 620.7630058180273
apr. 11, 2020 3:20:12 P.M. hvl.projectparmorel.modelrepair.QModelFixer handleStep
INFO: Next error code: 40
apr. 11, 2020 3:20:12 P.M. hvl.projectparmorel.modelrepair.QModelFixer handleStep
INFO: Calculating new Q-value:
Old Q-value: 620.7630058180273
Alpha: 0.4125
Gamma: 1.0
Reward: 180
Next optimal action Q-value: 362.098669904673
620.7630058180273 + 0.4125 * (180 + 1.0 * 362.098669904673 - 620.7630058180273) = 588.3139672537686
apr. 11, 2020 3:20:12 P.M. hvl.projectparmorel.modelrepair.QModelFixer handleStep
INFO: Updated Q-table for error 44, context 0, action 99999 delete to new weight 588.3139672537686


apr. 11, 2020 3:20:12 P.M. hvl.projectparmorel.modelrepair.QModelFixer handleEpisode
INFO: EPISODE 15, STEP 1, Fixing error 40: The typed element must have a type
apr. 11, 2020 3:20:12 P.M. hvl.projectparmorel.modelrepair.QModelFixer chooseAction
INFO: Choosing optimal action
apr. 11, 2020 3:20:12 P.M. hvl.projectparmorel.modelrepair.QModelFixer handleStep
INFO: Chose action delete in context 0 with weight 362.098669904673
apr. 11, 2020 3:20:12 P.M. hvl.projectparmorel.modelrepair.QModelFixer handleStep
INFO: Next error code: 441
apr. 11, 2020 3:20:12 P.M. hvl.projectparmorel.modelrepair.QModelFixer handleStep
INFO: Calculating new Q-value:
Old Q-value: 362.098669904673
Alpha: 0.4125
Gamma: 1.0
Reward: 180
Next optimal action Q-value: 180.0000247759768
362.098669904673 + 0.4125 * (180 + 1.0 * 180.0000247759768 - 362.098669904673) = 361.23297878908585
apr. 11, 2020 3:20:12 P.M. hvl.projectparmorel.modelrepair.QModelFixer handleStep
INFO: Updated Q-table for error 40, context 0, action 99999 delete to new weight 361.23297878908585


apr. 11, 2020 3:20:12 P.M. hvl.projectparmorel.modelrepair.QModelFixer handleEpisode
INFO: EPISODE 15, STEP 2, Fixing error 441: The name 'null' is not well formed
apr. 11, 2020 3:20:12 P.M. hvl.projectparmorel.modelrepair.QModelFixer chooseAction
INFO: Choosing random action.
apr. 11, 2020 3:20:12 P.M. hvl.projectparmorel.modelrepair.QModelFixer handleStep
INFO: Chose action delete in context 0 with weight 180.0
apr. 11, 2020 3:20:12 P.M. hvl.projectparmorel.modelrepair.QModelFixer handleStep
INFO: Calculating new Q-value:
Old Q-value: 180.0
Alpha: 0.4125

Reward: 180
180.0 + 0.4125 * (180 - 180.0) = 180.0
apr. 11, 2020 3:20:12 P.M. hvl.projectparmorel.modelrepair.QModelFixer handleStep
INFO: Updated Q-table for error 441, context 0, action 99999 delete to new weight 180.0
apr. 11, 2020 3:20:12 P.M. hvl.projectparmorel.modelrepair.QModelFixer handleEpisode
INFO: EPISODE 15 TOTAL REWARD 540



apr. 11, 2020 3:20:12 P.M. hvl.projectparmorel.modelrepair.QModelFixer handleEpisode
INFO: EPISODE 16, STEP 0, Fixing error 44: The name 'null' is not well formed
apr. 11, 2020 3:20:12 P.M. hvl.projectparmorel.modelrepair.QModelFixer chooseAction
INFO: Choosing random action.
apr. 11, 2020 3:20:12 P.M. hvl.projectparmorel.modelrepair.QModelFixer handleStep
INFO: Chose action setName in context 0 with weight 621.4344036671349
apr. 11, 2020 3:20:12 P.M. hvl.projectparmorel.modelrepair.QModelFixer handleStep
INFO: Next error code: 40
apr. 11, 2020 3:20:12 P.M. hvl.projectparmorel.modelrepair.QModelFixer handleStep
INFO: Calculating new Q-value:
Old Q-value: 621.4344036671349
Alpha: 0.3733333333333334
Gamma: 1.0
Reward: 180
Next optimal action Q-value: 361.23297878908585
621.4344036671349 + 0.3733333333333334 * (180 + 1.0 * 361.23297878908585 - 621.4344036671349) = 591.4925383793299
apr. 11, 2020 3:20:12 P.M. hvl.projectparmorel.modelrepair.QModelFixer handleStep
INFO: Updated Q-table for error 44, context 0, action -801382182 setName to new weight 591.4925383793299


apr. 11, 2020 3:20:12 P.M. hvl.projectparmorel.modelrepair.QModelFixer handleEpisode
INFO: EPISODE 16, STEP 1, Fixing error 40: The typed element must have a type
apr. 11, 2020 3:20:12 P.M. hvl.projectparmorel.modelrepair.QModelFixer chooseAction
INFO: Choosing optimal action
apr. 11, 2020 3:20:12 P.M. hvl.projectparmorel.modelrepair.QModelFixer handleStep
INFO: Chose action delete in context 0 with weight 361.23297878908585
apr. 11, 2020 3:20:12 P.M. hvl.projectparmorel.modelrepair.QModelFixer handleStep
INFO: Next error code: 441
apr. 11, 2020 3:20:12 P.M. hvl.projectparmorel.modelrepair.QModelFixer handleStep
INFO: Calculating new Q-value:
Old Q-value: 361.23297878908585
Alpha: 0.3733333333333334
Gamma: 1.0
Reward: 180
Next optimal action Q-value: 180.0000247759768
361.23297878908585 + 0.3733333333333334 * (180 + 1.0 * 180.0000247759768 - 361.23297878908585) = 360.77267595752517
apr. 11, 2020 3:20:12 P.M. hvl.projectparmorel.modelrepair.QModelFixer handleStep
INFO: Updated Q-table for error 40, context 0, action 99999 delete to new weight 360.77267595752517


apr. 11, 2020 3:20:12 P.M. hvl.projectparmorel.modelrepair.QModelFixer handleEpisode
INFO: EPISODE 16, STEP 2, Fixing error 441: The name 'null' is not well formed
apr. 11, 2020 3:20:12 P.M. hvl.projectparmorel.modelrepair.QModelFixer chooseAction
INFO: Choosing random action.
apr. 11, 2020 3:20:12 P.M. hvl.projectparmorel.modelrepair.QModelFixer handleStep
INFO: Chose action delete in context 0 with weight 180.0
apr. 11, 2020 3:20:13 P.M. hvl.projectparmorel.modelrepair.QModelFixer handleStep
INFO: Calculating new Q-value:
Old Q-value: 180.0
Alpha: 0.3733333333333334

Reward: 180
180.0 + 0.3733333333333334 * (180 - 180.0) = 180.0
apr. 11, 2020 3:20:13 P.M. hvl.projectparmorel.modelrepair.QModelFixer handleStep
INFO: Updated Q-table for error 441, context 0, action 99999 delete to new weight 180.0
apr. 11, 2020 3:20:13 P.M. hvl.projectparmorel.modelrepair.QModelFixer handleEpisode
INFO: EPISODE 16 TOTAL REWARD 540



apr. 11, 2020 3:20:13 P.M. hvl.projectparmorel.modelrepair.QModelFixer handleEpisode
INFO: EPISODE 17, STEP 0, Fixing error 44: The name 'null' is not well formed
apr. 11, 2020 3:20:13 P.M. hvl.projectparmorel.modelrepair.QModelFixer chooseAction
INFO: Choosing optimal action
apr. 11, 2020 3:20:13 P.M. hvl.projectparmorel.modelrepair.QModelFixer handleStep
INFO: Chose action setName in context 0 with weight 591.4925383793299
apr. 11, 2020 3:20:13 P.M. hvl.projectparmorel.modelrepair.QModelFixer handleStep
INFO: Next error code: 40
apr. 11, 2020 3:20:13 P.M. hvl.projectparmorel.modelrepair.QModelFixer handleStep
INFO: Calculating new Q-value:
Old Q-value: 591.4925383793299
Alpha: 0.3341666666666667
Gamma: 1.0
Reward: 180
Next optimal action Q-value: 360.77267595752517
591.4925383793299 + 0.3341666666666667 * (180 + 1.0 * 360.77267595752517 - 591.4925383793299) = 574.5436510200434
apr. 11, 2020 3:20:13 P.M. hvl.projectparmorel.modelrepair.QModelFixer handleStep
INFO: Updated Q-table for error 44, context 0, action -801382182 setName to new weight 574.5436510200434


apr. 11, 2020 3:20:13 P.M. hvl.projectparmorel.modelrepair.QModelFixer handleEpisode
INFO: EPISODE 17, STEP 1, Fixing error 40: The typed element must have a type
apr. 11, 2020 3:20:13 P.M. hvl.projectparmorel.modelrepair.QModelFixer chooseAction
INFO: Choosing optimal action
apr. 11, 2020 3:20:13 P.M. hvl.projectparmorel.modelrepair.QModelFixer handleStep
INFO: Chose action delete in context 0 with weight 360.77267595752517
apr. 11, 2020 3:20:13 P.M. hvl.projectparmorel.modelrepair.QModelFixer handleStep
INFO: Next error code: 441
apr. 11, 2020 3:20:13 P.M. hvl.projectparmorel.modelrepair.QModelFixer handleStep
INFO: Calculating new Q-value:
Old Q-value: 360.77267595752517
Alpha: 0.3341666666666667
Gamma: 1.0
Reward: 180
Next optimal action Q-value: 180.0000247759768
360.77267595752517 + 0.3341666666666667 * (180 + 1.0 * 180.0000247759768 - 360.77267595752517) = 360.5144816876911
apr. 11, 2020 3:20:13 P.M. hvl.projectparmorel.modelrepair.QModelFixer handleStep
INFO: Updated Q-table for error 40, context 0, action 99999 delete to new weight 360.5144816876911


apr. 11, 2020 3:20:13 P.M. hvl.projectparmorel.modelrepair.QModelFixer handleEpisode
INFO: EPISODE 17, STEP 2, Fixing error 441: The name 'null' is not well formed
apr. 11, 2020 3:20:13 P.M. hvl.projectparmorel.modelrepair.QModelFixer chooseAction
INFO: Choosing optimal action
apr. 11, 2020 3:20:13 P.M. hvl.projectparmorel.modelrepair.QModelFixer handleStep
INFO: Chose action setName in context 0 with weight 180.0000247759768
apr. 11, 2020 3:20:13 P.M. hvl.projectparmorel.modelrepair.QModelFixer handleStep
INFO: Calculating new Q-value:
Old Q-value: 180.0000247759768
Alpha: 0.3341666666666667

Reward: 180
180.0000247759768 + 0.3341666666666667 * (180 - 180.0000247759768) = 180.00001649667124
apr. 11, 2020 3:20:13 P.M. hvl.projectparmorel.modelrepair.QModelFixer handleStep
INFO: Updated Q-table for error 441, context 0, action -1193116178 setName to new weight 180.00001649667124
apr. 11, 2020 3:20:13 P.M. hvl.projectparmorel.modelrepair.QModelFixer handleEpisode
INFO: EPISODE 17 TOTAL REWARD 540



apr. 11, 2020 3:20:13 P.M. hvl.projectparmorel.modelrepair.QModelFixer handleEpisode
INFO: EPISODE 18, STEP 0, Fixing error 44: The name 'null' is not well formed
apr. 11, 2020 3:20:13 P.M. hvl.projectparmorel.modelrepair.QModelFixer chooseAction
INFO: Choosing optimal action
apr. 11, 2020 3:20:13 P.M. hvl.projectparmorel.modelrepair.QModelFixer handleStep
INFO: Chose action delete in context 0 with weight 588.3139672537686
apr. 11, 2020 3:20:13 P.M. hvl.projectparmorel.modelrepair.QModelFixer handleStep
INFO: Next error code: 40
apr. 11, 2020 3:20:13 P.M. hvl.projectparmorel.modelrepair.QModelFixer handleStep
INFO: Calculating new Q-value:
Old Q-value: 588.3139672537686
Alpha: 0.29500000000000004
Gamma: 1.0
Reward: 180
Next optimal action Q-value: 360.5144816876911
588.3139672537686 + 0.29500000000000004 * (180 + 1.0 * 360.5144816876911 - 588.3139672537686) = 574.2131190117758
apr. 11, 2020 3:20:13 P.M. hvl.projectparmorel.modelrepair.QModelFixer handleStep
INFO: Updated Q-table for error 44, context 0, action 99999 delete to new weight 574.2131190117758


apr. 11, 2020 3:20:13 P.M. hvl.projectparmorel.modelrepair.QModelFixer handleEpisode
INFO: EPISODE 18, STEP 1, Fixing error 40: The typed element must have a type
apr. 11, 2020 3:20:13 P.M. hvl.projectparmorel.modelrepair.QModelFixer chooseAction
INFO: Choosing optimal action
apr. 11, 2020 3:20:13 P.M. hvl.projectparmorel.modelrepair.QModelFixer handleStep
INFO: Chose action delete in context 0 with weight 360.5144816876911
apr. 11, 2020 3:20:13 P.M. hvl.projectparmorel.modelrepair.QModelFixer handleStep
INFO: Next error code: 441
apr. 11, 2020 3:20:13 P.M. hvl.projectparmorel.modelrepair.QModelFixer handleStep
INFO: Calculating new Q-value:
Old Q-value: 360.5144816876911
Alpha: 0.29500000000000004
Gamma: 1.0
Reward: 180
Next optimal action Q-value: 180.00001649667124
360.5144816876911 + 0.29500000000000004 * (180 + 1.0 * 180.00001649667124 - 360.5144816876911) = 360.36271445634026
apr. 11, 2020 3:20:13 P.M. hvl.projectparmorel.modelrepair.QModelFixer handleStep
INFO: Updated Q-table for error 40, context 0, action 99999 delete to new weight 360.36271445634026


apr. 11, 2020 3:20:13 P.M. hvl.projectparmorel.modelrepair.QModelFixer handleEpisode
INFO: EPISODE 18, STEP 2, Fixing error 441: The name 'null' is not well formed
apr. 11, 2020 3:20:13 P.M. hvl.projectparmorel.modelrepair.QModelFixer chooseAction
INFO: Choosing random action.
apr. 11, 2020 3:20:13 P.M. hvl.projectparmorel.modelrepair.QModelFixer handleStep
INFO: Chose action setName in context 0 with weight 180.00001649667124
apr. 11, 2020 3:20:13 P.M. hvl.projectparmorel.modelrepair.QModelFixer handleStep
INFO: Calculating new Q-value:
Old Q-value: 180.00001649667124
Alpha: 0.29500000000000004

Reward: 180
180.00001649667124 + 0.29500000000000004 * (180 - 180.00001649667124) = 180.0000116301532
apr. 11, 2020 3:20:13 P.M. hvl.projectparmorel.modelrepair.QModelFixer handleStep
INFO: Updated Q-table for error 441, context 0, action -1193116178 setName to new weight 180.0000116301532
apr. 11, 2020 3:20:13 P.M. hvl.projectparmorel.modelrepair.QModelFixer handleEpisode
INFO: EPISODE 18 TOTAL REWARD 540



apr. 11, 2020 3:20:13 P.M. hvl.projectparmorel.modelrepair.QModelFixer handleEpisode
INFO: EPISODE 19, STEP 0, Fixing error 44: The name 'null' is not well formed
apr. 11, 2020 3:20:13 P.M. hvl.projectparmorel.modelrepair.QModelFixer chooseAction
INFO: Choosing random action.
apr. 11, 2020 3:20:13 P.M. hvl.projectparmorel.modelrepair.QModelFixer handleStep
INFO: Chose action setName in context 0 with weight 574.5436510200434
apr. 11, 2020 3:20:13 P.M. hvl.projectparmorel.modelrepair.QModelFixer handleStep
INFO: Next error code: 40
apr. 11, 2020 3:20:13 P.M. hvl.projectparmorel.modelrepair.QModelFixer handleStep
INFO: Calculating new Q-value:
Old Q-value: 574.5436510200434
Alpha: 0.25583333333333336
Gamma: 1.0
Reward: 180
Next optimal action Q-value: 360.36271445634026
574.5436510200434 + 0.25583333333333336 * (180 + 1.0 * 360.36271445634026 - 574.5436510200434) = 565.799028082496
apr. 11, 2020 3:20:13 P.M. hvl.projectparmorel.modelrepair.QModelFixer handleStep
INFO: Updated Q-table for error 44, context 0, action -801382182 setName to new weight 565.799028082496


apr. 11, 2020 3:20:13 P.M. hvl.projectparmorel.modelrepair.QModelFixer handleEpisode
INFO: EPISODE 19, STEP 1, Fixing error 40: The typed element must have a type
apr. 11, 2020 3:20:13 P.M. hvl.projectparmorel.modelrepair.QModelFixer chooseAction
INFO: Choosing optimal action
apr. 11, 2020 3:20:13 P.M. hvl.projectparmorel.modelrepair.QModelFixer handleStep
INFO: Chose action delete in context 0 with weight 360.36271445634026
apr. 11, 2020 3:20:13 P.M. hvl.projectparmorel.modelrepair.QModelFixer handleStep
INFO: Next error code: 441
apr. 11, 2020 3:20:13 P.M. hvl.projectparmorel.modelrepair.QModelFixer handleStep
INFO: Calculating new Q-value:
Old Q-value: 360.36271445634026
Alpha: 0.25583333333333336
Gamma: 1.0
Reward: 180
Next optimal action Q-value: 180.0000116301532
360.36271445634026 + 0.25583333333333336 * (180 + 1.0 * 180.0000116301532 - 360.36271445634026) = 360.2699229833074
apr. 11, 2020 3:20:13 P.M. hvl.projectparmorel.modelrepair.QModelFixer handleStep
INFO: Updated Q-table for error 40, context 0, action 99999 delete to new weight 360.2699229833074


apr. 11, 2020 3:20:13 P.M. hvl.projectparmorel.modelrepair.QModelFixer handleEpisode
INFO: EPISODE 19, STEP 2, Fixing error 441: The name 'null' is not well formed
apr. 11, 2020 3:20:13 P.M. hvl.projectparmorel.modelrepair.QModelFixer chooseAction
INFO: Choosing optimal action
apr. 11, 2020 3:20:13 P.M. hvl.projectparmorel.modelrepair.QModelFixer handleStep
INFO: Chose action setName in context 0 with weight 180.0000116301532
apr. 11, 2020 3:20:13 P.M. hvl.projectparmorel.modelrepair.QModelFixer handleStep
INFO: Calculating new Q-value:
Old Q-value: 180.0000116301532
Alpha: 0.25583333333333336

Reward: 180
180.0000116301532 + 0.25583333333333336 * (180 - 180.0000116301532) = 180.00000865477236
apr. 11, 2020 3:20:13 P.M. hvl.projectparmorel.modelrepair.QModelFixer handleStep
INFO: Updated Q-table for error 441, context 0, action -1193116178 setName to new weight 180.00000865477236
apr. 11, 2020 3:20:13 P.M. hvl.projectparmorel.modelrepair.QModelFixer handleEpisode
INFO: EPISODE 19 TOTAL REWARD 540



apr. 11, 2020 3:20:13 P.M. hvl.projectparmorel.modelrepair.QModelFixer handleEpisode
INFO: EPISODE 20, STEP 0, Fixing error 44: The name 'null' is not well formed
apr. 11, 2020 3:20:13 P.M. hvl.projectparmorel.modelrepair.QModelFixer chooseAction
INFO: Choosing optimal action
apr. 11, 2020 3:20:13 P.M. hvl.projectparmorel.modelrepair.QModelFixer handleStep
INFO: Chose action delete in context 0 with weight 574.2131190117758
apr. 11, 2020 3:20:13 P.M. hvl.projectparmorel.modelrepair.QModelFixer handleStep
INFO: Next error code: 40
apr. 11, 2020 3:20:13 P.M. hvl.projectparmorel.modelrepair.QModelFixer handleStep
INFO: Calculating new Q-value:
Old Q-value: 574.2131190117758
Alpha: 0.21666666666666679
Gamma: 1.0
Reward: 180
Next optimal action Q-value: 360.2699229833074
574.2131190117758 + 0.21666666666666679 * (180 + 1.0 * 360.2699229833074 - 574.2131190117758) = 566.8587598722743
apr. 11, 2020 3:20:13 P.M. hvl.projectparmorel.modelrepair.QModelFixer handleStep
INFO: Updated Q-table for error 44, context 0, action 99999 delete to new weight 566.8587598722743


apr. 11, 2020 3:20:13 P.M. hvl.projectparmorel.modelrepair.QModelFixer handleEpisode
INFO: EPISODE 20, STEP 1, Fixing error 40: The typed element must have a type
apr. 11, 2020 3:20:13 P.M. hvl.projectparmorel.modelrepair.QModelFixer chooseAction
INFO: Choosing optimal action
apr. 11, 2020 3:20:13 P.M. hvl.projectparmorel.modelrepair.QModelFixer handleStep
INFO: Chose action delete in context 0 with weight 360.2699229833074
apr. 11, 2020 3:20:14 P.M. hvl.projectparmorel.modelrepair.QModelFixer handleStep
INFO: Next error code: 441
apr. 11, 2020 3:20:14 P.M. hvl.projectparmorel.modelrepair.QModelFixer handleStep
INFO: Calculating new Q-value:
Old Q-value: 360.2699229833074
Alpha: 0.21666666666666679
Gamma: 1.0
Reward: 180
Next optimal action Q-value: 180.00000865477236
360.2699229833074 + 0.21666666666666679 * (180 + 1.0 * 180.00000865477236 - 360.2699229833074) = 360.2114415454582
apr. 11, 2020 3:20:14 P.M. hvl.projectparmorel.modelrepair.QModelFixer handleStep
INFO: Updated Q-table for error 40, context 0, action 99999 delete to new weight 360.2114415454582


apr. 11, 2020 3:20:14 P.M. hvl.projectparmorel.modelrepair.QModelFixer handleEpisode
INFO: EPISODE 20, STEP 2, Fixing error 441: The name 'null' is not well formed
apr. 11, 2020 3:20:14 P.M. hvl.projectparmorel.modelrepair.QModelFixer chooseAction
INFO: Choosing optimal action
apr. 11, 2020 3:20:14 P.M. hvl.projectparmorel.modelrepair.QModelFixer handleStep
INFO: Chose action setName in context 0 with weight 180.00000865477236
apr. 11, 2020 3:20:14 P.M. hvl.projectparmorel.modelrepair.QModelFixer handleStep
INFO: Calculating new Q-value:
Old Q-value: 180.00000865477236
Alpha: 0.21666666666666679

Reward: 180
180.00000865477236 + 0.21666666666666679 * (180 - 180.00000865477236) = 180.0000067795717
apr. 11, 2020 3:20:14 P.M. hvl.projectparmorel.modelrepair.QModelFixer handleStep
INFO: Updated Q-table for error 441, context 0, action -1193116178 setName to new weight 180.0000067795717
apr. 11, 2020 3:20:14 P.M. hvl.projectparmorel.modelrepair.QModelFixer handleEpisode
INFO: EPISODE 20 TOTAL REWARD 540



apr. 11, 2020 3:20:14 P.M. hvl.projectparmorel.modelrepair.QModelFixer handleEpisode
INFO: EPISODE 21, STEP 0, Fixing error 44: The name 'null' is not well formed
apr. 11, 2020 3:20:14 P.M. hvl.projectparmorel.modelrepair.QModelFixer chooseAction
INFO: Choosing optimal action
apr. 11, 2020 3:20:14 P.M. hvl.projectparmorel.modelrepair.QModelFixer handleStep
INFO: Chose action delete in context 0 with weight 566.8587598722743
apr. 11, 2020 3:20:14 P.M. hvl.projectparmorel.modelrepair.QModelFixer handleStep
INFO: Next error code: 40
apr. 11, 2020 3:20:14 P.M. hvl.projectparmorel.modelrepair.QModelFixer handleStep
INFO: Calculating new Q-value:
Old Q-value: 566.8587598722743
Alpha: 0.1775000000000001
Gamma: 1.0
Reward: 180
Next optimal action Q-value: 360.2114415454582
566.8587598722743 + 0.1775000000000001 * (180 + 1.0 * 360.2114415454582 - 566.8587598722743) = 562.1288608692644
apr. 11, 2020 3:20:14 P.M. hvl.projectparmorel.modelrepair.QModelFixer handleStep
INFO: Updated Q-table for error 44, context 0, action 99999 delete to new weight 562.1288608692644


apr. 11, 2020 3:20:14 P.M. hvl.projectparmorel.modelrepair.QModelFixer handleEpisode
INFO: EPISODE 21, STEP 1, Fixing error 40: The typed element must have a type
apr. 11, 2020 3:20:14 P.M. hvl.projectparmorel.modelrepair.QModelFixer chooseAction
INFO: Choosing optimal action
apr. 11, 2020 3:20:14 P.M. hvl.projectparmorel.modelrepair.QModelFixer handleStep
INFO: Chose action delete in context 0 with weight 360.2114415454582
apr. 11, 2020 3:20:14 P.M. hvl.projectparmorel.modelrepair.QModelFixer handleStep
INFO: Next error code: 441
apr. 11, 2020 3:20:14 P.M. hvl.projectparmorel.modelrepair.QModelFixer handleStep
INFO: Calculating new Q-value:
Old Q-value: 360.2114415454582
Alpha: 0.1775000000000001
Gamma: 1.0
Reward: 180
Next optimal action Q-value: 180.0000067795717
360.2114415454582 + 0.1775000000000001 * (180 + 1.0 * 180.0000067795717 - 360.2114415454582) = 360.1739118745133
apr. 11, 2020 3:20:14 P.M. hvl.projectparmorel.modelrepair.QModelFixer handleStep
INFO: Updated Q-table for error 40, context 0, action 99999 delete to new weight 360.1739118745133


apr. 11, 2020 3:20:14 P.M. hvl.projectparmorel.modelrepair.QModelFixer handleEpisode
INFO: EPISODE 21, STEP 2, Fixing error 441: The name 'null' is not well formed
apr. 11, 2020 3:20:14 P.M. hvl.projectparmorel.modelrepair.QModelFixer chooseAction
INFO: Choosing random action.
apr. 11, 2020 3:20:14 P.M. hvl.projectparmorel.modelrepair.QModelFixer handleStep
INFO: Chose action delete in context 0 with weight 180.0
apr. 11, 2020 3:20:14 P.M. hvl.projectparmorel.modelrepair.QModelFixer handleStep
INFO: Calculating new Q-value:
Old Q-value: 180.0
Alpha: 0.1775000000000001

Reward: 180
180.0 + 0.1775000000000001 * (180 - 180.0) = 180.0
apr. 11, 2020 3:20:14 P.M. hvl.projectparmorel.modelrepair.QModelFixer handleStep
INFO: Updated Q-table for error 441, context 0, action 99999 delete to new weight 180.0
apr. 11, 2020 3:20:14 P.M. hvl.projectparmorel.modelrepair.QModelFixer handleEpisode
INFO: EPISODE 21 TOTAL REWARD 540



apr. 11, 2020 3:20:14 P.M. hvl.projectparmorel.modelrepair.QModelFixer handleEpisode
INFO: EPISODE 22, STEP 0, Fixing error 44: The name 'null' is not well formed
apr. 11, 2020 3:20:14 P.M. hvl.projectparmorel.modelrepair.QModelFixer chooseAction
INFO: Choosing optimal action
apr. 11, 2020 3:20:14 P.M. hvl.projectparmorel.modelrepair.QModelFixer handleStep
INFO: Chose action setName in context 0 with weight 565.799028082496
apr. 11, 2020 3:20:14 P.M. hvl.projectparmorel.modelrepair.QModelFixer handleStep
INFO: Next error code: 40
apr. 11, 2020 3:20:14 P.M. hvl.projectparmorel.modelrepair.QModelFixer handleStep
INFO: Calculating new Q-value:
Old Q-value: 565.799028082496
Alpha: 0.1383333333333333
Gamma: 1.0
Reward: 180
Next optimal action Q-value: 360.1739118745133
565.799028082496 + 0.1383333333333333 * (180 + 1.0 * 360.1739118745133 - 565.799028082496) = 562.2542203403917
apr. 11, 2020 3:20:14 P.M. hvl.projectparmorel.modelrepair.QModelFixer handleStep
INFO: Updated Q-table for error 44, context 0, action -801382182 setName to new weight 562.2542203403917


apr. 11, 2020 3:20:14 P.M. hvl.projectparmorel.modelrepair.QModelFixer handleEpisode
INFO: EPISODE 22, STEP 1, Fixing error 40: The typed element must have a type
apr. 11, 2020 3:20:14 P.M. hvl.projectparmorel.modelrepair.QModelFixer chooseAction
INFO: Choosing random action.
apr. 11, 2020 3:20:14 P.M. hvl.projectparmorel.modelrepair.QModelFixer handleStep
INFO: Chose action delete in context 0 with weight 360.1739118745133
apr. 11, 2020 3:20:14 P.M. hvl.projectparmorel.modelrepair.QModelFixer handleStep
INFO: Next error code: 441
apr. 11, 2020 3:20:14 P.M. hvl.projectparmorel.modelrepair.QModelFixer handleStep
INFO: Calculating new Q-value:
Old Q-value: 360.1739118745133
Alpha: 0.1383333333333333
Gamma: 1.0
Reward: 180
Next optimal action Q-value: 180.0000067795717
360.1739118745133 + 0.1383333333333333 * (180 + 1.0 * 180.0000067795717 - 360.1739118745133) = 360.14985500304635
apr. 11, 2020 3:20:14 P.M. hvl.projectparmorel.modelrepair.QModelFixer handleStep
INFO: Updated Q-table for error 40, context 0, action 99999 delete to new weight 360.14985500304635


apr. 11, 2020 3:20:14 P.M. hvl.projectparmorel.modelrepair.QModelFixer handleEpisode
INFO: EPISODE 22, STEP 2, Fixing error 441: The name 'null' is not well formed
apr. 11, 2020 3:20:14 P.M. hvl.projectparmorel.modelrepair.QModelFixer chooseAction
INFO: Choosing optimal action
apr. 11, 2020 3:20:14 P.M. hvl.projectparmorel.modelrepair.QModelFixer handleStep
INFO: Chose action setName in context 0 with weight 180.0000067795717
apr. 11, 2020 3:20:14 P.M. hvl.projectparmorel.modelrepair.QModelFixer handleStep
INFO: Calculating new Q-value:
Old Q-value: 180.0000067795717
Alpha: 0.1383333333333333

Reward: 180
180.0000067795717 + 0.1383333333333333 * (180 - 180.0000067795717) = 180.00000584173094
apr. 11, 2020 3:20:14 P.M. hvl.projectparmorel.modelrepair.QModelFixer handleStep
INFO: Updated Q-table for error 441, context 0, action -1193116178 setName to new weight 180.00000584173094
apr. 11, 2020 3:20:14 P.M. hvl.projectparmorel.modelrepair.QModelFixer handleEpisode
INFO: EPISODE 22 TOTAL REWARD 540



apr. 11, 2020 3:20:14 P.M. hvl.projectparmorel.modelrepair.QModelFixer handleEpisode
INFO: EPISODE 23, STEP 0, Fixing error 44: The name 'null' is not well formed
apr. 11, 2020 3:20:14 P.M. hvl.projectparmorel.modelrepair.QModelFixer chooseAction
INFO: Choosing optimal action
apr. 11, 2020 3:20:14 P.M. hvl.projectparmorel.modelrepair.QModelFixer handleStep
INFO: Chose action setName in context 0 with weight 562.2542203403917
apr. 11, 2020 3:20:14 P.M. hvl.projectparmorel.modelrepair.QModelFixer handleStep
INFO: Next error code: 40
apr. 11, 2020 3:20:14 P.M. hvl.projectparmorel.modelrepair.QModelFixer handleStep
INFO: Calculating new Q-value:
Old Q-value: 562.2542203403917
Alpha: 0.09916666666666674
Gamma: 1.0
Reward: 180
Next optimal action Q-value: 360.14985500304635
562.2542203403917 + 0.09916666666666674 * (180 + 1.0 * 360.14985500304635 - 562.2542203403917) = 560.062204111105
apr. 11, 2020 3:20:14 P.M. hvl.projectparmorel.modelrepair.QModelFixer handleStep
INFO: Updated Q-table for error 44, context 0, action -801382182 setName to new weight 560.062204111105


apr. 11, 2020 3:20:14 P.M. hvl.projectparmorel.modelrepair.QModelFixer handleEpisode
INFO: EPISODE 23, STEP 1, Fixing error 40: The typed element must have a type
apr. 11, 2020 3:20:14 P.M. hvl.projectparmorel.modelrepair.QModelFixer chooseAction
INFO: Choosing optimal action
apr. 11, 2020 3:20:14 P.M. hvl.projectparmorel.modelrepair.QModelFixer handleStep
INFO: Chose action delete in context 0 with weight 360.14985500304635
apr. 11, 2020 3:20:15 P.M. hvl.projectparmorel.modelrepair.QModelFixer handleStep
INFO: Next error code: 441
apr. 11, 2020 3:20:15 P.M. hvl.projectparmorel.modelrepair.QModelFixer handleStep
INFO: Calculating new Q-value:
Old Q-value: 360.14985500304635
Alpha: 0.09916666666666674
Gamma: 1.0
Reward: 180
Next optimal action Q-value: 180.00000584173094
360.14985500304635 + 0.09916666666666674 * (180 + 1.0 * 180.00000584173094 - 360.14985500304635) = 360.1349949612159
apr. 11, 2020 3:20:15 P.M. hvl.projectparmorel.modelrepair.QModelFixer handleStep
INFO: Updated Q-table for error 40, context 0, action 99999 delete to new weight 360.1349949612159


apr. 11, 2020 3:20:15 P.M. hvl.projectparmorel.modelrepair.QModelFixer handleEpisode
INFO: EPISODE 23, STEP 2, Fixing error 441: The name 'null' is not well formed
apr. 11, 2020 3:20:15 P.M. hvl.projectparmorel.modelrepair.QModelFixer chooseAction
INFO: Choosing optimal action
apr. 11, 2020 3:20:15 P.M. hvl.projectparmorel.modelrepair.QModelFixer handleStep
INFO: Chose action setName in context 0 with weight 180.00000584173094
apr. 11, 2020 3:20:15 P.M. hvl.projectparmorel.modelrepair.QModelFixer handleStep
INFO: Calculating new Q-value:
Old Q-value: 180.00000584173094
Alpha: 0.09916666666666674

Reward: 180
180.00000584173094 + 0.09916666666666674 * (180 - 180.00000584173094) = 180.00000526242596
apr. 11, 2020 3:20:15 P.M. hvl.projectparmorel.modelrepair.QModelFixer handleStep
INFO: Updated Q-table for error 441, context 0, action -1193116178 setName to new weight 180.00000526242596
apr. 11, 2020 3:20:15 P.M. hvl.projectparmorel.modelrepair.QModelFixer handleEpisode
INFO: EPISODE 23 TOTAL REWARD 540



apr. 11, 2020 3:20:15 P.M. hvl.projectparmorel.modelrepair.QModelFixer handleEpisode
INFO: EPISODE 24, STEP 0, Fixing error 44: The name 'null' is not well formed
apr. 11, 2020 3:20:15 P.M. hvl.projectparmorel.modelrepair.QModelFixer chooseAction
INFO: Choosing random action.
apr. 11, 2020 3:20:15 P.M. hvl.projectparmorel.modelrepair.QModelFixer handleStep
INFO: Chose action setName in context 0 with weight 560.062204111105
apr. 11, 2020 3:20:15 P.M. hvl.projectparmorel.modelrepair.QModelFixer handleStep
INFO: Next error code: 40
apr. 11, 2020 3:20:15 P.M. hvl.projectparmorel.modelrepair.QModelFixer handleStep
INFO: Calculating new Q-value:
Old Q-value: 560.062204111105
Alpha: 0.06000000000000005
Gamma: 1.0
Reward: 180
Next optimal action Q-value: 360.1349949612159
560.062204111105 + 0.06000000000000005 * (180 + 1.0 * 360.1349949612159 - 560.062204111105) = 558.8665715621116
apr. 11, 2020 3:20:15 P.M. hvl.projectparmorel.modelrepair.QModelFixer handleStep
INFO: Updated Q-table for error 44, context 0, action -801382182 setName to new weight 558.8665715621116


apr. 11, 2020 3:20:15 P.M. hvl.projectparmorel.modelrepair.QModelFixer handleEpisode
INFO: EPISODE 24, STEP 1, Fixing error 40: The typed element must have a type
apr. 11, 2020 3:20:15 P.M. hvl.projectparmorel.modelrepair.QModelFixer chooseAction
INFO: Choosing optimal action
apr. 11, 2020 3:20:15 P.M. hvl.projectparmorel.modelrepair.QModelFixer handleStep
INFO: Chose action delete in context 0 with weight 360.1349949612159
apr. 11, 2020 3:20:15 P.M. hvl.projectparmorel.modelrepair.QModelFixer handleStep
INFO: Next error code: 441
apr. 11, 2020 3:20:15 P.M. hvl.projectparmorel.modelrepair.QModelFixer handleStep
INFO: Calculating new Q-value:
Old Q-value: 360.1349949612159
Alpha: 0.06000000000000005
Gamma: 1.0
Reward: 180
Next optimal action Q-value: 180.00000526242596
360.1349949612159 + 0.06000000000000005 * (180 + 1.0 * 180.00000526242596 - 360.1349949612159) = 360.1268955792885
apr. 11, 2020 3:20:15 P.M. hvl.projectparmorel.modelrepair.QModelFixer handleStep
INFO: Updated Q-table for error 40, context 0, action 99999 delete to new weight 360.1268955792885


apr. 11, 2020 3:20:15 P.M. hvl.projectparmorel.modelrepair.QModelFixer handleEpisode
INFO: EPISODE 24, STEP 2, Fixing error 441: The name 'null' is not well formed
apr. 11, 2020 3:20:15 P.M. hvl.projectparmorel.modelrepair.QModelFixer chooseAction
INFO: Choosing optimal action
apr. 11, 2020 3:20:15 P.M. hvl.projectparmorel.modelrepair.QModelFixer handleStep
INFO: Chose action setName in context 0 with weight 180.00000526242596
apr. 11, 2020 3:20:15 P.M. hvl.projectparmorel.modelrepair.QModelFixer handleStep
INFO: Calculating new Q-value:
Old Q-value: 180.00000526242596
Alpha: 0.06000000000000005

Reward: 180
180.00000526242596 + 0.06000000000000005 * (180 - 180.00000526242596) = 180.0000049466804
apr. 11, 2020 3:20:15 P.M. hvl.projectparmorel.modelrepair.QModelFixer handleStep
INFO: Updated Q-table for error 441, context 0, action -1193116178 setName to new weight 180.0000049466804
apr. 11, 2020 3:20:15 P.M. hvl.projectparmorel.modelrepair.QModelFixer handleEpisode
INFO: EPISODE 24 TOTAL REWARD 540



apr. 11, 2020 3:20:15 P.M. hvl.projectparmorel.reward.RewardCalculator handlePreferLongSequences
INFO: Rewarded solution 0 with a weight of 2000 because of preferences to reward longer sequences.
apr. 11, 2020 3:20:15 P.M. hvl.projectparmorel.modelrepair.QModelFixer fixModel
INFO: Time repairing model: 6885 ms
apr. 11, 2020 3:20:15 P.M. hvl.projectparmorel.modelrepair.QModelFixer fixModel
INFO: 
-----------------ALL SEQUENCES FOUND-------------------
SIZE: 2
DISCARDED SEQUENCES: 23
--------::::B E S T   S E Q U E N C E   I S::::---------
Sequence [id=0, seq=[ErrorAction [Error: 44 The name 'null' is not well formed, Action: setName, Error hierarchy: 0]
, ErrorAction [Error: 40 The typed element must have a type, Action: setEType, Error hierarchy: 0]
, ErrorAction [Error: 441 The name 'null' is not well formed, Action: delete, Error hierarchy: 0]
], weight=2540.0]

 with 3 actions.
apr. 11, 2020 3:20:15 P.M. hvl.projectparmorel.knowledge.Knowledge save
INFO: Saving initialized
apr. 11, 2020 3:20:15 P.M. hvl.projectparmorel.knowledge.Knowledge save
INFO: document prepared
apr. 11, 2020 3:20:15 P.M. hvl.projectparmorel.knowledge.Knowledge save
INFO: Saving completed to /Users/Magnus/Skole/DAT300/EclipseWorkspace2/ParmorelRunnable/knowledge.xml
apr. 11, 2020 3:20:15 P.M. hvl.projectparmorel.knowledge.Knowledge save
INFO: Saving initialized
apr. 11, 2020 3:20:15 P.M. hvl.projectparmorel.knowledge.Knowledge save
INFO: document prepared
apr. 11, 2020 3:20:15 P.M. hvl.projectparmorel.knowledge.Knowledge save
INFO: Saving completed to /Users/Magnus/Skole/DAT300/EclipseWorkspace2/ParmorelRunnable/knowledge.xml
