apr. 11, 2020 2:18:41 P.M. hvl.projectparmorel.modelrepair.QModelFixer fixModel
INFO: Repairing a3.ecore
apr. 11, 2020 2:18:41 P.M. hvl.projectparmorel.modelrepair.QModelFixer fixModel
INFO: Running with preferences [2, 4]
apr. 11, 2020 2:18:41 P.M. hvl.projectparmorel.modelrepair.QModelFixer fixModel
INFO: Initial number of errors in model: 2
Maximum number of steps per episode: 20
Errors to fix: [Error 44, message=The name 'null' is not well formed
, Error 25, message=A class that is an interface must also be abstract
]
apr. 11, 2020 2:18:41 P.M. hvl.projectparmorel.modelrepair.QModelFixer fixModel
INFO: Initializing Q-table for the errors.
apr. 11, 2020 2:18:41 P.M. hvl.projectparmorel.modelrepair.QModelFixer fixModel
INFO: Number of episodes: 25
apr. 11, 2020 2:18:41 P.M. hvl.projectparmorel.modelrepair.QModelFixer handleEpisode
INFO: EPISODE 0, STEP 0, Fixing error 44: The name 'null' is not well formed
apr. 11, 2020 2:18:41 P.M. hvl.projectparmorel.modelrepair.QModelFixer chooseAction
INFO: Choosing optimal action
apr. 11, 2020 2:18:41 P.M. hvl.projectparmorel.modelrepair.QModelFixer handleStep
INFO: Chose action setName in context 0 with weight 400.0
apr. 11, 2020 2:18:41 P.M. hvl.projectparmorel.modelrepair.QModelFixer handleStep
INFO: Next error code: 25
apr. 11, 2020 2:18:41 P.M. hvl.projectparmorel.modelrepair.QModelFixer handleStep
INFO: Calculating new Q-value:
Old Q-value: 400.0
Alpha: 1.0
Gamma: 1.0
Reward: 100
Next optimal action Q-value: 700.0
400.0 + 1.0 * (100 + 1.0 * 700.0 - 400.0) = 800.0
apr. 11, 2020 2:18:41 P.M. hvl.projectparmorel.modelrepair.QModelFixer handleStep
INFO: Updated Q-table for error 44, context 0, action -801382182 setName to new weight 800.0


apr. 11, 2020 2:18:41 P.M. hvl.projectparmorel.modelrepair.QModelFixer handleEpisode
INFO: EPISODE 0, STEP 1, Fixing error 25: A class that is an interface must also be abstract
apr. 11, 2020 2:18:41 P.M. hvl.projectparmorel.modelrepair.QModelFixer chooseAction
INFO: Choosing optimal action
apr. 11, 2020 2:18:41 P.M. hvl.projectparmorel.modelrepair.QModelFixer handleStep
INFO: Chose action setInterface in context 0 with weight 700.0
apr. 11, 2020 2:18:41 P.M. hvl.projectparmorel.modelrepair.QModelFixer handleStep
INFO: Calculating new Q-value:
Old Q-value: 700.0
Alpha: 1.0

Reward: 100
700.0 + 1.0 * (100 - 700.0) = 100.0
apr. 11, 2020 2:18:41 P.M. hvl.projectparmorel.modelrepair.QModelFixer handleStep
INFO: Updated Q-table for error 25, context 0, action -943639423 setInterface to new weight 100.0
apr. 11, 2020 2:18:41 P.M. hvl.projectparmorel.modelrepair.QModelFixer handleEpisode
INFO: EPISODE 0 TOTAL REWARD 200



apr. 11, 2020 2:18:41 P.M. hvl.projectparmorel.modelrepair.QModelFixer handleEpisode
INFO: EPISODE 1, STEP 0, Fixing error 44: The name 'null' is not well formed
apr. 11, 2020 2:18:41 P.M. hvl.projectparmorel.modelrepair.QModelFixer chooseAction
INFO: Choosing optimal action
apr. 11, 2020 2:18:41 P.M. hvl.projectparmorel.modelrepair.QModelFixer handleStep
INFO: Chose action setName in context 0 with weight 800.0
apr. 11, 2020 2:18:41 P.M. hvl.projectparmorel.modelrepair.QModelFixer handleStep
INFO: Next error code: 25
apr. 11, 2020 2:18:41 P.M. hvl.projectparmorel.modelrepair.QModelFixer handleStep
INFO: Calculating new Q-value:
Old Q-value: 800.0
Alpha: 0.9608333333333333
Gamma: 1.0
Reward: 100
Next optimal action Q-value: 100.0
800.0 + 0.9608333333333333 * (100 + 1.0 * 100.0 - 800.0) = 223.5
apr. 11, 2020 2:18:41 P.M. hvl.projectparmorel.modelrepair.QModelFixer handleStep
INFO: Updated Q-table for error 44, context 0, action -801382182 setName to new weight 223.5


apr. 11, 2020 2:18:41 P.M. hvl.projectparmorel.modelrepair.QModelFixer handleEpisode
INFO: EPISODE 1, STEP 1, Fixing error 25: A class that is an interface must also be abstract
apr. 11, 2020 2:18:41 P.M. hvl.projectparmorel.modelrepair.QModelFixer chooseAction
INFO: Choosing random action.
apr. 11, 2020 2:18:41 P.M. hvl.projectparmorel.modelrepair.QModelFixer handleStep
INFO: Chose action setInterface in context 0 with weight 100.0
apr. 11, 2020 2:18:41 P.M. hvl.projectparmorel.modelrepair.QModelFixer handleStep
INFO: Calculating new Q-value:
Old Q-value: 100.0
Alpha: 0.9608333333333333

Reward: 100
100.0 + 0.9608333333333333 * (100 - 100.0) = 100.0
apr. 11, 2020 2:18:41 P.M. hvl.projectparmorel.modelrepair.QModelFixer handleStep
INFO: Updated Q-table for error 25, context 0, action -943639423 setInterface to new weight 100.0
apr. 11, 2020 2:18:41 P.M. hvl.projectparmorel.modelrepair.QModelFixer handleEpisode
INFO: EPISODE 1 TOTAL REWARD 200



apr. 11, 2020 2:18:41 P.M. hvl.projectparmorel.modelrepair.QModelFixer handleEpisode
INFO: EPISODE 2, STEP 0, Fixing error 44: The name 'null' is not well formed
apr. 11, 2020 2:18:41 P.M. hvl.projectparmorel.modelrepair.QModelFixer chooseAction
INFO: Choosing random action.
apr. 11, 2020 2:18:41 P.M. hvl.projectparmorel.modelrepair.QModelFixer handleStep
INFO: Chose action delete in context 0 with weight -378.5726634877192
apr. 11, 2020 2:18:41 P.M. hvl.projectparmorel.modelrepair.QModelFixer handleStep
INFO: Next error code: 25
apr. 11, 2020 2:18:41 P.M. hvl.projectparmorel.modelrepair.QModelFixer handleStep
INFO: Calculating new Q-value:
Old Q-value: -378.5726634877192
Alpha: 0.9216666666666666
Gamma: 1.0
Reward: -1000
Next optimal action Q-value: 100.0
-378.5726634877192 + 0.9216666666666666 * (-1000 + 1.0 * 100.0 - -378.5726634877192) = -859.1548586398712
apr. 11, 2020 2:18:41 P.M. hvl.projectparmorel.modelrepair.QModelFixer handleStep
INFO: Updated Q-table for error 44, context 0, action 99999 delete to new weight -859.1548586398712


apr. 11, 2020 2:18:41 P.M. hvl.projectparmorel.modelrepair.QModelFixer handleEpisode
INFO: EPISODE 2, STEP 1, Fixing error 25: A class that is an interface must also be abstract
apr. 11, 2020 2:18:41 P.M. hvl.projectparmorel.modelrepair.QModelFixer chooseAction
INFO: Choosing optimal action
apr. 11, 2020 2:18:41 P.M. hvl.projectparmorel.modelrepair.QModelFixer handleStep
INFO: Chose action setInterface in context 0 with weight 100.0
apr. 11, 2020 2:18:41 P.M. hvl.projectparmorel.modelrepair.QModelFixer handleStep
INFO: Calculating new Q-value:
Old Q-value: 100.0
Alpha: 0.9216666666666666

Reward: 100
100.0 + 0.9216666666666666 * (100 - 100.0) = 100.0
apr. 11, 2020 2:18:41 P.M. hvl.projectparmorel.modelrepair.QModelFixer handleStep
INFO: Updated Q-table for error 25, context 0, action -943639423 setInterface to new weight 100.0
apr. 11, 2020 2:18:41 P.M. hvl.projectparmorel.modelrepair.QModelFixer handleEpisode
INFO: EPISODE 2 TOTAL REWARD -900



apr. 11, 2020 2:18:41 P.M. hvl.projectparmorel.modelrepair.QModelFixer handleEpisode
INFO: EPISODE 3, STEP 0, Fixing error 44: The name 'null' is not well formed
apr. 11, 2020 2:18:41 P.M. hvl.projectparmorel.modelrepair.QModelFixer chooseAction
INFO: Choosing optimal action
apr. 11, 2020 2:18:41 P.M. hvl.projectparmorel.modelrepair.QModelFixer handleStep
INFO: Chose action setName in context 0 with weight 223.5
apr. 11, 2020 2:18:41 P.M. hvl.projectparmorel.modelrepair.QModelFixer handleStep
INFO: Next error code: 25
apr. 11, 2020 2:18:41 P.M. hvl.projectparmorel.modelrepair.QModelFixer handleStep
INFO: Calculating new Q-value:
Old Q-value: 223.5
Alpha: 0.8825000000000001
Gamma: 1.0
Reward: 100
Next optimal action Q-value: 100.0
223.5 + 0.8825000000000001 * (100 + 1.0 * 100.0 - 223.5) = 202.76125
apr. 11, 2020 2:18:41 P.M. hvl.projectparmorel.modelrepair.QModelFixer handleStep
INFO: Updated Q-table for error 44, context 0, action -801382182 setName to new weight 202.76125


apr. 11, 2020 2:18:41 P.M. hvl.projectparmorel.modelrepair.QModelFixer handleEpisode
INFO: EPISODE 3, STEP 1, Fixing error 25: A class that is an interface must also be abstract
apr. 11, 2020 2:18:41 P.M. hvl.projectparmorel.modelrepair.QModelFixer chooseAction
INFO: Choosing optimal action
apr. 11, 2020 2:18:41 P.M. hvl.projectparmorel.modelrepair.QModelFixer handleStep
INFO: Chose action setInterface in context 0 with weight 100.0
apr. 11, 2020 2:18:41 P.M. hvl.projectparmorel.modelrepair.QModelFixer handleStep
INFO: Calculating new Q-value:
Old Q-value: 100.0
Alpha: 0.8825000000000001

Reward: 100
100.0 + 0.8825000000000001 * (100 - 100.0) = 100.0
apr. 11, 2020 2:18:41 P.M. hvl.projectparmorel.modelrepair.QModelFixer handleStep
INFO: Updated Q-table for error 25, context 0, action -943639423 setInterface to new weight 100.0
apr. 11, 2020 2:18:41 P.M. hvl.projectparmorel.modelrepair.QModelFixer handleEpisode
INFO: EPISODE 3 TOTAL REWARD 200



apr. 11, 2020 2:18:41 P.M. hvl.projectparmorel.modelrepair.QModelFixer handleEpisode
INFO: EPISODE 4, STEP 0, Fixing error 44: The name 'null' is not well formed
apr. 11, 2020 2:18:41 P.M. hvl.projectparmorel.modelrepair.QModelFixer chooseAction
INFO: Choosing random action.
apr. 11, 2020 2:18:41 P.M. hvl.projectparmorel.modelrepair.QModelFixer handleStep
INFO: Chose action delete in context 0 with weight -859.1548586398712
apr. 11, 2020 2:18:42 P.M. hvl.projectparmorel.modelrepair.QModelFixer handleStep
INFO: Next error code: 25
apr. 11, 2020 2:18:42 P.M. hvl.projectparmorel.modelrepair.QModelFixer handleStep
INFO: Calculating new Q-value:
Old Q-value: -859.1548586398712
Alpha: 0.8433333333333334
Gamma: 1.0
Reward: -1000
Next optimal action Q-value: 100.0
-859.1548586398712 + 0.8433333333333334 * (-1000 + 1.0 * 100.0 - -859.1548586398712) = -893.6009278535798
apr. 11, 2020 2:18:42 P.M. hvl.projectparmorel.modelrepair.QModelFixer handleStep
INFO: Updated Q-table for error 44, context 0, action 99999 delete to new weight -893.6009278535798


apr. 11, 2020 2:18:42 P.M. hvl.projectparmorel.modelrepair.QModelFixer handleEpisode
INFO: EPISODE 4, STEP 1, Fixing error 25: A class that is an interface must also be abstract
apr. 11, 2020 2:18:42 P.M. hvl.projectparmorel.modelrepair.QModelFixer chooseAction
INFO: Choosing optimal action
apr. 11, 2020 2:18:42 P.M. hvl.projectparmorel.modelrepair.QModelFixer handleStep
INFO: Chose action setInterface in context 0 with weight 100.0
apr. 11, 2020 2:18:42 P.M. hvl.projectparmorel.modelrepair.QModelFixer handleStep
INFO: Calculating new Q-value:
Old Q-value: 100.0
Alpha: 0.8433333333333334

Reward: 100
100.0 + 0.8433333333333334 * (100 - 100.0) = 100.0
apr. 11, 2020 2:18:42 P.M. hvl.projectparmorel.modelrepair.QModelFixer handleStep
INFO: Updated Q-table for error 25, context 0, action -943639423 setInterface to new weight 100.0
apr. 11, 2020 2:18:42 P.M. hvl.projectparmorel.modelrepair.QModelFixer handleEpisode
INFO: EPISODE 4 TOTAL REWARD -900



apr. 11, 2020 2:18:42 P.M. hvl.projectparmorel.modelrepair.QModelFixer handleEpisode
INFO: EPISODE 5, STEP 0, Fixing error 44: The name 'null' is not well formed
apr. 11, 2020 2:18:42 P.M. hvl.projectparmorel.modelrepair.QModelFixer chooseAction
INFO: Choosing optimal action
apr. 11, 2020 2:18:42 P.M. hvl.projectparmorel.modelrepair.QModelFixer handleStep
INFO: Chose action setName in context 0 with weight 202.76125
apr. 11, 2020 2:18:42 P.M. hvl.projectparmorel.modelrepair.QModelFixer handleStep
INFO: Next error code: 25
apr. 11, 2020 2:18:42 P.M. hvl.projectparmorel.modelrepair.QModelFixer handleStep
INFO: Calculating new Q-value:
Old Q-value: 202.76125
Alpha: 0.8041666666666667
Gamma: 1.0
Reward: 100
Next optimal action Q-value: 100.0
202.76125 + 0.8041666666666667 * (100 + 1.0 * 100.0 - 202.76125) = 200.54074479166667
apr. 11, 2020 2:18:42 P.M. hvl.projectparmorel.modelrepair.QModelFixer handleStep
INFO: Updated Q-table for error 44, context 0, action -801382182 setName to new weight 200.54074479166667


apr. 11, 2020 2:18:42 P.M. hvl.projectparmorel.modelrepair.QModelFixer handleEpisode
INFO: EPISODE 5, STEP 1, Fixing error 25: A class that is an interface must also be abstract
apr. 11, 2020 2:18:42 P.M. hvl.projectparmorel.modelrepair.QModelFixer chooseAction
INFO: Choosing optimal action
apr. 11, 2020 2:18:42 P.M. hvl.projectparmorel.modelrepair.QModelFixer handleStep
INFO: Chose action setInterface in context 0 with weight 100.0
apr. 11, 2020 2:18:42 P.M. hvl.projectparmorel.modelrepair.QModelFixer handleStep
INFO: Calculating new Q-value:
Old Q-value: 100.0
Alpha: 0.8041666666666667

Reward: 100
100.0 + 0.8041666666666667 * (100 - 100.0) = 100.0
apr. 11, 2020 2:18:42 P.M. hvl.projectparmorel.modelrepair.QModelFixer handleStep
INFO: Updated Q-table for error 25, context 0, action -943639423 setInterface to new weight 100.0
apr. 11, 2020 2:18:42 P.M. hvl.projectparmorel.modelrepair.QModelFixer handleEpisode
INFO: EPISODE 5 TOTAL REWARD 200



apr. 11, 2020 2:18:42 P.M. hvl.projectparmorel.modelrepair.QModelFixer handleEpisode
INFO: EPISODE 6, STEP 0, Fixing error 44: The name 'null' is not well formed
apr. 11, 2020 2:18:42 P.M. hvl.projectparmorel.modelrepair.QModelFixer chooseAction
INFO: Choosing random action.
apr. 11, 2020 2:18:42 P.M. hvl.projectparmorel.modelrepair.QModelFixer handleStep
INFO: Chose action setName in context 0 with weight 200.54074479166667
apr. 11, 2020 2:18:42 P.M. hvl.projectparmorel.modelrepair.QModelFixer handleStep
INFO: Next error code: 25
apr. 11, 2020 2:18:42 P.M. hvl.projectparmorel.modelrepair.QModelFixer handleStep
INFO: Calculating new Q-value:
Old Q-value: 200.54074479166667
Alpha: 0.765
Gamma: 1.0
Reward: 100
Next optimal action Q-value: 100.0
200.54074479166667 + 0.765 * (100 + 1.0 * 100.0 - 200.54074479166667) = 200.12707502604167
apr. 11, 2020 2:18:42 P.M. hvl.projectparmorel.modelrepair.QModelFixer handleStep
INFO: Updated Q-table for error 44, context 0, action -801382182 setName to new weight 200.12707502604167


apr. 11, 2020 2:18:42 P.M. hvl.projectparmorel.modelrepair.QModelFixer handleEpisode
INFO: EPISODE 6, STEP 1, Fixing error 25: A class that is an interface must also be abstract
apr. 11, 2020 2:18:42 P.M. hvl.projectparmorel.modelrepair.QModelFixer chooseAction
INFO: Choosing random action.
apr. 11, 2020 2:18:42 P.M. hvl.projectparmorel.modelrepair.QModelFixer handleStep
INFO: Chose action delete in context 0 with weight -554.9279096132233
apr. 11, 2020 2:18:42 P.M. hvl.projectparmorel.modelrepair.QModelFixer handleStep
INFO: Calculating new Q-value:
Old Q-value: -554.9279096132233
Alpha: 0.765

Reward: -1000
-554.9279096132233 + 0.765 * (-1000 - -554.9279096132233) = -895.4080587591075
apr. 11, 2020 2:18:42 P.M. hvl.projectparmorel.modelrepair.QModelFixer handleStep
INFO: Updated Q-table for error 25, context 0, action 99999 delete to new weight -895.4080587591075
apr. 11, 2020 2:18:42 P.M. hvl.projectparmorel.modelrepair.QModelFixer handleEpisode
INFO: EPISODE 6 TOTAL REWARD -900



apr. 11, 2020 2:18:42 P.M. hvl.projectparmorel.modelrepair.QModelFixer handleEpisode
INFO: EPISODE 7, STEP 0, Fixing error 44: The name 'null' is not well formed
apr. 11, 2020 2:18:42 P.M. hvl.projectparmorel.modelrepair.QModelFixer chooseAction
INFO: Choosing random action.
apr. 11, 2020 2:18:42 P.M. hvl.projectparmorel.modelrepair.QModelFixer handleStep
INFO: Chose action delete in context 0 with weight -893.6009278535798
apr. 11, 2020 2:18:43 P.M. hvl.projectparmorel.modelrepair.QModelFixer handleStep
INFO: Next error code: 25
apr. 11, 2020 2:18:43 P.M. hvl.projectparmorel.modelrepair.QModelFixer handleStep
INFO: Calculating new Q-value:
Old Q-value: -893.6009278535798
Alpha: 0.7258333333333333
Gamma: 1.0
Reward: -1000
Next optimal action Q-value: 100.0
-893.6009278535798 + 0.7258333333333333 * (-1000 + 1.0 * 100.0 - -893.6009278535798) = -898.2455877198564
apr. 11, 2020 2:18:43 P.M. hvl.projectparmorel.modelrepair.QModelFixer handleStep
INFO: Updated Q-table for error 44, context 0, action 99999 delete to new weight -898.2455877198564


apr. 11, 2020 2:18:43 P.M. hvl.projectparmorel.modelrepair.QModelFixer handleEpisode
INFO: EPISODE 7, STEP 1, Fixing error 25: A class that is an interface must also be abstract
apr. 11, 2020 2:18:43 P.M. hvl.projectparmorel.modelrepair.QModelFixer chooseAction
INFO: Choosing optimal action
apr. 11, 2020 2:18:43 P.M. hvl.projectparmorel.modelrepair.QModelFixer handleStep
INFO: Chose action setInterface in context 0 with weight 100.0
apr. 11, 2020 2:18:43 P.M. hvl.projectparmorel.modelrepair.QModelFixer handleStep
INFO: Calculating new Q-value:
Old Q-value: 100.0
Alpha: 0.7258333333333333

Reward: 100
100.0 + 0.7258333333333333 * (100 - 100.0) = 100.0
apr. 11, 2020 2:18:43 P.M. hvl.projectparmorel.modelrepair.QModelFixer handleStep
INFO: Updated Q-table for error 25, context 0, action -943639423 setInterface to new weight 100.0
apr. 11, 2020 2:18:43 P.M. hvl.projectparmorel.modelrepair.QModelFixer handleEpisode
INFO: EPISODE 7 TOTAL REWARD -900



apr. 11, 2020 2:18:43 P.M. hvl.projectparmorel.modelrepair.QModelFixer handleEpisode
INFO: EPISODE 8, STEP 0, Fixing error 44: The name 'null' is not well formed
apr. 11, 2020 2:18:43 P.M. hvl.projectparmorel.modelrepair.QModelFixer chooseAction
INFO: Choosing optimal action
apr. 11, 2020 2:18:43 P.M. hvl.projectparmorel.modelrepair.QModelFixer handleStep
INFO: Chose action setName in context 0 with weight 200.12707502604167
apr. 11, 2020 2:18:43 P.M. hvl.projectparmorel.modelrepair.QModelFixer handleStep
INFO: Next error code: 25
apr. 11, 2020 2:18:43 P.M. hvl.projectparmorel.modelrepair.QModelFixer handleStep
INFO: Calculating new Q-value:
Old Q-value: 200.12707502604167
Alpha: 0.6866666666666668
Gamma: 1.0
Reward: 100
Next optimal action Q-value: 100.0
200.12707502604167 + 0.6866666666666668 * (100 + 1.0 * 100.0 - 200.12707502604167) = 200.03981684149306
apr. 11, 2020 2:18:43 P.M. hvl.projectparmorel.modelrepair.QModelFixer handleStep
INFO: Updated Q-table for error 44, context 0, action -801382182 setName to new weight 200.03981684149306


apr. 11, 2020 2:18:43 P.M. hvl.projectparmorel.modelrepair.QModelFixer handleEpisode
INFO: EPISODE 8, STEP 1, Fixing error 25: A class that is an interface must also be abstract
apr. 11, 2020 2:18:43 P.M. hvl.projectparmorel.modelrepair.QModelFixer chooseAction
INFO: Choosing random action.
apr. 11, 2020 2:18:43 P.M. hvl.projectparmorel.modelrepair.QModelFixer handleStep
INFO: Chose action setInterface in context 0 with weight 100.0
apr. 11, 2020 2:18:43 P.M. hvl.projectparmorel.modelrepair.QModelFixer handleStep
INFO: Calculating new Q-value:
Old Q-value: 100.0
Alpha: 0.6866666666666668

Reward: 100
100.0 + 0.6866666666666668 * (100 - 100.0) = 100.0
apr. 11, 2020 2:18:43 P.M. hvl.projectparmorel.modelrepair.QModelFixer handleStep
INFO: Updated Q-table for error 25, context 0, action -943639423 setInterface to new weight 100.0
apr. 11, 2020 2:18:43 P.M. hvl.projectparmorel.modelrepair.QModelFixer handleEpisode
INFO: EPISODE 8 TOTAL REWARD 200



apr. 11, 2020 2:18:43 P.M. hvl.projectparmorel.modelrepair.QModelFixer handleEpisode
INFO: EPISODE 9, STEP 0, Fixing error 44: The name 'null' is not well formed
apr. 11, 2020 2:18:43 P.M. hvl.projectparmorel.modelrepair.QModelFixer chooseAction
INFO: Choosing random action.
apr. 11, 2020 2:18:43 P.M. hvl.projectparmorel.modelrepair.QModelFixer handleStep
INFO: Chose action setName in context 0 with weight 200.03981684149306
apr. 11, 2020 2:18:43 P.M. hvl.projectparmorel.modelrepair.QModelFixer handleStep
INFO: Next error code: 25
apr. 11, 2020 2:18:43 P.M. hvl.projectparmorel.modelrepair.QModelFixer handleStep
INFO: Calculating new Q-value:
Old Q-value: 200.03981684149306
Alpha: 0.6475
Gamma: 1.0
Reward: 100
Next optimal action Q-value: 100.0
200.03981684149306 + 0.6475 * (100 + 1.0 * 100.0 - 200.03981684149306) = 200.0140354366263
apr. 11, 2020 2:18:43 P.M. hvl.projectparmorel.modelrepair.QModelFixer handleStep
INFO: Updated Q-table for error 44, context 0, action -801382182 setName to new weight 200.0140354366263


apr. 11, 2020 2:18:43 P.M. hvl.projectparmorel.modelrepair.QModelFixer handleEpisode
INFO: EPISODE 9, STEP 1, Fixing error 25: A class that is an interface must also be abstract
apr. 11, 2020 2:18:43 P.M. hvl.projectparmorel.modelrepair.QModelFixer chooseAction
INFO: Choosing optimal action
apr. 11, 2020 2:18:43 P.M. hvl.projectparmorel.modelrepair.QModelFixer handleStep
INFO: Chose action setInterface in context 0 with weight 100.0
apr. 11, 2020 2:18:43 P.M. hvl.projectparmorel.modelrepair.QModelFixer handleStep
INFO: Calculating new Q-value:
Old Q-value: 100.0
Alpha: 0.6475

Reward: 100
100.0 + 0.6475 * (100 - 100.0) = 100.0
apr. 11, 2020 2:18:43 P.M. hvl.projectparmorel.modelrepair.QModelFixer handleStep
INFO: Updated Q-table for error 25, context 0, action -943639423 setInterface to new weight 100.0
apr. 11, 2020 2:18:43 P.M. hvl.projectparmorel.modelrepair.QModelFixer handleEpisode
INFO: EPISODE 9 TOTAL REWARD 200



apr. 11, 2020 2:18:43 P.M. hvl.projectparmorel.modelrepair.QModelFixer handleEpisode
INFO: EPISODE 10, STEP 0, Fixing error 44: The name 'null' is not well formed
apr. 11, 2020 2:18:43 P.M. hvl.projectparmorel.modelrepair.QModelFixer chooseAction
INFO: Choosing random action.
apr. 11, 2020 2:18:43 P.M. hvl.projectparmorel.modelrepair.QModelFixer handleStep
INFO: Chose action setName in context 0 with weight 200.0140354366263
apr. 11, 2020 2:18:43 P.M. hvl.projectparmorel.modelrepair.QModelFixer handleStep
INFO: Next error code: 25
apr. 11, 2020 2:18:43 P.M. hvl.projectparmorel.modelrepair.QModelFixer handleStep
INFO: Calculating new Q-value:
Old Q-value: 200.0140354366263
Alpha: 0.6083333333333334
Gamma: 1.0
Reward: 100
Next optimal action Q-value: 100.0
200.0140354366263 + 0.6083333333333334 * (100 + 1.0 * 100.0 - 200.0140354366263) = 200.00549721267865
apr. 11, 2020 2:18:43 P.M. hvl.projectparmorel.modelrepair.QModelFixer handleStep
INFO: Updated Q-table for error 44, context 0, action -801382182 setName to new weight 200.00549721267865


apr. 11, 2020 2:18:43 P.M. hvl.projectparmorel.modelrepair.QModelFixer handleEpisode
INFO: EPISODE 10, STEP 1, Fixing error 25: A class that is an interface must also be abstract
apr. 11, 2020 2:18:43 P.M. hvl.projectparmorel.modelrepair.QModelFixer chooseAction
INFO: Choosing optimal action
apr. 11, 2020 2:18:43 P.M. hvl.projectparmorel.modelrepair.QModelFixer handleStep
INFO: Chose action setInterface in context 0 with weight 100.0
apr. 11, 2020 2:18:43 P.M. hvl.projectparmorel.modelrepair.QModelFixer handleStep
INFO: Calculating new Q-value:
Old Q-value: 100.0
Alpha: 0.6083333333333334

Reward: 100
100.0 + 0.6083333333333334 * (100 - 100.0) = 100.0
apr. 11, 2020 2:18:43 P.M. hvl.projectparmorel.modelrepair.QModelFixer handleStep
INFO: Updated Q-table for error 25, context 0, action -943639423 setInterface to new weight 100.0
apr. 11, 2020 2:18:43 P.M. hvl.projectparmorel.modelrepair.QModelFixer handleEpisode
INFO: EPISODE 10 TOTAL REWARD 200



apr. 11, 2020 2:18:43 P.M. hvl.projectparmorel.modelrepair.QModelFixer handleEpisode
INFO: EPISODE 11, STEP 0, Fixing error 44: The name 'null' is not well formed
apr. 11, 2020 2:18:43 P.M. hvl.projectparmorel.modelrepair.QModelFixer chooseAction
INFO: Choosing optimal action
apr. 11, 2020 2:18:43 P.M. hvl.projectparmorel.modelrepair.QModelFixer handleStep
INFO: Chose action setName in context 0 with weight 200.00549721267865
apr. 11, 2020 2:18:43 P.M. hvl.projectparmorel.modelrepair.QModelFixer handleStep
INFO: Next error code: 25
apr. 11, 2020 2:18:43 P.M. hvl.projectparmorel.modelrepair.QModelFixer handleStep
INFO: Calculating new Q-value:
Old Q-value: 200.00549721267865
Alpha: 0.5691666666666666
Gamma: 1.0
Reward: 100
Next optimal action Q-value: 100.0
200.00549721267865 + 0.5691666666666666 * (100 + 1.0 * 100.0 - 200.00549721267865) = 200.00236838246238
apr. 11, 2020 2:18:43 P.M. hvl.projectparmorel.modelrepair.QModelFixer handleStep
INFO: Updated Q-table for error 44, context 0, action -801382182 setName to new weight 200.00236838246238


apr. 11, 2020 2:18:43 P.M. hvl.projectparmorel.modelrepair.QModelFixer handleEpisode
INFO: EPISODE 11, STEP 1, Fixing error 25: A class that is an interface must also be abstract
apr. 11, 2020 2:18:43 P.M. hvl.projectparmorel.modelrepair.QModelFixer chooseAction
INFO: Choosing optimal action
apr. 11, 2020 2:18:43 P.M. hvl.projectparmorel.modelrepair.QModelFixer handleStep
INFO: Chose action setInterface in context 0 with weight 100.0
apr. 11, 2020 2:18:43 P.M. hvl.projectparmorel.modelrepair.QModelFixer handleStep
INFO: Calculating new Q-value:
Old Q-value: 100.0
Alpha: 0.5691666666666666

Reward: 100
100.0 + 0.5691666666666666 * (100 - 100.0) = 100.0
apr. 11, 2020 2:18:43 P.M. hvl.projectparmorel.modelrepair.QModelFixer handleStep
INFO: Updated Q-table for error 25, context 0, action -943639423 setInterface to new weight 100.0
apr. 11, 2020 2:18:43 P.M. hvl.projectparmorel.modelrepair.QModelFixer handleEpisode
INFO: EPISODE 11 TOTAL REWARD 200



apr. 11, 2020 2:18:43 P.M. hvl.projectparmorel.modelrepair.QModelFixer handleEpisode
INFO: EPISODE 12, STEP 0, Fixing error 44: The name 'null' is not well formed
apr. 11, 2020 2:18:43 P.M. hvl.projectparmorel.modelrepair.QModelFixer chooseAction
INFO: Choosing optimal action
apr. 11, 2020 2:18:43 P.M. hvl.projectparmorel.modelrepair.QModelFixer handleStep
INFO: Chose action setName in context 0 with weight 200.00236838246238
apr. 11, 2020 2:18:43 P.M. hvl.projectparmorel.modelrepair.QModelFixer handleStep
INFO: Next error code: 25
apr. 11, 2020 2:18:43 P.M. hvl.projectparmorel.modelrepair.QModelFixer handleStep
INFO: Calculating new Q-value:
Old Q-value: 200.00236838246238
Alpha: 0.53
Gamma: 1.0
Reward: 100
Next optimal action Q-value: 100.0
200.00236838246238 + 0.53 * (100 + 1.0 * 100.0 - 200.00236838246238) = 200.0011131397573
apr. 11, 2020 2:18:43 P.M. hvl.projectparmorel.modelrepair.QModelFixer handleStep
INFO: Updated Q-table for error 44, context 0, action -801382182 setName to new weight 200.0011131397573


apr. 11, 2020 2:18:43 P.M. hvl.projectparmorel.modelrepair.QModelFixer handleEpisode
INFO: EPISODE 12, STEP 1, Fixing error 25: A class that is an interface must also be abstract
apr. 11, 2020 2:18:43 P.M. hvl.projectparmorel.modelrepair.QModelFixer chooseAction
INFO: Choosing optimal action
apr. 11, 2020 2:18:43 P.M. hvl.projectparmorel.modelrepair.QModelFixer handleStep
INFO: Chose action setInterface in context 0 with weight 100.0
apr. 11, 2020 2:18:43 P.M. hvl.projectparmorel.modelrepair.QModelFixer handleStep
INFO: Calculating new Q-value:
Old Q-value: 100.0
Alpha: 0.53

Reward: 100
100.0 + 0.53 * (100 - 100.0) = 100.0
apr. 11, 2020 2:18:43 P.M. hvl.projectparmorel.modelrepair.QModelFixer handleStep
INFO: Updated Q-table for error 25, context 0, action -943639423 setInterface to new weight 100.0
apr. 11, 2020 2:18:43 P.M. hvl.projectparmorel.modelrepair.QModelFixer handleEpisode
INFO: EPISODE 12 TOTAL REWARD 200



apr. 11, 2020 2:18:43 P.M. hvl.projectparmorel.modelrepair.QModelFixer handleEpisode
INFO: EPISODE 13, STEP 0, Fixing error 44: The name 'null' is not well formed
apr. 11, 2020 2:18:43 P.M. hvl.projectparmorel.modelrepair.QModelFixer chooseAction
INFO: Choosing optimal action
apr. 11, 2020 2:18:43 P.M. hvl.projectparmorel.modelrepair.QModelFixer handleStep
INFO: Chose action setName in context 0 with weight 200.0011131397573
apr. 11, 2020 2:18:43 P.M. hvl.projectparmorel.modelrepair.QModelFixer handleStep
INFO: Next error code: 25
apr. 11, 2020 2:18:43 P.M. hvl.projectparmorel.modelrepair.QModelFixer handleStep
INFO: Calculating new Q-value:
Old Q-value: 200.0011131397573
Alpha: 0.49083333333333334
Gamma: 1.0
Reward: 100
Next optimal action Q-value: 100.0
200.0011131397573 + 0.49083333333333334 * (100 + 1.0 * 100.0 - 200.0011131397573) = 200.00056677365976
apr. 11, 2020 2:18:43 P.M. hvl.projectparmorel.modelrepair.QModelFixer handleStep
INFO: Updated Q-table for error 44, context 0, action -801382182 setName to new weight 200.00056677365976


apr. 11, 2020 2:18:43 P.M. hvl.projectparmorel.modelrepair.QModelFixer handleEpisode
INFO: EPISODE 13, STEP 1, Fixing error 25: A class that is an interface must also be abstract
apr. 11, 2020 2:18:43 P.M. hvl.projectparmorel.modelrepair.QModelFixer chooseAction
INFO: Choosing optimal action
apr. 11, 2020 2:18:43 P.M. hvl.projectparmorel.modelrepair.QModelFixer handleStep
INFO: Chose action setInterface in context 0 with weight 100.0
apr. 11, 2020 2:18:43 P.M. hvl.projectparmorel.modelrepair.QModelFixer handleStep
INFO: Calculating new Q-value:
Old Q-value: 100.0
Alpha: 0.49083333333333334

Reward: 100
100.0 + 0.49083333333333334 * (100 - 100.0) = 100.0
apr. 11, 2020 2:18:43 P.M. hvl.projectparmorel.modelrepair.QModelFixer handleStep
INFO: Updated Q-table for error 25, context 0, action -943639423 setInterface to new weight 100.0
apr. 11, 2020 2:18:43 P.M. hvl.projectparmorel.modelrepair.QModelFixer handleEpisode
INFO: EPISODE 13 TOTAL REWARD 200



apr. 11, 2020 2:18:43 P.M. hvl.projectparmorel.modelrepair.QModelFixer handleEpisode
INFO: EPISODE 14, STEP 0, Fixing error 44: The name 'null' is not well formed
apr. 11, 2020 2:18:43 P.M. hvl.projectparmorel.modelrepair.QModelFixer chooseAction
INFO: Choosing optimal action
apr. 11, 2020 2:18:43 P.M. hvl.projectparmorel.modelrepair.QModelFixer handleStep
INFO: Chose action setName in context 0 with weight 200.00056677365976
apr. 11, 2020 2:18:43 P.M. hvl.projectparmorel.modelrepair.QModelFixer handleStep
INFO: Next error code: 25
apr. 11, 2020 2:18:43 P.M. hvl.projectparmorel.modelrepair.QModelFixer handleStep
INFO: Calculating new Q-value:
Old Q-value: 200.00056677365976
Alpha: 0.45166666666666666
Gamma: 1.0
Reward: 100
Next optimal action Q-value: 100.0
200.00056677365976 + 0.45166666666666666 * (100 + 1.0 * 100.0 - 200.00056677365976) = 200.0003107808901
apr. 11, 2020 2:18:43 P.M. hvl.projectparmorel.modelrepair.QModelFixer handleStep
INFO: Updated Q-table for error 44, context 0, action -801382182 setName to new weight 200.0003107808901


apr. 11, 2020 2:18:43 P.M. hvl.projectparmorel.modelrepair.QModelFixer handleEpisode
INFO: EPISODE 14, STEP 1, Fixing error 25: A class that is an interface must also be abstract
apr. 11, 2020 2:18:43 P.M. hvl.projectparmorel.modelrepair.QModelFixer chooseAction
INFO: Choosing random action.
apr. 11, 2020 2:18:43 P.M. hvl.projectparmorel.modelrepair.QModelFixer handleStep
INFO: Chose action delete in context 0 with weight -895.4080587591075
apr. 11, 2020 2:18:43 P.M. hvl.projectparmorel.modelrepair.QModelFixer handleStep
INFO: Calculating new Q-value:
Old Q-value: -895.4080587591075
Alpha: 0.45166666666666666

Reward: -1000
-895.4080587591075 + 0.45166666666666666 * (-1000 - -895.4080587591075) = -942.6487522195772
apr. 11, 2020 2:18:43 P.M. hvl.projectparmorel.modelrepair.QModelFixer handleStep
INFO: Updated Q-table for error 25, context 0, action 99999 delete to new weight -942.6487522195772
apr. 11, 2020 2:18:43 P.M. hvl.projectparmorel.modelrepair.QModelFixer handleEpisode
INFO: EPISODE 14 TOTAL REWARD -900



apr. 11, 2020 2:18:43 P.M. hvl.projectparmorel.modelrepair.QModelFixer handleEpisode
INFO: EPISODE 15, STEP 0, Fixing error 44: The name 'null' is not well formed
apr. 11, 2020 2:18:43 P.M. hvl.projectparmorel.modelrepair.QModelFixer chooseAction
INFO: Choosing optimal action
apr. 11, 2020 2:18:43 P.M. hvl.projectparmorel.modelrepair.QModelFixer handleStep
INFO: Chose action setName in context 0 with weight 200.0003107808901
apr. 11, 2020 2:18:43 P.M. hvl.projectparmorel.modelrepair.QModelFixer handleStep
INFO: Next error code: 25
apr. 11, 2020 2:18:43 P.M. hvl.projectparmorel.modelrepair.QModelFixer handleStep
INFO: Calculating new Q-value:
Old Q-value: 200.0003107808901
Alpha: 0.4125
Gamma: 1.0
Reward: 100
Next optimal action Q-value: 100.0
200.0003107808901 + 0.4125 * (100 + 1.0 * 100.0 - 200.0003107808901) = 200.00018258377293
apr. 11, 2020 2:18:43 P.M. hvl.projectparmorel.modelrepair.QModelFixer handleStep
INFO: Updated Q-table for error 44, context 0, action -801382182 setName to new weight 200.00018258377293


apr. 11, 2020 2:18:43 P.M. hvl.projectparmorel.modelrepair.QModelFixer handleEpisode
INFO: EPISODE 15, STEP 1, Fixing error 25: A class that is an interface must also be abstract
apr. 11, 2020 2:18:43 P.M. hvl.projectparmorel.modelrepair.QModelFixer chooseAction
INFO: Choosing optimal action
apr. 11, 2020 2:18:43 P.M. hvl.projectparmorel.modelrepair.QModelFixer handleStep
INFO: Chose action setInterface in context 0 with weight 100.0
apr. 11, 2020 2:18:43 P.M. hvl.projectparmorel.modelrepair.QModelFixer handleStep
INFO: Calculating new Q-value:
Old Q-value: 100.0
Alpha: 0.4125

Reward: 100
100.0 + 0.4125 * (100 - 100.0) = 100.0
apr. 11, 2020 2:18:43 P.M. hvl.projectparmorel.modelrepair.QModelFixer handleStep
INFO: Updated Q-table for error 25, context 0, action -943639423 setInterface to new weight 100.0
apr. 11, 2020 2:18:43 P.M. hvl.projectparmorel.modelrepair.QModelFixer handleEpisode
INFO: EPISODE 15 TOTAL REWARD 200



apr. 11, 2020 2:18:43 P.M. hvl.projectparmorel.modelrepair.QModelFixer handleEpisode
INFO: EPISODE 16, STEP 0, Fixing error 44: The name 'null' is not well formed
apr. 11, 2020 2:18:43 P.M. hvl.projectparmorel.modelrepair.QModelFixer chooseAction
INFO: Choosing optimal action
apr. 11, 2020 2:18:43 P.M. hvl.projectparmorel.modelrepair.QModelFixer handleStep
INFO: Chose action setName in context 0 with weight 200.00018258377293
apr. 11, 2020 2:18:43 P.M. hvl.projectparmorel.modelrepair.QModelFixer handleStep
INFO: Next error code: 25
apr. 11, 2020 2:18:43 P.M. hvl.projectparmorel.modelrepair.QModelFixer handleStep
INFO: Calculating new Q-value:
Old Q-value: 200.00018258377293
Alpha: 0.3733333333333334
Gamma: 1.0
Reward: 100
Next optimal action Q-value: 100.0
200.00018258377293 + 0.3733333333333334 * (100 + 1.0 * 100.0 - 200.00018258377293) = 200.00011441916436
apr. 11, 2020 2:18:43 P.M. hvl.projectparmorel.modelrepair.QModelFixer handleStep
INFO: Updated Q-table for error 44, context 0, action -801382182 setName to new weight 200.00011441916436


apr. 11, 2020 2:18:43 P.M. hvl.projectparmorel.modelrepair.QModelFixer handleEpisode
INFO: EPISODE 16, STEP 1, Fixing error 25: A class that is an interface must also be abstract
apr. 11, 2020 2:18:43 P.M. hvl.projectparmorel.modelrepair.QModelFixer chooseAction
INFO: Choosing random action.
apr. 11, 2020 2:18:43 P.M. hvl.projectparmorel.modelrepair.QModelFixer handleStep
INFO: Chose action delete in context 0 with weight -942.6487522195772
apr. 11, 2020 2:18:44 P.M. hvl.projectparmorel.modelrepair.QModelFixer handleStep
INFO: Calculating new Q-value:
Old Q-value: -942.6487522195772
Alpha: 0.3733333333333334

Reward: -1000
-942.6487522195772 + 0.3733333333333334 * (-1000 - -942.6487522195772) = -964.0598847242684
apr. 11, 2020 2:18:44 P.M. hvl.projectparmorel.modelrepair.QModelFixer handleStep
INFO: Updated Q-table for error 25, context 0, action 99999 delete to new weight -964.0598847242684
apr. 11, 2020 2:18:44 P.M. hvl.projectparmorel.modelrepair.QModelFixer handleEpisode
INFO: EPISODE 16 TOTAL REWARD -900



apr. 11, 2020 2:18:44 P.M. hvl.projectparmorel.modelrepair.QModelFixer handleEpisode
INFO: EPISODE 17, STEP 0, Fixing error 44: The name 'null' is not well formed
apr. 11, 2020 2:18:44 P.M. hvl.projectparmorel.modelrepair.QModelFixer chooseAction
INFO: Choosing optimal action
apr. 11, 2020 2:18:44 P.M. hvl.projectparmorel.modelrepair.QModelFixer handleStep
INFO: Chose action setName in context 0 with weight 200.00011441916436
apr. 11, 2020 2:18:44 P.M. hvl.projectparmorel.modelrepair.QModelFixer handleStep
INFO: Next error code: 25
apr. 11, 2020 2:18:44 P.M. hvl.projectparmorel.modelrepair.QModelFixer handleStep
INFO: Calculating new Q-value:
Old Q-value: 200.00011441916436
Alpha: 0.3341666666666667
Gamma: 1.0
Reward: 100
Next optimal action Q-value: 100.0
200.00011441916436 + 0.3341666666666667 * (100 + 1.0 * 100.0 - 200.00011441916436) = 200.00007618409361
apr. 11, 2020 2:18:44 P.M. hvl.projectparmorel.modelrepair.QModelFixer handleStep
INFO: Updated Q-table for error 44, context 0, action -801382182 setName to new weight 200.00007618409361


apr. 11, 2020 2:18:44 P.M. hvl.projectparmorel.modelrepair.QModelFixer handleEpisode
INFO: EPISODE 17, STEP 1, Fixing error 25: A class that is an interface must also be abstract
apr. 11, 2020 2:18:44 P.M. hvl.projectparmorel.modelrepair.QModelFixer chooseAction
INFO: Choosing optimal action
apr. 11, 2020 2:18:44 P.M. hvl.projectparmorel.modelrepair.QModelFixer handleStep
INFO: Chose action setInterface in context 0 with weight 100.0
apr. 11, 2020 2:18:44 P.M. hvl.projectparmorel.modelrepair.QModelFixer handleStep
INFO: Calculating new Q-value:
Old Q-value: 100.0
Alpha: 0.3341666666666667

Reward: 100
100.0 + 0.3341666666666667 * (100 - 100.0) = 100.0
apr. 11, 2020 2:18:44 P.M. hvl.projectparmorel.modelrepair.QModelFixer handleStep
INFO: Updated Q-table for error 25, context 0, action -943639423 setInterface to new weight 100.0
apr. 11, 2020 2:18:44 P.M. hvl.projectparmorel.modelrepair.QModelFixer handleEpisode
INFO: EPISODE 17 TOTAL REWARD 200



apr. 11, 2020 2:18:44 P.M. hvl.projectparmorel.modelrepair.QModelFixer handleEpisode
INFO: EPISODE 18, STEP 0, Fixing error 44: The name 'null' is not well formed
apr. 11, 2020 2:18:44 P.M. hvl.projectparmorel.modelrepair.QModelFixer chooseAction
INFO: Choosing optimal action
apr. 11, 2020 2:18:44 P.M. hvl.projectparmorel.modelrepair.QModelFixer handleStep
INFO: Chose action setName in context 0 with weight 200.00007618409361
apr. 11, 2020 2:18:44 P.M. hvl.projectparmorel.modelrepair.QModelFixer handleStep
INFO: Next error code: 25
apr. 11, 2020 2:18:44 P.M. hvl.projectparmorel.modelrepair.QModelFixer handleStep
INFO: Calculating new Q-value:
Old Q-value: 200.00007618409361
Alpha: 0.29500000000000004
Gamma: 1.0
Reward: 100
Next optimal action Q-value: 100.0
200.00007618409361 + 0.29500000000000004 * (100 + 1.0 * 100.0 - 200.00007618409361) = 200.000053709786
apr. 11, 2020 2:18:44 P.M. hvl.projectparmorel.modelrepair.QModelFixer handleStep
INFO: Updated Q-table for error 44, context 0, action -801382182 setName to new weight 200.000053709786


apr. 11, 2020 2:18:44 P.M. hvl.projectparmorel.modelrepair.QModelFixer handleEpisode
INFO: EPISODE 18, STEP 1, Fixing error 25: A class that is an interface must also be abstract
apr. 11, 2020 2:18:44 P.M. hvl.projectparmorel.modelrepair.QModelFixer chooseAction
INFO: Choosing optimal action
apr. 11, 2020 2:18:44 P.M. hvl.projectparmorel.modelrepair.QModelFixer handleStep
INFO: Chose action setInterface in context 0 with weight 100.0
apr. 11, 2020 2:18:44 P.M. hvl.projectparmorel.modelrepair.QModelFixer handleStep
INFO: Calculating new Q-value:
Old Q-value: 100.0
Alpha: 0.29500000000000004

Reward: 100
100.0 + 0.29500000000000004 * (100 - 100.0) = 100.0
apr. 11, 2020 2:18:44 P.M. hvl.projectparmorel.modelrepair.QModelFixer handleStep
INFO: Updated Q-table for error 25, context 0, action -943639423 setInterface to new weight 100.0
apr. 11, 2020 2:18:44 P.M. hvl.projectparmorel.modelrepair.QModelFixer handleEpisode
INFO: EPISODE 18 TOTAL REWARD 200



apr. 11, 2020 2:18:44 P.M. hvl.projectparmorel.modelrepair.QModelFixer handleEpisode
INFO: EPISODE 19, STEP 0, Fixing error 44: The name 'null' is not well formed
apr. 11, 2020 2:18:44 P.M. hvl.projectparmorel.modelrepair.QModelFixer chooseAction
INFO: Choosing optimal action
apr. 11, 2020 2:18:44 P.M. hvl.projectparmorel.modelrepair.QModelFixer handleStep
INFO: Chose action setName in context 0 with weight 200.000053709786
apr. 11, 2020 2:18:44 P.M. hvl.projectparmorel.modelrepair.QModelFixer handleStep
INFO: Next error code: 25
apr. 11, 2020 2:18:44 P.M. hvl.projectparmorel.modelrepair.QModelFixer handleStep
INFO: Calculating new Q-value:
Old Q-value: 200.000053709786
Alpha: 0.25583333333333336
Gamma: 1.0
Reward: 100
Next optimal action Q-value: 100.0
200.000053709786 + 0.25583333333333336 * (100 + 1.0 * 100.0 - 200.000053709786) = 200.0000399690324
apr. 11, 2020 2:18:44 P.M. hvl.projectparmorel.modelrepair.QModelFixer handleStep
INFO: Updated Q-table for error 44, context 0, action -801382182 setName to new weight 200.0000399690324


apr. 11, 2020 2:18:44 P.M. hvl.projectparmorel.modelrepair.QModelFixer handleEpisode
INFO: EPISODE 19, STEP 1, Fixing error 25: A class that is an interface must also be abstract
apr. 11, 2020 2:18:44 P.M. hvl.projectparmorel.modelrepair.QModelFixer chooseAction
INFO: Choosing random action.
apr. 11, 2020 2:18:44 P.M. hvl.projectparmorel.modelrepair.QModelFixer handleStep
INFO: Chose action setInterface in context 0 with weight 100.0
apr. 11, 2020 2:18:44 P.M. hvl.projectparmorel.modelrepair.QModelFixer handleStep
INFO: Calculating new Q-value:
Old Q-value: 100.0
Alpha: 0.25583333333333336

Reward: 100
100.0 + 0.25583333333333336 * (100 - 100.0) = 100.0
apr. 11, 2020 2:18:44 P.M. hvl.projectparmorel.modelrepair.QModelFixer handleStep
INFO: Updated Q-table for error 25, context 0, action -943639423 setInterface to new weight 100.0
apr. 11, 2020 2:18:44 P.M. hvl.projectparmorel.modelrepair.QModelFixer handleEpisode
INFO: EPISODE 19 TOTAL REWARD 200



apr. 11, 2020 2:18:44 P.M. hvl.projectparmorel.modelrepair.QModelFixer handleEpisode
INFO: EPISODE 20, STEP 0, Fixing error 44: The name 'null' is not well formed
apr. 11, 2020 2:18:44 P.M. hvl.projectparmorel.modelrepair.QModelFixer chooseAction
INFO: Choosing random action.
apr. 11, 2020 2:18:44 P.M. hvl.projectparmorel.modelrepair.QModelFixer handleStep
INFO: Chose action setName in context 0 with weight 200.0000399690324
apr. 11, 2020 2:18:44 P.M. hvl.projectparmorel.modelrepair.QModelFixer handleStep
INFO: Next error code: 25
apr. 11, 2020 2:18:44 P.M. hvl.projectparmorel.modelrepair.QModelFixer handleStep
INFO: Calculating new Q-value:
Old Q-value: 200.0000399690324
Alpha: 0.21666666666666679
Gamma: 1.0
Reward: 100
Next optimal action Q-value: 100.0
200.0000399690324 + 0.21666666666666679 * (100 + 1.0 * 100.0 - 200.0000399690324) = 200.00003130907538
apr. 11, 2020 2:18:44 P.M. hvl.projectparmorel.modelrepair.QModelFixer handleStep
INFO: Updated Q-table for error 44, context 0, action -801382182 setName to new weight 200.00003130907538


apr. 11, 2020 2:18:44 P.M. hvl.projectparmorel.modelrepair.QModelFixer handleEpisode
INFO: EPISODE 20, STEP 1, Fixing error 25: A class that is an interface must also be abstract
apr. 11, 2020 2:18:44 P.M. hvl.projectparmorel.modelrepair.QModelFixer chooseAction
INFO: Choosing optimal action
apr. 11, 2020 2:18:44 P.M. hvl.projectparmorel.modelrepair.QModelFixer handleStep
INFO: Chose action setInterface in context 0 with weight 100.0
apr. 11, 2020 2:18:44 P.M. hvl.projectparmorel.modelrepair.QModelFixer handleStep
INFO: Calculating new Q-value:
Old Q-value: 100.0
Alpha: 0.21666666666666679

Reward: 100
100.0 + 0.21666666666666679 * (100 - 100.0) = 100.0
apr. 11, 2020 2:18:44 P.M. hvl.projectparmorel.modelrepair.QModelFixer handleStep
INFO: Updated Q-table for error 25, context 0, action -943639423 setInterface to new weight 100.0
apr. 11, 2020 2:18:44 P.M. hvl.projectparmorel.modelrepair.QModelFixer handleEpisode
INFO: EPISODE 20 TOTAL REWARD 200



apr. 11, 2020 2:18:44 P.M. hvl.projectparmorel.modelrepair.QModelFixer handleEpisode
INFO: EPISODE 21, STEP 0, Fixing error 44: The name 'null' is not well formed
apr. 11, 2020 2:18:44 P.M. hvl.projectparmorel.modelrepair.QModelFixer chooseAction
INFO: Choosing random action.
apr. 11, 2020 2:18:44 P.M. hvl.projectparmorel.modelrepair.QModelFixer handleStep
INFO: Chose action delete in context 0 with weight -898.2455877198564
apr. 11, 2020 2:18:44 P.M. hvl.projectparmorel.modelrepair.QModelFixer handleStep
INFO: Next error code: 25
apr. 11, 2020 2:18:44 P.M. hvl.projectparmorel.modelrepair.QModelFixer handleStep
INFO: Calculating new Q-value:
Old Q-value: -898.2455877198564
Alpha: 0.1775000000000001
Gamma: 1.0
Reward: -1000
Next optimal action Q-value: 100.0
-898.2455877198564 + 0.1775000000000001 * (-1000 + 1.0 * 100.0 - -898.2455877198564) = -898.5569958995819
apr. 11, 2020 2:18:44 P.M. hvl.projectparmorel.modelrepair.QModelFixer handleStep
INFO: Updated Q-table for error 44, context 0, action 99999 delete to new weight -898.5569958995819


apr. 11, 2020 2:18:44 P.M. hvl.projectparmorel.modelrepair.QModelFixer handleEpisode
INFO: EPISODE 21, STEP 1, Fixing error 25: A class that is an interface must also be abstract
apr. 11, 2020 2:18:44 P.M. hvl.projectparmorel.modelrepair.QModelFixer chooseAction
INFO: Choosing optimal action
apr. 11, 2020 2:18:44 P.M. hvl.projectparmorel.modelrepair.QModelFixer handleStep
INFO: Chose action setInterface in context 0 with weight 100.0
apr. 11, 2020 2:18:44 P.M. hvl.projectparmorel.modelrepair.QModelFixer handleStep
INFO: Calculating new Q-value:
Old Q-value: 100.0
Alpha: 0.1775000000000001

Reward: 100
100.0 + 0.1775000000000001 * (100 - 100.0) = 100.0
apr. 11, 2020 2:18:44 P.M. hvl.projectparmorel.modelrepair.QModelFixer handleStep
INFO: Updated Q-table for error 25, context 0, action -943639423 setInterface to new weight 100.0
apr. 11, 2020 2:18:44 P.M. hvl.projectparmorel.modelrepair.QModelFixer handleEpisode
INFO: EPISODE 21 TOTAL REWARD -900



apr. 11, 2020 2:18:44 P.M. hvl.projectparmorel.modelrepair.QModelFixer handleEpisode
INFO: EPISODE 22, STEP 0, Fixing error 44: The name 'null' is not well formed
apr. 11, 2020 2:18:44 P.M. hvl.projectparmorel.modelrepair.QModelFixer chooseAction
INFO: Choosing optimal action
apr. 11, 2020 2:18:44 P.M. hvl.projectparmorel.modelrepair.QModelFixer handleStep
INFO: Chose action setName in context 0 with weight 200.00003130907538
apr. 11, 2020 2:18:44 P.M. hvl.projectparmorel.modelrepair.QModelFixer handleStep
INFO: Next error code: 25
apr. 11, 2020 2:18:44 P.M. hvl.projectparmorel.modelrepair.QModelFixer handleStep
INFO: Calculating new Q-value:
Old Q-value: 200.00003130907538
Alpha: 0.1383333333333333
Gamma: 1.0
Reward: 100
Next optimal action Q-value: 100.0
200.00003130907538 + 0.1383333333333333 * (100 + 1.0 * 100.0 - 200.00003130907538) = 200.0000269779866
apr. 11, 2020 2:18:44 P.M. hvl.projectparmorel.modelrepair.QModelFixer handleStep
INFO: Updated Q-table for error 44, context 0, action -801382182 setName to new weight 200.0000269779866


apr. 11, 2020 2:18:44 P.M. hvl.projectparmorel.modelrepair.QModelFixer handleEpisode
INFO: EPISODE 22, STEP 1, Fixing error 25: A class that is an interface must also be abstract
apr. 11, 2020 2:18:44 P.M. hvl.projectparmorel.modelrepair.QModelFixer chooseAction
INFO: Choosing optimal action
apr. 11, 2020 2:18:44 P.M. hvl.projectparmorel.modelrepair.QModelFixer handleStep
INFO: Chose action setInterface in context 0 with weight 100.0
apr. 11, 2020 2:18:44 P.M. hvl.projectparmorel.modelrepair.QModelFixer handleStep
INFO: Calculating new Q-value:
Old Q-value: 100.0
Alpha: 0.1383333333333333

Reward: 100
100.0 + 0.1383333333333333 * (100 - 100.0) = 100.0
apr. 11, 2020 2:18:44 P.M. hvl.projectparmorel.modelrepair.QModelFixer handleStep
INFO: Updated Q-table for error 25, context 0, action -943639423 setInterface to new weight 100.0
apr. 11, 2020 2:18:44 P.M. hvl.projectparmorel.modelrepair.QModelFixer handleEpisode
INFO: EPISODE 22 TOTAL REWARD 200



apr. 11, 2020 2:18:44 P.M. hvl.projectparmorel.modelrepair.QModelFixer handleEpisode
INFO: EPISODE 23, STEP 0, Fixing error 44: The name 'null' is not well formed
apr. 11, 2020 2:18:44 P.M. hvl.projectparmorel.modelrepair.QModelFixer chooseAction
INFO: Choosing random action.
apr. 11, 2020 2:18:44 P.M. hvl.projectparmorel.modelrepair.QModelFixer handleStep
INFO: Chose action delete in context 0 with weight -898.5569958995819
apr. 11, 2020 2:18:45 P.M. hvl.projectparmorel.modelrepair.QModelFixer handleStep
INFO: Next error code: 25
apr. 11, 2020 2:18:45 P.M. hvl.projectparmorel.modelrepair.QModelFixer handleStep
INFO: Calculating new Q-value:
Old Q-value: -898.5569958995819
Alpha: 0.09916666666666674
Gamma: 1.0
Reward: -1000
Next optimal action Q-value: 100.0
-898.5569958995819 + 0.09916666666666674 * (-1000 + 1.0 * 100.0 - -898.5569958995819) = -898.7000938062067
apr. 11, 2020 2:18:45 P.M. hvl.projectparmorel.modelrepair.QModelFixer handleStep
INFO: Updated Q-table for error 44, context 0, action 99999 delete to new weight -898.7000938062067


apr. 11, 2020 2:18:45 P.M. hvl.projectparmorel.modelrepair.QModelFixer handleEpisode
INFO: EPISODE 23, STEP 1, Fixing error 25: A class that is an interface must also be abstract
apr. 11, 2020 2:18:45 P.M. hvl.projectparmorel.modelrepair.QModelFixer chooseAction
INFO: Choosing optimal action
apr. 11, 2020 2:18:45 P.M. hvl.projectparmorel.modelrepair.QModelFixer handleStep
INFO: Chose action setInterface in context 0 with weight 100.0
apr. 11, 2020 2:18:45 P.M. hvl.projectparmorel.modelrepair.QModelFixer handleStep
INFO: Calculating new Q-value:
Old Q-value: 100.0
Alpha: 0.09916666666666674

Reward: 100
100.0 + 0.09916666666666674 * (100 - 100.0) = 100.0
apr. 11, 2020 2:18:45 P.M. hvl.projectparmorel.modelrepair.QModelFixer handleStep
INFO: Updated Q-table for error 25, context 0, action -943639423 setInterface to new weight 100.0
apr. 11, 2020 2:18:45 P.M. hvl.projectparmorel.modelrepair.QModelFixer handleEpisode
INFO: EPISODE 23 TOTAL REWARD -900



apr. 11, 2020 2:18:45 P.M. hvl.projectparmorel.modelrepair.QModelFixer handleEpisode
INFO: EPISODE 24, STEP 0, Fixing error 44: The name 'null' is not well formed
apr. 11, 2020 2:18:45 P.M. hvl.projectparmorel.modelrepair.QModelFixer chooseAction
INFO: Choosing optimal action
apr. 11, 2020 2:18:45 P.M. hvl.projectparmorel.modelrepair.QModelFixer handleStep
INFO: Chose action setName in context 0 with weight 200.0000269779866
apr. 11, 2020 2:18:45 P.M. hvl.projectparmorel.modelrepair.QModelFixer handleStep
INFO: Next error code: 25
apr. 11, 2020 2:18:45 P.M. hvl.projectparmorel.modelrepair.QModelFixer handleStep
INFO: Calculating new Q-value:
Old Q-value: 200.0000269779866
Alpha: 0.06000000000000005
Gamma: 1.0
Reward: 100
Next optimal action Q-value: 100.0
200.0000269779866 + 0.06000000000000005 * (100 + 1.0 * 100.0 - 200.0000269779866) = 200.00002535930741
apr. 11, 2020 2:18:45 P.M. hvl.projectparmorel.modelrepair.QModelFixer handleStep
INFO: Updated Q-table for error 44, context 0, action -801382182 setName to new weight 200.00002535930741


apr. 11, 2020 2:18:45 P.M. hvl.projectparmorel.modelrepair.QModelFixer handleEpisode
INFO: EPISODE 24, STEP 1, Fixing error 25: A class that is an interface must also be abstract
apr. 11, 2020 2:18:45 P.M. hvl.projectparmorel.modelrepair.QModelFixer chooseAction
INFO: Choosing optimal action
apr. 11, 2020 2:18:45 P.M. hvl.projectparmorel.modelrepair.QModelFixer handleStep
INFO: Chose action setInterface in context 0 with weight 100.0
apr. 11, 2020 2:18:45 P.M. hvl.projectparmorel.modelrepair.QModelFixer handleStep
INFO: Calculating new Q-value:
Old Q-value: 100.0
Alpha: 0.06000000000000005

Reward: 100
100.0 + 0.06000000000000005 * (100 - 100.0) = 100.0
apr. 11, 2020 2:18:45 P.M. hvl.projectparmorel.modelrepair.QModelFixer handleStep
INFO: Updated Q-table for error 25, context 0, action -943639423 setInterface to new weight 100.0
apr. 11, 2020 2:18:45 P.M. hvl.projectparmorel.modelrepair.QModelFixer handleEpisode
INFO: EPISODE 24 TOTAL REWARD 200



apr. 11, 2020 2:18:45 P.M. hvl.projectparmorel.modelrepair.QModelFixer fixModel
INFO: Time repairing model: 4119 ms
apr. 11, 2020 2:18:45 P.M. hvl.projectparmorel.modelrepair.QModelFixer fixModel
INFO: 
-----------------ALL SEQUENCES FOUND-------------------
SIZE: 3
DISCARDED SEQUENCES: 22
--------::::B E S T   S E Q U E N C E   I S::::---------
Sequence [id=0, seq=[ErrorAction [Error: 44 The name 'null' is not well formed, Action: setName, Error hierarchy: 0]
, ErrorAction [Error: 25 A class that is an interface must also be abstract, Action: setInterface, Error hierarchy: 0]
], weight=200.0]

 with 2 actions.
apr. 11, 2020 2:18:45 P.M. hvl.projectparmorel.knowledge.Knowledge save
INFO: Saving initialized
apr. 11, 2020 2:18:45 P.M. hvl.projectparmorel.knowledge.Knowledge save
INFO: document prepared
apr. 11, 2020 2:18:45 P.M. hvl.projectparmorel.knowledge.Knowledge save
INFO: Saving completed to /Users/Magnus/Skole/DAT300/EclipseWorkspace2/ParmorelRunnable/knowledge.xml
apr. 11, 2020 2:18:45 P.M. hvl.projectparmorel.ecore.EcoreSolution calculateDistanceFromOriginal
INFO: Calculating distance between a3.ecore and differentSelectionMethodsOriginalsparmorel_temp_solution_0_a3.ecore
apr. 11, 2020 2:18:45 P.M. hvl.projectparmorel.ecore.EcoreSolution calculateDistanceFromOriginal
WARNING: Could not calculate the distance between the models.
apr. 11, 2020 2:18:45 P.M. hvl.projectparmorel.ecore.EcoreSolution calculateDistanceFromOriginal
INFO: Calculating distance between a3.ecore and differentSelectionMethodsOriginalsparmorel_temp_solution_2_a3.ecore
apr. 11, 2020 2:18:45 P.M. hvl.projectparmorel.ecore.EcoreSolution calculateDistanceFromOriginal
WARNING: Could not calculate the distance between the models.
apr. 11, 2020 2:18:45 P.M. hvl.projectparmorel.ecore.EcoreSolution calculateDistanceFromOriginal
INFO: Calculating distance between a3.ecore and differentSelectionMethodsOriginalsparmorel_temp_solution_6_a3.ecore
apr. 11, 2020 2:18:45 P.M. hvl.projectparmorel.ecore.EcoreSolution calculateDistanceFromOriginal
WARNING: Could not calculate the distance between the models.
apr. 11, 2020 2:18:45 P.M. hvl.projectparmorel.knowledge.Knowledge save
INFO: Saving initialized
apr. 11, 2020 2:18:45 P.M. hvl.projectparmorel.knowledge.Knowledge save
INFO: document prepared
apr. 11, 2020 2:18:45 P.M. hvl.projectparmorel.knowledge.Knowledge save
INFO: Saving completed to /Users/Magnus/Skole/DAT300/EclipseWorkspace2/ParmorelRunnable/knowledge.xml
