apr. 11, 2020 2:43:33 P.M. hvl.projectparmorel.modelrepair.QModelFixer fixModel
INFO: Repairing e19.ecore
apr. 11, 2020 2:43:33 P.M. hvl.projectparmorel.modelrepair.QModelFixer fixModel
INFO: Running with preferences [0, 2]
apr. 11, 2020 2:43:33 P.M. hvl.projectparmorel.modelrepair.QModelFixer fixModel
INFO: Initial number of errors in model: 1
Maximum number of steps per episode: 20
Errors to fix: [Error 27, message=An operation with void return type must have an upper bound of 1 not 51
]
apr. 11, 2020 2:43:33 P.M. hvl.projectparmorel.modelrepair.QModelFixer fixModel
INFO: Initializing Q-table for the errors.
apr. 11, 2020 2:43:33 P.M. hvl.projectparmorel.modelrepair.QModelFixer fixModel
INFO: Number of episodes: 25
apr. 11, 2020 2:43:33 P.M. hvl.projectparmorel.modelrepair.QModelFixer handleEpisode
INFO: EPISODE 0, STEP 0, Fixing error 27: An operation with void return type must have an upper bound of 1 not 51
apr. 11, 2020 2:43:33 P.M. hvl.projectparmorel.modelrepair.QModelFixer chooseAction
INFO: Choosing optimal action
apr. 11, 2020 2:43:33 P.M. hvl.projectparmorel.modelrepair.QModelFixer handleStep
INFO: Chose action setEType in context 0 with weight 300.0
apr. 11, 2020 2:43:33 P.M. hvl.projectparmorel.modelrepair.QModelFixer handleStep
INFO: Calculating new Q-value:
Old Q-value: 300.0
Alpha: 1.0

Reward: 0
300.0 + 1.0 * (0 - 300.0) = 0.0
apr. 11, 2020 2:43:33 P.M. hvl.projectparmorel.modelrepair.QModelFixer handleStep
INFO: Updated Q-table for error 27, context 0, action 591449609 setEType to new weight 0.0
apr. 11, 2020 2:43:33 P.M. hvl.projectparmorel.modelrepair.QModelFixer handleEpisode
INFO: EPISODE 0 TOTAL REWARD 0



apr. 11, 2020 2:43:33 P.M. hvl.projectparmorel.modelrepair.QModelFixer handleEpisode
INFO: EPISODE 1, STEP 0, Fixing error 27: An operation with void return type must have an upper bound of 1 not 51
apr. 11, 2020 2:43:33 P.M. hvl.projectparmorel.modelrepair.QModelFixer chooseAction
INFO: Choosing optimal action
apr. 11, 2020 2:43:33 P.M. hvl.projectparmorel.modelrepair.QModelFixer handleStep
INFO: Chose action delete in context 0 with weight 2.453234122949659E-7
apr. 11, 2020 2:43:33 P.M. hvl.projectparmorel.modelrepair.QModelFixer handleStep
INFO: Calculating new Q-value:
Old Q-value: 2.453234122949659E-7
Alpha: 0.9608333333333333

Reward: 0
2.453234122949659E-7 + 0.9608333333333333 * (0 - 2.453234122949659E-7) = 9.608500314886169E-9
apr. 11, 2020 2:43:33 P.M. hvl.projectparmorel.modelrepair.QModelFixer handleStep
INFO: Updated Q-table for error 27, context 0, action 99999 delete to new weight 9.608500314886169E-9
apr. 11, 2020 2:43:33 P.M. hvl.projectparmorel.modelrepair.QModelFixer handleEpisode
INFO: EPISODE 1 TOTAL REWARD 0



apr. 11, 2020 2:43:33 P.M. hvl.projectparmorel.modelrepair.QModelFixer handleEpisode
INFO: EPISODE 2, STEP 0, Fixing error 27: An operation with void return type must have an upper bound of 1 not 51
apr. 11, 2020 2:43:33 P.M. hvl.projectparmorel.modelrepair.QModelFixer chooseAction
INFO: Choosing random action.
apr. 11, 2020 2:43:33 P.M. hvl.projectparmorel.modelrepair.QModelFixer handleStep
INFO: Chose action delete in context 0 with weight 9.608500314886169E-9
apr. 11, 2020 2:43:33 P.M. hvl.projectparmorel.modelrepair.QModelFixer handleStep
INFO: Calculating new Q-value:
Old Q-value: 9.608500314886169E-9
Alpha: 0.9216666666666666

Reward: 0
9.608500314886169E-9 + 0.9216666666666666 * (0 - 9.608500314886169E-9) = 7.526658579994176E-10
apr. 11, 2020 2:43:33 P.M. hvl.projectparmorel.modelrepair.QModelFixer handleStep
INFO: Updated Q-table for error 27, context 0, action 99999 delete to new weight 7.526658579994176E-10
apr. 11, 2020 2:43:33 P.M. hvl.projectparmorel.modelrepair.QModelFixer handleEpisode
INFO: EPISODE 2 TOTAL REWARD 0



apr. 11, 2020 2:43:33 P.M. hvl.projectparmorel.modelrepair.QModelFixer handleEpisode
INFO: EPISODE 3, STEP 0, Fixing error 27: An operation with void return type must have an upper bound of 1 not 51
apr. 11, 2020 2:43:33 P.M. hvl.projectparmorel.modelrepair.QModelFixer chooseAction
INFO: Choosing optimal action
apr. 11, 2020 2:43:33 P.M. hvl.projectparmorel.modelrepair.QModelFixer handleStep
INFO: Chose action setUpperBound in context 0 with weight 2.415713384177135E-7
apr. 11, 2020 2:43:33 P.M. hvl.projectparmorel.modelrepair.QModelFixer handleStep
INFO: Calculating new Q-value:
Old Q-value: 2.415713384177135E-7
Alpha: 0.8825000000000001

Reward: 0
2.415713384177135E-7 + 0.8825000000000001 * (0 - 2.415713384177135E-7) = 2.838463226408133E-8
apr. 11, 2020 2:43:33 P.M. hvl.projectparmorel.modelrepair.QModelFixer handleStep
INFO: Updated Q-table for error 27, context 0, action -969028598 setUpperBound to new weight 2.838463226408133E-8
apr. 11, 2020 2:43:33 P.M. hvl.projectparmorel.modelrepair.QModelFixer handleEpisode
INFO: EPISODE 3 TOTAL REWARD 0



apr. 11, 2020 2:43:33 P.M. hvl.projectparmorel.modelrepair.QModelFixer handleEpisode
INFO: EPISODE 4, STEP 0, Fixing error 27: An operation with void return type must have an upper bound of 1 not 51
apr. 11, 2020 2:43:33 P.M. hvl.projectparmorel.modelrepair.QModelFixer chooseAction
INFO: Choosing optimal action
apr. 11, 2020 2:43:33 P.M. hvl.projectparmorel.modelrepair.QModelFixer handleStep
INFO: Chose action setUpperBound in context 0 with weight 2.838463226408133E-8
apr. 11, 2020 2:43:34 P.M. hvl.projectparmorel.modelrepair.QModelFixer handleStep
INFO: Calculating new Q-value:
Old Q-value: 2.838463226408133E-8
Alpha: 0.8433333333333334

Reward: 0
2.838463226408133E-8 + 0.8433333333333334 * (0 - 2.838463226408133E-8) = 4.44692572137274E-9
apr. 11, 2020 2:43:34 P.M. hvl.projectparmorel.modelrepair.QModelFixer handleStep
INFO: Updated Q-table for error 27, context 0, action -969028598 setUpperBound to new weight 4.44692572137274E-9
apr. 11, 2020 2:43:34 P.M. hvl.projectparmorel.modelrepair.QModelFixer handleEpisode
INFO: EPISODE 4 TOTAL REWARD 0



apr. 11, 2020 2:43:34 P.M. hvl.projectparmorel.modelrepair.QModelFixer handleEpisode
INFO: EPISODE 5, STEP 0, Fixing error 27: An operation with void return type must have an upper bound of 1 not 51
apr. 11, 2020 2:43:34 P.M. hvl.projectparmorel.modelrepair.QModelFixer chooseAction
INFO: Choosing random action.
apr. 11, 2020 2:43:34 P.M. hvl.projectparmorel.modelrepair.QModelFixer handleStep
INFO: Chose action delete in context 0 with weight 7.526658579994176E-10
apr. 11, 2020 2:43:34 P.M. hvl.projectparmorel.modelrepair.QModelFixer handleStep
INFO: Calculating new Q-value:
Old Q-value: 7.526658579994176E-10
Alpha: 0.8041666666666667

Reward: 0
7.526658579994176E-10 + 0.8041666666666667 * (0 - 7.526658579994176E-10) = 1.4739706385821921E-10
apr. 11, 2020 2:43:34 P.M. hvl.projectparmorel.modelrepair.QModelFixer handleStep
INFO: Updated Q-table for error 27, context 0, action 99999 delete to new weight 1.4739706385821921E-10
apr. 11, 2020 2:43:34 P.M. hvl.projectparmorel.modelrepair.QModelFixer handleEpisode
INFO: EPISODE 5 TOTAL REWARD 0



apr. 11, 2020 2:43:34 P.M. hvl.projectparmorel.modelrepair.QModelFixer handleEpisode
INFO: EPISODE 6, STEP 0, Fixing error 27: An operation with void return type must have an upper bound of 1 not 51
apr. 11, 2020 2:43:34 P.M. hvl.projectparmorel.modelrepair.QModelFixer chooseAction
INFO: Choosing random action.
apr. 11, 2020 2:43:34 P.M. hvl.projectparmorel.modelrepair.QModelFixer handleStep
INFO: Chose action delete in context 0 with weight 1.4739706385821921E-10
apr. 11, 2020 2:43:34 P.M. hvl.projectparmorel.modelrepair.QModelFixer handleStep
INFO: Calculating new Q-value:
Old Q-value: 1.4739706385821921E-10
Alpha: 0.765

Reward: 0
1.4739706385821921E-10 + 0.765 * (0 - 1.4739706385821921E-10) = 3.4638310006681516E-11
apr. 11, 2020 2:43:34 P.M. hvl.projectparmorel.modelrepair.QModelFixer handleStep
INFO: Updated Q-table for error 27, context 0, action 99999 delete to new weight 3.4638310006681516E-11
apr. 11, 2020 2:43:34 P.M. hvl.projectparmorel.modelrepair.QModelFixer handleEpisode
INFO: EPISODE 6 TOTAL REWARD 0



apr. 11, 2020 2:43:34 P.M. hvl.projectparmorel.modelrepair.QModelFixer handleEpisode
INFO: EPISODE 7, STEP 0, Fixing error 27: An operation with void return type must have an upper bound of 1 not 51
apr. 11, 2020 2:43:34 P.M. hvl.projectparmorel.modelrepair.QModelFixer chooseAction
INFO: Choosing optimal action
apr. 11, 2020 2:43:34 P.M. hvl.projectparmorel.modelrepair.QModelFixer handleStep
INFO: Chose action setUpperBound in context 0 with weight 4.44692572137274E-9
apr. 11, 2020 2:43:34 P.M. hvl.projectparmorel.modelrepair.QModelFixer handleStep
INFO: Calculating new Q-value:
Old Q-value: 4.44692572137274E-9
Alpha: 0.7258333333333333

Reward: 0
4.44692572137274E-9 + 0.7258333333333333 * (0 - 4.44692572137274E-9) = 1.2191988019430263E-9
apr. 11, 2020 2:43:34 P.M. hvl.projectparmorel.modelrepair.QModelFixer handleStep
INFO: Updated Q-table for error 27, context 0, action -969028598 setUpperBound to new weight 1.2191988019430263E-9
apr. 11, 2020 2:43:34 P.M. hvl.projectparmorel.modelrepair.QModelFixer handleEpisode
INFO: EPISODE 7 TOTAL REWARD 0



apr. 11, 2020 2:43:34 P.M. hvl.projectparmorel.modelrepair.QModelFixer handleEpisode
INFO: EPISODE 8, STEP 0, Fixing error 27: An operation with void return type must have an upper bound of 1 not 51
apr. 11, 2020 2:43:34 P.M. hvl.projectparmorel.modelrepair.QModelFixer chooseAction
INFO: Choosing optimal action
apr. 11, 2020 2:43:34 P.M. hvl.projectparmorel.modelrepair.QModelFixer handleStep
INFO: Chose action setUpperBound in context 0 with weight 1.2191988019430263E-9
apr. 11, 2020 2:43:34 P.M. hvl.projectparmorel.modelrepair.QModelFixer handleStep
INFO: Calculating new Q-value:
Old Q-value: 1.2191988019430263E-9
Alpha: 0.6866666666666668

Reward: 0
1.2191988019430263E-9 + 0.6866666666666668 * (0 - 1.2191988019430263E-9) = 3.8201562460881475E-10
apr. 11, 2020 2:43:34 P.M. hvl.projectparmorel.modelrepair.QModelFixer handleStep
INFO: Updated Q-table for error 27, context 0, action -969028598 setUpperBound to new weight 3.8201562460881475E-10
apr. 11, 2020 2:43:34 P.M. hvl.projectparmorel.modelrepair.QModelFixer handleEpisode
INFO: EPISODE 8 TOTAL REWARD 0



apr. 11, 2020 2:43:34 P.M. hvl.projectparmorel.modelrepair.QModelFixer handleEpisode
INFO: EPISODE 9, STEP 0, Fixing error 27: An operation with void return type must have an upper bound of 1 not 51
apr. 11, 2020 2:43:34 P.M. hvl.projectparmorel.modelrepair.QModelFixer chooseAction
INFO: Choosing random action.
apr. 11, 2020 2:43:34 P.M. hvl.projectparmorel.modelrepair.QModelFixer handleStep
INFO: Chose action delete in context 0 with weight 3.4638310006681516E-11
apr. 11, 2020 2:43:35 P.M. hvl.projectparmorel.modelrepair.QModelFixer handleStep
INFO: Calculating new Q-value:
Old Q-value: 3.4638310006681516E-11
Alpha: 0.6475

Reward: 0
3.4638310006681516E-11 + 0.6475 * (0 - 3.4638310006681516E-11) = 1.2210004277355234E-11
apr. 11, 2020 2:43:35 P.M. hvl.projectparmorel.modelrepair.QModelFixer handleStep
INFO: Updated Q-table for error 27, context 0, action 99999 delete to new weight 1.2210004277355234E-11
apr. 11, 2020 2:43:35 P.M. hvl.projectparmorel.modelrepair.QModelFixer handleEpisode
INFO: EPISODE 9 TOTAL REWARD 0



apr. 11, 2020 2:43:35 P.M. hvl.projectparmorel.modelrepair.QModelFixer handleEpisode
INFO: EPISODE 10, STEP 0, Fixing error 27: An operation with void return type must have an upper bound of 1 not 51
apr. 11, 2020 2:43:35 P.M. hvl.projectparmorel.modelrepair.QModelFixer chooseAction
INFO: Choosing random action.
apr. 11, 2020 2:43:35 P.M. hvl.projectparmorel.modelrepair.QModelFixer handleStep
INFO: Chose action setEType in context 0 with weight 0.0
apr. 11, 2020 2:43:35 P.M. hvl.projectparmorel.modelrepair.QModelFixer handleStep
INFO: Calculating new Q-value:
Old Q-value: 0.0
Alpha: 0.6083333333333334

Reward: 0
0.0 + 0.6083333333333334 * (0 - 0.0) = 0.0
apr. 11, 2020 2:43:35 P.M. hvl.projectparmorel.modelrepair.QModelFixer handleStep
INFO: Updated Q-table for error 27, context 0, action 591449609 setEType to new weight 0.0
apr. 11, 2020 2:43:35 P.M. hvl.projectparmorel.modelrepair.QModelFixer handleEpisode
INFO: EPISODE 10 TOTAL REWARD 0



apr. 11, 2020 2:43:35 P.M. hvl.projectparmorel.modelrepair.QModelFixer handleEpisode
INFO: EPISODE 11, STEP 0, Fixing error 27: An operation with void return type must have an upper bound of 1 not 51
apr. 11, 2020 2:43:35 P.M. hvl.projectparmorel.modelrepair.QModelFixer chooseAction
INFO: Choosing random action.
apr. 11, 2020 2:43:35 P.M. hvl.projectparmorel.modelrepair.QModelFixer handleStep
INFO: Chose action delete in context 0 with weight 1.2210004277355234E-11
apr. 11, 2020 2:43:35 P.M. hvl.projectparmorel.modelrepair.QModelFixer handleStep
INFO: Calculating new Q-value:
Old Q-value: 1.2210004277355234E-11
Alpha: 0.5691666666666666

Reward: 0
1.2210004277355234E-11 + 0.5691666666666666 * (0 - 1.2210004277355234E-11) = 5.2604768428272144E-12
apr. 11, 2020 2:43:35 P.M. hvl.projectparmorel.modelrepair.QModelFixer handleStep
INFO: Updated Q-table for error 27, context 0, action 99999 delete to new weight 5.2604768428272144E-12
apr. 11, 2020 2:43:35 P.M. hvl.projectparmorel.modelrepair.QModelFixer handleEpisode
INFO: EPISODE 11 TOTAL REWARD 0



apr. 11, 2020 2:43:35 P.M. hvl.projectparmorel.modelrepair.QModelFixer handleEpisode
INFO: EPISODE 12, STEP 0, Fixing error 27: An operation with void return type must have an upper bound of 1 not 51
apr. 11, 2020 2:43:35 P.M. hvl.projectparmorel.modelrepair.QModelFixer chooseAction
INFO: Choosing random action.
apr. 11, 2020 2:43:35 P.M. hvl.projectparmorel.modelrepair.QModelFixer handleStep
INFO: Chose action delete in context 0 with weight 5.2604768428272144E-12
apr. 11, 2020 2:43:35 P.M. hvl.projectparmorel.modelrepair.QModelFixer handleStep
INFO: Calculating new Q-value:
Old Q-value: 5.2604768428272144E-12
Alpha: 0.53

Reward: 0
5.2604768428272144E-12 + 0.53 * (0 - 5.2604768428272144E-12) = 2.4724241161287905E-12
apr. 11, 2020 2:43:35 P.M. hvl.projectparmorel.modelrepair.QModelFixer handleStep
INFO: Updated Q-table for error 27, context 0, action 99999 delete to new weight 2.4724241161287905E-12
apr. 11, 2020 2:43:35 P.M. hvl.projectparmorel.modelrepair.QModelFixer handleEpisode
INFO: EPISODE 12 TOTAL REWARD 0



apr. 11, 2020 2:43:35 P.M. hvl.projectparmorel.modelrepair.QModelFixer handleEpisode
INFO: EPISODE 13, STEP 0, Fixing error 27: An operation with void return type must have an upper bound of 1 not 51
apr. 11, 2020 2:43:35 P.M. hvl.projectparmorel.modelrepair.QModelFixer chooseAction
INFO: Choosing optimal action
apr. 11, 2020 2:43:35 P.M. hvl.projectparmorel.modelrepair.QModelFixer handleStep
INFO: Chose action setUpperBound in context 0 with weight 3.8201562460881475E-10
apr. 11, 2020 2:43:35 P.M. hvl.projectparmorel.modelrepair.QModelFixer handleStep
INFO: Calculating new Q-value:
Old Q-value: 3.8201562460881475E-10
Alpha: 0.49083333333333334

Reward: 0
3.8201562460881475E-10 + 0.49083333333333334 * (0 - 3.8201562460881475E-10) = 1.9450962219665483E-10
apr. 11, 2020 2:43:35 P.M. hvl.projectparmorel.modelrepair.QModelFixer handleStep
INFO: Updated Q-table for error 27, context 0, action -969028598 setUpperBound to new weight 1.9450962219665483E-10
apr. 11, 2020 2:43:35 P.M. hvl.projectparmorel.modelrepair.QModelFixer handleEpisode
INFO: EPISODE 13 TOTAL REWARD 0



apr. 11, 2020 2:43:35 P.M. hvl.projectparmorel.modelrepair.QModelFixer handleEpisode
INFO: EPISODE 14, STEP 0, Fixing error 27: An operation with void return type must have an upper bound of 1 not 51
apr. 11, 2020 2:43:35 P.M. hvl.projectparmorel.modelrepair.QModelFixer chooseAction
INFO: Choosing optimal action
apr. 11, 2020 2:43:35 P.M. hvl.projectparmorel.modelrepair.QModelFixer handleStep
INFO: Chose action setUpperBound in context 0 with weight 1.9450962219665483E-10
apr. 11, 2020 2:43:35 P.M. hvl.projectparmorel.modelrepair.QModelFixer handleStep
INFO: Calculating new Q-value:
Old Q-value: 1.9450962219665483E-10
Alpha: 0.45166666666666666

Reward: 0
1.9450962219665483E-10 + 0.45166666666666666 * (0 - 1.9450962219665483E-10) = 1.0665610950449906E-10
apr. 11, 2020 2:43:35 P.M. hvl.projectparmorel.modelrepair.QModelFixer handleStep
INFO: Updated Q-table for error 27, context 0, action -969028598 setUpperBound to new weight 1.0665610950449906E-10
apr. 11, 2020 2:43:35 P.M. hvl.projectparmorel.modelrepair.QModelFixer handleEpisode
INFO: EPISODE 14 TOTAL REWARD 0



apr. 11, 2020 2:43:35 P.M. hvl.projectparmorel.modelrepair.QModelFixer handleEpisode
INFO: EPISODE 15, STEP 0, Fixing error 27: An operation with void return type must have an upper bound of 1 not 51
apr. 11, 2020 2:43:35 P.M. hvl.projectparmorel.modelrepair.QModelFixer chooseAction
INFO: Choosing optimal action
apr. 11, 2020 2:43:35 P.M. hvl.projectparmorel.modelrepair.QModelFixer handleStep
INFO: Chose action setUpperBound in context 0 with weight 1.0665610950449906E-10
apr. 11, 2020 2:43:35 P.M. hvl.projectparmorel.modelrepair.QModelFixer handleStep
INFO: Calculating new Q-value:
Old Q-value: 1.0665610950449906E-10
Alpha: 0.4125

Reward: 0
1.0665610950449906E-10 + 0.4125 * (0 - 1.0665610950449906E-10) = 6.26604643338932E-11
apr. 11, 2020 2:43:35 P.M. hvl.projectparmorel.modelrepair.QModelFixer handleStep
INFO: Updated Q-table for error 27, context 0, action -969028598 setUpperBound to new weight 6.26604643338932E-11
apr. 11, 2020 2:43:35 P.M. hvl.projectparmorel.modelrepair.QModelFixer handleEpisode
INFO: EPISODE 15 TOTAL REWARD 0



apr. 11, 2020 2:43:35 P.M. hvl.projectparmorel.modelrepair.QModelFixer handleEpisode
INFO: EPISODE 16, STEP 0, Fixing error 27: An operation with void return type must have an upper bound of 1 not 51
apr. 11, 2020 2:43:35 P.M. hvl.projectparmorel.modelrepair.QModelFixer chooseAction
INFO: Choosing random action.
apr. 11, 2020 2:43:35 P.M. hvl.projectparmorel.modelrepair.QModelFixer handleStep
INFO: Chose action setEType in context 0 with weight 0.0
apr. 11, 2020 2:43:36 P.M. hvl.projectparmorel.modelrepair.QModelFixer handleStep
INFO: Calculating new Q-value:
Old Q-value: 0.0
Alpha: 0.3733333333333334

Reward: 0
0.0 + 0.3733333333333334 * (0 - 0.0) = 0.0
apr. 11, 2020 2:43:36 P.M. hvl.projectparmorel.modelrepair.QModelFixer handleStep
INFO: Updated Q-table for error 27, context 0, action 591449609 setEType to new weight 0.0
apr. 11, 2020 2:43:36 P.M. hvl.projectparmorel.modelrepair.QModelFixer handleEpisode
INFO: EPISODE 16 TOTAL REWARD 0



apr. 11, 2020 2:43:36 P.M. hvl.projectparmorel.modelrepair.QModelFixer handleEpisode
INFO: EPISODE 17, STEP 0, Fixing error 27: An operation with void return type must have an upper bound of 1 not 51
apr. 11, 2020 2:43:36 P.M. hvl.projectparmorel.modelrepair.QModelFixer chooseAction
INFO: Choosing optimal action
apr. 11, 2020 2:43:36 P.M. hvl.projectparmorel.modelrepair.QModelFixer handleStep
INFO: Chose action setUpperBound in context 0 with weight 6.26604643338932E-11
apr. 11, 2020 2:43:36 P.M. hvl.projectparmorel.modelrepair.QModelFixer handleStep
INFO: Calculating new Q-value:
Old Q-value: 6.26604643338932E-11
Alpha: 0.3341666666666667

Reward: 0
6.26604643338932E-11 + 0.3341666666666667 * (0 - 6.26604643338932E-11) = 4.1721425835650555E-11
apr. 11, 2020 2:43:36 P.M. hvl.projectparmorel.modelrepair.QModelFixer handleStep
INFO: Updated Q-table for error 27, context 0, action -969028598 setUpperBound to new weight 4.1721425835650555E-11
apr. 11, 2020 2:43:36 P.M. hvl.projectparmorel.modelrepair.QModelFixer handleEpisode
INFO: EPISODE 17 TOTAL REWARD 0



apr. 11, 2020 2:43:36 P.M. hvl.projectparmorel.modelrepair.QModelFixer handleEpisode
INFO: EPISODE 18, STEP 0, Fixing error 27: An operation with void return type must have an upper bound of 1 not 51
apr. 11, 2020 2:43:36 P.M. hvl.projectparmorel.modelrepair.QModelFixer chooseAction
INFO: Choosing optimal action
apr. 11, 2020 2:43:36 P.M. hvl.projectparmorel.modelrepair.QModelFixer handleStep
INFO: Chose action setUpperBound in context 0 with weight 4.1721425835650555E-11
apr. 11, 2020 2:43:36 P.M. hvl.projectparmorel.modelrepair.QModelFixer handleStep
INFO: Calculating new Q-value:
Old Q-value: 4.1721425835650555E-11
Alpha: 0.29500000000000004

Reward: 0
4.1721425835650555E-11 + 0.29500000000000004 * (0 - 4.1721425835650555E-11) = 2.941360521413364E-11
apr. 11, 2020 2:43:36 P.M. hvl.projectparmorel.modelrepair.QModelFixer handleStep
INFO: Updated Q-table for error 27, context 0, action -969028598 setUpperBound to new weight 2.941360521413364E-11
apr. 11, 2020 2:43:36 P.M. hvl.projectparmorel.modelrepair.QModelFixer handleEpisode
INFO: EPISODE 18 TOTAL REWARD 0



apr. 11, 2020 2:43:36 P.M. hvl.projectparmorel.modelrepair.QModelFixer handleEpisode
INFO: EPISODE 19, STEP 0, Fixing error 27: An operation with void return type must have an upper bound of 1 not 51
apr. 11, 2020 2:43:36 P.M. hvl.projectparmorel.modelrepair.QModelFixer chooseAction
INFO: Choosing optimal action
apr. 11, 2020 2:43:36 P.M. hvl.projectparmorel.modelrepair.QModelFixer handleStep
INFO: Chose action setUpperBound in context 0 with weight 2.941360521413364E-11
apr. 11, 2020 2:43:36 P.M. hvl.projectparmorel.modelrepair.QModelFixer handleStep
INFO: Calculating new Q-value:
Old Q-value: 2.941360521413364E-11
Alpha: 0.25583333333333336

Reward: 0
2.941360521413364E-11 + 0.25583333333333336 * (0 - 2.941360521413364E-11) = 2.1888624546851115E-11
apr. 11, 2020 2:43:36 P.M. hvl.projectparmorel.modelrepair.QModelFixer handleStep
INFO: Updated Q-table for error 27, context 0, action -969028598 setUpperBound to new weight 2.1888624546851115E-11
apr. 11, 2020 2:43:36 P.M. hvl.projectparmorel.modelrepair.QModelFixer handleEpisode
INFO: EPISODE 19 TOTAL REWARD 0



apr. 11, 2020 2:43:36 P.M. hvl.projectparmorel.modelrepair.QModelFixer handleEpisode
INFO: EPISODE 20, STEP 0, Fixing error 27: An operation with void return type must have an upper bound of 1 not 51
apr. 11, 2020 2:43:36 P.M. hvl.projectparmorel.modelrepair.QModelFixer chooseAction
INFO: Choosing optimal action
apr. 11, 2020 2:43:36 P.M. hvl.projectparmorel.modelrepair.QModelFixer handleStep
INFO: Chose action setUpperBound in context 0 with weight 2.1888624546851115E-11
apr. 11, 2020 2:43:36 P.M. hvl.projectparmorel.modelrepair.QModelFixer handleStep
INFO: Calculating new Q-value:
Old Q-value: 2.1888624546851115E-11
Alpha: 0.21666666666666679

Reward: 0
2.1888624546851115E-11 + 0.21666666666666679 * (0 - 2.1888624546851115E-11) = 1.7146089228366703E-11
apr. 11, 2020 2:43:36 P.M. hvl.projectparmorel.modelrepair.QModelFixer handleStep
INFO: Updated Q-table for error 27, context 0, action -969028598 setUpperBound to new weight 1.7146089228366703E-11
apr. 11, 2020 2:43:36 P.M. hvl.projectparmorel.modelrepair.QModelFixer handleEpisode
INFO: EPISODE 20 TOTAL REWARD 0



apr. 11, 2020 2:43:36 P.M. hvl.projectparmorel.modelrepair.QModelFixer handleEpisode
INFO: EPISODE 21, STEP 0, Fixing error 27: An operation with void return type must have an upper bound of 1 not 51
apr. 11, 2020 2:43:36 P.M. hvl.projectparmorel.modelrepair.QModelFixer chooseAction
INFO: Choosing random action.
apr. 11, 2020 2:43:36 P.M. hvl.projectparmorel.modelrepair.QModelFixer handleStep
INFO: Chose action setUpperBound in context 0 with weight 1.7146089228366703E-11
apr. 11, 2020 2:43:36 P.M. hvl.projectparmorel.modelrepair.QModelFixer handleStep
INFO: Calculating new Q-value:
Old Q-value: 1.7146089228366703E-11
Alpha: 0.1775000000000001

Reward: 0
1.7146089228366703E-11 + 0.1775000000000001 * (0 - 1.7146089228366703E-11) = 1.410265839033161E-11
apr. 11, 2020 2:43:36 P.M. hvl.projectparmorel.modelrepair.QModelFixer handleStep
INFO: Updated Q-table for error 27, context 0, action -969028598 setUpperBound to new weight 1.410265839033161E-11
apr. 11, 2020 2:43:36 P.M. hvl.projectparmorel.modelrepair.QModelFixer handleEpisode
INFO: EPISODE 21 TOTAL REWARD 0



apr. 11, 2020 2:43:36 P.M. hvl.projectparmorel.modelrepair.QModelFixer handleEpisode
INFO: EPISODE 22, STEP 0, Fixing error 27: An operation with void return type must have an upper bound of 1 not 51
apr. 11, 2020 2:43:36 P.M. hvl.projectparmorel.modelrepair.QModelFixer chooseAction
INFO: Choosing random action.
apr. 11, 2020 2:43:36 P.M. hvl.projectparmorel.modelrepair.QModelFixer handleStep
INFO: Chose action delete in context 0 with weight 2.4724241161287905E-12
apr. 11, 2020 2:43:36 P.M. hvl.projectparmorel.modelrepair.QModelFixer handleStep
INFO: Calculating new Q-value:
Old Q-value: 2.4724241161287905E-12
Alpha: 0.1383333333333333

Reward: 0
2.4724241161287905E-12 + 0.1383333333333333 * (0 - 2.4724241161287905E-12) = 2.1304054467309748E-12
apr. 11, 2020 2:43:36 P.M. hvl.projectparmorel.modelrepair.QModelFixer handleStep
INFO: Updated Q-table for error 27, context 0, action 99999 delete to new weight 2.1304054467309748E-12
apr. 11, 2020 2:43:36 P.M. hvl.projectparmorel.modelrepair.QModelFixer handleEpisode
INFO: EPISODE 22 TOTAL REWARD 0



apr. 11, 2020 2:43:36 P.M. hvl.projectparmorel.modelrepair.QModelFixer handleEpisode
INFO: EPISODE 23, STEP 0, Fixing error 27: An operation with void return type must have an upper bound of 1 not 51
apr. 11, 2020 2:43:36 P.M. hvl.projectparmorel.modelrepair.QModelFixer chooseAction
INFO: Choosing random action.
apr. 11, 2020 2:43:36 P.M. hvl.projectparmorel.modelrepair.QModelFixer handleStep
INFO: Chose action delete in context 0 with weight 2.1304054467309748E-12
apr. 11, 2020 2:43:37 P.M. hvl.projectparmorel.modelrepair.QModelFixer handleStep
INFO: Calculating new Q-value:
Old Q-value: 2.1304054467309748E-12
Alpha: 0.09916666666666674

Reward: 0
2.1304054467309748E-12 + 0.09916666666666674 * (0 - 2.1304054467309748E-12) = 1.919140239930153E-12
apr. 11, 2020 2:43:37 P.M. hvl.projectparmorel.modelrepair.QModelFixer handleStep
INFO: Updated Q-table for error 27, context 0, action 99999 delete to new weight 1.919140239930153E-12
apr. 11, 2020 2:43:37 P.M. hvl.projectparmorel.modelrepair.QModelFixer handleEpisode
INFO: EPISODE 23 TOTAL REWARD 0



apr. 11, 2020 2:43:37 P.M. hvl.projectparmorel.modelrepair.QModelFixer handleEpisode
INFO: EPISODE 24, STEP 0, Fixing error 27: An operation with void return type must have an upper bound of 1 not 51
apr. 11, 2020 2:43:37 P.M. hvl.projectparmorel.modelrepair.QModelFixer chooseAction
INFO: Choosing random action.
apr. 11, 2020 2:43:37 P.M. hvl.projectparmorel.modelrepair.QModelFixer handleStep
INFO: Chose action delete in context 0 with weight 1.919140239930153E-12
apr. 11, 2020 2:43:37 P.M. hvl.projectparmorel.modelrepair.QModelFixer handleStep
INFO: Calculating new Q-value:
Old Q-value: 1.919140239930153E-12
Alpha: 0.06000000000000005

Reward: 0
1.919140239930153E-12 + 0.06000000000000005 * (0 - 1.919140239930153E-12) = 1.8039918255343434E-12
apr. 11, 2020 2:43:37 P.M. hvl.projectparmorel.modelrepair.QModelFixer handleStep
INFO: Updated Q-table for error 27, context 0, action 99999 delete to new weight 1.8039918255343434E-12
apr. 11, 2020 2:43:37 P.M. hvl.projectparmorel.modelrepair.QModelFixer handleEpisode
INFO: EPISODE 24 TOTAL REWARD 0



apr. 11, 2020 2:43:37 P.M. hvl.projectparmorel.modelrepair.QModelFixer fixModel
INFO: Time repairing model: 4207 ms
apr. 11, 2020 2:43:37 P.M. hvl.projectparmorel.modelrepair.QModelFixer fixModel
INFO: 
-----------------ALL SEQUENCES FOUND-------------------
SIZE: 3
DISCARDED SEQUENCES: 22
--------::::B E S T   S E Q U E N C E   I S::::---------
Sequence [id=0, seq=[ErrorAction [Error: 27 An operation with void return type must have an upper bound of 1 not 51, Action: setEType, Error hierarchy: 0]
], weight=0.0]

 with 1 actions.
apr. 11, 2020 2:43:37 P.M. hvl.projectparmorel.knowledge.Knowledge save
INFO: Saving initialized
apr. 11, 2020 2:43:37 P.M. hvl.projectparmorel.knowledge.Knowledge save
INFO: document prepared
apr. 11, 2020 2:43:37 P.M. hvl.projectparmorel.knowledge.Knowledge save
INFO: Saving completed to /Users/Magnus/Skole/DAT300/EclipseWorkspace2/ParmorelRunnable/knowledge.xml
apr. 11, 2020 2:43:37 P.M. hvl.projectparmorel.modules.Strategy repairModels
SEVERE: Index 4 out of bounds for length 3
Stack trace:
java.lang.IndexOutOfBoundsException: Index 4 out of bounds for length 3
	at java.base/jdk.internal.util.Preconditions.outOfBounds(Preconditions.java:64)
	at java.base/jdk.internal.util.Preconditions.outOfBoundsCheckIndex(Preconditions.java:70)
	at java.base/jdk.internal.util.Preconditions.checkIndex(Preconditions.java:248)
	at java.base/java.util.Objects.checkIndex(Objects.java:373)
	at java.base/java.util.ArrayList.get(ArrayList.java:425)
	at hvl.projectparmorel.modules.BestWeightStrategy045.selectSolution(BestWeightStrategy045.java:32)
	at hvl.projectparmorel.modules.Strategy.repairModels(Strategy.java:92)
	at hvl.projectparmorel.main.TestDifferentModelSelectionMethods.main(TestDifferentModelSelectionMethods.java:49)

