apr. 11, 2020 2:17:33 P.M. hvl.projectparmorel.modelrepair.QModelFixer fixModel
INFO: Repairing b4.ecore
apr. 11, 2020 2:17:33 P.M. hvl.projectparmorel.modelrepair.QModelFixer fixModel
INFO: Running with preferences [2, 4]
apr. 11, 2020 2:17:33 P.M. hvl.projectparmorel.modelrepair.QModelFixer fixModel
INFO: Initial number of errors in model: 1
Maximum number of steps per episode: 20
Errors to fix: [Error 27, message=An operation with void return type must have an upper bound of 1 not 85
]
apr. 11, 2020 2:17:33 P.M. hvl.projectparmorel.modelrepair.QModelFixer fixModel
INFO: Initializing Q-table for the errors.
apr. 11, 2020 2:17:33 P.M. hvl.projectparmorel.modelrepair.QModelFixer fixModel
INFO: Number of episodes: 25
apr. 11, 2020 2:17:33 P.M. hvl.projectparmorel.modelrepair.QModelFixer handleEpisode
INFO: EPISODE 0, STEP 0, Fixing error 27: An operation with void return type must have an upper bound of 1 not 85
apr. 11, 2020 2:17:33 P.M. hvl.projectparmorel.modelrepair.QModelFixer chooseAction
INFO: Choosing random action.
apr. 11, 2020 2:17:33 P.M. hvl.projectparmorel.modelrepair.QModelFixer handleStep
INFO: Chose action setUpperBound in context 0 with weight 800.0000007748652
apr. 11, 2020 2:17:33 P.M. hvl.projectparmorel.modelrepair.QModelFixer handleStep
INFO: Calculating new Q-value:
Old Q-value: 800.0000007748652
Alpha: 1.0

Reward: 100
800.0000007748652 + 1.0 * (100 - 800.0000007748652) = 100.0
apr. 11, 2020 2:17:33 P.M. hvl.projectparmorel.modelrepair.QModelFixer handleStep
INFO: Updated Q-table for error 27, context 0, action -969028598 setUpperBound to new weight 100.0
apr. 11, 2020 2:17:33 P.M. hvl.projectparmorel.modelrepair.QModelFixer handleEpisode
INFO: EPISODE 0 TOTAL REWARD 100



apr. 11, 2020 2:17:33 P.M. hvl.projectparmorel.modelrepair.QModelFixer handleEpisode
INFO: EPISODE 1, STEP 0, Fixing error 27: An operation with void return type must have an upper bound of 1 not 85
apr. 11, 2020 2:17:33 P.M. hvl.projectparmorel.modelrepair.QModelFixer chooseAction
INFO: Choosing optimal action
apr. 11, 2020 2:17:33 P.M. hvl.projectparmorel.modelrepair.QModelFixer handleStep
INFO: Chose action setEType in context 0 with weight 196.9383424910377
apr. 11, 2020 2:17:33 P.M. hvl.projectparmorel.modelrepair.QModelFixer handleStep
INFO: Calculating new Q-value:
Old Q-value: 196.9383424910377
Alpha: 0.9608333333333333

Reward: 100
196.9383424910377 + 0.9608333333333333 * (100 - 196.9383424910377) = 103.79675174756565
apr. 11, 2020 2:17:33 P.M. hvl.projectparmorel.modelrepair.QModelFixer handleStep
INFO: Updated Q-table for error 27, context 0, action 591449609 setEType to new weight 103.79675174756565
apr. 11, 2020 2:17:33 P.M. hvl.projectparmorel.modelrepair.QModelFixer handleEpisode
INFO: EPISODE 1 TOTAL REWARD 100



apr. 11, 2020 2:17:33 P.M. hvl.projectparmorel.modelrepair.QModelFixer handleEpisode
INFO: EPISODE 2, STEP 0, Fixing error 27: An operation with void return type must have an upper bound of 1 not 85
apr. 11, 2020 2:17:33 P.M. hvl.projectparmorel.modelrepair.QModelFixer chooseAction
INFO: Choosing optimal action
apr. 11, 2020 2:17:33 P.M. hvl.projectparmorel.modelrepair.QModelFixer handleStep
INFO: Chose action setEType in context 0 with weight 103.79675174756565
apr. 11, 2020 2:17:33 P.M. hvl.projectparmorel.modelrepair.QModelFixer handleStep
INFO: Calculating new Q-value:
Old Q-value: 103.79675174756565
Alpha: 0.9216666666666666

Reward: 100
103.79675174756565 + 0.9216666666666666 * (100 - 103.79675174756565) = 100.29741222022598
apr. 11, 2020 2:17:33 P.M. hvl.projectparmorel.modelrepair.QModelFixer handleStep
INFO: Updated Q-table for error 27, context 0, action 591449609 setEType to new weight 100.29741222022598
apr. 11, 2020 2:17:33 P.M. hvl.projectparmorel.modelrepair.QModelFixer handleEpisode
INFO: EPISODE 2 TOTAL REWARD 100



apr. 11, 2020 2:17:33 P.M. hvl.projectparmorel.modelrepair.QModelFixer handleEpisode
INFO: EPISODE 3, STEP 0, Fixing error 27: An operation with void return type must have an upper bound of 1 not 85
apr. 11, 2020 2:17:33 P.M. hvl.projectparmorel.modelrepair.QModelFixer chooseAction
INFO: Choosing optimal action
apr. 11, 2020 2:17:33 P.M. hvl.projectparmorel.modelrepair.QModelFixer handleStep
INFO: Chose action setEType in context 0 with weight 100.29741222022598
apr. 11, 2020 2:17:33 P.M. hvl.projectparmorel.modelrepair.QModelFixer handleStep
INFO: Calculating new Q-value:
Old Q-value: 100.29741222022598
Alpha: 0.8825000000000001

Reward: 100
100.29741222022598 + 0.8825000000000001 * (100 - 100.29741222022598) = 100.03494593587655
apr. 11, 2020 2:17:33 P.M. hvl.projectparmorel.modelrepair.QModelFixer handleStep
INFO: Updated Q-table for error 27, context 0, action 591449609 setEType to new weight 100.03494593587655
apr. 11, 2020 2:17:33 P.M. hvl.projectparmorel.modelrepair.QModelFixer handleEpisode
INFO: EPISODE 3 TOTAL REWARD 100



apr. 11, 2020 2:17:33 P.M. hvl.projectparmorel.modelrepair.QModelFixer handleEpisode
INFO: EPISODE 4, STEP 0, Fixing error 27: An operation with void return type must have an upper bound of 1 not 85
apr. 11, 2020 2:17:33 P.M. hvl.projectparmorel.modelrepair.QModelFixer chooseAction
INFO: Choosing random action.
apr. 11, 2020 2:17:33 P.M. hvl.projectparmorel.modelrepair.QModelFixer handleStep
INFO: Chose action delete in context 0 with weight -819.0697816105155
apr. 11, 2020 2:17:33 P.M. hvl.projectparmorel.modelrepair.QModelFixer handleStep
INFO: Calculating new Q-value:
Old Q-value: -819.0697816105155
Alpha: 0.8433333333333334

Reward: -1000
-819.0697816105155 + 0.8433333333333334 * (-1000 - -819.0697816105155) = -971.6542657856475
apr. 11, 2020 2:17:33 P.M. hvl.projectparmorel.modelrepair.QModelFixer handleStep
INFO: Updated Q-table for error 27, context 0, action 99999 delete to new weight -971.6542657856475
apr. 11, 2020 2:17:33 P.M. hvl.projectparmorel.modelrepair.QModelFixer handleEpisode
INFO: EPISODE 4 TOTAL REWARD -1000



apr. 11, 2020 2:17:33 P.M. hvl.projectparmorel.modelrepair.QModelFixer handleEpisode
INFO: EPISODE 5, STEP 0, Fixing error 27: An operation with void return type must have an upper bound of 1 not 85
apr. 11, 2020 2:17:33 P.M. hvl.projectparmorel.modelrepair.QModelFixer chooseAction
INFO: Choosing optimal action
apr. 11, 2020 2:17:33 P.M. hvl.projectparmorel.modelrepair.QModelFixer handleStep
INFO: Chose action setEType in context 0 with weight 100.03494593587655
apr. 11, 2020 2:17:33 P.M. hvl.projectparmorel.modelrepair.QModelFixer handleStep
INFO: Calculating new Q-value:
Old Q-value: 100.03494593587655
Alpha: 0.8041666666666667

Reward: 100
100.03494593587655 + 0.8041666666666667 * (100 - 100.03494593587655) = 100.00684357910916
apr. 11, 2020 2:17:33 P.M. hvl.projectparmorel.modelrepair.QModelFixer handleStep
INFO: Updated Q-table for error 27, context 0, action 591449609 setEType to new weight 100.00684357910916
apr. 11, 2020 2:17:33 P.M. hvl.projectparmorel.modelrepair.QModelFixer handleEpisode
INFO: EPISODE 5 TOTAL REWARD 100



apr. 11, 2020 2:17:33 P.M. hvl.projectparmorel.modelrepair.QModelFixer handleEpisode
INFO: EPISODE 6, STEP 0, Fixing error 27: An operation with void return type must have an upper bound of 1 not 85
apr. 11, 2020 2:17:33 P.M. hvl.projectparmorel.modelrepair.QModelFixer chooseAction
INFO: Choosing optimal action
apr. 11, 2020 2:17:33 P.M. hvl.projectparmorel.modelrepair.QModelFixer handleStep
INFO: Chose action setEType in context 0 with weight 100.00684357910916
apr. 11, 2020 2:17:33 P.M. hvl.projectparmorel.modelrepair.QModelFixer handleStep
INFO: Calculating new Q-value:
Old Q-value: 100.00684357910916
Alpha: 0.765

Reward: 100
100.00684357910916 + 0.765 * (100 - 100.00684357910916) = 100.00160824109065
apr. 11, 2020 2:17:33 P.M. hvl.projectparmorel.modelrepair.QModelFixer handleStep
INFO: Updated Q-table for error 27, context 0, action 591449609 setEType to new weight 100.00160824109065
apr. 11, 2020 2:17:33 P.M. hvl.projectparmorel.modelrepair.QModelFixer handleEpisode
INFO: EPISODE 6 TOTAL REWARD 100



apr. 11, 2020 2:17:33 P.M. hvl.projectparmorel.modelrepair.QModelFixer handleEpisode
INFO: EPISODE 7, STEP 0, Fixing error 27: An operation with void return type must have an upper bound of 1 not 85
apr. 11, 2020 2:17:33 P.M. hvl.projectparmorel.modelrepair.QModelFixer chooseAction
INFO: Choosing optimal action
apr. 11, 2020 2:17:33 P.M. hvl.projectparmorel.modelrepair.QModelFixer handleStep
INFO: Chose action setEType in context 0 with weight 100.00160824109065
apr. 11, 2020 2:17:33 P.M. hvl.projectparmorel.modelrepair.QModelFixer handleStep
INFO: Calculating new Q-value:
Old Q-value: 100.00160824109065
Alpha: 0.7258333333333333

Reward: 100
100.00160824109065 + 0.7258333333333333 * (100 - 100.00160824109065) = 100.00044092609902
apr. 11, 2020 2:17:33 P.M. hvl.projectparmorel.modelrepair.QModelFixer handleStep
INFO: Updated Q-table for error 27, context 0, action 591449609 setEType to new weight 100.00044092609902
apr. 11, 2020 2:17:33 P.M. hvl.projectparmorel.modelrepair.QModelFixer handleEpisode
INFO: EPISODE 7 TOTAL REWARD 100



apr. 11, 2020 2:17:33 P.M. hvl.projectparmorel.modelrepair.QModelFixer handleEpisode
INFO: EPISODE 8, STEP 0, Fixing error 27: An operation with void return type must have an upper bound of 1 not 85
apr. 11, 2020 2:17:33 P.M. hvl.projectparmorel.modelrepair.QModelFixer chooseAction
INFO: Choosing optimal action
apr. 11, 2020 2:17:33 P.M. hvl.projectparmorel.modelrepair.QModelFixer handleStep
INFO: Chose action setEType in context 0 with weight 100.00044092609902
apr. 11, 2020 2:17:33 P.M. hvl.projectparmorel.modelrepair.QModelFixer handleStep
INFO: Calculating new Q-value:
Old Q-value: 100.00044092609902
Alpha: 0.6866666666666668

Reward: 100
100.00044092609902 + 0.6866666666666668 * (100 - 100.00044092609902) = 100.00013815684436
apr. 11, 2020 2:17:33 P.M. hvl.projectparmorel.modelrepair.QModelFixer handleStep
INFO: Updated Q-table for error 27, context 0, action 591449609 setEType to new weight 100.00013815684436
apr. 11, 2020 2:17:33 P.M. hvl.projectparmorel.modelrepair.QModelFixer handleEpisode
INFO: EPISODE 8 TOTAL REWARD 100



apr. 11, 2020 2:17:33 P.M. hvl.projectparmorel.modelrepair.QModelFixer handleEpisode
INFO: EPISODE 9, STEP 0, Fixing error 27: An operation with void return type must have an upper bound of 1 not 85
apr. 11, 2020 2:17:33 P.M. hvl.projectparmorel.modelrepair.QModelFixer chooseAction
INFO: Choosing optimal action
apr. 11, 2020 2:17:33 P.M. hvl.projectparmorel.modelrepair.QModelFixer handleStep
INFO: Chose action setEType in context 0 with weight 100.00013815684436
apr. 11, 2020 2:17:33 P.M. hvl.projectparmorel.modelrepair.QModelFixer handleStep
INFO: Calculating new Q-value:
Old Q-value: 100.00013815684436
Alpha: 0.6475

Reward: 100
100.00013815684436 + 0.6475 * (100 - 100.00013815684436) = 100.00004870028764
apr. 11, 2020 2:17:33 P.M. hvl.projectparmorel.modelrepair.QModelFixer handleStep
INFO: Updated Q-table for error 27, context 0, action 591449609 setEType to new weight 100.00004870028764
apr. 11, 2020 2:17:33 P.M. hvl.projectparmorel.modelrepair.QModelFixer handleEpisode
INFO: EPISODE 9 TOTAL REWARD 100



apr. 11, 2020 2:17:33 P.M. hvl.projectparmorel.modelrepair.QModelFixer handleEpisode
INFO: EPISODE 10, STEP 0, Fixing error 27: An operation with void return type must have an upper bound of 1 not 85
apr. 11, 2020 2:17:33 P.M. hvl.projectparmorel.modelrepair.QModelFixer chooseAction
INFO: Choosing optimal action
apr. 11, 2020 2:17:33 P.M. hvl.projectparmorel.modelrepair.QModelFixer handleStep
INFO: Chose action setEType in context 0 with weight 100.00004870028764
apr. 11, 2020 2:17:33 P.M. hvl.projectparmorel.modelrepair.QModelFixer handleStep
INFO: Calculating new Q-value:
Old Q-value: 100.00004870028764
Alpha: 0.6083333333333334

Reward: 100
100.00004870028764 + 0.6083333333333334 * (100 - 100.00004870028764) = 100.00001907427932
apr. 11, 2020 2:17:33 P.M. hvl.projectparmorel.modelrepair.QModelFixer handleStep
INFO: Updated Q-table for error 27, context 0, action 591449609 setEType to new weight 100.00001907427932
apr. 11, 2020 2:17:33 P.M. hvl.projectparmorel.modelrepair.QModelFixer handleEpisode
INFO: EPISODE 10 TOTAL REWARD 100



apr. 11, 2020 2:17:33 P.M. hvl.projectparmorel.modelrepair.QModelFixer handleEpisode
INFO: EPISODE 11, STEP 0, Fixing error 27: An operation with void return type must have an upper bound of 1 not 85
apr. 11, 2020 2:17:33 P.M. hvl.projectparmorel.modelrepair.QModelFixer chooseAction
INFO: Choosing random action.
apr. 11, 2020 2:17:33 P.M. hvl.projectparmorel.modelrepair.QModelFixer handleStep
INFO: Chose action delete in context 0 with weight -971.6542657856475
apr. 11, 2020 2:17:34 P.M. hvl.projectparmorel.modelrepair.QModelFixer handleStep
INFO: Calculating new Q-value:
Old Q-value: -971.6542657856475
Alpha: 0.5691666666666666

Reward: -1000
-971.6542657856475 + 0.5691666666666666 * (-1000 - -971.6542657856475) = -987.7877128426497
apr. 11, 2020 2:17:34 P.M. hvl.projectparmorel.modelrepair.QModelFixer handleStep
INFO: Updated Q-table for error 27, context 0, action 99999 delete to new weight -987.7877128426497
apr. 11, 2020 2:17:34 P.M. hvl.projectparmorel.modelrepair.QModelFixer handleEpisode
INFO: EPISODE 11 TOTAL REWARD -1000



apr. 11, 2020 2:17:34 P.M. hvl.projectparmorel.modelrepair.QModelFixer handleEpisode
INFO: EPISODE 12, STEP 0, Fixing error 27: An operation with void return type must have an upper bound of 1 not 85
apr. 11, 2020 2:17:34 P.M. hvl.projectparmorel.modelrepair.QModelFixer chooseAction
INFO: Choosing optimal action
apr. 11, 2020 2:17:34 P.M. hvl.projectparmorel.modelrepair.QModelFixer handleStep
INFO: Chose action setEType in context 0 with weight 100.00001907427932
apr. 11, 2020 2:17:34 P.M. hvl.projectparmorel.modelrepair.QModelFixer handleStep
INFO: Calculating new Q-value:
Old Q-value: 100.00001907427932
Alpha: 0.53

Reward: 100
100.00001907427932 + 0.53 * (100 - 100.00001907427932) = 100.00000896491129
apr. 11, 2020 2:17:34 P.M. hvl.projectparmorel.modelrepair.QModelFixer handleStep
INFO: Updated Q-table for error 27, context 0, action 591449609 setEType to new weight 100.00000896491129
apr. 11, 2020 2:17:34 P.M. hvl.projectparmorel.modelrepair.QModelFixer handleEpisode
INFO: EPISODE 12 TOTAL REWARD 100



apr. 11, 2020 2:17:34 P.M. hvl.projectparmorel.modelrepair.QModelFixer handleEpisode
INFO: EPISODE 13, STEP 0, Fixing error 27: An operation with void return type must have an upper bound of 1 not 85
apr. 11, 2020 2:17:34 P.M. hvl.projectparmorel.modelrepair.QModelFixer chooseAction
INFO: Choosing optimal action
apr. 11, 2020 2:17:34 P.M. hvl.projectparmorel.modelrepair.QModelFixer handleStep
INFO: Chose action setEType in context 0 with weight 100.00000896491129
apr. 11, 2020 2:17:34 P.M. hvl.projectparmorel.modelrepair.QModelFixer handleStep
INFO: Calculating new Q-value:
Old Q-value: 100.00000896491129
Alpha: 0.49083333333333334

Reward: 100
100.00000896491129 + 0.49083333333333334 * (100 - 100.00000896491129) = 100.000004564634
apr. 11, 2020 2:17:34 P.M. hvl.projectparmorel.modelrepair.QModelFixer handleStep
INFO: Updated Q-table for error 27, context 0, action 591449609 setEType to new weight 100.000004564634
apr. 11, 2020 2:17:34 P.M. hvl.projectparmorel.modelrepair.QModelFixer handleEpisode
INFO: EPISODE 13 TOTAL REWARD 100



apr. 11, 2020 2:17:34 P.M. hvl.projectparmorel.modelrepair.QModelFixer handleEpisode
INFO: EPISODE 14, STEP 0, Fixing error 27: An operation with void return type must have an upper bound of 1 not 85
apr. 11, 2020 2:17:34 P.M. hvl.projectparmorel.modelrepair.QModelFixer chooseAction
INFO: Choosing optimal action
apr. 11, 2020 2:17:34 P.M. hvl.projectparmorel.modelrepair.QModelFixer handleStep
INFO: Chose action setEType in context 0 with weight 100.000004564634
apr. 11, 2020 2:17:34 P.M. hvl.projectparmorel.modelrepair.QModelFixer handleStep
INFO: Calculating new Q-value:
Old Q-value: 100.000004564634
Alpha: 0.45166666666666666

Reward: 100
100.000004564634 + 0.45166666666666666 * (100 - 100.000004564634) = 100.00000250294097
apr. 11, 2020 2:17:34 P.M. hvl.projectparmorel.modelrepair.QModelFixer handleStep
INFO: Updated Q-table for error 27, context 0, action 591449609 setEType to new weight 100.00000250294097
apr. 11, 2020 2:17:34 P.M. hvl.projectparmorel.modelrepair.QModelFixer handleEpisode
INFO: EPISODE 14 TOTAL REWARD 100



apr. 11, 2020 2:17:34 P.M. hvl.projectparmorel.modelrepair.QModelFixer handleEpisode
INFO: EPISODE 15, STEP 0, Fixing error 27: An operation with void return type must have an upper bound of 1 not 85
apr. 11, 2020 2:17:34 P.M. hvl.projectparmorel.modelrepair.QModelFixer chooseAction
INFO: Choosing optimal action
apr. 11, 2020 2:17:34 P.M. hvl.projectparmorel.modelrepair.QModelFixer handleStep
INFO: Chose action setEType in context 0 with weight 100.00000250294097
apr. 11, 2020 2:17:34 P.M. hvl.projectparmorel.modelrepair.QModelFixer handleStep
INFO: Calculating new Q-value:
Old Q-value: 100.00000250294097
Alpha: 0.4125

Reward: 100
100.00000250294097 + 0.4125 * (100 - 100.00000250294097) = 100.00000147047783
apr. 11, 2020 2:17:34 P.M. hvl.projectparmorel.modelrepair.QModelFixer handleStep
INFO: Updated Q-table for error 27, context 0, action 591449609 setEType to new weight 100.00000147047783
apr. 11, 2020 2:17:34 P.M. hvl.projectparmorel.modelrepair.QModelFixer handleEpisode
INFO: EPISODE 15 TOTAL REWARD 100



apr. 11, 2020 2:17:34 P.M. hvl.projectparmorel.modelrepair.QModelFixer handleEpisode
INFO: EPISODE 16, STEP 0, Fixing error 27: An operation with void return type must have an upper bound of 1 not 85
apr. 11, 2020 2:17:34 P.M. hvl.projectparmorel.modelrepair.QModelFixer chooseAction
INFO: Choosing optimal action
apr. 11, 2020 2:17:34 P.M. hvl.projectparmorel.modelrepair.QModelFixer handleStep
INFO: Chose action setEType in context 0 with weight 100.00000147047783
apr. 11, 2020 2:17:34 P.M. hvl.projectparmorel.modelrepair.QModelFixer handleStep
INFO: Calculating new Q-value:
Old Q-value: 100.00000147047783
Alpha: 0.3733333333333334

Reward: 100
100.00000147047783 + 0.3733333333333334 * (100 - 100.00000147047783) = 100.00000092149943
apr. 11, 2020 2:17:34 P.M. hvl.projectparmorel.modelrepair.QModelFixer handleStep
INFO: Updated Q-table for error 27, context 0, action 591449609 setEType to new weight 100.00000092149943
apr. 11, 2020 2:17:34 P.M. hvl.projectparmorel.modelrepair.QModelFixer handleEpisode
INFO: EPISODE 16 TOTAL REWARD 100



apr. 11, 2020 2:17:34 P.M. hvl.projectparmorel.modelrepair.QModelFixer handleEpisode
INFO: EPISODE 17, STEP 0, Fixing error 27: An operation with void return type must have an upper bound of 1 not 85
apr. 11, 2020 2:17:34 P.M. hvl.projectparmorel.modelrepair.QModelFixer chooseAction
INFO: Choosing optimal action
apr. 11, 2020 2:17:34 P.M. hvl.projectparmorel.modelrepair.QModelFixer handleStep
INFO: Chose action setEType in context 0 with weight 100.00000092149943
apr. 11, 2020 2:17:34 P.M. hvl.projectparmorel.modelrepair.QModelFixer handleStep
INFO: Calculating new Q-value:
Old Q-value: 100.00000092149943
Alpha: 0.3341666666666667

Reward: 100
100.00000092149943 + 0.3341666666666667 * (100 - 100.00000092149943) = 100.00000061356504
apr. 11, 2020 2:17:34 P.M. hvl.projectparmorel.modelrepair.QModelFixer handleStep
INFO: Updated Q-table for error 27, context 0, action 591449609 setEType to new weight 100.00000061356504
apr. 11, 2020 2:17:34 P.M. hvl.projectparmorel.modelrepair.QModelFixer handleEpisode
INFO: EPISODE 17 TOTAL REWARD 100



apr. 11, 2020 2:17:34 P.M. hvl.projectparmorel.modelrepair.QModelFixer handleEpisode
INFO: EPISODE 18, STEP 0, Fixing error 27: An operation with void return type must have an upper bound of 1 not 85
apr. 11, 2020 2:17:34 P.M. hvl.projectparmorel.modelrepair.QModelFixer chooseAction
INFO: Choosing optimal action
apr. 11, 2020 2:17:34 P.M. hvl.projectparmorel.modelrepair.QModelFixer handleStep
INFO: Chose action setEType in context 0 with weight 100.00000061356504
apr. 11, 2020 2:17:34 P.M. hvl.projectparmorel.modelrepair.QModelFixer handleStep
INFO: Calculating new Q-value:
Old Q-value: 100.00000061356504
Alpha: 0.29500000000000004

Reward: 100
100.00000061356504 + 0.29500000000000004 * (100 - 100.00000061356504) = 100.00000043256335
apr. 11, 2020 2:17:34 P.M. hvl.projectparmorel.modelrepair.QModelFixer handleStep
INFO: Updated Q-table for error 27, context 0, action 591449609 setEType to new weight 100.00000043256335
apr. 11, 2020 2:17:34 P.M. hvl.projectparmorel.modelrepair.QModelFixer handleEpisode
INFO: EPISODE 18 TOTAL REWARD 100



apr. 11, 2020 2:17:34 P.M. hvl.projectparmorel.modelrepair.QModelFixer handleEpisode
INFO: EPISODE 19, STEP 0, Fixing error 27: An operation with void return type must have an upper bound of 1 not 85
apr. 11, 2020 2:17:34 P.M. hvl.projectparmorel.modelrepair.QModelFixer chooseAction
INFO: Choosing optimal action
apr. 11, 2020 2:17:34 P.M. hvl.projectparmorel.modelrepair.QModelFixer handleStep
INFO: Chose action setEType in context 0 with weight 100.00000043256335
apr. 11, 2020 2:17:34 P.M. hvl.projectparmorel.modelrepair.QModelFixer handleStep
INFO: Calculating new Q-value:
Old Q-value: 100.00000043256335
Alpha: 0.25583333333333336

Reward: 100
100.00000043256335 + 0.25583333333333336 * (100 - 100.00000043256335) = 100.00000032189924
apr. 11, 2020 2:17:34 P.M. hvl.projectparmorel.modelrepair.QModelFixer handleStep
INFO: Updated Q-table for error 27, context 0, action 591449609 setEType to new weight 100.00000032189924
apr. 11, 2020 2:17:34 P.M. hvl.projectparmorel.modelrepair.QModelFixer handleEpisode
INFO: EPISODE 19 TOTAL REWARD 100



apr. 11, 2020 2:17:34 P.M. hvl.projectparmorel.modelrepair.QModelFixer handleEpisode
INFO: EPISODE 20, STEP 0, Fixing error 27: An operation with void return type must have an upper bound of 1 not 85
apr. 11, 2020 2:17:34 P.M. hvl.projectparmorel.modelrepair.QModelFixer chooseAction
INFO: Choosing optimal action
apr. 11, 2020 2:17:34 P.M. hvl.projectparmorel.modelrepair.QModelFixer handleStep
INFO: Chose action setEType in context 0 with weight 100.00000032189924
apr. 11, 2020 2:17:34 P.M. hvl.projectparmorel.modelrepair.QModelFixer handleStep
INFO: Calculating new Q-value:
Old Q-value: 100.00000032189924
Alpha: 0.21666666666666679

Reward: 100
100.00000032189924 + 0.21666666666666679 * (100 - 100.00000032189924) = 100.00000025215441
apr. 11, 2020 2:17:34 P.M. hvl.projectparmorel.modelrepair.QModelFixer handleStep
INFO: Updated Q-table for error 27, context 0, action 591449609 setEType to new weight 100.00000025215441
apr. 11, 2020 2:17:34 P.M. hvl.projectparmorel.modelrepair.QModelFixer handleEpisode
INFO: EPISODE 20 TOTAL REWARD 100



apr. 11, 2020 2:17:34 P.M. hvl.projectparmorel.modelrepair.QModelFixer handleEpisode
INFO: EPISODE 21, STEP 0, Fixing error 27: An operation with void return type must have an upper bound of 1 not 85
apr. 11, 2020 2:17:34 P.M. hvl.projectparmorel.modelrepair.QModelFixer chooseAction
INFO: Choosing optimal action
apr. 11, 2020 2:17:34 P.M. hvl.projectparmorel.modelrepair.QModelFixer handleStep
INFO: Chose action setEType in context 0 with weight 100.00000025215441
apr. 11, 2020 2:17:34 P.M. hvl.projectparmorel.modelrepair.QModelFixer handleStep
INFO: Calculating new Q-value:
Old Q-value: 100.00000025215441
Alpha: 0.1775000000000001

Reward: 100
100.00000025215441 + 0.1775000000000001 * (100 - 100.00000025215441) = 100.000000207397
apr. 11, 2020 2:17:34 P.M. hvl.projectparmorel.modelrepair.QModelFixer handleStep
INFO: Updated Q-table for error 27, context 0, action 591449609 setEType to new weight 100.000000207397
apr. 11, 2020 2:17:34 P.M. hvl.projectparmorel.modelrepair.QModelFixer handleEpisode
INFO: EPISODE 21 TOTAL REWARD 100



apr. 11, 2020 2:17:34 P.M. hvl.projectparmorel.modelrepair.QModelFixer handleEpisode
INFO: EPISODE 22, STEP 0, Fixing error 27: An operation with void return type must have an upper bound of 1 not 85
apr. 11, 2020 2:17:34 P.M. hvl.projectparmorel.modelrepair.QModelFixer chooseAction
INFO: Choosing optimal action
apr. 11, 2020 2:17:34 P.M. hvl.projectparmorel.modelrepair.QModelFixer handleStep
INFO: Chose action setEType in context 0 with weight 100.000000207397
apr. 11, 2020 2:17:34 P.M. hvl.projectparmorel.modelrepair.QModelFixer handleStep
INFO: Calculating new Q-value:
Old Q-value: 100.000000207397
Alpha: 0.1383333333333333

Reward: 100
100.000000207397 + 0.1383333333333333 * (100 - 100.000000207397) = 100.00000017870708
apr. 11, 2020 2:17:34 P.M. hvl.projectparmorel.modelrepair.QModelFixer handleStep
INFO: Updated Q-table for error 27, context 0, action 591449609 setEType to new weight 100.00000017870708
apr. 11, 2020 2:17:34 P.M. hvl.projectparmorel.modelrepair.QModelFixer handleEpisode
INFO: EPISODE 22 TOTAL REWARD 100



apr. 11, 2020 2:17:34 P.M. hvl.projectparmorel.modelrepair.QModelFixer handleEpisode
INFO: EPISODE 23, STEP 0, Fixing error 27: An operation with void return type must have an upper bound of 1 not 85
apr. 11, 2020 2:17:34 P.M. hvl.projectparmorel.modelrepair.QModelFixer chooseAction
INFO: Choosing optimal action
apr. 11, 2020 2:17:34 P.M. hvl.projectparmorel.modelrepair.QModelFixer handleStep
INFO: Chose action setEType in context 0 with weight 100.00000017870708
apr. 11, 2020 2:17:34 P.M. hvl.projectparmorel.modelrepair.QModelFixer handleStep
INFO: Calculating new Q-value:
Old Q-value: 100.00000017870708
Alpha: 0.09916666666666674

Reward: 100
100.00000017870708 + 0.09916666666666674 * (100 - 100.00000017870708) = 100.0000001609853
apr. 11, 2020 2:17:34 P.M. hvl.projectparmorel.modelrepair.QModelFixer handleStep
INFO: Updated Q-table for error 27, context 0, action 591449609 setEType to new weight 100.0000001609853
apr. 11, 2020 2:17:34 P.M. hvl.projectparmorel.modelrepair.QModelFixer handleEpisode
INFO: EPISODE 23 TOTAL REWARD 100



apr. 11, 2020 2:17:34 P.M. hvl.projectparmorel.modelrepair.QModelFixer handleEpisode
INFO: EPISODE 24, STEP 0, Fixing error 27: An operation with void return type must have an upper bound of 1 not 85
apr. 11, 2020 2:17:34 P.M. hvl.projectparmorel.modelrepair.QModelFixer chooseAction
INFO: Choosing optimal action
apr. 11, 2020 2:17:34 P.M. hvl.projectparmorel.modelrepair.QModelFixer handleStep
INFO: Chose action setEType in context 0 with weight 100.0000001609853
apr. 11, 2020 2:17:34 P.M. hvl.projectparmorel.modelrepair.QModelFixer handleStep
INFO: Calculating new Q-value:
Old Q-value: 100.0000001609853
Alpha: 0.06000000000000005

Reward: 100
100.0000001609853 + 0.06000000000000005 * (100 - 100.0000001609853) = 100.00000015132618
apr. 11, 2020 2:17:34 P.M. hvl.projectparmorel.modelrepair.QModelFixer handleStep
INFO: Updated Q-table for error 27, context 0, action 591449609 setEType to new weight 100.00000015132618
apr. 11, 2020 2:17:34 P.M. hvl.projectparmorel.modelrepair.QModelFixer handleEpisode
INFO: EPISODE 24 TOTAL REWARD 100



apr. 11, 2020 2:17:34 P.M. hvl.projectparmorel.modelrepair.QModelFixer fixModel
INFO: Time repairing model: 546 ms
apr. 11, 2020 2:17:34 P.M. hvl.projectparmorel.modelrepair.QModelFixer fixModel
INFO: 
-----------------ALL SEQUENCES FOUND-------------------
SIZE: 3
DISCARDED SEQUENCES: 22
--------::::B E S T   S E Q U E N C E   I S::::---------
Sequence [id=0, seq=[ErrorAction [Error: 27 An operation with void return type must have an upper bound of 1 not 85, Action: setUpperBound, Error hierarchy: 0]
], weight=100.0]

 with 1 actions.
apr. 11, 2020 2:17:34 P.M. hvl.projectparmorel.knowledge.Knowledge save
INFO: Saving initialized
apr. 11, 2020 2:17:34 P.M. hvl.projectparmorel.knowledge.Knowledge save
INFO: document prepared
apr. 11, 2020 2:17:34 P.M. hvl.projectparmorel.knowledge.Knowledge save
INFO: Saving completed to /Users/Magnus/Skole/DAT300/EclipseWorkspace2/ParmorelRunnable/knowledge.xml
apr. 11, 2020 2:17:34 P.M. hvl.projectparmorel.ecore.EcoreSolution calculateDistanceFromOriginal
INFO: Calculating distance between b4.ecore and differentSelectionMethodsOriginalsparmorel_temp_solution_0_b4.ecore
apr. 11, 2020 2:17:34 P.M. hvl.projectparmorel.ecore.EcoreSolution calculateDistanceFromOriginal
WARNING: Could not calculate the distance between the models.
apr. 11, 2020 2:17:34 P.M. hvl.projectparmorel.ecore.EcoreSolution calculateDistanceFromOriginal
INFO: Calculating distance between b4.ecore and differentSelectionMethodsOriginalsparmorel_temp_solution_1_b4.ecore
apr. 11, 2020 2:17:34 P.M. hvl.projectparmorel.ecore.EcoreSolution calculateDistanceFromOriginal
WARNING: Could not calculate the distance between the models.
apr. 11, 2020 2:17:34 P.M. hvl.projectparmorel.ecore.EcoreSolution calculateDistanceFromOriginal
INFO: Calculating distance between b4.ecore and differentSelectionMethodsOriginalsparmorel_temp_solution_4_b4.ecore
apr. 11, 2020 2:17:34 P.M. hvl.projectparmorel.ecore.EcoreSolution calculateDistanceFromOriginal
WARNING: Could not calculate the distance between the models.
apr. 11, 2020 2:17:34 P.M. hvl.projectparmorel.knowledge.Knowledge save
INFO: Saving initialized
apr. 11, 2020 2:17:34 P.M. hvl.projectparmorel.knowledge.Knowledge save
INFO: document prepared
apr. 11, 2020 2:17:34 P.M. hvl.projectparmorel.knowledge.Knowledge save
INFO: Saving completed to /Users/Magnus/Skole/DAT300/EclipseWorkspace2/ParmorelRunnable/knowledge.xml
