apr. 17, 2020 9:05:58 A.M. hvl.projectparmorel.modelrepair.QModelFixer fixModel
INFO: Repairing IMS_Data_CLI.ecore
apr. 17, 2020 9:05:58 A.M. hvl.projectparmorel.modelrepair.QModelFixer fixModel
INFO: Running with preferences [PUNISH_DELETION]
apr. 17, 2020 9:05:58 A.M. hvl.projectparmorel.modelrepair.QModelFixer handleUnsupportedErrors
WARNING: The error code 1 for the error The required feature 'eAttributeType' of 'org.eclipse.emf.ecore.impl.EAttributeImpl@6976db88{file:/Users/Magnus/Skole/DAT300/EclipseWorkspace2/ParmorelRunnable/././differentSelectionMethodsOriginals/IMS_Data_CLI.ecore#//ThresholdCLI/value}' must be set is not supported.
apr. 17, 2020 9:05:58 A.M. hvl.projectparmorel.modelrepair.QModelFixer handleUnsupportedErrors
WARNING: The error code 1 for the error The required feature 'eAttributeType' of 'org.eclipse.emf.ecore.impl.EAttributeImpl@4374f5bb{file:/Users/Magnus/Skole/DAT300/EclipseWorkspace2/ParmorelRunnable/././differentSelectionMethodsOriginals/IMS_Data_CLI.ecore#//ThresholdCLI/machineId}' must be set is not supported.
apr. 17, 2020 9:05:58 A.M. hvl.projectparmorel.modelrepair.QModelFixer handleUnsupportedErrors
WARNING: The error code 1 for the error The required feature 'eAttributeType' of 'org.eclipse.emf.ecore.impl.EAttributeImpl@5d8ad5e0{file:/Users/Magnus/Skole/DAT300/EclipseWorkspace2/ParmorelRunnable/././differentSelectionMethodsOriginals/IMS_Data_CLI.ecore#//ThresholdCLI/type}' must be set is not supported.
apr. 17, 2020 9:05:58 A.M. hvl.projectparmorel.modelrepair.QModelFixer handleUnsupportedErrors
WARNING: The error code 1 for the error The required feature 'eAttributeType' of 'org.eclipse.emf.ecore.impl.EAttributeImpl@61633b57{file:/Users/Magnus/Skole/DAT300/EclipseWorkspace2/ParmorelRunnable/././differentSelectionMethodsOriginals/IMS_Data_CLI.ecore#//ThresholdCLI/handler}' must be set is not supported.
apr. 17, 2020 9:05:58 A.M. hvl.projectparmorel.modelrepair.QModelFixer handleUnsupportedErrors
WARNING: The error code 1 for the error The required feature 'eAttributeType' of 'org.eclipse.emf.ecore.impl.EAttributeImpl@5988e292{file:/Users/Magnus/Skole/DAT300/EclipseWorkspace2/ParmorelRunnable/././differentSelectionMethodsOriginals/IMS_Data_CLI.ecore#//SystemInfoCLI/memory}' must be set is not supported.
apr. 17, 2020 9:05:58 A.M. hvl.projectparmorel.modelrepair.QModelFixer handleUnsupportedErrors
WARNING: The error code 1 for the error The required feature 'eAttributeType' of 'org.eclipse.emf.ecore.impl.EAttributeImpl@344581b8{file:/Users/Magnus/Skole/DAT300/EclipseWorkspace2/ParmorelRunnable/././differentSelectionMethodsOriginals/IMS_Data_CLI.ecore#//SystemInfoCLI/diskSpace}' must be set is not supported.
apr. 17, 2020 9:05:58 A.M. hvl.projectparmorel.modelrepair.QModelFixer handleUnsupportedErrors
WARNING: The error code 1 for the error The required feature 'eAttributeType' of 'org.eclipse.emf.ecore.impl.EAttributeImpl@792c36c8{file:/Users/Magnus/Skole/DAT300/EclipseWorkspace2/ParmorelRunnable/././differentSelectionMethodsOriginals/IMS_Data_CLI.ecore#//SystemInfoCLI/machineId}' must be set is not supported.
apr. 17, 2020 9:05:58 A.M. hvl.projectparmorel.modelrepair.QModelFixer handleUnsupportedErrors
WARNING: The error code 1 for the error The required feature 'eAttributeType' of 'org.eclipse.emf.ecore.impl.EAttributeImpl@6979086f{file:/Users/Magnus/Skole/DAT300/EclipseWorkspace2/ParmorelRunnable/././differentSelectionMethodsOriginals/IMS_Data_CLI.ecore#//ProcessCLI/processName}' must be set is not supported.
apr. 17, 2020 9:05:58 A.M. hvl.projectparmorel.modelrepair.QModelFixer handleUnsupportedErrors
WARNING: The error code 1 for the error The required feature 'eAttributeType' of 'org.eclipse.emf.ecore.impl.EAttributeImpl@616d719c{file:/Users/Magnus/Skole/DAT300/EclipseWorkspace2/ParmorelRunnable/././differentSelectionMethodsOriginals/IMS_Data_CLI.ecore#//ProcessCLI/machineId}' must be set is not supported.
apr. 17, 2020 9:05:58 A.M. hvl.projectparmorel.modelrepair.QModelFixer fixModel
INFO: Initial number of errors in model: 18
Maximum number of steps per episode: 25
Errors to fix: [Error 40, message=The typed element must have a type
, Error 38, message=The default value literal '0' must be a valid literal of the attribute's type
, Error 40, message=The typed element must have a type
, Error 38, message=The default value literal '""' must be a valid literal of the attribute's type
, Error 40, message=The typed element must have a type
, Error 38, message=The default value literal '0' must be a valid literal of the attribute's type
, Error 40, message=The typed element must have a type
, Error 38, message=The default value literal '""' must be a valid literal of the attribute's type
, Error 40, message=The typed element must have a type
, Error 38, message=The default value literal '0' must be a valid literal of the attribute's type
, Error 40, message=The typed element must have a type
, Error 38, message=The default value literal '0' must be a valid literal of the attribute's type
, Error 40, message=The typed element must have a type
, Error 38, message=The default value literal '""' must be a valid literal of the attribute's type
, Error 40, message=The typed element must have a type
, Error 38, message=The default value literal '""' must be a valid literal of the attribute's type
, Error 40, message=The typed element must have a type
, Error 38, message=The default value literal '""' must be a valid literal of the attribute's type
]
apr. 17, 2020 9:05:58 A.M. hvl.projectparmorel.modelrepair.QModelFixer fixModel
INFO: Initializing Q-table for the errors.
apr. 17, 2020 9:05:58 A.M. hvl.projectparmorel.modelrepair.QModelFixer fixModel
INFO: Number of episodes: 25
apr. 17, 2020 9:05:58 A.M. hvl.projectparmorel.modelrepair.QModelFixer handleEpisode
INFO: EPISODE 0, STEP 0, Fixing error 40: The typed element must have a type
apr. 17, 2020 9:05:58 A.M. hvl.projectparmorel.modelrepair.QModelFixer chooseAction
INFO: Choosing random action.
apr. 17, 2020 9:05:58 A.M. hvl.projectparmorel.modelrepair.QModelFixer handleStep
INFO: Chose action setEType in context 0 with weight 873.4414203511544
apr. 17, 2020 9:05:58 A.M. hvl.projectparmorel.modelrepair.QModelFixer handleStep
INFO: Next error code: 38
apr. 17, 2020 9:05:58 A.M. hvl.projectparmorel.modelrepair.QModelFixer handleStep
INFO: Calculating new Q-value:
Old Q-value: 873.4414203511544
Alpha: 1.0
Gamma: 1.0
Reward: 100
Next optimal action Q-value: 700.0
873.4414203511544 + 1.0 * (100 + 1.0 * 700.0 - 873.4414203511544) = 800.0
apr. 17, 2020 9:05:58 A.M. hvl.projectparmorel.modelrepair.QModelFixer handleStep
INFO: Updated Q-table for error 40, context 0, action 591449609 setEType to new weight 800.0


apr. 17, 2020 9:05:58 A.M. hvl.projectparmorel.modelrepair.QModelFixer handleEpisode
INFO: EPISODE 0, STEP 1, Fixing error 38: The default value literal '0' must be a valid literal of the attribute's type
apr. 17, 2020 9:05:58 A.M. hvl.projectparmorel.modelrepair.QModelFixer chooseAction
INFO: Choosing optimal action
apr. 17, 2020 9:05:58 A.M. hvl.projectparmorel.modelrepair.QModelFixer handleStep
INFO: Chose action setEType in context 0 with weight 700.0
apr. 17, 2020 9:05:58 A.M. hvl.projectparmorel.modelrepair.QModelFixer handleStep
INFO: Calculating new Q-value:
Old Q-value: 700.0
Alpha: 1.0

Reward: 100
700.0 + 1.0 * (100 - 700.0) = 100.0
apr. 17, 2020 9:05:58 A.M. hvl.projectparmorel.modelrepair.QModelFixer handleStep
INFO: Updated Q-table for error 38, context 0, action 591449609 setEType to new weight 100.0
apr. 17, 2020 9:05:58 A.M. hvl.projectparmorel.modelrepair.QModelFixer handleEpisode
INFO: Solution added to possible solitons: [ErrorAction [Error: 40 The typed element must have a type, Action: setEType, Error hierarchy: 0]
, ErrorAction [Error: 38 The default value literal '0' must be a valid literal of the attribute's type, Action: setEType, Error hierarchy: 0]
]
apr. 17, 2020 9:05:58 A.M. hvl.projectparmorel.modelrepair.QModelFixer handleEpisode
INFO: EPISODE 0 TOTAL REWARD 200



apr. 17, 2020 9:05:58 A.M. hvl.projectparmorel.modelrepair.QModelFixer handleEpisode
INFO: EPISODE 1, STEP 0, Fixing error 40: The typed element must have a type
apr. 17, 2020 9:05:58 A.M. hvl.projectparmorel.modelrepair.QModelFixer chooseAction
INFO: Choosing optimal action
apr. 17, 2020 9:05:58 A.M. hvl.projectparmorel.modelrepair.QModelFixer handleStep
INFO: Chose action setEType in context 0 with weight 800.0
apr. 17, 2020 9:05:58 A.M. hvl.projectparmorel.modelrepair.QModelFixer handleStep
INFO: Next error code: 38
apr. 17, 2020 9:05:58 A.M. hvl.projectparmorel.modelrepair.QModelFixer handleStep
INFO: Calculating new Q-value:
Old Q-value: 800.0
Alpha: 0.9608333333333333
Gamma: 1.0
Reward: 100
Next optimal action Q-value: 100.52891540180427
800.0 + 0.9608333333333333 * (100 + 1.0 * 100.52891540180427 - 800.0) = 224.00819954856695
apr. 17, 2020 9:05:58 A.M. hvl.projectparmorel.modelrepair.QModelFixer handleStep
INFO: Updated Q-table for error 40, context 0, action 591449609 setEType to new weight 224.00819954856695


apr. 17, 2020 9:05:58 A.M. hvl.projectparmorel.modelrepair.QModelFixer handleEpisode
INFO: EPISODE 1, STEP 1, Fixing error 38: The default value literal '0' must be a valid literal of the attribute's type
apr. 17, 2020 9:05:58 A.M. hvl.projectparmorel.modelrepair.QModelFixer chooseAction
INFO: Choosing optimal action
apr. 17, 2020 9:05:58 A.M. hvl.projectparmorel.modelrepair.QModelFixer handleStep
INFO: Chose action setEType in context 0 with weight 100.52891540180427
apr. 17, 2020 9:05:58 A.M. hvl.projectparmorel.modelrepair.QModelFixer handleStep
INFO: Calculating new Q-value:
Old Q-value: 100.52891540180427
Alpha: 0.9608333333333333

Reward: 100
100.52891540180427 + 0.9608333333333333 * (100 - 100.52891540180427) = 100.02071585323733
apr. 17, 2020 9:05:58 A.M. hvl.projectparmorel.modelrepair.QModelFixer handleStep
INFO: Updated Q-table for error 38, context 0, action -591535257 setEType to new weight 100.02071585323733
apr. 17, 2020 9:05:58 A.M. hvl.projectparmorel.modelrepair.QModelFixer isUnique
INFO: Solution [ErrorAction [Error: 40 The typed element must have a type, Action: setEType, Error hierarchy: 0]
, ErrorAction [Error: 38 The default value literal '0' must be a valid literal of the attribute's type, Action: setEType, Error hierarchy: 0]
] already exists.
apr. 17, 2020 9:05:58 A.M. hvl.projectparmorel.modelrepair.QModelFixer handleEpisode
INFO: Solution discarded.
apr. 17, 2020 9:05:58 A.M. hvl.projectparmorel.modelrepair.QModelFixer handleEpisode
INFO: EPISODE 1 TOTAL REWARD 200



apr. 17, 2020 9:05:58 A.M. hvl.projectparmorel.modelrepair.QModelFixer handleEpisode
INFO: EPISODE 2, STEP 0, Fixing error 40: The typed element must have a type
apr. 17, 2020 9:05:58 A.M. hvl.projectparmorel.modelrepair.QModelFixer chooseAction
INFO: Choosing optimal action
apr. 17, 2020 9:05:58 A.M. hvl.projectparmorel.modelrepair.QModelFixer handleStep
INFO: Chose action setEType in context 0 with weight 224.00819954856695
apr. 17, 2020 9:05:58 A.M. hvl.projectparmorel.modelrepair.QModelFixer handleStep
INFO: Next error code: 38
apr. 17, 2020 9:05:58 A.M. hvl.projectparmorel.modelrepair.QModelFixer handleStep
INFO: Calculating new Q-value:
Old Q-value: 224.00819954856695
Alpha: 0.9216666666666666
Gamma: 1.0
Reward: 100
Next optimal action Q-value: 100.02071585323733
224.00819954856695 + 0.9216666666666666 * (100 + 1.0 * 100.02071585323733 - 224.00819954856695) = 201.8997354093715
apr. 17, 2020 9:05:58 A.M. hvl.projectparmorel.modelrepair.QModelFixer handleStep
INFO: Updated Q-table for error 40, context 0, action 591449609 setEType to new weight 201.8997354093715


apr. 17, 2020 9:05:58 A.M. hvl.projectparmorel.modelrepair.QModelFixer handleEpisode
INFO: EPISODE 2, STEP 1, Fixing error 38: The default value literal '0' must be a valid literal of the attribute's type
apr. 17, 2020 9:05:58 A.M. hvl.projectparmorel.modelrepair.QModelFixer chooseAction
INFO: Choosing optimal action
apr. 17, 2020 9:05:58 A.M. hvl.projectparmorel.modelrepair.QModelFixer handleStep
INFO: Chose action setEType in context 0 with weight 100.02071585323733
apr. 17, 2020 9:05:58 A.M. hvl.projectparmorel.modelrepair.QModelFixer handleStep
INFO: Calculating new Q-value:
Old Q-value: 100.02071585323733
Alpha: 0.9216666666666666

Reward: 100
100.02071585323733 + 0.9216666666666666 * (100 - 100.02071585323733) = 100.00162274183693
apr. 17, 2020 9:05:58 A.M. hvl.projectparmorel.modelrepair.QModelFixer handleStep
INFO: Updated Q-table for error 38, context 0, action -591535257 setEType to new weight 100.00162274183693
apr. 17, 2020 9:05:58 A.M. hvl.projectparmorel.modelrepair.QModelFixer isUnique
INFO: Solution [ErrorAction [Error: 40 The typed element must have a type, Action: setEType, Error hierarchy: 0]
, ErrorAction [Error: 38 The default value literal '0' must be a valid literal of the attribute's type, Action: setEType, Error hierarchy: 0]
] already exists.
apr. 17, 2020 9:05:58 A.M. hvl.projectparmorel.modelrepair.QModelFixer handleEpisode
INFO: Solution discarded.
apr. 17, 2020 9:05:58 A.M. hvl.projectparmorel.modelrepair.QModelFixer handleEpisode
INFO: EPISODE 2 TOTAL REWARD 200



apr. 17, 2020 9:05:58 A.M. hvl.projectparmorel.modelrepair.QModelFixer handleEpisode
INFO: EPISODE 3, STEP 0, Fixing error 40: The typed element must have a type
apr. 17, 2020 9:05:58 A.M. hvl.projectparmorel.modelrepair.QModelFixer chooseAction
INFO: Choosing random action.
apr. 17, 2020 9:05:58 A.M. hvl.projectparmorel.modelrepair.QModelFixer handleStep
INFO: Chose action delete in context 0 with weight -857.5545332103821
apr. 17, 2020 9:05:58 A.M. hvl.projectparmorel.modelrepair.QModelFixer handleStep
INFO: Next error code: 38
apr. 17, 2020 9:05:58 A.M. hvl.projectparmorel.modelrepair.QModelFixer handleStep
INFO: Calculating new Q-value:
Old Q-value: -857.5545332103821
Alpha: 0.8825000000000001
Gamma: 1.0
Reward: -1000
Next optimal action Q-value: 100.00162274183693
-857.5545332103821 + 0.8825000000000001 * (-1000 + 1.0 * 100.00162274183693 - -857.5545332103821) = -895.0112255825488
apr. 17, 2020 9:05:58 A.M. hvl.projectparmorel.modelrepair.QModelFixer handleStep
INFO: Updated Q-table for error 40, context 0, action 99999 delete to new weight -895.0112255825488


apr. 17, 2020 9:05:58 A.M. hvl.projectparmorel.modelrepair.QModelFixer handleEpisode
INFO: EPISODE 3, STEP 1, Fixing error 38: The default value literal '0' must be a valid literal of the attribute's type
apr. 17, 2020 9:05:58 A.M. hvl.projectparmorel.modelrepair.QModelFixer chooseAction
INFO: Choosing random action.
apr. 17, 2020 9:05:58 A.M. hvl.projectparmorel.modelrepair.QModelFixer handleStep
INFO: Chose action delete in context 0 with weight -557.3904192581875
apr. 17, 2020 9:05:59 A.M. hvl.projectparmorel.modelrepair.QModelFixer handleStep
INFO: Calculating new Q-value:
Old Q-value: -557.3904192581875
Alpha: 0.8825000000000001

Reward: -1000
-557.3904192581875 + 0.8825000000000001 * (-1000 - -557.3904192581875) = -947.993374262837
apr. 17, 2020 9:05:59 A.M. hvl.projectparmorel.modelrepair.QModelFixer handleStep
INFO: Updated Q-table for error 38, context 0, action 99999 delete to new weight -947.993374262837
apr. 17, 2020 9:05:59 A.M. hvl.projectparmorel.modelrepair.QModelFixer isUnique
INFO: Solution [ErrorAction [Error: 40 The typed element must have a type, Action: delete, Error hierarchy: 0]
, ErrorAction [Error: 38 The default value literal '0' must be a valid literal of the attribute's type, Action: delete, Error hierarchy: 0]
] already exists.
apr. 17, 2020 9:05:59 A.M. hvl.projectparmorel.modelrepair.QModelFixer handleEpisode
INFO: Solution discarded.
apr. 17, 2020 9:05:59 A.M. hvl.projectparmorel.modelrepair.QModelFixer handleEpisode
INFO: EPISODE 3 TOTAL REWARD -2000



apr. 17, 2020 9:05:59 A.M. hvl.projectparmorel.modelrepair.QModelFixer handleEpisode
INFO: EPISODE 4, STEP 0, Fixing error 40: The typed element must have a type
apr. 17, 2020 9:05:59 A.M. hvl.projectparmorel.modelrepair.QModelFixer chooseAction
INFO: Choosing random action.
apr. 17, 2020 9:05:59 A.M. hvl.projectparmorel.modelrepair.QModelFixer handleStep
INFO: Chose action delete in context 0 with weight -895.0112255825488
apr. 17, 2020 9:05:59 A.M. hvl.projectparmorel.modelrepair.QModelFixer handleStep
INFO: Next error code: 38
apr. 17, 2020 9:05:59 A.M. hvl.projectparmorel.modelrepair.QModelFixer handleStep
INFO: Calculating new Q-value:
Old Q-value: -895.0112255825488
Alpha: 0.8433333333333334
Gamma: 1.0
Reward: -1000
Next optimal action Q-value: 100.00162274183693
-895.0112255825488 + 0.8433333333333334 * (-1000 + 1.0 * 100.00162274183693 - -895.0112255825488) = -899.2170568289835
apr. 17, 2020 9:05:59 A.M. hvl.projectparmorel.modelrepair.QModelFixer handleStep
INFO: Updated Q-table for error 40, context 0, action 99999 delete to new weight -899.2170568289835


apr. 17, 2020 9:05:59 A.M. hvl.projectparmorel.modelrepair.QModelFixer handleEpisode
INFO: EPISODE 4, STEP 1, Fixing error 38: The default value literal '0' must be a valid literal of the attribute's type
apr. 17, 2020 9:05:59 A.M. hvl.projectparmorel.modelrepair.QModelFixer chooseAction
INFO: Choosing optimal action
apr. 17, 2020 9:05:59 A.M. hvl.projectparmorel.modelrepair.QModelFixer handleStep
INFO: Chose action setEType in context 0 with weight 100.00162274183693
apr. 17, 2020 9:05:59 A.M. hvl.projectparmorel.modelrepair.QModelFixer handleStep
INFO: Calculating new Q-value:
Old Q-value: 100.00162274183693
Alpha: 0.8433333333333334

Reward: 100
100.00162274183693 + 0.8433333333333334 * (100 - 100.00162274183693) = 100.00025422955446
apr. 17, 2020 9:05:59 A.M. hvl.projectparmorel.modelrepair.QModelFixer handleStep
INFO: Updated Q-table for error 38, context 0, action -591535257 setEType to new weight 100.00025422955446
apr. 17, 2020 9:05:59 A.M. hvl.projectparmorel.modelrepair.QModelFixer isUnique
INFO: Solution [ErrorAction [Error: 40 The typed element must have a type, Action: delete, Error hierarchy: 0]
, ErrorAction [Error: 38 The default value literal '0' must be a valid literal of the attribute's type, Action: setEType, Error hierarchy: 0]
] already exists.
apr. 17, 2020 9:05:59 A.M. hvl.projectparmorel.modelrepair.QModelFixer handleEpisode
INFO: Solution discarded.
apr. 17, 2020 9:05:59 A.M. hvl.projectparmorel.modelrepair.QModelFixer handleEpisode
INFO: EPISODE 4 TOTAL REWARD -900



apr. 17, 2020 9:05:59 A.M. hvl.projectparmorel.modelrepair.QModelFixer handleEpisode
INFO: EPISODE 5, STEP 0, Fixing error 40: The typed element must have a type
apr. 17, 2020 9:05:59 A.M. hvl.projectparmorel.modelrepair.QModelFixer chooseAction
INFO: Choosing random action.
apr. 17, 2020 9:05:59 A.M. hvl.projectparmorel.modelrepair.QModelFixer handleStep
INFO: Chose action setEType in context 0 with weight 201.8997354093715
apr. 17, 2020 9:05:59 A.M. hvl.projectparmorel.modelrepair.QModelFixer handleStep
INFO: Next error code: 38
apr. 17, 2020 9:05:59 A.M. hvl.projectparmorel.modelrepair.QModelFixer handleStep
INFO: Calculating new Q-value:
Old Q-value: 201.8997354093715
Alpha: 0.8041666666666667
Gamma: 1.0
Reward: 100
Next optimal action Q-value: 100.00025422955446
201.8997354093715 + 0.8041666666666667 * (100 + 1.0 * 100.00025422955446 - 201.8997354093715) = 200.37223596060196
apr. 17, 2020 9:05:59 A.M. hvl.projectparmorel.modelrepair.QModelFixer handleStep
INFO: Updated Q-table for error 40, context 0, action 591449609 setEType to new weight 200.37223596060196


apr. 17, 2020 9:05:59 A.M. hvl.projectparmorel.modelrepair.QModelFixer handleEpisode
INFO: EPISODE 5, STEP 1, Fixing error 38: The default value literal '0' must be a valid literal of the attribute's type
apr. 17, 2020 9:05:59 A.M. hvl.projectparmorel.modelrepair.QModelFixer chooseAction
INFO: Choosing random action.
apr. 17, 2020 9:05:59 A.M. hvl.projectparmorel.modelrepair.QModelFixer handleStep
INFO: Chose action setEType in context 0 with weight 100.00025422955446
apr. 17, 2020 9:05:59 A.M. hvl.projectparmorel.modelrepair.QModelFixer handleStep
INFO: Calculating new Q-value:
Old Q-value: 100.00025422955446
Alpha: 0.8041666666666667

Reward: 100
100.00025422955446 + 0.8041666666666667 * (100 - 100.00025422955446) = 100.00004978662108
apr. 17, 2020 9:05:59 A.M. hvl.projectparmorel.modelrepair.QModelFixer handleStep
INFO: Updated Q-table for error 38, context 0, action -591535257 setEType to new weight 100.00004978662108
apr. 17, 2020 9:05:59 A.M. hvl.projectparmorel.modelrepair.QModelFixer isUnique
INFO: Solution [ErrorAction [Error: 40 The typed element must have a type, Action: setEType, Error hierarchy: 0]
, ErrorAction [Error: 38 The default value literal '0' must be a valid literal of the attribute's type, Action: setEType, Error hierarchy: 0]
] already exists.
apr. 17, 2020 9:05:59 A.M. hvl.projectparmorel.modelrepair.QModelFixer handleEpisode
INFO: Solution discarded.
apr. 17, 2020 9:05:59 A.M. hvl.projectparmorel.modelrepair.QModelFixer handleEpisode
INFO: EPISODE 5 TOTAL REWARD 200



apr. 17, 2020 9:05:59 A.M. hvl.projectparmorel.modelrepair.QModelFixer handleEpisode
INFO: EPISODE 6, STEP 0, Fixing error 40: The typed element must have a type
apr. 17, 2020 9:05:59 A.M. hvl.projectparmorel.modelrepair.QModelFixer chooseAction
INFO: Choosing random action.
apr. 17, 2020 9:05:59 A.M. hvl.projectparmorel.modelrepair.QModelFixer handleStep
INFO: Chose action delete in context 0 with weight -899.2170568289835
apr. 17, 2020 9:05:59 A.M. hvl.projectparmorel.modelrepair.QModelFixer handleStep
INFO: Next error code: 38
apr. 17, 2020 9:05:59 A.M. hvl.projectparmorel.modelrepair.QModelFixer handleStep
INFO: Calculating new Q-value:
Old Q-value: -899.2170568289835
Alpha: 0.765
Gamma: 1.0
Reward: -1000
Next optimal action Q-value: 100.00004978662108
-899.2170568289835 + 0.765 * (-1000 + 1.0 * 100.00004978662108 - -899.2170568289835) = -899.815970268046
apr. 17, 2020 9:05:59 A.M. hvl.projectparmorel.modelrepair.QModelFixer handleStep
INFO: Updated Q-table for error 40, context 0, action 99999 delete to new weight -899.815970268046


apr. 17, 2020 9:05:59 A.M. hvl.projectparmorel.modelrepair.QModelFixer handleEpisode
INFO: EPISODE 6, STEP 1, Fixing error 38: The default value literal '0' must be a valid literal of the attribute's type
apr. 17, 2020 9:05:59 A.M. hvl.projectparmorel.modelrepair.QModelFixer chooseAction
INFO: Choosing random action.
apr. 17, 2020 9:05:59 A.M. hvl.projectparmorel.modelrepair.QModelFixer handleStep
INFO: Chose action setEType in context 0 with weight 100.00004978662108
apr. 17, 2020 9:05:59 A.M. hvl.projectparmorel.modelrepair.QModelFixer handleStep
INFO: Calculating new Q-value:
Old Q-value: 100.00004978662108
Alpha: 0.765

Reward: 100
100.00004978662108 + 0.765 * (100 - 100.00004978662108) = 100.00001169985595
apr. 17, 2020 9:05:59 A.M. hvl.projectparmorel.modelrepair.QModelFixer handleStep
INFO: Updated Q-table for error 38, context 0, action -591535257 setEType to new weight 100.00001169985595
apr. 17, 2020 9:05:59 A.M. hvl.projectparmorel.modelrepair.QModelFixer isUnique
INFO: Solution [ErrorAction [Error: 40 The typed element must have a type, Action: delete, Error hierarchy: 0]
, ErrorAction [Error: 38 The default value literal '0' must be a valid literal of the attribute's type, Action: setEType, Error hierarchy: 0]
] already exists.
apr. 17, 2020 9:05:59 A.M. hvl.projectparmorel.modelrepair.QModelFixer handleEpisode
INFO: Solution discarded.
apr. 17, 2020 9:05:59 A.M. hvl.projectparmorel.modelrepair.QModelFixer handleEpisode
INFO: EPISODE 6 TOTAL REWARD -900



apr. 17, 2020 9:05:59 A.M. hvl.projectparmorel.modelrepair.QModelFixer handleEpisode
INFO: EPISODE 7, STEP 0, Fixing error 40: The typed element must have a type
apr. 17, 2020 9:05:59 A.M. hvl.projectparmorel.modelrepair.QModelFixer chooseAction
INFO: Choosing optimal action
apr. 17, 2020 9:05:59 A.M. hvl.projectparmorel.modelrepair.QModelFixer handleStep
INFO: Chose action setEType in context 0 with weight 200.37223596060196
apr. 17, 2020 9:05:59 A.M. hvl.projectparmorel.modelrepair.QModelFixer handleStep
INFO: Next error code: 38
apr. 17, 2020 9:05:59 A.M. hvl.projectparmorel.modelrepair.QModelFixer handleStep
INFO: Calculating new Q-value:
Old Q-value: 200.37223596060196
Alpha: 0.7258333333333333
Gamma: 1.0
Reward: 100
Next optimal action Q-value: 100.00001169985595
200.37223596060196 + 0.7258333333333333 * (100 + 1.0 * 100.00001169985595 - 200.37223596060196) = 200.10206318467715
apr. 17, 2020 9:05:59 A.M. hvl.projectparmorel.modelrepair.QModelFixer handleStep
INFO: Updated Q-table for error 40, context 0, action 591449609 setEType to new weight 200.10206318467715


apr. 17, 2020 9:05:59 A.M. hvl.projectparmorel.modelrepair.QModelFixer handleEpisode
INFO: EPISODE 7, STEP 1, Fixing error 38: The default value literal '0' must be a valid literal of the attribute's type
apr. 17, 2020 9:05:59 A.M. hvl.projectparmorel.modelrepair.QModelFixer chooseAction
INFO: Choosing optimal action
apr. 17, 2020 9:05:59 A.M. hvl.projectparmorel.modelrepair.QModelFixer handleStep
INFO: Chose action setEType in context 0 with weight 100.00001169985595
apr. 17, 2020 9:05:59 A.M. hvl.projectparmorel.modelrepair.QModelFixer handleStep
INFO: Calculating new Q-value:
Old Q-value: 100.00001169985595
Alpha: 0.7258333333333333

Reward: 100
100.00001169985595 + 0.7258333333333333 * (100 - 100.00001169985595) = 100.0000032077105
apr. 17, 2020 9:05:59 A.M. hvl.projectparmorel.modelrepair.QModelFixer handleStep
INFO: Updated Q-table for error 38, context 0, action -591535257 setEType to new weight 100.0000032077105
apr. 17, 2020 9:05:59 A.M. hvl.projectparmorel.modelrepair.QModelFixer isUnique
INFO: Solution [ErrorAction [Error: 40 The typed element must have a type, Action: setEType, Error hierarchy: 0]
, ErrorAction [Error: 38 The default value literal '0' must be a valid literal of the attribute's type, Action: setEType, Error hierarchy: 0]
] already exists.
apr. 17, 2020 9:05:59 A.M. hvl.projectparmorel.modelrepair.QModelFixer handleEpisode
INFO: Solution discarded.
apr. 17, 2020 9:05:59 A.M. hvl.projectparmorel.modelrepair.QModelFixer handleEpisode
INFO: EPISODE 7 TOTAL REWARD 200



apr. 17, 2020 9:05:59 A.M. hvl.projectparmorel.modelrepair.QModelFixer handleEpisode
INFO: EPISODE 8, STEP 0, Fixing error 40: The typed element must have a type
apr. 17, 2020 9:05:59 A.M. hvl.projectparmorel.modelrepair.QModelFixer chooseAction
INFO: Choosing optimal action
apr. 17, 2020 9:05:59 A.M. hvl.projectparmorel.modelrepair.QModelFixer handleStep
INFO: Chose action setEType in context 0 with weight 200.10206318467715
apr. 17, 2020 9:05:59 A.M. hvl.projectparmorel.modelrepair.QModelFixer handleStep
INFO: Next error code: 38
apr. 17, 2020 9:05:59 A.M. hvl.projectparmorel.modelrepair.QModelFixer handleStep
INFO: Calculating new Q-value:
Old Q-value: 200.10206318467715
Alpha: 0.6866666666666668
Gamma: 1.0
Reward: 100
Next optimal action Q-value: 100.0000032077105
200.10206318467715 + 0.6866666666666668 * (100 + 1.0 * 100.0000032077105 - 200.10206318467715) = 200.0319820004934
apr. 17, 2020 9:05:59 A.M. hvl.projectparmorel.modelrepair.QModelFixer handleStep
INFO: Updated Q-table for error 40, context 0, action 591449609 setEType to new weight 200.0319820004934


apr. 17, 2020 9:05:59 A.M. hvl.projectparmorel.modelrepair.QModelFixer handleEpisode
INFO: EPISODE 8, STEP 1, Fixing error 38: The default value literal '0' must be a valid literal of the attribute's type
apr. 17, 2020 9:05:59 A.M. hvl.projectparmorel.modelrepair.QModelFixer chooseAction
INFO: Choosing optimal action
apr. 17, 2020 9:05:59 A.M. hvl.projectparmorel.modelrepair.QModelFixer handleStep
INFO: Chose action setEType in context 0 with weight 100.0000032077105
apr. 17, 2020 9:05:59 A.M. hvl.projectparmorel.modelrepair.QModelFixer handleStep
INFO: Calculating new Q-value:
Old Q-value: 100.0000032077105
Alpha: 0.6866666666666668

Reward: 100
100.0000032077105 + 0.6866666666666668 * (100 - 100.0000032077105) = 100.00000100508262
apr. 17, 2020 9:05:59 A.M. hvl.projectparmorel.modelrepair.QModelFixer handleStep
INFO: Updated Q-table for error 38, context 0, action -591535257 setEType to new weight 100.00000100508262
apr. 17, 2020 9:05:59 A.M. hvl.projectparmorel.modelrepair.QModelFixer isUnique
INFO: Solution [ErrorAction [Error: 40 The typed element must have a type, Action: setEType, Error hierarchy: 0]
, ErrorAction [Error: 38 The default value literal '0' must be a valid literal of the attribute's type, Action: setEType, Error hierarchy: 0]
] already exists.
apr. 17, 2020 9:05:59 A.M. hvl.projectparmorel.modelrepair.QModelFixer handleEpisode
INFO: Solution discarded.
apr. 17, 2020 9:05:59 A.M. hvl.projectparmorel.modelrepair.QModelFixer handleEpisode
INFO: EPISODE 8 TOTAL REWARD 200



apr. 17, 2020 9:05:59 A.M. hvl.projectparmorel.modelrepair.QModelFixer handleEpisode
INFO: EPISODE 9, STEP 0, Fixing error 40: The typed element must have a type
apr. 17, 2020 9:05:59 A.M. hvl.projectparmorel.modelrepair.QModelFixer chooseAction
INFO: Choosing optimal action
apr. 17, 2020 9:05:59 A.M. hvl.projectparmorel.modelrepair.QModelFixer handleStep
INFO: Chose action setEType in context 0 with weight 200.0319820004934
apr. 17, 2020 9:05:59 A.M. hvl.projectparmorel.modelrepair.QModelFixer handleStep
INFO: Next error code: 38
apr. 17, 2020 9:05:59 A.M. hvl.projectparmorel.modelrepair.QModelFixer handleStep
INFO: Calculating new Q-value:
Old Q-value: 200.0319820004934
Alpha: 0.6475
Gamma: 1.0
Reward: 100
Next optimal action Q-value: 100.00000100508262
200.0319820004934 + 0.6475 * (100 + 1.0 * 100.00000100508262 - 200.0319820004934) = 200.01127430596492
apr. 17, 2020 9:05:59 A.M. hvl.projectparmorel.modelrepair.QModelFixer handleStep
INFO: Updated Q-table for error 40, context 0, action 591449609 setEType to new weight 200.01127430596492


apr. 17, 2020 9:05:59 A.M. hvl.projectparmorel.modelrepair.QModelFixer handleEpisode
INFO: EPISODE 9, STEP 1, Fixing error 38: The default value literal '0' must be a valid literal of the attribute's type
apr. 17, 2020 9:05:59 A.M. hvl.projectparmorel.modelrepair.QModelFixer chooseAction
INFO: Choosing optimal action
apr. 17, 2020 9:05:59 A.M. hvl.projectparmorel.modelrepair.QModelFixer handleStep
INFO: Chose action setEType in context 0 with weight 100.00000100508262
apr. 17, 2020 9:05:59 A.M. hvl.projectparmorel.modelrepair.QModelFixer handleStep
INFO: Calculating new Q-value:
Old Q-value: 100.00000100508262
Alpha: 0.6475

Reward: 100
100.00000100508262 + 0.6475 * (100 - 100.00000100508262) = 100.00000035429163
apr. 17, 2020 9:05:59 A.M. hvl.projectparmorel.modelrepair.QModelFixer handleStep
INFO: Updated Q-table for error 38, context 0, action -591535257 setEType to new weight 100.00000035429163
apr. 17, 2020 9:05:59 A.M. hvl.projectparmorel.modelrepair.QModelFixer isUnique
INFO: Solution [ErrorAction [Error: 40 The typed element must have a type, Action: setEType, Error hierarchy: 0]
, ErrorAction [Error: 38 The default value literal '0' must be a valid literal of the attribute's type, Action: setEType, Error hierarchy: 0]
] already exists.
apr. 17, 2020 9:05:59 A.M. hvl.projectparmorel.modelrepair.QModelFixer handleEpisode
INFO: Solution discarded.
apr. 17, 2020 9:05:59 A.M. hvl.projectparmorel.modelrepair.QModelFixer handleEpisode
INFO: EPISODE 9 TOTAL REWARD 200



apr. 17, 2020 9:05:59 A.M. hvl.projectparmorel.modelrepair.QModelFixer handleEpisode
INFO: EPISODE 10, STEP 0, Fixing error 40: The typed element must have a type
apr. 17, 2020 9:05:59 A.M. hvl.projectparmorel.modelrepair.QModelFixer chooseAction
INFO: Choosing optimal action
apr. 17, 2020 9:05:59 A.M. hvl.projectparmorel.modelrepair.QModelFixer handleStep
INFO: Chose action setEType in context 0 with weight 200.01127430596492
apr. 17, 2020 9:05:59 A.M. hvl.projectparmorel.modelrepair.QModelFixer handleStep
INFO: Next error code: 38
apr. 17, 2020 9:05:59 A.M. hvl.projectparmorel.modelrepair.QModelFixer handleStep
INFO: Calculating new Q-value:
Old Q-value: 200.01127430596492
Alpha: 0.6083333333333334
Gamma: 1.0
Reward: 100
Next optimal action Q-value: 100.00000035429163
200.01127430596492 + 0.6083333333333334 * (100 + 1.0 * 100.00000035429163 - 200.01127430596492) = 200.00441598536366
apr. 17, 2020 9:05:59 A.M. hvl.projectparmorel.modelrepair.QModelFixer handleStep
INFO: Updated Q-table for error 40, context 0, action 591449609 setEType to new weight 200.00441598536366


apr. 17, 2020 9:05:59 A.M. hvl.projectparmorel.modelrepair.QModelFixer handleEpisode
INFO: EPISODE 10, STEP 1, Fixing error 38: The default value literal '0' must be a valid literal of the attribute's type
apr. 17, 2020 9:05:59 A.M. hvl.projectparmorel.modelrepair.QModelFixer chooseAction
INFO: Choosing optimal action
apr. 17, 2020 9:05:59 A.M. hvl.projectparmorel.modelrepair.QModelFixer handleStep
INFO: Chose action setEType in context 0 with weight 100.00000035429163
apr. 17, 2020 9:05:59 A.M. hvl.projectparmorel.modelrepair.QModelFixer handleStep
INFO: Calculating new Q-value:
Old Q-value: 100.00000035429163
Alpha: 0.6083333333333334

Reward: 100
100.00000035429163 + 0.6083333333333334 * (100 - 100.00000035429163) = 100.00000013876422
apr. 17, 2020 9:05:59 A.M. hvl.projectparmorel.modelrepair.QModelFixer handleStep
INFO: Updated Q-table for error 38, context 0, action -591535257 setEType to new weight 100.00000013876422
apr. 17, 2020 9:05:59 A.M. hvl.projectparmorel.modelrepair.QModelFixer isUnique
INFO: Solution [ErrorAction [Error: 40 The typed element must have a type, Action: setEType, Error hierarchy: 0]
, ErrorAction [Error: 38 The default value literal '0' must be a valid literal of the attribute's type, Action: setEType, Error hierarchy: 0]
] already exists.
apr. 17, 2020 9:05:59 A.M. hvl.projectparmorel.modelrepair.QModelFixer handleEpisode
INFO: Solution discarded.
apr. 17, 2020 9:05:59 A.M. hvl.projectparmorel.modelrepair.QModelFixer handleEpisode
INFO: EPISODE 10 TOTAL REWARD 200



apr. 17, 2020 9:05:59 A.M. hvl.projectparmorel.modelrepair.QModelFixer handleEpisode
INFO: EPISODE 11, STEP 0, Fixing error 40: The typed element must have a type
apr. 17, 2020 9:05:59 A.M. hvl.projectparmorel.modelrepair.QModelFixer chooseAction
INFO: Choosing optimal action
apr. 17, 2020 9:05:59 A.M. hvl.projectparmorel.modelrepair.QModelFixer handleStep
INFO: Chose action setEType in context 0 with weight 200.00441598536366
apr. 17, 2020 9:05:59 A.M. hvl.projectparmorel.modelrepair.QModelFixer handleStep
INFO: Next error code: 38
apr. 17, 2020 9:05:59 A.M. hvl.projectparmorel.modelrepair.QModelFixer handleStep
INFO: Calculating new Q-value:
Old Q-value: 200.00441598536366
Alpha: 0.5691666666666666
Gamma: 1.0
Reward: 100
Next optimal action Q-value: 100.00000013876422
200.00441598536366 + 0.5691666666666666 * (100 + 1.0 * 100.00000013876422 - 200.00441598536366) = 200.00190263267416
apr. 17, 2020 9:05:59 A.M. hvl.projectparmorel.modelrepair.QModelFixer handleStep
INFO: Updated Q-table for error 40, context 0, action 591449609 setEType to new weight 200.00190263267416


apr. 17, 2020 9:05:59 A.M. hvl.projectparmorel.modelrepair.QModelFixer handleEpisode
INFO: EPISODE 11, STEP 1, Fixing error 38: The default value literal '0' must be a valid literal of the attribute's type
apr. 17, 2020 9:05:59 A.M. hvl.projectparmorel.modelrepair.QModelFixer chooseAction
INFO: Choosing optimal action
apr. 17, 2020 9:05:59 A.M. hvl.projectparmorel.modelrepair.QModelFixer handleStep
INFO: Chose action setEType in context 0 with weight 100.00000013876422
apr. 17, 2020 9:05:59 A.M. hvl.projectparmorel.modelrepair.QModelFixer handleStep
INFO: Calculating new Q-value:
Old Q-value: 100.00000013876422
Alpha: 0.5691666666666666

Reward: 100
100.00000013876422 + 0.5691666666666666 * (100 - 100.00000013876422) = 100.00000005978426
apr. 17, 2020 9:05:59 A.M. hvl.projectparmorel.modelrepair.QModelFixer handleStep
INFO: Updated Q-table for error 38, context 0, action -591535257 setEType to new weight 100.00000005978426
apr. 17, 2020 9:05:59 A.M. hvl.projectparmorel.modelrepair.QModelFixer isUnique
INFO: Solution [ErrorAction [Error: 40 The typed element must have a type, Action: setEType, Error hierarchy: 0]
, ErrorAction [Error: 38 The default value literal '0' must be a valid literal of the attribute's type, Action: setEType, Error hierarchy: 0]
] already exists.
apr. 17, 2020 9:05:59 A.M. hvl.projectparmorel.modelrepair.QModelFixer handleEpisode
INFO: Solution discarded.
apr. 17, 2020 9:05:59 A.M. hvl.projectparmorel.modelrepair.QModelFixer handleEpisode
INFO: EPISODE 11 TOTAL REWARD 200



apr. 17, 2020 9:05:59 A.M. hvl.projectparmorel.modelrepair.QModelFixer handleEpisode
INFO: EPISODE 12, STEP 0, Fixing error 40: The typed element must have a type
apr. 17, 2020 9:05:59 A.M. hvl.projectparmorel.modelrepair.QModelFixer chooseAction
INFO: Choosing optimal action
apr. 17, 2020 9:05:59 A.M. hvl.projectparmorel.modelrepair.QModelFixer handleStep
INFO: Chose action setEType in context 0 with weight 200.00190263267416
apr. 17, 2020 9:05:59 A.M. hvl.projectparmorel.modelrepair.QModelFixer handleStep
INFO: Next error code: 38
apr. 17, 2020 9:05:59 A.M. hvl.projectparmorel.modelrepair.QModelFixer handleStep
INFO: Calculating new Q-value:
Old Q-value: 200.00190263267416
Alpha: 0.53
Gamma: 1.0
Reward: 100
Next optimal action Q-value: 100.00000005978426
200.00190263267416 + 0.53 * (100 + 1.0 * 100.00000005978426 - 200.00190263267416) = 200.0008942690425
apr. 17, 2020 9:05:59 A.M. hvl.projectparmorel.modelrepair.QModelFixer handleStep
INFO: Updated Q-table for error 40, context 0, action 591449609 setEType to new weight 200.0008942690425


apr. 17, 2020 9:05:59 A.M. hvl.projectparmorel.modelrepair.QModelFixer handleEpisode
INFO: EPISODE 12, STEP 1, Fixing error 38: The default value literal '0' must be a valid literal of the attribute's type
apr. 17, 2020 9:05:59 A.M. hvl.projectparmorel.modelrepair.QModelFixer chooseAction
INFO: Choosing random action.
apr. 17, 2020 9:05:59 A.M. hvl.projectparmorel.modelrepair.QModelFixer handleStep
INFO: Chose action setEType in context 0 with weight 100.0
apr. 17, 2020 9:05:59 A.M. hvl.projectparmorel.modelrepair.QModelFixer handleStep
INFO: Calculating new Q-value:
Old Q-value: 100.0
Alpha: 0.53

Reward: 100
100.0 + 0.53 * (100 - 100.0) = 100.0
apr. 17, 2020 9:05:59 A.M. hvl.projectparmorel.modelrepair.QModelFixer handleStep
INFO: Updated Q-table for error 38, context 0, action 591449609 setEType to new weight 100.0
apr. 17, 2020 9:05:59 A.M. hvl.projectparmorel.modelrepair.QModelFixer handleEpisode
INFO: Solution added to possible solitons: [ErrorAction [Error: 40 The typed element must have a type, Action: setEType, Error hierarchy: 0]
, ErrorAction [Error: 38 The default value literal '0' must be a valid literal of the attribute's type, Action: setEType, Error hierarchy: 0]
]
apr. 17, 2020 9:05:59 A.M. hvl.projectparmorel.modelrepair.QModelFixer handleEpisode
INFO: EPISODE 12 TOTAL REWARD 200



apr. 17, 2020 9:05:59 A.M. hvl.projectparmorel.modelrepair.QModelFixer handleEpisode
INFO: EPISODE 13, STEP 0, Fixing error 40: The typed element must have a type
apr. 17, 2020 9:05:59 A.M. hvl.projectparmorel.modelrepair.QModelFixer chooseAction
INFO: Choosing optimal action
apr. 17, 2020 9:05:59 A.M. hvl.projectparmorel.modelrepair.QModelFixer handleStep
INFO: Chose action setEType in context 0 with weight 200.0008942690425
apr. 17, 2020 9:05:59 A.M. hvl.projectparmorel.modelrepair.QModelFixer handleStep
INFO: Next error code: 38
apr. 17, 2020 9:05:59 A.M. hvl.projectparmorel.modelrepair.QModelFixer handleStep
INFO: Calculating new Q-value:
Old Q-value: 200.0008942690425
Alpha: 0.49083333333333334
Gamma: 1.0
Reward: 100
Next optimal action Q-value: 100.00000005978426
200.0008942690425 + 0.49083333333333334 * (100 + 1.0 * 100.00000005978426 - 200.0008942690425) = 200.00045536133157
apr. 17, 2020 9:05:59 A.M. hvl.projectparmorel.modelrepair.QModelFixer handleStep
INFO: Updated Q-table for error 40, context 0, action 591449609 setEType to new weight 200.00045536133157


apr. 17, 2020 9:05:59 A.M. hvl.projectparmorel.modelrepair.QModelFixer handleEpisode
INFO: EPISODE 13, STEP 1, Fixing error 38: The default value literal '0' must be a valid literal of the attribute's type
apr. 17, 2020 9:05:59 A.M. hvl.projectparmorel.modelrepair.QModelFixer chooseAction
INFO: Choosing optimal action
apr. 17, 2020 9:05:59 A.M. hvl.projectparmorel.modelrepair.QModelFixer handleStep
INFO: Chose action setEType in context 0 with weight 100.00000005978426
apr. 17, 2020 9:05:59 A.M. hvl.projectparmorel.modelrepair.QModelFixer handleStep
INFO: Calculating new Q-value:
Old Q-value: 100.00000005978426
Alpha: 0.49083333333333334

Reward: 100
100.00000005978426 + 0.49083333333333334 * (100 - 100.00000005978426) = 100.00000003044015
apr. 17, 2020 9:05:59 A.M. hvl.projectparmorel.modelrepair.QModelFixer handleStep
INFO: Updated Q-table for error 38, context 0, action -591535257 setEType to new weight 100.00000003044015
apr. 17, 2020 9:05:59 A.M. hvl.projectparmorel.modelrepair.QModelFixer isUnique
INFO: Solution [ErrorAction [Error: 40 The typed element must have a type, Action: setEType, Error hierarchy: 0]
, ErrorAction [Error: 38 The default value literal '0' must be a valid literal of the attribute's type, Action: setEType, Error hierarchy: 0]
] already exists.
apr. 17, 2020 9:05:59 A.M. hvl.projectparmorel.modelrepair.QModelFixer handleEpisode
INFO: Solution discarded.
apr. 17, 2020 9:05:59 A.M. hvl.projectparmorel.modelrepair.QModelFixer handleEpisode
INFO: EPISODE 13 TOTAL REWARD 200



apr. 17, 2020 9:05:59 A.M. hvl.projectparmorel.modelrepair.QModelFixer handleEpisode
INFO: EPISODE 14, STEP 0, Fixing error 40: The typed element must have a type
apr. 17, 2020 9:05:59 A.M. hvl.projectparmorel.modelrepair.QModelFixer chooseAction
INFO: Choosing optimal action
apr. 17, 2020 9:05:59 A.M. hvl.projectparmorel.modelrepair.QModelFixer handleStep
INFO: Chose action setEType in context 0 with weight 200.00045536133157
apr. 17, 2020 9:05:59 A.M. hvl.projectparmorel.modelrepair.QModelFixer handleStep
INFO: Next error code: 38
apr. 17, 2020 9:05:59 A.M. hvl.projectparmorel.modelrepair.QModelFixer handleStep
INFO: Calculating new Q-value:
Old Q-value: 200.00045536133157
Alpha: 0.45166666666666666
Gamma: 1.0
Reward: 100
Next optimal action Q-value: 100.00000003044015
200.00045536133157 + 0.45166666666666666 * (100 + 1.0 * 100.00000003044015 - 200.00045536133157) = 200.00024970354562
apr. 17, 2020 9:05:59 A.M. hvl.projectparmorel.modelrepair.QModelFixer handleStep
INFO: Updated Q-table for error 40, context 0, action 591449609 setEType to new weight 200.00024970354562


apr. 17, 2020 9:05:59 A.M. hvl.projectparmorel.modelrepair.QModelFixer handleEpisode
INFO: EPISODE 14, STEP 1, Fixing error 38: The default value literal '0' must be a valid literal of the attribute's type
apr. 17, 2020 9:05:59 A.M. hvl.projectparmorel.modelrepair.QModelFixer chooseAction
INFO: Choosing random action.
apr. 17, 2020 9:05:59 A.M. hvl.projectparmorel.modelrepair.QModelFixer handleStep
INFO: Chose action setEType in context 0 with weight 100.0
apr. 17, 2020 9:05:59 A.M. hvl.projectparmorel.modelrepair.QModelFixer handleStep
INFO: Calculating new Q-value:
Old Q-value: 100.0
Alpha: 0.45166666666666666

Reward: 100
100.0 + 0.45166666666666666 * (100 - 100.0) = 100.0
apr. 17, 2020 9:05:59 A.M. hvl.projectparmorel.modelrepair.QModelFixer handleStep
INFO: Updated Q-table for error 38, context 0, action 591449609 setEType to new weight 100.0
apr. 17, 2020 9:05:59 A.M. hvl.projectparmorel.modelrepair.QModelFixer handleEpisode
INFO: Solution added to possible solitons: [ErrorAction [Error: 40 The typed element must have a type, Action: setEType, Error hierarchy: 0]
, ErrorAction [Error: 38 The default value literal '0' must be a valid literal of the attribute's type, Action: setEType, Error hierarchy: 0]
]
apr. 17, 2020 9:05:59 A.M. hvl.projectparmorel.modelrepair.QModelFixer handleEpisode
INFO: EPISODE 14 TOTAL REWARD 200



apr. 17, 2020 9:05:59 A.M. hvl.projectparmorel.modelrepair.QModelFixer handleEpisode
INFO: EPISODE 15, STEP 0, Fixing error 40: The typed element must have a type
apr. 17, 2020 9:05:59 A.M. hvl.projectparmorel.modelrepair.QModelFixer chooseAction
INFO: Choosing optimal action
apr. 17, 2020 9:05:59 A.M. hvl.projectparmorel.modelrepair.QModelFixer handleStep
INFO: Chose action setEType in context 0 with weight 200.00024970354562
apr. 17, 2020 9:05:59 A.M. hvl.projectparmorel.modelrepair.QModelFixer handleStep
INFO: Next error code: 38
apr. 17, 2020 9:05:59 A.M. hvl.projectparmorel.modelrepair.QModelFixer handleStep
INFO: Calculating new Q-value:
Old Q-value: 200.00024970354562
Alpha: 0.4125
Gamma: 1.0
Reward: 100
Next optimal action Q-value: 100.00000003044015
200.00024970354562 + 0.4125 * (100 + 1.0 * 100.00000003044015 - 200.00024970354562) = 200.00014671338963
apr. 17, 2020 9:05:59 A.M. hvl.projectparmorel.modelrepair.QModelFixer handleStep
INFO: Updated Q-table for error 40, context 0, action 591449609 setEType to new weight 200.00014671338963


apr. 17, 2020 9:05:59 A.M. hvl.projectparmorel.modelrepair.QModelFixer handleEpisode
INFO: EPISODE 15, STEP 1, Fixing error 38: The default value literal '0' must be a valid literal of the attribute's type
apr. 17, 2020 9:05:59 A.M. hvl.projectparmorel.modelrepair.QModelFixer chooseAction
INFO: Choosing random action.
apr. 17, 2020 9:05:59 A.M. hvl.projectparmorel.modelrepair.QModelFixer handleStep
INFO: Chose action delete in context 0 with weight -947.993374262837
apr. 17, 2020 9:05:59 A.M. hvl.projectparmorel.modelrepair.QModelFixer handleStep
INFO: Calculating new Q-value:
Old Q-value: -947.993374262837
Alpha: 0.4125

Reward: -1000
-947.993374262837 + 0.4125 * (-1000 - -947.993374262837) = -969.4461073794167
apr. 17, 2020 9:05:59 A.M. hvl.projectparmorel.modelrepair.QModelFixer handleStep
INFO: Updated Q-table for error 38, context 0, action 99999 delete to new weight -969.4461073794167
apr. 17, 2020 9:05:59 A.M. hvl.projectparmorel.modelrepair.QModelFixer isUnique
INFO: Solution [ErrorAction [Error: 40 The typed element must have a type, Action: setEType, Error hierarchy: 0]
, ErrorAction [Error: 38 The default value literal '0' must be a valid literal of the attribute's type, Action: delete, Error hierarchy: 0]
] already exists.
apr. 17, 2020 9:05:59 A.M. hvl.projectparmorel.modelrepair.QModelFixer handleEpisode
INFO: Solution discarded.
apr. 17, 2020 9:05:59 A.M. hvl.projectparmorel.modelrepair.QModelFixer handleEpisode
INFO: EPISODE 15 TOTAL REWARD -900



apr. 17, 2020 9:05:59 A.M. hvl.projectparmorel.modelrepair.QModelFixer handleEpisode
INFO: EPISODE 16, STEP 0, Fixing error 40: The typed element must have a type
apr. 17, 2020 9:05:59 A.M. hvl.projectparmorel.modelrepair.QModelFixer chooseAction
INFO: Choosing optimal action
apr. 17, 2020 9:05:59 A.M. hvl.projectparmorel.modelrepair.QModelFixer handleStep
INFO: Chose action setEType in context 0 with weight 200.00014671338963
apr. 17, 2020 9:05:59 A.M. hvl.projectparmorel.modelrepair.QModelFixer handleStep
INFO: Next error code: 38
apr. 17, 2020 9:05:59 A.M. hvl.projectparmorel.modelrepair.QModelFixer handleStep
INFO: Calculating new Q-value:
Old Q-value: 200.00014671338963
Alpha: 0.3733333333333334
Gamma: 1.0
Reward: 100
Next optimal action Q-value: 100.00000003044015
200.00014671338963 + 0.3733333333333334 * (100 + 1.0 * 100.00000003044015 - 200.00014671338963) = 200.00009195175517
apr. 17, 2020 9:05:59 A.M. hvl.projectparmorel.modelrepair.QModelFixer handleStep
INFO: Updated Q-table for error 40, context 0, action 591449609 setEType to new weight 200.00009195175517


apr. 17, 2020 9:05:59 A.M. hvl.projectparmorel.modelrepair.QModelFixer handleEpisode
INFO: EPISODE 16, STEP 1, Fixing error 38: The default value literal '0' must be a valid literal of the attribute's type
apr. 17, 2020 9:05:59 A.M. hvl.projectparmorel.modelrepair.QModelFixer chooseAction
INFO: Choosing optimal action
apr. 17, 2020 9:05:59 A.M. hvl.projectparmorel.modelrepair.QModelFixer handleStep
INFO: Chose action setEType in context 0 with weight 100.00000003044015
apr. 17, 2020 9:05:59 A.M. hvl.projectparmorel.modelrepair.QModelFixer handleStep
INFO: Calculating new Q-value:
Old Q-value: 100.00000003044015
Alpha: 0.3733333333333334

Reward: 100
100.00000003044015 + 0.3733333333333334 * (100 - 100.00000003044015) = 100.00000001907583
apr. 17, 2020 9:05:59 A.M. hvl.projectparmorel.modelrepair.QModelFixer handleStep
INFO: Updated Q-table for error 38, context 0, action -591535257 setEType to new weight 100.00000001907583
apr. 17, 2020 9:05:59 A.M. hvl.projectparmorel.modelrepair.QModelFixer isUnique
INFO: Solution [ErrorAction [Error: 40 The typed element must have a type, Action: setEType, Error hierarchy: 0]
, ErrorAction [Error: 38 The default value literal '0' must be a valid literal of the attribute's type, Action: setEType, Error hierarchy: 0]
] already exists.
apr. 17, 2020 9:05:59 A.M. hvl.projectparmorel.modelrepair.QModelFixer handleEpisode
INFO: Solution discarded.
apr. 17, 2020 9:05:59 A.M. hvl.projectparmorel.modelrepair.QModelFixer handleEpisode
INFO: EPISODE 16 TOTAL REWARD 200



apr. 17, 2020 9:05:59 A.M. hvl.projectparmorel.modelrepair.QModelFixer handleEpisode
INFO: EPISODE 17, STEP 0, Fixing error 40: The typed element must have a type
apr. 17, 2020 9:05:59 A.M. hvl.projectparmorel.modelrepair.QModelFixer chooseAction
INFO: Choosing optimal action
apr. 17, 2020 9:05:59 A.M. hvl.projectparmorel.modelrepair.QModelFixer handleStep
INFO: Chose action setEType in context 0 with weight 200.00009195175517
apr. 17, 2020 9:05:59 A.M. hvl.projectparmorel.modelrepair.QModelFixer handleStep
INFO: Next error code: 38
apr. 17, 2020 9:05:59 A.M. hvl.projectparmorel.modelrepair.QModelFixer handleStep
INFO: Calculating new Q-value:
Old Q-value: 200.00009195175517
Alpha: 0.3341666666666667
Gamma: 1.0
Reward: 100
Next optimal action Q-value: 100.00000001907583
200.00009195175517 + 0.3341666666666667 * (100 + 1.0 * 100.00000001907583 - 200.00009195175517) = 200.00006123091816
apr. 17, 2020 9:05:59 A.M. hvl.projectparmorel.modelrepair.QModelFixer handleStep
INFO: Updated Q-table for error 40, context 0, action 591449609 setEType to new weight 200.00006123091816


apr. 17, 2020 9:05:59 A.M. hvl.projectparmorel.modelrepair.QModelFixer handleEpisode
INFO: EPISODE 17, STEP 1, Fixing error 38: The default value literal '0' must be a valid literal of the attribute's type
apr. 17, 2020 9:05:59 A.M. hvl.projectparmorel.modelrepair.QModelFixer chooseAction
INFO: Choosing optimal action
apr. 17, 2020 9:05:59 A.M. hvl.projectparmorel.modelrepair.QModelFixer handleStep
INFO: Chose action setEType in context 0 with weight 100.00000001907583
apr. 17, 2020 9:05:59 A.M. hvl.projectparmorel.modelrepair.QModelFixer handleStep
INFO: Calculating new Q-value:
Old Q-value: 100.00000001907583
Alpha: 0.3341666666666667

Reward: 100
100.00000001907583 + 0.3341666666666667 * (100 - 100.00000001907583) = 100.00000001270132
apr. 17, 2020 9:05:59 A.M. hvl.projectparmorel.modelrepair.QModelFixer handleStep
INFO: Updated Q-table for error 38, context 0, action -591535257 setEType to new weight 100.00000001270132
apr. 17, 2020 9:05:59 A.M. hvl.projectparmorel.modelrepair.QModelFixer isUnique
INFO: Solution [ErrorAction [Error: 40 The typed element must have a type, Action: setEType, Error hierarchy: 0]
, ErrorAction [Error: 38 The default value literal '0' must be a valid literal of the attribute's type, Action: setEType, Error hierarchy: 0]
] already exists.
apr. 17, 2020 9:05:59 A.M. hvl.projectparmorel.modelrepair.QModelFixer handleEpisode
INFO: Solution discarded.
apr. 17, 2020 9:05:59 A.M. hvl.projectparmorel.modelrepair.QModelFixer handleEpisode
INFO: EPISODE 17 TOTAL REWARD 200



apr. 17, 2020 9:05:59 A.M. hvl.projectparmorel.modelrepair.QModelFixer handleEpisode
INFO: EPISODE 18, STEP 0, Fixing error 40: The typed element must have a type
apr. 17, 2020 9:05:59 A.M. hvl.projectparmorel.modelrepair.QModelFixer chooseAction
INFO: Choosing optimal action
apr. 17, 2020 9:05:59 A.M. hvl.projectparmorel.modelrepair.QModelFixer handleStep
INFO: Chose action setEType in context 0 with weight 200.00006123091816
apr. 17, 2020 9:05:59 A.M. hvl.projectparmorel.modelrepair.QModelFixer handleStep
INFO: Next error code: 38
apr. 17, 2020 9:05:59 A.M. hvl.projectparmorel.modelrepair.QModelFixer handleStep
INFO: Calculating new Q-value:
Old Q-value: 200.00006123091816
Alpha: 0.29500000000000004
Gamma: 1.0
Reward: 100
Next optimal action Q-value: 100.00000001270132
200.00006123091816 + 0.29500000000000004 * (100 + 1.0 * 100.00000001270132 - 200.00006123091816) = 200.0000431715442
apr. 17, 2020 9:05:59 A.M. hvl.projectparmorel.modelrepair.QModelFixer handleStep
INFO: Updated Q-table for error 40, context 0, action 591449609 setEType to new weight 200.0000431715442


apr. 17, 2020 9:05:59 A.M. hvl.projectparmorel.modelrepair.QModelFixer handleEpisode
INFO: EPISODE 18, STEP 1, Fixing error 38: The default value literal '0' must be a valid literal of the attribute's type
apr. 17, 2020 9:05:59 A.M. hvl.projectparmorel.modelrepair.QModelFixer chooseAction
INFO: Choosing optimal action
apr. 17, 2020 9:05:59 A.M. hvl.projectparmorel.modelrepair.QModelFixer handleStep
INFO: Chose action setEType in context 0 with weight 100.00000001270132
apr. 17, 2020 9:05:59 A.M. hvl.projectparmorel.modelrepair.QModelFixer handleStep
INFO: Calculating new Q-value:
Old Q-value: 100.00000001270132
Alpha: 0.29500000000000004

Reward: 100
100.00000001270132 + 0.29500000000000004 * (100 - 100.00000001270132) = 100.00000000895443
apr. 17, 2020 9:05:59 A.M. hvl.projectparmorel.modelrepair.QModelFixer handleStep
INFO: Updated Q-table for error 38, context 0, action -591535257 setEType to new weight 100.00000000895443
apr. 17, 2020 9:05:59 A.M. hvl.projectparmorel.modelrepair.QModelFixer isUnique
INFO: Solution [ErrorAction [Error: 40 The typed element must have a type, Action: setEType, Error hierarchy: 0]
, ErrorAction [Error: 38 The default value literal '0' must be a valid literal of the attribute's type, Action: setEType, Error hierarchy: 0]
] already exists.
apr. 17, 2020 9:05:59 A.M. hvl.projectparmorel.modelrepair.QModelFixer handleEpisode
INFO: Solution discarded.
apr. 17, 2020 9:05:59 A.M. hvl.projectparmorel.modelrepair.QModelFixer handleEpisode
INFO: EPISODE 18 TOTAL REWARD 200



apr. 17, 2020 9:05:59 A.M. hvl.projectparmorel.modelrepair.QModelFixer handleEpisode
INFO: EPISODE 19, STEP 0, Fixing error 40: The typed element must have a type
apr. 17, 2020 9:05:59 A.M. hvl.projectparmorel.modelrepair.QModelFixer chooseAction
INFO: Choosing optimal action
apr. 17, 2020 9:05:59 A.M. hvl.projectparmorel.modelrepair.QModelFixer handleStep
INFO: Chose action setEType in context 0 with weight 200.0000431715442
apr. 17, 2020 9:05:59 A.M. hvl.projectparmorel.modelrepair.QModelFixer handleStep
INFO: Next error code: 38
apr. 17, 2020 9:05:59 A.M. hvl.projectparmorel.modelrepair.QModelFixer handleStep
INFO: Calculating new Q-value:
Old Q-value: 200.0000431715442
Alpha: 0.25583333333333336
Gamma: 1.0
Reward: 100
Next optimal action Q-value: 100.00000000895443
200.0000431715442 + 0.25583333333333336 * (100 + 1.0 * 100.00000000895443 - 200.0000431715442) = 200.000032129115
apr. 17, 2020 9:05:59 A.M. hvl.projectparmorel.modelrepair.QModelFixer handleStep
INFO: Updated Q-table for error 40, context 0, action 591449609 setEType to new weight 200.000032129115


apr. 17, 2020 9:05:59 A.M. hvl.projectparmorel.modelrepair.QModelFixer handleEpisode
INFO: EPISODE 19, STEP 1, Fixing error 38: The default value literal '0' must be a valid literal of the attribute's type
apr. 17, 2020 9:05:59 A.M. hvl.projectparmorel.modelrepair.QModelFixer chooseAction
INFO: Choosing optimal action
apr. 17, 2020 9:05:59 A.M. hvl.projectparmorel.modelrepair.QModelFixer handleStep
INFO: Chose action setEType in context 0 with weight 100.00000000895443
apr. 17, 2020 9:05:59 A.M. hvl.projectparmorel.modelrepair.QModelFixer handleStep
INFO: Calculating new Q-value:
Old Q-value: 100.00000000895443
Alpha: 0.25583333333333336

Reward: 100
100.00000000895443 + 0.25583333333333336 * (100 - 100.00000000895443) = 100.00000000666358
apr. 17, 2020 9:05:59 A.M. hvl.projectparmorel.modelrepair.QModelFixer handleStep
INFO: Updated Q-table for error 38, context 0, action -591535257 setEType to new weight 100.00000000666358
apr. 17, 2020 9:05:59 A.M. hvl.projectparmorel.modelrepair.QModelFixer isUnique
INFO: Solution [ErrorAction [Error: 40 The typed element must have a type, Action: setEType, Error hierarchy: 0]
, ErrorAction [Error: 38 The default value literal '0' must be a valid literal of the attribute's type, Action: setEType, Error hierarchy: 0]
] already exists.
apr. 17, 2020 9:05:59 A.M. hvl.projectparmorel.modelrepair.QModelFixer handleEpisode
INFO: Solution discarded.
apr. 17, 2020 9:05:59 A.M. hvl.projectparmorel.modelrepair.QModelFixer handleEpisode
INFO: EPISODE 19 TOTAL REWARD 200



apr. 17, 2020 9:05:59 A.M. hvl.projectparmorel.modelrepair.QModelFixer handleEpisode
INFO: EPISODE 20, STEP 0, Fixing error 40: The typed element must have a type
apr. 17, 2020 9:05:59 A.M. hvl.projectparmorel.modelrepair.QModelFixer chooseAction
INFO: Choosing optimal action
apr. 17, 2020 9:05:59 A.M. hvl.projectparmorel.modelrepair.QModelFixer handleStep
INFO: Chose action setEType in context 0 with weight 200.000032129115
apr. 17, 2020 9:05:59 A.M. hvl.projectparmorel.modelrepair.QModelFixer handleStep
INFO: Next error code: 38
apr. 17, 2020 9:05:59 A.M. hvl.projectparmorel.modelrepair.QModelFixer handleStep
INFO: Calculating new Q-value:
Old Q-value: 200.000032129115
Alpha: 0.21666666666666679
Gamma: 1.0
Reward: 100
Next optimal action Q-value: 100.00000000666358
200.000032129115 + 0.21666666666666679 * (100 + 1.0 * 100.00000000666358 - 200.000032129115) = 200.00002516925053
apr. 17, 2020 9:05:59 A.M. hvl.projectparmorel.modelrepair.QModelFixer handleStep
INFO: Updated Q-table for error 40, context 0, action 591449609 setEType to new weight 200.00002516925053


apr. 17, 2020 9:05:59 A.M. hvl.projectparmorel.modelrepair.QModelFixer handleEpisode
INFO: EPISODE 20, STEP 1, Fixing error 38: The default value literal '0' must be a valid literal of the attribute's type
apr. 17, 2020 9:05:59 A.M. hvl.projectparmorel.modelrepair.QModelFixer chooseAction
INFO: Choosing optimal action
apr. 17, 2020 9:05:59 A.M. hvl.projectparmorel.modelrepair.QModelFixer handleStep
INFO: Chose action setEType in context 0 with weight 100.00000000666358
apr. 17, 2020 9:05:59 A.M. hvl.projectparmorel.modelrepair.QModelFixer handleStep
INFO: Calculating new Q-value:
Old Q-value: 100.00000000666358
Alpha: 0.21666666666666679

Reward: 100
100.00000000666358 + 0.21666666666666679 * (100 - 100.00000000666358) = 100.0000000052198
apr. 17, 2020 9:05:59 A.M. hvl.projectparmorel.modelrepair.QModelFixer handleStep
INFO: Updated Q-table for error 38, context 0, action -591535257 setEType to new weight 100.0000000052198
apr. 17, 2020 9:05:59 A.M. hvl.projectparmorel.modelrepair.QModelFixer isUnique
INFO: Solution [ErrorAction [Error: 40 The typed element must have a type, Action: setEType, Error hierarchy: 0]
, ErrorAction [Error: 38 The default value literal '0' must be a valid literal of the attribute's type, Action: setEType, Error hierarchy: 0]
] already exists.
apr. 17, 2020 9:05:59 A.M. hvl.projectparmorel.modelrepair.QModelFixer handleEpisode
INFO: Solution discarded.
apr. 17, 2020 9:05:59 A.M. hvl.projectparmorel.modelrepair.QModelFixer handleEpisode
INFO: EPISODE 20 TOTAL REWARD 200



apr. 17, 2020 9:05:59 A.M. hvl.projectparmorel.modelrepair.QModelFixer handleEpisode
INFO: EPISODE 21, STEP 0, Fixing error 40: The typed element must have a type
apr. 17, 2020 9:05:59 A.M. hvl.projectparmorel.modelrepair.QModelFixer chooseAction
INFO: Choosing optimal action
apr. 17, 2020 9:05:59 A.M. hvl.projectparmorel.modelrepair.QModelFixer handleStep
INFO: Chose action setEType in context 0 with weight 200.00002516925053
apr. 17, 2020 9:05:59 A.M. hvl.projectparmorel.modelrepair.QModelFixer handleStep
INFO: Next error code: 38
apr. 17, 2020 9:05:59 A.M. hvl.projectparmorel.modelrepair.QModelFixer handleStep
INFO: Calculating new Q-value:
Old Q-value: 200.00002516925053
Alpha: 0.1775000000000001
Gamma: 1.0
Reward: 100
Next optimal action Q-value: 100.0000000052198
200.00002516925053 + 0.1775000000000001 * (100 + 1.0 * 100.0000000052198 - 200.00002516925053) = 200.00002070263508
apr. 17, 2020 9:05:59 A.M. hvl.projectparmorel.modelrepair.QModelFixer handleStep
INFO: Updated Q-table for error 40, context 0, action 591449609 setEType to new weight 200.00002070263508


apr. 17, 2020 9:05:59 A.M. hvl.projectparmorel.modelrepair.QModelFixer handleEpisode
INFO: EPISODE 21, STEP 1, Fixing error 38: The default value literal '0' must be a valid literal of the attribute's type
apr. 17, 2020 9:05:59 A.M. hvl.projectparmorel.modelrepair.QModelFixer chooseAction
INFO: Choosing optimal action
apr. 17, 2020 9:05:59 A.M. hvl.projectparmorel.modelrepair.QModelFixer handleStep
INFO: Chose action setEType in context 0 with weight 100.0000000052198
apr. 17, 2020 9:05:59 A.M. hvl.projectparmorel.modelrepair.QModelFixer handleStep
INFO: Calculating new Q-value:
Old Q-value: 100.0000000052198
Alpha: 0.1775000000000001

Reward: 100
100.0000000052198 + 0.1775000000000001 * (100 - 100.0000000052198) = 100.00000000429328
apr. 17, 2020 9:05:59 A.M. hvl.projectparmorel.modelrepair.QModelFixer handleStep
INFO: Updated Q-table for error 38, context 0, action -591535257 setEType to new weight 100.00000000429328
apr. 17, 2020 9:05:59 A.M. hvl.projectparmorel.modelrepair.QModelFixer isUnique
INFO: Solution [ErrorAction [Error: 40 The typed element must have a type, Action: setEType, Error hierarchy: 0]
, ErrorAction [Error: 38 The default value literal '0' must be a valid literal of the attribute's type, Action: setEType, Error hierarchy: 0]
] already exists.
apr. 17, 2020 9:05:59 A.M. hvl.projectparmorel.modelrepair.QModelFixer handleEpisode
INFO: Solution discarded.
apr. 17, 2020 9:05:59 A.M. hvl.projectparmorel.modelrepair.QModelFixer handleEpisode
INFO: EPISODE 21 TOTAL REWARD 200



apr. 17, 2020 9:05:59 A.M. hvl.projectparmorel.modelrepair.QModelFixer handleEpisode
INFO: EPISODE 22, STEP 0, Fixing error 40: The typed element must have a type
apr. 17, 2020 9:05:59 A.M. hvl.projectparmorel.modelrepair.QModelFixer chooseAction
INFO: Choosing optimal action
apr. 17, 2020 9:05:59 A.M. hvl.projectparmorel.modelrepair.QModelFixer handleStep
INFO: Chose action setEType in context 0 with weight 200.00002070263508
apr. 17, 2020 9:05:59 A.M. hvl.projectparmorel.modelrepair.QModelFixer handleStep
INFO: Next error code: 38
apr. 17, 2020 9:05:59 A.M. hvl.projectparmorel.modelrepair.QModelFixer handleStep
INFO: Calculating new Q-value:
Old Q-value: 200.00002070263508
Alpha: 0.1383333333333333
Gamma: 1.0
Reward: 100
Next optimal action Q-value: 100.00000000429328
200.00002070263508 + 0.1383333333333333 * (100 + 1.0 * 100.00000000429328 - 200.00002070263508) = 200.00001783936446
apr. 17, 2020 9:05:59 A.M. hvl.projectparmorel.modelrepair.QModelFixer handleStep
INFO: Updated Q-table for error 40, context 0, action 591449609 setEType to new weight 200.00001783936446


apr. 17, 2020 9:05:59 A.M. hvl.projectparmorel.modelrepair.QModelFixer handleEpisode
INFO: EPISODE 22, STEP 1, Fixing error 38: The default value literal '0' must be a valid literal of the attribute's type
apr. 17, 2020 9:05:59 A.M. hvl.projectparmorel.modelrepair.QModelFixer chooseAction
INFO: Choosing optimal action
apr. 17, 2020 9:05:59 A.M. hvl.projectparmorel.modelrepair.QModelFixer handleStep
INFO: Chose action setEType in context 0 with weight 100.00000000429328
apr. 17, 2020 9:05:59 A.M. hvl.projectparmorel.modelrepair.QModelFixer handleStep
INFO: Calculating new Q-value:
Old Q-value: 100.00000000429328
Alpha: 0.1383333333333333

Reward: 100
100.00000000429328 + 0.1383333333333333 * (100 - 100.00000000429328) = 100.00000000369938
apr. 17, 2020 9:05:59 A.M. hvl.projectparmorel.modelrepair.QModelFixer handleStep
INFO: Updated Q-table for error 38, context 0, action -591535257 setEType to new weight 100.00000000369938
apr. 17, 2020 9:05:59 A.M. hvl.projectparmorel.modelrepair.QModelFixer isUnique
INFO: Solution [ErrorAction [Error: 40 The typed element must have a type, Action: setEType, Error hierarchy: 0]
, ErrorAction [Error: 38 The default value literal '0' must be a valid literal of the attribute's type, Action: setEType, Error hierarchy: 0]
] already exists.
apr. 17, 2020 9:05:59 A.M. hvl.projectparmorel.modelrepair.QModelFixer handleEpisode
INFO: Solution discarded.
apr. 17, 2020 9:05:59 A.M. hvl.projectparmorel.modelrepair.QModelFixer handleEpisode
INFO: EPISODE 22 TOTAL REWARD 200



apr. 17, 2020 9:05:59 A.M. hvl.projectparmorel.modelrepair.QModelFixer handleEpisode
INFO: EPISODE 23, STEP 0, Fixing error 40: The typed element must have a type
apr. 17, 2020 9:05:59 A.M. hvl.projectparmorel.modelrepair.QModelFixer chooseAction
INFO: Choosing optimal action
apr. 17, 2020 9:05:59 A.M. hvl.projectparmorel.modelrepair.QModelFixer handleStep
INFO: Chose action setEType in context 0 with weight 200.00001783936446
apr. 17, 2020 9:05:59 A.M. hvl.projectparmorel.modelrepair.QModelFixer handleStep
INFO: Next error code: 38
apr. 17, 2020 9:05:59 A.M. hvl.projectparmorel.modelrepair.QModelFixer handleStep
INFO: Calculating new Q-value:
Old Q-value: 200.00001783936446
Alpha: 0.09916666666666674
Gamma: 1.0
Reward: 100
Next optimal action Q-value: 100.00000000369938
200.00001783936446 + 0.09916666666666674 * (100 + 1.0 * 100.00000000369938 - 200.00001783936446) = 200.00001607066102
apr. 17, 2020 9:05:59 A.M. hvl.projectparmorel.modelrepair.QModelFixer handleStep
INFO: Updated Q-table for error 40, context 0, action 591449609 setEType to new weight 200.00001607066102


apr. 17, 2020 9:05:59 A.M. hvl.projectparmorel.modelrepair.QModelFixer handleEpisode
INFO: EPISODE 23, STEP 1, Fixing error 38: The default value literal '0' must be a valid literal of the attribute's type
apr. 17, 2020 9:05:59 A.M. hvl.projectparmorel.modelrepair.QModelFixer chooseAction
INFO: Choosing optimal action
apr. 17, 2020 9:05:59 A.M. hvl.projectparmorel.modelrepair.QModelFixer handleStep
INFO: Chose action setEType in context 0 with weight 100.00000000369938
apr. 17, 2020 9:05:59 A.M. hvl.projectparmorel.modelrepair.QModelFixer handleStep
INFO: Calculating new Q-value:
Old Q-value: 100.00000000369938
Alpha: 0.09916666666666674

Reward: 100
100.00000000369938 + 0.09916666666666674 * (100 - 100.00000000369938) = 100.00000000333253
apr. 17, 2020 9:05:59 A.M. hvl.projectparmorel.modelrepair.QModelFixer handleStep
INFO: Updated Q-table for error 38, context 0, action -591535257 setEType to new weight 100.00000000333253
apr. 17, 2020 9:05:59 A.M. hvl.projectparmorel.modelrepair.QModelFixer isUnique
INFO: Solution [ErrorAction [Error: 40 The typed element must have a type, Action: setEType, Error hierarchy: 0]
, ErrorAction [Error: 38 The default value literal '0' must be a valid literal of the attribute's type, Action: setEType, Error hierarchy: 0]
] already exists.
apr. 17, 2020 9:05:59 A.M. hvl.projectparmorel.modelrepair.QModelFixer handleEpisode
INFO: Solution discarded.
apr. 17, 2020 9:05:59 A.M. hvl.projectparmorel.modelrepair.QModelFixer handleEpisode
INFO: EPISODE 23 TOTAL REWARD 200



apr. 17, 2020 9:05:59 A.M. hvl.projectparmorel.modelrepair.QModelFixer handleEpisode
INFO: EPISODE 24, STEP 0, Fixing error 40: The typed element must have a type
apr. 17, 2020 9:05:59 A.M. hvl.projectparmorel.modelrepair.QModelFixer chooseAction
INFO: Choosing optimal action
apr. 17, 2020 9:05:59 A.M. hvl.projectparmorel.modelrepair.QModelFixer handleStep
INFO: Chose action setEType in context 0 with weight 200.00001607066102
apr. 17, 2020 9:05:59 A.M. hvl.projectparmorel.modelrepair.QModelFixer handleStep
INFO: Next error code: 38
apr. 17, 2020 9:05:59 A.M. hvl.projectparmorel.modelrepair.QModelFixer handleStep
INFO: Calculating new Q-value:
Old Q-value: 200.00001607066102
Alpha: 0.06000000000000005
Gamma: 1.0
Reward: 100
Next optimal action Q-value: 100.00000000333253
200.00001607066102 + 0.06000000000000005 * (100 + 1.0 * 100.00000000333253 - 200.00001607066102) = 200.0000151066213
apr. 17, 2020 9:05:59 A.M. hvl.projectparmorel.modelrepair.QModelFixer handleStep
INFO: Updated Q-table for error 40, context 0, action 591449609 setEType to new weight 200.0000151066213


apr. 17, 2020 9:05:59 A.M. hvl.projectparmorel.modelrepair.QModelFixer handleEpisode
INFO: EPISODE 24, STEP 1, Fixing error 38: The default value literal '0' must be a valid literal of the attribute's type
apr. 17, 2020 9:05:59 A.M. hvl.projectparmorel.modelrepair.QModelFixer chooseAction
INFO: Choosing optimal action
apr. 17, 2020 9:05:59 A.M. hvl.projectparmorel.modelrepair.QModelFixer handleStep
INFO: Chose action setEType in context 0 with weight 100.00000000333253
apr. 17, 2020 9:05:59 A.M. hvl.projectparmorel.modelrepair.QModelFixer handleStep
INFO: Calculating new Q-value:
Old Q-value: 100.00000000333253
Alpha: 0.06000000000000005

Reward: 100
100.00000000333253 + 0.06000000000000005 * (100 - 100.00000000333253) = 100.00000000313258
apr. 17, 2020 9:05:59 A.M. hvl.projectparmorel.modelrepair.QModelFixer handleStep
INFO: Updated Q-table for error 38, context 0, action -591535257 setEType to new weight 100.00000000313258
apr. 17, 2020 9:05:59 A.M. hvl.projectparmorel.modelrepair.QModelFixer isUnique
INFO: Solution [ErrorAction [Error: 40 The typed element must have a type, Action: setEType, Error hierarchy: 0]
, ErrorAction [Error: 38 The default value literal '0' must be a valid literal of the attribute's type, Action: setEType, Error hierarchy: 0]
] already exists.
apr. 17, 2020 9:05:59 A.M. hvl.projectparmorel.modelrepair.QModelFixer handleEpisode
INFO: Solution discarded.
apr. 17, 2020 9:05:59 A.M. hvl.projectparmorel.modelrepair.QModelFixer handleEpisode
INFO: EPISODE 24 TOTAL REWARD 200



apr. 17, 2020 9:05:59 A.M. hvl.projectparmorel.modelrepair.QModelFixer fixModel
INFO: Time repairing model: 750 ms
apr. 17, 2020 9:05:59 A.M. hvl.projectparmorel.modelrepair.QModelFixer fixModel
INFO: 
-----------------ALL SEQUENCES FOUND-------------------
SIZE: 3
DISCARDED SEQUENCES: 22
--------::::B E S T   S E Q U E N C E   I S::::---------
Sequence [id=0, seq=[ErrorAction [Error: 40 The typed element must have a type, Action: setEType, Error hierarchy: 0]
, ErrorAction [Error: 38 The default value literal '0' must be a valid literal of the attribute's type, Action: setEType, Error hierarchy: 0]
], weight=200.0]

 with 2 actions.
apr. 17, 2020 9:05:59 A.M. hvl.projectparmorel.knowledge.Knowledge save
INFO: Saving initialized
apr. 17, 2020 9:05:59 A.M. hvl.projectparmorel.knowledge.Knowledge save
INFO: document prepared
apr. 17, 2020 9:05:59 A.M. hvl.projectparmorel.knowledge.Knowledge save
INFO: Saving completed to /Users/Magnus/Skole/DAT300/EclipseWorkspace2/ParmorelRunnable/knowledge.xml
apr. 17, 2020 9:05:59 A.M. hvl.projectparmorel.knowledge.Knowledge save
INFO: Saving initialized
apr. 17, 2020 9:05:59 A.M. hvl.projectparmorel.knowledge.Knowledge save
INFO: document prepared
apr. 17, 2020 9:05:59 A.M. hvl.projectparmorel.knowledge.Knowledge save
INFO: Saving completed to /Users/Magnus/Skole/DAT300/EclipseWorkspace2/ParmorelRunnable/knowledge.xml
