mai 07, 2020 2:32:58 P.M. no.hvl.projectparmorel.qlearning.QModelFixer fixModel
INFO: Repairing bpmn20_ttc.ecore
mai 07, 2020 2:32:58 P.M. no.hvl.projectparmorel.qlearning.QModelFixer fixModel
INFO: Running with preferences [PREFER_CLOSE_DISTANCE_TO_ORIGINAL, PREFER_MAINTAINABILITY]
mai 07, 2020 2:32:58 P.M. no.hvl.projectparmorel.qlearning.QModelFixer fixModel
INFO: Initial number of errors in model: 1
Maximum number of steps per episode: 12
Errors to fix: [Error 38, message=The default value literal 'unspecified' must be a valid literal of the attribute's type in package 0
]
mai 07, 2020 2:32:58 P.M. no.hvl.projectparmorel.qlearning.QModelFixer fixModel
INFO: Initializing Q-table for the errors.
mai 07, 2020 2:32:58 P.M. no.hvl.projectparmorel.qlearning.QModelFixer fixModel
INFO: Number of episodes: 25
mai 07, 2020 2:32:58 P.M. no.hvl.projectparmorel.qlearning.QModelFixer handleEpisode
INFO: EPISODE 0, STEP 0, Fixing error 38: The default value literal 'unspecified' must be a valid literal of the attribute's type
mai 07, 2020 2:32:58 P.M. no.hvl.projectparmorel.qlearning.QModelFixer chooseAction
INFO: Choosing optimal action
mai 07, 2020 2:32:58 P.M. no.hvl.projectparmorel.qlearning.QModelFixer handleStep
INFO: Chose action setDefaultValueLiteralGen in context 0 with weight 303.2
mai 07, 2020 2:32:59 P.M. no.hvl.projectparmorel.qlearning.QModelFixer updateQTable
INFO: Calculating new Q-value:
Old Q-value: 303.2
Alpha: 1.0
Gamma:1.0

Reward: -2
303.2 + 1.0 * (-2 + 1.0 - 303.2) = -1.0
mai 07, 2020 2:32:59 P.M. no.hvl.projectparmorel.qlearning.QModelFixer updateQTable
INFO: Updated Q-table for error 38, context 0, action -2078906332 to new weight -1.0
mai 07, 2020 2:33:46 P.M. no.hvl.projectparmorel.qlearning.ecore.EcoreSolution calculateDistanceFromOriginal
INFO: Calculated the distance between the models to 100.0
mai 07, 2020 2:33:46 P.M. no.hvl.projectparmorel.qlearning.reward.PreferCloseDinstanceToOriginalPreference rewardcalculateRewardFor
INFO: Time to measure distance: 47851 ms
mai 07, 2020 2:33:46 P.M. no.hvl.projectparmorel.qlearning.QModelFixer updateQTable
INFO: Calculating new Q-value:
Old Q-value: -1.0
Alpha: 1.0
Gamma:1.0

Reward: 100
-1.0 + 1.0 * (100 + 1.0 - -1.0) = 101.0
mai 07, 2020 2:33:46 P.M. no.hvl.projectparmorel.qlearning.QModelFixer updateQTable
INFO: Updated Q-table for error 38, context 0, action -2078906332 to new weight 101.0
mai 07, 2020 2:33:47 P.M. no.hvl.projectparmorel.qlearning.reward.PreferMaintainability rewardcalculateRewardFor
INFO: Maintainability of the metamodel: 121.6
Time to get metric: 515 ms
mai 07, 2020 2:33:47 P.M. no.hvl.projectparmorel.qlearning.QModelFixer fixModel
INFO: Solution added to possible solitons: [ErrorAction [Error: 38 The default value literal 'unspecified' must be a valid literal of the attribute's type, Action: setDefaultValueLiteralGen, Error hierarchy: 0]
]
mai 07, 2020 2:33:47 P.M. no.hvl.projectparmorel.qlearning.QModelFixer fixModel
INFO: EPISODE 0 TOTAL REWARD 77.0



mai 07, 2020 2:33:47 P.M. no.hvl.projectparmorel.qlearning.QModelFixer handleEpisode
INFO: EPISODE 1, STEP 0, Fixing error 38: The default value literal 'unspecified' must be a valid literal of the attribute's type
mai 07, 2020 2:33:47 P.M. no.hvl.projectparmorel.qlearning.QModelFixer chooseAction
INFO: Choosing optimal action
mai 07, 2020 2:33:47 P.M. no.hvl.projectparmorel.qlearning.QModelFixer handleStep
INFO: Chose action delete in context 0 with weight 3.4000000000000057
mai 07, 2020 2:33:50 P.M. no.hvl.projectparmorel.qlearning.QModelFixer updateQTable
INFO: Calculating new Q-value:
Old Q-value: 3.4000000000000057
Alpha: 1.0
Gamma:1.0

Reward: -2
3.4000000000000057 + 1.0 * (-2 + 1.0 - 3.4000000000000057) = -1.0
mai 07, 2020 2:33:50 P.M. no.hvl.projectparmorel.qlearning.QModelFixer updateQTable
INFO: Updated Q-table for error 38, context 0, action 99999 to new weight -1.0
mai 07, 2020 2:34:40 P.M. no.hvl.projectparmorel.qlearning.ecore.EcoreSolution calculateDistanceFromOriginal
INFO: Calculated the distance between the models to 99.0
mai 07, 2020 2:34:40 P.M. no.hvl.projectparmorel.qlearning.reward.PreferCloseDinstanceToOriginalPreference rewardcalculateRewardFor
INFO: Time to measure distance: 49370 ms
mai 07, 2020 2:34:40 P.M. no.hvl.projectparmorel.qlearning.QModelFixer updateQTable
INFO: Calculating new Q-value:
Old Q-value: -1.0
Alpha: 1.0
Gamma:1.0

Reward: 99
-1.0 + 1.0 * (99 + 1.0 - -1.0) = 100.0
mai 07, 2020 2:34:40 P.M. no.hvl.projectparmorel.qlearning.QModelFixer updateQTable
INFO: Updated Q-table for error 38, context 0, action 99999 to new weight 100.0
mai 07, 2020 2:34:40 P.M. no.hvl.projectparmorel.qlearning.reward.PreferMaintainability rewardcalculateRewardFor
INFO: Maintainability of the metamodel: 121.4
Time to get metric: 524 ms
mai 07, 2020 2:34:40 P.M. no.hvl.projectparmorel.qlearning.QModelFixer fixModel
INFO: Solution added to possible solitons: [ErrorAction [Error: 38 The default value literal 'unspecified' must be a valid literal of the attribute's type, Action: delete, Error hierarchy: 0]
]
mai 07, 2020 2:34:40 P.M. no.hvl.projectparmorel.qlearning.QModelFixer fixModel
INFO: EPISODE 1 TOTAL REWARD 76.0



mai 07, 2020 2:34:40 P.M. no.hvl.projectparmorel.qlearning.QModelFixer handleEpisode
INFO: EPISODE 2, STEP 0, Fixing error 38: The default value literal 'unspecified' must be a valid literal of the attribute's type
mai 07, 2020 2:34:40 P.M. no.hvl.projectparmorel.qlearning.QModelFixer chooseAction
INFO: Choosing random action.
mai 07, 2020 2:34:40 P.M. no.hvl.projectparmorel.qlearning.QModelFixer handleStep
INFO: Chose action setDefaultValueLiteralGen in context 0 with weight -21.599999999999994
mai 07, 2020 2:34:40 P.M. no.hvl.projectparmorel.qlearning.QModelFixer updateQTable
INFO: Calculating new Q-value:
Old Q-value: -21.599999999999994
Alpha: 1.0
Gamma:1.0

Reward: -2
-21.599999999999994 + 1.0 * (-2 + 1.0 - -21.599999999999994) = -1.0
mai 07, 2020 2:34:40 P.M. no.hvl.projectparmorel.qlearning.QModelFixer updateQTable
INFO: Updated Q-table for error 38, context 0, action -2078906332 to new weight -1.0
mai 07, 2020 2:35:27 P.M. no.hvl.projectparmorel.qlearning.ecore.EcoreSolution calculateDistanceFromOriginal
INFO: Calculated the distance between the models to 100.0
mai 07, 2020 2:35:27 P.M. no.hvl.projectparmorel.qlearning.reward.PreferCloseDinstanceToOriginalPreference rewardcalculateRewardFor
INFO: Time to measure distance: 46187 ms
mai 07, 2020 2:35:27 P.M. no.hvl.projectparmorel.qlearning.QModelFixer updateQTable
INFO: Calculating new Q-value:
Old Q-value: -1.0
Alpha: 1.0
Gamma:1.0

Reward: 100
-1.0 + 1.0 * (100 + 1.0 - -1.0) = 101.0
mai 07, 2020 2:35:27 P.M. no.hvl.projectparmorel.qlearning.QModelFixer updateQTable
INFO: Updated Q-table for error 38, context 0, action -2078906332 to new weight 101.0
mai 07, 2020 2:35:27 P.M. no.hvl.projectparmorel.qlearning.reward.PreferMaintainability rewardcalculateRewardFor
INFO: Maintainability of the metamodel: 121.6
Time to get metric: 523 ms
mai 07, 2020 2:35:27 P.M. no.hvl.projectparmorel.qlearning.QModelFixer isUnique
INFO: Solution [ErrorAction [Error: 38 The default value literal 'unspecified' must be a valid literal of the attribute's type, Action: setDefaultValueLiteralGen, Error hierarchy: 0]
] already exists.
mai 07, 2020 2:35:27 P.M. no.hvl.projectparmorel.qlearning.QModelFixer fixModel
INFO: Solution discarded.
mai 07, 2020 2:35:27 P.M. no.hvl.projectparmorel.qlearning.QModelFixer fixModel
INFO: EPISODE 2 TOTAL REWARD 77.0



mai 07, 2020 2:35:27 P.M. no.hvl.projectparmorel.qlearning.QModelFixer handleEpisode
INFO: EPISODE 3, STEP 0, Fixing error 38: The default value literal 'unspecified' must be a valid literal of the attribute's type
mai 07, 2020 2:35:27 P.M. no.hvl.projectparmorel.qlearning.QModelFixer chooseAction
INFO: Choosing optimal action
mai 07, 2020 2:35:27 P.M. no.hvl.projectparmorel.qlearning.QModelFixer handleStep
INFO: Chose action setEType in context 0 with weight 3.200000000000003
mai 07, 2020 2:35:27 P.M. no.hvl.projectparmorel.qlearning.QModelFixer updateQTable
INFO: Calculating new Q-value:
Old Q-value: 3.200000000000003
Alpha: 1.0
Gamma:1.0

Reward: -2
3.200000000000003 + 1.0 * (-2 + 1.0 - 3.200000000000003) = -1.0
mai 07, 2020 2:35:27 P.M. no.hvl.projectparmorel.qlearning.QModelFixer updateQTable
INFO: Updated Q-table for error 38, context 0, action 591449609 to new weight -1.0
mai 07, 2020 2:36:13 P.M. no.hvl.projectparmorel.qlearning.ecore.EcoreSolution calculateDistanceFromOriginal
INFO: Calculated the distance between the models to 99.0
mai 07, 2020 2:36:13 P.M. no.hvl.projectparmorel.qlearning.reward.PreferCloseDinstanceToOriginalPreference rewardcalculateRewardFor
INFO: Time to measure distance: 45974 ms
mai 07, 2020 2:36:13 P.M. no.hvl.projectparmorel.qlearning.QModelFixer updateQTable
INFO: Calculating new Q-value:
Old Q-value: -1.0
Alpha: 1.0
Gamma:1.0

Reward: 99
-1.0 + 1.0 * (99 + 1.0 - -1.0) = 100.0
mai 07, 2020 2:36:13 P.M. no.hvl.projectparmorel.qlearning.QModelFixer updateQTable
INFO: Updated Q-table for error 38, context 0, action 591449609 to new weight 100.0
mai 07, 2020 2:36:14 P.M. no.hvl.projectparmorel.qlearning.reward.PreferMaintainability rewardcalculateRewardFor
INFO: Maintainability of the metamodel: 121.6
Time to get metric: 570 ms
mai 07, 2020 2:36:14 P.M. no.hvl.projectparmorel.qlearning.QModelFixer fixModel
INFO: Solution added to possible solitons: [ErrorAction [Error: 38 The default value literal 'unspecified' must be a valid literal of the attribute's type, Action: setEType, Error hierarchy: 0]
]
mai 07, 2020 2:36:14 P.M. no.hvl.projectparmorel.qlearning.QModelFixer fixModel
INFO: EPISODE 3 TOTAL REWARD 76.0



mai 07, 2020 2:36:14 P.M. no.hvl.projectparmorel.qlearning.QModelFixer handleEpisode
INFO: EPISODE 4, STEP 0, Fixing error 38: The default value literal 'unspecified' must be a valid literal of the attribute's type
mai 07, 2020 2:36:14 P.M. no.hvl.projectparmorel.qlearning.QModelFixer chooseAction
INFO: Choosing optimal action
mai 07, 2020 2:36:14 P.M. no.hvl.projectparmorel.qlearning.QModelFixer handleStep
INFO: Chose action setEType in context 0 with weight 3.200000000000003
mai 07, 2020 2:36:14 P.M. no.hvl.projectparmorel.qlearning.QModelFixer updateQTable
INFO: Calculating new Q-value:
Old Q-value: 3.200000000000003
Alpha: 1.0
Gamma:1.0

Reward: -2
3.200000000000003 + 1.0 * (-2 + 1.0 - 3.200000000000003) = -1.0
mai 07, 2020 2:36:14 P.M. no.hvl.projectparmorel.qlearning.QModelFixer updateQTable
INFO: Updated Q-table for error 38, context 0, action -591535257 to new weight -1.0
mai 07, 2020 2:36:59 P.M. no.hvl.projectparmorel.qlearning.ecore.EcoreSolution calculateDistanceFromOriginal
INFO: Calculated the distance between the models to 99.0
mai 07, 2020 2:36:59 P.M. no.hvl.projectparmorel.qlearning.reward.PreferCloseDinstanceToOriginalPreference rewardcalculateRewardFor
INFO: Time to measure distance: 45394 ms
mai 07, 2020 2:36:59 P.M. no.hvl.projectparmorel.qlearning.QModelFixer updateQTable
INFO: Calculating new Q-value:
Old Q-value: -1.0
Alpha: 1.0
Gamma:1.0

Reward: 99
-1.0 + 1.0 * (99 + 1.0 - -1.0) = 100.0
mai 07, 2020 2:36:59 P.M. no.hvl.projectparmorel.qlearning.QModelFixer updateQTable
INFO: Updated Q-table for error 38, context 0, action -591535257 to new weight 100.0
mai 07, 2020 2:37:00 P.M. no.hvl.projectparmorel.qlearning.reward.PreferMaintainability rewardcalculateRewardFor
INFO: Maintainability of the metamodel: 121.6
Time to get metric: 534 ms
mai 07, 2020 2:37:00 P.M. no.hvl.projectparmorel.qlearning.QModelFixer fixModel
INFO: Solution added to possible solitons: [ErrorAction [Error: 38 The default value literal 'unspecified' must be a valid literal of the attribute's type, Action: setEType, Error hierarchy: 0]
]
mai 07, 2020 2:37:00 P.M. no.hvl.projectparmorel.qlearning.QModelFixer fixModel
INFO: EPISODE 4 TOTAL REWARD 76.0



mai 07, 2020 2:37:00 P.M. no.hvl.projectparmorel.qlearning.QModelFixer handleEpisode
INFO: EPISODE 5, STEP 0, Fixing error 38: The default value literal 'unspecified' must be a valid literal of the attribute's type
mai 07, 2020 2:37:00 P.M. no.hvl.projectparmorel.qlearning.QModelFixer chooseAction
INFO: Choosing optimal action
mai 07, 2020 2:37:00 P.M. no.hvl.projectparmorel.qlearning.QModelFixer handleStep
INFO: Chose action setDefaultValueLiteral in context 0 with weight 3.200000000000003
mai 07, 2020 2:37:00 P.M. no.hvl.projectparmorel.qlearning.QModelFixer updateQTable
INFO: Calculating new Q-value:
Old Q-value: 3.200000000000003
Alpha: 1.0
Gamma:1.0

Reward: -2
3.200000000000003 + 1.0 * (-2 + 1.0 - 3.200000000000003) = -1.0
mai 07, 2020 2:37:00 P.M. no.hvl.projectparmorel.qlearning.QModelFixer updateQTable
INFO: Updated Q-table for error 38, context 0, action 1999964618 to new weight -1.0
mai 07, 2020 2:37:47 P.M. no.hvl.projectparmorel.qlearning.ecore.EcoreSolution calculateDistanceFromOriginal
INFO: Calculated the distance between the models to 100.0
mai 07, 2020 2:37:47 P.M. no.hvl.projectparmorel.qlearning.reward.PreferCloseDinstanceToOriginalPreference rewardcalculateRewardFor
INFO: Time to measure distance: 47438 ms
mai 07, 2020 2:37:47 P.M. no.hvl.projectparmorel.qlearning.QModelFixer updateQTable
INFO: Calculating new Q-value:
Old Q-value: -1.0
Alpha: 1.0
Gamma:1.0

Reward: 100
-1.0 + 1.0 * (100 + 1.0 - -1.0) = 101.0
mai 07, 2020 2:37:47 P.M. no.hvl.projectparmorel.qlearning.QModelFixer updateQTable
INFO: Updated Q-table for error 38, context 0, action 1999964618 to new weight 101.0
mai 07, 2020 2:37:48 P.M. no.hvl.projectparmorel.qlearning.reward.PreferMaintainability rewardcalculateRewardFor
INFO: Maintainability of the metamodel: 121.6
Time to get metric: 589 ms
mai 07, 2020 2:37:48 P.M. no.hvl.projectparmorel.qlearning.QModelFixer fixModel
INFO: Solution added to possible solitons: [ErrorAction [Error: 38 The default value literal 'unspecified' must be a valid literal of the attribute's type, Action: setDefaultValueLiteral, Error hierarchy: 0]
]
mai 07, 2020 2:37:48 P.M. no.hvl.projectparmorel.qlearning.QModelFixer fixModel
INFO: EPISODE 5 TOTAL REWARD 77.0



mai 07, 2020 2:37:48 P.M. no.hvl.projectparmorel.qlearning.QModelFixer handleEpisode
INFO: EPISODE 6, STEP 0, Fixing error 38: The default value literal 'unspecified' must be a valid literal of the attribute's type
mai 07, 2020 2:37:48 P.M. no.hvl.projectparmorel.qlearning.QModelFixer chooseAction
INFO: Choosing optimal action
mai 07, 2020 2:37:48 P.M. no.hvl.projectparmorel.qlearning.QModelFixer handleStep
INFO: Chose action delete in context 0 with weight -21.400000000000006
mai 07, 2020 2:37:52 P.M. no.hvl.projectparmorel.qlearning.QModelFixer updateQTable
INFO: Calculating new Q-value:
Old Q-value: -21.400000000000006
Alpha: 1.0
Gamma:1.0

Reward: -2
-21.400000000000006 + 1.0 * (-2 + 1.0 - -21.400000000000006) = -1.0
mai 07, 2020 2:37:52 P.M. no.hvl.projectparmorel.qlearning.QModelFixer updateQTable
INFO: Updated Q-table for error 38, context 0, action 99999 to new weight -1.0
mai 07, 2020 2:38:44 P.M. no.hvl.projectparmorel.qlearning.ecore.EcoreSolution calculateDistanceFromOriginal
INFO: Calculated the distance between the models to 99.0
mai 07, 2020 2:38:44 P.M. no.hvl.projectparmorel.qlearning.reward.PreferCloseDinstanceToOriginalPreference rewardcalculateRewardFor
INFO: Time to measure distance: 51733 ms
mai 07, 2020 2:38:44 P.M. no.hvl.projectparmorel.qlearning.QModelFixer updateQTable
INFO: Calculating new Q-value:
Old Q-value: -1.0
Alpha: 1.0
Gamma:1.0

Reward: 99
-1.0 + 1.0 * (99 + 1.0 - -1.0) = 100.0
mai 07, 2020 2:38:44 P.M. no.hvl.projectparmorel.qlearning.QModelFixer updateQTable
INFO: Updated Q-table for error 38, context 0, action 99999 to new weight 100.0
mai 07, 2020 2:38:45 P.M. no.hvl.projectparmorel.qlearning.reward.PreferMaintainability rewardcalculateRewardFor
INFO: Maintainability of the metamodel: 121.4
Time to get metric: 766 ms
mai 07, 2020 2:38:45 P.M. no.hvl.projectparmorel.qlearning.QModelFixer isUnique
INFO: Solution [ErrorAction [Error: 38 The default value literal 'unspecified' must be a valid literal of the attribute's type, Action: delete, Error hierarchy: 0]
] already exists.
mai 07, 2020 2:38:45 P.M. no.hvl.projectparmorel.qlearning.QModelFixer fixModel
INFO: Solution discarded.
mai 07, 2020 2:38:45 P.M. no.hvl.projectparmorel.qlearning.QModelFixer fixModel
INFO: EPISODE 6 TOTAL REWARD 76.0



mai 07, 2020 2:38:45 P.M. no.hvl.projectparmorel.qlearning.QModelFixer handleEpisode
INFO: EPISODE 7, STEP 0, Fixing error 38: The default value literal 'unspecified' must be a valid literal of the attribute's type
mai 07, 2020 2:38:45 P.M. no.hvl.projectparmorel.qlearning.QModelFixer chooseAction
INFO: Choosing random action.
mai 07, 2020 2:38:45 P.M. no.hvl.projectparmorel.qlearning.QModelFixer handleStep
INFO: Chose action setEType in context 0 with weight -21.599999999999994
mai 07, 2020 2:38:45 P.M. no.hvl.projectparmorel.qlearning.QModelFixer updateQTable
INFO: Calculating new Q-value:
Old Q-value: -21.599999999999994
Alpha: 1.0
Gamma:1.0

Reward: -2
-21.599999999999994 + 1.0 * (-2 + 1.0 - -21.599999999999994) = -1.0
mai 07, 2020 2:38:45 P.M. no.hvl.projectparmorel.qlearning.QModelFixer updateQTable
INFO: Updated Q-table for error 38, context 0, action 591449609 to new weight -1.0
mai 07, 2020 2:39:29 P.M. no.hvl.projectparmorel.qlearning.ecore.EcoreSolution calculateDistanceFromOriginal
INFO: Calculated the distance between the models to 99.0
mai 07, 2020 2:39:29 P.M. no.hvl.projectparmorel.qlearning.reward.PreferCloseDinstanceToOriginalPreference rewardcalculateRewardFor
INFO: Time to measure distance: 43992 ms
mai 07, 2020 2:39:29 P.M. no.hvl.projectparmorel.qlearning.QModelFixer updateQTable
INFO: Calculating new Q-value:
Old Q-value: -1.0
Alpha: 1.0
Gamma:1.0

Reward: 99
-1.0 + 1.0 * (99 + 1.0 - -1.0) = 100.0
mai 07, 2020 2:39:29 P.M. no.hvl.projectparmorel.qlearning.QModelFixer updateQTable
INFO: Updated Q-table for error 38, context 0, action 591449609 to new weight 100.0
mai 07, 2020 2:39:29 P.M. no.hvl.projectparmorel.qlearning.reward.PreferMaintainability rewardcalculateRewardFor
INFO: Maintainability of the metamodel: 121.6
Time to get metric: 530 ms
mai 07, 2020 2:39:29 P.M. no.hvl.projectparmorel.qlearning.QModelFixer isUnique
INFO: Solution [ErrorAction [Error: 38 The default value literal 'unspecified' must be a valid literal of the attribute's type, Action: setEType, Error hierarchy: 0]
] already exists.
mai 07, 2020 2:39:29 P.M. no.hvl.projectparmorel.qlearning.QModelFixer fixModel
INFO: Solution discarded.
mai 07, 2020 2:39:29 P.M. no.hvl.projectparmorel.qlearning.QModelFixer fixModel
INFO: EPISODE 7 TOTAL REWARD 76.0



mai 07, 2020 2:39:29 P.M. no.hvl.projectparmorel.qlearning.QModelFixer handleEpisode
INFO: EPISODE 8, STEP 0, Fixing error 38: The default value literal 'unspecified' must be a valid literal of the attribute's type
mai 07, 2020 2:39:29 P.M. no.hvl.projectparmorel.qlearning.QModelFixer chooseAction
INFO: Choosing optimal action
mai 07, 2020 2:39:29 P.M. no.hvl.projectparmorel.qlearning.QModelFixer handleStep
INFO: Chose action delete in context 0 with weight -21.400000000000006
mai 07, 2020 2:39:33 P.M. no.hvl.projectparmorel.qlearning.QModelFixer updateQTable
INFO: Calculating new Q-value:
Old Q-value: -21.400000000000006
Alpha: 1.0
Gamma:1.0

Reward: -2
-21.400000000000006 + 1.0 * (-2 + 1.0 - -21.400000000000006) = -1.0
mai 07, 2020 2:39:33 P.M. no.hvl.projectparmorel.qlearning.QModelFixer updateQTable
INFO: Updated Q-table for error 38, context 0, action 99999 to new weight -1.0
mai 07, 2020 2:40:23 P.M. no.hvl.projectparmorel.qlearning.ecore.EcoreSolution calculateDistanceFromOriginal
INFO: Calculated the distance between the models to 99.0
mai 07, 2020 2:40:23 P.M. no.hvl.projectparmorel.qlearning.reward.PreferCloseDinstanceToOriginalPreference rewardcalculateRewardFor
INFO: Time to measure distance: 50193 ms
mai 07, 2020 2:40:23 P.M. no.hvl.projectparmorel.qlearning.QModelFixer updateQTable
INFO: Calculating new Q-value:
Old Q-value: -1.0
Alpha: 1.0
Gamma:1.0

Reward: 99
-1.0 + 1.0 * (99 + 1.0 - -1.0) = 100.0
mai 07, 2020 2:40:23 P.M. no.hvl.projectparmorel.qlearning.QModelFixer updateQTable
INFO: Updated Q-table for error 38, context 0, action 99999 to new weight 100.0
mai 07, 2020 2:40:24 P.M. no.hvl.projectparmorel.qlearning.reward.PreferMaintainability rewardcalculateRewardFor
INFO: Maintainability of the metamodel: 121.4
Time to get metric: 706 ms
mai 07, 2020 2:40:24 P.M. no.hvl.projectparmorel.qlearning.QModelFixer isUnique
INFO: Solution [ErrorAction [Error: 38 The default value literal 'unspecified' must be a valid literal of the attribute's type, Action: delete, Error hierarchy: 0]
] already exists.
mai 07, 2020 2:40:24 P.M. no.hvl.projectparmorel.qlearning.QModelFixer fixModel
INFO: Solution discarded.
mai 07, 2020 2:40:24 P.M. no.hvl.projectparmorel.qlearning.QModelFixer fixModel
INFO: EPISODE 8 TOTAL REWARD 76.0



mai 07, 2020 2:40:24 P.M. no.hvl.projectparmorel.qlearning.QModelFixer handleEpisode
INFO: EPISODE 9, STEP 0, Fixing error 38: The default value literal 'unspecified' must be a valid literal of the attribute's type
mai 07, 2020 2:40:24 P.M. no.hvl.projectparmorel.qlearning.QModelFixer chooseAction
INFO: Choosing random action.
mai 07, 2020 2:40:24 P.M. no.hvl.projectparmorel.qlearning.QModelFixer handleStep
INFO: Chose action delete in context 0 with weight -21.400000000000006
mai 07, 2020 2:40:28 P.M. no.hvl.projectparmorel.qlearning.QModelFixer updateQTable
INFO: Calculating new Q-value:
Old Q-value: -21.400000000000006
Alpha: 1.0
Gamma:1.0

Reward: -2
-21.400000000000006 + 1.0 * (-2 + 1.0 - -21.400000000000006) = -1.0
mai 07, 2020 2:40:28 P.M. no.hvl.projectparmorel.qlearning.QModelFixer updateQTable
INFO: Updated Q-table for error 38, context 0, action 99999 to new weight -1.0
mai 07, 2020 2:41:21 P.M. no.hvl.projectparmorel.qlearning.ecore.EcoreSolution calculateDistanceFromOriginal
INFO: Calculated the distance between the models to 99.0
mai 07, 2020 2:41:21 P.M. no.hvl.projectparmorel.qlearning.reward.PreferCloseDinstanceToOriginalPreference rewardcalculateRewardFor
INFO: Time to measure distance: 53177 ms
mai 07, 2020 2:41:21 P.M. no.hvl.projectparmorel.qlearning.QModelFixer updateQTable
INFO: Calculating new Q-value:
Old Q-value: -1.0
Alpha: 1.0
Gamma:1.0

Reward: 99
-1.0 + 1.0 * (99 + 1.0 - -1.0) = 100.0
mai 07, 2020 2:41:21 P.M. no.hvl.projectparmorel.qlearning.QModelFixer updateQTable
INFO: Updated Q-table for error 38, context 0, action 99999 to new weight 100.0
mai 07, 2020 2:41:22 P.M. no.hvl.projectparmorel.qlearning.reward.PreferMaintainability rewardcalculateRewardFor
INFO: Maintainability of the metamodel: 121.4
Time to get metric: 548 ms
mai 07, 2020 2:41:22 P.M. no.hvl.projectparmorel.qlearning.QModelFixer isUnique
INFO: Solution [ErrorAction [Error: 38 The default value literal 'unspecified' must be a valid literal of the attribute's type, Action: delete, Error hierarchy: 0]
] already exists.
mai 07, 2020 2:41:22 P.M. no.hvl.projectparmorel.qlearning.QModelFixer fixModel
INFO: Solution discarded.
mai 07, 2020 2:41:22 P.M. no.hvl.projectparmorel.qlearning.QModelFixer fixModel
INFO: EPISODE 9 TOTAL REWARD 76.0



mai 07, 2020 2:41:22 P.M. no.hvl.projectparmorel.qlearning.QModelFixer handleEpisode
INFO: EPISODE 10, STEP 0, Fixing error 38: The default value literal 'unspecified' must be a valid literal of the attribute's type
mai 07, 2020 2:41:22 P.M. no.hvl.projectparmorel.qlearning.QModelFixer chooseAction
INFO: Choosing optimal action
mai 07, 2020 2:41:22 P.M. no.hvl.projectparmorel.qlearning.QModelFixer handleStep
INFO: Chose action delete in context 0 with weight -21.400000000000006
mai 07, 2020 2:41:25 P.M. no.hvl.projectparmorel.qlearning.QModelFixer updateQTable
INFO: Calculating new Q-value:
Old Q-value: -21.400000000000006
Alpha: 1.0
Gamma:1.0

Reward: -2
-21.400000000000006 + 1.0 * (-2 + 1.0 - -21.400000000000006) = -1.0
mai 07, 2020 2:41:25 P.M. no.hvl.projectparmorel.qlearning.QModelFixer updateQTable
INFO: Updated Q-table for error 38, context 0, action 99999 to new weight -1.0
mai 07, 2020 2:42:14 P.M. no.hvl.projectparmorel.qlearning.ecore.EcoreSolution calculateDistanceFromOriginal
INFO: Calculated the distance between the models to 99.0
mai 07, 2020 2:42:14 P.M. no.hvl.projectparmorel.qlearning.reward.PreferCloseDinstanceToOriginalPreference rewardcalculateRewardFor
INFO: Time to measure distance: 48448 ms
mai 07, 2020 2:42:14 P.M. no.hvl.projectparmorel.qlearning.QModelFixer updateQTable
INFO: Calculating new Q-value:
Old Q-value: -1.0
Alpha: 1.0
Gamma:1.0

Reward: 99
-1.0 + 1.0 * (99 + 1.0 - -1.0) = 100.0
mai 07, 2020 2:42:14 P.M. no.hvl.projectparmorel.qlearning.QModelFixer updateQTable
INFO: Updated Q-table for error 38, context 0, action 99999 to new weight 100.0
mai 07, 2020 2:42:14 P.M. no.hvl.projectparmorel.qlearning.reward.PreferMaintainability rewardcalculateRewardFor
INFO: Maintainability of the metamodel: 121.4
Time to get metric: 553 ms
mai 07, 2020 2:42:14 P.M. no.hvl.projectparmorel.qlearning.QModelFixer isUnique
INFO: Solution [ErrorAction [Error: 38 The default value literal 'unspecified' must be a valid literal of the attribute's type, Action: delete, Error hierarchy: 0]
] already exists.
mai 07, 2020 2:42:14 P.M. no.hvl.projectparmorel.qlearning.QModelFixer fixModel
INFO: Solution discarded.
mai 07, 2020 2:42:14 P.M. no.hvl.projectparmorel.qlearning.QModelFixer fixModel
INFO: EPISODE 10 TOTAL REWARD 76.0



mai 07, 2020 2:42:14 P.M. no.hvl.projectparmorel.qlearning.QModelFixer handleEpisode
INFO: EPISODE 11, STEP 0, Fixing error 38: The default value literal 'unspecified' must be a valid literal of the attribute's type
mai 07, 2020 2:42:14 P.M. no.hvl.projectparmorel.qlearning.QModelFixer chooseAction
INFO: Choosing random action.
mai 07, 2020 2:42:14 P.M. no.hvl.projectparmorel.qlearning.QModelFixer handleStep
INFO: Chose action setDefaultValueLiteralGen in context 0 with weight -21.599999999999994
mai 07, 2020 2:42:14 P.M. no.hvl.projectparmorel.qlearning.QModelFixer updateQTable
INFO: Calculating new Q-value:
Old Q-value: -21.599999999999994
Alpha: 1.0
Gamma:1.0

Reward: -2
-21.599999999999994 + 1.0 * (-2 + 1.0 - -21.599999999999994) = -1.0
mai 07, 2020 2:42:14 P.M. no.hvl.projectparmorel.qlearning.QModelFixer updateQTable
INFO: Updated Q-table for error 38, context 0, action -2078906332 to new weight -1.0
mai 07, 2020 2:42:59 P.M. no.hvl.projectparmorel.qlearning.ecore.EcoreSolution calculateDistanceFromOriginal
INFO: Calculated the distance between the models to 100.0
mai 07, 2020 2:42:59 P.M. no.hvl.projectparmorel.qlearning.reward.PreferCloseDinstanceToOriginalPreference rewardcalculateRewardFor
INFO: Time to measure distance: 44139 ms
mai 07, 2020 2:42:59 P.M. no.hvl.projectparmorel.qlearning.QModelFixer updateQTable
INFO: Calculating new Q-value:
Old Q-value: -1.0
Alpha: 1.0
Gamma:1.0

Reward: 100
-1.0 + 1.0 * (100 + 1.0 - -1.0) = 101.0
mai 07, 2020 2:42:59 P.M. no.hvl.projectparmorel.qlearning.QModelFixer updateQTable
INFO: Updated Q-table for error 38, context 0, action -2078906332 to new weight 101.0
mai 07, 2020 2:42:59 P.M. no.hvl.projectparmorel.qlearning.reward.PreferMaintainability rewardcalculateRewardFor
INFO: Maintainability of the metamodel: 121.6
Time to get metric: 597 ms
mai 07, 2020 2:42:59 P.M. no.hvl.projectparmorel.qlearning.QModelFixer isUnique
INFO: Solution [ErrorAction [Error: 38 The default value literal 'unspecified' must be a valid literal of the attribute's type, Action: setDefaultValueLiteralGen, Error hierarchy: 0]
] already exists.
mai 07, 2020 2:42:59 P.M. no.hvl.projectparmorel.qlearning.QModelFixer fixModel
INFO: Solution discarded.
mai 07, 2020 2:42:59 P.M. no.hvl.projectparmorel.qlearning.QModelFixer fixModel
INFO: EPISODE 11 TOTAL REWARD 77.0



mai 07, 2020 2:42:59 P.M. no.hvl.projectparmorel.qlearning.QModelFixer handleEpisode
INFO: EPISODE 12, STEP 0, Fixing error 38: The default value literal 'unspecified' must be a valid literal of the attribute's type
mai 07, 2020 2:42:59 P.M. no.hvl.projectparmorel.qlearning.QModelFixer chooseAction
INFO: Choosing optimal action
mai 07, 2020 2:42:59 P.M. no.hvl.projectparmorel.qlearning.QModelFixer handleStep
INFO: Chose action delete in context 0 with weight -21.400000000000006
mai 07, 2020 2:43:03 P.M. no.hvl.projectparmorel.qlearning.QModelFixer updateQTable
INFO: Calculating new Q-value:
Old Q-value: -21.400000000000006
Alpha: 1.0
Gamma:1.0

Reward: -2
-21.400000000000006 + 1.0 * (-2 + 1.0 - -21.400000000000006) = -1.0
mai 07, 2020 2:43:03 P.M. no.hvl.projectparmorel.qlearning.QModelFixer updateQTable
INFO: Updated Q-table for error 38, context 0, action 99999 to new weight -1.0
mai 07, 2020 2:43:49 P.M. no.hvl.projectparmorel.qlearning.ecore.EcoreSolution calculateDistanceFromOriginal
INFO: Calculated the distance between the models to 99.0
mai 07, 2020 2:43:49 P.M. no.hvl.projectparmorel.qlearning.reward.PreferCloseDinstanceToOriginalPreference rewardcalculateRewardFor
INFO: Time to measure distance: 46112 ms
mai 07, 2020 2:43:49 P.M. no.hvl.projectparmorel.qlearning.QModelFixer updateQTable
INFO: Calculating new Q-value:
Old Q-value: -1.0
Alpha: 1.0
Gamma:1.0

Reward: 99
-1.0 + 1.0 * (99 + 1.0 - -1.0) = 100.0
mai 07, 2020 2:43:49 P.M. no.hvl.projectparmorel.qlearning.QModelFixer updateQTable
INFO: Updated Q-table for error 38, context 0, action 99999 to new weight 100.0
mai 07, 2020 2:43:50 P.M. no.hvl.projectparmorel.qlearning.reward.PreferMaintainability rewardcalculateRewardFor
INFO: Maintainability of the metamodel: 121.4
Time to get metric: 578 ms
mai 07, 2020 2:43:50 P.M. no.hvl.projectparmorel.qlearning.QModelFixer isUnique
INFO: Solution [ErrorAction [Error: 38 The default value literal 'unspecified' must be a valid literal of the attribute's type, Action: delete, Error hierarchy: 0]
] already exists.
mai 07, 2020 2:43:50 P.M. no.hvl.projectparmorel.qlearning.QModelFixer fixModel
INFO: Solution discarded.
mai 07, 2020 2:43:50 P.M. no.hvl.projectparmorel.qlearning.QModelFixer fixModel
INFO: EPISODE 12 TOTAL REWARD 76.0



mai 07, 2020 2:43:50 P.M. no.hvl.projectparmorel.qlearning.QModelFixer handleEpisode
INFO: EPISODE 13, STEP 0, Fixing error 38: The default value literal 'unspecified' must be a valid literal of the attribute's type
mai 07, 2020 2:43:50 P.M. no.hvl.projectparmorel.qlearning.QModelFixer chooseAction
INFO: Choosing optimal action
mai 07, 2020 2:43:50 P.M. no.hvl.projectparmorel.qlearning.QModelFixer handleStep
INFO: Chose action delete in context 0 with weight -21.400000000000006
mai 07, 2020 2:43:54 P.M. no.hvl.projectparmorel.qlearning.QModelFixer updateQTable
INFO: Calculating new Q-value:
Old Q-value: -21.400000000000006
Alpha: 1.0
Gamma:1.0

Reward: -2
-21.400000000000006 + 1.0 * (-2 + 1.0 - -21.400000000000006) = -1.0
mai 07, 2020 2:43:54 P.M. no.hvl.projectparmorel.qlearning.QModelFixer updateQTable
INFO: Updated Q-table for error 38, context 0, action 99999 to new weight -1.0
mai 07, 2020 2:44:40 P.M. no.hvl.projectparmorel.qlearning.ecore.EcoreSolution calculateDistanceFromOriginal
INFO: Calculated the distance between the models to 99.0
mai 07, 2020 2:44:40 P.M. no.hvl.projectparmorel.qlearning.reward.PreferCloseDinstanceToOriginalPreference rewardcalculateRewardFor
INFO: Time to measure distance: 46653 ms
mai 07, 2020 2:44:40 P.M. no.hvl.projectparmorel.qlearning.QModelFixer updateQTable
INFO: Calculating new Q-value:
Old Q-value: -1.0
Alpha: 1.0
Gamma:1.0

Reward: 99
-1.0 + 1.0 * (99 + 1.0 - -1.0) = 100.0
mai 07, 2020 2:44:40 P.M. no.hvl.projectparmorel.qlearning.QModelFixer updateQTable
INFO: Updated Q-table for error 38, context 0, action 99999 to new weight 100.0
mai 07, 2020 2:44:41 P.M. no.hvl.projectparmorel.qlearning.reward.PreferMaintainability rewardcalculateRewardFor
INFO: Maintainability of the metamodel: 121.4
Time to get metric: 624 ms
mai 07, 2020 2:44:41 P.M. no.hvl.projectparmorel.qlearning.QModelFixer isUnique
INFO: Solution [ErrorAction [Error: 38 The default value literal 'unspecified' must be a valid literal of the attribute's type, Action: delete, Error hierarchy: 0]
] already exists.
mai 07, 2020 2:44:41 P.M. no.hvl.projectparmorel.qlearning.QModelFixer fixModel
INFO: Solution discarded.
mai 07, 2020 2:44:41 P.M. no.hvl.projectparmorel.qlearning.QModelFixer fixModel
INFO: EPISODE 13 TOTAL REWARD 76.0



mai 07, 2020 2:44:41 P.M. no.hvl.projectparmorel.qlearning.QModelFixer handleEpisode
INFO: EPISODE 14, STEP 0, Fixing error 38: The default value literal 'unspecified' must be a valid literal of the attribute's type
mai 07, 2020 2:44:41 P.M. no.hvl.projectparmorel.qlearning.QModelFixer chooseAction
INFO: Choosing random action.
mai 07, 2020 2:44:41 P.M. no.hvl.projectparmorel.qlearning.QModelFixer handleStep
INFO: Chose action setEType in context 0 with weight -21.599999999999994
mai 07, 2020 2:44:41 P.M. no.hvl.projectparmorel.qlearning.QModelFixer updateQTable
INFO: Calculating new Q-value:
Old Q-value: -21.599999999999994
Alpha: 1.0
Gamma:1.0

Reward: -2
-21.599999999999994 + 1.0 * (-2 + 1.0 - -21.599999999999994) = -1.0
mai 07, 2020 2:44:41 P.M. no.hvl.projectparmorel.qlearning.QModelFixer updateQTable
INFO: Updated Q-table for error 38, context 0, action -591535257 to new weight -1.0
mai 07, 2020 2:45:35 P.M. no.hvl.projectparmorel.qlearning.ecore.EcoreSolution calculateDistanceFromOriginal
INFO: Calculated the distance between the models to 99.0
mai 07, 2020 2:45:35 P.M. no.hvl.projectparmorel.qlearning.reward.PreferCloseDinstanceToOriginalPreference rewardcalculateRewardFor
INFO: Time to measure distance: 53930 ms
mai 07, 2020 2:45:35 P.M. no.hvl.projectparmorel.qlearning.QModelFixer updateQTable
INFO: Calculating new Q-value:
Old Q-value: -1.0
Alpha: 1.0
Gamma:1.0

Reward: 99
-1.0 + 1.0 * (99 + 1.0 - -1.0) = 100.0
mai 07, 2020 2:45:35 P.M. no.hvl.projectparmorel.qlearning.QModelFixer updateQTable
INFO: Updated Q-table for error 38, context 0, action -591535257 to new weight 100.0
mai 07, 2020 2:45:35 P.M. no.hvl.projectparmorel.qlearning.reward.PreferMaintainability rewardcalculateRewardFor
INFO: Maintainability of the metamodel: 121.6
Time to get metric: 532 ms
mai 07, 2020 2:45:35 P.M. no.hvl.projectparmorel.qlearning.QModelFixer isUnique
INFO: Solution [ErrorAction [Error: 38 The default value literal 'unspecified' must be a valid literal of the attribute's type, Action: setEType, Error hierarchy: 0]
] already exists.
mai 07, 2020 2:45:35 P.M. no.hvl.projectparmorel.qlearning.QModelFixer fixModel
INFO: Solution discarded.
mai 07, 2020 2:45:35 P.M. no.hvl.projectparmorel.qlearning.QModelFixer fixModel
INFO: EPISODE 14 TOTAL REWARD 76.0



mai 07, 2020 2:45:35 P.M. no.hvl.projectparmorel.qlearning.QModelFixer handleEpisode
INFO: EPISODE 15, STEP 0, Fixing error 38: The default value literal 'unspecified' must be a valid literal of the attribute's type
mai 07, 2020 2:45:35 P.M. no.hvl.projectparmorel.qlearning.QModelFixer chooseAction
INFO: Choosing random action.
mai 07, 2020 2:45:35 P.M. no.hvl.projectparmorel.qlearning.QModelFixer handleStep
INFO: Chose action setDefaultValueLiteralGen in context 0 with weight -21.599999999999994
mai 07, 2020 2:45:35 P.M. no.hvl.projectparmorel.qlearning.QModelFixer updateQTable
INFO: Calculating new Q-value:
Old Q-value: -21.599999999999994
Alpha: 1.0
Gamma:1.0

Reward: -2
-21.599999999999994 + 1.0 * (-2 + 1.0 - -21.599999999999994) = -1.0
mai 07, 2020 2:45:35 P.M. no.hvl.projectparmorel.qlearning.QModelFixer updateQTable
INFO: Updated Q-table for error 38, context 0, action -2078906332 to new weight -1.0
mai 07, 2020 2:46:29 P.M. no.hvl.projectparmorel.qlearning.ecore.EcoreSolution calculateDistanceFromOriginal
INFO: Calculated the distance between the models to 100.0
mai 07, 2020 2:46:29 P.M. no.hvl.projectparmorel.qlearning.reward.PreferCloseDinstanceToOriginalPreference rewardcalculateRewardFor
INFO: Time to measure distance: 54028 ms
mai 07, 2020 2:46:29 P.M. no.hvl.projectparmorel.qlearning.QModelFixer updateQTable
INFO: Calculating new Q-value:
Old Q-value: -1.0
Alpha: 1.0
Gamma:1.0

Reward: 100
-1.0 + 1.0 * (100 + 1.0 - -1.0) = 101.0
mai 07, 2020 2:46:29 P.M. no.hvl.projectparmorel.qlearning.QModelFixer updateQTable
INFO: Updated Q-table for error 38, context 0, action -2078906332 to new weight 101.0
mai 07, 2020 2:46:30 P.M. no.hvl.projectparmorel.qlearning.reward.PreferMaintainability rewardcalculateRewardFor
INFO: Maintainability of the metamodel: 121.6
Time to get metric: 579 ms
mai 07, 2020 2:46:30 P.M. no.hvl.projectparmorel.qlearning.QModelFixer isUnique
INFO: Solution [ErrorAction [Error: 38 The default value literal 'unspecified' must be a valid literal of the attribute's type, Action: setDefaultValueLiteralGen, Error hierarchy: 0]
] already exists.
mai 07, 2020 2:46:30 P.M. no.hvl.projectparmorel.qlearning.QModelFixer fixModel
INFO: Solution discarded.
mai 07, 2020 2:46:30 P.M. no.hvl.projectparmorel.qlearning.QModelFixer fixModel
INFO: EPISODE 15 TOTAL REWARD 77.0



mai 07, 2020 2:46:30 P.M. no.hvl.projectparmorel.qlearning.QModelFixer handleEpisode
INFO: EPISODE 16, STEP 0, Fixing error 38: The default value literal 'unspecified' must be a valid literal of the attribute's type
mai 07, 2020 2:46:30 P.M. no.hvl.projectparmorel.qlearning.QModelFixer chooseAction
INFO: Choosing random action.
mai 07, 2020 2:46:30 P.M. no.hvl.projectparmorel.qlearning.QModelFixer handleStep
INFO: Chose action setEType in context 0 with weight -21.599999999999994
mai 07, 2020 2:46:30 P.M. no.hvl.projectparmorel.qlearning.QModelFixer updateQTable
INFO: Calculating new Q-value:
Old Q-value: -21.599999999999994
Alpha: 1.0
Gamma:1.0

Reward: -2
-21.599999999999994 + 1.0 * (-2 + 1.0 - -21.599999999999994) = -1.0
mai 07, 2020 2:46:30 P.M. no.hvl.projectparmorel.qlearning.QModelFixer updateQTable
INFO: Updated Q-table for error 38, context 0, action 591449609 to new weight -1.0
mai 07, 2020 2:47:30 P.M. no.hvl.projectparmorel.qlearning.ecore.EcoreSolution calculateDistanceFromOriginal
INFO: Calculated the distance between the models to 99.0
mai 07, 2020 2:47:30 P.M. no.hvl.projectparmorel.qlearning.reward.PreferCloseDinstanceToOriginalPreference rewardcalculateRewardFor
INFO: Time to measure distance: 60149 ms
mai 07, 2020 2:47:30 P.M. no.hvl.projectparmorel.qlearning.QModelFixer updateQTable
INFO: Calculating new Q-value:
Old Q-value: -1.0
Alpha: 1.0
Gamma:1.0

Reward: 99
-1.0 + 1.0 * (99 + 1.0 - -1.0) = 100.0
mai 07, 2020 2:47:30 P.M. no.hvl.projectparmorel.qlearning.QModelFixer updateQTable
INFO: Updated Q-table for error 38, context 0, action 591449609 to new weight 100.0
mai 07, 2020 2:47:31 P.M. no.hvl.projectparmorel.qlearning.reward.PreferMaintainability rewardcalculateRewardFor
INFO: Maintainability of the metamodel: 121.6
Time to get metric: 542 ms
mai 07, 2020 2:47:31 P.M. no.hvl.projectparmorel.qlearning.QModelFixer isUnique
INFO: Solution [ErrorAction [Error: 38 The default value literal 'unspecified' must be a valid literal of the attribute's type, Action: setEType, Error hierarchy: 0]
] already exists.
mai 07, 2020 2:47:31 P.M. no.hvl.projectparmorel.qlearning.QModelFixer fixModel
INFO: Solution discarded.
mai 07, 2020 2:47:31 P.M. no.hvl.projectparmorel.qlearning.QModelFixer fixModel
INFO: EPISODE 16 TOTAL REWARD 76.0



mai 07, 2020 2:47:31 P.M. no.hvl.projectparmorel.qlearning.QModelFixer handleEpisode
INFO: EPISODE 17, STEP 0, Fixing error 38: The default value literal 'unspecified' must be a valid literal of the attribute's type
mai 07, 2020 2:47:31 P.M. no.hvl.projectparmorel.qlearning.QModelFixer chooseAction
INFO: Choosing optimal action
mai 07, 2020 2:47:31 P.M. no.hvl.projectparmorel.qlearning.QModelFixer handleStep
INFO: Chose action delete in context 0 with weight -21.400000000000006
mai 07, 2020 2:47:35 P.M. no.hvl.projectparmorel.qlearning.QModelFixer updateQTable
INFO: Calculating new Q-value:
Old Q-value: -21.400000000000006
Alpha: 1.0
Gamma:1.0

Reward: -2
-21.400000000000006 + 1.0 * (-2 + 1.0 - -21.400000000000006) = -1.0
mai 07, 2020 2:47:35 P.M. no.hvl.projectparmorel.qlearning.QModelFixer updateQTable
INFO: Updated Q-table for error 38, context 0, action 99999 to new weight -1.0
mai 07, 2020 2:48:34 P.M. no.hvl.projectparmorel.qlearning.ecore.EcoreSolution calculateDistanceFromOriginal
INFO: Calculated the distance between the models to 99.0
mai 07, 2020 2:48:34 P.M. no.hvl.projectparmorel.qlearning.reward.PreferCloseDinstanceToOriginalPreference rewardcalculateRewardFor
INFO: Time to measure distance: 59514 ms
mai 07, 2020 2:48:34 P.M. no.hvl.projectparmorel.qlearning.QModelFixer updateQTable
INFO: Calculating new Q-value:
Old Q-value: -1.0
Alpha: 1.0
Gamma:1.0

Reward: 99
-1.0 + 1.0 * (99 + 1.0 - -1.0) = 100.0
mai 07, 2020 2:48:34 P.M. no.hvl.projectparmorel.qlearning.QModelFixer updateQTable
INFO: Updated Q-table for error 38, context 0, action 99999 to new weight 100.0
mai 07, 2020 2:48:35 P.M. no.hvl.projectparmorel.qlearning.reward.PreferMaintainability rewardcalculateRewardFor
INFO: Maintainability of the metamodel: 121.4
Time to get metric: 659 ms
mai 07, 2020 2:48:35 P.M. no.hvl.projectparmorel.qlearning.QModelFixer isUnique
INFO: Solution [ErrorAction [Error: 38 The default value literal 'unspecified' must be a valid literal of the attribute's type, Action: delete, Error hierarchy: 0]
] already exists.
mai 07, 2020 2:48:35 P.M. no.hvl.projectparmorel.qlearning.QModelFixer fixModel
INFO: Solution discarded.
mai 07, 2020 2:48:35 P.M. no.hvl.projectparmorel.qlearning.QModelFixer fixModel
INFO: EPISODE 17 TOTAL REWARD 76.0



mai 07, 2020 2:48:35 P.M. no.hvl.projectparmorel.qlearning.QModelFixer handleEpisode
INFO: EPISODE 18, STEP 0, Fixing error 38: The default value literal 'unspecified' must be a valid literal of the attribute's type
mai 07, 2020 2:48:35 P.M. no.hvl.projectparmorel.qlearning.QModelFixer chooseAction
INFO: Choosing random action.
mai 07, 2020 2:48:35 P.M. no.hvl.projectparmorel.qlearning.QModelFixer handleStep
INFO: Chose action setDefaultValueLiteralGen in context 0 with weight -21.599999999999994
mai 07, 2020 2:48:35 P.M. no.hvl.projectparmorel.qlearning.QModelFixer updateQTable
INFO: Calculating new Q-value:
Old Q-value: -21.599999999999994
Alpha: 1.0
Gamma:1.0

Reward: -2
-21.599999999999994 + 1.0 * (-2 + 1.0 - -21.599999999999994) = -1.0
mai 07, 2020 2:48:35 P.M. no.hvl.projectparmorel.qlearning.QModelFixer updateQTable
INFO: Updated Q-table for error 38, context 0, action -2078906332 to new weight -1.0
mai 07, 2020 2:49:42 P.M. no.hvl.projectparmorel.qlearning.ecore.EcoreSolution calculateDistanceFromOriginal
INFO: Calculated the distance between the models to 100.0
mai 07, 2020 2:49:42 P.M. no.hvl.projectparmorel.qlearning.reward.PreferCloseDinstanceToOriginalPreference rewardcalculateRewardFor
INFO: Time to measure distance: 67153 ms
mai 07, 2020 2:49:42 P.M. no.hvl.projectparmorel.qlearning.QModelFixer updateQTable
INFO: Calculating new Q-value:
Old Q-value: -1.0
Alpha: 1.0
Gamma:1.0

Reward: 100
-1.0 + 1.0 * (100 + 1.0 - -1.0) = 101.0
mai 07, 2020 2:49:42 P.M. no.hvl.projectparmorel.qlearning.QModelFixer updateQTable
INFO: Updated Q-table for error 38, context 0, action -2078906332 to new weight 101.0
mai 07, 2020 2:49:43 P.M. no.hvl.projectparmorel.qlearning.reward.PreferMaintainability rewardcalculateRewardFor
INFO: Maintainability of the metamodel: 121.6
Time to get metric: 689 ms
mai 07, 2020 2:49:43 P.M. no.hvl.projectparmorel.qlearning.QModelFixer isUnique
INFO: Solution [ErrorAction [Error: 38 The default value literal 'unspecified' must be a valid literal of the attribute's type, Action: setDefaultValueLiteralGen, Error hierarchy: 0]
] already exists.
mai 07, 2020 2:49:43 P.M. no.hvl.projectparmorel.qlearning.QModelFixer fixModel
INFO: Solution discarded.
mai 07, 2020 2:49:43 P.M. no.hvl.projectparmorel.qlearning.QModelFixer fixModel
INFO: EPISODE 18 TOTAL REWARD 77.0



mai 07, 2020 2:49:43 P.M. no.hvl.projectparmorel.qlearning.QModelFixer handleEpisode
INFO: EPISODE 19, STEP 0, Fixing error 38: The default value literal 'unspecified' must be a valid literal of the attribute's type
mai 07, 2020 2:49:43 P.M. no.hvl.projectparmorel.qlearning.QModelFixer chooseAction
INFO: Choosing optimal action
mai 07, 2020 2:49:43 P.M. no.hvl.projectparmorel.qlearning.QModelFixer handleStep
INFO: Chose action delete in context 0 with weight -21.400000000000006
mai 07, 2020 2:49:48 P.M. no.hvl.projectparmorel.qlearning.QModelFixer updateQTable
INFO: Calculating new Q-value:
Old Q-value: -21.400000000000006
Alpha: 1.0
Gamma:1.0

Reward: -2
-21.400000000000006 + 1.0 * (-2 + 1.0 - -21.400000000000006) = -1.0
mai 07, 2020 2:49:48 P.M. no.hvl.projectparmorel.qlearning.QModelFixer updateQTable
INFO: Updated Q-table for error 38, context 0, action 99999 to new weight -1.0
mai 07, 2020 2:51:04 P.M. no.hvl.projectparmorel.qlearning.ecore.EcoreSolution calculateDistanceFromOriginal
INFO: Calculated the distance between the models to 99.0
mai 07, 2020 2:51:04 P.M. no.hvl.projectparmorel.qlearning.reward.PreferCloseDinstanceToOriginalPreference rewardcalculateRewardFor
INFO: Time to measure distance: 75890 ms
mai 07, 2020 2:51:04 P.M. no.hvl.projectparmorel.qlearning.QModelFixer updateQTable
INFO: Calculating new Q-value:
Old Q-value: -1.0
Alpha: 1.0
Gamma:1.0

Reward: 99
-1.0 + 1.0 * (99 + 1.0 - -1.0) = 100.0
mai 07, 2020 2:51:04 P.M. no.hvl.projectparmorel.qlearning.QModelFixer updateQTable
INFO: Updated Q-table for error 38, context 0, action 99999 to new weight 100.0
mai 07, 2020 2:51:05 P.M. no.hvl.projectparmorel.qlearning.reward.PreferMaintainability rewardcalculateRewardFor
INFO: Maintainability of the metamodel: 121.4
Time to get metric: 1085 ms
mai 07, 2020 2:51:05 P.M. no.hvl.projectparmorel.qlearning.QModelFixer isUnique
INFO: Solution [ErrorAction [Error: 38 The default value literal 'unspecified' must be a valid literal of the attribute's type, Action: delete, Error hierarchy: 0]
] already exists.
mai 07, 2020 2:51:05 P.M. no.hvl.projectparmorel.qlearning.QModelFixer fixModel
INFO: Solution discarded.
mai 07, 2020 2:51:05 P.M. no.hvl.projectparmorel.qlearning.QModelFixer fixModel
INFO: EPISODE 19 TOTAL REWARD 76.0



mai 07, 2020 2:51:05 P.M. no.hvl.projectparmorel.qlearning.QModelFixer handleEpisode
INFO: EPISODE 20, STEP 0, Fixing error 38: The default value literal 'unspecified' must be a valid literal of the attribute's type
mai 07, 2020 2:51:05 P.M. no.hvl.projectparmorel.qlearning.QModelFixer chooseAction
INFO: Choosing random action.
mai 07, 2020 2:51:05 P.M. no.hvl.projectparmorel.qlearning.QModelFixer handleStep
INFO: Chose action setDefaultValueLiteralGen in context 0 with weight -21.599999999999994
mai 07, 2020 2:51:05 P.M. no.hvl.projectparmorel.qlearning.QModelFixer updateQTable
INFO: Calculating new Q-value:
Old Q-value: -21.599999999999994
Alpha: 1.0
Gamma:1.0

Reward: -2
-21.599999999999994 + 1.0 * (-2 + 1.0 - -21.599999999999994) = -1.0
mai 07, 2020 2:51:05 P.M. no.hvl.projectparmorel.qlearning.QModelFixer updateQTable
INFO: Updated Q-table for error 38, context 0, action -2078906332 to new weight -1.0
mai 07, 2020 2:52:07 P.M. no.hvl.projectparmorel.qlearning.ecore.EcoreSolution calculateDistanceFromOriginal
INFO: Calculated the distance between the models to 100.0
mai 07, 2020 2:52:07 P.M. no.hvl.projectparmorel.qlearning.reward.PreferCloseDinstanceToOriginalPreference rewardcalculateRewardFor
INFO: Time to measure distance: 61989 ms
mai 07, 2020 2:52:07 P.M. no.hvl.projectparmorel.qlearning.QModelFixer updateQTable
INFO: Calculating new Q-value:
Old Q-value: -1.0
Alpha: 1.0
Gamma:1.0

Reward: 100
-1.0 + 1.0 * (100 + 1.0 - -1.0) = 101.0
mai 07, 2020 2:52:07 P.M. no.hvl.projectparmorel.qlearning.QModelFixer updateQTable
INFO: Updated Q-table for error 38, context 0, action -2078906332 to new weight 101.0
mai 07, 2020 2:52:08 P.M. no.hvl.projectparmorel.qlearning.reward.PreferMaintainability rewardcalculateRewardFor
INFO: Maintainability of the metamodel: 121.6
Time to get metric: 598 ms
mai 07, 2020 2:52:08 P.M. no.hvl.projectparmorel.qlearning.QModelFixer isUnique
INFO: Solution [ErrorAction [Error: 38 The default value literal 'unspecified' must be a valid literal of the attribute's type, Action: setDefaultValueLiteralGen, Error hierarchy: 0]
] already exists.
mai 07, 2020 2:52:08 P.M. no.hvl.projectparmorel.qlearning.QModelFixer fixModel
INFO: Solution discarded.
mai 07, 2020 2:52:08 P.M. no.hvl.projectparmorel.qlearning.QModelFixer fixModel
INFO: EPISODE 20 TOTAL REWARD 77.0



mai 07, 2020 2:52:08 P.M. no.hvl.projectparmorel.qlearning.QModelFixer handleEpisode
INFO: EPISODE 21, STEP 0, Fixing error 38: The default value literal 'unspecified' must be a valid literal of the attribute's type
mai 07, 2020 2:52:08 P.M. no.hvl.projectparmorel.qlearning.QModelFixer chooseAction
INFO: Choosing optimal action
mai 07, 2020 2:52:08 P.M. no.hvl.projectparmorel.qlearning.QModelFixer handleStep
INFO: Chose action delete in context 0 with weight -21.400000000000006
mai 07, 2020 2:52:12 P.M. no.hvl.projectparmorel.qlearning.QModelFixer updateQTable
INFO: Calculating new Q-value:
Old Q-value: -21.400000000000006
Alpha: 1.0
Gamma:1.0

Reward: -2
-21.400000000000006 + 1.0 * (-2 + 1.0 - -21.400000000000006) = -1.0
mai 07, 2020 2:52:12 P.M. no.hvl.projectparmorel.qlearning.QModelFixer updateQTable
INFO: Updated Q-table for error 38, context 0, action 99999 to new weight -1.0
mai 07, 2020 2:53:03 P.M. no.hvl.projectparmorel.qlearning.ecore.EcoreSolution calculateDistanceFromOriginal
INFO: Calculated the distance between the models to 99.0
mai 07, 2020 2:53:03 P.M. no.hvl.projectparmorel.qlearning.reward.PreferCloseDinstanceToOriginalPreference rewardcalculateRewardFor
INFO: Time to measure distance: 51430 ms
mai 07, 2020 2:53:03 P.M. no.hvl.projectparmorel.qlearning.QModelFixer updateQTable
INFO: Calculating new Q-value:
Old Q-value: -1.0
Alpha: 1.0
Gamma:1.0

Reward: 99
-1.0 + 1.0 * (99 + 1.0 - -1.0) = 100.0
mai 07, 2020 2:53:03 P.M. no.hvl.projectparmorel.qlearning.QModelFixer updateQTable
INFO: Updated Q-table for error 38, context 0, action 99999 to new weight 100.0
mai 07, 2020 2:53:04 P.M. no.hvl.projectparmorel.qlearning.reward.PreferMaintainability rewardcalculateRewardFor
INFO: Maintainability of the metamodel: 121.4
Time to get metric: 561 ms
mai 07, 2020 2:53:04 P.M. no.hvl.projectparmorel.qlearning.QModelFixer isUnique
INFO: Solution [ErrorAction [Error: 38 The default value literal 'unspecified' must be a valid literal of the attribute's type, Action: delete, Error hierarchy: 0]
] already exists.
mai 07, 2020 2:53:04 P.M. no.hvl.projectparmorel.qlearning.QModelFixer fixModel
INFO: Solution discarded.
mai 07, 2020 2:53:04 P.M. no.hvl.projectparmorel.qlearning.QModelFixer fixModel
INFO: EPISODE 21 TOTAL REWARD 76.0



mai 07, 2020 2:53:04 P.M. no.hvl.projectparmorel.qlearning.QModelFixer handleEpisode
INFO: EPISODE 22, STEP 0, Fixing error 38: The default value literal 'unspecified' must be a valid literal of the attribute's type
mai 07, 2020 2:53:04 P.M. no.hvl.projectparmorel.qlearning.QModelFixer chooseAction
INFO: Choosing optimal action
mai 07, 2020 2:53:04 P.M. no.hvl.projectparmorel.qlearning.QModelFixer handleStep
INFO: Chose action delete in context 0 with weight -21.400000000000006
mai 07, 2020 2:53:08 P.M. no.hvl.projectparmorel.qlearning.QModelFixer updateQTable
INFO: Calculating new Q-value:
Old Q-value: -21.400000000000006
Alpha: 1.0
Gamma:1.0

Reward: -2
-21.400000000000006 + 1.0 * (-2 + 1.0 - -21.400000000000006) = -1.0
mai 07, 2020 2:53:08 P.M. no.hvl.projectparmorel.qlearning.QModelFixer updateQTable
INFO: Updated Q-table for error 38, context 0, action 99999 to new weight -1.0
mai 07, 2020 2:54:04 P.M. no.hvl.projectparmorel.qlearning.ecore.EcoreSolution calculateDistanceFromOriginal
INFO: Calculated the distance between the models to 99.0
mai 07, 2020 2:54:04 P.M. no.hvl.projectparmorel.qlearning.reward.PreferCloseDinstanceToOriginalPreference rewardcalculateRewardFor
INFO: Time to measure distance: 56032 ms
mai 07, 2020 2:54:04 P.M. no.hvl.projectparmorel.qlearning.QModelFixer updateQTable
INFO: Calculating new Q-value:
Old Q-value: -1.0
Alpha: 1.0
Gamma:1.0

Reward: 99
-1.0 + 1.0 * (99 + 1.0 - -1.0) = 100.0
mai 07, 2020 2:54:04 P.M. no.hvl.projectparmorel.qlearning.QModelFixer updateQTable
INFO: Updated Q-table for error 38, context 0, action 99999 to new weight 100.0
mai 07, 2020 2:54:05 P.M. no.hvl.projectparmorel.qlearning.reward.PreferMaintainability rewardcalculateRewardFor
INFO: Maintainability of the metamodel: 121.4
Time to get metric: 586 ms
mai 07, 2020 2:54:05 P.M. no.hvl.projectparmorel.qlearning.QModelFixer isUnique
INFO: Solution [ErrorAction [Error: 38 The default value literal 'unspecified' must be a valid literal of the attribute's type, Action: delete, Error hierarchy: 0]
] already exists.
mai 07, 2020 2:54:05 P.M. no.hvl.projectparmorel.qlearning.QModelFixer fixModel
INFO: Solution discarded.
mai 07, 2020 2:54:05 P.M. no.hvl.projectparmorel.qlearning.QModelFixer fixModel
INFO: EPISODE 22 TOTAL REWARD 76.0



mai 07, 2020 2:54:05 P.M. no.hvl.projectparmorel.qlearning.QModelFixer handleEpisode
INFO: EPISODE 23, STEP 0, Fixing error 38: The default value literal 'unspecified' must be a valid literal of the attribute's type
mai 07, 2020 2:54:05 P.M. no.hvl.projectparmorel.qlearning.QModelFixer chooseAction
INFO: Choosing optimal action
mai 07, 2020 2:54:05 P.M. no.hvl.projectparmorel.qlearning.QModelFixer handleStep
INFO: Chose action delete in context 0 with weight -21.400000000000006
mai 07, 2020 2:54:09 P.M. no.hvl.projectparmorel.qlearning.QModelFixer updateQTable
INFO: Calculating new Q-value:
Old Q-value: -21.400000000000006
Alpha: 1.0
Gamma:1.0

Reward: -2
-21.400000000000006 + 1.0 * (-2 + 1.0 - -21.400000000000006) = -1.0
mai 07, 2020 2:54:09 P.M. no.hvl.projectparmorel.qlearning.QModelFixer updateQTable
INFO: Updated Q-table for error 38, context 0, action 99999 to new weight -1.0
mai 07, 2020 2:55:00 P.M. no.hvl.projectparmorel.qlearning.ecore.EcoreSolution calculateDistanceFromOriginal
INFO: Calculated the distance between the models to 99.0
mai 07, 2020 2:55:00 P.M. no.hvl.projectparmorel.qlearning.reward.PreferCloseDinstanceToOriginalPreference rewardcalculateRewardFor
INFO: Time to measure distance: 50788 ms
mai 07, 2020 2:55:00 P.M. no.hvl.projectparmorel.qlearning.QModelFixer updateQTable
INFO: Calculating new Q-value:
Old Q-value: -1.0
Alpha: 1.0
Gamma:1.0

Reward: 99
-1.0 + 1.0 * (99 + 1.0 - -1.0) = 100.0
mai 07, 2020 2:55:00 P.M. no.hvl.projectparmorel.qlearning.QModelFixer updateQTable
INFO: Updated Q-table for error 38, context 0, action 99999 to new weight 100.0
mai 07, 2020 2:55:00 P.M. no.hvl.projectparmorel.qlearning.reward.PreferMaintainability rewardcalculateRewardFor
INFO: Maintainability of the metamodel: 121.4
Time to get metric: 545 ms
mai 07, 2020 2:55:00 P.M. no.hvl.projectparmorel.qlearning.QModelFixer isUnique
INFO: Solution [ErrorAction [Error: 38 The default value literal 'unspecified' must be a valid literal of the attribute's type, Action: delete, Error hierarchy: 0]
] already exists.
mai 07, 2020 2:55:00 P.M. no.hvl.projectparmorel.qlearning.QModelFixer fixModel
INFO: Solution discarded.
mai 07, 2020 2:55:00 P.M. no.hvl.projectparmorel.qlearning.QModelFixer fixModel
INFO: EPISODE 23 TOTAL REWARD 76.0



mai 07, 2020 2:55:00 P.M. no.hvl.projectparmorel.qlearning.QModelFixer handleEpisode
INFO: EPISODE 24, STEP 0, Fixing error 38: The default value literal 'unspecified' must be a valid literal of the attribute's type
mai 07, 2020 2:55:00 P.M. no.hvl.projectparmorel.qlearning.QModelFixer chooseAction
INFO: Choosing optimal action
mai 07, 2020 2:55:00 P.M. no.hvl.projectparmorel.qlearning.QModelFixer handleStep
INFO: Chose action delete in context 0 with weight -21.400000000000006
mai 07, 2020 2:55:04 P.M. no.hvl.projectparmorel.qlearning.QModelFixer updateQTable
INFO: Calculating new Q-value:
Old Q-value: -21.400000000000006
Alpha: 1.0
Gamma:1.0

Reward: -2
-21.400000000000006 + 1.0 * (-2 + 1.0 - -21.400000000000006) = -1.0
mai 07, 2020 2:55:04 P.M. no.hvl.projectparmorel.qlearning.QModelFixer updateQTable
INFO: Updated Q-table for error 38, context 0, action 99999 to new weight -1.0
mai 07, 2020 2:55:51 P.M. no.hvl.projectparmorel.qlearning.ecore.EcoreSolution calculateDistanceFromOriginal
INFO: Calculated the distance between the models to 99.0
mai 07, 2020 2:55:51 P.M. no.hvl.projectparmorel.qlearning.reward.PreferCloseDinstanceToOriginalPreference rewardcalculateRewardFor
INFO: Time to measure distance: 46797 ms
mai 07, 2020 2:55:51 P.M. no.hvl.projectparmorel.qlearning.QModelFixer updateQTable
INFO: Calculating new Q-value:
Old Q-value: -1.0
Alpha: 1.0
Gamma:1.0

Reward: 99
-1.0 + 1.0 * (99 + 1.0 - -1.0) = 100.0
mai 07, 2020 2:55:51 P.M. no.hvl.projectparmorel.qlearning.QModelFixer updateQTable
INFO: Updated Q-table for error 38, context 0, action 99999 to new weight 100.0
mai 07, 2020 2:55:52 P.M. no.hvl.projectparmorel.qlearning.reward.PreferMaintainability rewardcalculateRewardFor
INFO: Maintainability of the metamodel: 121.4
Time to get metric: 556 ms
mai 07, 2020 2:55:52 P.M. no.hvl.projectparmorel.qlearning.QModelFixer isUnique
INFO: Solution [ErrorAction [Error: 38 The default value literal 'unspecified' must be a valid literal of the attribute's type, Action: delete, Error hierarchy: 0]
] already exists.
mai 07, 2020 2:55:52 P.M. no.hvl.projectparmorel.qlearning.QModelFixer fixModel
INFO: Solution discarded.
mai 07, 2020 2:55:52 P.M. no.hvl.projectparmorel.qlearning.QModelFixer fixModel
INFO: EPISODE 24 TOTAL REWARD 76.0



mai 07, 2020 2:55:52 P.M. no.hvl.projectparmorel.qlearning.QModelFixer fixModel
INFO: Time repairing model: 1373163 ms
mai 07, 2020 2:55:52 P.M. no.hvl.projectparmorel.qlearning.QModelFixer fixModel
INFO: 
-----------------ALL SEQUENCES FOUND-------------------
SIZE: 5
DISCARDED SEQUENCES: 20
--------::::B E S T   S E Q U E N C E   I S::::---------
Sequence [id=0, seq=[ErrorAction [Error: 38 The default value literal 'unspecified' must be a valid literal of the attribute's type, Action: setDefaultValueLiteralGen, Error hierarchy: 0]
], weight=77.0]

 with 1 actions.
mai 07, 2020 2:55:52 P.M. no.hvl.projectparmorel.qlearning.knowledge.Knowledge save
INFO: Saving initialized
mai 07, 2020 2:55:52 P.M. no.hvl.projectparmorel.qlearning.knowledge.Knowledge save
INFO: document prepared
mai 07, 2020 2:55:52 P.M. no.hvl.projectparmorel.qlearning.knowledge.Knowledge save
INFO: Saving completed to /Users/Magnus/Skole/DAT300/EclipseWorkspace3/ParmorelRunnable/knowledge.xml
mai 07, 2020 2:55:52 P.M. no.hvl.projectparmorel.qlearning.knowledge.Knowledge save
INFO: Saving initialized
mai 07, 2020 2:55:52 P.M. no.hvl.projectparmorel.qlearning.knowledge.Knowledge save
INFO: document prepared
mai 07, 2020 2:55:52 P.M. no.hvl.projectparmorel.qlearning.knowledge.Knowledge save
INFO: Saving completed to /Users/Magnus/Skole/DAT300/EclipseWorkspace3/ParmorelRunnable/knowledge.xml
