apr. 11, 2020 2:17:00 P.M. hvl.projectparmorel.modelrepair.QModelFixer fixModel
INFO: Repairing a8.ecore
apr. 11, 2020 2:17:00 P.M. hvl.projectparmorel.modelrepair.QModelFixer fixModel
INFO: Running with preferences [2, 4]
apr. 11, 2020 2:17:00 P.M. hvl.projectparmorel.modelrepair.QModelFixer fixModel
INFO: Initial number of errors in model: 2
Maximum number of steps per episode: 20
Errors to fix: [Error 27, message=An operation with void return type must have an upper bound of 1 not 93
, Error 445, message=The name 'null' is not well formed
]
apr. 11, 2020 2:17:00 P.M. hvl.projectparmorel.modelrepair.QModelFixer fixModel
INFO: Initializing Q-table for the errors.
apr. 11, 2020 2:17:00 P.M. hvl.projectparmorel.modelrepair.QModelFixer fixModel
INFO: Number of episodes: 25
apr. 11, 2020 2:17:00 P.M. hvl.projectparmorel.modelrepair.QModelFixer handleEpisode
INFO: EPISODE 0, STEP 0, Fixing error 27: An operation with void return type must have an upper bound of 1 not 93
apr. 11, 2020 2:17:00 P.M. hvl.projectparmorel.modelrepair.QModelFixer chooseAction
INFO: Choosing optimal action
apr. 11, 2020 2:17:00 P.M. hvl.projectparmorel.modelrepair.QModelFixer handleStep
INFO: Chose action setUpperBound in context 0 with weight 0.0
apr. 11, 2020 2:17:00 P.M. hvl.projectparmorel.modelrepair.QModelFixer handleStep
INFO: Next error code: 445
apr. 11, 2020 2:17:00 P.M. hvl.projectparmorel.modelrepair.QModelFixer handleStep
INFO: Calculating new Q-value:
Old Q-value: 0.0
Alpha: 1.0
Gamma: 1.0
Reward: 100
Next optimal action Q-value: 0.0
0.0 + 1.0 * (100 + 1.0 * 0.0 - 0.0) = 100.0
apr. 11, 2020 2:17:00 P.M. hvl.projectparmorel.modelrepair.QModelFixer handleStep
INFO: Updated Q-table for error 27, context 0, action -969028598 setUpperBound to new weight 100.0


apr. 11, 2020 2:17:00 P.M. hvl.projectparmorel.modelrepair.QModelFixer handleEpisode
INFO: EPISODE 0, STEP 1, Fixing error 445: The name 'null' is not well formed
apr. 11, 2020 2:17:00 P.M. hvl.projectparmorel.modelrepair.QModelFixer chooseAction
INFO: Choosing optimal action
apr. 11, 2020 2:17:00 P.M. hvl.projectparmorel.modelrepair.QModelFixer handleStep
INFO: Chose action setName in context 0 with weight 0.0
apr. 11, 2020 2:17:00 P.M. hvl.projectparmorel.modelrepair.QModelFixer handleStep
INFO: Calculating new Q-value:
Old Q-value: 0.0
Alpha: 1.0

Reward: 100
0.0 + 1.0 * (100 - 0.0) = 100.0
apr. 11, 2020 2:17:00 P.M. hvl.projectparmorel.modelrepair.QModelFixer handleStep
INFO: Updated Q-table for error 445, context 0, action 1614867400 setName to new weight 100.0
apr. 11, 2020 2:17:00 P.M. hvl.projectparmorel.modelrepair.QModelFixer handleEpisode
INFO: EPISODE 0 TOTAL REWARD 200



apr. 11, 2020 2:17:00 P.M. hvl.projectparmorel.modelrepair.QModelFixer handleEpisode
INFO: EPISODE 1, STEP 0, Fixing error 27: An operation with void return type must have an upper bound of 1 not 93
apr. 11, 2020 2:17:00 P.M. hvl.projectparmorel.modelrepair.QModelFixer chooseAction
INFO: Choosing optimal action
apr. 11, 2020 2:17:00 P.M. hvl.projectparmorel.modelrepair.QModelFixer handleStep
INFO: Chose action setUpperBound in context 0 with weight 100.0
apr. 11, 2020 2:17:00 P.M. hvl.projectparmorel.modelrepair.QModelFixer handleStep
INFO: Next error code: 445
apr. 11, 2020 2:17:00 P.M. hvl.projectparmorel.modelrepair.QModelFixer handleStep
INFO: Calculating new Q-value:
Old Q-value: 100.0
Alpha: 0.9608333333333333
Gamma: 1.0
Reward: 100
Next optimal action Q-value: 100.0
100.0 + 0.9608333333333333 * (100 + 1.0 * 100.0 - 100.0) = 196.08333333333331
apr. 11, 2020 2:17:00 P.M. hvl.projectparmorel.modelrepair.QModelFixer handleStep
INFO: Updated Q-table for error 27, context 0, action -969028598 setUpperBound to new weight 196.08333333333331


apr. 11, 2020 2:17:00 P.M. hvl.projectparmorel.modelrepair.QModelFixer handleEpisode
INFO: EPISODE 1, STEP 1, Fixing error 445: The name 'null' is not well formed
apr. 11, 2020 2:17:00 P.M. hvl.projectparmorel.modelrepair.QModelFixer chooseAction
INFO: Choosing random action.
apr. 11, 2020 2:17:00 P.M. hvl.projectparmorel.modelrepair.QModelFixer handleStep
INFO: Chose action setName in context 0 with weight 100.0
apr. 11, 2020 2:17:00 P.M. hvl.projectparmorel.modelrepair.QModelFixer handleStep
INFO: Calculating new Q-value:
Old Q-value: 100.0
Alpha: 0.9608333333333333

Reward: 100
100.0 + 0.9608333333333333 * (100 - 100.0) = 100.0
apr. 11, 2020 2:17:00 P.M. hvl.projectparmorel.modelrepair.QModelFixer handleStep
INFO: Updated Q-table for error 445, context 0, action 1614867400 setName to new weight 100.0
apr. 11, 2020 2:17:00 P.M. hvl.projectparmorel.modelrepair.QModelFixer handleEpisode
INFO: EPISODE 1 TOTAL REWARD 200



apr. 11, 2020 2:17:00 P.M. hvl.projectparmorel.modelrepair.QModelFixer handleEpisode
INFO: EPISODE 2, STEP 0, Fixing error 27: An operation with void return type must have an upper bound of 1 not 93
apr. 11, 2020 2:17:00 P.M. hvl.projectparmorel.modelrepair.QModelFixer chooseAction
INFO: Choosing optimal action
apr. 11, 2020 2:17:00 P.M. hvl.projectparmorel.modelrepair.QModelFixer handleStep
INFO: Chose action setUpperBound in context 0 with weight 196.08333333333331
apr. 11, 2020 2:17:00 P.M. hvl.projectparmorel.modelrepair.QModelFixer handleStep
INFO: Next error code: 445
apr. 11, 2020 2:17:00 P.M. hvl.projectparmorel.modelrepair.QModelFixer handleStep
INFO: Calculating new Q-value:
Old Q-value: 196.08333333333331
Alpha: 0.9216666666666666
Gamma: 1.0
Reward: 100
Next optimal action Q-value: 100.0
196.08333333333331 + 0.9216666666666666 * (100 + 1.0 * 100.0 - 196.08333333333331) = 199.69319444444443
apr. 11, 2020 2:17:00 P.M. hvl.projectparmorel.modelrepair.QModelFixer handleStep
INFO: Updated Q-table for error 27, context 0, action -969028598 setUpperBound to new weight 199.69319444444443


apr. 11, 2020 2:17:00 P.M. hvl.projectparmorel.modelrepair.QModelFixer handleEpisode
INFO: EPISODE 2, STEP 1, Fixing error 445: The name 'null' is not well formed
apr. 11, 2020 2:17:00 P.M. hvl.projectparmorel.modelrepair.QModelFixer chooseAction
INFO: Choosing optimal action
apr. 11, 2020 2:17:00 P.M. hvl.projectparmorel.modelrepair.QModelFixer handleStep
INFO: Chose action setName in context 0 with weight 100.0
apr. 11, 2020 2:17:00 P.M. hvl.projectparmorel.modelrepair.QModelFixer handleStep
INFO: Calculating new Q-value:
Old Q-value: 100.0
Alpha: 0.9216666666666666

Reward: 100
100.0 + 0.9216666666666666 * (100 - 100.0) = 100.0
apr. 11, 2020 2:17:00 P.M. hvl.projectparmorel.modelrepair.QModelFixer handleStep
INFO: Updated Q-table for error 445, context 0, action 1614867400 setName to new weight 100.0
apr. 11, 2020 2:17:00 P.M. hvl.projectparmorel.modelrepair.QModelFixer handleEpisode
INFO: EPISODE 2 TOTAL REWARD 200



apr. 11, 2020 2:17:00 P.M. hvl.projectparmorel.modelrepair.QModelFixer handleEpisode
INFO: EPISODE 3, STEP 0, Fixing error 27: An operation with void return type must have an upper bound of 1 not 93
apr. 11, 2020 2:17:00 P.M. hvl.projectparmorel.modelrepair.QModelFixer chooseAction
INFO: Choosing optimal action
apr. 11, 2020 2:17:00 P.M. hvl.projectparmorel.modelrepair.QModelFixer handleStep
INFO: Chose action setUpperBound in context 0 with weight 199.69319444444443
apr. 11, 2020 2:17:00 P.M. hvl.projectparmorel.modelrepair.QModelFixer handleStep
INFO: Next error code: 445
apr. 11, 2020 2:17:00 P.M. hvl.projectparmorel.modelrepair.QModelFixer handleStep
INFO: Calculating new Q-value:
Old Q-value: 199.69319444444443
Alpha: 0.8825000000000001
Gamma: 1.0
Reward: 100
Next optimal action Q-value: 100.0
199.69319444444443 + 0.8825000000000001 * (100 + 1.0 * 100.0 - 199.69319444444443) = 199.9639503472222
apr. 11, 2020 2:17:00 P.M. hvl.projectparmorel.modelrepair.QModelFixer handleStep
INFO: Updated Q-table for error 27, context 0, action -969028598 setUpperBound to new weight 199.9639503472222


apr. 11, 2020 2:17:00 P.M. hvl.projectparmorel.modelrepair.QModelFixer handleEpisode
INFO: EPISODE 3, STEP 1, Fixing error 445: The name 'null' is not well formed
apr. 11, 2020 2:17:00 P.M. hvl.projectparmorel.modelrepair.QModelFixer chooseAction
INFO: Choosing optimal action
apr. 11, 2020 2:17:00 P.M. hvl.projectparmorel.modelrepair.QModelFixer handleStep
INFO: Chose action setName in context 0 with weight 100.0
apr. 11, 2020 2:17:00 P.M. hvl.projectparmorel.modelrepair.QModelFixer handleStep
INFO: Calculating new Q-value:
Old Q-value: 100.0
Alpha: 0.8825000000000001

Reward: 100
100.0 + 0.8825000000000001 * (100 - 100.0) = 100.0
apr. 11, 2020 2:17:00 P.M. hvl.projectparmorel.modelrepair.QModelFixer handleStep
INFO: Updated Q-table for error 445, context 0, action 1614867400 setName to new weight 100.0
apr. 11, 2020 2:17:00 P.M. hvl.projectparmorel.modelrepair.QModelFixer handleEpisode
INFO: EPISODE 3 TOTAL REWARD 200



apr. 11, 2020 2:17:00 P.M. hvl.projectparmorel.modelrepair.QModelFixer handleEpisode
INFO: EPISODE 4, STEP 0, Fixing error 27: An operation with void return type must have an upper bound of 1 not 93
apr. 11, 2020 2:17:00 P.M. hvl.projectparmorel.modelrepair.QModelFixer chooseAction
INFO: Choosing optimal action
apr. 11, 2020 2:17:00 P.M. hvl.projectparmorel.modelrepair.QModelFixer handleStep
INFO: Chose action setUpperBound in context 0 with weight 199.9639503472222
apr. 11, 2020 2:17:00 P.M. hvl.projectparmorel.modelrepair.QModelFixer handleStep
INFO: Next error code: 445
apr. 11, 2020 2:17:00 P.M. hvl.projectparmorel.modelrepair.QModelFixer handleStep
INFO: Calculating new Q-value:
Old Q-value: 199.9639503472222
Alpha: 0.8433333333333334
Gamma: 1.0
Reward: 100
Next optimal action Q-value: 100.0
199.9639503472222 + 0.8433333333333334 * (100 + 1.0 * 100.0 - 199.9639503472222) = 199.99435222106482
apr. 11, 2020 2:17:00 P.M. hvl.projectparmorel.modelrepair.QModelFixer handleStep
INFO: Updated Q-table for error 27, context 0, action -969028598 setUpperBound to new weight 199.99435222106482


apr. 11, 2020 2:17:00 P.M. hvl.projectparmorel.modelrepair.QModelFixer handleEpisode
INFO: EPISODE 4, STEP 1, Fixing error 445: The name 'null' is not well formed
apr. 11, 2020 2:17:00 P.M. hvl.projectparmorel.modelrepair.QModelFixer chooseAction
INFO: Choosing optimal action
apr. 11, 2020 2:17:00 P.M. hvl.projectparmorel.modelrepair.QModelFixer handleStep
INFO: Chose action setName in context 0 with weight 100.0
apr. 11, 2020 2:17:00 P.M. hvl.projectparmorel.modelrepair.QModelFixer handleStep
INFO: Calculating new Q-value:
Old Q-value: 100.0
Alpha: 0.8433333333333334

Reward: 100
100.0 + 0.8433333333333334 * (100 - 100.0) = 100.0
apr. 11, 2020 2:17:00 P.M. hvl.projectparmorel.modelrepair.QModelFixer handleStep
INFO: Updated Q-table for error 445, context 0, action 1614867400 setName to new weight 100.0
apr. 11, 2020 2:17:00 P.M. hvl.projectparmorel.modelrepair.QModelFixer handleEpisode
INFO: EPISODE 4 TOTAL REWARD 200



apr. 11, 2020 2:17:00 P.M. hvl.projectparmorel.modelrepair.QModelFixer handleEpisode
INFO: EPISODE 5, STEP 0, Fixing error 27: An operation with void return type must have an upper bound of 1 not 93
apr. 11, 2020 2:17:00 P.M. hvl.projectparmorel.modelrepair.QModelFixer chooseAction
INFO: Choosing optimal action
apr. 11, 2020 2:17:00 P.M. hvl.projectparmorel.modelrepair.QModelFixer handleStep
INFO: Chose action setUpperBound in context 0 with weight 199.99435222106482
apr. 11, 2020 2:17:00 P.M. hvl.projectparmorel.modelrepair.QModelFixer handleStep
INFO: Next error code: 445
apr. 11, 2020 2:17:00 P.M. hvl.projectparmorel.modelrepair.QModelFixer handleStep
INFO: Calculating new Q-value:
Old Q-value: 199.99435222106482
Alpha: 0.8041666666666667
Gamma: 1.0
Reward: 100
Next optimal action Q-value: 100.0
199.99435222106482 + 0.8041666666666667 * (100 + 1.0 * 100.0 - 199.99435222106482) = 199.9988939766252
apr. 11, 2020 2:17:00 P.M. hvl.projectparmorel.modelrepair.QModelFixer handleStep
INFO: Updated Q-table for error 27, context 0, action -969028598 setUpperBound to new weight 199.9988939766252


apr. 11, 2020 2:17:00 P.M. hvl.projectparmorel.modelrepair.QModelFixer handleEpisode
INFO: EPISODE 5, STEP 1, Fixing error 445: The name 'null' is not well formed
apr. 11, 2020 2:17:00 P.M. hvl.projectparmorel.modelrepair.QModelFixer chooseAction
INFO: Choosing random action.
apr. 11, 2020 2:17:00 P.M. hvl.projectparmorel.modelrepair.QModelFixer handleStep
INFO: Chose action setName in context 0 with weight 100.0
apr. 11, 2020 2:17:00 P.M. hvl.projectparmorel.modelrepair.QModelFixer handleStep
INFO: Calculating new Q-value:
Old Q-value: 100.0
Alpha: 0.8041666666666667

Reward: 100
100.0 + 0.8041666666666667 * (100 - 100.0) = 100.0
apr. 11, 2020 2:17:00 P.M. hvl.projectparmorel.modelrepair.QModelFixer handleStep
INFO: Updated Q-table for error 445, context 0, action 1614867400 setName to new weight 100.0
apr. 11, 2020 2:17:00 P.M. hvl.projectparmorel.modelrepair.QModelFixer handleEpisode
INFO: EPISODE 5 TOTAL REWARD 200



apr. 11, 2020 2:17:00 P.M. hvl.projectparmorel.modelrepair.QModelFixer handleEpisode
INFO: EPISODE 6, STEP 0, Fixing error 27: An operation with void return type must have an upper bound of 1 not 93
apr. 11, 2020 2:17:00 P.M. hvl.projectparmorel.modelrepair.QModelFixer chooseAction
INFO: Choosing optimal action
apr. 11, 2020 2:17:00 P.M. hvl.projectparmorel.modelrepair.QModelFixer handleStep
INFO: Chose action setUpperBound in context 0 with weight 199.9988939766252
apr. 11, 2020 2:17:00 P.M. hvl.projectparmorel.modelrepair.QModelFixer handleStep
INFO: Next error code: 445
apr. 11, 2020 2:17:00 P.M. hvl.projectparmorel.modelrepair.QModelFixer handleStep
INFO: Calculating new Q-value:
Old Q-value: 199.9988939766252
Alpha: 0.765
Gamma: 1.0
Reward: 100
Next optimal action Q-value: 100.0
199.9988939766252 + 0.765 * (100 + 1.0 * 100.0 - 199.9988939766252) = 199.99974008450693
apr. 11, 2020 2:17:00 P.M. hvl.projectparmorel.modelrepair.QModelFixer handleStep
INFO: Updated Q-table for error 27, context 0, action -969028598 setUpperBound to new weight 199.99974008450693


apr. 11, 2020 2:17:00 P.M. hvl.projectparmorel.modelrepair.QModelFixer handleEpisode
INFO: EPISODE 6, STEP 1, Fixing error 445: The name 'null' is not well formed
apr. 11, 2020 2:17:00 P.M. hvl.projectparmorel.modelrepair.QModelFixer chooseAction
INFO: Choosing random action.
apr. 11, 2020 2:17:00 P.M. hvl.projectparmorel.modelrepair.QModelFixer handleStep
INFO: Chose action setName in context 0 with weight 100.0
apr. 11, 2020 2:17:00 P.M. hvl.projectparmorel.modelrepair.QModelFixer handleStep
INFO: Calculating new Q-value:
Old Q-value: 100.0
Alpha: 0.765

Reward: 100
100.0 + 0.765 * (100 - 100.0) = 100.0
apr. 11, 2020 2:17:00 P.M. hvl.projectparmorel.modelrepair.QModelFixer handleStep
INFO: Updated Q-table for error 445, context 0, action 1614867400 setName to new weight 100.0
apr. 11, 2020 2:17:00 P.M. hvl.projectparmorel.modelrepair.QModelFixer handleEpisode
INFO: EPISODE 6 TOTAL REWARD 200



apr. 11, 2020 2:17:00 P.M. hvl.projectparmorel.modelrepair.QModelFixer handleEpisode
INFO: EPISODE 7, STEP 0, Fixing error 27: An operation with void return type must have an upper bound of 1 not 93
apr. 11, 2020 2:17:00 P.M. hvl.projectparmorel.modelrepair.QModelFixer chooseAction
INFO: Choosing optimal action
apr. 11, 2020 2:17:00 P.M. hvl.projectparmorel.modelrepair.QModelFixer handleStep
INFO: Chose action setUpperBound in context 0 with weight 199.99974008450693
apr. 11, 2020 2:17:00 P.M. hvl.projectparmorel.modelrepair.QModelFixer handleStep
INFO: Next error code: 445
apr. 11, 2020 2:17:00 P.M. hvl.projectparmorel.modelrepair.QModelFixer handleStep
INFO: Calculating new Q-value:
Old Q-value: 199.99974008450693
Alpha: 0.7258333333333333
Gamma: 1.0
Reward: 100
Next optimal action Q-value: 100.0
199.99974008450693 + 0.7258333333333333 * (100 + 1.0 * 100.0 - 199.99974008450693) = 199.99992873983564
apr. 11, 2020 2:17:00 P.M. hvl.projectparmorel.modelrepair.QModelFixer handleStep
INFO: Updated Q-table for error 27, context 0, action -969028598 setUpperBound to new weight 199.99992873983564


apr. 11, 2020 2:17:00 P.M. hvl.projectparmorel.modelrepair.QModelFixer handleEpisode
INFO: EPISODE 7, STEP 1, Fixing error 445: The name 'null' is not well formed
apr. 11, 2020 2:17:00 P.M. hvl.projectparmorel.modelrepair.QModelFixer chooseAction
INFO: Choosing optimal action
apr. 11, 2020 2:17:00 P.M. hvl.projectparmorel.modelrepair.QModelFixer handleStep
INFO: Chose action setName in context 0 with weight 100.0
apr. 11, 2020 2:17:00 P.M. hvl.projectparmorel.modelrepair.QModelFixer handleStep
INFO: Calculating new Q-value:
Old Q-value: 100.0
Alpha: 0.7258333333333333

Reward: 100
100.0 + 0.7258333333333333 * (100 - 100.0) = 100.0
apr. 11, 2020 2:17:00 P.M. hvl.projectparmorel.modelrepair.QModelFixer handleStep
INFO: Updated Q-table for error 445, context 0, action 1614867400 setName to new weight 100.0
apr. 11, 2020 2:17:00 P.M. hvl.projectparmorel.modelrepair.QModelFixer handleEpisode
INFO: EPISODE 7 TOTAL REWARD 200



apr. 11, 2020 2:17:00 P.M. hvl.projectparmorel.modelrepair.QModelFixer handleEpisode
INFO: EPISODE 8, STEP 0, Fixing error 27: An operation with void return type must have an upper bound of 1 not 93
apr. 11, 2020 2:17:00 P.M. hvl.projectparmorel.modelrepair.QModelFixer chooseAction
INFO: Choosing random action.
apr. 11, 2020 2:17:00 P.M. hvl.projectparmorel.modelrepair.QModelFixer handleStep
INFO: Chose action setEType in context 0 with weight 0.0
apr. 11, 2020 2:17:00 P.M. hvl.projectparmorel.modelrepair.QModelFixer handleStep
INFO: Next error code: 445
apr. 11, 2020 2:17:00 P.M. hvl.projectparmorel.modelrepair.QModelFixer handleStep
INFO: Calculating new Q-value:
Old Q-value: 0.0
Alpha: 0.6866666666666668
Gamma: 1.0
Reward: 100
Next optimal action Q-value: 100.0
0.0 + 0.6866666666666668 * (100 + 1.0 * 100.0 - 0.0) = 137.33333333333334
apr. 11, 2020 2:17:00 P.M. hvl.projectparmorel.modelrepair.QModelFixer handleStep
INFO: Updated Q-table for error 27, context 0, action 591449609 setEType to new weight 137.33333333333334


apr. 11, 2020 2:17:00 P.M. hvl.projectparmorel.modelrepair.QModelFixer handleEpisode
INFO: EPISODE 8, STEP 1, Fixing error 445: The name 'null' is not well formed
apr. 11, 2020 2:17:00 P.M. hvl.projectparmorel.modelrepair.QModelFixer chooseAction
INFO: Choosing optimal action
apr. 11, 2020 2:17:00 P.M. hvl.projectparmorel.modelrepair.QModelFixer handleStep
INFO: Chose action setName in context 0 with weight 100.0
apr. 11, 2020 2:17:00 P.M. hvl.projectparmorel.modelrepair.QModelFixer handleStep
INFO: Calculating new Q-value:
Old Q-value: 100.0
Alpha: 0.6866666666666668

Reward: 100
100.0 + 0.6866666666666668 * (100 - 100.0) = 100.0
apr. 11, 2020 2:17:00 P.M. hvl.projectparmorel.modelrepair.QModelFixer handleStep
INFO: Updated Q-table for error 445, context 0, action 1614867400 setName to new weight 100.0
apr. 11, 2020 2:17:00 P.M. hvl.projectparmorel.modelrepair.QModelFixer handleEpisode
INFO: EPISODE 8 TOTAL REWARD 200



apr. 11, 2020 2:17:00 P.M. hvl.projectparmorel.modelrepair.QModelFixer handleEpisode
INFO: EPISODE 9, STEP 0, Fixing error 27: An operation with void return type must have an upper bound of 1 not 93
apr. 11, 2020 2:17:00 P.M. hvl.projectparmorel.modelrepair.QModelFixer chooseAction
INFO: Choosing optimal action
apr. 11, 2020 2:17:00 P.M. hvl.projectparmorel.modelrepair.QModelFixer handleStep
INFO: Chose action setUpperBound in context 0 with weight 199.99992873983564
apr. 11, 2020 2:17:00 P.M. hvl.projectparmorel.modelrepair.QModelFixer handleStep
INFO: Next error code: 445
apr. 11, 2020 2:17:00 P.M. hvl.projectparmorel.modelrepair.QModelFixer handleStep
INFO: Calculating new Q-value:
Old Q-value: 199.99992873983564
Alpha: 0.6475
Gamma: 1.0
Reward: 100
Next optimal action Q-value: 100.0
199.99992873983564 + 0.6475 * (100 + 1.0 * 100.0 - 199.99992873983564) = 199.99997488079205
apr. 11, 2020 2:17:00 P.M. hvl.projectparmorel.modelrepair.QModelFixer handleStep
INFO: Updated Q-table for error 27, context 0, action -969028598 setUpperBound to new weight 199.99997488079205


apr. 11, 2020 2:17:00 P.M. hvl.projectparmorel.modelrepair.QModelFixer handleEpisode
INFO: EPISODE 9, STEP 1, Fixing error 445: The name 'null' is not well formed
apr. 11, 2020 2:17:00 P.M. hvl.projectparmorel.modelrepair.QModelFixer chooseAction
INFO: Choosing optimal action
apr. 11, 2020 2:17:00 P.M. hvl.projectparmorel.modelrepair.QModelFixer handleStep
INFO: Chose action setName in context 0 with weight 100.0
apr. 11, 2020 2:17:00 P.M. hvl.projectparmorel.modelrepair.QModelFixer handleStep
INFO: Calculating new Q-value:
Old Q-value: 100.0
Alpha: 0.6475

Reward: 100
100.0 + 0.6475 * (100 - 100.0) = 100.0
apr. 11, 2020 2:17:00 P.M. hvl.projectparmorel.modelrepair.QModelFixer handleStep
INFO: Updated Q-table for error 445, context 0, action 1614867400 setName to new weight 100.0
apr. 11, 2020 2:17:00 P.M. hvl.projectparmorel.modelrepair.QModelFixer handleEpisode
INFO: EPISODE 9 TOTAL REWARD 200



apr. 11, 2020 2:17:00 P.M. hvl.projectparmorel.modelrepair.QModelFixer handleEpisode
INFO: EPISODE 10, STEP 0, Fixing error 27: An operation with void return type must have an upper bound of 1 not 93
apr. 11, 2020 2:17:00 P.M. hvl.projectparmorel.modelrepair.QModelFixer chooseAction
INFO: Choosing optimal action
apr. 11, 2020 2:17:00 P.M. hvl.projectparmorel.modelrepair.QModelFixer handleStep
INFO: Chose action setUpperBound in context 0 with weight 199.99997488079205
apr. 11, 2020 2:17:00 P.M. hvl.projectparmorel.modelrepair.QModelFixer handleStep
INFO: Next error code: 445
apr. 11, 2020 2:17:00 P.M. hvl.projectparmorel.modelrepair.QModelFixer handleStep
INFO: Calculating new Q-value:
Old Q-value: 199.99997488079205
Alpha: 0.6083333333333334
Gamma: 1.0
Reward: 100
Next optimal action Q-value: 100.0
199.99997488079205 + 0.6083333333333334 * (100 + 1.0 * 100.0 - 199.99997488079205) = 199.99999016164355
apr. 11, 2020 2:17:00 P.M. hvl.projectparmorel.modelrepair.QModelFixer handleStep
INFO: Updated Q-table for error 27, context 0, action -969028598 setUpperBound to new weight 199.99999016164355


apr. 11, 2020 2:17:00 P.M. hvl.projectparmorel.modelrepair.QModelFixer handleEpisode
INFO: EPISODE 10, STEP 1, Fixing error 445: The name 'null' is not well formed
apr. 11, 2020 2:17:00 P.M. hvl.projectparmorel.modelrepair.QModelFixer chooseAction
INFO: Choosing optimal action
apr. 11, 2020 2:17:00 P.M. hvl.projectparmorel.modelrepair.QModelFixer handleStep
INFO: Chose action setName in context 0 with weight 100.0
apr. 11, 2020 2:17:00 P.M. hvl.projectparmorel.modelrepair.QModelFixer handleStep
INFO: Calculating new Q-value:
Old Q-value: 100.0
Alpha: 0.6083333333333334

Reward: 100
100.0 + 0.6083333333333334 * (100 - 100.0) = 100.0
apr. 11, 2020 2:17:00 P.M. hvl.projectparmorel.modelrepair.QModelFixer handleStep
INFO: Updated Q-table for error 445, context 0, action 1614867400 setName to new weight 100.0
apr. 11, 2020 2:17:00 P.M. hvl.projectparmorel.modelrepair.QModelFixer handleEpisode
INFO: EPISODE 10 TOTAL REWARD 200



apr. 11, 2020 2:17:00 P.M. hvl.projectparmorel.modelrepair.QModelFixer handleEpisode
INFO: EPISODE 11, STEP 0, Fixing error 27: An operation with void return type must have an upper bound of 1 not 93
apr. 11, 2020 2:17:00 P.M. hvl.projectparmorel.modelrepair.QModelFixer chooseAction
INFO: Choosing optimal action
apr. 11, 2020 2:17:00 P.M. hvl.projectparmorel.modelrepair.QModelFixer handleStep
INFO: Chose action setUpperBound in context 0 with weight 199.99999016164355
apr. 11, 2020 2:17:00 P.M. hvl.projectparmorel.modelrepair.QModelFixer handleStep
INFO: Next error code: 445
apr. 11, 2020 2:17:00 P.M. hvl.projectparmorel.modelrepair.QModelFixer handleStep
INFO: Calculating new Q-value:
Old Q-value: 199.99999016164355
Alpha: 0.5691666666666666
Gamma: 1.0
Reward: 100
Next optimal action Q-value: 100.0
199.99999016164355 + 0.5691666666666666 * (100 + 1.0 * 100.0 - 199.99999016164355) = 199.9999957613081
apr. 11, 2020 2:17:00 P.M. hvl.projectparmorel.modelrepair.QModelFixer handleStep
INFO: Updated Q-table for error 27, context 0, action -969028598 setUpperBound to new weight 199.9999957613081


apr. 11, 2020 2:17:00 P.M. hvl.projectparmorel.modelrepair.QModelFixer handleEpisode
INFO: EPISODE 11, STEP 1, Fixing error 445: The name 'null' is not well formed
apr. 11, 2020 2:17:00 P.M. hvl.projectparmorel.modelrepair.QModelFixer chooseAction
INFO: Choosing random action.
apr. 11, 2020 2:17:00 P.M. hvl.projectparmorel.modelrepair.QModelFixer handleStep
INFO: Chose action delete in context 0 with weight 0.0
apr. 11, 2020 2:17:00 P.M. hvl.projectparmorel.modelrepair.QModelFixer handleStep
INFO: Calculating new Q-value:
Old Q-value: 0.0
Alpha: 0.5691666666666666

Reward: -1000
0.0 + 0.5691666666666666 * (-1000 - 0.0) = -569.1666666666666
apr. 11, 2020 2:17:00 P.M. hvl.projectparmorel.modelrepair.QModelFixer handleStep
INFO: Updated Q-table for error 445, context 0, action 99999 delete to new weight -569.1666666666666
apr. 11, 2020 2:17:00 P.M. hvl.projectparmorel.modelrepair.QModelFixer handleEpisode
INFO: EPISODE 11 TOTAL REWARD -900



apr. 11, 2020 2:17:00 P.M. hvl.projectparmorel.modelrepair.QModelFixer handleEpisode
INFO: EPISODE 12, STEP 0, Fixing error 27: An operation with void return type must have an upper bound of 1 not 93
apr. 11, 2020 2:17:00 P.M. hvl.projectparmorel.modelrepair.QModelFixer chooseAction
INFO: Choosing random action.
apr. 11, 2020 2:17:00 P.M. hvl.projectparmorel.modelrepair.QModelFixer handleStep
INFO: Chose action delete in context 0 with weight 0.0
apr. 11, 2020 2:17:00 P.M. hvl.projectparmorel.modelrepair.QModelFixer handleStep
INFO: Next error code: 445
apr. 11, 2020 2:17:00 P.M. hvl.projectparmorel.modelrepair.QModelFixer handleStep
INFO: Calculating new Q-value:
Old Q-value: 0.0
Alpha: 0.53
Gamma: 1.0
Reward: -1000
Next optimal action Q-value: 100.0
0.0 + 0.53 * (-1000 + 1.0 * 100.0 - 0.0) = -477.0
apr. 11, 2020 2:17:00 P.M. hvl.projectparmorel.modelrepair.QModelFixer handleStep
INFO: Updated Q-table for error 27, context 0, action 99999 delete to new weight -477.0


apr. 11, 2020 2:17:00 P.M. hvl.projectparmorel.modelrepair.QModelFixer handleEpisode
INFO: EPISODE 12, STEP 1, Fixing error 445: The name 'null' is not well formed
apr. 11, 2020 2:17:00 P.M. hvl.projectparmorel.modelrepair.QModelFixer chooseAction
INFO: Choosing optimal action
apr. 11, 2020 2:17:00 P.M. hvl.projectparmorel.modelrepair.QModelFixer handleStep
INFO: Chose action setName in context 0 with weight 100.0
apr. 11, 2020 2:17:00 P.M. hvl.projectparmorel.modelrepair.QModelFixer handleStep
INFO: Calculating new Q-value:
Old Q-value: 100.0
Alpha: 0.53

Reward: 100
100.0 + 0.53 * (100 - 100.0) = 100.0
apr. 11, 2020 2:17:00 P.M. hvl.projectparmorel.modelrepair.QModelFixer handleStep
INFO: Updated Q-table for error 445, context 0, action 1614867400 setName to new weight 100.0
apr. 11, 2020 2:17:00 P.M. hvl.projectparmorel.modelrepair.QModelFixer handleEpisode
INFO: EPISODE 12 TOTAL REWARD -900



apr. 11, 2020 2:17:00 P.M. hvl.projectparmorel.modelrepair.QModelFixer handleEpisode
INFO: EPISODE 13, STEP 0, Fixing error 27: An operation with void return type must have an upper bound of 1 not 93
apr. 11, 2020 2:17:00 P.M. hvl.projectparmorel.modelrepair.QModelFixer chooseAction
INFO: Choosing random action.
apr. 11, 2020 2:17:00 P.M. hvl.projectparmorel.modelrepair.QModelFixer handleStep
INFO: Chose action setUpperBound in context 0 with weight 199.9999957613081
apr. 11, 2020 2:17:00 P.M. hvl.projectparmorel.modelrepair.QModelFixer handleStep
INFO: Next error code: 445
apr. 11, 2020 2:17:00 P.M. hvl.projectparmorel.modelrepair.QModelFixer handleStep
INFO: Calculating new Q-value:
Old Q-value: 199.9999957613081
Alpha: 0.49083333333333334
Gamma: 1.0
Reward: 100
Next optimal action Q-value: 100.0
199.9999957613081 + 0.49083333333333334 * (100 + 1.0 * 100.0 - 199.9999957613081) = 199.99999784179937
apr. 11, 2020 2:17:00 P.M. hvl.projectparmorel.modelrepair.QModelFixer handleStep
INFO: Updated Q-table for error 27, context 0, action -969028598 setUpperBound to new weight 199.99999784179937


apr. 11, 2020 2:17:00 P.M. hvl.projectparmorel.modelrepair.QModelFixer handleEpisode
INFO: EPISODE 13, STEP 1, Fixing error 445: The name 'null' is not well formed
apr. 11, 2020 2:17:00 P.M. hvl.projectparmorel.modelrepair.QModelFixer chooseAction
INFO: Choosing random action.
apr. 11, 2020 2:17:00 P.M. hvl.projectparmorel.modelrepair.QModelFixer handleStep
INFO: Chose action delete in context 0 with weight -569.1666666666666
apr. 11, 2020 2:17:00 P.M. hvl.projectparmorel.modelrepair.QModelFixer handleStep
INFO: Calculating new Q-value:
Old Q-value: -569.1666666666666
Alpha: 0.49083333333333334

Reward: -1000
-569.1666666666666 + 0.49083333333333334 * (-1000 - -569.1666666666666) = -780.6340277777778
apr. 11, 2020 2:17:00 P.M. hvl.projectparmorel.modelrepair.QModelFixer handleStep
INFO: Updated Q-table for error 445, context 0, action 99999 delete to new weight -780.6340277777778
apr. 11, 2020 2:17:00 P.M. hvl.projectparmorel.modelrepair.QModelFixer handleEpisode
INFO: EPISODE 13 TOTAL REWARD -900



apr. 11, 2020 2:17:00 P.M. hvl.projectparmorel.modelrepair.QModelFixer handleEpisode
INFO: EPISODE 14, STEP 0, Fixing error 27: An operation with void return type must have an upper bound of 1 not 93
apr. 11, 2020 2:17:00 P.M. hvl.projectparmorel.modelrepair.QModelFixer chooseAction
INFO: Choosing optimal action
apr. 11, 2020 2:17:00 P.M. hvl.projectparmorel.modelrepair.QModelFixer handleStep
INFO: Chose action setUpperBound in context 0 with weight 199.99999784179937
apr. 11, 2020 2:17:00 P.M. hvl.projectparmorel.modelrepair.QModelFixer handleStep
INFO: Next error code: 445
apr. 11, 2020 2:17:00 P.M. hvl.projectparmorel.modelrepair.QModelFixer handleStep
INFO: Calculating new Q-value:
Old Q-value: 199.99999784179937
Alpha: 0.45166666666666666
Gamma: 1.0
Reward: 100
Next optimal action Q-value: 100.0
199.99999784179937 + 0.45166666666666666 * (100 + 1.0 * 100.0 - 199.99999784179937) = 199.99999881658667
apr. 11, 2020 2:17:00 P.M. hvl.projectparmorel.modelrepair.QModelFixer handleStep
INFO: Updated Q-table for error 27, context 0, action -969028598 setUpperBound to new weight 199.99999881658667


apr. 11, 2020 2:17:00 P.M. hvl.projectparmorel.modelrepair.QModelFixer handleEpisode
INFO: EPISODE 14, STEP 1, Fixing error 445: The name 'null' is not well formed
apr. 11, 2020 2:17:00 P.M. hvl.projectparmorel.modelrepair.QModelFixer chooseAction
INFO: Choosing optimal action
apr. 11, 2020 2:17:00 P.M. hvl.projectparmorel.modelrepair.QModelFixer handleStep
INFO: Chose action setName in context 0 with weight 100.0
apr. 11, 2020 2:17:00 P.M. hvl.projectparmorel.modelrepair.QModelFixer handleStep
INFO: Calculating new Q-value:
Old Q-value: 100.0
Alpha: 0.45166666666666666

Reward: 100
100.0 + 0.45166666666666666 * (100 - 100.0) = 100.0
apr. 11, 2020 2:17:00 P.M. hvl.projectparmorel.modelrepair.QModelFixer handleStep
INFO: Updated Q-table for error 445, context 0, action 1614867400 setName to new weight 100.0
apr. 11, 2020 2:17:00 P.M. hvl.projectparmorel.modelrepair.QModelFixer handleEpisode
INFO: EPISODE 14 TOTAL REWARD 200



apr. 11, 2020 2:17:00 P.M. hvl.projectparmorel.modelrepair.QModelFixer handleEpisode
INFO: EPISODE 15, STEP 0, Fixing error 27: An operation with void return type must have an upper bound of 1 not 93
apr. 11, 2020 2:17:00 P.M. hvl.projectparmorel.modelrepair.QModelFixer chooseAction
INFO: Choosing optimal action
apr. 11, 2020 2:17:00 P.M. hvl.projectparmorel.modelrepair.QModelFixer handleStep
INFO: Chose action setUpperBound in context 0 with weight 199.99999881658667
apr. 11, 2020 2:17:00 P.M. hvl.projectparmorel.modelrepair.QModelFixer handleStep
INFO: Next error code: 445
apr. 11, 2020 2:17:00 P.M. hvl.projectparmorel.modelrepair.QModelFixer handleStep
INFO: Calculating new Q-value:
Old Q-value: 199.99999881658667
Alpha: 0.4125
Gamma: 1.0
Reward: 100
Next optimal action Q-value: 100.0
199.99999881658667 + 0.4125 * (100 + 1.0 * 100.0 - 199.99999881658667) = 199.99999930474468
apr. 11, 2020 2:17:00 P.M. hvl.projectparmorel.modelrepair.QModelFixer handleStep
INFO: Updated Q-table for error 27, context 0, action -969028598 setUpperBound to new weight 199.99999930474468


apr. 11, 2020 2:17:00 P.M. hvl.projectparmorel.modelrepair.QModelFixer handleEpisode
INFO: EPISODE 15, STEP 1, Fixing error 445: The name 'null' is not well formed
apr. 11, 2020 2:17:00 P.M. hvl.projectparmorel.modelrepair.QModelFixer chooseAction
INFO: Choosing random action.
apr. 11, 2020 2:17:00 P.M. hvl.projectparmorel.modelrepair.QModelFixer handleStep
INFO: Chose action delete in context 0 with weight -780.6340277777778
apr. 11, 2020 2:17:01 P.M. hvl.projectparmorel.modelrepair.QModelFixer handleStep
INFO: Calculating new Q-value:
Old Q-value: -780.6340277777778
Alpha: 0.4125

Reward: -1000
-780.6340277777778 + 0.4125 * (-1000 - -780.6340277777778) = -871.1224913194444
apr. 11, 2020 2:17:01 P.M. hvl.projectparmorel.modelrepair.QModelFixer handleStep
INFO: Updated Q-table for error 445, context 0, action 99999 delete to new weight -871.1224913194444
apr. 11, 2020 2:17:01 P.M. hvl.projectparmorel.modelrepair.QModelFixer handleEpisode
INFO: EPISODE 15 TOTAL REWARD -900



apr. 11, 2020 2:17:01 P.M. hvl.projectparmorel.modelrepair.QModelFixer handleEpisode
INFO: EPISODE 16, STEP 0, Fixing error 27: An operation with void return type must have an upper bound of 1 not 93
apr. 11, 2020 2:17:01 P.M. hvl.projectparmorel.modelrepair.QModelFixer chooseAction
INFO: Choosing optimal action
apr. 11, 2020 2:17:01 P.M. hvl.projectparmorel.modelrepair.QModelFixer handleStep
INFO: Chose action setUpperBound in context 0 with weight 199.99999930474468
apr. 11, 2020 2:17:01 P.M. hvl.projectparmorel.modelrepair.QModelFixer handleStep
INFO: Next error code: 445
apr. 11, 2020 2:17:01 P.M. hvl.projectparmorel.modelrepair.QModelFixer handleStep
INFO: Calculating new Q-value:
Old Q-value: 199.99999930474468
Alpha: 0.3733333333333334
Gamma: 1.0
Reward: 100
Next optimal action Q-value: 100.0
199.99999930474468 + 0.3733333333333334 * (100 + 1.0 * 100.0 - 199.99999930474468) = 199.99999956430668
apr. 11, 2020 2:17:01 P.M. hvl.projectparmorel.modelrepair.QModelFixer handleStep
INFO: Updated Q-table for error 27, context 0, action -969028598 setUpperBound to new weight 199.99999956430668


apr. 11, 2020 2:17:01 P.M. hvl.projectparmorel.modelrepair.QModelFixer handleEpisode
INFO: EPISODE 16, STEP 1, Fixing error 445: The name 'null' is not well formed
apr. 11, 2020 2:17:01 P.M. hvl.projectparmorel.modelrepair.QModelFixer chooseAction
INFO: Choosing optimal action
apr. 11, 2020 2:17:01 P.M. hvl.projectparmorel.modelrepair.QModelFixer handleStep
INFO: Chose action setName in context 0 with weight 100.0
apr. 11, 2020 2:17:01 P.M. hvl.projectparmorel.modelrepair.QModelFixer handleStep
INFO: Calculating new Q-value:
Old Q-value: 100.0
Alpha: 0.3733333333333334

Reward: 100
100.0 + 0.3733333333333334 * (100 - 100.0) = 100.0
apr. 11, 2020 2:17:01 P.M. hvl.projectparmorel.modelrepair.QModelFixer handleStep
INFO: Updated Q-table for error 445, context 0, action 1614867400 setName to new weight 100.0
apr. 11, 2020 2:17:01 P.M. hvl.projectparmorel.modelrepair.QModelFixer handleEpisode
INFO: EPISODE 16 TOTAL REWARD 200



apr. 11, 2020 2:17:01 P.M. hvl.projectparmorel.modelrepair.QModelFixer handleEpisode
INFO: EPISODE 17, STEP 0, Fixing error 27: An operation with void return type must have an upper bound of 1 not 93
apr. 11, 2020 2:17:01 P.M. hvl.projectparmorel.modelrepair.QModelFixer chooseAction
INFO: Choosing optimal action
apr. 11, 2020 2:17:01 P.M. hvl.projectparmorel.modelrepair.QModelFixer handleStep
INFO: Chose action setUpperBound in context 0 with weight 199.99999956430668
apr. 11, 2020 2:17:01 P.M. hvl.projectparmorel.modelrepair.QModelFixer handleStep
INFO: Next error code: 445
apr. 11, 2020 2:17:01 P.M. hvl.projectparmorel.modelrepair.QModelFixer handleStep
INFO: Calculating new Q-value:
Old Q-value: 199.99999956430668
Alpha: 0.3341666666666667
Gamma: 1.0
Reward: 100
Next optimal action Q-value: 100.0
199.99999956430668 + 0.3341666666666667 * (100 + 1.0 * 100.0 - 199.99999956430668) = 199.99999970990086
apr. 11, 2020 2:17:01 P.M. hvl.projectparmorel.modelrepair.QModelFixer handleStep
INFO: Updated Q-table for error 27, context 0, action -969028598 setUpperBound to new weight 199.99999970990086


apr. 11, 2020 2:17:01 P.M. hvl.projectparmorel.modelrepair.QModelFixer handleEpisode
INFO: EPISODE 17, STEP 1, Fixing error 445: The name 'null' is not well formed
apr. 11, 2020 2:17:01 P.M. hvl.projectparmorel.modelrepair.QModelFixer chooseAction
INFO: Choosing optimal action
apr. 11, 2020 2:17:01 P.M. hvl.projectparmorel.modelrepair.QModelFixer handleStep
INFO: Chose action setName in context 0 with weight 100.0
apr. 11, 2020 2:17:01 P.M. hvl.projectparmorel.modelrepair.QModelFixer handleStep
INFO: Calculating new Q-value:
Old Q-value: 100.0
Alpha: 0.3341666666666667

Reward: 100
100.0 + 0.3341666666666667 * (100 - 100.0) = 100.0
apr. 11, 2020 2:17:01 P.M. hvl.projectparmorel.modelrepair.QModelFixer handleStep
INFO: Updated Q-table for error 445, context 0, action 1614867400 setName to new weight 100.0
apr. 11, 2020 2:17:01 P.M. hvl.projectparmorel.modelrepair.QModelFixer handleEpisode
INFO: EPISODE 17 TOTAL REWARD 200



apr. 11, 2020 2:17:01 P.M. hvl.projectparmorel.modelrepair.QModelFixer handleEpisode
INFO: EPISODE 18, STEP 0, Fixing error 27: An operation with void return type must have an upper bound of 1 not 93
apr. 11, 2020 2:17:01 P.M. hvl.projectparmorel.modelrepair.QModelFixer chooseAction
INFO: Choosing optimal action
apr. 11, 2020 2:17:01 P.M. hvl.projectparmorel.modelrepair.QModelFixer handleStep
INFO: Chose action setUpperBound in context 0 with weight 199.99999970990086
apr. 11, 2020 2:17:01 P.M. hvl.projectparmorel.modelrepair.QModelFixer handleStep
INFO: Next error code: 445
apr. 11, 2020 2:17:01 P.M. hvl.projectparmorel.modelrepair.QModelFixer handleStep
INFO: Calculating new Q-value:
Old Q-value: 199.99999970990086
Alpha: 0.29500000000000004
Gamma: 1.0
Reward: 100
Next optimal action Q-value: 100.0
199.99999970990086 + 0.29500000000000004 * (100 + 1.0 * 100.0 - 199.99999970990086) = 199.9999997954801
apr. 11, 2020 2:17:01 P.M. hvl.projectparmorel.modelrepair.QModelFixer handleStep
INFO: Updated Q-table for error 27, context 0, action -969028598 setUpperBound to new weight 199.9999997954801


apr. 11, 2020 2:17:01 P.M. hvl.projectparmorel.modelrepair.QModelFixer handleEpisode
INFO: EPISODE 18, STEP 1, Fixing error 445: The name 'null' is not well formed
apr. 11, 2020 2:17:01 P.M. hvl.projectparmorel.modelrepair.QModelFixer chooseAction
INFO: Choosing optimal action
apr. 11, 2020 2:17:01 P.M. hvl.projectparmorel.modelrepair.QModelFixer handleStep
INFO: Chose action setName in context 0 with weight 100.0
apr. 11, 2020 2:17:01 P.M. hvl.projectparmorel.modelrepair.QModelFixer handleStep
INFO: Calculating new Q-value:
Old Q-value: 100.0
Alpha: 0.29500000000000004

Reward: 100
100.0 + 0.29500000000000004 * (100 - 100.0) = 100.0
apr. 11, 2020 2:17:01 P.M. hvl.projectparmorel.modelrepair.QModelFixer handleStep
INFO: Updated Q-table for error 445, context 0, action 1614867400 setName to new weight 100.0
apr. 11, 2020 2:17:01 P.M. hvl.projectparmorel.modelrepair.QModelFixer handleEpisode
INFO: EPISODE 18 TOTAL REWARD 200



apr. 11, 2020 2:17:01 P.M. hvl.projectparmorel.modelrepair.QModelFixer handleEpisode
INFO: EPISODE 19, STEP 0, Fixing error 27: An operation with void return type must have an upper bound of 1 not 93
apr. 11, 2020 2:17:01 P.M. hvl.projectparmorel.modelrepair.QModelFixer chooseAction
INFO: Choosing random action.
apr. 11, 2020 2:17:01 P.M. hvl.projectparmorel.modelrepair.QModelFixer handleStep
INFO: Chose action setUpperBound in context 0 with weight 199.9999997954801
apr. 11, 2020 2:17:01 P.M. hvl.projectparmorel.modelrepair.QModelFixer handleStep
INFO: Next error code: 445
apr. 11, 2020 2:17:01 P.M. hvl.projectparmorel.modelrepair.QModelFixer handleStep
INFO: Calculating new Q-value:
Old Q-value: 199.9999997954801
Alpha: 0.25583333333333336
Gamma: 1.0
Reward: 100
Next optimal action Q-value: 100.0
199.9999997954801 + 0.25583333333333336 * (100 + 1.0 * 100.0 - 199.9999997954801) = 199.9999998478031
apr. 11, 2020 2:17:01 P.M. hvl.projectparmorel.modelrepair.QModelFixer handleStep
INFO: Updated Q-table for error 27, context 0, action -969028598 setUpperBound to new weight 199.9999998478031


apr. 11, 2020 2:17:01 P.M. hvl.projectparmorel.modelrepair.QModelFixer handleEpisode
INFO: EPISODE 19, STEP 1, Fixing error 445: The name 'null' is not well formed
apr. 11, 2020 2:17:01 P.M. hvl.projectparmorel.modelrepair.QModelFixer chooseAction
INFO: Choosing random action.
apr. 11, 2020 2:17:01 P.M. hvl.projectparmorel.modelrepair.QModelFixer handleStep
INFO: Chose action delete in context 0 with weight -871.1224913194444
apr. 11, 2020 2:17:01 P.M. hvl.projectparmorel.modelrepair.QModelFixer handleStep
INFO: Calculating new Q-value:
Old Q-value: -871.1224913194444
Alpha: 0.25583333333333336

Reward: -1000
-871.1224913194444 + 0.25583333333333336 * (-1000 - -871.1224913194444) = -904.0936539568866
apr. 11, 2020 2:17:01 P.M. hvl.projectparmorel.modelrepair.QModelFixer handleStep
INFO: Updated Q-table for error 445, context 0, action 99999 delete to new weight -904.0936539568866
apr. 11, 2020 2:17:01 P.M. hvl.projectparmorel.modelrepair.QModelFixer handleEpisode
INFO: EPISODE 19 TOTAL REWARD -900



apr. 11, 2020 2:17:01 P.M. hvl.projectparmorel.modelrepair.QModelFixer handleEpisode
INFO: EPISODE 20, STEP 0, Fixing error 27: An operation with void return type must have an upper bound of 1 not 93
apr. 11, 2020 2:17:01 P.M. hvl.projectparmorel.modelrepair.QModelFixer chooseAction
INFO: Choosing optimal action
apr. 11, 2020 2:17:01 P.M. hvl.projectparmorel.modelrepair.QModelFixer handleStep
INFO: Chose action setUpperBound in context 0 with weight 199.9999998478031
apr. 11, 2020 2:17:01 P.M. hvl.projectparmorel.modelrepair.QModelFixer handleStep
INFO: Next error code: 445
apr. 11, 2020 2:17:01 P.M. hvl.projectparmorel.modelrepair.QModelFixer handleStep
INFO: Calculating new Q-value:
Old Q-value: 199.9999998478031
Alpha: 0.21666666666666679
Gamma: 1.0
Reward: 100
Next optimal action Q-value: 100.0
199.9999998478031 + 0.21666666666666679 * (100 + 1.0 * 100.0 - 199.9999998478031) = 199.99999988077911
apr. 11, 2020 2:17:01 P.M. hvl.projectparmorel.modelrepair.QModelFixer handleStep
INFO: Updated Q-table for error 27, context 0, action -969028598 setUpperBound to new weight 199.99999988077911


apr. 11, 2020 2:17:01 P.M. hvl.projectparmorel.modelrepair.QModelFixer handleEpisode
INFO: EPISODE 20, STEP 1, Fixing error 445: The name 'null' is not well formed
apr. 11, 2020 2:17:01 P.M. hvl.projectparmorel.modelrepair.QModelFixer chooseAction
INFO: Choosing random action.
apr. 11, 2020 2:17:01 P.M. hvl.projectparmorel.modelrepair.QModelFixer handleStep
INFO: Chose action delete in context 0 with weight -904.0936539568866
apr. 11, 2020 2:17:01 P.M. hvl.projectparmorel.modelrepair.QModelFixer handleStep
INFO: Calculating new Q-value:
Old Q-value: -904.0936539568866
Alpha: 0.21666666666666679

Reward: -1000
-904.0936539568866 + 0.21666666666666679 * (-1000 - -904.0936539568866) = -924.8733622662278
apr. 11, 2020 2:17:01 P.M. hvl.projectparmorel.modelrepair.QModelFixer handleStep
INFO: Updated Q-table for error 445, context 0, action 99999 delete to new weight -924.8733622662278
apr. 11, 2020 2:17:01 P.M. hvl.projectparmorel.modelrepair.QModelFixer handleEpisode
INFO: EPISODE 20 TOTAL REWARD -900



apr. 11, 2020 2:17:01 P.M. hvl.projectparmorel.modelrepair.QModelFixer handleEpisode
INFO: EPISODE 21, STEP 0, Fixing error 27: An operation with void return type must have an upper bound of 1 not 93
apr. 11, 2020 2:17:01 P.M. hvl.projectparmorel.modelrepair.QModelFixer chooseAction
INFO: Choosing optimal action
apr. 11, 2020 2:17:01 P.M. hvl.projectparmorel.modelrepair.QModelFixer handleStep
INFO: Chose action setUpperBound in context 0 with weight 199.99999988077911
apr. 11, 2020 2:17:01 P.M. hvl.projectparmorel.modelrepair.QModelFixer handleStep
INFO: Next error code: 445
apr. 11, 2020 2:17:01 P.M. hvl.projectparmorel.modelrepair.QModelFixer handleStep
INFO: Calculating new Q-value:
Old Q-value: 199.99999988077911
Alpha: 0.1775000000000001
Gamma: 1.0
Reward: 100
Next optimal action Q-value: 100.0
199.99999988077911 + 0.1775000000000001 * (100 + 1.0 * 100.0 - 199.99999988077911) = 199.9999999019408
apr. 11, 2020 2:17:01 P.M. hvl.projectparmorel.modelrepair.QModelFixer handleStep
INFO: Updated Q-table for error 27, context 0, action -969028598 setUpperBound to new weight 199.9999999019408


apr. 11, 2020 2:17:01 P.M. hvl.projectparmorel.modelrepair.QModelFixer handleEpisode
INFO: EPISODE 21, STEP 1, Fixing error 445: The name 'null' is not well formed
apr. 11, 2020 2:17:01 P.M. hvl.projectparmorel.modelrepair.QModelFixer chooseAction
INFO: Choosing optimal action
apr. 11, 2020 2:17:01 P.M. hvl.projectparmorel.modelrepair.QModelFixer handleStep
INFO: Chose action setName in context 0 with weight 100.0
apr. 11, 2020 2:17:01 P.M. hvl.projectparmorel.modelrepair.QModelFixer handleStep
INFO: Calculating new Q-value:
Old Q-value: 100.0
Alpha: 0.1775000000000001

Reward: 100
100.0 + 0.1775000000000001 * (100 - 100.0) = 100.0
apr. 11, 2020 2:17:01 P.M. hvl.projectparmorel.modelrepair.QModelFixer handleStep
INFO: Updated Q-table for error 445, context 0, action 1614867400 setName to new weight 100.0
apr. 11, 2020 2:17:01 P.M. hvl.projectparmorel.modelrepair.QModelFixer handleEpisode
INFO: EPISODE 21 TOTAL REWARD 200



apr. 11, 2020 2:17:01 P.M. hvl.projectparmorel.modelrepair.QModelFixer handleEpisode
INFO: EPISODE 22, STEP 0, Fixing error 27: An operation with void return type must have an upper bound of 1 not 93
apr. 11, 2020 2:17:01 P.M. hvl.projectparmorel.modelrepair.QModelFixer chooseAction
INFO: Choosing random action.
apr. 11, 2020 2:17:01 P.M. hvl.projectparmorel.modelrepair.QModelFixer handleStep
INFO: Chose action setUpperBound in context 0 with weight 199.9999999019408
apr. 11, 2020 2:17:01 P.M. hvl.projectparmorel.modelrepair.QModelFixer handleStep
INFO: Next error code: 445
apr. 11, 2020 2:17:01 P.M. hvl.projectparmorel.modelrepair.QModelFixer handleStep
INFO: Calculating new Q-value:
Old Q-value: 199.9999999019408
Alpha: 0.1383333333333333
Gamma: 1.0
Reward: 100
Next optimal action Q-value: 100.0
199.9999999019408 + 0.1383333333333333 * (100 + 1.0 * 100.0 - 199.9999999019408) = 199.99999991550567
apr. 11, 2020 2:17:01 P.M. hvl.projectparmorel.modelrepair.QModelFixer handleStep
INFO: Updated Q-table for error 27, context 0, action -969028598 setUpperBound to new weight 199.99999991550567


apr. 11, 2020 2:17:01 P.M. hvl.projectparmorel.modelrepair.QModelFixer handleEpisode
INFO: EPISODE 22, STEP 1, Fixing error 445: The name 'null' is not well formed
apr. 11, 2020 2:17:01 P.M. hvl.projectparmorel.modelrepair.QModelFixer chooseAction
INFO: Choosing optimal action
apr. 11, 2020 2:17:01 P.M. hvl.projectparmorel.modelrepair.QModelFixer handleStep
INFO: Chose action setName in context 0 with weight 100.0
apr. 11, 2020 2:17:01 P.M. hvl.projectparmorel.modelrepair.QModelFixer handleStep
INFO: Calculating new Q-value:
Old Q-value: 100.0
Alpha: 0.1383333333333333

Reward: 100
100.0 + 0.1383333333333333 * (100 - 100.0) = 100.0
apr. 11, 2020 2:17:01 P.M. hvl.projectparmorel.modelrepair.QModelFixer handleStep
INFO: Updated Q-table for error 445, context 0, action 1614867400 setName to new weight 100.0
apr. 11, 2020 2:17:01 P.M. hvl.projectparmorel.modelrepair.QModelFixer handleEpisode
INFO: EPISODE 22 TOTAL REWARD 200



apr. 11, 2020 2:17:01 P.M. hvl.projectparmorel.modelrepair.QModelFixer handleEpisode
INFO: EPISODE 23, STEP 0, Fixing error 27: An operation with void return type must have an upper bound of 1 not 93
apr. 11, 2020 2:17:01 P.M. hvl.projectparmorel.modelrepair.QModelFixer chooseAction
INFO: Choosing optimal action
apr. 11, 2020 2:17:01 P.M. hvl.projectparmorel.modelrepair.QModelFixer handleStep
INFO: Chose action setUpperBound in context 0 with weight 199.99999991550567
apr. 11, 2020 2:17:01 P.M. hvl.projectparmorel.modelrepair.QModelFixer handleStep
INFO: Next error code: 445
apr. 11, 2020 2:17:01 P.M. hvl.projectparmorel.modelrepair.QModelFixer handleStep
INFO: Calculating new Q-value:
Old Q-value: 199.99999991550567
Alpha: 0.09916666666666674
Gamma: 1.0
Reward: 100
Next optimal action Q-value: 100.0
199.99999991550567 + 0.09916666666666674 * (100 + 1.0 * 100.0 - 199.99999991550567) = 199.9999999238847
apr. 11, 2020 2:17:01 P.M. hvl.projectparmorel.modelrepair.QModelFixer handleStep
INFO: Updated Q-table for error 27, context 0, action -969028598 setUpperBound to new weight 199.9999999238847


apr. 11, 2020 2:17:01 P.M. hvl.projectparmorel.modelrepair.QModelFixer handleEpisode
INFO: EPISODE 23, STEP 1, Fixing error 445: The name 'null' is not well formed
apr. 11, 2020 2:17:01 P.M. hvl.projectparmorel.modelrepair.QModelFixer chooseAction
INFO: Choosing optimal action
apr. 11, 2020 2:17:01 P.M. hvl.projectparmorel.modelrepair.QModelFixer handleStep
INFO: Chose action setName in context 0 with weight 100.0
apr. 11, 2020 2:17:01 P.M. hvl.projectparmorel.modelrepair.QModelFixer handleStep
INFO: Calculating new Q-value:
Old Q-value: 100.0
Alpha: 0.09916666666666674

Reward: 100
100.0 + 0.09916666666666674 * (100 - 100.0) = 100.0
apr. 11, 2020 2:17:01 P.M. hvl.projectparmorel.modelrepair.QModelFixer handleStep
INFO: Updated Q-table for error 445, context 0, action 1614867400 setName to new weight 100.0
apr. 11, 2020 2:17:01 P.M. hvl.projectparmorel.modelrepair.QModelFixer handleEpisode
INFO: EPISODE 23 TOTAL REWARD 200



apr. 11, 2020 2:17:01 P.M. hvl.projectparmorel.modelrepair.QModelFixer handleEpisode
INFO: EPISODE 24, STEP 0, Fixing error 27: An operation with void return type must have an upper bound of 1 not 93
apr. 11, 2020 2:17:01 P.M. hvl.projectparmorel.modelrepair.QModelFixer chooseAction
INFO: Choosing random action.
apr. 11, 2020 2:17:01 P.M. hvl.projectparmorel.modelrepair.QModelFixer handleStep
INFO: Chose action setEType in context 0 with weight 137.33333333333334
apr. 11, 2020 2:17:01 P.M. hvl.projectparmorel.modelrepair.QModelFixer handleStep
INFO: Next error code: 445
apr. 11, 2020 2:17:01 P.M. hvl.projectparmorel.modelrepair.QModelFixer handleStep
INFO: Calculating new Q-value:
Old Q-value: 137.33333333333334
Alpha: 0.06000000000000005
Gamma: 1.0
Reward: 100
Next optimal action Q-value: 100.0
137.33333333333334 + 0.06000000000000005 * (100 + 1.0 * 100.0 - 137.33333333333334) = 141.09333333333333
apr. 11, 2020 2:17:01 P.M. hvl.projectparmorel.modelrepair.QModelFixer handleStep
INFO: Updated Q-table for error 27, context 0, action 591449609 setEType to new weight 141.09333333333333


apr. 11, 2020 2:17:01 P.M. hvl.projectparmorel.modelrepair.QModelFixer handleEpisode
INFO: EPISODE 24, STEP 1, Fixing error 445: The name 'null' is not well formed
apr. 11, 2020 2:17:01 P.M. hvl.projectparmorel.modelrepair.QModelFixer chooseAction
INFO: Choosing optimal action
apr. 11, 2020 2:17:01 P.M. hvl.projectparmorel.modelrepair.QModelFixer handleStep
INFO: Chose action setName in context 0 with weight 100.0
apr. 11, 2020 2:17:01 P.M. hvl.projectparmorel.modelrepair.QModelFixer handleStep
INFO: Calculating new Q-value:
Old Q-value: 100.0
Alpha: 0.06000000000000005

Reward: 100
100.0 + 0.06000000000000005 * (100 - 100.0) = 100.0
apr. 11, 2020 2:17:01 P.M. hvl.projectparmorel.modelrepair.QModelFixer handleStep
INFO: Updated Q-table for error 445, context 0, action 1614867400 setName to new weight 100.0
apr. 11, 2020 2:17:01 P.M. hvl.projectparmorel.modelrepair.QModelFixer handleEpisode
INFO: EPISODE 24 TOTAL REWARD 200



apr. 11, 2020 2:17:01 P.M. hvl.projectparmorel.modelrepair.QModelFixer fixModel
INFO: Time repairing model: 816 ms
apr. 11, 2020 2:17:01 P.M. hvl.projectparmorel.modelrepair.QModelFixer fixModel
INFO: 
-----------------ALL SEQUENCES FOUND-------------------
SIZE: 5
DISCARDED SEQUENCES: 20
--------::::B E S T   S E Q U E N C E   I S::::---------
Sequence [id=0, seq=[ErrorAction [Error: 27 An operation with void return type must have an upper bound of 1 not 93, Action: setUpperBound, Error hierarchy: 0]
, ErrorAction [Error: 445 The name 'null' is not well formed, Action: setName, Error hierarchy: 0]
], weight=200.0]

 with 2 actions.
apr. 11, 2020 2:17:01 P.M. hvl.projectparmorel.knowledge.Knowledge save
INFO: Saving initialized
apr. 11, 2020 2:17:01 P.M. hvl.projectparmorel.knowledge.Knowledge save
INFO: document prepared
apr. 11, 2020 2:17:01 P.M. hvl.projectparmorel.knowledge.Knowledge save
INFO: Saving completed to /Users/Magnus/Skole/DAT300/EclipseWorkspace2/ParmorelRunnable/knowledge.xml
apr. 11, 2020 2:17:01 P.M. hvl.projectparmorel.ecore.EcoreSolution calculateDistanceFromOriginal
INFO: Calculating distance between a8.ecore and differentSelectionMethodsOriginalsparmorel_temp_solution_0_a8.ecore
apr. 11, 2020 2:17:01 P.M. hvl.projectparmorel.ecore.EcoreSolution calculateDistanceFromOriginal
WARNING: Could not calculate the distance between the models.
apr. 11, 2020 2:17:01 P.M. hvl.projectparmorel.ecore.EcoreSolution calculateDistanceFromOriginal
INFO: Calculating distance between a8.ecore and differentSelectionMethodsOriginalsparmorel_temp_solution_8_a8.ecore
apr. 11, 2020 2:17:01 P.M. hvl.projectparmorel.ecore.EcoreSolution calculateDistanceFromOriginal
WARNING: Could not calculate the distance between the models.
apr. 11, 2020 2:17:01 P.M. hvl.projectparmorel.ecore.EcoreSolution calculateDistanceFromOriginal
INFO: Calculating distance between a8.ecore and differentSelectionMethodsOriginalsparmorel_temp_solution_24_a8.ecore
apr. 11, 2020 2:17:01 P.M. hvl.projectparmorel.ecore.EcoreSolution calculateDistanceFromOriginal
WARNING: Could not calculate the distance between the models.
apr. 11, 2020 2:17:01 P.M. hvl.projectparmorel.ecore.EcoreSolution calculateDistanceFromOriginal
INFO: Calculating distance between a8.ecore and differentSelectionMethodsOriginalsparmorel_temp_solution_11_a8.ecore
apr. 11, 2020 2:17:01 P.M. hvl.projectparmorel.ecore.EcoreSolution calculateDistanceFromOriginal
WARNING: Could not calculate the distance between the models.
apr. 11, 2020 2:17:01 P.M. hvl.projectparmorel.ecore.EcoreSolution calculateDistanceFromOriginal
INFO: Calculating distance between a8.ecore and differentSelectionMethodsOriginalsparmorel_temp_solution_12_a8.ecore
apr. 11, 2020 2:17:01 P.M. hvl.projectparmorel.ecore.EcoreSolution calculateDistanceFromOriginal
WARNING: Could not calculate the distance between the models.
apr. 11, 2020 2:17:01 P.M. hvl.projectparmorel.knowledge.Knowledge save
INFO: Saving initialized
apr. 11, 2020 2:17:01 P.M. hvl.projectparmorel.knowledge.Knowledge save
INFO: document prepared
apr. 11, 2020 2:17:01 P.M. hvl.projectparmorel.knowledge.Knowledge save
INFO: Saving completed to /Users/Magnus/Skole/DAT300/EclipseWorkspace2/ParmorelRunnable/knowledge.xml
