mai 08, 2020 5:32:01 A.M. no.hvl.projectparmorel.qlearning.QModelFixer fixModel
INFO: Repairing rentalSample.ecore
mai 08, 2020 5:32:01 A.M. no.hvl.projectparmorel.qlearning.QModelFixer fixModel
INFO: Running with preferences [PREFER_CLOSE_DISTANCE_TO_ORIGINAL, PREFER_REUSE]
mai 08, 2020 5:32:01 A.M. no.hvl.projectparmorel.qlearning.QModelFixer fixModel
INFO: Initial number of errors in model: 1
Maximum number of steps per episode: 12
Errors to fix: [Error 38, message=The default value literal '0' must be a valid literal of the attribute's type in package 0
]
mai 08, 2020 5:32:01 A.M. no.hvl.projectparmorel.qlearning.QModelFixer fixModel
INFO: Initializing Q-table for the errors.
mai 08, 2020 5:32:01 A.M. no.hvl.projectparmorel.qlearning.QModelFixer fixModel
INFO: Number of episodes: 25
mai 08, 2020 5:32:01 A.M. no.hvl.projectparmorel.qlearning.QModelFixer handleEpisode
INFO: EPISODE 0, STEP 0, Fixing error 38: The default value literal '0' must be a valid literal of the attribute's type
mai 08, 2020 5:32:01 A.M. no.hvl.projectparmorel.qlearning.QModelFixer chooseAction
INFO: Choosing optimal action
mai 08, 2020 5:32:01 A.M. no.hvl.projectparmorel.qlearning.QModelFixer handleStep
INFO: Chose action setDefaultValueLiteralGen in context 0 with weight 300.72527474
mai 08, 2020 5:32:01 A.M. no.hvl.projectparmorel.qlearning.QModelFixer updateQTable
INFO: Calculating new Q-value:
Old Q-value: 300.72527474
Alpha: 1.0
Gamma:1.0

Reward: -2
300.72527474 + 1.0 * (-2 + 1.0 - 300.72527474) = -1.0
mai 08, 2020 5:32:01 A.M. no.hvl.projectparmorel.qlearning.QModelFixer updateQTable
INFO: Updated Q-table for error 38, context 0, action -2078906332 to new weight -1.0
mai 08, 2020 5:32:01 A.M. no.hvl.projectparmorel.qlearning.ecore.EcoreSolution calculateDistanceFromOriginal
INFO: Calculated the distance between the models to 100.0
mai 08, 2020 5:32:01 A.M. no.hvl.projectparmorel.qlearning.reward.PreferCloseDinstanceToOriginalPreference rewardcalculateRewardFor
INFO: Time to measure distance: 28 ms
mai 08, 2020 5:32:01 A.M. no.hvl.projectparmorel.qlearning.QModelFixer updateQTable
INFO: Calculating new Q-value:
Old Q-value: -1.0
Alpha: 1.0
Gamma:1.0

Reward: 100
-1.0 + 1.0 * (100 + 1.0 - -1.0) = 101.0
mai 08, 2020 5:32:01 A.M. no.hvl.projectparmorel.qlearning.QModelFixer updateQTable
INFO: Updated Q-table for error 38, context 0, action -2078906332 to new weight 101.0
mai 08, 2020 5:32:03 A.M. no.hvl.projectparmorel.qlearning.reward.PreferReuse rewardcalculateRewardFor
INFO: Reuse of the metamodel: 0.19512194
Time to get metric: 1555 ms
mai 08, 2020 5:32:03 A.M. no.hvl.projectparmorel.qlearning.QModelFixer fixModel
INFO: Solution added to possible solitons: [ErrorAction [Error: 38 The default value literal '0' must be a valid literal of the attribute's type, Action: setDefaultValueLiteralGen, Error hierarchy: 0]
]
mai 08, 2020 5:32:03 A.M. no.hvl.projectparmorel.qlearning.QModelFixer fixModel
INFO: EPISODE 0 TOTAL REWARD 98.0



mai 08, 2020 5:32:03 A.M. no.hvl.projectparmorel.qlearning.QModelFixer handleEpisode
INFO: EPISODE 1, STEP 0, Fixing error 38: The default value literal '0' must be a valid literal of the attribute's type
mai 08, 2020 5:32:03 A.M. no.hvl.projectparmorel.qlearning.QModelFixer chooseAction
INFO: Choosing optimal action
mai 08, 2020 5:32:03 A.M. no.hvl.projectparmorel.qlearning.QModelFixer handleStep
INFO: Chose action setEType in context 0 with weight 0.72527474
mai 08, 2020 5:32:03 A.M. no.hvl.projectparmorel.qlearning.QModelFixer updateQTable
INFO: Calculating new Q-value:
Old Q-value: 0.72527474
Alpha: 1.0
Gamma:1.0

Reward: -2
0.72527474 + 1.0 * (-2 + 1.0 - 0.72527474) = -1.0
mai 08, 2020 5:32:03 A.M. no.hvl.projectparmorel.qlearning.QModelFixer updateQTable
INFO: Updated Q-table for error 38, context 0, action -591535257 to new weight -1.0
mai 08, 2020 5:32:03 A.M. no.hvl.projectparmorel.qlearning.ecore.EcoreSolution calculateDistanceFromOriginal
INFO: Calculated the distance between the models to 96.0
mai 08, 2020 5:32:03 A.M. no.hvl.projectparmorel.qlearning.reward.PreferCloseDinstanceToOriginalPreference rewardcalculateRewardFor
INFO: Time to measure distance: 18 ms
mai 08, 2020 5:32:03 A.M. no.hvl.projectparmorel.qlearning.QModelFixer updateQTable
INFO: Calculating new Q-value:
Old Q-value: -1.0
Alpha: 1.0
Gamma:1.0

Reward: 96
-1.0 + 1.0 * (96 + 1.0 - -1.0) = 97.0
mai 08, 2020 5:32:03 A.M. no.hvl.projectparmorel.qlearning.QModelFixer updateQTable
INFO: Updated Q-table for error 38, context 0, action -591535257 to new weight 97.0
mai 08, 2020 5:32:04 A.M. no.hvl.projectparmorel.qlearning.reward.PreferReuse rewardcalculateRewardFor
INFO: Reuse of the metamodel: 0.19512194
Time to get metric: 1259 ms
mai 08, 2020 5:32:04 A.M. no.hvl.projectparmorel.qlearning.QModelFixer fixModel
INFO: Solution added to possible solitons: [ErrorAction [Error: 38 The default value literal '0' must be a valid literal of the attribute's type, Action: setEType, Error hierarchy: 0]
]
mai 08, 2020 5:32:04 A.M. no.hvl.projectparmorel.qlearning.QModelFixer fixModel
INFO: EPISODE 1 TOTAL REWARD 94.0



mai 08, 2020 5:32:04 A.M. no.hvl.projectparmorel.qlearning.QModelFixer handleEpisode
INFO: EPISODE 2, STEP 0, Fixing error 38: The default value literal '0' must be a valid literal of the attribute's type
mai 08, 2020 5:32:04 A.M. no.hvl.projectparmorel.qlearning.QModelFixer chooseAction
INFO: Choosing random action.
mai 08, 2020 5:32:04 A.M. no.hvl.projectparmorel.qlearning.QModelFixer handleStep
INFO: Chose action setDefaultValueLiteral in context 0 with weight 0.72527474
mai 08, 2020 5:32:04 A.M. no.hvl.projectparmorel.qlearning.QModelFixer updateQTable
INFO: Calculating new Q-value:
Old Q-value: 0.72527474
Alpha: 1.0
Gamma:1.0

Reward: -2
0.72527474 + 1.0 * (-2 + 1.0 - 0.72527474) = -1.0
mai 08, 2020 5:32:04 A.M. no.hvl.projectparmorel.qlearning.QModelFixer updateQTable
INFO: Updated Q-table for error 38, context 0, action 1999964618 to new weight -1.0
mai 08, 2020 5:32:04 A.M. no.hvl.projectparmorel.qlearning.ecore.EcoreSolution calculateDistanceFromOriginal
INFO: Calculated the distance between the models to 100.0
mai 08, 2020 5:32:04 A.M. no.hvl.projectparmorel.qlearning.reward.PreferCloseDinstanceToOriginalPreference rewardcalculateRewardFor
INFO: Time to measure distance: 18 ms
mai 08, 2020 5:32:04 A.M. no.hvl.projectparmorel.qlearning.QModelFixer updateQTable
INFO: Calculating new Q-value:
Old Q-value: -1.0
Alpha: 1.0
Gamma:1.0

Reward: 100
-1.0 + 1.0 * (100 + 1.0 - -1.0) = 101.0
mai 08, 2020 5:32:04 A.M. no.hvl.projectparmorel.qlearning.QModelFixer updateQTable
INFO: Updated Q-table for error 38, context 0, action 1999964618 to new weight 101.0
mai 08, 2020 5:32:05 A.M. no.hvl.projectparmorel.qlearning.reward.PreferReuse rewardcalculateRewardFor
INFO: Reuse of the metamodel: 0.19512194
Time to get metric: 1255 ms
mai 08, 2020 5:32:05 A.M. no.hvl.projectparmorel.qlearning.QModelFixer fixModel
INFO: Solution added to possible solitons: [ErrorAction [Error: 38 The default value literal '0' must be a valid literal of the attribute's type, Action: setDefaultValueLiteral, Error hierarchy: 0]
]
mai 08, 2020 5:32:05 A.M. no.hvl.projectparmorel.qlearning.QModelFixer fixModel
INFO: EPISODE 2 TOTAL REWARD 98.0



mai 08, 2020 5:32:05 A.M. no.hvl.projectparmorel.qlearning.QModelFixer handleEpisode
INFO: EPISODE 3, STEP 0, Fixing error 38: The default value literal '0' must be a valid literal of the attribute's type
mai 08, 2020 5:32:05 A.M. no.hvl.projectparmorel.qlearning.QModelFixer chooseAction
INFO: Choosing optimal action
mai 08, 2020 5:32:05 A.M. no.hvl.projectparmorel.qlearning.QModelFixer handleStep
INFO: Chose action delete in context 0 with weight 0.7176471
mai 08, 2020 5:32:06 A.M. no.hvl.projectparmorel.qlearning.QModelFixer updateQTable
INFO: Calculating new Q-value:
Old Q-value: 0.7176471
Alpha: 1.0
Gamma:1.0

Reward: -2
0.7176471 + 1.0 * (-2 + 1.0 - 0.7176471) = -1.0
mai 08, 2020 5:32:06 A.M. no.hvl.projectparmorel.qlearning.QModelFixer updateQTable
INFO: Updated Q-table for error 38, context 0, action 99999 to new weight -1.0
mai 08, 2020 5:32:06 A.M. no.hvl.projectparmorel.qlearning.ecore.EcoreSolution calculateDistanceFromOriginal
INFO: Calculated the distance between the models to 96.0
mai 08, 2020 5:32:06 A.M. no.hvl.projectparmorel.qlearning.reward.PreferCloseDinstanceToOriginalPreference rewardcalculateRewardFor
INFO: Time to measure distance: 18 ms
mai 08, 2020 5:32:06 A.M. no.hvl.projectparmorel.qlearning.QModelFixer updateQTable
INFO: Calculating new Q-value:
Old Q-value: -1.0
Alpha: 1.0
Gamma:1.0

Reward: 96
-1.0 + 1.0 * (96 + 1.0 - -1.0) = 97.0
mai 08, 2020 5:32:06 A.M. no.hvl.projectparmorel.qlearning.QModelFixer updateQTable
INFO: Updated Q-table for error 38, context 0, action 99999 to new weight 97.0
mai 08, 2020 5:32:07 A.M. no.hvl.projectparmorel.qlearning.reward.PreferReuse rewardcalculateRewardFor
INFO: Reuse of the metamodel: 0.2
Time to get metric: 1248 ms
mai 08, 2020 5:32:07 A.M. no.hvl.projectparmorel.qlearning.QModelFixer fixModel
INFO: Solution added to possible solitons: [ErrorAction [Error: 38 The default value literal '0' must be a valid literal of the attribute's type, Action: delete, Error hierarchy: 0]
]
mai 08, 2020 5:32:07 A.M. no.hvl.projectparmorel.qlearning.QModelFixer fixModel
INFO: EPISODE 3 TOTAL REWARD 94.0



mai 08, 2020 5:32:07 A.M. no.hvl.projectparmorel.qlearning.QModelFixer handleEpisode
INFO: EPISODE 4, STEP 0, Fixing error 38: The default value literal '0' must be a valid literal of the attribute's type
mai 08, 2020 5:32:07 A.M. no.hvl.projectparmorel.qlearning.QModelFixer chooseAction
INFO: Choosing optimal action
mai 08, 2020 5:32:07 A.M. no.hvl.projectparmorel.qlearning.QModelFixer handleStep
INFO: Chose action setEType in context 0 with weight 0.36641222
mai 08, 2020 5:32:07 A.M. no.hvl.projectparmorel.qlearning.QModelFixer updateQTable
INFO: Calculating new Q-value:
Old Q-value: 0.36641222
Alpha: 1.0
Gamma:1.0

Reward: -2
0.36641222 + 1.0 * (-2 + 1.0 - 0.36641222) = -1.0
mai 08, 2020 5:32:07 A.M. no.hvl.projectparmorel.qlearning.QModelFixer updateQTable
INFO: Updated Q-table for error 38, context 0, action 591449609 to new weight -1.0
mai 08, 2020 5:32:07 A.M. no.hvl.projectparmorel.qlearning.ecore.EcoreSolution calculateDistanceFromOriginal
INFO: Calculated the distance between the models to 96.0
mai 08, 2020 5:32:07 A.M. no.hvl.projectparmorel.qlearning.reward.PreferCloseDinstanceToOriginalPreference rewardcalculateRewardFor
INFO: Time to measure distance: 18 ms
mai 08, 2020 5:32:07 A.M. no.hvl.projectparmorel.qlearning.QModelFixer updateQTable
INFO: Calculating new Q-value:
Old Q-value: -1.0
Alpha: 1.0
Gamma:1.0

Reward: 96
-1.0 + 1.0 * (96 + 1.0 - -1.0) = 97.0
mai 08, 2020 5:32:07 A.M. no.hvl.projectparmorel.qlearning.QModelFixer updateQTable
INFO: Updated Q-table for error 38, context 0, action 591449609 to new weight 97.0
mai 08, 2020 5:32:08 A.M. no.hvl.projectparmorel.qlearning.reward.PreferReuse rewardcalculateRewardFor
INFO: Reuse of the metamodel: 0.19512194
Time to get metric: 1309 ms
mai 08, 2020 5:32:08 A.M. no.hvl.projectparmorel.qlearning.QModelFixer fixModel
INFO: Solution added to possible solitons: [ErrorAction [Error: 38 The default value literal '0' must be a valid literal of the attribute's type, Action: setEType, Error hierarchy: 0]
]
mai 08, 2020 5:32:08 A.M. no.hvl.projectparmorel.qlearning.QModelFixer fixModel
INFO: EPISODE 4 TOTAL REWARD 94.0



mai 08, 2020 5:32:08 A.M. no.hvl.projectparmorel.qlearning.QModelFixer handleEpisode
INFO: EPISODE 5, STEP 0, Fixing error 38: The default value literal '0' must be a valid literal of the attribute's type
mai 08, 2020 5:32:08 A.M. no.hvl.projectparmorel.qlearning.QModelFixer chooseAction
INFO: Choosing random action.
mai 08, 2020 5:32:08 A.M. no.hvl.projectparmorel.qlearning.QModelFixer handleStep
INFO: Chose action setDefaultValueLiteral in context 0 with weight 0.19512194
mai 08, 2020 5:32:08 A.M. no.hvl.projectparmorel.qlearning.QModelFixer updateQTable
INFO: Calculating new Q-value:
Old Q-value: 0.19512194
Alpha: 1.0
Gamma:1.0

Reward: -2
0.19512194 + 1.0 * (-2 + 1.0 - 0.19512194) = -1.0
mai 08, 2020 5:32:08 A.M. no.hvl.projectparmorel.qlearning.QModelFixer updateQTable
INFO: Updated Q-table for error 38, context 0, action 1999964618 to new weight -1.0
mai 08, 2020 5:32:08 A.M. no.hvl.projectparmorel.qlearning.ecore.EcoreSolution calculateDistanceFromOriginal
INFO: Calculated the distance between the models to 100.0
mai 08, 2020 5:32:08 A.M. no.hvl.projectparmorel.qlearning.reward.PreferCloseDinstanceToOriginalPreference rewardcalculateRewardFor
INFO: Time to measure distance: 18 ms
mai 08, 2020 5:32:08 A.M. no.hvl.projectparmorel.qlearning.QModelFixer updateQTable
INFO: Calculating new Q-value:
Old Q-value: -1.0
Alpha: 1.0
Gamma:1.0

Reward: 100
-1.0 + 1.0 * (100 + 1.0 - -1.0) = 101.0
mai 08, 2020 5:32:08 A.M. no.hvl.projectparmorel.qlearning.QModelFixer updateQTable
INFO: Updated Q-table for error 38, context 0, action 1999964618 to new weight 101.0
mai 08, 2020 5:32:10 A.M. no.hvl.projectparmorel.qlearning.reward.PreferReuse rewardcalculateRewardFor
INFO: Reuse of the metamodel: 0.19512194
Time to get metric: 1261 ms
mai 08, 2020 5:32:10 A.M. no.hvl.projectparmorel.qlearning.QModelFixer isUnique
INFO: Solution [ErrorAction [Error: 38 The default value literal '0' must be a valid literal of the attribute's type, Action: setDefaultValueLiteral, Error hierarchy: 0]
] already exists.
mai 08, 2020 5:32:10 A.M. no.hvl.projectparmorel.qlearning.QModelFixer fixModel
INFO: Solution discarded.
mai 08, 2020 5:32:10 A.M. no.hvl.projectparmorel.qlearning.QModelFixer fixModel
INFO: EPISODE 5 TOTAL REWARD 98.0



mai 08, 2020 5:32:10 A.M. no.hvl.projectparmorel.qlearning.QModelFixer handleEpisode
INFO: EPISODE 6, STEP 0, Fixing error 38: The default value literal '0' must be a valid literal of the attribute's type
mai 08, 2020 5:32:10 A.M. no.hvl.projectparmorel.qlearning.QModelFixer chooseAction
INFO: Choosing random action.
mai 08, 2020 5:32:10 A.M. no.hvl.projectparmorel.qlearning.QModelFixer handleStep
INFO: Chose action setEType in context 0 with weight 0.19512194
mai 08, 2020 5:32:10 A.M. no.hvl.projectparmorel.qlearning.QModelFixer updateQTable
INFO: Calculating new Q-value:
Old Q-value: 0.19512194
Alpha: 1.0
Gamma:1.0

Reward: -2
0.19512194 + 1.0 * (-2 + 1.0 - 0.19512194) = -1.0
mai 08, 2020 5:32:10 A.M. no.hvl.projectparmorel.qlearning.QModelFixer updateQTable
INFO: Updated Q-table for error 38, context 0, action 591449609 to new weight -1.0
mai 08, 2020 5:32:10 A.M. no.hvl.projectparmorel.qlearning.ecore.EcoreSolution calculateDistanceFromOriginal
INFO: Calculated the distance between the models to 96.0
mai 08, 2020 5:32:10 A.M. no.hvl.projectparmorel.qlearning.reward.PreferCloseDinstanceToOriginalPreference rewardcalculateRewardFor
INFO: Time to measure distance: 19 ms
mai 08, 2020 5:32:10 A.M. no.hvl.projectparmorel.qlearning.QModelFixer updateQTable
INFO: Calculating new Q-value:
Old Q-value: -1.0
Alpha: 1.0
Gamma:1.0

Reward: 96
-1.0 + 1.0 * (96 + 1.0 - -1.0) = 97.0
mai 08, 2020 5:32:10 A.M. no.hvl.projectparmorel.qlearning.QModelFixer updateQTable
INFO: Updated Q-table for error 38, context 0, action 591449609 to new weight 97.0
mai 08, 2020 5:32:11 A.M. no.hvl.projectparmorel.qlearning.reward.PreferReuse rewardcalculateRewardFor
INFO: Reuse of the metamodel: 0.19512194
Time to get metric: 1305 ms
mai 08, 2020 5:32:11 A.M. no.hvl.projectparmorel.qlearning.QModelFixer isUnique
INFO: Solution [ErrorAction [Error: 38 The default value literal '0' must be a valid literal of the attribute's type, Action: setEType, Error hierarchy: 0]
] already exists.
mai 08, 2020 5:32:11 A.M. no.hvl.projectparmorel.qlearning.QModelFixer fixModel
INFO: Solution discarded.
mai 08, 2020 5:32:11 A.M. no.hvl.projectparmorel.qlearning.QModelFixer fixModel
INFO: EPISODE 6 TOTAL REWARD 94.0



mai 08, 2020 5:32:11 A.M. no.hvl.projectparmorel.qlearning.QModelFixer handleEpisode
INFO: EPISODE 7, STEP 0, Fixing error 38: The default value literal '0' must be a valid literal of the attribute's type
mai 08, 2020 5:32:11 A.M. no.hvl.projectparmorel.qlearning.QModelFixer chooseAction
INFO: Choosing optimal action
mai 08, 2020 5:32:11 A.M. no.hvl.projectparmorel.qlearning.QModelFixer handleStep
INFO: Chose action delete in context 0 with weight 0.2
mai 08, 2020 5:32:11 A.M. no.hvl.projectparmorel.qlearning.QModelFixer updateQTable
INFO: Calculating new Q-value:
Old Q-value: 0.2
Alpha: 1.0
Gamma:1.0

Reward: -2
0.2 + 1.0 * (-2 + 1.0 - 0.2) = -1.0
mai 08, 2020 5:32:11 A.M. no.hvl.projectparmorel.qlearning.QModelFixer updateQTable
INFO: Updated Q-table for error 38, context 0, action 99999 to new weight -1.0
mai 08, 2020 5:32:11 A.M. no.hvl.projectparmorel.qlearning.ecore.EcoreSolution calculateDistanceFromOriginal
INFO: Calculated the distance between the models to 96.0
mai 08, 2020 5:32:11 A.M. no.hvl.projectparmorel.qlearning.reward.PreferCloseDinstanceToOriginalPreference rewardcalculateRewardFor
INFO: Time to measure distance: 18 ms
mai 08, 2020 5:32:11 A.M. no.hvl.projectparmorel.qlearning.QModelFixer updateQTable
INFO: Calculating new Q-value:
Old Q-value: -1.0
Alpha: 1.0
Gamma:1.0

Reward: 96
-1.0 + 1.0 * (96 + 1.0 - -1.0) = 97.0
mai 08, 2020 5:32:11 A.M. no.hvl.projectparmorel.qlearning.QModelFixer updateQTable
INFO: Updated Q-table for error 38, context 0, action 99999 to new weight 97.0
mai 08, 2020 5:32:13 A.M. no.hvl.projectparmorel.qlearning.reward.PreferReuse rewardcalculateRewardFor
INFO: Reuse of the metamodel: 0.2
Time to get metric: 1306 ms
mai 08, 2020 5:32:13 A.M. no.hvl.projectparmorel.qlearning.QModelFixer isUnique
INFO: Solution [ErrorAction [Error: 38 The default value literal '0' must be a valid literal of the attribute's type, Action: delete, Error hierarchy: 0]
] already exists.
mai 08, 2020 5:32:13 A.M. no.hvl.projectparmorel.qlearning.QModelFixer fixModel
INFO: Solution discarded.
mai 08, 2020 5:32:13 A.M. no.hvl.projectparmorel.qlearning.QModelFixer fixModel
INFO: EPISODE 7 TOTAL REWARD 94.0



mai 08, 2020 5:32:13 A.M. no.hvl.projectparmorel.qlearning.QModelFixer handleEpisode
INFO: EPISODE 8, STEP 0, Fixing error 38: The default value literal '0' must be a valid literal of the attribute's type
mai 08, 2020 5:32:13 A.M. no.hvl.projectparmorel.qlearning.QModelFixer chooseAction
INFO: Choosing optimal action
mai 08, 2020 5:32:13 A.M. no.hvl.projectparmorel.qlearning.QModelFixer handleStep
INFO: Chose action delete in context 0 with weight 0.2
mai 08, 2020 5:32:13 A.M. no.hvl.projectparmorel.qlearning.QModelFixer updateQTable
INFO: Calculating new Q-value:
Old Q-value: 0.2
Alpha: 1.0
Gamma:1.0

Reward: -2
0.2 + 1.0 * (-2 + 1.0 - 0.2) = -1.0
mai 08, 2020 5:32:13 A.M. no.hvl.projectparmorel.qlearning.QModelFixer updateQTable
INFO: Updated Q-table for error 38, context 0, action 99999 to new weight -1.0
mai 08, 2020 5:32:13 A.M. no.hvl.projectparmorel.qlearning.ecore.EcoreSolution calculateDistanceFromOriginal
INFO: Calculated the distance between the models to 96.0
mai 08, 2020 5:32:13 A.M. no.hvl.projectparmorel.qlearning.reward.PreferCloseDinstanceToOriginalPreference rewardcalculateRewardFor
INFO: Time to measure distance: 17 ms
mai 08, 2020 5:32:13 A.M. no.hvl.projectparmorel.qlearning.QModelFixer updateQTable
INFO: Calculating new Q-value:
Old Q-value: -1.0
Alpha: 1.0
Gamma:1.0

Reward: 96
-1.0 + 1.0 * (96 + 1.0 - -1.0) = 97.0
mai 08, 2020 5:32:13 A.M. no.hvl.projectparmorel.qlearning.QModelFixer updateQTable
INFO: Updated Q-table for error 38, context 0, action 99999 to new weight 97.0
mai 08, 2020 5:32:14 A.M. no.hvl.projectparmorel.qlearning.reward.PreferReuse rewardcalculateRewardFor
INFO: Reuse of the metamodel: 0.2
Time to get metric: 1296 ms
mai 08, 2020 5:32:14 A.M. no.hvl.projectparmorel.qlearning.QModelFixer isUnique
INFO: Solution [ErrorAction [Error: 38 The default value literal '0' must be a valid literal of the attribute's type, Action: delete, Error hierarchy: 0]
] already exists.
mai 08, 2020 5:32:14 A.M. no.hvl.projectparmorel.qlearning.QModelFixer fixModel
INFO: Solution discarded.
mai 08, 2020 5:32:14 A.M. no.hvl.projectparmorel.qlearning.QModelFixer fixModel
INFO: EPISODE 8 TOTAL REWARD 94.0



mai 08, 2020 5:32:14 A.M. no.hvl.projectparmorel.qlearning.QModelFixer handleEpisode
INFO: EPISODE 9, STEP 0, Fixing error 38: The default value literal '0' must be a valid literal of the attribute's type
mai 08, 2020 5:32:14 A.M. no.hvl.projectparmorel.qlearning.QModelFixer chooseAction
INFO: Choosing random action.
mai 08, 2020 5:32:14 A.M. no.hvl.projectparmorel.qlearning.QModelFixer handleStep
INFO: Chose action setEType in context 0 with weight 0.19512194
mai 08, 2020 5:32:14 A.M. no.hvl.projectparmorel.qlearning.QModelFixer updateQTable
INFO: Calculating new Q-value:
Old Q-value: 0.19512194
Alpha: 1.0
Gamma:1.0

Reward: -2
0.19512194 + 1.0 * (-2 + 1.0 - 0.19512194) = -1.0
mai 08, 2020 5:32:14 A.M. no.hvl.projectparmorel.qlearning.QModelFixer updateQTable
INFO: Updated Q-table for error 38, context 0, action -591535257 to new weight -1.0
mai 08, 2020 5:32:14 A.M. no.hvl.projectparmorel.qlearning.ecore.EcoreSolution calculateDistanceFromOriginal
INFO: Calculated the distance between the models to 96.0
mai 08, 2020 5:32:14 A.M. no.hvl.projectparmorel.qlearning.reward.PreferCloseDinstanceToOriginalPreference rewardcalculateRewardFor
INFO: Time to measure distance: 18 ms
mai 08, 2020 5:32:14 A.M. no.hvl.projectparmorel.qlearning.QModelFixer updateQTable
INFO: Calculating new Q-value:
Old Q-value: -1.0
Alpha: 1.0
Gamma:1.0

Reward: 96
-1.0 + 1.0 * (96 + 1.0 - -1.0) = 97.0
mai 08, 2020 5:32:14 A.M. no.hvl.projectparmorel.qlearning.QModelFixer updateQTable
INFO: Updated Q-table for error 38, context 0, action -591535257 to new weight 97.0
mai 08, 2020 5:32:16 A.M. no.hvl.projectparmorel.qlearning.reward.PreferReuse rewardcalculateRewardFor
INFO: Reuse of the metamodel: 0.19512194
Time to get metric: 1310 ms
mai 08, 2020 5:32:16 A.M. no.hvl.projectparmorel.qlearning.QModelFixer isUnique
INFO: Solution [ErrorAction [Error: 38 The default value literal '0' must be a valid literal of the attribute's type, Action: setEType, Error hierarchy: 0]
] already exists.
mai 08, 2020 5:32:16 A.M. no.hvl.projectparmorel.qlearning.QModelFixer fixModel
INFO: Solution discarded.
mai 08, 2020 5:32:16 A.M. no.hvl.projectparmorel.qlearning.QModelFixer fixModel
INFO: EPISODE 9 TOTAL REWARD 94.0



mai 08, 2020 5:32:16 A.M. no.hvl.projectparmorel.qlearning.QModelFixer handleEpisode
INFO: EPISODE 10, STEP 0, Fixing error 38: The default value literal '0' must be a valid literal of the attribute's type
mai 08, 2020 5:32:16 A.M. no.hvl.projectparmorel.qlearning.QModelFixer chooseAction
INFO: Choosing random action.
mai 08, 2020 5:32:16 A.M. no.hvl.projectparmorel.qlearning.QModelFixer handleStep
INFO: Chose action setEType in context 0 with weight 0.19512194
mai 08, 2020 5:32:16 A.M. no.hvl.projectparmorel.qlearning.QModelFixer updateQTable
INFO: Calculating new Q-value:
Old Q-value: 0.19512194
Alpha: 1.0
Gamma:1.0

Reward: -2
0.19512194 + 1.0 * (-2 + 1.0 - 0.19512194) = -1.0
mai 08, 2020 5:32:16 A.M. no.hvl.projectparmorel.qlearning.QModelFixer updateQTable
INFO: Updated Q-table for error 38, context 0, action 591449609 to new weight -1.0
mai 08, 2020 5:32:16 A.M. no.hvl.projectparmorel.qlearning.ecore.EcoreSolution calculateDistanceFromOriginal
INFO: Calculated the distance between the models to 96.0
mai 08, 2020 5:32:16 A.M. no.hvl.projectparmorel.qlearning.reward.PreferCloseDinstanceToOriginalPreference rewardcalculateRewardFor
INFO: Time to measure distance: 18 ms
mai 08, 2020 5:32:16 A.M. no.hvl.projectparmorel.qlearning.QModelFixer updateQTable
INFO: Calculating new Q-value:
Old Q-value: -1.0
Alpha: 1.0
Gamma:1.0

Reward: 96
-1.0 + 1.0 * (96 + 1.0 - -1.0) = 97.0
mai 08, 2020 5:32:16 A.M. no.hvl.projectparmorel.qlearning.QModelFixer updateQTable
INFO: Updated Q-table for error 38, context 0, action 591449609 to new weight 97.0
mai 08, 2020 5:32:17 A.M. no.hvl.projectparmorel.qlearning.reward.PreferReuse rewardcalculateRewardFor
INFO: Reuse of the metamodel: 0.19512194
Time to get metric: 1345 ms
mai 08, 2020 5:32:17 A.M. no.hvl.projectparmorel.qlearning.QModelFixer isUnique
INFO: Solution [ErrorAction [Error: 38 The default value literal '0' must be a valid literal of the attribute's type, Action: setEType, Error hierarchy: 0]
] already exists.
mai 08, 2020 5:32:17 A.M. no.hvl.projectparmorel.qlearning.QModelFixer fixModel
INFO: Solution discarded.
mai 08, 2020 5:32:17 A.M. no.hvl.projectparmorel.qlearning.QModelFixer fixModel
INFO: EPISODE 10 TOTAL REWARD 94.0



mai 08, 2020 5:32:17 A.M. no.hvl.projectparmorel.qlearning.QModelFixer handleEpisode
INFO: EPISODE 11, STEP 0, Fixing error 38: The default value literal '0' must be a valid literal of the attribute's type
mai 08, 2020 5:32:17 A.M. no.hvl.projectparmorel.qlearning.QModelFixer chooseAction
INFO: Choosing optimal action
mai 08, 2020 5:32:17 A.M. no.hvl.projectparmorel.qlearning.QModelFixer handleStep
INFO: Chose action delete in context 0 with weight 0.2
mai 08, 2020 5:32:18 A.M. no.hvl.projectparmorel.qlearning.QModelFixer updateQTable
INFO: Calculating new Q-value:
Old Q-value: 0.2
Alpha: 1.0
Gamma:1.0

Reward: -2
0.2 + 1.0 * (-2 + 1.0 - 0.2) = -1.0
mai 08, 2020 5:32:18 A.M. no.hvl.projectparmorel.qlearning.QModelFixer updateQTable
INFO: Updated Q-table for error 38, context 0, action 99999 to new weight -1.0
mai 08, 2020 5:32:18 A.M. no.hvl.projectparmorel.qlearning.ecore.EcoreSolution calculateDistanceFromOriginal
INFO: Calculated the distance between the models to 96.0
mai 08, 2020 5:32:18 A.M. no.hvl.projectparmorel.qlearning.reward.PreferCloseDinstanceToOriginalPreference rewardcalculateRewardFor
INFO: Time to measure distance: 18 ms
mai 08, 2020 5:32:18 A.M. no.hvl.projectparmorel.qlearning.QModelFixer updateQTable
INFO: Calculating new Q-value:
Old Q-value: -1.0
Alpha: 1.0
Gamma:1.0

Reward: 96
-1.0 + 1.0 * (96 + 1.0 - -1.0) = 97.0
mai 08, 2020 5:32:18 A.M. no.hvl.projectparmorel.qlearning.QModelFixer updateQTable
INFO: Updated Q-table for error 38, context 0, action 99999 to new weight 97.0
mai 08, 2020 5:32:19 A.M. no.hvl.projectparmorel.qlearning.reward.PreferReuse rewardcalculateRewardFor
INFO: Reuse of the metamodel: 0.2
Time to get metric: 1297 ms
mai 08, 2020 5:32:19 A.M. no.hvl.projectparmorel.qlearning.QModelFixer isUnique
INFO: Solution [ErrorAction [Error: 38 The default value literal '0' must be a valid literal of the attribute's type, Action: delete, Error hierarchy: 0]
] already exists.
mai 08, 2020 5:32:19 A.M. no.hvl.projectparmorel.qlearning.QModelFixer fixModel
INFO: Solution discarded.
mai 08, 2020 5:32:19 A.M. no.hvl.projectparmorel.qlearning.QModelFixer fixModel
INFO: EPISODE 11 TOTAL REWARD 94.0



mai 08, 2020 5:32:19 A.M. no.hvl.projectparmorel.qlearning.QModelFixer handleEpisode
INFO: EPISODE 12, STEP 0, Fixing error 38: The default value literal '0' must be a valid literal of the attribute's type
mai 08, 2020 5:32:19 A.M. no.hvl.projectparmorel.qlearning.QModelFixer chooseAction
INFO: Choosing optimal action
mai 08, 2020 5:32:19 A.M. no.hvl.projectparmorel.qlearning.QModelFixer handleStep
INFO: Chose action delete in context 0 with weight 0.2
mai 08, 2020 5:32:19 A.M. no.hvl.projectparmorel.qlearning.QModelFixer updateQTable
INFO: Calculating new Q-value:
Old Q-value: 0.2
Alpha: 1.0
Gamma:1.0

Reward: -2
0.2 + 1.0 * (-2 + 1.0 - 0.2) = -1.0
mai 08, 2020 5:32:19 A.M. no.hvl.projectparmorel.qlearning.QModelFixer updateQTable
INFO: Updated Q-table for error 38, context 0, action 99999 to new weight -1.0
mai 08, 2020 5:32:19 A.M. no.hvl.projectparmorel.qlearning.ecore.EcoreSolution calculateDistanceFromOriginal
INFO: Calculated the distance between the models to 96.0
mai 08, 2020 5:32:19 A.M. no.hvl.projectparmorel.qlearning.reward.PreferCloseDinstanceToOriginalPreference rewardcalculateRewardFor
INFO: Time to measure distance: 36 ms
mai 08, 2020 5:32:19 A.M. no.hvl.projectparmorel.qlearning.QModelFixer updateQTable
INFO: Calculating new Q-value:
Old Q-value: -1.0
Alpha: 1.0
Gamma:1.0

Reward: 96
-1.0 + 1.0 * (96 + 1.0 - -1.0) = 97.0
mai 08, 2020 5:32:19 A.M. no.hvl.projectparmorel.qlearning.QModelFixer updateQTable
INFO: Updated Q-table for error 38, context 0, action 99999 to new weight 97.0
mai 08, 2020 5:32:21 A.M. no.hvl.projectparmorel.qlearning.reward.PreferReuse rewardcalculateRewardFor
INFO: Reuse of the metamodel: 0.2
Time to get metric: 1293 ms
mai 08, 2020 5:32:21 A.M. no.hvl.projectparmorel.qlearning.QModelFixer isUnique
INFO: Solution [ErrorAction [Error: 38 The default value literal '0' must be a valid literal of the attribute's type, Action: delete, Error hierarchy: 0]
] already exists.
mai 08, 2020 5:32:21 A.M. no.hvl.projectparmorel.qlearning.QModelFixer fixModel
INFO: Solution discarded.
mai 08, 2020 5:32:21 A.M. no.hvl.projectparmorel.qlearning.QModelFixer fixModel
INFO: EPISODE 12 TOTAL REWARD 94.0



mai 08, 2020 5:32:21 A.M. no.hvl.projectparmorel.qlearning.QModelFixer handleEpisode
INFO: EPISODE 13, STEP 0, Fixing error 38: The default value literal '0' must be a valid literal of the attribute's type
mai 08, 2020 5:32:21 A.M. no.hvl.projectparmorel.qlearning.QModelFixer chooseAction
INFO: Choosing random action.
mai 08, 2020 5:32:21 A.M. no.hvl.projectparmorel.qlearning.QModelFixer handleStep
INFO: Chose action setDefaultValueLiteralGen in context 0 with weight 0.19512194
mai 08, 2020 5:32:21 A.M. no.hvl.projectparmorel.qlearning.QModelFixer updateQTable
INFO: Calculating new Q-value:
Old Q-value: 0.19512194
Alpha: 1.0
Gamma:1.0

Reward: -2
0.19512194 + 1.0 * (-2 + 1.0 - 0.19512194) = -1.0
mai 08, 2020 5:32:21 A.M. no.hvl.projectparmorel.qlearning.QModelFixer updateQTable
INFO: Updated Q-table for error 38, context 0, action -2078906332 to new weight -1.0
mai 08, 2020 5:32:21 A.M. no.hvl.projectparmorel.qlearning.ecore.EcoreSolution calculateDistanceFromOriginal
INFO: Calculated the distance between the models to 100.0
mai 08, 2020 5:32:21 A.M. no.hvl.projectparmorel.qlearning.reward.PreferCloseDinstanceToOriginalPreference rewardcalculateRewardFor
INFO: Time to measure distance: 18 ms
mai 08, 2020 5:32:21 A.M. no.hvl.projectparmorel.qlearning.QModelFixer updateQTable
INFO: Calculating new Q-value:
Old Q-value: -1.0
Alpha: 1.0
Gamma:1.0

Reward: 100
-1.0 + 1.0 * (100 + 1.0 - -1.0) = 101.0
mai 08, 2020 5:32:21 A.M. no.hvl.projectparmorel.qlearning.QModelFixer updateQTable
INFO: Updated Q-table for error 38, context 0, action -2078906332 to new weight 101.0
mai 08, 2020 5:32:22 A.M. no.hvl.projectparmorel.qlearning.reward.PreferReuse rewardcalculateRewardFor
INFO: Reuse of the metamodel: 0.19512194
Time to get metric: 1321 ms
mai 08, 2020 5:32:22 A.M. no.hvl.projectparmorel.qlearning.QModelFixer isUnique
INFO: Solution [ErrorAction [Error: 38 The default value literal '0' must be a valid literal of the attribute's type, Action: setDefaultValueLiteralGen, Error hierarchy: 0]
] already exists.
mai 08, 2020 5:32:22 A.M. no.hvl.projectparmorel.qlearning.QModelFixer fixModel
INFO: Solution discarded.
mai 08, 2020 5:32:22 A.M. no.hvl.projectparmorel.qlearning.QModelFixer fixModel
INFO: EPISODE 13 TOTAL REWARD 98.0



mai 08, 2020 5:32:22 A.M. no.hvl.projectparmorel.qlearning.QModelFixer handleEpisode
INFO: EPISODE 14, STEP 0, Fixing error 38: The default value literal '0' must be a valid literal of the attribute's type
mai 08, 2020 5:32:22 A.M. no.hvl.projectparmorel.qlearning.QModelFixer chooseAction
INFO: Choosing optimal action
mai 08, 2020 5:32:22 A.M. no.hvl.projectparmorel.qlearning.QModelFixer handleStep
INFO: Chose action delete in context 0 with weight 0.2
mai 08, 2020 5:32:22 A.M. no.hvl.projectparmorel.qlearning.QModelFixer updateQTable
INFO: Calculating new Q-value:
Old Q-value: 0.2
Alpha: 1.0
Gamma:1.0

Reward: -2
0.2 + 1.0 * (-2 + 1.0 - 0.2) = -1.0
mai 08, 2020 5:32:22 A.M. no.hvl.projectparmorel.qlearning.QModelFixer updateQTable
INFO: Updated Q-table for error 38, context 0, action 99999 to new weight -1.0
mai 08, 2020 5:32:22 A.M. no.hvl.projectparmorel.qlearning.ecore.EcoreSolution calculateDistanceFromOriginal
INFO: Calculated the distance between the models to 96.0
mai 08, 2020 5:32:22 A.M. no.hvl.projectparmorel.qlearning.reward.PreferCloseDinstanceToOriginalPreference rewardcalculateRewardFor
INFO: Time to measure distance: 18 ms
mai 08, 2020 5:32:22 A.M. no.hvl.projectparmorel.qlearning.QModelFixer updateQTable
INFO: Calculating new Q-value:
Old Q-value: -1.0
Alpha: 1.0
Gamma:1.0

Reward: 96
-1.0 + 1.0 * (96 + 1.0 - -1.0) = 97.0
mai 08, 2020 5:32:22 A.M. no.hvl.projectparmorel.qlearning.QModelFixer updateQTable
INFO: Updated Q-table for error 38, context 0, action 99999 to new weight 97.0
mai 08, 2020 5:32:24 A.M. no.hvl.projectparmorel.qlearning.reward.PreferReuse rewardcalculateRewardFor
INFO: Reuse of the metamodel: 0.2
Time to get metric: 1295 ms
mai 08, 2020 5:32:24 A.M. no.hvl.projectparmorel.qlearning.QModelFixer isUnique
INFO: Solution [ErrorAction [Error: 38 The default value literal '0' must be a valid literal of the attribute's type, Action: delete, Error hierarchy: 0]
] already exists.
mai 08, 2020 5:32:24 A.M. no.hvl.projectparmorel.qlearning.QModelFixer fixModel
INFO: Solution discarded.
mai 08, 2020 5:32:24 A.M. no.hvl.projectparmorel.qlearning.QModelFixer fixModel
INFO: EPISODE 14 TOTAL REWARD 94.0



mai 08, 2020 5:32:24 A.M. no.hvl.projectparmorel.qlearning.QModelFixer handleEpisode
INFO: EPISODE 15, STEP 0, Fixing error 38: The default value literal '0' must be a valid literal of the attribute's type
mai 08, 2020 5:32:24 A.M. no.hvl.projectparmorel.qlearning.QModelFixer chooseAction
INFO: Choosing optimal action
mai 08, 2020 5:32:24 A.M. no.hvl.projectparmorel.qlearning.QModelFixer handleStep
INFO: Chose action delete in context 0 with weight 0.2
mai 08, 2020 5:32:24 A.M. no.hvl.projectparmorel.qlearning.QModelFixer updateQTable
INFO: Calculating new Q-value:
Old Q-value: 0.2
Alpha: 1.0
Gamma:1.0

Reward: -2
0.2 + 1.0 * (-2 + 1.0 - 0.2) = -1.0
mai 08, 2020 5:32:24 A.M. no.hvl.projectparmorel.qlearning.QModelFixer updateQTable
INFO: Updated Q-table for error 38, context 0, action 99999 to new weight -1.0
mai 08, 2020 5:32:24 A.M. no.hvl.projectparmorel.qlearning.ecore.EcoreSolution calculateDistanceFromOriginal
INFO: Calculated the distance between the models to 96.0
mai 08, 2020 5:32:24 A.M. no.hvl.projectparmorel.qlearning.reward.PreferCloseDinstanceToOriginalPreference rewardcalculateRewardFor
INFO: Time to measure distance: 18 ms
mai 08, 2020 5:32:24 A.M. no.hvl.projectparmorel.qlearning.QModelFixer updateQTable
INFO: Calculating new Q-value:
Old Q-value: -1.0
Alpha: 1.0
Gamma:1.0

Reward: 96
-1.0 + 1.0 * (96 + 1.0 - -1.0) = 97.0
mai 08, 2020 5:32:24 A.M. no.hvl.projectparmorel.qlearning.QModelFixer updateQTable
INFO: Updated Q-table for error 38, context 0, action 99999 to new weight 97.0
mai 08, 2020 5:32:25 A.M. no.hvl.projectparmorel.qlearning.reward.PreferReuse rewardcalculateRewardFor
INFO: Reuse of the metamodel: 0.2
Time to get metric: 1276 ms
mai 08, 2020 5:32:25 A.M. no.hvl.projectparmorel.qlearning.QModelFixer isUnique
INFO: Solution [ErrorAction [Error: 38 The default value literal '0' must be a valid literal of the attribute's type, Action: delete, Error hierarchy: 0]
] already exists.
mai 08, 2020 5:32:25 A.M. no.hvl.projectparmorel.qlearning.QModelFixer fixModel
INFO: Solution discarded.
mai 08, 2020 5:32:25 A.M. no.hvl.projectparmorel.qlearning.QModelFixer fixModel
INFO: EPISODE 15 TOTAL REWARD 94.0



mai 08, 2020 5:32:25 A.M. no.hvl.projectparmorel.qlearning.QModelFixer handleEpisode
INFO: EPISODE 16, STEP 0, Fixing error 38: The default value literal '0' must be a valid literal of the attribute's type
mai 08, 2020 5:32:25 A.M. no.hvl.projectparmorel.qlearning.QModelFixer chooseAction
INFO: Choosing random action.
mai 08, 2020 5:32:25 A.M. no.hvl.projectparmorel.qlearning.QModelFixer handleStep
INFO: Chose action setEType in context 0 with weight 0.19512194
mai 08, 2020 5:32:25 A.M. no.hvl.projectparmorel.qlearning.QModelFixer updateQTable
INFO: Calculating new Q-value:
Old Q-value: 0.19512194
Alpha: 1.0
Gamma:1.0

Reward: -2
0.19512194 + 1.0 * (-2 + 1.0 - 0.19512194) = -1.0
mai 08, 2020 5:32:25 A.M. no.hvl.projectparmorel.qlearning.QModelFixer updateQTable
INFO: Updated Q-table for error 38, context 0, action 591449609 to new weight -1.0
mai 08, 2020 5:32:25 A.M. no.hvl.projectparmorel.qlearning.ecore.EcoreSolution calculateDistanceFromOriginal
INFO: Calculated the distance between the models to 96.0
mai 08, 2020 5:32:25 A.M. no.hvl.projectparmorel.qlearning.reward.PreferCloseDinstanceToOriginalPreference rewardcalculateRewardFor
INFO: Time to measure distance: 39 ms
mai 08, 2020 5:32:25 A.M. no.hvl.projectparmorel.qlearning.QModelFixer updateQTable
INFO: Calculating new Q-value:
Old Q-value: -1.0
Alpha: 1.0
Gamma:1.0

Reward: 96
-1.0 + 1.0 * (96 + 1.0 - -1.0) = 97.0
mai 08, 2020 5:32:25 A.M. no.hvl.projectparmorel.qlearning.QModelFixer updateQTable
INFO: Updated Q-table for error 38, context 0, action 591449609 to new weight 97.0
mai 08, 2020 5:32:27 A.M. no.hvl.projectparmorel.qlearning.reward.PreferReuse rewardcalculateRewardFor
INFO: Reuse of the metamodel: 0.19512194
Time to get metric: 1300 ms
mai 08, 2020 5:32:27 A.M. no.hvl.projectparmorel.qlearning.QModelFixer isUnique
INFO: Solution [ErrorAction [Error: 38 The default value literal '0' must be a valid literal of the attribute's type, Action: setEType, Error hierarchy: 0]
] already exists.
mai 08, 2020 5:32:27 A.M. no.hvl.projectparmorel.qlearning.QModelFixer fixModel
INFO: Solution discarded.
mai 08, 2020 5:32:27 A.M. no.hvl.projectparmorel.qlearning.QModelFixer fixModel
INFO: EPISODE 16 TOTAL REWARD 94.0



mai 08, 2020 5:32:27 A.M. no.hvl.projectparmorel.qlearning.QModelFixer handleEpisode
INFO: EPISODE 17, STEP 0, Fixing error 38: The default value literal '0' must be a valid literal of the attribute's type
mai 08, 2020 5:32:27 A.M. no.hvl.projectparmorel.qlearning.QModelFixer chooseAction
INFO: Choosing optimal action
mai 08, 2020 5:32:27 A.M. no.hvl.projectparmorel.qlearning.QModelFixer handleStep
INFO: Chose action delete in context 0 with weight 0.2
mai 08, 2020 5:32:27 A.M. no.hvl.projectparmorel.qlearning.QModelFixer updateQTable
INFO: Calculating new Q-value:
Old Q-value: 0.2
Alpha: 1.0
Gamma:1.0

Reward: -2
0.2 + 1.0 * (-2 + 1.0 - 0.2) = -1.0
mai 08, 2020 5:32:27 A.M. no.hvl.projectparmorel.qlearning.QModelFixer updateQTable
INFO: Updated Q-table for error 38, context 0, action 99999 to new weight -1.0
mai 08, 2020 5:32:27 A.M. no.hvl.projectparmorel.qlearning.ecore.EcoreSolution calculateDistanceFromOriginal
INFO: Calculated the distance between the models to 96.0
mai 08, 2020 5:32:27 A.M. no.hvl.projectparmorel.qlearning.reward.PreferCloseDinstanceToOriginalPreference rewardcalculateRewardFor
INFO: Time to measure distance: 17 ms
mai 08, 2020 5:32:27 A.M. no.hvl.projectparmorel.qlearning.QModelFixer updateQTable
INFO: Calculating new Q-value:
Old Q-value: -1.0
Alpha: 1.0
Gamma:1.0

Reward: 96
-1.0 + 1.0 * (96 + 1.0 - -1.0) = 97.0
mai 08, 2020 5:32:27 A.M. no.hvl.projectparmorel.qlearning.QModelFixer updateQTable
INFO: Updated Q-table for error 38, context 0, action 99999 to new weight 97.0
mai 08, 2020 5:32:29 A.M. no.hvl.projectparmorel.qlearning.reward.PreferReuse rewardcalculateRewardFor
INFO: Reuse of the metamodel: 0.2
Time to get metric: 1314 ms
mai 08, 2020 5:32:29 A.M. no.hvl.projectparmorel.qlearning.QModelFixer isUnique
INFO: Solution [ErrorAction [Error: 38 The default value literal '0' must be a valid literal of the attribute's type, Action: delete, Error hierarchy: 0]
] already exists.
mai 08, 2020 5:32:29 A.M. no.hvl.projectparmorel.qlearning.QModelFixer fixModel
INFO: Solution discarded.
mai 08, 2020 5:32:29 A.M. no.hvl.projectparmorel.qlearning.QModelFixer fixModel
INFO: EPISODE 17 TOTAL REWARD 94.0



mai 08, 2020 5:32:29 A.M. no.hvl.projectparmorel.qlearning.QModelFixer handleEpisode
INFO: EPISODE 18, STEP 0, Fixing error 38: The default value literal '0' must be a valid literal of the attribute's type
mai 08, 2020 5:32:29 A.M. no.hvl.projectparmorel.qlearning.QModelFixer chooseAction
INFO: Choosing random action.
mai 08, 2020 5:32:29 A.M. no.hvl.projectparmorel.qlearning.QModelFixer handleStep
INFO: Chose action setEType in context 0 with weight 0.19512194
mai 08, 2020 5:32:29 A.M. no.hvl.projectparmorel.qlearning.QModelFixer updateQTable
INFO: Calculating new Q-value:
Old Q-value: 0.19512194
Alpha: 1.0
Gamma:1.0

Reward: -2
0.19512194 + 1.0 * (-2 + 1.0 - 0.19512194) = -1.0
mai 08, 2020 5:32:29 A.M. no.hvl.projectparmorel.qlearning.QModelFixer updateQTable
INFO: Updated Q-table for error 38, context 0, action -591535257 to new weight -1.0
mai 08, 2020 5:32:29 A.M. no.hvl.projectparmorel.qlearning.ecore.EcoreSolution calculateDistanceFromOriginal
INFO: Calculated the distance between the models to 96.0
mai 08, 2020 5:32:29 A.M. no.hvl.projectparmorel.qlearning.reward.PreferCloseDinstanceToOriginalPreference rewardcalculateRewardFor
INFO: Time to measure distance: 18 ms
mai 08, 2020 5:32:29 A.M. no.hvl.projectparmorel.qlearning.QModelFixer updateQTable
INFO: Calculating new Q-value:
Old Q-value: -1.0
Alpha: 1.0
Gamma:1.0

Reward: 96
-1.0 + 1.0 * (96 + 1.0 - -1.0) = 97.0
mai 08, 2020 5:32:29 A.M. no.hvl.projectparmorel.qlearning.QModelFixer updateQTable
INFO: Updated Q-table for error 38, context 0, action -591535257 to new weight 97.0
mai 08, 2020 5:32:30 A.M. no.hvl.projectparmorel.qlearning.reward.PreferReuse rewardcalculateRewardFor
INFO: Reuse of the metamodel: 0.19512194
Time to get metric: 1291 ms
mai 08, 2020 5:32:30 A.M. no.hvl.projectparmorel.qlearning.QModelFixer isUnique
INFO: Solution [ErrorAction [Error: 38 The default value literal '0' must be a valid literal of the attribute's type, Action: setEType, Error hierarchy: 0]
] already exists.
mai 08, 2020 5:32:30 A.M. no.hvl.projectparmorel.qlearning.QModelFixer fixModel
INFO: Solution discarded.
mai 08, 2020 5:32:30 A.M. no.hvl.projectparmorel.qlearning.QModelFixer fixModel
INFO: EPISODE 18 TOTAL REWARD 94.0



mai 08, 2020 5:32:30 A.M. no.hvl.projectparmorel.qlearning.QModelFixer handleEpisode
INFO: EPISODE 19, STEP 0, Fixing error 38: The default value literal '0' must be a valid literal of the attribute's type
mai 08, 2020 5:32:30 A.M. no.hvl.projectparmorel.qlearning.QModelFixer chooseAction
INFO: Choosing optimal action
mai 08, 2020 5:32:30 A.M. no.hvl.projectparmorel.qlearning.QModelFixer handleStep
INFO: Chose action delete in context 0 with weight 0.2
mai 08, 2020 5:32:30 A.M. no.hvl.projectparmorel.qlearning.QModelFixer updateQTable
INFO: Calculating new Q-value:
Old Q-value: 0.2
Alpha: 1.0
Gamma:1.0

Reward: -2
0.2 + 1.0 * (-2 + 1.0 - 0.2) = -1.0
mai 08, 2020 5:32:30 A.M. no.hvl.projectparmorel.qlearning.QModelFixer updateQTable
INFO: Updated Q-table for error 38, context 0, action 99999 to new weight -1.0
mai 08, 2020 5:32:30 A.M. no.hvl.projectparmorel.qlearning.ecore.EcoreSolution calculateDistanceFromOriginal
INFO: Calculated the distance between the models to 96.0
mai 08, 2020 5:32:30 A.M. no.hvl.projectparmorel.qlearning.reward.PreferCloseDinstanceToOriginalPreference rewardcalculateRewardFor
INFO: Time to measure distance: 18 ms
mai 08, 2020 5:32:30 A.M. no.hvl.projectparmorel.qlearning.QModelFixer updateQTable
INFO: Calculating new Q-value:
Old Q-value: -1.0
Alpha: 1.0
Gamma:1.0

Reward: 96
-1.0 + 1.0 * (96 + 1.0 - -1.0) = 97.0
mai 08, 2020 5:32:30 A.M. no.hvl.projectparmorel.qlearning.QModelFixer updateQTable
INFO: Updated Q-table for error 38, context 0, action 99999 to new weight 97.0
mai 08, 2020 5:32:32 A.M. no.hvl.projectparmorel.qlearning.reward.PreferReuse rewardcalculateRewardFor
INFO: Reuse of the metamodel: 0.2
Time to get metric: 1469 ms
mai 08, 2020 5:32:32 A.M. no.hvl.projectparmorel.qlearning.QModelFixer isUnique
INFO: Solution [ErrorAction [Error: 38 The default value literal '0' must be a valid literal of the attribute's type, Action: delete, Error hierarchy: 0]
] already exists.
mai 08, 2020 5:32:32 A.M. no.hvl.projectparmorel.qlearning.QModelFixer fixModel
INFO: Solution discarded.
mai 08, 2020 5:32:32 A.M. no.hvl.projectparmorel.qlearning.QModelFixer fixModel
INFO: EPISODE 19 TOTAL REWARD 94.0



mai 08, 2020 5:32:32 A.M. no.hvl.projectparmorel.qlearning.QModelFixer handleEpisode
INFO: EPISODE 20, STEP 0, Fixing error 38: The default value literal '0' must be a valid literal of the attribute's type
mai 08, 2020 5:32:32 A.M. no.hvl.projectparmorel.qlearning.QModelFixer chooseAction
INFO: Choosing optimal action
mai 08, 2020 5:32:32 A.M. no.hvl.projectparmorel.qlearning.QModelFixer handleStep
INFO: Chose action delete in context 0 with weight 0.2
mai 08, 2020 5:32:32 A.M. no.hvl.projectparmorel.qlearning.QModelFixer updateQTable
INFO: Calculating new Q-value:
Old Q-value: 0.2
Alpha: 1.0
Gamma:1.0

Reward: -2
0.2 + 1.0 * (-2 + 1.0 - 0.2) = -1.0
mai 08, 2020 5:32:32 A.M. no.hvl.projectparmorel.qlearning.QModelFixer updateQTable
INFO: Updated Q-table for error 38, context 0, action 99999 to new weight -1.0
mai 08, 2020 5:32:32 A.M. no.hvl.projectparmorel.qlearning.ecore.EcoreSolution calculateDistanceFromOriginal
INFO: Calculated the distance between the models to 96.0
mai 08, 2020 5:32:32 A.M. no.hvl.projectparmorel.qlearning.reward.PreferCloseDinstanceToOriginalPreference rewardcalculateRewardFor
INFO: Time to measure distance: 18 ms
mai 08, 2020 5:32:32 A.M. no.hvl.projectparmorel.qlearning.QModelFixer updateQTable
INFO: Calculating new Q-value:
Old Q-value: -1.0
Alpha: 1.0
Gamma:1.0

Reward: 96
-1.0 + 1.0 * (96 + 1.0 - -1.0) = 97.0
mai 08, 2020 5:32:32 A.M. no.hvl.projectparmorel.qlearning.QModelFixer updateQTable
INFO: Updated Q-table for error 38, context 0, action 99999 to new weight 97.0
mai 08, 2020 5:32:33 A.M. no.hvl.projectparmorel.qlearning.reward.PreferReuse rewardcalculateRewardFor
INFO: Reuse of the metamodel: 0.2
Time to get metric: 1267 ms
mai 08, 2020 5:32:33 A.M. no.hvl.projectparmorel.qlearning.QModelFixer isUnique
INFO: Solution [ErrorAction [Error: 38 The default value literal '0' must be a valid literal of the attribute's type, Action: delete, Error hierarchy: 0]
] already exists.
mai 08, 2020 5:32:33 A.M. no.hvl.projectparmorel.qlearning.QModelFixer fixModel
INFO: Solution discarded.
mai 08, 2020 5:32:33 A.M. no.hvl.projectparmorel.qlearning.QModelFixer fixModel
INFO: EPISODE 20 TOTAL REWARD 94.0



mai 08, 2020 5:32:33 A.M. no.hvl.projectparmorel.qlearning.QModelFixer handleEpisode
INFO: EPISODE 21, STEP 0, Fixing error 38: The default value literal '0' must be a valid literal of the attribute's type
mai 08, 2020 5:32:33 A.M. no.hvl.projectparmorel.qlearning.QModelFixer chooseAction
INFO: Choosing optimal action
mai 08, 2020 5:32:33 A.M. no.hvl.projectparmorel.qlearning.QModelFixer handleStep
INFO: Chose action delete in context 0 with weight 0.2
mai 08, 2020 5:32:34 A.M. no.hvl.projectparmorel.qlearning.QModelFixer updateQTable
INFO: Calculating new Q-value:
Old Q-value: 0.2
Alpha: 1.0
Gamma:1.0

Reward: -2
0.2 + 1.0 * (-2 + 1.0 - 0.2) = -1.0
mai 08, 2020 5:32:34 A.M. no.hvl.projectparmorel.qlearning.QModelFixer updateQTable
INFO: Updated Q-table for error 38, context 0, action 99999 to new weight -1.0
mai 08, 2020 5:32:34 A.M. no.hvl.projectparmorel.qlearning.ecore.EcoreSolution calculateDistanceFromOriginal
INFO: Calculated the distance between the models to 96.0
mai 08, 2020 5:32:34 A.M. no.hvl.projectparmorel.qlearning.reward.PreferCloseDinstanceToOriginalPreference rewardcalculateRewardFor
INFO: Time to measure distance: 17 ms
mai 08, 2020 5:32:34 A.M. no.hvl.projectparmorel.qlearning.QModelFixer updateQTable
INFO: Calculating new Q-value:
Old Q-value: -1.0
Alpha: 1.0
Gamma:1.0

Reward: 96
-1.0 + 1.0 * (96 + 1.0 - -1.0) = 97.0
mai 08, 2020 5:32:34 A.M. no.hvl.projectparmorel.qlearning.QModelFixer updateQTable
INFO: Updated Q-table for error 38, context 0, action 99999 to new weight 97.0
mai 08, 2020 5:32:35 A.M. no.hvl.projectparmorel.qlearning.reward.PreferReuse rewardcalculateRewardFor
INFO: Reuse of the metamodel: 0.2
Time to get metric: 1459 ms
mai 08, 2020 5:32:35 A.M. no.hvl.projectparmorel.qlearning.QModelFixer isUnique
INFO: Solution [ErrorAction [Error: 38 The default value literal '0' must be a valid literal of the attribute's type, Action: delete, Error hierarchy: 0]
] already exists.
mai 08, 2020 5:32:35 A.M. no.hvl.projectparmorel.qlearning.QModelFixer fixModel
INFO: Solution discarded.
mai 08, 2020 5:32:35 A.M. no.hvl.projectparmorel.qlearning.QModelFixer fixModel
INFO: EPISODE 21 TOTAL REWARD 94.0



mai 08, 2020 5:32:35 A.M. no.hvl.projectparmorel.qlearning.QModelFixer handleEpisode
INFO: EPISODE 22, STEP 0, Fixing error 38: The default value literal '0' must be a valid literal of the attribute's type
mai 08, 2020 5:32:35 A.M. no.hvl.projectparmorel.qlearning.QModelFixer chooseAction
INFO: Choosing random action.
mai 08, 2020 5:32:35 A.M. no.hvl.projectparmorel.qlearning.QModelFixer handleStep
INFO: Chose action setEType in context 0 with weight 0.19512194
mai 08, 2020 5:32:35 A.M. no.hvl.projectparmorel.qlearning.QModelFixer updateQTable
INFO: Calculating new Q-value:
Old Q-value: 0.19512194
Alpha: 1.0
Gamma:1.0

Reward: -2
0.19512194 + 1.0 * (-2 + 1.0 - 0.19512194) = -1.0
mai 08, 2020 5:32:35 A.M. no.hvl.projectparmorel.qlearning.QModelFixer updateQTable
INFO: Updated Q-table for error 38, context 0, action 591449609 to new weight -1.0
mai 08, 2020 5:32:36 A.M. no.hvl.projectparmorel.qlearning.ecore.EcoreSolution calculateDistanceFromOriginal
INFO: Calculated the distance between the models to 96.0
mai 08, 2020 5:32:36 A.M. no.hvl.projectparmorel.qlearning.reward.PreferCloseDinstanceToOriginalPreference rewardcalculateRewardFor
INFO: Time to measure distance: 18 ms
mai 08, 2020 5:32:36 A.M. no.hvl.projectparmorel.qlearning.QModelFixer updateQTable
INFO: Calculating new Q-value:
Old Q-value: -1.0
Alpha: 1.0
Gamma:1.0

Reward: 96
-1.0 + 1.0 * (96 + 1.0 - -1.0) = 97.0
mai 08, 2020 5:32:36 A.M. no.hvl.projectparmorel.qlearning.QModelFixer updateQTable
INFO: Updated Q-table for error 38, context 0, action 591449609 to new weight 97.0
mai 08, 2020 5:32:37 A.M. no.hvl.projectparmorel.qlearning.reward.PreferReuse rewardcalculateRewardFor
INFO: Reuse of the metamodel: 0.19512194
Time to get metric: 1299 ms
mai 08, 2020 5:32:37 A.M. no.hvl.projectparmorel.qlearning.QModelFixer isUnique
INFO: Solution [ErrorAction [Error: 38 The default value literal '0' must be a valid literal of the attribute's type, Action: setEType, Error hierarchy: 0]
] already exists.
mai 08, 2020 5:32:37 A.M. no.hvl.projectparmorel.qlearning.QModelFixer fixModel
INFO: Solution discarded.
mai 08, 2020 5:32:37 A.M. no.hvl.projectparmorel.qlearning.QModelFixer fixModel
INFO: EPISODE 22 TOTAL REWARD 94.0



mai 08, 2020 5:32:37 A.M. no.hvl.projectparmorel.qlearning.QModelFixer handleEpisode
INFO: EPISODE 23, STEP 0, Fixing error 38: The default value literal '0' must be a valid literal of the attribute's type
mai 08, 2020 5:32:37 A.M. no.hvl.projectparmorel.qlearning.QModelFixer chooseAction
INFO: Choosing optimal action
mai 08, 2020 5:32:37 A.M. no.hvl.projectparmorel.qlearning.QModelFixer handleStep
INFO: Chose action delete in context 0 with weight 0.2
mai 08, 2020 5:32:37 A.M. no.hvl.projectparmorel.qlearning.QModelFixer updateQTable
INFO: Calculating new Q-value:
Old Q-value: 0.2
Alpha: 1.0
Gamma:1.0

Reward: -2
0.2 + 1.0 * (-2 + 1.0 - 0.2) = -1.0
mai 08, 2020 5:32:37 A.M. no.hvl.projectparmorel.qlearning.QModelFixer updateQTable
INFO: Updated Q-table for error 38, context 0, action 99999 to new weight -1.0
mai 08, 2020 5:32:37 A.M. no.hvl.projectparmorel.qlearning.ecore.EcoreSolution calculateDistanceFromOriginal
INFO: Calculated the distance between the models to 96.0
mai 08, 2020 5:32:37 A.M. no.hvl.projectparmorel.qlearning.reward.PreferCloseDinstanceToOriginalPreference rewardcalculateRewardFor
INFO: Time to measure distance: 17 ms
mai 08, 2020 5:32:37 A.M. no.hvl.projectparmorel.qlearning.QModelFixer updateQTable
INFO: Calculating new Q-value:
Old Q-value: -1.0
Alpha: 1.0
Gamma:1.0

Reward: 96
-1.0 + 1.0 * (96 + 1.0 - -1.0) = 97.0
mai 08, 2020 5:32:37 A.M. no.hvl.projectparmorel.qlearning.QModelFixer updateQTable
INFO: Updated Q-table for error 38, context 0, action 99999 to new weight 97.0
mai 08, 2020 5:32:38 A.M. no.hvl.projectparmorel.qlearning.reward.PreferReuse rewardcalculateRewardFor
INFO: Reuse of the metamodel: 0.2
Time to get metric: 1258 ms
mai 08, 2020 5:32:38 A.M. no.hvl.projectparmorel.qlearning.QModelFixer isUnique
INFO: Solution [ErrorAction [Error: 38 The default value literal '0' must be a valid literal of the attribute's type, Action: delete, Error hierarchy: 0]
] already exists.
mai 08, 2020 5:32:38 A.M. no.hvl.projectparmorel.qlearning.QModelFixer fixModel
INFO: Solution discarded.
mai 08, 2020 5:32:38 A.M. no.hvl.projectparmorel.qlearning.QModelFixer fixModel
INFO: EPISODE 23 TOTAL REWARD 94.0



mai 08, 2020 5:32:38 A.M. no.hvl.projectparmorel.qlearning.QModelFixer handleEpisode
INFO: EPISODE 24, STEP 0, Fixing error 38: The default value literal '0' must be a valid literal of the attribute's type
mai 08, 2020 5:32:38 A.M. no.hvl.projectparmorel.qlearning.QModelFixer chooseAction
INFO: Choosing optimal action
mai 08, 2020 5:32:38 A.M. no.hvl.projectparmorel.qlearning.QModelFixer handleStep
INFO: Chose action delete in context 0 with weight 0.2
mai 08, 2020 5:32:39 A.M. no.hvl.projectparmorel.qlearning.QModelFixer updateQTable
INFO: Calculating new Q-value:
Old Q-value: 0.2
Alpha: 1.0
Gamma:1.0

Reward: -2
0.2 + 1.0 * (-2 + 1.0 - 0.2) = -1.0
mai 08, 2020 5:32:39 A.M. no.hvl.projectparmorel.qlearning.QModelFixer updateQTable
INFO: Updated Q-table for error 38, context 0, action 99999 to new weight -1.0
mai 08, 2020 5:32:39 A.M. no.hvl.projectparmorel.qlearning.ecore.EcoreSolution calculateDistanceFromOriginal
INFO: Calculated the distance between the models to 96.0
mai 08, 2020 5:32:39 A.M. no.hvl.projectparmorel.qlearning.reward.PreferCloseDinstanceToOriginalPreference rewardcalculateRewardFor
INFO: Time to measure distance: 18 ms
mai 08, 2020 5:32:39 A.M. no.hvl.projectparmorel.qlearning.QModelFixer updateQTable
INFO: Calculating new Q-value:
Old Q-value: -1.0
Alpha: 1.0
Gamma:1.0

Reward: 96
-1.0 + 1.0 * (96 + 1.0 - -1.0) = 97.0
mai 08, 2020 5:32:39 A.M. no.hvl.projectparmorel.qlearning.QModelFixer updateQTable
INFO: Updated Q-table for error 38, context 0, action 99999 to new weight 97.0
mai 08, 2020 5:32:40 A.M. no.hvl.projectparmorel.qlearning.reward.PreferReuse rewardcalculateRewardFor
INFO: Reuse of the metamodel: 0.2
Time to get metric: 1211 ms
mai 08, 2020 5:32:40 A.M. no.hvl.projectparmorel.qlearning.QModelFixer isUnique
INFO: Solution [ErrorAction [Error: 38 The default value literal '0' must be a valid literal of the attribute's type, Action: delete, Error hierarchy: 0]
] already exists.
mai 08, 2020 5:32:40 A.M. no.hvl.projectparmorel.qlearning.QModelFixer fixModel
INFO: Solution discarded.
mai 08, 2020 5:32:40 A.M. no.hvl.projectparmorel.qlearning.QModelFixer fixModel
INFO: EPISODE 24 TOTAL REWARD 94.0



mai 08, 2020 5:32:40 A.M. no.hvl.projectparmorel.qlearning.QModelFixer fixModel
INFO: Time repairing model: 39085 ms
mai 08, 2020 5:32:40 A.M. no.hvl.projectparmorel.qlearning.QModelFixer fixModel
INFO: 
-----------------ALL SEQUENCES FOUND-------------------
SIZE: 5
DISCARDED SEQUENCES: 20
--------::::B E S T   S E Q U E N C E   I S::::---------
Sequence [id=0, seq=[ErrorAction [Error: 38 The default value literal '0' must be a valid literal of the attribute's type, Action: setDefaultValueLiteralGen, Error hierarchy: 0]
], weight=98.0]

 with 1 actions.
mai 08, 2020 5:32:40 A.M. no.hvl.projectparmorel.qlearning.knowledge.Knowledge save
INFO: Saving initialized
mai 08, 2020 5:32:40 A.M. no.hvl.projectparmorel.qlearning.knowledge.Knowledge save
INFO: document prepared
mai 08, 2020 5:32:40 A.M. no.hvl.projectparmorel.qlearning.knowledge.Knowledge save
INFO: Saving completed to /Users/Magnus/Skole/DAT300/EclipseWorkspace3/ParmorelRunnable/knowledge.xml
mai 08, 2020 5:32:40 A.M. no.hvl.projectparmorel.qlearning.knowledge.Knowledge save
INFO: Saving initialized
mai 08, 2020 5:32:40 A.M. no.hvl.projectparmorel.qlearning.knowledge.Knowledge save
INFO: document prepared
mai 08, 2020 5:32:40 A.M. no.hvl.projectparmorel.qlearning.knowledge.Knowledge save
INFO: Saving completed to /Users/Magnus/Skole/DAT300/EclipseWorkspace3/ParmorelRunnable/knowledge.xml
