apr. 11, 2020 3:06:52 P.M. hvl.projectparmorel.modelrepair.QModelFixer fixModel
INFO: Repairing d15.ecore
apr. 11, 2020 3:06:52 P.M. hvl.projectparmorel.modelrepair.QModelFixer fixModel
INFO: Running with preferences [1, 3, 6]
apr. 11, 2020 3:06:52 P.M. hvl.projectparmorel.modelrepair.QModelFixer fixModel
INFO: Initial number of errors in model: 1
Maximum number of steps per episode: 20
Errors to fix: [Error 445, message=The name 'null' is not well formed
]
apr. 11, 2020 3:06:52 P.M. hvl.projectparmorel.modelrepair.QModelFixer fixModel
INFO: Initializing Q-table for the errors.
apr. 11, 2020 3:06:52 P.M. hvl.projectparmorel.modelrepair.QModelFixer fixModel
INFO: Number of episodes: 25
apr. 11, 2020 3:06:52 P.M. hvl.projectparmorel.modelrepair.QModelFixer handleEpisode
INFO: EPISODE 0, STEP 0, Fixing error 445: The name 'null' is not well formed
apr. 11, 2020 3:06:52 P.M. hvl.projectparmorel.modelrepair.QModelFixer chooseAction
INFO: Choosing optimal action
apr. 11, 2020 3:06:52 P.M. hvl.projectparmorel.modelrepair.QModelFixer handleStep
INFO: Chose action delete in context 0 with weight 450.0
apr. 11, 2020 3:06:53 P.M. hvl.projectparmorel.modelrepair.QModelFixer handleStep
INFO: Calculating new Q-value:
Old Q-value: 450.0
Alpha: 1.0

Reward: -150
450.0 + 1.0 * (-150 - 450.0) = -150.0
apr. 11, 2020 3:06:53 P.M. hvl.projectparmorel.modelrepair.QModelFixer handleStep
INFO: Updated Q-table for error 445, context 0, action 99999 delete to new weight -150.0
apr. 11, 2020 3:06:53 P.M. hvl.projectparmorel.modelrepair.QModelFixer handleEpisode
INFO: EPISODE 0 TOTAL REWARD -150



apr. 11, 2020 3:06:53 P.M. hvl.projectparmorel.modelrepair.QModelFixer handleEpisode
INFO: EPISODE 1, STEP 0, Fixing error 445: The name 'null' is not well formed
apr. 11, 2020 3:06:53 P.M. hvl.projectparmorel.modelrepair.QModelFixer chooseAction
INFO: Choosing optimal action
apr. 11, 2020 3:06:53 P.M. hvl.projectparmorel.modelrepair.QModelFixer handleStep
INFO: Chose action delete in context 0 with weight -150.0
apr. 11, 2020 3:06:54 P.M. hvl.projectparmorel.modelrepair.QModelFixer handleStep
INFO: Calculating new Q-value:
Old Q-value: -150.0
Alpha: 0.9608333333333333

Reward: -150
-150.0 + 0.9608333333333333 * (-150 - -150.0) = -150.0
apr. 11, 2020 3:06:54 P.M. hvl.projectparmorel.modelrepair.QModelFixer handleStep
INFO: Updated Q-table for error 445, context 0, action 99999 delete to new weight -150.0
apr. 11, 2020 3:06:54 P.M. hvl.projectparmorel.modelrepair.QModelFixer handleEpisode
INFO: EPISODE 1 TOTAL REWARD -150



apr. 11, 2020 3:06:54 P.M. hvl.projectparmorel.modelrepair.QModelFixer handleEpisode
INFO: EPISODE 2, STEP 0, Fixing error 445: The name 'null' is not well formed
apr. 11, 2020 3:06:54 P.M. hvl.projectparmorel.modelrepair.QModelFixer chooseAction
INFO: Choosing optimal action
apr. 11, 2020 3:06:54 P.M. hvl.projectparmorel.modelrepair.QModelFixer handleStep
INFO: Chose action delete in context 0 with weight -150.0
apr. 11, 2020 3:06:54 P.M. hvl.projectparmorel.modelrepair.QModelFixer handleStep
INFO: Calculating new Q-value:
Old Q-value: -150.0
Alpha: 0.9216666666666666

Reward: -150
-150.0 + 0.9216666666666666 * (-150 - -150.0) = -150.0
apr. 11, 2020 3:06:54 P.M. hvl.projectparmorel.modelrepair.QModelFixer handleStep
INFO: Updated Q-table for error 445, context 0, action 99999 delete to new weight -150.0
apr. 11, 2020 3:06:54 P.M. hvl.projectparmorel.modelrepair.QModelFixer handleEpisode
INFO: EPISODE 2 TOTAL REWARD -150



apr. 11, 2020 3:06:54 P.M. hvl.projectparmorel.modelrepair.QModelFixer handleEpisode
INFO: EPISODE 3, STEP 0, Fixing error 445: The name 'null' is not well formed
apr. 11, 2020 3:06:54 P.M. hvl.projectparmorel.modelrepair.QModelFixer chooseAction
INFO: Choosing random action.
apr. 11, 2020 3:06:54 P.M. hvl.projectparmorel.modelrepair.QModelFixer handleStep
INFO: Chose action setName in context 0 with weight -150.0004806547733
apr. 11, 2020 3:06:54 P.M. hvl.projectparmorel.modelrepair.QModelFixer handleStep
INFO: Calculating new Q-value:
Old Q-value: -150.0004806547733
Alpha: 0.8825000000000001

Reward: -150
-150.0004806547733 + 0.8825000000000001 * (-150 - -150.0004806547733) = -150.00005647693587
apr. 11, 2020 3:06:54 P.M. hvl.projectparmorel.modelrepair.QModelFixer handleStep
INFO: Updated Q-table for error 445, context 0, action 1614867400 setName to new weight -150.00005647693587
apr. 11, 2020 3:06:54 P.M. hvl.projectparmorel.modelrepair.QModelFixer handleEpisode
INFO: EPISODE 3 TOTAL REWARD -150



apr. 11, 2020 3:06:54 P.M. hvl.projectparmorel.modelrepair.QModelFixer handleEpisode
INFO: EPISODE 4, STEP 0, Fixing error 445: The name 'null' is not well formed
apr. 11, 2020 3:06:54 P.M. hvl.projectparmorel.modelrepair.QModelFixer chooseAction
INFO: Choosing random action.
apr. 11, 2020 3:06:54 P.M. hvl.projectparmorel.modelrepair.QModelFixer handleStep
INFO: Chose action setName in context 0 with weight -150.00005647693587
apr. 11, 2020 3:06:54 P.M. hvl.projectparmorel.modelrepair.QModelFixer handleStep
INFO: Calculating new Q-value:
Old Q-value: -150.00005647693587
Alpha: 0.8433333333333334

Reward: -150
-150.00005647693587 + 0.8433333333333334 * (-150 - -150.00005647693587) = -150.00000884805328
apr. 11, 2020 3:06:54 P.M. hvl.projectparmorel.modelrepair.QModelFixer handleStep
INFO: Updated Q-table for error 445, context 0, action 1614867400 setName to new weight -150.00000884805328
apr. 11, 2020 3:06:54 P.M. hvl.projectparmorel.modelrepair.QModelFixer handleEpisode
INFO: EPISODE 4 TOTAL REWARD -150



apr. 11, 2020 3:06:54 P.M. hvl.projectparmorel.modelrepair.QModelFixer handleEpisode
INFO: EPISODE 5, STEP 0, Fixing error 445: The name 'null' is not well formed
apr. 11, 2020 3:06:54 P.M. hvl.projectparmorel.modelrepair.QModelFixer chooseAction
INFO: Choosing optimal action
apr. 11, 2020 3:06:54 P.M. hvl.projectparmorel.modelrepair.QModelFixer handleStep
INFO: Chose action delete in context 0 with weight -150.0
apr. 11, 2020 3:06:55 P.M. hvl.projectparmorel.modelrepair.QModelFixer handleStep
INFO: Calculating new Q-value:
Old Q-value: -150.0
Alpha: 0.8041666666666667

Reward: -150
-150.0 + 0.8041666666666667 * (-150 - -150.0) = -150.0
apr. 11, 2020 3:06:55 P.M. hvl.projectparmorel.modelrepair.QModelFixer handleStep
INFO: Updated Q-table for error 445, context 0, action 99999 delete to new weight -150.0
apr. 11, 2020 3:06:55 P.M. hvl.projectparmorel.modelrepair.QModelFixer handleEpisode
INFO: EPISODE 5 TOTAL REWARD -150



apr. 11, 2020 3:06:55 P.M. hvl.projectparmorel.modelrepair.QModelFixer handleEpisode
INFO: EPISODE 6, STEP 0, Fixing error 445: The name 'null' is not well formed
apr. 11, 2020 3:06:55 P.M. hvl.projectparmorel.modelrepair.QModelFixer chooseAction
INFO: Choosing optimal action
apr. 11, 2020 3:06:55 P.M. hvl.projectparmorel.modelrepair.QModelFixer handleStep
INFO: Chose action delete in context 0 with weight -150.0
apr. 11, 2020 3:06:55 P.M. hvl.projectparmorel.modelrepair.QModelFixer handleStep
INFO: Calculating new Q-value:
Old Q-value: -150.0
Alpha: 0.765

Reward: -150
-150.0 + 0.765 * (-150 - -150.0) = -150.0
apr. 11, 2020 3:06:55 P.M. hvl.projectparmorel.modelrepair.QModelFixer handleStep
INFO: Updated Q-table for error 445, context 0, action 99999 delete to new weight -150.0
apr. 11, 2020 3:06:55 P.M. hvl.projectparmorel.modelrepair.QModelFixer handleEpisode
INFO: EPISODE 6 TOTAL REWARD -150



apr. 11, 2020 3:06:55 P.M. hvl.projectparmorel.modelrepair.QModelFixer handleEpisode
INFO: EPISODE 7, STEP 0, Fixing error 445: The name 'null' is not well formed
apr. 11, 2020 3:06:55 P.M. hvl.projectparmorel.modelrepair.QModelFixer chooseAction
INFO: Choosing optimal action
apr. 11, 2020 3:06:55 P.M. hvl.projectparmorel.modelrepair.QModelFixer handleStep
INFO: Chose action delete in context 0 with weight -150.0
apr. 11, 2020 3:06:56 P.M. hvl.projectparmorel.modelrepair.QModelFixer handleStep
INFO: Calculating new Q-value:
Old Q-value: -150.0
Alpha: 0.7258333333333333

Reward: -150
-150.0 + 0.7258333333333333 * (-150 - -150.0) = -150.0
apr. 11, 2020 3:06:56 P.M. hvl.projectparmorel.modelrepair.QModelFixer handleStep
INFO: Updated Q-table for error 445, context 0, action 99999 delete to new weight -150.0
apr. 11, 2020 3:06:56 P.M. hvl.projectparmorel.modelrepair.QModelFixer handleEpisode
INFO: EPISODE 7 TOTAL REWARD -150



apr. 11, 2020 3:06:56 P.M. hvl.projectparmorel.modelrepair.QModelFixer handleEpisode
INFO: EPISODE 8, STEP 0, Fixing error 445: The name 'null' is not well formed
apr. 11, 2020 3:06:56 P.M. hvl.projectparmorel.modelrepair.QModelFixer chooseAction
INFO: Choosing optimal action
apr. 11, 2020 3:06:56 P.M. hvl.projectparmorel.modelrepair.QModelFixer handleStep
INFO: Chose action delete in context 0 with weight -150.0
apr. 11, 2020 3:06:56 P.M. hvl.projectparmorel.modelrepair.QModelFixer handleStep
INFO: Calculating new Q-value:
Old Q-value: -150.0
Alpha: 0.6866666666666668

Reward: -150
-150.0 + 0.6866666666666668 * (-150 - -150.0) = -150.0
apr. 11, 2020 3:06:56 P.M. hvl.projectparmorel.modelrepair.QModelFixer handleStep
INFO: Updated Q-table for error 445, context 0, action 99999 delete to new weight -150.0
apr. 11, 2020 3:06:56 P.M. hvl.projectparmorel.modelrepair.QModelFixer handleEpisode
INFO: EPISODE 8 TOTAL REWARD -150



apr. 11, 2020 3:06:56 P.M. hvl.projectparmorel.modelrepair.QModelFixer handleEpisode
INFO: EPISODE 9, STEP 0, Fixing error 445: The name 'null' is not well formed
apr. 11, 2020 3:06:56 P.M. hvl.projectparmorel.modelrepair.QModelFixer chooseAction
INFO: Choosing optimal action
apr. 11, 2020 3:06:56 P.M. hvl.projectparmorel.modelrepair.QModelFixer handleStep
INFO: Chose action delete in context 0 with weight -150.0
apr. 11, 2020 3:06:57 P.M. hvl.projectparmorel.modelrepair.QModelFixer handleStep
INFO: Calculating new Q-value:
Old Q-value: -150.0
Alpha: 0.6475

Reward: -150
-150.0 + 0.6475 * (-150 - -150.0) = -150.0
apr. 11, 2020 3:06:57 P.M. hvl.projectparmorel.modelrepair.QModelFixer handleStep
INFO: Updated Q-table for error 445, context 0, action 99999 delete to new weight -150.0
apr. 11, 2020 3:06:57 P.M. hvl.projectparmorel.modelrepair.QModelFixer handleEpisode
INFO: EPISODE 9 TOTAL REWARD -150



apr. 11, 2020 3:06:57 P.M. hvl.projectparmorel.modelrepair.QModelFixer handleEpisode
INFO: EPISODE 10, STEP 0, Fixing error 445: The name 'null' is not well formed
apr. 11, 2020 3:06:57 P.M. hvl.projectparmorel.modelrepair.QModelFixer chooseAction
INFO: Choosing random action.
apr. 11, 2020 3:06:57 P.M. hvl.projectparmorel.modelrepair.QModelFixer handleStep
INFO: Chose action delete in context 0 with weight -150.0
apr. 11, 2020 3:06:57 P.M. hvl.projectparmorel.modelrepair.QModelFixer handleStep
INFO: Calculating new Q-value:
Old Q-value: -150.0
Alpha: 0.6083333333333334

Reward: -150
-150.0 + 0.6083333333333334 * (-150 - -150.0) = -150.0
apr. 11, 2020 3:06:57 P.M. hvl.projectparmorel.modelrepair.QModelFixer handleStep
INFO: Updated Q-table for error 445, context 0, action 99999 delete to new weight -150.0
apr. 11, 2020 3:06:57 P.M. hvl.projectparmorel.modelrepair.QModelFixer handleEpisode
INFO: EPISODE 10 TOTAL REWARD -150



apr. 11, 2020 3:06:57 P.M. hvl.projectparmorel.modelrepair.QModelFixer handleEpisode
INFO: EPISODE 11, STEP 0, Fixing error 445: The name 'null' is not well formed
apr. 11, 2020 3:06:57 P.M. hvl.projectparmorel.modelrepair.QModelFixer chooseAction
INFO: Choosing optimal action
apr. 11, 2020 3:06:57 P.M. hvl.projectparmorel.modelrepair.QModelFixer handleStep
INFO: Chose action delete in context 0 with weight -150.0
apr. 11, 2020 3:06:58 P.M. hvl.projectparmorel.modelrepair.QModelFixer handleStep
INFO: Calculating new Q-value:
Old Q-value: -150.0
Alpha: 0.5691666666666666

Reward: -150
-150.0 + 0.5691666666666666 * (-150 - -150.0) = -150.0
apr. 11, 2020 3:06:58 P.M. hvl.projectparmorel.modelrepair.QModelFixer handleStep
INFO: Updated Q-table for error 445, context 0, action 99999 delete to new weight -150.0
apr. 11, 2020 3:06:58 P.M. hvl.projectparmorel.modelrepair.QModelFixer handleEpisode
INFO: EPISODE 11 TOTAL REWARD -150



apr. 11, 2020 3:06:58 P.M. hvl.projectparmorel.modelrepair.QModelFixer handleEpisode
INFO: EPISODE 12, STEP 0, Fixing error 445: The name 'null' is not well formed
apr. 11, 2020 3:06:58 P.M. hvl.projectparmorel.modelrepair.QModelFixer chooseAction
INFO: Choosing optimal action
apr. 11, 2020 3:06:58 P.M. hvl.projectparmorel.modelrepair.QModelFixer handleStep
INFO: Chose action delete in context 0 with weight -150.0
apr. 11, 2020 3:06:59 P.M. hvl.projectparmorel.modelrepair.QModelFixer handleStep
INFO: Calculating new Q-value:
Old Q-value: -150.0
Alpha: 0.53

Reward: -150
-150.0 + 0.53 * (-150 - -150.0) = -150.0
apr. 11, 2020 3:06:59 P.M. hvl.projectparmorel.modelrepair.QModelFixer handleStep
INFO: Updated Q-table for error 445, context 0, action 99999 delete to new weight -150.0
apr. 11, 2020 3:06:59 P.M. hvl.projectparmorel.modelrepair.QModelFixer handleEpisode
INFO: EPISODE 12 TOTAL REWARD -150



apr. 11, 2020 3:06:59 P.M. hvl.projectparmorel.modelrepair.QModelFixer handleEpisode
INFO: EPISODE 13, STEP 0, Fixing error 445: The name 'null' is not well formed
apr. 11, 2020 3:06:59 P.M. hvl.projectparmorel.modelrepair.QModelFixer chooseAction
INFO: Choosing optimal action
apr. 11, 2020 3:06:59 P.M. hvl.projectparmorel.modelrepair.QModelFixer handleStep
INFO: Chose action delete in context 0 with weight -150.0
apr. 11, 2020 3:06:59 P.M. hvl.projectparmorel.modelrepair.QModelFixer handleStep
INFO: Calculating new Q-value:
Old Q-value: -150.0
Alpha: 0.49083333333333334

Reward: -150
-150.0 + 0.49083333333333334 * (-150 - -150.0) = -150.0
apr. 11, 2020 3:06:59 P.M. hvl.projectparmorel.modelrepair.QModelFixer handleStep
INFO: Updated Q-table for error 445, context 0, action 99999 delete to new weight -150.0
apr. 11, 2020 3:06:59 P.M. hvl.projectparmorel.modelrepair.QModelFixer handleEpisode
INFO: EPISODE 13 TOTAL REWARD -150



apr. 11, 2020 3:06:59 P.M. hvl.projectparmorel.modelrepair.QModelFixer handleEpisode
INFO: EPISODE 14, STEP 0, Fixing error 445: The name 'null' is not well formed
apr. 11, 2020 3:06:59 P.M. hvl.projectparmorel.modelrepair.QModelFixer chooseAction
INFO: Choosing optimal action
apr. 11, 2020 3:06:59 P.M. hvl.projectparmorel.modelrepair.QModelFixer handleStep
INFO: Chose action delete in context 0 with weight -150.0
apr. 11, 2020 3:07:00 P.M. hvl.projectparmorel.modelrepair.QModelFixer handleStep
INFO: Calculating new Q-value:
Old Q-value: -150.0
Alpha: 0.45166666666666666

Reward: -150
-150.0 + 0.45166666666666666 * (-150 - -150.0) = -150.0
apr. 11, 2020 3:07:00 P.M. hvl.projectparmorel.modelrepair.QModelFixer handleStep
INFO: Updated Q-table for error 445, context 0, action 99999 delete to new weight -150.0
apr. 11, 2020 3:07:00 P.M. hvl.projectparmorel.modelrepair.QModelFixer handleEpisode
INFO: EPISODE 14 TOTAL REWARD -150



apr. 11, 2020 3:07:00 P.M. hvl.projectparmorel.modelrepair.QModelFixer handleEpisode
INFO: EPISODE 15, STEP 0, Fixing error 445: The name 'null' is not well formed
apr. 11, 2020 3:07:00 P.M. hvl.projectparmorel.modelrepair.QModelFixer chooseAction
INFO: Choosing random action.
apr. 11, 2020 3:07:00 P.M. hvl.projectparmorel.modelrepair.QModelFixer handleStep
INFO: Chose action delete in context 0 with weight -150.0
apr. 11, 2020 3:07:00 P.M. hvl.projectparmorel.modelrepair.QModelFixer handleStep
INFO: Calculating new Q-value:
Old Q-value: -150.0
Alpha: 0.4125

Reward: -150
-150.0 + 0.4125 * (-150 - -150.0) = -150.0
apr. 11, 2020 3:07:00 P.M. hvl.projectparmorel.modelrepair.QModelFixer handleStep
INFO: Updated Q-table for error 445, context 0, action 99999 delete to new weight -150.0
apr. 11, 2020 3:07:00 P.M. hvl.projectparmorel.modelrepair.QModelFixer handleEpisode
INFO: EPISODE 15 TOTAL REWARD -150



apr. 11, 2020 3:07:00 P.M. hvl.projectparmorel.modelrepair.QModelFixer handleEpisode
INFO: EPISODE 16, STEP 0, Fixing error 445: The name 'null' is not well formed
apr. 11, 2020 3:07:00 P.M. hvl.projectparmorel.modelrepair.QModelFixer chooseAction
INFO: Choosing optimal action
apr. 11, 2020 3:07:00 P.M. hvl.projectparmorel.modelrepair.QModelFixer handleStep
INFO: Chose action delete in context 0 with weight -150.0
apr. 11, 2020 3:07:01 P.M. hvl.projectparmorel.modelrepair.QModelFixer handleStep
INFO: Calculating new Q-value:
Old Q-value: -150.0
Alpha: 0.3733333333333334

Reward: -150
-150.0 + 0.3733333333333334 * (-150 - -150.0) = -150.0
apr. 11, 2020 3:07:01 P.M. hvl.projectparmorel.modelrepair.QModelFixer handleStep
INFO: Updated Q-table for error 445, context 0, action 99999 delete to new weight -150.0
apr. 11, 2020 3:07:01 P.M. hvl.projectparmorel.modelrepair.QModelFixer handleEpisode
INFO: EPISODE 16 TOTAL REWARD -150



apr. 11, 2020 3:07:01 P.M. hvl.projectparmorel.modelrepair.QModelFixer handleEpisode
INFO: EPISODE 17, STEP 0, Fixing error 445: The name 'null' is not well formed
apr. 11, 2020 3:07:01 P.M. hvl.projectparmorel.modelrepair.QModelFixer chooseAction
INFO: Choosing optimal action
apr. 11, 2020 3:07:01 P.M. hvl.projectparmorel.modelrepair.QModelFixer handleStep
INFO: Chose action delete in context 0 with weight -150.0
apr. 11, 2020 3:07:01 P.M. hvl.projectparmorel.modelrepair.QModelFixer handleStep
INFO: Calculating new Q-value:
Old Q-value: -150.0
Alpha: 0.3341666666666667

Reward: -150
-150.0 + 0.3341666666666667 * (-150 - -150.0) = -150.0
apr. 11, 2020 3:07:01 P.M. hvl.projectparmorel.modelrepair.QModelFixer handleStep
INFO: Updated Q-table for error 445, context 0, action 99999 delete to new weight -150.0
apr. 11, 2020 3:07:01 P.M. hvl.projectparmorel.modelrepair.QModelFixer handleEpisode
INFO: EPISODE 17 TOTAL REWARD -150



apr. 11, 2020 3:07:01 P.M. hvl.projectparmorel.modelrepair.QModelFixer handleEpisode
INFO: EPISODE 18, STEP 0, Fixing error 445: The name 'null' is not well formed
apr. 11, 2020 3:07:01 P.M. hvl.projectparmorel.modelrepair.QModelFixer chooseAction
INFO: Choosing optimal action
apr. 11, 2020 3:07:01 P.M. hvl.projectparmorel.modelrepair.QModelFixer handleStep
INFO: Chose action delete in context 0 with weight -150.0
apr. 11, 2020 3:07:02 P.M. hvl.projectparmorel.modelrepair.QModelFixer handleStep
INFO: Calculating new Q-value:
Old Q-value: -150.0
Alpha: 0.29500000000000004

Reward: -150
-150.0 + 0.29500000000000004 * (-150 - -150.0) = -150.0
apr. 11, 2020 3:07:02 P.M. hvl.projectparmorel.modelrepair.QModelFixer handleStep
INFO: Updated Q-table for error 445, context 0, action 99999 delete to new weight -150.0
apr. 11, 2020 3:07:02 P.M. hvl.projectparmorel.modelrepair.QModelFixer handleEpisode
INFO: EPISODE 18 TOTAL REWARD -150



apr. 11, 2020 3:07:02 P.M. hvl.projectparmorel.modelrepair.QModelFixer handleEpisode
INFO: EPISODE 19, STEP 0, Fixing error 445: The name 'null' is not well formed
apr. 11, 2020 3:07:02 P.M. hvl.projectparmorel.modelrepair.QModelFixer chooseAction
INFO: Choosing random action.
apr. 11, 2020 3:07:02 P.M. hvl.projectparmorel.modelrepair.QModelFixer handleStep
INFO: Chose action setName in context 0 with weight -150.00000884805328
apr. 11, 2020 3:07:02 P.M. hvl.projectparmorel.modelrepair.QModelFixer handleStep
INFO: Calculating new Q-value:
Old Q-value: -150.00000884805328
Alpha: 0.25583333333333336

Reward: -150
-150.00000884805328 + 0.25583333333333336 * (-150 - -150.00000884805328) = -150.00000658442633
apr. 11, 2020 3:07:02 P.M. hvl.projectparmorel.modelrepair.QModelFixer handleStep
INFO: Updated Q-table for error 445, context 0, action 1614867400 setName to new weight -150.00000658442633
apr. 11, 2020 3:07:02 P.M. hvl.projectparmorel.modelrepair.QModelFixer handleEpisode
INFO: EPISODE 19 TOTAL REWARD -150



apr. 11, 2020 3:07:02 P.M. hvl.projectparmorel.modelrepair.QModelFixer handleEpisode
INFO: EPISODE 20, STEP 0, Fixing error 445: The name 'null' is not well formed
apr. 11, 2020 3:07:02 P.M. hvl.projectparmorel.modelrepair.QModelFixer chooseAction
INFO: Choosing random action.
apr. 11, 2020 3:07:02 P.M. hvl.projectparmorel.modelrepair.QModelFixer handleStep
INFO: Chose action setName in context 0 with weight -150.00000658442633
apr. 11, 2020 3:07:02 P.M. hvl.projectparmorel.modelrepair.QModelFixer handleStep
INFO: Calculating new Q-value:
Old Q-value: -150.00000658442633
Alpha: 0.21666666666666679

Reward: -150
-150.00000658442633 + 0.21666666666666679 * (-150 - -150.00000658442633) = -150.00000515780062
apr. 11, 2020 3:07:02 P.M. hvl.projectparmorel.modelrepair.QModelFixer handleStep
INFO: Updated Q-table for error 445, context 0, action 1614867400 setName to new weight -150.00000515780062
apr. 11, 2020 3:07:02 P.M. hvl.projectparmorel.modelrepair.QModelFixer handleEpisode
INFO: EPISODE 20 TOTAL REWARD -150



apr. 11, 2020 3:07:02 P.M. hvl.projectparmorel.modelrepair.QModelFixer handleEpisode
INFO: EPISODE 21, STEP 0, Fixing error 445: The name 'null' is not well formed
apr. 11, 2020 3:07:02 P.M. hvl.projectparmorel.modelrepair.QModelFixer chooseAction
INFO: Choosing optimal action
apr. 11, 2020 3:07:02 P.M. hvl.projectparmorel.modelrepair.QModelFixer handleStep
INFO: Chose action delete in context 0 with weight -150.0
apr. 11, 2020 3:07:02 P.M. hvl.projectparmorel.modelrepair.QModelFixer handleStep
INFO: Calculating new Q-value:
Old Q-value: -150.0
Alpha: 0.1775000000000001

Reward: -150
-150.0 + 0.1775000000000001 * (-150 - -150.0) = -150.0
apr. 11, 2020 3:07:02 P.M. hvl.projectparmorel.modelrepair.QModelFixer handleStep
INFO: Updated Q-table for error 445, context 0, action 99999 delete to new weight -150.0
apr. 11, 2020 3:07:02 P.M. hvl.projectparmorel.modelrepair.QModelFixer handleEpisode
INFO: EPISODE 21 TOTAL REWARD -150



apr. 11, 2020 3:07:02 P.M. hvl.projectparmorel.modelrepair.QModelFixer handleEpisode
INFO: EPISODE 22, STEP 0, Fixing error 445: The name 'null' is not well formed
apr. 11, 2020 3:07:02 P.M. hvl.projectparmorel.modelrepair.QModelFixer chooseAction
INFO: Choosing random action.
apr. 11, 2020 3:07:02 P.M. hvl.projectparmorel.modelrepair.QModelFixer handleStep
INFO: Chose action setName in context 0 with weight -150.00000515780062
apr. 11, 2020 3:07:02 P.M. hvl.projectparmorel.modelrepair.QModelFixer handleStep
INFO: Calculating new Q-value:
Old Q-value: -150.00000515780062
Alpha: 0.1383333333333333

Reward: -150
-150.00000515780062 + 0.1383333333333333 * (-150 - -150.00000515780062) = -150.00000444430486
apr. 11, 2020 3:07:02 P.M. hvl.projectparmorel.modelrepair.QModelFixer handleStep
INFO: Updated Q-table for error 445, context 0, action 1614867400 setName to new weight -150.00000444430486
apr. 11, 2020 3:07:02 P.M. hvl.projectparmorel.modelrepair.QModelFixer handleEpisode
INFO: EPISODE 22 TOTAL REWARD -150



apr. 11, 2020 3:07:02 P.M. hvl.projectparmorel.modelrepair.QModelFixer handleEpisode
INFO: EPISODE 23, STEP 0, Fixing error 445: The name 'null' is not well formed
apr. 11, 2020 3:07:02 P.M. hvl.projectparmorel.modelrepair.QModelFixer chooseAction
INFO: Choosing random action.
apr. 11, 2020 3:07:02 P.M. hvl.projectparmorel.modelrepair.QModelFixer handleStep
INFO: Chose action setName in context 0 with weight -150.00000444430486
apr. 11, 2020 3:07:02 P.M. hvl.projectparmorel.modelrepair.QModelFixer handleStep
INFO: Calculating new Q-value:
Old Q-value: -150.00000444430486
Alpha: 0.09916666666666674

Reward: -150
-150.00000444430486 + 0.09916666666666674 * (-150 - -150.00000444430486) = -150.00000400357797
apr. 11, 2020 3:07:02 P.M. hvl.projectparmorel.modelrepair.QModelFixer handleStep
INFO: Updated Q-table for error 445, context 0, action 1614867400 setName to new weight -150.00000400357797
apr. 11, 2020 3:07:02 P.M. hvl.projectparmorel.modelrepair.QModelFixer handleEpisode
INFO: EPISODE 23 TOTAL REWARD -150



apr. 11, 2020 3:07:02 P.M. hvl.projectparmorel.modelrepair.QModelFixer handleEpisode
INFO: EPISODE 24, STEP 0, Fixing error 445: The name 'null' is not well formed
apr. 11, 2020 3:07:02 P.M. hvl.projectparmorel.modelrepair.QModelFixer chooseAction
INFO: Choosing optimal action
apr. 11, 2020 3:07:02 P.M. hvl.projectparmorel.modelrepair.QModelFixer handleStep
INFO: Chose action delete in context 0 with weight -150.0
apr. 11, 2020 3:07:03 P.M. hvl.projectparmorel.modelrepair.QModelFixer handleStep
INFO: Calculating new Q-value:
Old Q-value: -150.0
Alpha: 0.06000000000000005

Reward: -150
-150.0 + 0.06000000000000005 * (-150 - -150.0) = -150.0
apr. 11, 2020 3:07:03 P.M. hvl.projectparmorel.modelrepair.QModelFixer handleStep
INFO: Updated Q-table for error 445, context 0, action 99999 delete to new weight -150.0
apr. 11, 2020 3:07:03 P.M. hvl.projectparmorel.modelrepair.QModelFixer handleEpisode
INFO: EPISODE 24 TOTAL REWARD -150



apr. 11, 2020 3:07:03 P.M. hvl.projectparmorel.modelrepair.QModelFixer fixModel
INFO: Time repairing model: 10333 ms
apr. 11, 2020 3:07:03 P.M. hvl.projectparmorel.modelrepair.QModelFixer fixModel
INFO: 
-----------------ALL SEQUENCES FOUND-------------------
SIZE: 2
DISCARDED SEQUENCES: 23
--------::::B E S T   S E Q U E N C E   I S::::---------
Sequence [id=0, seq=[ErrorAction [Error: 445 The name 'null' is not well formed, Action: delete, Error hierarchy: 0]
], weight=-150.0]

 with 1 actions.
apr. 11, 2020 3:07:03 P.M. hvl.projectparmorel.knowledge.Knowledge save
INFO: Saving initialized
apr. 11, 2020 3:07:03 P.M. hvl.projectparmorel.knowledge.Knowledge save
INFO: document prepared
apr. 11, 2020 3:07:03 P.M. hvl.projectparmorel.knowledge.Knowledge save
INFO: Saving completed to /Users/Magnus/Skole/DAT300/EclipseWorkspace2/ParmorelRunnable/knowledge.xml
apr. 11, 2020 3:07:03 P.M. hvl.projectparmorel.knowledge.Knowledge save
INFO: Saving initialized
apr. 11, 2020 3:07:03 P.M. hvl.projectparmorel.knowledge.Knowledge save
INFO: document prepared
apr. 11, 2020 3:07:03 P.M. hvl.projectparmorel.knowledge.Knowledge save
INFO: Saving completed to /Users/Magnus/Skole/DAT300/EclipseWorkspace2/ParmorelRunnable/knowledge.xml
