apr. 11, 2020 3:55:12 P.M. hvl.projectparmorel.modelrepair.QModelFixer fixModel
INFO: Repairing e8.ecore
apr. 11, 2020 3:55:12 P.M. hvl.projectparmorel.modelrepair.QModelFixer fixModel
INFO: Running with preferences [4]
apr. 11, 2020 3:55:12 P.M. hvl.projectparmorel.modelrepair.QModelFixer fixModel
INFO: Initial number of errors in model: 3
Maximum number of steps per episode: 20
Errors to fix: [Error 27, message=An operation with void return type must have an upper bound of 1 not −1
, Error 401, message=The typed element must have a type
, Error 401, message=The typed element must have a type
]
apr. 11, 2020 3:55:12 P.M. hvl.projectparmorel.modelrepair.QModelFixer fixModel
INFO: Initializing Q-table for the errors.
apr. 11, 2020 3:55:12 P.M. hvl.projectparmorel.modelrepair.QModelFixer fixModel
INFO: Number of episodes: 25
apr. 11, 2020 3:55:12 P.M. hvl.projectparmorel.modelrepair.QModelFixer handleEpisode
INFO: EPISODE 0, STEP 0, Fixing error 27: An operation with void return type must have an upper bound of 1 not −1
apr. 11, 2020 3:55:12 P.M. hvl.projectparmorel.modelrepair.QModelFixer chooseAction
INFO: Choosing optimal action
apr. 11, 2020 3:55:12 P.M. hvl.projectparmorel.modelrepair.QModelFixer handleStep
INFO: Chose action setUpperBound in context 0 with weight 700.0
apr. 11, 2020 3:55:12 P.M. hvl.projectparmorel.modelrepair.QModelFixer handleStep
INFO: Next error code: 401
apr. 11, 2020 3:55:12 P.M. hvl.projectparmorel.modelrepair.QModelFixer handleStep
INFO: Calculating new Q-value:
Old Q-value: 700.0
Alpha: 1.0
Gamma: 1.0
Reward: 100
Next optimal action Q-value: 127.41666677451929
700.0 + 1.0 * (100 + 1.0 * 127.41666677451929 - 700.0) = 227.41666677451929
apr. 11, 2020 3:55:12 P.M. hvl.projectparmorel.modelrepair.QModelFixer handleStep
INFO: Updated Q-table for error 27, context 0, action -969028598 setUpperBound to new weight 227.41666677451929


apr. 11, 2020 3:55:12 P.M. hvl.projectparmorel.modelrepair.QModelFixer handleEpisode
INFO: EPISODE 0, STEP 1, Fixing error 401: The typed element must have a type
apr. 11, 2020 3:55:12 P.M. hvl.projectparmorel.modelrepair.QModelFixer chooseAction
INFO: Choosing optimal action
apr. 11, 2020 3:55:12 P.M. hvl.projectparmorel.modelrepair.QModelFixer handleStep
INFO: Chose action setEType in context 0 with weight 127.41666677451929
apr. 11, 2020 3:55:12 P.M. hvl.projectparmorel.modelrepair.QModelFixer handleStep
INFO: Next error code: 401
apr. 11, 2020 3:55:12 P.M. hvl.projectparmorel.modelrepair.QModelFixer handleStep
INFO: Calculating new Q-value:
Old Q-value: 127.41666677451929
Alpha: 1.0
Gamma: 1.0
Reward: 100
Next optimal action Q-value: 127.41666677451929
127.41666677451929 + 1.0 * (100 + 1.0 * 127.41666677451929 - 127.41666677451929) = 227.41666677451929
apr. 11, 2020 3:55:12 P.M. hvl.projectparmorel.modelrepair.QModelFixer handleStep
INFO: Updated Q-table for error 401, context 0, action 591449609 setEType to new weight 227.41666677451929


apr. 11, 2020 3:55:12 P.M. hvl.projectparmorel.modelrepair.QModelFixer handleEpisode
INFO: EPISODE 0, STEP 2, Fixing error 401: The typed element must have a type
apr. 11, 2020 3:55:12 P.M. hvl.projectparmorel.modelrepair.QModelFixer chooseAction
INFO: Choosing optimal action
apr. 11, 2020 3:55:12 P.M. hvl.projectparmorel.modelrepair.QModelFixer handleStep
INFO: Chose action setEType in context 0 with weight 227.41666677451929
apr. 11, 2020 3:55:12 P.M. hvl.projectparmorel.modelrepair.QModelFixer handleStep
INFO: Calculating new Q-value:
Old Q-value: 227.41666677451929
Alpha: 1.0

Reward: 100
227.41666677451929 + 1.0 * (100 - 227.41666677451929) = 100.0
apr. 11, 2020 3:55:12 P.M. hvl.projectparmorel.modelrepair.QModelFixer handleStep
INFO: Updated Q-table for error 401, context 0, action 591449609 setEType to new weight 100.0
apr. 11, 2020 3:55:12 P.M. hvl.projectparmorel.modelrepair.QModelFixer handleEpisode
INFO: EPISODE 0 TOTAL REWARD 300



apr. 11, 2020 3:55:12 P.M. hvl.projectparmorel.modelrepair.QModelFixer handleEpisode
INFO: EPISODE 1, STEP 0, Fixing error 27: An operation with void return type must have an upper bound of 1 not −1
apr. 11, 2020 3:55:12 P.M. hvl.projectparmorel.modelrepair.QModelFixer chooseAction
INFO: Choosing optimal action
apr. 11, 2020 3:55:12 P.M. hvl.projectparmorel.modelrepair.QModelFixer handleStep
INFO: Chose action setUpperBound in context 0 with weight 227.41666677451929
apr. 11, 2020 3:55:12 P.M. hvl.projectparmorel.modelrepair.QModelFixer handleStep
INFO: Next error code: 401
apr. 11, 2020 3:55:12 P.M. hvl.projectparmorel.modelrepair.QModelFixer handleStep
INFO: Calculating new Q-value:
Old Q-value: 227.41666677451929
Alpha: 0.9608333333333333
Gamma: 1.0
Reward: 100
Next optimal action Q-value: 100.0
227.41666677451929 + 0.9608333333333333 * (100 + 1.0 * 100.0 - 227.41666677451929) = 201.07381944866867
apr. 11, 2020 3:55:12 P.M. hvl.projectparmorel.modelrepair.QModelFixer handleStep
INFO: Updated Q-table for error 27, context 0, action -969028598 setUpperBound to new weight 201.07381944866867


apr. 11, 2020 3:55:12 P.M. hvl.projectparmorel.modelrepair.QModelFixer handleEpisode
INFO: EPISODE 1, STEP 1, Fixing error 401: The typed element must have a type
apr. 11, 2020 3:55:12 P.M. hvl.projectparmorel.modelrepair.QModelFixer chooseAction
INFO: Choosing random action.
apr. 11, 2020 3:55:12 P.M. hvl.projectparmorel.modelrepair.QModelFixer handleStep
INFO: Chose action setEType in context 0 with weight 100.0
apr. 11, 2020 3:55:12 P.M. hvl.projectparmorel.modelrepair.QModelFixer handleStep
INFO: Next error code: 401
apr. 11, 2020 3:55:12 P.M. hvl.projectparmorel.modelrepair.QModelFixer handleStep
INFO: Calculating new Q-value:
Old Q-value: 100.0
Alpha: 0.9608333333333333
Gamma: 1.0
Reward: 100
Next optimal action Q-value: 100.0
100.0 + 0.9608333333333333 * (100 + 1.0 * 100.0 - 100.0) = 196.08333333333331
apr. 11, 2020 3:55:12 P.M. hvl.projectparmorel.modelrepair.QModelFixer handleStep
INFO: Updated Q-table for error 401, context 0, action 591449609 setEType to new weight 196.08333333333331


apr. 11, 2020 3:55:12 P.M. hvl.projectparmorel.modelrepair.QModelFixer handleEpisode
INFO: EPISODE 1, STEP 2, Fixing error 401: The typed element must have a type
apr. 11, 2020 3:55:12 P.M. hvl.projectparmorel.modelrepair.QModelFixer chooseAction
INFO: Choosing optimal action
apr. 11, 2020 3:55:12 P.M. hvl.projectparmorel.modelrepair.QModelFixer handleStep
INFO: Chose action setEType in context 0 with weight 196.08333333333331
apr. 11, 2020 3:55:12 P.M. hvl.projectparmorel.modelrepair.QModelFixer handleStep
INFO: Calculating new Q-value:
Old Q-value: 196.08333333333331
Alpha: 0.9608333333333333

Reward: 100
196.08333333333331 + 0.9608333333333333 * (100 - 196.08333333333331) = 103.76326388888889
apr. 11, 2020 3:55:12 P.M. hvl.projectparmorel.modelrepair.QModelFixer handleStep
INFO: Updated Q-table for error 401, context 0, action 591449609 setEType to new weight 103.76326388888889
apr. 11, 2020 3:55:12 P.M. hvl.projectparmorel.modelrepair.QModelFixer handleEpisode
INFO: EPISODE 1 TOTAL REWARD 300



apr. 11, 2020 3:55:12 P.M. hvl.projectparmorel.modelrepair.QModelFixer handleEpisode
INFO: EPISODE 2, STEP 0, Fixing error 27: An operation with void return type must have an upper bound of 1 not −1
apr. 11, 2020 3:55:12 P.M. hvl.projectparmorel.modelrepair.QModelFixer chooseAction
INFO: Choosing optimal action
apr. 11, 2020 3:55:12 P.M. hvl.projectparmorel.modelrepair.QModelFixer handleStep
INFO: Chose action setUpperBound in context 0 with weight 201.07381944866867
apr. 11, 2020 3:55:12 P.M. hvl.projectparmorel.modelrepair.QModelFixer handleStep
INFO: Next error code: 401
apr. 11, 2020 3:55:12 P.M. hvl.projectparmorel.modelrepair.QModelFixer handleStep
INFO: Calculating new Q-value:
Old Q-value: 201.07381944866867
Alpha: 0.9216666666666666
Gamma: 1.0
Reward: 100
Next optimal action Q-value: 103.76326388888889
201.07381944866867 + 0.9216666666666666 * (100 + 1.0 * 103.76326388888889 - 201.07381944866867) = 203.55259074107164
apr. 11, 2020 3:55:12 P.M. hvl.projectparmorel.modelrepair.QModelFixer handleStep
INFO: Updated Q-table for error 27, context 0, action -969028598 setUpperBound to new weight 203.55259074107164


apr. 11, 2020 3:55:12 P.M. hvl.projectparmorel.modelrepair.QModelFixer handleEpisode
INFO: EPISODE 2, STEP 1, Fixing error 401: The typed element must have a type
apr. 11, 2020 3:55:12 P.M. hvl.projectparmorel.modelrepair.QModelFixer chooseAction
INFO: Choosing random action.
apr. 11, 2020 3:55:12 P.M. hvl.projectparmorel.modelrepair.QModelFixer handleStep
INFO: Chose action delete in context 0 with weight -939.1569333333333
apr. 11, 2020 3:55:12 P.M. hvl.projectparmorel.modelrepair.QModelFixer handleStep
INFO: Next error code: 401
apr. 11, 2020 3:55:12 P.M. hvl.projectparmorel.modelrepair.QModelFixer handleStep
INFO: Calculating new Q-value:
Old Q-value: -939.1569333333333
Alpha: 0.9216666666666666
Gamma: 1.0
Reward: -1000
Next optimal action Q-value: 103.76326388888889
-939.1569333333333 + 0.9216666666666666 * (-1000 + 1.0 * 103.76326388888889 - -939.1569333333333) = -899.5988182268518
apr. 11, 2020 3:55:12 P.M. hvl.projectparmorel.modelrepair.QModelFixer handleStep
INFO: Updated Q-table for error 401, context 0, action 99999 delete to new weight -899.5988182268518


apr. 11, 2020 3:55:12 P.M. hvl.projectparmorel.modelrepair.QModelFixer handleEpisode
INFO: EPISODE 2, STEP 2, Fixing error 401: The typed element must have a type
apr. 11, 2020 3:55:12 P.M. hvl.projectparmorel.modelrepair.QModelFixer chooseAction
INFO: Choosing random action.
apr. 11, 2020 3:55:12 P.M. hvl.projectparmorel.modelrepair.QModelFixer handleStep
INFO: Chose action delete in context 0 with weight -899.5988182268518
apr. 11, 2020 3:55:13 P.M. hvl.projectparmorel.modelrepair.QModelFixer handleStep
INFO: Calculating new Q-value:
Old Q-value: -899.5988182268518
Alpha: 0.9216666666666666

Reward: -1000
-899.5988182268518 + 0.9216666666666666 * (-1000 - -899.5988182268518) = -992.1352407611034
apr. 11, 2020 3:55:13 P.M. hvl.projectparmorel.modelrepair.QModelFixer handleStep
INFO: Updated Q-table for error 401, context 0, action 99999 delete to new weight -992.1352407611034
apr. 11, 2020 3:55:13 P.M. hvl.projectparmorel.modelrepair.QModelFixer handleEpisode
INFO: EPISODE 2 TOTAL REWARD -1900



apr. 11, 2020 3:55:13 P.M. hvl.projectparmorel.modelrepair.QModelFixer handleEpisode
INFO: EPISODE 3, STEP 0, Fixing error 27: An operation with void return type must have an upper bound of 1 not −1
apr. 11, 2020 3:55:13 P.M. hvl.projectparmorel.modelrepair.QModelFixer chooseAction
INFO: Choosing optimal action
apr. 11, 2020 3:55:13 P.M. hvl.projectparmorel.modelrepair.QModelFixer handleStep
INFO: Chose action setUpperBound in context 0 with weight 203.55259074107164
apr. 11, 2020 3:55:13 P.M. hvl.projectparmorel.modelrepair.QModelFixer handleStep
INFO: Next error code: 401
apr. 11, 2020 3:55:13 P.M. hvl.projectparmorel.modelrepair.QModelFixer handleStep
INFO: Calculating new Q-value:
Old Q-value: 203.55259074107164
Alpha: 0.8825000000000001
Gamma: 1.0
Reward: 100
Next optimal action Q-value: 103.76326388888889
203.55259074107164 + 0.8825000000000001 * (100 + 1.0 * 103.76326388888889 - 203.55259074107164) = 203.73850979402036
apr. 11, 2020 3:55:13 P.M. hvl.projectparmorel.modelrepair.QModelFixer handleStep
INFO: Updated Q-table for error 27, context 0, action -969028598 setUpperBound to new weight 203.73850979402036


apr. 11, 2020 3:55:13 P.M. hvl.projectparmorel.modelrepair.QModelFixer handleEpisode
INFO: EPISODE 3, STEP 1, Fixing error 401: The typed element must have a type
apr. 11, 2020 3:55:13 P.M. hvl.projectparmorel.modelrepair.QModelFixer chooseAction
INFO: Choosing optimal action
apr. 11, 2020 3:55:13 P.M. hvl.projectparmorel.modelrepair.QModelFixer handleStep
INFO: Chose action setEType in context 0 with weight 103.76326388888889
apr. 11, 2020 3:55:13 P.M. hvl.projectparmorel.modelrepair.QModelFixer handleStep
INFO: Next error code: 401
apr. 11, 2020 3:55:13 P.M. hvl.projectparmorel.modelrepair.QModelFixer handleStep
INFO: Calculating new Q-value:
Old Q-value: 103.76326388888889
Alpha: 0.8825000000000001
Gamma: 1.0
Reward: 100
Next optimal action Q-value: 103.76326388888889
103.76326388888889 + 0.8825000000000001 * (100 + 1.0 * 103.76326388888889 - 103.76326388888889) = 192.0132638888889
apr. 11, 2020 3:55:13 P.M. hvl.projectparmorel.modelrepair.QModelFixer handleStep
INFO: Updated Q-table for error 401, context 0, action 591449609 setEType to new weight 192.0132638888889


apr. 11, 2020 3:55:13 P.M. hvl.projectparmorel.modelrepair.QModelFixer handleEpisode
INFO: EPISODE 3, STEP 2, Fixing error 401: The typed element must have a type
apr. 11, 2020 3:55:13 P.M. hvl.projectparmorel.modelrepair.QModelFixer chooseAction
INFO: Choosing optimal action
apr. 11, 2020 3:55:13 P.M. hvl.projectparmorel.modelrepair.QModelFixer handleStep
INFO: Chose action setEType in context 0 with weight 192.0132638888889
apr. 11, 2020 3:55:13 P.M. hvl.projectparmorel.modelrepair.QModelFixer handleStep
INFO: Calculating new Q-value:
Old Q-value: 192.0132638888889
Alpha: 0.8825000000000001

Reward: 100
192.0132638888889 + 0.8825000000000001 * (100 - 192.0132638888889) = 110.81155850694444
apr. 11, 2020 3:55:13 P.M. hvl.projectparmorel.modelrepair.QModelFixer handleStep
INFO: Updated Q-table for error 401, context 0, action 591449609 setEType to new weight 110.81155850694444
apr. 11, 2020 3:55:13 P.M. hvl.projectparmorel.modelrepair.QModelFixer handleEpisode
INFO: EPISODE 3 TOTAL REWARD 300



apr. 11, 2020 3:55:13 P.M. hvl.projectparmorel.modelrepair.QModelFixer handleEpisode
INFO: EPISODE 4, STEP 0, Fixing error 27: An operation with void return type must have an upper bound of 1 not −1
apr. 11, 2020 3:55:13 P.M. hvl.projectparmorel.modelrepair.QModelFixer chooseAction
INFO: Choosing random action.
apr. 11, 2020 3:55:13 P.M. hvl.projectparmorel.modelrepair.QModelFixer handleStep
INFO: Chose action delete in context 0 with weight -999.991545751469
apr. 11, 2020 3:55:13 P.M. hvl.projectparmorel.modelrepair.QModelFixer handleStep
INFO: Next error code: 401
apr. 11, 2020 3:55:13 P.M. hvl.projectparmorel.modelrepair.QModelFixer handleStep
INFO: Calculating new Q-value:
Old Q-value: -999.991545751469
Alpha: 0.8433333333333334
Gamma: 1.0
Reward: -1000
Next optimal action Q-value: 110.81155850694444
-999.991545751469 + 0.8433333333333334 * (-1000 + 1.0 * 110.81155850694444 - -999.991545751469) = -906.5475944935403
apr. 11, 2020 3:55:13 P.M. hvl.projectparmorel.modelrepair.QModelFixer handleStep
INFO: Updated Q-table for error 27, context 0, action 99999 delete to new weight -906.5475944935403


apr. 11, 2020 3:55:13 P.M. hvl.projectparmorel.modelrepair.QModelFixer handleEpisode
INFO: EPISODE 4, STEP 1, Fixing error 401: The typed element must have a type
apr. 11, 2020 3:55:13 P.M. hvl.projectparmorel.modelrepair.QModelFixer chooseAction
INFO: Choosing random action.
apr. 11, 2020 3:55:13 P.M. hvl.projectparmorel.modelrepair.QModelFixer handleStep
INFO: Chose action delete in context 0 with weight -992.1352407611034
apr. 11, 2020 3:55:13 P.M. hvl.projectparmorel.modelrepair.QModelFixer handleStep
INFO: Next error code: 401
apr. 11, 2020 3:55:13 P.M. hvl.projectparmorel.modelrepair.QModelFixer handleStep
INFO: Calculating new Q-value:
Old Q-value: -992.1352407611034
Alpha: 0.8433333333333334
Gamma: 1.0
Reward: -1000
Next optimal action Q-value: 110.81155850694444
-992.1352407611034 + 0.8433333333333334 * (-1000 + 1.0 * 110.81155850694444 - -992.1352407611034) = -905.316773378383
apr. 11, 2020 3:55:13 P.M. hvl.projectparmorel.modelrepair.QModelFixer handleStep
INFO: Updated Q-table for error 401, context 0, action 99999 delete to new weight -905.316773378383


apr. 11, 2020 3:55:13 P.M. hvl.projectparmorel.modelrepair.QModelFixer handleEpisode
INFO: EPISODE 4, STEP 2, Fixing error 401: The typed element must have a type
apr. 11, 2020 3:55:13 P.M. hvl.projectparmorel.modelrepair.QModelFixer chooseAction
INFO: Choosing optimal action
apr. 11, 2020 3:55:13 P.M. hvl.projectparmorel.modelrepair.QModelFixer handleStep
INFO: Chose action setEType in context 0 with weight 110.81155850694444
apr. 11, 2020 3:55:13 P.M. hvl.projectparmorel.modelrepair.QModelFixer handleStep
INFO: Calculating new Q-value:
Old Q-value: 110.81155850694444
Alpha: 0.8433333333333334

Reward: 100
110.81155850694444 + 0.8433333333333334 * (100 - 110.81155850694444) = 101.69381083275462
apr. 11, 2020 3:55:13 P.M. hvl.projectparmorel.modelrepair.QModelFixer handleStep
INFO: Updated Q-table for error 401, context 0, action 591449609 setEType to new weight 101.69381083275462
apr. 11, 2020 3:55:13 P.M. hvl.projectparmorel.modelrepair.QModelFixer handleEpisode
INFO: EPISODE 4 TOTAL REWARD -1900



apr. 11, 2020 3:55:13 P.M. hvl.projectparmorel.modelrepair.QModelFixer handleEpisode
INFO: EPISODE 5, STEP 0, Fixing error 27: An operation with void return type must have an upper bound of 1 not −1
apr. 11, 2020 3:55:13 P.M. hvl.projectparmorel.modelrepair.QModelFixer chooseAction
INFO: Choosing random action.
apr. 11, 2020 3:55:13 P.M. hvl.projectparmorel.modelrepair.QModelFixer handleStep
INFO: Chose action setEType in context 0 with weight 100.0
apr. 11, 2020 3:55:13 P.M. hvl.projectparmorel.modelrepair.QModelFixer handleStep
INFO: Next error code: 401
apr. 11, 2020 3:55:13 P.M. hvl.projectparmorel.modelrepair.QModelFixer handleStep
INFO: Calculating new Q-value:
Old Q-value: 100.0
Alpha: 0.8041666666666667
Gamma: 1.0
Reward: 100
Next optimal action Q-value: 101.69381083275462
100.0 + 0.8041666666666667 * (100 + 1.0 * 101.69381083275462 - 100.0) = 181.77877287800686
apr. 11, 2020 3:55:13 P.M. hvl.projectparmorel.modelrepair.QModelFixer handleStep
INFO: Updated Q-table for error 27, context 0, action 591449609 setEType to new weight 181.77877287800686


apr. 11, 2020 3:55:13 P.M. hvl.projectparmorel.modelrepair.QModelFixer handleEpisode
INFO: EPISODE 5, STEP 1, Fixing error 401: The typed element must have a type
apr. 11, 2020 3:55:13 P.M. hvl.projectparmorel.modelrepair.QModelFixer chooseAction
INFO: Choosing optimal action
apr. 11, 2020 3:55:13 P.M. hvl.projectparmorel.modelrepair.QModelFixer handleStep
INFO: Chose action setEType in context 0 with weight 101.69381083275462
apr. 11, 2020 3:55:13 P.M. hvl.projectparmorel.modelrepair.QModelFixer handleStep
INFO: Next error code: 401
apr. 11, 2020 3:55:13 P.M. hvl.projectparmorel.modelrepair.QModelFixer handleStep
INFO: Calculating new Q-value:
Old Q-value: 101.69381083275462
Alpha: 0.8041666666666667
Gamma: 1.0
Reward: 100
Next optimal action Q-value: 101.69381083275462
101.69381083275462 + 0.8041666666666667 * (100 + 1.0 * 101.69381083275462 - 101.69381083275462) = 182.11047749942128
apr. 11, 2020 3:55:13 P.M. hvl.projectparmorel.modelrepair.QModelFixer handleStep
INFO: Updated Q-table for error 401, context 0, action 591449609 setEType to new weight 182.11047749942128


apr. 11, 2020 3:55:13 P.M. hvl.projectparmorel.modelrepair.QModelFixer handleEpisode
INFO: EPISODE 5, STEP 2, Fixing error 401: The typed element must have a type
apr. 11, 2020 3:55:13 P.M. hvl.projectparmorel.modelrepair.QModelFixer chooseAction
INFO: Choosing optimal action
apr. 11, 2020 3:55:13 P.M. hvl.projectparmorel.modelrepair.QModelFixer handleStep
INFO: Chose action setEType in context 0 with weight 182.11047749942128
apr. 11, 2020 3:55:13 P.M. hvl.projectparmorel.modelrepair.QModelFixer handleStep
INFO: Calculating new Q-value:
Old Q-value: 182.11047749942128
Alpha: 0.8041666666666667

Reward: 100
182.11047749942128 + 0.8041666666666667 * (100 - 182.11047749942128) = 116.07996851030333
apr. 11, 2020 3:55:13 P.M. hvl.projectparmorel.modelrepair.QModelFixer handleStep
INFO: Updated Q-table for error 401, context 0, action 591449609 setEType to new weight 116.07996851030333
apr. 11, 2020 3:55:13 P.M. hvl.projectparmorel.modelrepair.QModelFixer handleEpisode
INFO: EPISODE 5 TOTAL REWARD 300



apr. 11, 2020 3:55:14 P.M. hvl.projectparmorel.modelrepair.QModelFixer handleEpisode
INFO: EPISODE 6, STEP 0, Fixing error 27: An operation with void return type must have an upper bound of 1 not −1
apr. 11, 2020 3:55:14 P.M. hvl.projectparmorel.modelrepair.QModelFixer chooseAction
INFO: Choosing optimal action
apr. 11, 2020 3:55:14 P.M. hvl.projectparmorel.modelrepair.QModelFixer handleStep
INFO: Chose action setUpperBound in context 0 with weight 203.73850979402036
apr. 11, 2020 3:55:14 P.M. hvl.projectparmorel.modelrepair.QModelFixer handleStep
INFO: Next error code: 401
apr. 11, 2020 3:55:14 P.M. hvl.projectparmorel.modelrepair.QModelFixer handleStep
INFO: Calculating new Q-value:
Old Q-value: 203.73850979402036
Alpha: 0.765
Gamma: 1.0
Reward: 100
Next optimal action Q-value: 116.07996851030333
203.73850979402036 + 0.765 * (100 + 1.0 * 116.07996851030333 - 203.73850979402036) = 213.17972571197683
apr. 11, 2020 3:55:14 P.M. hvl.projectparmorel.modelrepair.QModelFixer handleStep
INFO: Updated Q-table for error 27, context 0, action -969028598 setUpperBound to new weight 213.17972571197683


apr. 11, 2020 3:55:14 P.M. hvl.projectparmorel.modelrepair.QModelFixer handleEpisode
INFO: EPISODE 6, STEP 1, Fixing error 401: The typed element must have a type
apr. 11, 2020 3:55:14 P.M. hvl.projectparmorel.modelrepair.QModelFixer chooseAction
INFO: Choosing optimal action
apr. 11, 2020 3:55:14 P.M. hvl.projectparmorel.modelrepair.QModelFixer handleStep
INFO: Chose action setEType in context 0 with weight 116.07996851030333
apr. 11, 2020 3:55:14 P.M. hvl.projectparmorel.modelrepair.QModelFixer handleStep
INFO: Next error code: 401
apr. 11, 2020 3:55:14 P.M. hvl.projectparmorel.modelrepair.QModelFixer handleStep
INFO: Calculating new Q-value:
Old Q-value: 116.07996851030333
Alpha: 0.765
Gamma: 1.0
Reward: 100
Next optimal action Q-value: 116.07996851030333
116.07996851030333 + 0.765 * (100 + 1.0 * 116.07996851030333 - 116.07996851030333) = 192.57996851030333
apr. 11, 2020 3:55:14 P.M. hvl.projectparmorel.modelrepair.QModelFixer handleStep
INFO: Updated Q-table for error 401, context 0, action 591449609 setEType to new weight 192.57996851030333


apr. 11, 2020 3:55:14 P.M. hvl.projectparmorel.modelrepair.QModelFixer handleEpisode
INFO: EPISODE 6, STEP 2, Fixing error 401: The typed element must have a type
apr. 11, 2020 3:55:14 P.M. hvl.projectparmorel.modelrepair.QModelFixer chooseAction
INFO: Choosing optimal action
apr. 11, 2020 3:55:14 P.M. hvl.projectparmorel.modelrepair.QModelFixer handleStep
INFO: Chose action setEType in context 0 with weight 192.57996851030333
apr. 11, 2020 3:55:14 P.M. hvl.projectparmorel.modelrepair.QModelFixer handleStep
INFO: Calculating new Q-value:
Old Q-value: 192.57996851030333
Alpha: 0.765

Reward: 100
192.57996851030333 + 0.765 * (100 - 192.57996851030333) = 121.75629259992128
apr. 11, 2020 3:55:14 P.M. hvl.projectparmorel.modelrepair.QModelFixer handleStep
INFO: Updated Q-table for error 401, context 0, action 591449609 setEType to new weight 121.75629259992128
apr. 11, 2020 3:55:14 P.M. hvl.projectparmorel.modelrepair.QModelFixer handleEpisode
INFO: EPISODE 6 TOTAL REWARD 300



apr. 11, 2020 3:55:14 P.M. hvl.projectparmorel.modelrepair.QModelFixer handleEpisode
INFO: EPISODE 7, STEP 0, Fixing error 27: An operation with void return type must have an upper bound of 1 not −1
apr. 11, 2020 3:55:14 P.M. hvl.projectparmorel.modelrepair.QModelFixer chooseAction
INFO: Choosing random action.
apr. 11, 2020 3:55:14 P.M. hvl.projectparmorel.modelrepair.QModelFixer handleStep
INFO: Chose action setUpperBound in context 0 with weight 213.17972571197683
apr. 11, 2020 3:55:14 P.M. hvl.projectparmorel.modelrepair.QModelFixer handleStep
INFO: Next error code: 401
apr. 11, 2020 3:55:14 P.M. hvl.projectparmorel.modelrepair.QModelFixer handleStep
INFO: Calculating new Q-value:
Old Q-value: 213.17972571197683
Alpha: 0.7258333333333333
Gamma: 1.0
Reward: 100
Next optimal action Q-value: 121.75629259992128
213.17972571197683 + 0.7258333333333333 * (100 + 1.0 * 121.75629259992128 - 213.17972571197683) = 219.40488384480983
apr. 11, 2020 3:55:14 P.M. hvl.projectparmorel.modelrepair.QModelFixer handleStep
INFO: Updated Q-table for error 27, context 0, action -969028598 setUpperBound to new weight 219.40488384480983


apr. 11, 2020 3:55:14 P.M. hvl.projectparmorel.modelrepair.QModelFixer handleEpisode
INFO: EPISODE 7, STEP 1, Fixing error 401: The typed element must have a type
apr. 11, 2020 3:55:14 P.M. hvl.projectparmorel.modelrepair.QModelFixer chooseAction
INFO: Choosing optimal action
apr. 11, 2020 3:55:14 P.M. hvl.projectparmorel.modelrepair.QModelFixer handleStep
INFO: Chose action setEType in context 0 with weight 121.75629259992128
apr. 11, 2020 3:55:14 P.M. hvl.projectparmorel.modelrepair.QModelFixer handleStep
INFO: Next error code: 401
apr. 11, 2020 3:55:14 P.M. hvl.projectparmorel.modelrepair.QModelFixer handleStep
INFO: Calculating new Q-value:
Old Q-value: 121.75629259992128
Alpha: 0.7258333333333333
Gamma: 1.0
Reward: 100
Next optimal action Q-value: 121.75629259992128
121.75629259992128 + 0.7258333333333333 * (100 + 1.0 * 121.75629259992128 - 121.75629259992128) = 194.3396259332546
apr. 11, 2020 3:55:14 P.M. hvl.projectparmorel.modelrepair.QModelFixer handleStep
INFO: Updated Q-table for error 401, context 0, action 591449609 setEType to new weight 194.3396259332546


apr. 11, 2020 3:55:14 P.M. hvl.projectparmorel.modelrepair.QModelFixer handleEpisode
INFO: EPISODE 7, STEP 2, Fixing error 401: The typed element must have a type
apr. 11, 2020 3:55:14 P.M. hvl.projectparmorel.modelrepair.QModelFixer chooseAction
INFO: Choosing optimal action
apr. 11, 2020 3:55:14 P.M. hvl.projectparmorel.modelrepair.QModelFixer handleStep
INFO: Chose action setEType in context 0 with weight 194.3396259332546
apr. 11, 2020 3:55:14 P.M. hvl.projectparmorel.modelrepair.QModelFixer handleStep
INFO: Calculating new Q-value:
Old Q-value: 194.3396259332546
Alpha: 0.7258333333333333

Reward: 100
194.3396259332546 + 0.7258333333333333 * (100 - 194.3396259332546) = 125.86478077670064
apr. 11, 2020 3:55:14 P.M. hvl.projectparmorel.modelrepair.QModelFixer handleStep
INFO: Updated Q-table for error 401, context 0, action 591449609 setEType to new weight 125.86478077670064
apr. 11, 2020 3:55:14 P.M. hvl.projectparmorel.modelrepair.QModelFixer handleEpisode
INFO: EPISODE 7 TOTAL REWARD 300



apr. 11, 2020 3:55:14 P.M. hvl.projectparmorel.modelrepair.QModelFixer handleEpisode
INFO: EPISODE 8, STEP 0, Fixing error 27: An operation with void return type must have an upper bound of 1 not −1
apr. 11, 2020 3:55:14 P.M. hvl.projectparmorel.modelrepair.QModelFixer chooseAction
INFO: Choosing optimal action
apr. 11, 2020 3:55:14 P.M. hvl.projectparmorel.modelrepair.QModelFixer handleStep
INFO: Chose action setUpperBound in context 0 with weight 219.40488384480983
apr. 11, 2020 3:55:14 P.M. hvl.projectparmorel.modelrepair.QModelFixer handleStep
INFO: Next error code: 401
apr. 11, 2020 3:55:14 P.M. hvl.projectparmorel.modelrepair.QModelFixer handleStep
INFO: Calculating new Q-value:
Old Q-value: 219.40488384480983
Alpha: 0.6866666666666668
Gamma: 1.0
Reward: 100
Next optimal action Q-value: 125.86478077670064
219.40488384480983 + 0.6866666666666668 * (100 + 1.0 * 125.86478077670064 - 219.40488384480983) = 223.8406797380415
apr. 11, 2020 3:55:14 P.M. hvl.projectparmorel.modelrepair.QModelFixer handleStep
INFO: Updated Q-table for error 27, context 0, action -969028598 setUpperBound to new weight 223.8406797380415


apr. 11, 2020 3:55:14 P.M. hvl.projectparmorel.modelrepair.QModelFixer handleEpisode
INFO: EPISODE 8, STEP 1, Fixing error 401: The typed element must have a type
apr. 11, 2020 3:55:14 P.M. hvl.projectparmorel.modelrepair.QModelFixer chooseAction
INFO: Choosing optimal action
apr. 11, 2020 3:55:14 P.M. hvl.projectparmorel.modelrepair.QModelFixer handleStep
INFO: Chose action setEType in context 0 with weight 125.86478077670064
apr. 11, 2020 3:55:14 P.M. hvl.projectparmorel.modelrepair.QModelFixer handleStep
INFO: Next error code: 401
apr. 11, 2020 3:55:14 P.M. hvl.projectparmorel.modelrepair.QModelFixer handleStep
INFO: Calculating new Q-value:
Old Q-value: 125.86478077670064
Alpha: 0.6866666666666668
Gamma: 1.0
Reward: 100
Next optimal action Q-value: 125.86478077670064
125.86478077670064 + 0.6866666666666668 * (100 + 1.0 * 125.86478077670064 - 125.86478077670064) = 194.5314474433673
apr. 11, 2020 3:55:14 P.M. hvl.projectparmorel.modelrepair.QModelFixer handleStep
INFO: Updated Q-table for error 401, context 0, action 591449609 setEType to new weight 194.5314474433673


apr. 11, 2020 3:55:14 P.M. hvl.projectparmorel.modelrepair.QModelFixer handleEpisode
INFO: EPISODE 8, STEP 2, Fixing error 401: The typed element must have a type
apr. 11, 2020 3:55:14 P.M. hvl.projectparmorel.modelrepair.QModelFixer chooseAction
INFO: Choosing optimal action
apr. 11, 2020 3:55:14 P.M. hvl.projectparmorel.modelrepair.QModelFixer handleStep
INFO: Chose action setEType in context 0 with weight 194.5314474433673
apr. 11, 2020 3:55:14 P.M. hvl.projectparmorel.modelrepair.QModelFixer handleStep
INFO: Calculating new Q-value:
Old Q-value: 194.5314474433673
Alpha: 0.6866666666666668

Reward: 100
194.5314474433673 + 0.6866666666666668 * (100 - 194.5314474433673) = 129.6198535322551
apr. 11, 2020 3:55:14 P.M. hvl.projectparmorel.modelrepair.QModelFixer handleStep
INFO: Updated Q-table for error 401, context 0, action 591449609 setEType to new weight 129.6198535322551
apr. 11, 2020 3:55:14 P.M. hvl.projectparmorel.modelrepair.QModelFixer handleEpisode
INFO: EPISODE 8 TOTAL REWARD 300



apr. 11, 2020 3:55:14 P.M. hvl.projectparmorel.modelrepair.QModelFixer handleEpisode
INFO: EPISODE 9, STEP 0, Fixing error 27: An operation with void return type must have an upper bound of 1 not −1
apr. 11, 2020 3:55:14 P.M. hvl.projectparmorel.modelrepair.QModelFixer chooseAction
INFO: Choosing optimal action
apr. 11, 2020 3:55:14 P.M. hvl.projectparmorel.modelrepair.QModelFixer handleStep
INFO: Chose action setUpperBound in context 0 with weight 223.8406797380415
apr. 11, 2020 3:55:14 P.M. hvl.projectparmorel.modelrepair.QModelFixer handleStep
INFO: Next error code: 401
apr. 11, 2020 3:55:14 P.M. hvl.projectparmorel.modelrepair.QModelFixer handleStep
INFO: Calculating new Q-value:
Old Q-value: 223.8406797380415
Alpha: 0.6475
Gamma: 1.0
Reward: 100
Next optimal action Q-value: 129.6198535322551
223.8406797380415 + 0.6475 * (100 + 1.0 * 129.6198535322551 - 223.8406797380415) = 227.5826947697948
apr. 11, 2020 3:55:14 P.M. hvl.projectparmorel.modelrepair.QModelFixer handleStep
INFO: Updated Q-table for error 27, context 0, action -969028598 setUpperBound to new weight 227.5826947697948


apr. 11, 2020 3:55:14 P.M. hvl.projectparmorel.modelrepair.QModelFixer handleEpisode
INFO: EPISODE 9, STEP 1, Fixing error 401: The typed element must have a type
apr. 11, 2020 3:55:14 P.M. hvl.projectparmorel.modelrepair.QModelFixer chooseAction
INFO: Choosing random action.
apr. 11, 2020 3:55:14 P.M. hvl.projectparmorel.modelrepair.QModelFixer handleStep
INFO: Chose action setEType in context 0 with weight 129.6198535322551
apr. 11, 2020 3:55:14 P.M. hvl.projectparmorel.modelrepair.QModelFixer handleStep
INFO: Next error code: 401
apr. 11, 2020 3:55:14 P.M. hvl.projectparmorel.modelrepair.QModelFixer handleStep
INFO: Calculating new Q-value:
Old Q-value: 129.6198535322551
Alpha: 0.6475
Gamma: 1.0
Reward: 100
Next optimal action Q-value: 129.6198535322551
129.6198535322551 + 0.6475 * (100 + 1.0 * 129.6198535322551 - 129.6198535322551) = 194.3698535322551
apr. 11, 2020 3:55:14 P.M. hvl.projectparmorel.modelrepair.QModelFixer handleStep
INFO: Updated Q-table for error 401, context 0, action 591449609 setEType to new weight 194.3698535322551


apr. 11, 2020 3:55:14 P.M. hvl.projectparmorel.modelrepair.QModelFixer handleEpisode
INFO: EPISODE 9, STEP 2, Fixing error 401: The typed element must have a type
apr. 11, 2020 3:55:14 P.M. hvl.projectparmorel.modelrepair.QModelFixer chooseAction
INFO: Choosing optimal action
apr. 11, 2020 3:55:14 P.M. hvl.projectparmorel.modelrepair.QModelFixer handleStep
INFO: Chose action setEType in context 0 with weight 194.3698535322551
apr. 11, 2020 3:55:14 P.M. hvl.projectparmorel.modelrepair.QModelFixer handleStep
INFO: Calculating new Q-value:
Old Q-value: 194.3698535322551
Alpha: 0.6475

Reward: 100
194.3698535322551 + 0.6475 * (100 - 194.3698535322551) = 133.26537337011993
apr. 11, 2020 3:55:14 P.M. hvl.projectparmorel.modelrepair.QModelFixer handleStep
INFO: Updated Q-table for error 401, context 0, action 591449609 setEType to new weight 133.26537337011993
apr. 11, 2020 3:55:14 P.M. hvl.projectparmorel.modelrepair.QModelFixer handleEpisode
INFO: EPISODE 9 TOTAL REWARD 300



apr. 11, 2020 3:55:14 P.M. hvl.projectparmorel.modelrepair.QModelFixer handleEpisode
INFO: EPISODE 10, STEP 0, Fixing error 27: An operation with void return type must have an upper bound of 1 not −1
apr. 11, 2020 3:55:14 P.M. hvl.projectparmorel.modelrepair.QModelFixer chooseAction
INFO: Choosing optimal action
apr. 11, 2020 3:55:14 P.M. hvl.projectparmorel.modelrepair.QModelFixer handleStep
INFO: Chose action setUpperBound in context 0 with weight 227.5826947697948
apr. 11, 2020 3:55:14 P.M. hvl.projectparmorel.modelrepair.QModelFixer handleStep
INFO: Next error code: 401
apr. 11, 2020 3:55:14 P.M. hvl.projectparmorel.modelrepair.QModelFixer handleStep
INFO: Calculating new Q-value:
Old Q-value: 227.5826947697948
Alpha: 0.6083333333333334
Gamma: 1.0
Reward: 100
Next optimal action Q-value: 133.26537337011993
227.5826947697948 + 0.6083333333333334 * (100 + 1.0 * 133.26537337011993 - 227.5826947697948) = 231.0396575849926
apr. 11, 2020 3:55:14 P.M. hvl.projectparmorel.modelrepair.QModelFixer handleStep
INFO: Updated Q-table for error 27, context 0, action -969028598 setUpperBound to new weight 231.0396575849926


apr. 11, 2020 3:55:14 P.M. hvl.projectparmorel.modelrepair.QModelFixer handleEpisode
INFO: EPISODE 10, STEP 1, Fixing error 401: The typed element must have a type
apr. 11, 2020 3:55:14 P.M. hvl.projectparmorel.modelrepair.QModelFixer chooseAction
INFO: Choosing optimal action
apr. 11, 2020 3:55:14 P.M. hvl.projectparmorel.modelrepair.QModelFixer handleStep
INFO: Chose action setEType in context 0 with weight 133.26537337011993
apr. 11, 2020 3:55:14 P.M. hvl.projectparmorel.modelrepair.QModelFixer handleStep
INFO: Next error code: 401
apr. 11, 2020 3:55:14 P.M. hvl.projectparmorel.modelrepair.QModelFixer handleStep
INFO: Calculating new Q-value:
Old Q-value: 133.26537337011993
Alpha: 0.6083333333333334
Gamma: 1.0
Reward: 100
Next optimal action Q-value: 133.26537337011993
133.26537337011993 + 0.6083333333333334 * (100 + 1.0 * 133.26537337011993 - 133.26537337011993) = 194.09870670345327
apr. 11, 2020 3:55:14 P.M. hvl.projectparmorel.modelrepair.QModelFixer handleStep
INFO: Updated Q-table for error 401, context 0, action 591449609 setEType to new weight 194.09870670345327


apr. 11, 2020 3:55:14 P.M. hvl.projectparmorel.modelrepair.QModelFixer handleEpisode
INFO: EPISODE 10, STEP 2, Fixing error 401: The typed element must have a type
apr. 11, 2020 3:55:14 P.M. hvl.projectparmorel.modelrepair.QModelFixer chooseAction
INFO: Choosing optimal action
apr. 11, 2020 3:55:14 P.M. hvl.projectparmorel.modelrepair.QModelFixer handleStep
INFO: Chose action setEType in context 0 with weight 194.09870670345327
apr. 11, 2020 3:55:14 P.M. hvl.projectparmorel.modelrepair.QModelFixer handleStep
INFO: Calculating new Q-value:
Old Q-value: 194.09870670345327
Alpha: 0.6083333333333334

Reward: 100
194.09870670345327 + 0.6083333333333334 * (100 - 194.09870670345327) = 136.85532679218585
apr. 11, 2020 3:55:14 P.M. hvl.projectparmorel.modelrepair.QModelFixer handleStep
INFO: Updated Q-table for error 401, context 0, action 591449609 setEType to new weight 136.85532679218585
apr. 11, 2020 3:55:14 P.M. hvl.projectparmorel.modelrepair.QModelFixer handleEpisode
INFO: EPISODE 10 TOTAL REWARD 300



apr. 11, 2020 3:55:14 P.M. hvl.projectparmorel.modelrepair.QModelFixer handleEpisode
INFO: EPISODE 11, STEP 0, Fixing error 27: An operation with void return type must have an upper bound of 1 not −1
apr. 11, 2020 3:55:14 P.M. hvl.projectparmorel.modelrepair.QModelFixer chooseAction
INFO: Choosing optimal action
apr. 11, 2020 3:55:14 P.M. hvl.projectparmorel.modelrepair.QModelFixer handleStep
INFO: Chose action setUpperBound in context 0 with weight 231.0396575849926
apr. 11, 2020 3:55:14 P.M. hvl.projectparmorel.modelrepair.QModelFixer handleStep
INFO: Next error code: 401
apr. 11, 2020 3:55:14 P.M. hvl.projectparmorel.modelrepair.QModelFixer handleStep
INFO: Calculating new Q-value:
Old Q-value: 231.0396575849926
Alpha: 0.5691666666666666
Gamma: 1.0
Reward: 100
Next optimal action Q-value: 136.85532679218585
231.0396575849926 + 0.5691666666666666 * (100 + 1.0 * 136.85532679218585 - 231.0396575849926) = 234.34974264208677
apr. 11, 2020 3:55:14 P.M. hvl.projectparmorel.modelrepair.QModelFixer handleStep
INFO: Updated Q-table for error 27, context 0, action -969028598 setUpperBound to new weight 234.34974264208677


apr. 11, 2020 3:55:14 P.M. hvl.projectparmorel.modelrepair.QModelFixer handleEpisode
INFO: EPISODE 11, STEP 1, Fixing error 401: The typed element must have a type
apr. 11, 2020 3:55:14 P.M. hvl.projectparmorel.modelrepair.QModelFixer chooseAction
INFO: Choosing optimal action
apr. 11, 2020 3:55:14 P.M. hvl.projectparmorel.modelrepair.QModelFixer handleStep
INFO: Chose action setEType in context 0 with weight 136.85532679218585
apr. 11, 2020 3:55:14 P.M. hvl.projectparmorel.modelrepair.QModelFixer handleStep
INFO: Next error code: 401
apr. 11, 2020 3:55:14 P.M. hvl.projectparmorel.modelrepair.QModelFixer handleStep
INFO: Calculating new Q-value:
Old Q-value: 136.85532679218585
Alpha: 0.5691666666666666
Gamma: 1.0
Reward: 100
Next optimal action Q-value: 136.85532679218585
136.85532679218585 + 0.5691666666666666 * (100 + 1.0 * 136.85532679218585 - 136.85532679218585) = 193.7719934588525
apr. 11, 2020 3:55:14 P.M. hvl.projectparmorel.modelrepair.QModelFixer handleStep
INFO: Updated Q-table for error 401, context 0, action 591449609 setEType to new weight 193.7719934588525


apr. 11, 2020 3:55:14 P.M. hvl.projectparmorel.modelrepair.QModelFixer handleEpisode
INFO: EPISODE 11, STEP 2, Fixing error 401: The typed element must have a type
apr. 11, 2020 3:55:14 P.M. hvl.projectparmorel.modelrepair.QModelFixer chooseAction
INFO: Choosing optimal action
apr. 11, 2020 3:55:14 P.M. hvl.projectparmorel.modelrepair.QModelFixer handleStep
INFO: Chose action setEType in context 0 with weight 193.7719934588525
apr. 11, 2020 3:55:14 P.M. hvl.projectparmorel.modelrepair.QModelFixer handleStep
INFO: Calculating new Q-value:
Old Q-value: 193.7719934588525
Alpha: 0.5691666666666666

Reward: 100
193.7719934588525 + 0.5691666666666666 * (100 - 193.7719934588525) = 140.40010051518897
apr. 11, 2020 3:55:14 P.M. hvl.projectparmorel.modelrepair.QModelFixer handleStep
INFO: Updated Q-table for error 401, context 0, action 591449609 setEType to new weight 140.40010051518897
apr. 11, 2020 3:55:14 P.M. hvl.projectparmorel.modelrepair.QModelFixer handleEpisode
INFO: EPISODE 11 TOTAL REWARD 300



apr. 11, 2020 3:55:14 P.M. hvl.projectparmorel.modelrepair.QModelFixer handleEpisode
INFO: EPISODE 12, STEP 0, Fixing error 27: An operation with void return type must have an upper bound of 1 not −1
apr. 11, 2020 3:55:14 P.M. hvl.projectparmorel.modelrepair.QModelFixer chooseAction
INFO: Choosing optimal action
apr. 11, 2020 3:55:14 P.M. hvl.projectparmorel.modelrepair.QModelFixer handleStep
INFO: Chose action setUpperBound in context 0 with weight 234.34974264208677
apr. 11, 2020 3:55:14 P.M. hvl.projectparmorel.modelrepair.QModelFixer handleStep
INFO: Next error code: 401
apr. 11, 2020 3:55:14 P.M. hvl.projectparmorel.modelrepair.QModelFixer handleStep
INFO: Calculating new Q-value:
Old Q-value: 234.34974264208677
Alpha: 0.53
Gamma: 1.0
Reward: 100
Next optimal action Q-value: 140.40010051518897
234.34974264208677 + 0.53 * (100 + 1.0 * 140.40010051518897 - 234.34974264208677) = 237.55643231483094
apr. 11, 2020 3:55:14 P.M. hvl.projectparmorel.modelrepair.QModelFixer handleStep
INFO: Updated Q-table for error 27, context 0, action -969028598 setUpperBound to new weight 237.55643231483094


apr. 11, 2020 3:55:14 P.M. hvl.projectparmorel.modelrepair.QModelFixer handleEpisode
INFO: EPISODE 12, STEP 1, Fixing error 401: The typed element must have a type
apr. 11, 2020 3:55:14 P.M. hvl.projectparmorel.modelrepair.QModelFixer chooseAction
INFO: Choosing optimal action
apr. 11, 2020 3:55:14 P.M. hvl.projectparmorel.modelrepair.QModelFixer handleStep
INFO: Chose action setEType in context 0 with weight 140.40010051518897
apr. 11, 2020 3:55:14 P.M. hvl.projectparmorel.modelrepair.QModelFixer handleStep
INFO: Next error code: 401
apr. 11, 2020 3:55:14 P.M. hvl.projectparmorel.modelrepair.QModelFixer handleStep
INFO: Calculating new Q-value:
Old Q-value: 140.40010051518897
Alpha: 0.53
Gamma: 1.0
Reward: 100
Next optimal action Q-value: 140.40010051518897
140.40010051518897 + 0.53 * (100 + 1.0 * 140.40010051518897 - 140.40010051518897) = 193.40010051518897
apr. 11, 2020 3:55:14 P.M. hvl.projectparmorel.modelrepair.QModelFixer handleStep
INFO: Updated Q-table for error 401, context 0, action 591449609 setEType to new weight 193.40010051518897


apr. 11, 2020 3:55:14 P.M. hvl.projectparmorel.modelrepair.QModelFixer handleEpisode
INFO: EPISODE 12, STEP 2, Fixing error 401: The typed element must have a type
apr. 11, 2020 3:55:14 P.M. hvl.projectparmorel.modelrepair.QModelFixer chooseAction
INFO: Choosing random action.
apr. 11, 2020 3:55:14 P.M. hvl.projectparmorel.modelrepair.QModelFixer handleStep
INFO: Chose action delete in context 0 with weight -905.316773378383
apr. 11, 2020 3:55:15 P.M. hvl.projectparmorel.modelrepair.QModelFixer handleStep
INFO: Calculating new Q-value:
Old Q-value: -905.316773378383
Alpha: 0.53

Reward: -1000
-905.316773378383 + 0.53 * (-1000 - -905.316773378383) = -955.49888348784
apr. 11, 2020 3:55:15 P.M. hvl.projectparmorel.modelrepair.QModelFixer handleStep
INFO: Updated Q-table for error 401, context 0, action 99999 delete to new weight -955.49888348784
apr. 11, 2020 3:55:15 P.M. hvl.projectparmorel.modelrepair.QModelFixer handleEpisode
INFO: EPISODE 12 TOTAL REWARD -800



apr. 11, 2020 3:55:15 P.M. hvl.projectparmorel.modelrepair.QModelFixer handleEpisode
INFO: EPISODE 13, STEP 0, Fixing error 27: An operation with void return type must have an upper bound of 1 not −1
apr. 11, 2020 3:55:15 P.M. hvl.projectparmorel.modelrepair.QModelFixer chooseAction
INFO: Choosing optimal action
apr. 11, 2020 3:55:15 P.M. hvl.projectparmorel.modelrepair.QModelFixer handleStep
INFO: Chose action setUpperBound in context 0 with weight 237.55643231483094
apr. 11, 2020 3:55:15 P.M. hvl.projectparmorel.modelrepair.QModelFixer handleStep
INFO: Next error code: 401
apr. 11, 2020 3:55:15 P.M. hvl.projectparmorel.modelrepair.QModelFixer handleStep
INFO: Calculating new Q-value:
Old Q-value: 237.55643231483094
Alpha: 0.49083333333333334
Gamma: 1.0
Reward: 100
Next optimal action Q-value: 193.40010051518897
237.55643231483094 + 0.49083333333333334 * (100 + 1.0 * 193.40010051518897 - 237.55643231483094) = 264.9663661231733
apr. 11, 2020 3:55:15 P.M. hvl.projectparmorel.modelrepair.QModelFixer handleStep
INFO: Updated Q-table for error 27, context 0, action -969028598 setUpperBound to new weight 264.9663661231733


apr. 11, 2020 3:55:15 P.M. hvl.projectparmorel.modelrepair.QModelFixer handleEpisode
INFO: EPISODE 13, STEP 1, Fixing error 401: The typed element must have a type
apr. 11, 2020 3:55:15 P.M. hvl.projectparmorel.modelrepair.QModelFixer chooseAction
INFO: Choosing optimal action
apr. 11, 2020 3:55:15 P.M. hvl.projectparmorel.modelrepair.QModelFixer handleStep
INFO: Chose action setEType in context 0 with weight 193.40010051518897
apr. 11, 2020 3:55:15 P.M. hvl.projectparmorel.modelrepair.QModelFixer handleStep
INFO: Next error code: 401
apr. 11, 2020 3:55:15 P.M. hvl.projectparmorel.modelrepair.QModelFixer handleStep
INFO: Calculating new Q-value:
Old Q-value: 193.40010051518897
Alpha: 0.49083333333333334
Gamma: 1.0
Reward: 100
Next optimal action Q-value: 193.40010051518897
193.40010051518897 + 0.49083333333333334 * (100 + 1.0 * 193.40010051518897 - 193.40010051518897) = 242.4834338485223
apr. 11, 2020 3:55:15 P.M. hvl.projectparmorel.modelrepair.QModelFixer handleStep
INFO: Updated Q-table for error 401, context 0, action 591449609 setEType to new weight 242.4834338485223


apr. 11, 2020 3:55:15 P.M. hvl.projectparmorel.modelrepair.QModelFixer handleEpisode
INFO: EPISODE 13, STEP 2, Fixing error 401: The typed element must have a type
apr. 11, 2020 3:55:15 P.M. hvl.projectparmorel.modelrepair.QModelFixer chooseAction
INFO: Choosing optimal action
apr. 11, 2020 3:55:15 P.M. hvl.projectparmorel.modelrepair.QModelFixer handleStep
INFO: Chose action setEType in context 0 with weight 242.4834338485223
apr. 11, 2020 3:55:15 P.M. hvl.projectparmorel.modelrepair.QModelFixer handleStep
INFO: Calculating new Q-value:
Old Q-value: 242.4834338485223
Alpha: 0.49083333333333334

Reward: 100
242.4834338485223 + 0.49083333333333334 * (100 - 242.4834338485223) = 172.5478150678726
apr. 11, 2020 3:55:15 P.M. hvl.projectparmorel.modelrepair.QModelFixer handleStep
INFO: Updated Q-table for error 401, context 0, action 591449609 setEType to new weight 172.5478150678726
apr. 11, 2020 3:55:15 P.M. hvl.projectparmorel.modelrepair.QModelFixer handleEpisode
INFO: EPISODE 13 TOTAL REWARD 300



apr. 11, 2020 3:55:15 P.M. hvl.projectparmorel.modelrepair.QModelFixer handleEpisode
INFO: EPISODE 14, STEP 0, Fixing error 27: An operation with void return type must have an upper bound of 1 not −1
apr. 11, 2020 3:55:15 P.M. hvl.projectparmorel.modelrepair.QModelFixer chooseAction
INFO: Choosing optimal action
apr. 11, 2020 3:55:15 P.M. hvl.projectparmorel.modelrepair.QModelFixer handleStep
INFO: Chose action setUpperBound in context 0 with weight 264.9663661231733
apr. 11, 2020 3:55:15 P.M. hvl.projectparmorel.modelrepair.QModelFixer handleStep
INFO: Next error code: 401
apr. 11, 2020 3:55:15 P.M. hvl.projectparmorel.modelrepair.QModelFixer handleStep
INFO: Calculating new Q-value:
Old Q-value: 264.9663661231733
Alpha: 0.45166666666666666
Gamma: 1.0
Reward: 100
Next optimal action Q-value: 172.5478150678726
264.9663661231733 + 0.45166666666666666 * (100 + 1.0 * 172.5478150678726 - 264.9663661231733) = 268.39065389652916
apr. 11, 2020 3:55:15 P.M. hvl.projectparmorel.modelrepair.QModelFixer handleStep
INFO: Updated Q-table for error 27, context 0, action -969028598 setUpperBound to new weight 268.39065389652916


apr. 11, 2020 3:55:15 P.M. hvl.projectparmorel.modelrepair.QModelFixer handleEpisode
INFO: EPISODE 14, STEP 1, Fixing error 401: The typed element must have a type
apr. 11, 2020 3:55:15 P.M. hvl.projectparmorel.modelrepair.QModelFixer chooseAction
INFO: Choosing optimal action
apr. 11, 2020 3:55:15 P.M. hvl.projectparmorel.modelrepair.QModelFixer handleStep
INFO: Chose action setEType in context 0 with weight 172.5478150678726
apr. 11, 2020 3:55:15 P.M. hvl.projectparmorel.modelrepair.QModelFixer handleStep
INFO: Next error code: 401
apr. 11, 2020 3:55:15 P.M. hvl.projectparmorel.modelrepair.QModelFixer handleStep
INFO: Calculating new Q-value:
Old Q-value: 172.5478150678726
Alpha: 0.45166666666666666
Gamma: 1.0
Reward: 100
Next optimal action Q-value: 172.5478150678726
172.5478150678726 + 0.45166666666666666 * (100 + 1.0 * 172.5478150678726 - 172.5478150678726) = 217.71448173453925
apr. 11, 2020 3:55:15 P.M. hvl.projectparmorel.modelrepair.QModelFixer handleStep
INFO: Updated Q-table for error 401, context 0, action 591449609 setEType to new weight 217.71448173453925


apr. 11, 2020 3:55:15 P.M. hvl.projectparmorel.modelrepair.QModelFixer handleEpisode
INFO: EPISODE 14, STEP 2, Fixing error 401: The typed element must have a type
apr. 11, 2020 3:55:15 P.M. hvl.projectparmorel.modelrepair.QModelFixer chooseAction
INFO: Choosing optimal action
apr. 11, 2020 3:55:15 P.M. hvl.projectparmorel.modelrepair.QModelFixer handleStep
INFO: Chose action setEType in context 0 with weight 217.71448173453925
apr. 11, 2020 3:55:15 P.M. hvl.projectparmorel.modelrepair.QModelFixer handleStep
INFO: Calculating new Q-value:
Old Q-value: 217.71448173453925
Alpha: 0.45166666666666666

Reward: 100
217.71448173453925 + 0.45166666666666666 * (100 - 217.71448173453925) = 164.5467741511057
apr. 11, 2020 3:55:15 P.M. hvl.projectparmorel.modelrepair.QModelFixer handleStep
INFO: Updated Q-table for error 401, context 0, action 591449609 setEType to new weight 164.5467741511057
apr. 11, 2020 3:55:15 P.M. hvl.projectparmorel.modelrepair.QModelFixer handleEpisode
INFO: EPISODE 14 TOTAL REWARD 300



apr. 11, 2020 3:55:15 P.M. hvl.projectparmorel.modelrepair.QModelFixer handleEpisode
INFO: EPISODE 15, STEP 0, Fixing error 27: An operation with void return type must have an upper bound of 1 not −1
apr. 11, 2020 3:55:15 P.M. hvl.projectparmorel.modelrepair.QModelFixer chooseAction
INFO: Choosing optimal action
apr. 11, 2020 3:55:15 P.M. hvl.projectparmorel.modelrepair.QModelFixer handleStep
INFO: Chose action setUpperBound in context 0 with weight 268.39065389652916
apr. 11, 2020 3:55:15 P.M. hvl.projectparmorel.modelrepair.QModelFixer handleStep
INFO: Next error code: 401
apr. 11, 2020 3:55:15 P.M. hvl.projectparmorel.modelrepair.QModelFixer handleStep
INFO: Calculating new Q-value:
Old Q-value: 268.39065389652916
Alpha: 0.4125
Gamma: 1.0
Reward: 100
Next optimal action Q-value: 164.5467741511057
268.39065389652916 + 0.4125 * (100 + 1.0 * 164.5467741511057 - 268.39065389652916) = 266.805053501542
apr. 11, 2020 3:55:15 P.M. hvl.projectparmorel.modelrepair.QModelFixer handleStep
INFO: Updated Q-table for error 27, context 0, action -969028598 setUpperBound to new weight 266.805053501542


apr. 11, 2020 3:55:15 P.M. hvl.projectparmorel.modelrepair.QModelFixer handleEpisode
INFO: EPISODE 15, STEP 1, Fixing error 401: The typed element must have a type
apr. 11, 2020 3:55:15 P.M. hvl.projectparmorel.modelrepair.QModelFixer chooseAction
INFO: Choosing random action.
apr. 11, 2020 3:55:15 P.M. hvl.projectparmorel.modelrepair.QModelFixer handleStep
INFO: Chose action setEType in context 0 with weight 164.5467741511057
apr. 11, 2020 3:55:15 P.M. hvl.projectparmorel.modelrepair.QModelFixer handleStep
INFO: Next error code: 401
apr. 11, 2020 3:55:15 P.M. hvl.projectparmorel.modelrepair.QModelFixer handleStep
INFO: Calculating new Q-value:
Old Q-value: 164.5467741511057
Alpha: 0.4125
Gamma: 1.0
Reward: 100
Next optimal action Q-value: 164.5467741511057
164.5467741511057 + 0.4125 * (100 + 1.0 * 164.5467741511057 - 164.5467741511057) = 205.7967741511057
apr. 11, 2020 3:55:15 P.M. hvl.projectparmorel.modelrepair.QModelFixer handleStep
INFO: Updated Q-table for error 401, context 0, action 591449609 setEType to new weight 205.7967741511057


apr. 11, 2020 3:55:15 P.M. hvl.projectparmorel.modelrepair.QModelFixer handleEpisode
INFO: EPISODE 15, STEP 2, Fixing error 401: The typed element must have a type
apr. 11, 2020 3:55:15 P.M. hvl.projectparmorel.modelrepair.QModelFixer chooseAction
INFO: Choosing optimal action
apr. 11, 2020 3:55:15 P.M. hvl.projectparmorel.modelrepair.QModelFixer handleStep
INFO: Chose action setEType in context 0 with weight 205.7967741511057
apr. 11, 2020 3:55:15 P.M. hvl.projectparmorel.modelrepair.QModelFixer handleStep
INFO: Calculating new Q-value:
Old Q-value: 205.7967741511057
Alpha: 0.4125

Reward: 100
205.7967741511057 + 0.4125 * (100 - 205.7967741511057) = 162.1556048137746
apr. 11, 2020 3:55:15 P.M. hvl.projectparmorel.modelrepair.QModelFixer handleStep
INFO: Updated Q-table for error 401, context 0, action 591449609 setEType to new weight 162.1556048137746
apr. 11, 2020 3:55:15 P.M. hvl.projectparmorel.modelrepair.QModelFixer handleEpisode
INFO: EPISODE 15 TOTAL REWARD 300



apr. 11, 2020 3:55:15 P.M. hvl.projectparmorel.modelrepair.QModelFixer handleEpisode
INFO: EPISODE 16, STEP 0, Fixing error 27: An operation with void return type must have an upper bound of 1 not −1
apr. 11, 2020 3:55:15 P.M. hvl.projectparmorel.modelrepair.QModelFixer chooseAction
INFO: Choosing optimal action
apr. 11, 2020 3:55:15 P.M. hvl.projectparmorel.modelrepair.QModelFixer handleStep
INFO: Chose action setUpperBound in context 0 with weight 266.805053501542
apr. 11, 2020 3:55:15 P.M. hvl.projectparmorel.modelrepair.QModelFixer handleStep
INFO: Next error code: 401
apr. 11, 2020 3:55:15 P.M. hvl.projectparmorel.modelrepair.QModelFixer handleStep
INFO: Calculating new Q-value:
Old Q-value: 266.805053501542
Alpha: 0.3733333333333334
Gamma: 1.0
Reward: 100
Next optimal action Q-value: 162.1556048137746
266.805053501542 + 0.3733333333333334 * (100 + 1.0 * 162.1556048137746 - 266.805053501542) = 265.0692593247755
apr. 11, 2020 3:55:15 P.M. hvl.projectparmorel.modelrepair.QModelFixer handleStep
INFO: Updated Q-table for error 27, context 0, action -969028598 setUpperBound to new weight 265.0692593247755


apr. 11, 2020 3:55:15 P.M. hvl.projectparmorel.modelrepair.QModelFixer handleEpisode
INFO: EPISODE 16, STEP 1, Fixing error 401: The typed element must have a type
apr. 11, 2020 3:55:15 P.M. hvl.projectparmorel.modelrepair.QModelFixer chooseAction
INFO: Choosing random action.
apr. 11, 2020 3:55:15 P.M. hvl.projectparmorel.modelrepair.QModelFixer handleStep
INFO: Chose action setEType in context 0 with weight 162.1556048137746
apr. 11, 2020 3:55:15 P.M. hvl.projectparmorel.modelrepair.QModelFixer handleStep
INFO: Next error code: 401
apr. 11, 2020 3:55:15 P.M. hvl.projectparmorel.modelrepair.QModelFixer handleStep
INFO: Calculating new Q-value:
Old Q-value: 162.1556048137746
Alpha: 0.3733333333333334
Gamma: 1.0
Reward: 100
Next optimal action Q-value: 162.1556048137746
162.1556048137746 + 0.3733333333333334 * (100 + 1.0 * 162.1556048137746 - 162.1556048137746) = 199.48893814710794
apr. 11, 2020 3:55:15 P.M. hvl.projectparmorel.modelrepair.QModelFixer handleStep
INFO: Updated Q-table for error 401, context 0, action 591449609 setEType to new weight 199.48893814710794


apr. 11, 2020 3:55:15 P.M. hvl.projectparmorel.modelrepair.QModelFixer handleEpisode
INFO: EPISODE 16, STEP 2, Fixing error 401: The typed element must have a type
apr. 11, 2020 3:55:15 P.M. hvl.projectparmorel.modelrepair.QModelFixer chooseAction
INFO: Choosing optimal action
apr. 11, 2020 3:55:15 P.M. hvl.projectparmorel.modelrepair.QModelFixer handleStep
INFO: Chose action setEType in context 0 with weight 199.48893814710794
apr. 11, 2020 3:55:15 P.M. hvl.projectparmorel.modelrepair.QModelFixer handleStep
INFO: Calculating new Q-value:
Old Q-value: 199.48893814710794
Alpha: 0.3733333333333334

Reward: 100
199.48893814710794 + 0.3733333333333334 * (100 - 199.48893814710794) = 162.3464012388543
apr. 11, 2020 3:55:15 P.M. hvl.projectparmorel.modelrepair.QModelFixer handleStep
INFO: Updated Q-table for error 401, context 0, action 591449609 setEType to new weight 162.3464012388543
apr. 11, 2020 3:55:15 P.M. hvl.projectparmorel.modelrepair.QModelFixer handleEpisode
INFO: EPISODE 16 TOTAL REWARD 300



apr. 11, 2020 3:55:15 P.M. hvl.projectparmorel.modelrepair.QModelFixer handleEpisode
INFO: EPISODE 17, STEP 0, Fixing error 27: An operation with void return type must have an upper bound of 1 not −1
apr. 11, 2020 3:55:15 P.M. hvl.projectparmorel.modelrepair.QModelFixer chooseAction
INFO: Choosing optimal action
apr. 11, 2020 3:55:15 P.M. hvl.projectparmorel.modelrepair.QModelFixer handleStep
INFO: Chose action setUpperBound in context 0 with weight 265.0692593247755
apr. 11, 2020 3:55:15 P.M. hvl.projectparmorel.modelrepair.QModelFixer handleStep
INFO: Next error code: 401
apr. 11, 2020 3:55:15 P.M. hvl.projectparmorel.modelrepair.QModelFixer handleStep
INFO: Calculating new Q-value:
Old Q-value: 265.0692593247755
Alpha: 0.3341666666666667
Gamma: 1.0
Reward: 100
Next optimal action Q-value: 162.3464012388543
265.0692593247755 + 0.3341666666666667 * (100 + 1.0 * 162.3464012388543 - 265.0692593247755) = 264.15937091439685
apr. 11, 2020 3:55:15 P.M. hvl.projectparmorel.modelrepair.QModelFixer handleStep
INFO: Updated Q-table for error 27, context 0, action -969028598 setUpperBound to new weight 264.15937091439685


apr. 11, 2020 3:55:15 P.M. hvl.projectparmorel.modelrepair.QModelFixer handleEpisode
INFO: EPISODE 17, STEP 1, Fixing error 401: The typed element must have a type
apr. 11, 2020 3:55:15 P.M. hvl.projectparmorel.modelrepair.QModelFixer chooseAction
INFO: Choosing random action.
apr. 11, 2020 3:55:15 P.M. hvl.projectparmorel.modelrepair.QModelFixer handleStep
INFO: Chose action setEType in context 0 with weight 162.3464012388543
apr. 11, 2020 3:55:15 P.M. hvl.projectparmorel.modelrepair.QModelFixer handleStep
INFO: Next error code: 401
apr. 11, 2020 3:55:15 P.M. hvl.projectparmorel.modelrepair.QModelFixer handleStep
INFO: Calculating new Q-value:
Old Q-value: 162.3464012388543
Alpha: 0.3341666666666667
Gamma: 1.0
Reward: 100
Next optimal action Q-value: 162.3464012388543
162.3464012388543 + 0.3341666666666667 * (100 + 1.0 * 162.3464012388543 - 162.3464012388543) = 195.76306790552098
apr. 11, 2020 3:55:15 P.M. hvl.projectparmorel.modelrepair.QModelFixer handleStep
INFO: Updated Q-table for error 401, context 0, action 591449609 setEType to new weight 195.76306790552098


apr. 11, 2020 3:55:15 P.M. hvl.projectparmorel.modelrepair.QModelFixer handleEpisode
INFO: EPISODE 17, STEP 2, Fixing error 401: The typed element must have a type
apr. 11, 2020 3:55:15 P.M. hvl.projectparmorel.modelrepair.QModelFixer chooseAction
INFO: Choosing random action.
apr. 11, 2020 3:55:15 P.M. hvl.projectparmorel.modelrepair.QModelFixer handleStep
INFO: Chose action delete in context 0 with weight -955.49888348784
apr. 11, 2020 3:55:16 P.M. hvl.projectparmorel.modelrepair.QModelFixer handleStep
INFO: Calculating new Q-value:
Old Q-value: -955.49888348784
Alpha: 0.3341666666666667

Reward: -1000
-955.49888348784 + 0.3341666666666667 * (-1000 - -955.49888348784) = -970.3696732556534
apr. 11, 2020 3:55:16 P.M. hvl.projectparmorel.modelrepair.QModelFixer handleStep
INFO: Updated Q-table for error 401, context 0, action 99999 delete to new weight -970.3696732556534
apr. 11, 2020 3:55:16 P.M. hvl.projectparmorel.modelrepair.QModelFixer handleEpisode
INFO: EPISODE 17 TOTAL REWARD -800



apr. 11, 2020 3:55:16 P.M. hvl.projectparmorel.modelrepair.QModelFixer handleEpisode
INFO: EPISODE 18, STEP 0, Fixing error 27: An operation with void return type must have an upper bound of 1 not −1
apr. 11, 2020 3:55:16 P.M. hvl.projectparmorel.modelrepair.QModelFixer chooseAction
INFO: Choosing optimal action
apr. 11, 2020 3:55:16 P.M. hvl.projectparmorel.modelrepair.QModelFixer handleStep
INFO: Chose action setUpperBound in context 0 with weight 264.15937091439685
apr. 11, 2020 3:55:16 P.M. hvl.projectparmorel.modelrepair.QModelFixer handleStep
INFO: Next error code: 401
apr. 11, 2020 3:55:16 P.M. hvl.projectparmorel.modelrepair.QModelFixer handleStep
INFO: Calculating new Q-value:
Old Q-value: 264.15937091439685
Alpha: 0.29500000000000004
Gamma: 1.0
Reward: 100
Next optimal action Q-value: 195.76306790552098
264.15937091439685 + 0.29500000000000004 * (100 + 1.0 * 195.76306790552098 - 264.15937091439685) = 273.4824615267785
apr. 11, 2020 3:55:16 P.M. hvl.projectparmorel.modelrepair.QModelFixer handleStep
INFO: Updated Q-table for error 27, context 0, action -969028598 setUpperBound to new weight 273.4824615267785


apr. 11, 2020 3:55:16 P.M. hvl.projectparmorel.modelrepair.QModelFixer handleEpisode
INFO: EPISODE 18, STEP 1, Fixing error 401: The typed element must have a type
apr. 11, 2020 3:55:16 P.M. hvl.projectparmorel.modelrepair.QModelFixer chooseAction
INFO: Choosing random action.
apr. 11, 2020 3:55:16 P.M. hvl.projectparmorel.modelrepair.QModelFixer handleStep
INFO: Chose action setEType in context 0 with weight 195.76306790552098
apr. 11, 2020 3:55:16 P.M. hvl.projectparmorel.modelrepair.QModelFixer handleStep
INFO: Next error code: 401
apr. 11, 2020 3:55:16 P.M. hvl.projectparmorel.modelrepair.QModelFixer handleStep
INFO: Calculating new Q-value:
Old Q-value: 195.76306790552098
Alpha: 0.29500000000000004
Gamma: 1.0
Reward: 100
Next optimal action Q-value: 195.76306790552098
195.76306790552098 + 0.29500000000000004 * (100 + 1.0 * 195.76306790552098 - 195.76306790552098) = 225.26306790552098
apr. 11, 2020 3:55:16 P.M. hvl.projectparmorel.modelrepair.QModelFixer handleStep
INFO: Updated Q-table for error 401, context 0, action 591449609 setEType to new weight 225.26306790552098


apr. 11, 2020 3:55:16 P.M. hvl.projectparmorel.modelrepair.QModelFixer handleEpisode
INFO: EPISODE 18, STEP 2, Fixing error 401: The typed element must have a type
apr. 11, 2020 3:55:16 P.M. hvl.projectparmorel.modelrepair.QModelFixer chooseAction
INFO: Choosing optimal action
apr. 11, 2020 3:55:16 P.M. hvl.projectparmorel.modelrepair.QModelFixer handleStep
INFO: Chose action setEType in context 0 with weight 225.26306790552098
apr. 11, 2020 3:55:16 P.M. hvl.projectparmorel.modelrepair.QModelFixer handleStep
INFO: Calculating new Q-value:
Old Q-value: 225.26306790552098
Alpha: 0.29500000000000004

Reward: 100
225.26306790552098 + 0.29500000000000004 * (100 - 225.26306790552098) = 188.31046287339228
apr. 11, 2020 3:55:16 P.M. hvl.projectparmorel.modelrepair.QModelFixer handleStep
INFO: Updated Q-table for error 401, context 0, action 591449609 setEType to new weight 188.31046287339228
apr. 11, 2020 3:55:16 P.M. hvl.projectparmorel.modelrepair.QModelFixer handleEpisode
INFO: EPISODE 18 TOTAL REWARD 300



apr. 11, 2020 3:55:16 P.M. hvl.projectparmorel.modelrepair.QModelFixer handleEpisode
INFO: EPISODE 19, STEP 0, Fixing error 27: An operation with void return type must have an upper bound of 1 not −1
apr. 11, 2020 3:55:16 P.M. hvl.projectparmorel.modelrepair.QModelFixer chooseAction
INFO: Choosing optimal action
apr. 11, 2020 3:55:16 P.M. hvl.projectparmorel.modelrepair.QModelFixer handleStep
INFO: Chose action setUpperBound in context 0 with weight 273.4824615267785
apr. 11, 2020 3:55:16 P.M. hvl.projectparmorel.modelrepair.QModelFixer handleStep
INFO: Next error code: 401
apr. 11, 2020 3:55:16 P.M. hvl.projectparmorel.modelrepair.QModelFixer handleStep
INFO: Calculating new Q-value:
Old Q-value: 273.4824615267785
Alpha: 0.25583333333333336
Gamma: 1.0
Reward: 100
Next optimal action Q-value: 188.31046287339228
273.4824615267785 + 0.25583333333333336 * (100 + 1.0 * 188.31046287339228 - 273.4824615267785) = 277.27595853795384
apr. 11, 2020 3:55:16 P.M. hvl.projectparmorel.modelrepair.QModelFixer handleStep
INFO: Updated Q-table for error 27, context 0, action -969028598 setUpperBound to new weight 277.27595853795384


apr. 11, 2020 3:55:16 P.M. hvl.projectparmorel.modelrepair.QModelFixer handleEpisode
INFO: EPISODE 19, STEP 1, Fixing error 401: The typed element must have a type
apr. 11, 2020 3:55:16 P.M. hvl.projectparmorel.modelrepair.QModelFixer chooseAction
INFO: Choosing optimal action
apr. 11, 2020 3:55:16 P.M. hvl.projectparmorel.modelrepair.QModelFixer handleStep
INFO: Chose action setEType in context 0 with weight 188.31046287339228
apr. 11, 2020 3:55:16 P.M. hvl.projectparmorel.modelrepair.QModelFixer handleStep
INFO: Next error code: 401
apr. 11, 2020 3:55:16 P.M. hvl.projectparmorel.modelrepair.QModelFixer handleStep
INFO: Calculating new Q-value:
Old Q-value: 188.31046287339228
Alpha: 0.25583333333333336
Gamma: 1.0
Reward: 100
Next optimal action Q-value: 188.31046287339228
188.31046287339228 + 0.25583333333333336 * (100 + 1.0 * 188.31046287339228 - 188.31046287339228) = 213.89379620672563
apr. 11, 2020 3:55:16 P.M. hvl.projectparmorel.modelrepair.QModelFixer handleStep
INFO: Updated Q-table for error 401, context 0, action 591449609 setEType to new weight 213.89379620672563


apr. 11, 2020 3:55:16 P.M. hvl.projectparmorel.modelrepair.QModelFixer handleEpisode
INFO: EPISODE 19, STEP 2, Fixing error 401: The typed element must have a type
apr. 11, 2020 3:55:16 P.M. hvl.projectparmorel.modelrepair.QModelFixer chooseAction
INFO: Choosing optimal action
apr. 11, 2020 3:55:16 P.M. hvl.projectparmorel.modelrepair.QModelFixer handleStep
INFO: Chose action setEType in context 0 with weight 213.89379620672563
apr. 11, 2020 3:55:16 P.M. hvl.projectparmorel.modelrepair.QModelFixer handleStep
INFO: Calculating new Q-value:
Old Q-value: 213.89379620672563
Alpha: 0.25583333333333336

Reward: 100
213.89379620672563 + 0.25583333333333336 * (100 - 213.89379620672563) = 184.75596667717164
apr. 11, 2020 3:55:16 P.M. hvl.projectparmorel.modelrepair.QModelFixer handleStep
INFO: Updated Q-table for error 401, context 0, action 591449609 setEType to new weight 184.75596667717164
apr. 11, 2020 3:55:16 P.M. hvl.projectparmorel.modelrepair.QModelFixer handleEpisode
INFO: EPISODE 19 TOTAL REWARD 300



apr. 11, 2020 3:55:16 P.M. hvl.projectparmorel.modelrepair.QModelFixer handleEpisode
INFO: EPISODE 20, STEP 0, Fixing error 27: An operation with void return type must have an upper bound of 1 not −1
apr. 11, 2020 3:55:16 P.M. hvl.projectparmorel.modelrepair.QModelFixer chooseAction
INFO: Choosing optimal action
apr. 11, 2020 3:55:16 P.M. hvl.projectparmorel.modelrepair.QModelFixer handleStep
INFO: Chose action setUpperBound in context 0 with weight 277.27595853795384
apr. 11, 2020 3:55:16 P.M. hvl.projectparmorel.modelrepair.QModelFixer handleStep
INFO: Next error code: 401
apr. 11, 2020 3:55:16 P.M. hvl.projectparmorel.modelrepair.QModelFixer handleStep
INFO: Calculating new Q-value:
Old Q-value: 277.27595853795384
Alpha: 0.21666666666666679
Gamma: 1.0
Reward: 100
Next optimal action Q-value: 184.75596667717164
277.27595853795384 + 0.21666666666666679 * (100 + 1.0 * 184.75596667717164 - 277.27595853795384) = 278.8966269681177
apr. 11, 2020 3:55:16 P.M. hvl.projectparmorel.modelrepair.QModelFixer handleStep
INFO: Updated Q-table for error 27, context 0, action -969028598 setUpperBound to new weight 278.8966269681177


apr. 11, 2020 3:55:16 P.M. hvl.projectparmorel.modelrepair.QModelFixer handleEpisode
INFO: EPISODE 20, STEP 1, Fixing error 401: The typed element must have a type
apr. 11, 2020 3:55:16 P.M. hvl.projectparmorel.modelrepair.QModelFixer chooseAction
INFO: Choosing random action.
apr. 11, 2020 3:55:16 P.M. hvl.projectparmorel.modelrepair.QModelFixer handleStep
INFO: Chose action delete in context 0 with weight -970.3696732556534
apr. 11, 2020 3:55:16 P.M. hvl.projectparmorel.modelrepair.QModelFixer handleStep
INFO: Next error code: 401
apr. 11, 2020 3:55:16 P.M. hvl.projectparmorel.modelrepair.QModelFixer handleStep
INFO: Calculating new Q-value:
Old Q-value: -970.3696732556534
Alpha: 0.21666666666666679
Gamma: 1.0
Reward: -1000
Next optimal action Q-value: 184.75596667717164
-970.3696732556534 + 0.21666666666666679 * (-1000 + 1.0 * 184.75596667717164 - -970.3696732556534) = -936.7591179368746
apr. 11, 2020 3:55:16 P.M. hvl.projectparmorel.modelrepair.QModelFixer handleStep
INFO: Updated Q-table for error 401, context 0, action 99999 delete to new weight -936.7591179368746


apr. 11, 2020 3:55:16 P.M. hvl.projectparmorel.modelrepair.QModelFixer handleEpisode
INFO: EPISODE 20, STEP 2, Fixing error 401: The typed element must have a type
apr. 11, 2020 3:55:16 P.M. hvl.projectparmorel.modelrepair.QModelFixer chooseAction
INFO: Choosing random action.
apr. 11, 2020 3:55:16 P.M. hvl.projectparmorel.modelrepair.QModelFixer handleStep
INFO: Chose action setEType in context 0 with weight 184.75596667717164
apr. 11, 2020 3:55:16 P.M. hvl.projectparmorel.modelrepair.QModelFixer handleStep
INFO: Calculating new Q-value:
Old Q-value: 184.75596667717164
Alpha: 0.21666666666666679

Reward: 100
184.75596667717164 + 0.21666666666666679 * (100 - 184.75596667717164) = 166.39217389711777
apr. 11, 2020 3:55:16 P.M. hvl.projectparmorel.modelrepair.QModelFixer handleStep
INFO: Updated Q-table for error 401, context 0, action 591449609 setEType to new weight 166.39217389711777
apr. 11, 2020 3:55:16 P.M. hvl.projectparmorel.modelrepair.QModelFixer handleEpisode
INFO: EPISODE 20 TOTAL REWARD -800



apr. 11, 2020 3:55:16 P.M. hvl.projectparmorel.modelrepair.QModelFixer handleEpisode
INFO: EPISODE 21, STEP 0, Fixing error 27: An operation with void return type must have an upper bound of 1 not −1
apr. 11, 2020 3:55:16 P.M. hvl.projectparmorel.modelrepair.QModelFixer chooseAction
INFO: Choosing optimal action
apr. 11, 2020 3:55:16 P.M. hvl.projectparmorel.modelrepair.QModelFixer handleStep
INFO: Chose action setUpperBound in context 0 with weight 278.8966269681177
apr. 11, 2020 3:55:16 P.M. hvl.projectparmorel.modelrepair.QModelFixer handleStep
INFO: Next error code: 401
apr. 11, 2020 3:55:16 P.M. hvl.projectparmorel.modelrepair.QModelFixer handleStep
INFO: Calculating new Q-value:
Old Q-value: 278.8966269681177
Alpha: 0.1775000000000001
Gamma: 1.0
Reward: 100
Next optimal action Q-value: 166.39217389711777
278.8966269681177 + 0.1775000000000001 * (100 + 1.0 * 166.39217389711777 - 278.8966269681177) = 276.6770865480152
apr. 11, 2020 3:55:16 P.M. hvl.projectparmorel.modelrepair.QModelFixer handleStep
INFO: Updated Q-table for error 27, context 0, action -969028598 setUpperBound to new weight 276.6770865480152


apr. 11, 2020 3:55:16 P.M. hvl.projectparmorel.modelrepair.QModelFixer handleEpisode
INFO: EPISODE 21, STEP 1, Fixing error 401: The typed element must have a type
apr. 11, 2020 3:55:16 P.M. hvl.projectparmorel.modelrepair.QModelFixer chooseAction
INFO: Choosing optimal action
apr. 11, 2020 3:55:16 P.M. hvl.projectparmorel.modelrepair.QModelFixer handleStep
INFO: Chose action setEType in context 0 with weight 166.39217389711777
apr. 11, 2020 3:55:16 P.M. hvl.projectparmorel.modelrepair.QModelFixer handleStep
INFO: Next error code: 401
apr. 11, 2020 3:55:16 P.M. hvl.projectparmorel.modelrepair.QModelFixer handleStep
INFO: Calculating new Q-value:
Old Q-value: 166.39217389711777
Alpha: 0.1775000000000001
Gamma: 1.0
Reward: 100
Next optimal action Q-value: 166.39217389711777
166.39217389711777 + 0.1775000000000001 * (100 + 1.0 * 166.39217389711777 - 166.39217389711777) = 184.1421738971178
apr. 11, 2020 3:55:16 P.M. hvl.projectparmorel.modelrepair.QModelFixer handleStep
INFO: Updated Q-table for error 401, context 0, action 591449609 setEType to new weight 184.1421738971178


apr. 11, 2020 3:55:16 P.M. hvl.projectparmorel.modelrepair.QModelFixer handleEpisode
INFO: EPISODE 21, STEP 2, Fixing error 401: The typed element must have a type
apr. 11, 2020 3:55:16 P.M. hvl.projectparmorel.modelrepair.QModelFixer chooseAction
INFO: Choosing optimal action
apr. 11, 2020 3:55:16 P.M. hvl.projectparmorel.modelrepair.QModelFixer handleStep
INFO: Chose action setEType in context 0 with weight 184.1421738971178
apr. 11, 2020 3:55:16 P.M. hvl.projectparmorel.modelrepair.QModelFixer handleStep
INFO: Calculating new Q-value:
Old Q-value: 184.1421738971178
Alpha: 0.1775000000000001

Reward: 100
184.1421738971178 + 0.1775000000000001 * (100 - 184.1421738971178) = 169.20693803037938
apr. 11, 2020 3:55:16 P.M. hvl.projectparmorel.modelrepair.QModelFixer handleStep
INFO: Updated Q-table for error 401, context 0, action 591449609 setEType to new weight 169.20693803037938
apr. 11, 2020 3:55:16 P.M. hvl.projectparmorel.modelrepair.QModelFixer handleEpisode
INFO: EPISODE 21 TOTAL REWARD 300



apr. 11, 2020 3:55:16 P.M. hvl.projectparmorel.modelrepair.QModelFixer handleEpisode
INFO: EPISODE 22, STEP 0, Fixing error 27: An operation with void return type must have an upper bound of 1 not −1
apr. 11, 2020 3:55:16 P.M. hvl.projectparmorel.modelrepair.QModelFixer chooseAction
INFO: Choosing optimal action
apr. 11, 2020 3:55:16 P.M. hvl.projectparmorel.modelrepair.QModelFixer handleStep
INFO: Chose action setUpperBound in context 0 with weight 276.6770865480152
apr. 11, 2020 3:55:16 P.M. hvl.projectparmorel.modelrepair.QModelFixer handleStep
INFO: Next error code: 401
apr. 11, 2020 3:55:16 P.M. hvl.projectparmorel.modelrepair.QModelFixer handleStep
INFO: Calculating new Q-value:
Old Q-value: 276.6770865480152
Alpha: 0.1383333333333333
Gamma: 1.0
Reward: 100
Next optimal action Q-value: 169.20693803037938
276.6770865480152 + 0.1383333333333333 * (100 + 1.0 * 169.20693803037938 - 276.6770865480152) = 275.6437160030756
apr. 11, 2020 3:55:16 P.M. hvl.projectparmorel.modelrepair.QModelFixer handleStep
INFO: Updated Q-table for error 27, context 0, action -969028598 setUpperBound to new weight 275.6437160030756


apr. 11, 2020 3:55:16 P.M. hvl.projectparmorel.modelrepair.QModelFixer handleEpisode
INFO: EPISODE 22, STEP 1, Fixing error 401: The typed element must have a type
apr. 11, 2020 3:55:16 P.M. hvl.projectparmorel.modelrepair.QModelFixer chooseAction
INFO: Choosing optimal action
apr. 11, 2020 3:55:16 P.M. hvl.projectparmorel.modelrepair.QModelFixer handleStep
INFO: Chose action setEType in context 0 with weight 169.20693803037938
apr. 11, 2020 3:55:16 P.M. hvl.projectparmorel.modelrepair.QModelFixer handleStep
INFO: Next error code: 401
apr. 11, 2020 3:55:16 P.M. hvl.projectparmorel.modelrepair.QModelFixer handleStep
INFO: Calculating new Q-value:
Old Q-value: 169.20693803037938
Alpha: 0.1383333333333333
Gamma: 1.0
Reward: 100
Next optimal action Q-value: 169.20693803037938
169.20693803037938 + 0.1383333333333333 * (100 + 1.0 * 169.20693803037938 - 169.20693803037938) = 183.04027136371272
apr. 11, 2020 3:55:16 P.M. hvl.projectparmorel.modelrepair.QModelFixer handleStep
INFO: Updated Q-table for error 401, context 0, action 591449609 setEType to new weight 183.04027136371272


apr. 11, 2020 3:55:16 P.M. hvl.projectparmorel.modelrepair.QModelFixer handleEpisode
INFO: EPISODE 22, STEP 2, Fixing error 401: The typed element must have a type
apr. 11, 2020 3:55:16 P.M. hvl.projectparmorel.modelrepair.QModelFixer chooseAction
INFO: Choosing optimal action
apr. 11, 2020 3:55:16 P.M. hvl.projectparmorel.modelrepair.QModelFixer handleStep
INFO: Chose action setEType in context 0 with weight 183.04027136371272
apr. 11, 2020 3:55:16 P.M. hvl.projectparmorel.modelrepair.QModelFixer handleStep
INFO: Calculating new Q-value:
Old Q-value: 183.04027136371272
Alpha: 0.1383333333333333

Reward: 100
183.04027136371272 + 0.1383333333333333 * (100 - 183.04027136371272) = 171.5530338250658
apr. 11, 2020 3:55:16 P.M. hvl.projectparmorel.modelrepair.QModelFixer handleStep
INFO: Updated Q-table for error 401, context 0, action 591449609 setEType to new weight 171.5530338250658
apr. 11, 2020 3:55:16 P.M. hvl.projectparmorel.modelrepair.QModelFixer handleEpisode
INFO: EPISODE 22 TOTAL REWARD 300



apr. 11, 2020 3:55:16 P.M. hvl.projectparmorel.modelrepair.QModelFixer handleEpisode
INFO: EPISODE 23, STEP 0, Fixing error 27: An operation with void return type must have an upper bound of 1 not −1
apr. 11, 2020 3:55:16 P.M. hvl.projectparmorel.modelrepair.QModelFixer chooseAction
INFO: Choosing optimal action
apr. 11, 2020 3:55:16 P.M. hvl.projectparmorel.modelrepair.QModelFixer handleStep
INFO: Chose action setUpperBound in context 0 with weight 275.6437160030756
apr. 11, 2020 3:55:17 P.M. hvl.projectparmorel.modelrepair.QModelFixer handleStep
INFO: Next error code: 401
apr. 11, 2020 3:55:17 P.M. hvl.projectparmorel.modelrepair.QModelFixer handleStep
INFO: Calculating new Q-value:
Old Q-value: 275.6437160030756
Alpha: 0.09916666666666674
Gamma: 1.0
Reward: 100
Next optimal action Q-value: 171.5530338250658
275.6437160030756 + 0.09916666666666674 * (100 + 1.0 * 171.5530338250658 - 275.6437160030756) = 275.2380566870896
apr. 11, 2020 3:55:17 P.M. hvl.projectparmorel.modelrepair.QModelFixer handleStep
INFO: Updated Q-table for error 27, context 0, action -969028598 setUpperBound to new weight 275.2380566870896


apr. 11, 2020 3:55:17 P.M. hvl.projectparmorel.modelrepair.QModelFixer handleEpisode
INFO: EPISODE 23, STEP 1, Fixing error 401: The typed element must have a type
apr. 11, 2020 3:55:17 P.M. hvl.projectparmorel.modelrepair.QModelFixer chooseAction
INFO: Choosing optimal action
apr. 11, 2020 3:55:17 P.M. hvl.projectparmorel.modelrepair.QModelFixer handleStep
INFO: Chose action setEType in context 0 with weight 171.5530338250658
apr. 11, 2020 3:55:17 P.M. hvl.projectparmorel.modelrepair.QModelFixer handleStep
INFO: Next error code: 401
apr. 11, 2020 3:55:17 P.M. hvl.projectparmorel.modelrepair.QModelFixer handleStep
INFO: Calculating new Q-value:
Old Q-value: 171.5530338250658
Alpha: 0.09916666666666674
Gamma: 1.0
Reward: 100
Next optimal action Q-value: 171.5530338250658
171.5530338250658 + 0.09916666666666674 * (100 + 1.0 * 171.5530338250658 - 171.5530338250658) = 181.46970049173245
apr. 11, 2020 3:55:17 P.M. hvl.projectparmorel.modelrepair.QModelFixer handleStep
INFO: Updated Q-table for error 401, context 0, action 591449609 setEType to new weight 181.46970049173245


apr. 11, 2020 3:55:17 P.M. hvl.projectparmorel.modelrepair.QModelFixer handleEpisode
INFO: EPISODE 23, STEP 2, Fixing error 401: The typed element must have a type
apr. 11, 2020 3:55:17 P.M. hvl.projectparmorel.modelrepair.QModelFixer chooseAction
INFO: Choosing optimal action
apr. 11, 2020 3:55:17 P.M. hvl.projectparmorel.modelrepair.QModelFixer handleStep
INFO: Chose action setEType in context 0 with weight 181.46970049173245
apr. 11, 2020 3:55:17 P.M. hvl.projectparmorel.modelrepair.QModelFixer handleStep
INFO: Calculating new Q-value:
Old Q-value: 181.46970049173245
Alpha: 0.09916666666666674

Reward: 100
181.46970049173245 + 0.09916666666666674 * (100 - 181.46970049173245) = 173.39062185963564
apr. 11, 2020 3:55:17 P.M. hvl.projectparmorel.modelrepair.QModelFixer handleStep
INFO: Updated Q-table for error 401, context 0, action 591449609 setEType to new weight 173.39062185963564
apr. 11, 2020 3:55:17 P.M. hvl.projectparmorel.modelrepair.QModelFixer handleEpisode
INFO: EPISODE 23 TOTAL REWARD 300



apr. 11, 2020 3:55:17 P.M. hvl.projectparmorel.modelrepair.QModelFixer handleEpisode
INFO: EPISODE 24, STEP 0, Fixing error 27: An operation with void return type must have an upper bound of 1 not −1
apr. 11, 2020 3:55:17 P.M. hvl.projectparmorel.modelrepair.QModelFixer chooseAction
INFO: Choosing optimal action
apr. 11, 2020 3:55:17 P.M. hvl.projectparmorel.modelrepair.QModelFixer handleStep
INFO: Chose action setUpperBound in context 0 with weight 275.2380566870896
apr. 11, 2020 3:55:17 P.M. hvl.projectparmorel.modelrepair.QModelFixer handleStep
INFO: Next error code: 401
apr. 11, 2020 3:55:17 P.M. hvl.projectparmorel.modelrepair.QModelFixer handleStep
INFO: Calculating new Q-value:
Old Q-value: 275.2380566870896
Alpha: 0.06000000000000005
Gamma: 1.0
Reward: 100
Next optimal action Q-value: 173.39062185963564
275.2380566870896 + 0.06000000000000005 * (100 + 1.0 * 173.39062185963564 - 275.2380566870896) = 275.1272105974424
apr. 11, 2020 3:55:17 P.M. hvl.projectparmorel.modelrepair.QModelFixer handleStep
INFO: Updated Q-table for error 27, context 0, action -969028598 setUpperBound to new weight 275.1272105974424


apr. 11, 2020 3:55:17 P.M. hvl.projectparmorel.modelrepair.QModelFixer handleEpisode
INFO: EPISODE 24, STEP 1, Fixing error 401: The typed element must have a type
apr. 11, 2020 3:55:17 P.M. hvl.projectparmorel.modelrepair.QModelFixer chooseAction
INFO: Choosing optimal action
apr. 11, 2020 3:55:17 P.M. hvl.projectparmorel.modelrepair.QModelFixer handleStep
INFO: Chose action setEType in context 0 with weight 173.39062185963564
apr. 11, 2020 3:55:17 P.M. hvl.projectparmorel.modelrepair.QModelFixer handleStep
INFO: Next error code: 401
apr. 11, 2020 3:55:17 P.M. hvl.projectparmorel.modelrepair.QModelFixer handleStep
INFO: Calculating new Q-value:
Old Q-value: 173.39062185963564
Alpha: 0.06000000000000005
Gamma: 1.0
Reward: 100
Next optimal action Q-value: 173.39062185963564
173.39062185963564 + 0.06000000000000005 * (100 + 1.0 * 173.39062185963564 - 173.39062185963564) = 179.39062185963564
apr. 11, 2020 3:55:17 P.M. hvl.projectparmorel.modelrepair.QModelFixer handleStep
INFO: Updated Q-table for error 401, context 0, action 591449609 setEType to new weight 179.39062185963564


apr. 11, 2020 3:55:17 P.M. hvl.projectparmorel.modelrepair.QModelFixer handleEpisode
INFO: EPISODE 24, STEP 2, Fixing error 401: The typed element must have a type
apr. 11, 2020 3:55:17 P.M. hvl.projectparmorel.modelrepair.QModelFixer chooseAction
INFO: Choosing optimal action
apr. 11, 2020 3:55:17 P.M. hvl.projectparmorel.modelrepair.QModelFixer handleStep
INFO: Chose action setEType in context 0 with weight 179.39062185963564
apr. 11, 2020 3:55:17 P.M. hvl.projectparmorel.modelrepair.QModelFixer handleStep
INFO: Calculating new Q-value:
Old Q-value: 179.39062185963564
Alpha: 0.06000000000000005

Reward: 100
179.39062185963564 + 0.06000000000000005 * (100 - 179.39062185963564) = 174.6271845480575
apr. 11, 2020 3:55:17 P.M. hvl.projectparmorel.modelrepair.QModelFixer handleStep
INFO: Updated Q-table for error 401, context 0, action 591449609 setEType to new weight 174.6271845480575
apr. 11, 2020 3:55:17 P.M. hvl.projectparmorel.modelrepair.QModelFixer handleEpisode
INFO: EPISODE 24 TOTAL REWARD 300



apr. 11, 2020 3:55:17 P.M. hvl.projectparmorel.modelrepair.QModelFixer fixModel
INFO: Time repairing model: 5155 ms
apr. 11, 2020 3:55:17 P.M. hvl.projectparmorel.modelrepair.QModelFixer fixModel
INFO: 
-----------------ALL SEQUENCES FOUND-------------------
SIZE: 23
DISCARDED SEQUENCES: 2
--------::::B E S T   S E Q U E N C E   I S::::---------
Sequence [id=0, seq=[ErrorAction [Error: 27 An operation with void return type must have an upper bound of 1 not −1, Action: setUpperBound, Error hierarchy: 0]
, ErrorAction [Error: 401 The typed element must have a type, Action: setEType, Error hierarchy: 0]
, ErrorAction [Error: 401 The typed element must have a type, Action: setEType, Error hierarchy: 0]
], weight=300.0]

 with 3 actions.
apr. 11, 2020 3:55:17 P.M. hvl.projectparmorel.knowledge.Knowledge save
INFO: Saving initialized
apr. 11, 2020 3:55:17 P.M. hvl.projectparmorel.knowledge.Knowledge save
INFO: document prepared
apr. 11, 2020 3:55:17 P.M. hvl.projectparmorel.knowledge.Knowledge save
INFO: Saving completed to /Users/Magnus/Skole/DAT300/EclipseWorkspace2/ParmorelRunnable/knowledge.xml
apr. 11, 2020 3:55:17 P.M. hvl.projectparmorel.knowledge.Knowledge save
INFO: Saving initialized
apr. 11, 2020 3:55:17 P.M. hvl.projectparmorel.knowledge.Knowledge save
INFO: document prepared
apr. 11, 2020 3:55:17 P.M. hvl.projectparmorel.knowledge.Knowledge save
INFO: Saving completed to /Users/Magnus/Skole/DAT300/EclipseWorkspace2/ParmorelRunnable/knowledge.xml
