mai 07, 2020 7:19:25 P.M. no.hvl.projectparmorel.qlearning.QModelFixer fixModel
INFO: Repairing rom.ecore
mai 07, 2020 7:19:25 P.M. no.hvl.projectparmorel.qlearning.QModelFixer fixModel
INFO: Running with preferences [PREFER_CLOSE_DISTANCE_TO_ORIGINAL, PREFER_UNDERSTANDABILITY]
mai 07, 2020 7:19:25 P.M. no.hvl.projectparmorel.qlearning.QModelFixer fixModel
INFO: Initial number of errors in model: 2
Maximum number of steps per episode: 12
Errors to fix: [Error 38, message=The default value literal '' must be a valid literal of the attribute's type in package 0
, Error 50, message=A containment or bidirectional reference must be unique if its upper bound is different from 1 in package 0
]
mai 07, 2020 7:19:25 P.M. no.hvl.projectparmorel.qlearning.QModelFixer fixModel
INFO: Initializing Q-table for the errors.
mai 07, 2020 7:19:25 P.M. no.hvl.projectparmorel.qlearning.QModelFixer fixModel
INFO: Number of episodes: 25
mai 07, 2020 7:19:25 P.M. no.hvl.projectparmorel.qlearning.QModelFixer handleEpisode
INFO: EPISODE 0, STEP 0, Fixing error 38: The default value literal '' must be a valid literal of the attribute's type
mai 07, 2020 7:19:25 P.M. no.hvl.projectparmorel.qlearning.QModelFixer chooseAction
INFO: Choosing optimal action
mai 07, 2020 7:19:25 P.M. no.hvl.projectparmorel.qlearning.QModelFixer handleStep
INFO: Chose action setDefaultValueLiteralGen in context 0 with weight 397.8709676
mai 07, 2020 7:19:25 P.M. no.hvl.projectparmorel.qlearning.QModelFixer handleStep
INFO: Next error code: 50
mai 07, 2020 7:19:25 P.M. no.hvl.projectparmorel.qlearning.QModelFixer handleStep
INFO: Calculating new Q-value:
Old Q-value: 397.8709676
Alpha: 1.0
Gamma: 1.0
Reward: -2
Next optimal action Q-value: 697.875
397.8709676 + 1.0 * (-2 + 1.0 * 697.875 - 397.8709676) = 695.875
mai 07, 2020 7:19:25 P.M. no.hvl.projectparmorel.qlearning.QModelFixer handleStep
INFO: Updated Q-table for error 38, context 0, action -2078906332 setDefaultValueLiteralGen to new weight 695.875


mai 07, 2020 7:19:25 P.M. no.hvl.projectparmorel.qlearning.QModelFixer handleEpisode
INFO: EPISODE 0, STEP 1, Fixing error 50: A containment or bidirectional reference must be unique if its upper bound is different from 1
mai 07, 2020 7:19:25 P.M. no.hvl.projectparmorel.qlearning.QModelFixer chooseAction
INFO: Choosing optimal action
mai 07, 2020 7:19:25 P.M. no.hvl.projectparmorel.qlearning.QModelFixer handleStep
INFO: Chose action setContainmentGen in context 0 with weight 697.875
mai 07, 2020 7:19:25 P.M. no.hvl.projectparmorel.qlearning.QModelFixer updateQTable
INFO: Calculating new Q-value:
Old Q-value: 697.875
Alpha: 1.0
Gamma:1.0

Reward: -2
697.875 + 1.0 * (-2 + 1.0 - 697.875) = -1.0
mai 07, 2020 7:19:25 P.M. no.hvl.projectparmorel.qlearning.QModelFixer updateQTable
INFO: Updated Q-table for error 50, context 0, action 1062131977 to new weight -1.0
mai 07, 2020 7:19:26 P.M. no.hvl.projectparmorel.qlearning.ecore.EcoreSolution calculateDistanceFromOriginal
INFO: Calculated the distance between the models to -33.0
mai 07, 2020 7:19:26 P.M. no.hvl.projectparmorel.qlearning.reward.PreferCloseDinstanceToOriginalPreference rewardcalculateRewardFor
INFO: Time to measure distance: 274 ms
mai 07, 2020 7:19:26 P.M. no.hvl.projectparmorel.qlearning.QModelFixer updateQTable
INFO: Calculating new Q-value:
Old Q-value: 695.875
Alpha: 1.0
Gamma:1.0

Reward: -33
695.875 + 1.0 * (-33 + 1.0 - 695.875) = -32.0
mai 07, 2020 7:19:26 P.M. no.hvl.projectparmorel.qlearning.QModelFixer updateQTable
INFO: Updated Q-table for error 38, context 0, action -2078906332 to new weight -32.0
mai 07, 2020 7:19:26 P.M. no.hvl.projectparmorel.qlearning.QModelFixer updateQTable
INFO: Calculating new Q-value:
Old Q-value: -1.0
Alpha: 1.0
Gamma:1.0

Reward: -33
-1.0 + 1.0 * (-33 + 1.0 - -1.0) = -32.0
mai 07, 2020 7:19:26 P.M. no.hvl.projectparmorel.qlearning.QModelFixer updateQTable
INFO: Updated Q-table for error 50, context 0, action 1062131977 to new weight -32.0
mai 07, 2020 7:19:27 P.M. no.hvl.projectparmorel.qlearning.reward.PreferUnderstandability rewardcalculateRewardFor
INFO: Understandability of the metamodel: 1.2
Time to get metric: 858 ms
mai 07, 2020 7:19:27 P.M. no.hvl.projectparmorel.qlearning.QModelFixer fixModel
INFO: Solution added to possible solitons: [ErrorAction [Error: 38 The default value literal '' must be a valid literal of the attribute's type, Action: setDefaultValueLiteralGen, Error hierarchy: 0]
, ErrorAction [Error: 50 A containment or bidirectional reference must be unique if its upper bound is different from 1, Action: setContainmentGen, Error hierarchy: 0]
]
mai 07, 2020 7:19:27 P.M. no.hvl.projectparmorel.qlearning.QModelFixer fixModel
INFO: EPISODE 0 TOTAL REWARD 127.0



mai 07, 2020 7:19:27 P.M. no.hvl.projectparmorel.qlearning.QModelFixer handleEpisode
INFO: EPISODE 1, STEP 0, Fixing error 38: The default value literal '' must be a valid literal of the attribute's type
mai 07, 2020 7:19:27 P.M. no.hvl.projectparmorel.qlearning.QModelFixer chooseAction
INFO: Choosing optimal action
mai 07, 2020 7:19:27 P.M. no.hvl.projectparmorel.qlearning.QModelFixer handleStep
INFO: Chose action setDefaultValueLiteralGen in context 0 with weight 98.8
mai 07, 2020 7:19:27 P.M. no.hvl.projectparmorel.qlearning.QModelFixer handleStep
INFO: Next error code: 50
mai 07, 2020 7:19:27 P.M. no.hvl.projectparmorel.qlearning.QModelFixer handleStep
INFO: Calculating new Q-value:
Old Q-value: 98.8
Alpha: 1.0
Gamma: 1.0
Reward: -2
Next optimal action Q-value: 98.8
98.8 + 1.0 * (-2 + 1.0 * 98.8 - 98.8) = 96.8
mai 07, 2020 7:19:27 P.M. no.hvl.projectparmorel.qlearning.QModelFixer handleStep
INFO: Updated Q-table for error 38, context 0, action -2078906332 setDefaultValueLiteralGen to new weight 96.8


mai 07, 2020 7:19:27 P.M. no.hvl.projectparmorel.qlearning.QModelFixer handleEpisode
INFO: EPISODE 1, STEP 1, Fixing error 50: A containment or bidirectional reference must be unique if its upper bound is different from 1
mai 07, 2020 7:19:27 P.M. no.hvl.projectparmorel.qlearning.QModelFixer chooseAction
INFO: Choosing optimal action
mai 07, 2020 7:19:27 P.M. no.hvl.projectparmorel.qlearning.QModelFixer handleStep
INFO: Chose action setContainmentGen in context 0 with weight 98.8
mai 07, 2020 7:19:27 P.M. no.hvl.projectparmorel.qlearning.QModelFixer updateQTable
INFO: Calculating new Q-value:
Old Q-value: 98.8
Alpha: 1.0
Gamma:1.0

Reward: -2
98.8 + 1.0 * (-2 + 1.0 - 98.8) = -1.0
mai 07, 2020 7:19:27 P.M. no.hvl.projectparmorel.qlearning.QModelFixer updateQTable
INFO: Updated Q-table for error 50, context 0, action 1062131977 to new weight -1.0
mai 07, 2020 7:19:27 P.M. no.hvl.projectparmorel.qlearning.ecore.EcoreSolution calculateDistanceFromOriginal
INFO: Calculated the distance between the models to -33.0
mai 07, 2020 7:19:27 P.M. no.hvl.projectparmorel.qlearning.reward.PreferCloseDinstanceToOriginalPreference rewardcalculateRewardFor
INFO: Time to measure distance: 274 ms
mai 07, 2020 7:19:27 P.M. no.hvl.projectparmorel.qlearning.QModelFixer updateQTable
INFO: Calculating new Q-value:
Old Q-value: 96.8
Alpha: 1.0
Gamma:1.0

Reward: -33
96.8 + 1.0 * (-33 + 1.0 - 96.8) = -32.000000000000014
mai 07, 2020 7:19:27 P.M. no.hvl.projectparmorel.qlearning.QModelFixer updateQTable
INFO: Updated Q-table for error 38, context 0, action -2078906332 to new weight -32.000000000000014
mai 07, 2020 7:19:27 P.M. no.hvl.projectparmorel.qlearning.QModelFixer updateQTable
INFO: Calculating new Q-value:
Old Q-value: -1.0
Alpha: 1.0
Gamma:1.0

Reward: -33
-1.0 + 1.0 * (-33 + 1.0 - -1.0) = -32.0
mai 07, 2020 7:19:27 P.M. no.hvl.projectparmorel.qlearning.QModelFixer updateQTable
INFO: Updated Q-table for error 50, context 0, action 1062131977 to new weight -32.0
mai 07, 2020 7:19:28 P.M. no.hvl.projectparmorel.qlearning.reward.PreferUnderstandability rewardcalculateRewardFor
INFO: Understandability of the metamodel: 1.2
Time to get metric: 824 ms
mai 07, 2020 7:19:28 P.M. no.hvl.projectparmorel.qlearning.QModelFixer isUnique
INFO: Solution [ErrorAction [Error: 38 The default value literal '' must be a valid literal of the attribute's type, Action: setDefaultValueLiteralGen, Error hierarchy: 0]
, ErrorAction [Error: 50 A containment or bidirectional reference must be unique if its upper bound is different from 1, Action: setContainmentGen, Error hierarchy: 0]
] already exists.
mai 07, 2020 7:19:28 P.M. no.hvl.projectparmorel.qlearning.QModelFixer fixModel
INFO: Solution discarded.
mai 07, 2020 7:19:28 P.M. no.hvl.projectparmorel.qlearning.QModelFixer fixModel
INFO: EPISODE 1 TOTAL REWARD 127.0



mai 07, 2020 7:19:28 P.M. no.hvl.projectparmorel.qlearning.QModelFixer handleEpisode
INFO: EPISODE 2, STEP 0, Fixing error 38: The default value literal '' must be a valid literal of the attribute's type
mai 07, 2020 7:19:28 P.M. no.hvl.projectparmorel.qlearning.QModelFixer chooseAction
INFO: Choosing random action.
mai 07, 2020 7:19:28 P.M. no.hvl.projectparmorel.qlearning.QModelFixer handleStep
INFO: Chose action setDefaultValueLiteral in context 0 with weight 97.8709676
mai 07, 2020 7:19:28 P.M. no.hvl.projectparmorel.qlearning.QModelFixer handleStep
INFO: Next error code: 50
mai 07, 2020 7:19:28 P.M. no.hvl.projectparmorel.qlearning.QModelFixer handleStep
INFO: Calculating new Q-value:
Old Q-value: 97.8709676
Alpha: 1.0
Gamma: 1.0
Reward: -2
Next optimal action Q-value: 98.8
97.8709676 + 1.0 * (-2 + 1.0 * 98.8 - 97.8709676) = 96.8
mai 07, 2020 7:19:28 P.M. no.hvl.projectparmorel.qlearning.QModelFixer handleStep
INFO: Updated Q-table for error 38, context 0, action 1999964618 setDefaultValueLiteral to new weight 96.8


mai 07, 2020 7:19:28 P.M. no.hvl.projectparmorel.qlearning.QModelFixer handleEpisode
INFO: EPISODE 2, STEP 1, Fixing error 50: A containment or bidirectional reference must be unique if its upper bound is different from 1
mai 07, 2020 7:19:28 P.M. no.hvl.projectparmorel.qlearning.QModelFixer chooseAction
INFO: Choosing optimal action
mai 07, 2020 7:19:28 P.M. no.hvl.projectparmorel.qlearning.QModelFixer handleStep
INFO: Chose action setContainmentGen in context 0 with weight 98.8
mai 07, 2020 7:19:28 P.M. no.hvl.projectparmorel.qlearning.QModelFixer updateQTable
INFO: Calculating new Q-value:
Old Q-value: 98.8
Alpha: 1.0
Gamma:1.0

Reward: -2
98.8 + 1.0 * (-2 + 1.0 - 98.8) = -1.0
mai 07, 2020 7:19:28 P.M. no.hvl.projectparmorel.qlearning.QModelFixer updateQTable
INFO: Updated Q-table for error 50, context 0, action 1062131977 to new weight -1.0
mai 07, 2020 7:19:28 P.M. no.hvl.projectparmorel.qlearning.ecore.EcoreSolution calculateDistanceFromOriginal
INFO: Calculated the distance between the models to -33.0
mai 07, 2020 7:19:28 P.M. no.hvl.projectparmorel.qlearning.reward.PreferCloseDinstanceToOriginalPreference rewardcalculateRewardFor
INFO: Time to measure distance: 264 ms
mai 07, 2020 7:19:28 P.M. no.hvl.projectparmorel.qlearning.QModelFixer updateQTable
INFO: Calculating new Q-value:
Old Q-value: 96.8
Alpha: 1.0
Gamma:1.0

Reward: -33
96.8 + 1.0 * (-33 + 1.0 - 96.8) = -32.000000000000014
mai 07, 2020 7:19:28 P.M. no.hvl.projectparmorel.qlearning.QModelFixer updateQTable
INFO: Updated Q-table for error 38, context 0, action 1999964618 to new weight -32.000000000000014
mai 07, 2020 7:19:28 P.M. no.hvl.projectparmorel.qlearning.QModelFixer updateQTable
INFO: Calculating new Q-value:
Old Q-value: -1.0
Alpha: 1.0
Gamma:1.0

Reward: -33
-1.0 + 1.0 * (-33 + 1.0 - -1.0) = -32.0
mai 07, 2020 7:19:28 P.M. no.hvl.projectparmorel.qlearning.QModelFixer updateQTable
INFO: Updated Q-table for error 50, context 0, action 1062131977 to new weight -32.0
mai 07, 2020 7:19:29 P.M. no.hvl.projectparmorel.qlearning.reward.PreferUnderstandability rewardcalculateRewardFor
INFO: Understandability of the metamodel: 1.2
Time to get metric: 920 ms
mai 07, 2020 7:19:29 P.M. no.hvl.projectparmorel.qlearning.QModelFixer fixModel
INFO: Solution added to possible solitons: [ErrorAction [Error: 38 The default value literal '' must be a valid literal of the attribute's type, Action: setDefaultValueLiteral, Error hierarchy: 0]
, ErrorAction [Error: 50 A containment or bidirectional reference must be unique if its upper bound is different from 1, Action: setContainmentGen, Error hierarchy: 0]
]
mai 07, 2020 7:19:29 P.M. no.hvl.projectparmorel.qlearning.QModelFixer fixModel
INFO: EPISODE 2 TOTAL REWARD 127.0



mai 07, 2020 7:19:29 P.M. no.hvl.projectparmorel.qlearning.QModelFixer handleEpisode
INFO: EPISODE 3, STEP 0, Fixing error 38: The default value literal '' must be a valid literal of the attribute's type
mai 07, 2020 7:19:29 P.M. no.hvl.projectparmorel.qlearning.QModelFixer chooseAction
INFO: Choosing random action.
mai 07, 2020 7:19:29 P.M. no.hvl.projectparmorel.qlearning.QModelFixer handleStep
INFO: Chose action delete in context 0 with weight 97.3333333
mai 07, 2020 7:19:33 P.M. no.hvl.projectparmorel.qlearning.QModelFixer handleStep
INFO: Next error code: 50
mai 07, 2020 7:19:33 P.M. no.hvl.projectparmorel.qlearning.QModelFixer handleStep
INFO: Calculating new Q-value:
Old Q-value: 97.3333333
Alpha: 1.0
Gamma: 1.0
Reward: -2
Next optimal action Q-value: 98.8
97.3333333 + 1.0 * (-2 + 1.0 * 98.8 - 97.3333333) = 96.8
mai 07, 2020 7:19:33 P.M. no.hvl.projectparmorel.qlearning.QModelFixer handleStep
INFO: Updated Q-table for error 38, context 0, action 99999 delete to new weight 96.8


mai 07, 2020 7:19:33 P.M. no.hvl.projectparmorel.qlearning.QModelFixer handleEpisode
INFO: EPISODE 3, STEP 1, Fixing error 50: A containment or bidirectional reference must be unique if its upper bound is different from 1
mai 07, 2020 7:19:33 P.M. no.hvl.projectparmorel.qlearning.QModelFixer chooseAction
INFO: Choosing optimal action
mai 07, 2020 7:19:33 P.M. no.hvl.projectparmorel.qlearning.QModelFixer handleStep
INFO: Chose action setContainmentGen in context 0 with weight 98.8
mai 07, 2020 7:19:33 P.M. no.hvl.projectparmorel.qlearning.QModelFixer updateQTable
INFO: Calculating new Q-value:
Old Q-value: 98.8
Alpha: 1.0
Gamma:1.0

Reward: -2
98.8 + 1.0 * (-2 + 1.0 - 98.8) = -1.0
mai 07, 2020 7:19:33 P.M. no.hvl.projectparmorel.qlearning.QModelFixer updateQTable
INFO: Updated Q-table for error 50, context 0, action 1062131977 to new weight -1.0
mai 07, 2020 7:19:33 P.M. no.hvl.projectparmorel.qlearning.ecore.EcoreSolution calculateDistanceFromOriginal
INFO: Calculated the distance between the models to -34.0
mai 07, 2020 7:19:33 P.M. no.hvl.projectparmorel.qlearning.reward.PreferCloseDinstanceToOriginalPreference rewardcalculateRewardFor
INFO: Time to measure distance: 246 ms
mai 07, 2020 7:19:33 P.M. no.hvl.projectparmorel.qlearning.QModelFixer updateQTable
INFO: Calculating new Q-value:
Old Q-value: 96.8
Alpha: 1.0
Gamma:1.0

Reward: -34
96.8 + 1.0 * (-34 + 1.0 - 96.8) = -33.000000000000014
mai 07, 2020 7:19:33 P.M. no.hvl.projectparmorel.qlearning.QModelFixer updateQTable
INFO: Updated Q-table for error 38, context 0, action 99999 to new weight -33.000000000000014
mai 07, 2020 7:19:33 P.M. no.hvl.projectparmorel.qlearning.QModelFixer updateQTable
INFO: Calculating new Q-value:
Old Q-value: -1.0
Alpha: 1.0
Gamma:1.0

Reward: -34
-1.0 + 1.0 * (-34 + 1.0 - -1.0) = -33.0
mai 07, 2020 7:19:33 P.M. no.hvl.projectparmorel.qlearning.QModelFixer updateQTable
INFO: Updated Q-table for error 50, context 0, action 1062131977 to new weight -33.0
mai 07, 2020 7:19:34 P.M. no.hvl.projectparmorel.qlearning.reward.PreferUnderstandability rewardcalculateRewardFor
INFO: Understandability of the metamodel: 1.2
Time to get metric: 779 ms
mai 07, 2020 7:19:34 P.M. no.hvl.projectparmorel.qlearning.QModelFixer fixModel
INFO: Solution added to possible solitons: [ErrorAction [Error: 38 The default value literal '' must be a valid literal of the attribute's type, Action: delete, Error hierarchy: 0]
, ErrorAction [Error: 50 A containment or bidirectional reference must be unique if its upper bound is different from 1, Action: setContainmentGen, Error hierarchy: 0]
]
mai 07, 2020 7:19:34 P.M. no.hvl.projectparmorel.qlearning.QModelFixer fixModel
INFO: EPISODE 3 TOTAL REWARD 125.0



mai 07, 2020 7:19:34 P.M. no.hvl.projectparmorel.qlearning.QModelFixer handleEpisode
INFO: EPISODE 4, STEP 0, Fixing error 38: The default value literal '' must be a valid literal of the attribute's type
mai 07, 2020 7:19:34 P.M. no.hvl.projectparmorel.qlearning.QModelFixer chooseAction
INFO: Choosing optimal action
mai 07, 2020 7:19:34 P.M. no.hvl.projectparmorel.qlearning.QModelFixer handleStep
INFO: Chose action setDefaultValueLiteralGen in context 0 with weight 98.8
mai 07, 2020 7:19:34 P.M. no.hvl.projectparmorel.qlearning.QModelFixer handleStep
INFO: Next error code: 50
mai 07, 2020 7:19:34 P.M. no.hvl.projectparmorel.qlearning.QModelFixer handleStep
INFO: Calculating new Q-value:
Old Q-value: 98.8
Alpha: 1.0
Gamma: 1.0
Reward: -2
Next optimal action Q-value: 98.8
98.8 + 1.0 * (-2 + 1.0 * 98.8 - 98.8) = 96.8
mai 07, 2020 7:19:34 P.M. no.hvl.projectparmorel.qlearning.QModelFixer handleStep
INFO: Updated Q-table for error 38, context 0, action -2078906332 setDefaultValueLiteralGen to new weight 96.8


mai 07, 2020 7:19:34 P.M. no.hvl.projectparmorel.qlearning.QModelFixer handleEpisode
INFO: EPISODE 4, STEP 1, Fixing error 50: A containment or bidirectional reference must be unique if its upper bound is different from 1
mai 07, 2020 7:19:34 P.M. no.hvl.projectparmorel.qlearning.QModelFixer chooseAction
INFO: Choosing optimal action
mai 07, 2020 7:19:34 P.M. no.hvl.projectparmorel.qlearning.QModelFixer handleStep
INFO: Chose action setContainmentGen in context 0 with weight 98.8
mai 07, 2020 7:19:34 P.M. no.hvl.projectparmorel.qlearning.QModelFixer updateQTable
INFO: Calculating new Q-value:
Old Q-value: 98.8
Alpha: 1.0
Gamma:1.0

Reward: -2
98.8 + 1.0 * (-2 + 1.0 - 98.8) = -1.0
mai 07, 2020 7:19:34 P.M. no.hvl.projectparmorel.qlearning.QModelFixer updateQTable
INFO: Updated Q-table for error 50, context 0, action 1062131977 to new weight -1.0
mai 07, 2020 7:19:35 P.M. no.hvl.projectparmorel.qlearning.ecore.EcoreSolution calculateDistanceFromOriginal
INFO: Calculated the distance between the models to -33.0
mai 07, 2020 7:19:35 P.M. no.hvl.projectparmorel.qlearning.reward.PreferCloseDinstanceToOriginalPreference rewardcalculateRewardFor
INFO: Time to measure distance: 274 ms
mai 07, 2020 7:19:35 P.M. no.hvl.projectparmorel.qlearning.QModelFixer updateQTable
INFO: Calculating new Q-value:
Old Q-value: 96.8
Alpha: 1.0
Gamma:1.0

Reward: -33
96.8 + 1.0 * (-33 + 1.0 - 96.8) = -32.000000000000014
mai 07, 2020 7:19:35 P.M. no.hvl.projectparmorel.qlearning.QModelFixer updateQTable
INFO: Updated Q-table for error 38, context 0, action -2078906332 to new weight -32.000000000000014
mai 07, 2020 7:19:35 P.M. no.hvl.projectparmorel.qlearning.QModelFixer updateQTable
INFO: Calculating new Q-value:
Old Q-value: -1.0
Alpha: 1.0
Gamma:1.0

Reward: -33
-1.0 + 1.0 * (-33 + 1.0 - -1.0) = -32.0
mai 07, 2020 7:19:35 P.M. no.hvl.projectparmorel.qlearning.QModelFixer updateQTable
INFO: Updated Q-table for error 50, context 0, action 1062131977 to new weight -32.0
mai 07, 2020 7:19:35 P.M. no.hvl.projectparmorel.qlearning.reward.PreferUnderstandability rewardcalculateRewardFor
INFO: Understandability of the metamodel: 1.2
Time to get metric: 848 ms
mai 07, 2020 7:19:35 P.M. no.hvl.projectparmorel.qlearning.QModelFixer isUnique
INFO: Solution [ErrorAction [Error: 38 The default value literal '' must be a valid literal of the attribute's type, Action: setDefaultValueLiteralGen, Error hierarchy: 0]
, ErrorAction [Error: 50 A containment or bidirectional reference must be unique if its upper bound is different from 1, Action: setContainmentGen, Error hierarchy: 0]
] already exists.
mai 07, 2020 7:19:35 P.M. no.hvl.projectparmorel.qlearning.QModelFixer fixModel
INFO: Solution discarded.
mai 07, 2020 7:19:35 P.M. no.hvl.projectparmorel.qlearning.QModelFixer fixModel
INFO: EPISODE 4 TOTAL REWARD 127.0



mai 07, 2020 7:19:35 P.M. no.hvl.projectparmorel.qlearning.QModelFixer handleEpisode
INFO: EPISODE 5, STEP 0, Fixing error 38: The default value literal '' must be a valid literal of the attribute's type
mai 07, 2020 7:19:35 P.M. no.hvl.projectparmorel.qlearning.QModelFixer chooseAction
INFO: Choosing optimal action
mai 07, 2020 7:19:35 P.M. no.hvl.projectparmorel.qlearning.QModelFixer handleStep
INFO: Chose action setDefaultValueLiteralGen in context 0 with weight 98.8
mai 07, 2020 7:19:36 P.M. no.hvl.projectparmorel.qlearning.QModelFixer handleStep
INFO: Next error code: 50
mai 07, 2020 7:19:36 P.M. no.hvl.projectparmorel.qlearning.QModelFixer handleStep
INFO: Calculating new Q-value:
Old Q-value: 98.8
Alpha: 1.0
Gamma: 1.0
Reward: -2
Next optimal action Q-value: 98.8
98.8 + 1.0 * (-2 + 1.0 * 98.8 - 98.8) = 96.8
mai 07, 2020 7:19:36 P.M. no.hvl.projectparmorel.qlearning.QModelFixer handleStep
INFO: Updated Q-table for error 38, context 0, action -2078906332 setDefaultValueLiteralGen to new weight 96.8


mai 07, 2020 7:19:36 P.M. no.hvl.projectparmorel.qlearning.QModelFixer handleEpisode
INFO: EPISODE 5, STEP 1, Fixing error 50: A containment or bidirectional reference must be unique if its upper bound is different from 1
mai 07, 2020 7:19:36 P.M. no.hvl.projectparmorel.qlearning.QModelFixer chooseAction
INFO: Choosing random action.
mai 07, 2020 7:19:36 P.M. no.hvl.projectparmorel.qlearning.QModelFixer handleStep
INFO: Chose action setContainment in context 0 with weight 97.875
mai 07, 2020 7:19:36 P.M. no.hvl.projectparmorel.qlearning.QModelFixer updateQTable
INFO: Calculating new Q-value:
Old Q-value: 97.875
Alpha: 1.0
Gamma:1.0

Reward: -2
97.875 + 1.0 * (-2 + 1.0 - 97.875) = -1.0
mai 07, 2020 7:19:36 P.M. no.hvl.projectparmorel.qlearning.QModelFixer updateQTable
INFO: Updated Q-table for error 50, context 0, action 951444921 to new weight -1.0
mai 07, 2020 7:19:36 P.M. no.hvl.projectparmorel.qlearning.ecore.EcoreSolution calculateDistanceFromOriginal
INFO: Calculated the distance between the models to -17.0
mai 07, 2020 7:19:36 P.M. no.hvl.projectparmorel.qlearning.reward.PreferCloseDinstanceToOriginalPreference rewardcalculateRewardFor
INFO: Time to measure distance: 390 ms
mai 07, 2020 7:19:36 P.M. no.hvl.projectparmorel.qlearning.QModelFixer updateQTable
INFO: Calculating new Q-value:
Old Q-value: 96.8
Alpha: 1.0
Gamma:1.0

Reward: -17
96.8 + 1.0 * (-17 + 1.0 - 96.8) = -16.0
mai 07, 2020 7:19:36 P.M. no.hvl.projectparmorel.qlearning.QModelFixer updateQTable
INFO: Updated Q-table for error 38, context 0, action -2078906332 to new weight -16.0
mai 07, 2020 7:19:36 P.M. no.hvl.projectparmorel.qlearning.QModelFixer updateQTable
INFO: Calculating new Q-value:
Old Q-value: -1.0
Alpha: 1.0
Gamma:1.0

Reward: -17
-1.0 + 1.0 * (-17 + 1.0 - -1.0) = -16.0
mai 07, 2020 7:19:36 P.M. no.hvl.projectparmorel.qlearning.QModelFixer updateQTable
INFO: Updated Q-table for error 50, context 0, action 951444921 to new weight -16.0
mai 07, 2020 7:19:37 P.M. no.hvl.projectparmorel.qlearning.reward.PreferUnderstandability rewardcalculateRewardFor
INFO: Understandability of the metamodel: 1.2
Time to get metric: 985 ms
mai 07, 2020 7:19:37 P.M. no.hvl.projectparmorel.qlearning.QModelFixer fixModel
INFO: Solution added to possible solitons: [ErrorAction [Error: 38 The default value literal '' must be a valid literal of the attribute's type, Action: setDefaultValueLiteralGen, Error hierarchy: 0]
, ErrorAction [Error: 50 A containment or bidirectional reference must be unique if its upper bound is different from 1, Action: setContainment, Error hierarchy: 0]
]
mai 07, 2020 7:19:37 P.M. no.hvl.projectparmorel.qlearning.QModelFixer fixModel
INFO: EPISODE 5 TOTAL REWARD 159.0



mai 07, 2020 7:19:37 P.M. no.hvl.projectparmorel.qlearning.QModelFixer handleEpisode
INFO: EPISODE 6, STEP 0, Fixing error 38: The default value literal '' must be a valid literal of the attribute's type
mai 07, 2020 7:19:37 P.M. no.hvl.projectparmorel.qlearning.QModelFixer chooseAction
INFO: Choosing optimal action
mai 07, 2020 7:19:37 P.M. no.hvl.projectparmorel.qlearning.QModelFixer handleStep
INFO: Chose action setDefaultValueLiteralGen in context 0 with weight 98.8
mai 07, 2020 7:19:37 P.M. no.hvl.projectparmorel.qlearning.QModelFixer handleStep
INFO: Next error code: 50
mai 07, 2020 7:19:37 P.M. no.hvl.projectparmorel.qlearning.QModelFixer handleStep
INFO: Calculating new Q-value:
Old Q-value: 98.8
Alpha: 1.0
Gamma: 1.0
Reward: -2
Next optimal action Q-value: 98.8
98.8 + 1.0 * (-2 + 1.0 * 98.8 - 98.8) = 96.8
mai 07, 2020 7:19:37 P.M. no.hvl.projectparmorel.qlearning.QModelFixer handleStep
INFO: Updated Q-table for error 38, context 0, action -2078906332 setDefaultValueLiteralGen to new weight 96.8


mai 07, 2020 7:19:37 P.M. no.hvl.projectparmorel.qlearning.QModelFixer handleEpisode
INFO: EPISODE 6, STEP 1, Fixing error 50: A containment or bidirectional reference must be unique if its upper bound is different from 1
mai 07, 2020 7:19:37 P.M. no.hvl.projectparmorel.qlearning.QModelFixer chooseAction
INFO: Choosing random action.
mai 07, 2020 7:19:37 P.M. no.hvl.projectparmorel.qlearning.QModelFixer handleStep
INFO: Chose action setContainment in context 0 with weight 98.8
mai 07, 2020 7:19:37 P.M. no.hvl.projectparmorel.qlearning.QModelFixer updateQTable
INFO: Calculating new Q-value:
Old Q-value: 98.8
Alpha: 1.0
Gamma:1.0

Reward: -2
98.8 + 1.0 * (-2 + 1.0 - 98.8) = -1.0
mai 07, 2020 7:19:37 P.M. no.hvl.projectparmorel.qlearning.QModelFixer updateQTable
INFO: Updated Q-table for error 50, context 0, action 951444921 to new weight -1.0
mai 07, 2020 7:19:38 P.M. no.hvl.projectparmorel.qlearning.ecore.EcoreSolution calculateDistanceFromOriginal
INFO: Calculated the distance between the models to -33.0
mai 07, 2020 7:19:38 P.M. no.hvl.projectparmorel.qlearning.reward.PreferCloseDinstanceToOriginalPreference rewardcalculateRewardFor
INFO: Time to measure distance: 282 ms
mai 07, 2020 7:19:38 P.M. no.hvl.projectparmorel.qlearning.QModelFixer updateQTable
INFO: Calculating new Q-value:
Old Q-value: 96.8
Alpha: 1.0
Gamma:1.0

Reward: -33
96.8 + 1.0 * (-33 + 1.0 - 96.8) = -32.000000000000014
mai 07, 2020 7:19:38 P.M. no.hvl.projectparmorel.qlearning.QModelFixer updateQTable
INFO: Updated Q-table for error 38, context 0, action -2078906332 to new weight -32.000000000000014
mai 07, 2020 7:19:38 P.M. no.hvl.projectparmorel.qlearning.QModelFixer updateQTable
INFO: Calculating new Q-value:
Old Q-value: -1.0
Alpha: 1.0
Gamma:1.0

Reward: -33
-1.0 + 1.0 * (-33 + 1.0 - -1.0) = -32.0
mai 07, 2020 7:19:38 P.M. no.hvl.projectparmorel.qlearning.QModelFixer updateQTable
INFO: Updated Q-table for error 50, context 0, action 951444921 to new weight -32.0
mai 07, 2020 7:19:38 P.M. no.hvl.projectparmorel.qlearning.reward.PreferUnderstandability rewardcalculateRewardFor
INFO: Understandability of the metamodel: 1.2
Time to get metric: 884 ms
mai 07, 2020 7:19:38 P.M. no.hvl.projectparmorel.qlearning.QModelFixer isUnique
INFO: Solution [ErrorAction [Error: 38 The default value literal '' must be a valid literal of the attribute's type, Action: setDefaultValueLiteralGen, Error hierarchy: 0]
, ErrorAction [Error: 50 A containment or bidirectional reference must be unique if its upper bound is different from 1, Action: setContainment, Error hierarchy: 0]
] already exists.
mai 07, 2020 7:19:38 P.M. no.hvl.projectparmorel.qlearning.QModelFixer fixModel
INFO: Solution discarded.
mai 07, 2020 7:19:38 P.M. no.hvl.projectparmorel.qlearning.QModelFixer fixModel
INFO: EPISODE 6 TOTAL REWARD 127.0



mai 07, 2020 7:19:38 P.M. no.hvl.projectparmorel.qlearning.QModelFixer handleEpisode
INFO: EPISODE 7, STEP 0, Fixing error 38: The default value literal '' must be a valid literal of the attribute's type
mai 07, 2020 7:19:38 P.M. no.hvl.projectparmorel.qlearning.QModelFixer chooseAction
INFO: Choosing optimal action
mai 07, 2020 7:19:38 P.M. no.hvl.projectparmorel.qlearning.QModelFixer handleStep
INFO: Chose action setDefaultValueLiteralGen in context 0 with weight 98.8
mai 07, 2020 7:19:39 P.M. no.hvl.projectparmorel.qlearning.QModelFixer handleStep
INFO: Next error code: 50
mai 07, 2020 7:19:39 P.M. no.hvl.projectparmorel.qlearning.QModelFixer handleStep
INFO: Calculating new Q-value:
Old Q-value: 98.8
Alpha: 1.0
Gamma: 1.0
Reward: -2
Next optimal action Q-value: 98.8
98.8 + 1.0 * (-2 + 1.0 * 98.8 - 98.8) = 96.8
mai 07, 2020 7:19:39 P.M. no.hvl.projectparmorel.qlearning.QModelFixer handleStep
INFO: Updated Q-table for error 38, context 0, action -2078906332 setDefaultValueLiteralGen to new weight 96.8


mai 07, 2020 7:19:39 P.M. no.hvl.projectparmorel.qlearning.QModelFixer handleEpisode
INFO: EPISODE 7, STEP 1, Fixing error 50: A containment or bidirectional reference must be unique if its upper bound is different from 1
mai 07, 2020 7:19:39 P.M. no.hvl.projectparmorel.qlearning.QModelFixer chooseAction
INFO: Choosing random action.
mai 07, 2020 7:19:39 P.M. no.hvl.projectparmorel.qlearning.QModelFixer handleStep
INFO: Chose action delete in context 0 with weight 97.875
mai 07, 2020 7:19:43 P.M. no.hvl.projectparmorel.qlearning.QModelFixer updateQTable
INFO: Calculating new Q-value:
Old Q-value: 97.875
Alpha: 1.0
Gamma:1.0

Reward: -2
97.875 + 1.0 * (-2 + 1.0 - 97.875) = -1.0
mai 07, 2020 7:19:43 P.M. no.hvl.projectparmorel.qlearning.QModelFixer updateQTable
INFO: Updated Q-table for error 50, context 0, action 99999 to new weight -1.0
mai 07, 2020 7:19:43 P.M. no.hvl.projectparmorel.qlearning.ecore.EcoreSolution calculateDistanceFromOriginal
INFO: Calculated the distance between the models to -33.0
mai 07, 2020 7:19:43 P.M. no.hvl.projectparmorel.qlearning.reward.PreferCloseDinstanceToOriginalPreference rewardcalculateRewardFor
INFO: Time to measure distance: 293 ms
mai 07, 2020 7:19:43 P.M. no.hvl.projectparmorel.qlearning.QModelFixer updateQTable
INFO: Calculating new Q-value:
Old Q-value: 96.8
Alpha: 1.0
Gamma:1.0

Reward: -33
96.8 + 1.0 * (-33 + 1.0 - 96.8) = -32.000000000000014
mai 07, 2020 7:19:43 P.M. no.hvl.projectparmorel.qlearning.QModelFixer updateQTable
INFO: Updated Q-table for error 38, context 0, action -2078906332 to new weight -32.000000000000014
mai 07, 2020 7:19:43 P.M. no.hvl.projectparmorel.qlearning.QModelFixer updateQTable
INFO: Calculating new Q-value:
Old Q-value: -1.0
Alpha: 1.0
Gamma:1.0

Reward: -33
-1.0 + 1.0 * (-33 + 1.0 - -1.0) = -32.0
mai 07, 2020 7:19:43 P.M. no.hvl.projectparmorel.qlearning.QModelFixer updateQTable
INFO: Updated Q-table for error 50, context 0, action 99999 to new weight -32.0
mai 07, 2020 7:19:44 P.M. no.hvl.projectparmorel.qlearning.reward.PreferUnderstandability rewardcalculateRewardFor
INFO: Understandability of the metamodel: 1.2
Time to get metric: 1147 ms
mai 07, 2020 7:19:44 P.M. no.hvl.projectparmorel.qlearning.QModelFixer fixModel
INFO: Solution added to possible solitons: [ErrorAction [Error: 38 The default value literal '' must be a valid literal of the attribute's type, Action: setDefaultValueLiteralGen, Error hierarchy: 0]
, ErrorAction [Error: 50 A containment or bidirectional reference must be unique if its upper bound is different from 1, Action: delete, Error hierarchy: 0]
]
mai 07, 2020 7:19:44 P.M. no.hvl.projectparmorel.qlearning.QModelFixer fixModel
INFO: EPISODE 7 TOTAL REWARD 127.0



mai 07, 2020 7:19:44 P.M. no.hvl.projectparmorel.qlearning.QModelFixer handleEpisode
INFO: EPISODE 8, STEP 0, Fixing error 38: The default value literal '' must be a valid literal of the attribute's type
mai 07, 2020 7:19:44 P.M. no.hvl.projectparmorel.qlearning.QModelFixer chooseAction
INFO: Choosing optimal action
mai 07, 2020 7:19:44 P.M. no.hvl.projectparmorel.qlearning.QModelFixer handleStep
INFO: Chose action setDefaultValueLiteralGen in context 0 with weight 98.8
mai 07, 2020 7:19:44 P.M. no.hvl.projectparmorel.qlearning.QModelFixer handleStep
INFO: Next error code: 50
mai 07, 2020 7:19:44 P.M. no.hvl.projectparmorel.qlearning.QModelFixer handleStep
INFO: Calculating new Q-value:
Old Q-value: 98.8
Alpha: 1.0
Gamma: 1.0
Reward: -2
Next optimal action Q-value: 98.8
98.8 + 1.0 * (-2 + 1.0 * 98.8 - 98.8) = 96.8
mai 07, 2020 7:19:44 P.M. no.hvl.projectparmorel.qlearning.QModelFixer handleStep
INFO: Updated Q-table for error 38, context 0, action -2078906332 setDefaultValueLiteralGen to new weight 96.8


mai 07, 2020 7:19:44 P.M. no.hvl.projectparmorel.qlearning.QModelFixer handleEpisode
INFO: EPISODE 8, STEP 1, Fixing error 50: A containment or bidirectional reference must be unique if its upper bound is different from 1
mai 07, 2020 7:19:44 P.M. no.hvl.projectparmorel.qlearning.QModelFixer chooseAction
INFO: Choosing random action.
mai 07, 2020 7:19:44 P.M. no.hvl.projectparmorel.qlearning.QModelFixer handleStep
INFO: Chose action setContainmentGen in context 0 with weight 98.8
mai 07, 2020 7:19:44 P.M. no.hvl.projectparmorel.qlearning.QModelFixer updateQTable
INFO: Calculating new Q-value:
Old Q-value: 98.8
Alpha: 1.0
Gamma:1.0

Reward: -2
98.8 + 1.0 * (-2 + 1.0 - 98.8) = -1.0
mai 07, 2020 7:19:44 P.M. no.hvl.projectparmorel.qlearning.QModelFixer updateQTable
INFO: Updated Q-table for error 50, context 0, action 1062131977 to new weight -1.0
mai 07, 2020 7:19:44 P.M. no.hvl.projectparmorel.qlearning.ecore.EcoreSolution calculateDistanceFromOriginal
INFO: Calculated the distance between the models to -33.0
mai 07, 2020 7:19:44 P.M. no.hvl.projectparmorel.qlearning.reward.PreferCloseDinstanceToOriginalPreference rewardcalculateRewardFor
INFO: Time to measure distance: 271 ms
mai 07, 2020 7:19:44 P.M. no.hvl.projectparmorel.qlearning.QModelFixer updateQTable
INFO: Calculating new Q-value:
Old Q-value: 96.8
Alpha: 1.0
Gamma:1.0

Reward: -33
96.8 + 1.0 * (-33 + 1.0 - 96.8) = -32.000000000000014
mai 07, 2020 7:19:44 P.M. no.hvl.projectparmorel.qlearning.QModelFixer updateQTable
INFO: Updated Q-table for error 38, context 0, action -2078906332 to new weight -32.000000000000014
mai 07, 2020 7:19:44 P.M. no.hvl.projectparmorel.qlearning.QModelFixer updateQTable
INFO: Calculating new Q-value:
Old Q-value: -1.0
Alpha: 1.0
Gamma:1.0

Reward: -33
-1.0 + 1.0 * (-33 + 1.0 - -1.0) = -32.0
mai 07, 2020 7:19:44 P.M. no.hvl.projectparmorel.qlearning.QModelFixer updateQTable
INFO: Updated Q-table for error 50, context 0, action 1062131977 to new weight -32.0
mai 07, 2020 7:19:45 P.M. no.hvl.projectparmorel.qlearning.reward.PreferUnderstandability rewardcalculateRewardFor
INFO: Understandability of the metamodel: 1.2
Time to get metric: 817 ms
mai 07, 2020 7:19:45 P.M. no.hvl.projectparmorel.qlearning.QModelFixer isUnique
INFO: Solution [ErrorAction [Error: 38 The default value literal '' must be a valid literal of the attribute's type, Action: setDefaultValueLiteralGen, Error hierarchy: 0]
, ErrorAction [Error: 50 A containment or bidirectional reference must be unique if its upper bound is different from 1, Action: setContainmentGen, Error hierarchy: 0]
] already exists.
mai 07, 2020 7:19:45 P.M. no.hvl.projectparmorel.qlearning.QModelFixer fixModel
INFO: Solution discarded.
mai 07, 2020 7:19:45 P.M. no.hvl.projectparmorel.qlearning.QModelFixer fixModel
INFO: EPISODE 8 TOTAL REWARD 127.0



mai 07, 2020 7:19:45 P.M. no.hvl.projectparmorel.qlearning.QModelFixer handleEpisode
INFO: EPISODE 9, STEP 0, Fixing error 38: The default value literal '' must be a valid literal of the attribute's type
mai 07, 2020 7:19:45 P.M. no.hvl.projectparmorel.qlearning.QModelFixer chooseAction
INFO: Choosing optimal action
mai 07, 2020 7:19:45 P.M. no.hvl.projectparmorel.qlearning.QModelFixer handleStep
INFO: Chose action setDefaultValueLiteralGen in context 0 with weight 98.8
mai 07, 2020 7:19:45 P.M. no.hvl.projectparmorel.qlearning.QModelFixer handleStep
INFO: Next error code: 50
mai 07, 2020 7:19:45 P.M. no.hvl.projectparmorel.qlearning.QModelFixer handleStep
INFO: Calculating new Q-value:
Old Q-value: 98.8
Alpha: 1.0
Gamma: 1.0
Reward: -2
Next optimal action Q-value: 98.8
98.8 + 1.0 * (-2 + 1.0 * 98.8 - 98.8) = 96.8
mai 07, 2020 7:19:45 P.M. no.hvl.projectparmorel.qlearning.QModelFixer handleStep
INFO: Updated Q-table for error 38, context 0, action -2078906332 setDefaultValueLiteralGen to new weight 96.8


mai 07, 2020 7:19:45 P.M. no.hvl.projectparmorel.qlearning.QModelFixer handleEpisode
INFO: EPISODE 9, STEP 1, Fixing error 50: A containment or bidirectional reference must be unique if its upper bound is different from 1
mai 07, 2020 7:19:45 P.M. no.hvl.projectparmorel.qlearning.QModelFixer chooseAction
INFO: Choosing random action.
mai 07, 2020 7:19:45 P.M. no.hvl.projectparmorel.qlearning.QModelFixer handleStep
INFO: Chose action delete in context 0 with weight 98.8
mai 07, 2020 7:19:49 P.M. no.hvl.projectparmorel.qlearning.QModelFixer updateQTable
INFO: Calculating new Q-value:
Old Q-value: 98.8
Alpha: 1.0
Gamma:1.0

Reward: -2
98.8 + 1.0 * (-2 + 1.0 - 98.8) = -1.0
mai 07, 2020 7:19:49 P.M. no.hvl.projectparmorel.qlearning.QModelFixer updateQTable
INFO: Updated Q-table for error 50, context 0, action 99999 to new weight -1.0
mai 07, 2020 7:19:50 P.M. no.hvl.projectparmorel.qlearning.ecore.EcoreSolution calculateDistanceFromOriginal
INFO: Calculated the distance between the models to -33.0
mai 07, 2020 7:19:50 P.M. no.hvl.projectparmorel.qlearning.reward.PreferCloseDinstanceToOriginalPreference rewardcalculateRewardFor
INFO: Time to measure distance: 262 ms
mai 07, 2020 7:19:50 P.M. no.hvl.projectparmorel.qlearning.QModelFixer updateQTable
INFO: Calculating new Q-value:
Old Q-value: 96.8
Alpha: 1.0
Gamma:1.0

Reward: -33
96.8 + 1.0 * (-33 + 1.0 - 96.8) = -32.000000000000014
mai 07, 2020 7:19:50 P.M. no.hvl.projectparmorel.qlearning.QModelFixer updateQTable
INFO: Updated Q-table for error 38, context 0, action -2078906332 to new weight -32.000000000000014
mai 07, 2020 7:19:50 P.M. no.hvl.projectparmorel.qlearning.QModelFixer updateQTable
INFO: Calculating new Q-value:
Old Q-value: -1.0
Alpha: 1.0
Gamma:1.0

Reward: -33
-1.0 + 1.0 * (-33 + 1.0 - -1.0) = -32.0
mai 07, 2020 7:19:50 P.M. no.hvl.projectparmorel.qlearning.QModelFixer updateQTable
INFO: Updated Q-table for error 50, context 0, action 99999 to new weight -32.0
mai 07, 2020 7:19:51 P.M. no.hvl.projectparmorel.qlearning.reward.PreferUnderstandability rewardcalculateRewardFor
INFO: Understandability of the metamodel: 1.2
Time to get metric: 836 ms
mai 07, 2020 7:19:51 P.M. no.hvl.projectparmorel.qlearning.QModelFixer isUnique
INFO: Solution [ErrorAction [Error: 38 The default value literal '' must be a valid literal of the attribute's type, Action: setDefaultValueLiteralGen, Error hierarchy: 0]
, ErrorAction [Error: 50 A containment or bidirectional reference must be unique if its upper bound is different from 1, Action: delete, Error hierarchy: 0]
] already exists.
mai 07, 2020 7:19:51 P.M. no.hvl.projectparmorel.qlearning.QModelFixer fixModel
INFO: Solution discarded.
mai 07, 2020 7:19:51 P.M. no.hvl.projectparmorel.qlearning.QModelFixer fixModel
INFO: EPISODE 9 TOTAL REWARD 127.0



mai 07, 2020 7:19:51 P.M. no.hvl.projectparmorel.qlearning.QModelFixer handleEpisode
INFO: EPISODE 10, STEP 0, Fixing error 38: The default value literal '' must be a valid literal of the attribute's type
mai 07, 2020 7:19:51 P.M. no.hvl.projectparmorel.qlearning.QModelFixer chooseAction
INFO: Choosing optimal action
mai 07, 2020 7:19:51 P.M. no.hvl.projectparmorel.qlearning.QModelFixer handleStep
INFO: Chose action setDefaultValueLiteralGen in context 0 with weight 98.8
mai 07, 2020 7:19:51 P.M. no.hvl.projectparmorel.qlearning.QModelFixer handleStep
INFO: Next error code: 50
mai 07, 2020 7:19:51 P.M. no.hvl.projectparmorel.qlearning.QModelFixer handleStep
INFO: Calculating new Q-value:
Old Q-value: 98.8
Alpha: 1.0
Gamma: 1.0
Reward: -2
Next optimal action Q-value: 98.8
98.8 + 1.0 * (-2 + 1.0 * 98.8 - 98.8) = 96.8
mai 07, 2020 7:19:51 P.M. no.hvl.projectparmorel.qlearning.QModelFixer handleStep
INFO: Updated Q-table for error 38, context 0, action -2078906332 setDefaultValueLiteralGen to new weight 96.8


mai 07, 2020 7:19:51 P.M. no.hvl.projectparmorel.qlearning.QModelFixer handleEpisode
INFO: EPISODE 10, STEP 1, Fixing error 50: A containment or bidirectional reference must be unique if its upper bound is different from 1
mai 07, 2020 7:19:51 P.M. no.hvl.projectparmorel.qlearning.QModelFixer chooseAction
INFO: Choosing optimal action
mai 07, 2020 7:19:51 P.M. no.hvl.projectparmorel.qlearning.QModelFixer handleStep
INFO: Chose action setContainmentGen in context 0 with weight 98.8
mai 07, 2020 7:19:51 P.M. no.hvl.projectparmorel.qlearning.QModelFixer updateQTable
INFO: Calculating new Q-value:
Old Q-value: 98.8
Alpha: 1.0
Gamma:1.0

Reward: -2
98.8 + 1.0 * (-2 + 1.0 - 98.8) = -1.0
mai 07, 2020 7:19:51 P.M. no.hvl.projectparmorel.qlearning.QModelFixer updateQTable
INFO: Updated Q-table for error 50, context 0, action 1062131977 to new weight -1.0
mai 07, 2020 7:19:51 P.M. no.hvl.projectparmorel.qlearning.ecore.EcoreSolution calculateDistanceFromOriginal
INFO: Calculated the distance between the models to -33.0
mai 07, 2020 7:19:51 P.M. no.hvl.projectparmorel.qlearning.reward.PreferCloseDinstanceToOriginalPreference rewardcalculateRewardFor
INFO: Time to measure distance: 265 ms
mai 07, 2020 7:19:51 P.M. no.hvl.projectparmorel.qlearning.QModelFixer updateQTable
INFO: Calculating new Q-value:
Old Q-value: 96.8
Alpha: 1.0
Gamma:1.0

Reward: -33
96.8 + 1.0 * (-33 + 1.0 - 96.8) = -32.000000000000014
mai 07, 2020 7:19:51 P.M. no.hvl.projectparmorel.qlearning.QModelFixer updateQTable
INFO: Updated Q-table for error 38, context 0, action -2078906332 to new weight -32.000000000000014
mai 07, 2020 7:19:51 P.M. no.hvl.projectparmorel.qlearning.QModelFixer updateQTable
INFO: Calculating new Q-value:
Old Q-value: -1.0
Alpha: 1.0
Gamma:1.0

Reward: -33
-1.0 + 1.0 * (-33 + 1.0 - -1.0) = -32.0
mai 07, 2020 7:19:51 P.M. no.hvl.projectparmorel.qlearning.QModelFixer updateQTable
INFO: Updated Q-table for error 50, context 0, action 1062131977 to new weight -32.0
mai 07, 2020 7:19:52 P.M. no.hvl.projectparmorel.qlearning.reward.PreferUnderstandability rewardcalculateRewardFor
INFO: Understandability of the metamodel: 1.2
Time to get metric: 887 ms
mai 07, 2020 7:19:52 P.M. no.hvl.projectparmorel.qlearning.QModelFixer isUnique
INFO: Solution [ErrorAction [Error: 38 The default value literal '' must be a valid literal of the attribute's type, Action: setDefaultValueLiteralGen, Error hierarchy: 0]
, ErrorAction [Error: 50 A containment or bidirectional reference must be unique if its upper bound is different from 1, Action: setContainmentGen, Error hierarchy: 0]
] already exists.
mai 07, 2020 7:19:52 P.M. no.hvl.projectparmorel.qlearning.QModelFixer fixModel
INFO: Solution discarded.
mai 07, 2020 7:19:52 P.M. no.hvl.projectparmorel.qlearning.QModelFixer fixModel
INFO: EPISODE 10 TOTAL REWARD 127.0



mai 07, 2020 7:19:52 P.M. no.hvl.projectparmorel.qlearning.QModelFixer handleEpisode
INFO: EPISODE 11, STEP 0, Fixing error 38: The default value literal '' must be a valid literal of the attribute's type
mai 07, 2020 7:19:52 P.M. no.hvl.projectparmorel.qlearning.QModelFixer chooseAction
INFO: Choosing random action.
mai 07, 2020 7:19:52 P.M. no.hvl.projectparmorel.qlearning.QModelFixer handleStep
INFO: Chose action delete in context 0 with weight 98.8
mai 07, 2020 7:19:56 P.M. no.hvl.projectparmorel.qlearning.QModelFixer handleStep
INFO: Next error code: 50
mai 07, 2020 7:19:56 P.M. no.hvl.projectparmorel.qlearning.QModelFixer handleStep
INFO: Calculating new Q-value:
Old Q-value: 98.8
Alpha: 1.0
Gamma: 1.0
Reward: -2
Next optimal action Q-value: 98.8
98.8 + 1.0 * (-2 + 1.0 * 98.8 - 98.8) = 96.8
mai 07, 2020 7:19:56 P.M. no.hvl.projectparmorel.qlearning.QModelFixer handleStep
INFO: Updated Q-table for error 38, context 0, action 99999 delete to new weight 96.8


mai 07, 2020 7:19:56 P.M. no.hvl.projectparmorel.qlearning.QModelFixer handleEpisode
INFO: EPISODE 11, STEP 1, Fixing error 50: A containment or bidirectional reference must be unique if its upper bound is different from 1
mai 07, 2020 7:19:56 P.M. no.hvl.projectparmorel.qlearning.QModelFixer chooseAction
INFO: Choosing optimal action
mai 07, 2020 7:19:56 P.M. no.hvl.projectparmorel.qlearning.QModelFixer handleStep
INFO: Chose action setContainmentGen in context 0 with weight 98.8
mai 07, 2020 7:19:56 P.M. no.hvl.projectparmorel.qlearning.QModelFixer updateQTable
INFO: Calculating new Q-value:
Old Q-value: 98.8
Alpha: 1.0
Gamma:1.0

Reward: -2
98.8 + 1.0 * (-2 + 1.0 - 98.8) = -1.0
mai 07, 2020 7:19:56 P.M. no.hvl.projectparmorel.qlearning.QModelFixer updateQTable
INFO: Updated Q-table for error 50, context 0, action 1062131977 to new weight -1.0
mai 07, 2020 7:19:56 P.M. no.hvl.projectparmorel.qlearning.ecore.EcoreSolution calculateDistanceFromOriginal
INFO: Calculated the distance between the models to -34.0
mai 07, 2020 7:19:56 P.M. no.hvl.projectparmorel.qlearning.reward.PreferCloseDinstanceToOriginalPreference rewardcalculateRewardFor
INFO: Time to measure distance: 251 ms
mai 07, 2020 7:19:56 P.M. no.hvl.projectparmorel.qlearning.QModelFixer updateQTable
INFO: Calculating new Q-value:
Old Q-value: 96.8
Alpha: 1.0
Gamma:1.0

Reward: -34
96.8 + 1.0 * (-34 + 1.0 - 96.8) = -33.000000000000014
mai 07, 2020 7:19:56 P.M. no.hvl.projectparmorel.qlearning.QModelFixer updateQTable
INFO: Updated Q-table for error 38, context 0, action 99999 to new weight -33.000000000000014
mai 07, 2020 7:19:56 P.M. no.hvl.projectparmorel.qlearning.QModelFixer updateQTable
INFO: Calculating new Q-value:
Old Q-value: -1.0
Alpha: 1.0
Gamma:1.0

Reward: -34
-1.0 + 1.0 * (-34 + 1.0 - -1.0) = -33.0
mai 07, 2020 7:19:56 P.M. no.hvl.projectparmorel.qlearning.QModelFixer updateQTable
INFO: Updated Q-table for error 50, context 0, action 1062131977 to new weight -33.0
mai 07, 2020 7:19:57 P.M. no.hvl.projectparmorel.qlearning.reward.PreferUnderstandability rewardcalculateRewardFor
INFO: Understandability of the metamodel: 1.2
Time to get metric: 814 ms
mai 07, 2020 7:19:57 P.M. no.hvl.projectparmorel.qlearning.QModelFixer isUnique
INFO: Solution [ErrorAction [Error: 38 The default value literal '' must be a valid literal of the attribute's type, Action: delete, Error hierarchy: 0]
, ErrorAction [Error: 50 A containment or bidirectional reference must be unique if its upper bound is different from 1, Action: setContainmentGen, Error hierarchy: 0]
] already exists.
mai 07, 2020 7:19:57 P.M. no.hvl.projectparmorel.qlearning.QModelFixer fixModel
INFO: Solution discarded.
mai 07, 2020 7:19:57 P.M. no.hvl.projectparmorel.qlearning.QModelFixer fixModel
INFO: EPISODE 11 TOTAL REWARD 125.0



mai 07, 2020 7:19:57 P.M. no.hvl.projectparmorel.qlearning.QModelFixer handleEpisode
INFO: EPISODE 12, STEP 0, Fixing error 38: The default value literal '' must be a valid literal of the attribute's type
mai 07, 2020 7:19:57 P.M. no.hvl.projectparmorel.qlearning.QModelFixer chooseAction
INFO: Choosing optimal action
mai 07, 2020 7:19:57 P.M. no.hvl.projectparmorel.qlearning.QModelFixer handleStep
INFO: Chose action setDefaultValueLiteralGen in context 0 with weight 98.8
mai 07, 2020 7:19:57 P.M. no.hvl.projectparmorel.qlearning.QModelFixer handleStep
INFO: Next error code: 50
mai 07, 2020 7:19:57 P.M. no.hvl.projectparmorel.qlearning.QModelFixer handleStep
INFO: Calculating new Q-value:
Old Q-value: 98.8
Alpha: 1.0
Gamma: 1.0
Reward: -2
Next optimal action Q-value: 98.8
98.8 + 1.0 * (-2 + 1.0 * 98.8 - 98.8) = 96.8
mai 07, 2020 7:19:57 P.M. no.hvl.projectparmorel.qlearning.QModelFixer handleStep
INFO: Updated Q-table for error 38, context 0, action -2078906332 setDefaultValueLiteralGen to new weight 96.8


mai 07, 2020 7:19:57 P.M. no.hvl.projectparmorel.qlearning.QModelFixer handleEpisode
INFO: EPISODE 12, STEP 1, Fixing error 50: A containment or bidirectional reference must be unique if its upper bound is different from 1
mai 07, 2020 7:19:57 P.M. no.hvl.projectparmorel.qlearning.QModelFixer chooseAction
INFO: Choosing random action.
mai 07, 2020 7:19:57 P.M. no.hvl.projectparmorel.qlearning.QModelFixer handleStep
INFO: Chose action setContainmentGen in context 0 with weight 98.8
mai 07, 2020 7:19:57 P.M. no.hvl.projectparmorel.qlearning.QModelFixer updateQTable
INFO: Calculating new Q-value:
Old Q-value: 98.8
Alpha: 1.0
Gamma:1.0

Reward: -2
98.8 + 1.0 * (-2 + 1.0 - 98.8) = -1.0
mai 07, 2020 7:19:57 P.M. no.hvl.projectparmorel.qlearning.QModelFixer updateQTable
INFO: Updated Q-table for error 50, context 0, action 1062131977 to new weight -1.0
mai 07, 2020 7:19:57 P.M. no.hvl.projectparmorel.qlearning.ecore.EcoreSolution calculateDistanceFromOriginal
INFO: Calculated the distance between the models to -33.0
mai 07, 2020 7:19:58 P.M. no.hvl.projectparmorel.qlearning.reward.PreferCloseDinstanceToOriginalPreference rewardcalculateRewardFor
INFO: Time to measure distance: 296 ms
mai 07, 2020 7:19:58 P.M. no.hvl.projectparmorel.qlearning.QModelFixer updateQTable
INFO: Calculating new Q-value:
Old Q-value: 96.8
Alpha: 1.0
Gamma:1.0

Reward: -33
96.8 + 1.0 * (-33 + 1.0 - 96.8) = -32.000000000000014
mai 07, 2020 7:19:58 P.M. no.hvl.projectparmorel.qlearning.QModelFixer updateQTable
INFO: Updated Q-table for error 38, context 0, action -2078906332 to new weight -32.000000000000014
mai 07, 2020 7:19:58 P.M. no.hvl.projectparmorel.qlearning.QModelFixer updateQTable
INFO: Calculating new Q-value:
Old Q-value: -1.0
Alpha: 1.0
Gamma:1.0

Reward: -33
-1.0 + 1.0 * (-33 + 1.0 - -1.0) = -32.0
mai 07, 2020 7:19:58 P.M. no.hvl.projectparmorel.qlearning.QModelFixer updateQTable
INFO: Updated Q-table for error 50, context 0, action 1062131977 to new weight -32.0
mai 07, 2020 7:19:58 P.M. no.hvl.projectparmorel.qlearning.reward.PreferUnderstandability rewardcalculateRewardFor
INFO: Understandability of the metamodel: 1.2
Time to get metric: 860 ms
mai 07, 2020 7:19:58 P.M. no.hvl.projectparmorel.qlearning.QModelFixer isUnique
INFO: Solution [ErrorAction [Error: 38 The default value literal '' must be a valid literal of the attribute's type, Action: setDefaultValueLiteralGen, Error hierarchy: 0]
, ErrorAction [Error: 50 A containment or bidirectional reference must be unique if its upper bound is different from 1, Action: setContainmentGen, Error hierarchy: 0]
] already exists.
mai 07, 2020 7:19:58 P.M. no.hvl.projectparmorel.qlearning.QModelFixer fixModel
INFO: Solution discarded.
mai 07, 2020 7:19:58 P.M. no.hvl.projectparmorel.qlearning.QModelFixer fixModel
INFO: EPISODE 12 TOTAL REWARD 127.0



mai 07, 2020 7:19:58 P.M. no.hvl.projectparmorel.qlearning.QModelFixer handleEpisode
INFO: EPISODE 13, STEP 0, Fixing error 38: The default value literal '' must be a valid literal of the attribute's type
mai 07, 2020 7:19:58 P.M. no.hvl.projectparmorel.qlearning.QModelFixer chooseAction
INFO: Choosing random action.
mai 07, 2020 7:19:58 P.M. no.hvl.projectparmorel.qlearning.QModelFixer handleStep
INFO: Chose action setEType in context 0 with weight 96.4210527
mai 07, 2020 7:19:58 P.M. no.hvl.projectparmorel.qlearning.QModelFixer handleStep
INFO: Next error code: 50
mai 07, 2020 7:19:58 P.M. no.hvl.projectparmorel.qlearning.QModelFixer handleStep
INFO: Calculating new Q-value:
Old Q-value: 96.4210527
Alpha: 1.0
Gamma: 1.0
Reward: -2
Next optimal action Q-value: 98.8
96.4210527 + 1.0 * (-2 + 1.0 * 98.8 - 96.4210527) = 96.8
mai 07, 2020 7:19:58 P.M. no.hvl.projectparmorel.qlearning.QModelFixer handleStep
INFO: Updated Q-table for error 38, context 0, action -591535257 setEType to new weight 96.8


mai 07, 2020 7:19:58 P.M. no.hvl.projectparmorel.qlearning.QModelFixer handleEpisode
INFO: EPISODE 13, STEP 1, Fixing error 50: A containment or bidirectional reference must be unique if its upper bound is different from 1
mai 07, 2020 7:19:58 P.M. no.hvl.projectparmorel.qlearning.QModelFixer chooseAction
INFO: Choosing optimal action
mai 07, 2020 7:19:58 P.M. no.hvl.projectparmorel.qlearning.QModelFixer handleStep
INFO: Chose action setContainmentGen in context 0 with weight 98.8
mai 07, 2020 7:19:59 P.M. no.hvl.projectparmorel.qlearning.QModelFixer updateQTable
INFO: Calculating new Q-value:
Old Q-value: 98.8
Alpha: 1.0
Gamma:1.0

Reward: -2
98.8 + 1.0 * (-2 + 1.0 - 98.8) = -1.0
mai 07, 2020 7:19:59 P.M. no.hvl.projectparmorel.qlearning.QModelFixer updateQTable
INFO: Updated Q-table for error 50, context 0, action 1062131977 to new weight -1.0
mai 07, 2020 7:19:59 P.M. no.hvl.projectparmorel.qlearning.ecore.EcoreSolution calculateDistanceFromOriginal
INFO: Calculated the distance between the models to -34.0
mai 07, 2020 7:19:59 P.M. no.hvl.projectparmorel.qlearning.reward.PreferCloseDinstanceToOriginalPreference rewardcalculateRewardFor
INFO: Time to measure distance: 269 ms
mai 07, 2020 7:19:59 P.M. no.hvl.projectparmorel.qlearning.QModelFixer updateQTable
INFO: Calculating new Q-value:
Old Q-value: 96.8
Alpha: 1.0
Gamma:1.0

Reward: -34
96.8 + 1.0 * (-34 + 1.0 - 96.8) = -33.000000000000014
mai 07, 2020 7:19:59 P.M. no.hvl.projectparmorel.qlearning.QModelFixer updateQTable
INFO: Updated Q-table for error 38, context 0, action -591535257 to new weight -33.000000000000014
mai 07, 2020 7:19:59 P.M. no.hvl.projectparmorel.qlearning.QModelFixer updateQTable
INFO: Calculating new Q-value:
Old Q-value: -1.0
Alpha: 1.0
Gamma:1.0

Reward: -34
-1.0 + 1.0 * (-34 + 1.0 - -1.0) = -33.0
mai 07, 2020 7:19:59 P.M. no.hvl.projectparmorel.qlearning.QModelFixer updateQTable
INFO: Updated Q-table for error 50, context 0, action 1062131977 to new weight -33.0
mai 07, 2020 7:20:00 P.M. no.hvl.projectparmorel.qlearning.reward.PreferUnderstandability rewardcalculateRewardFor
INFO: Understandability of the metamodel: 1.2
Time to get metric: 800 ms
mai 07, 2020 7:20:00 P.M. no.hvl.projectparmorel.qlearning.QModelFixer fixModel
INFO: Solution added to possible solitons: [ErrorAction [Error: 38 The default value literal '' must be a valid literal of the attribute's type, Action: setEType, Error hierarchy: 0]
, ErrorAction [Error: 50 A containment or bidirectional reference must be unique if its upper bound is different from 1, Action: setContainmentGen, Error hierarchy: 0]
]
mai 07, 2020 7:20:00 P.M. no.hvl.projectparmorel.qlearning.QModelFixer fixModel
INFO: EPISODE 13 TOTAL REWARD 125.0



mai 07, 2020 7:20:00 P.M. no.hvl.projectparmorel.qlearning.QModelFixer handleEpisode
INFO: EPISODE 14, STEP 0, Fixing error 38: The default value literal '' must be a valid literal of the attribute's type
mai 07, 2020 7:20:00 P.M. no.hvl.projectparmorel.qlearning.QModelFixer chooseAction
INFO: Choosing optimal action
mai 07, 2020 7:20:00 P.M. no.hvl.projectparmorel.qlearning.QModelFixer handleStep
INFO: Chose action setDefaultValueLiteralGen in context 0 with weight 98.8
mai 07, 2020 7:20:00 P.M. no.hvl.projectparmorel.qlearning.QModelFixer handleStep
INFO: Next error code: 50
mai 07, 2020 7:20:00 P.M. no.hvl.projectparmorel.qlearning.QModelFixer handleStep
INFO: Calculating new Q-value:
Old Q-value: 98.8
Alpha: 1.0
Gamma: 1.0
Reward: -2
Next optimal action Q-value: 98.8
98.8 + 1.0 * (-2 + 1.0 * 98.8 - 98.8) = 96.8
mai 07, 2020 7:20:00 P.M. no.hvl.projectparmorel.qlearning.QModelFixer handleStep
INFO: Updated Q-table for error 38, context 0, action -2078906332 setDefaultValueLiteralGen to new weight 96.8


mai 07, 2020 7:20:00 P.M. no.hvl.projectparmorel.qlearning.QModelFixer handleEpisode
INFO: EPISODE 14, STEP 1, Fixing error 50: A containment or bidirectional reference must be unique if its upper bound is different from 1
mai 07, 2020 7:20:00 P.M. no.hvl.projectparmorel.qlearning.QModelFixer chooseAction
INFO: Choosing optimal action
mai 07, 2020 7:20:00 P.M. no.hvl.projectparmorel.qlearning.QModelFixer handleStep
INFO: Chose action setContainmentGen in context 0 with weight 98.8
mai 07, 2020 7:20:00 P.M. no.hvl.projectparmorel.qlearning.QModelFixer updateQTable
INFO: Calculating new Q-value:
Old Q-value: 98.8
Alpha: 1.0
Gamma:1.0

Reward: -2
98.8 + 1.0 * (-2 + 1.0 - 98.8) = -1.0
mai 07, 2020 7:20:00 P.M. no.hvl.projectparmorel.qlearning.QModelFixer updateQTable
INFO: Updated Q-table for error 50, context 0, action 1062131977 to new weight -1.0
mai 07, 2020 7:20:00 P.M. no.hvl.projectparmorel.qlearning.ecore.EcoreSolution calculateDistanceFromOriginal
INFO: Calculated the distance between the models to -33.0
mai 07, 2020 7:20:00 P.M. no.hvl.projectparmorel.qlearning.reward.PreferCloseDinstanceToOriginalPreference rewardcalculateRewardFor
INFO: Time to measure distance: 252 ms
mai 07, 2020 7:20:00 P.M. no.hvl.projectparmorel.qlearning.QModelFixer updateQTable
INFO: Calculating new Q-value:
Old Q-value: 96.8
Alpha: 1.0
Gamma:1.0

Reward: -33
96.8 + 1.0 * (-33 + 1.0 - 96.8) = -32.000000000000014
mai 07, 2020 7:20:00 P.M. no.hvl.projectparmorel.qlearning.QModelFixer updateQTable
INFO: Updated Q-table for error 38, context 0, action -2078906332 to new weight -32.000000000000014
mai 07, 2020 7:20:00 P.M. no.hvl.projectparmorel.qlearning.QModelFixer updateQTable
INFO: Calculating new Q-value:
Old Q-value: -1.0
Alpha: 1.0
Gamma:1.0

Reward: -33
-1.0 + 1.0 * (-33 + 1.0 - -1.0) = -32.0
mai 07, 2020 7:20:00 P.M. no.hvl.projectparmorel.qlearning.QModelFixer updateQTable
INFO: Updated Q-table for error 50, context 0, action 1062131977 to new weight -32.0
mai 07, 2020 7:20:01 P.M. no.hvl.projectparmorel.qlearning.reward.PreferUnderstandability rewardcalculateRewardFor
INFO: Understandability of the metamodel: 1.2
Time to get metric: 858 ms
mai 07, 2020 7:20:01 P.M. no.hvl.projectparmorel.qlearning.QModelFixer isUnique
INFO: Solution [ErrorAction [Error: 38 The default value literal '' must be a valid literal of the attribute's type, Action: setDefaultValueLiteralGen, Error hierarchy: 0]
, ErrorAction [Error: 50 A containment or bidirectional reference must be unique if its upper bound is different from 1, Action: setContainmentGen, Error hierarchy: 0]
] already exists.
mai 07, 2020 7:20:01 P.M. no.hvl.projectparmorel.qlearning.QModelFixer fixModel
INFO: Solution discarded.
mai 07, 2020 7:20:01 P.M. no.hvl.projectparmorel.qlearning.QModelFixer fixModel
INFO: EPISODE 14 TOTAL REWARD 127.0



mai 07, 2020 7:20:01 P.M. no.hvl.projectparmorel.qlearning.QModelFixer handleEpisode
INFO: EPISODE 15, STEP 0, Fixing error 38: The default value literal '' must be a valid literal of the attribute's type
mai 07, 2020 7:20:01 P.M. no.hvl.projectparmorel.qlearning.QModelFixer chooseAction
INFO: Choosing optimal action
mai 07, 2020 7:20:01 P.M. no.hvl.projectparmorel.qlearning.QModelFixer handleStep
INFO: Chose action setDefaultValueLiteralGen in context 0 with weight 98.8
mai 07, 2020 7:20:01 P.M. no.hvl.projectparmorel.qlearning.QModelFixer handleStep
INFO: Next error code: 50
mai 07, 2020 7:20:01 P.M. no.hvl.projectparmorel.qlearning.QModelFixer handleStep
INFO: Calculating new Q-value:
Old Q-value: 98.8
Alpha: 1.0
Gamma: 1.0
Reward: -2
Next optimal action Q-value: 98.8
98.8 + 1.0 * (-2 + 1.0 * 98.8 - 98.8) = 96.8
mai 07, 2020 7:20:01 P.M. no.hvl.projectparmorel.qlearning.QModelFixer handleStep
INFO: Updated Q-table for error 38, context 0, action -2078906332 setDefaultValueLiteralGen to new weight 96.8


mai 07, 2020 7:20:01 P.M. no.hvl.projectparmorel.qlearning.QModelFixer handleEpisode
INFO: EPISODE 15, STEP 1, Fixing error 50: A containment or bidirectional reference must be unique if its upper bound is different from 1
mai 07, 2020 7:20:01 P.M. no.hvl.projectparmorel.qlearning.QModelFixer chooseAction
INFO: Choosing random action.
mai 07, 2020 7:20:01 P.M. no.hvl.projectparmorel.qlearning.QModelFixer handleStep
INFO: Chose action setUpperBound in context 0 with weight 97.875
mai 07, 2020 7:20:01 P.M. no.hvl.projectparmorel.qlearning.QModelFixer updateQTable
INFO: Calculating new Q-value:
Old Q-value: 97.875
Alpha: 1.0
Gamma:1.0

Reward: -2
97.875 + 1.0 * (-2 + 1.0 - 97.875) = -1.0
mai 07, 2020 7:20:01 P.M. no.hvl.projectparmorel.qlearning.QModelFixer updateQTable
INFO: Updated Q-table for error 50, context 0, action -969028598 to new weight -1.0
mai 07, 2020 7:20:01 P.M. no.hvl.projectparmorel.qlearning.ecore.EcoreSolution calculateDistanceFromOriginal
INFO: Calculated the distance between the models to -33.0
mai 07, 2020 7:20:01 P.M. no.hvl.projectparmorel.qlearning.reward.PreferCloseDinstanceToOriginalPreference rewardcalculateRewardFor
INFO: Time to measure distance: 268 ms
mai 07, 2020 7:20:01 P.M. no.hvl.projectparmorel.qlearning.QModelFixer updateQTable
INFO: Calculating new Q-value:
Old Q-value: 96.8
Alpha: 1.0
Gamma:1.0

Reward: -33
96.8 + 1.0 * (-33 + 1.0 - 96.8) = -32.000000000000014
mai 07, 2020 7:20:01 P.M. no.hvl.projectparmorel.qlearning.QModelFixer updateQTable
INFO: Updated Q-table for error 38, context 0, action -2078906332 to new weight -32.000000000000014
mai 07, 2020 7:20:01 P.M. no.hvl.projectparmorel.qlearning.QModelFixer updateQTable
INFO: Calculating new Q-value:
Old Q-value: -1.0
Alpha: 1.0
Gamma:1.0

Reward: -33
-1.0 + 1.0 * (-33 + 1.0 - -1.0) = -32.0
mai 07, 2020 7:20:01 P.M. no.hvl.projectparmorel.qlearning.QModelFixer updateQTable
INFO: Updated Q-table for error 50, context 0, action -969028598 to new weight -32.0
mai 07, 2020 7:20:02 P.M. no.hvl.projectparmorel.qlearning.reward.PreferUnderstandability rewardcalculateRewardFor
INFO: Understandability of the metamodel: 1.2
Time to get metric: 826 ms
mai 07, 2020 7:20:02 P.M. no.hvl.projectparmorel.qlearning.QModelFixer fixModel
INFO: Solution added to possible solitons: [ErrorAction [Error: 38 The default value literal '' must be a valid literal of the attribute's type, Action: setDefaultValueLiteralGen, Error hierarchy: 0]
, ErrorAction [Error: 50 A containment or bidirectional reference must be unique if its upper bound is different from 1, Action: setUpperBound, Error hierarchy: 0]
]
mai 07, 2020 7:20:02 P.M. no.hvl.projectparmorel.qlearning.QModelFixer fixModel
INFO: EPISODE 15 TOTAL REWARD 127.0



mai 07, 2020 7:20:02 P.M. no.hvl.projectparmorel.qlearning.QModelFixer handleEpisode
INFO: EPISODE 16, STEP 0, Fixing error 38: The default value literal '' must be a valid literal of the attribute's type
mai 07, 2020 7:20:02 P.M. no.hvl.projectparmorel.qlearning.QModelFixer chooseAction
INFO: Choosing optimal action
mai 07, 2020 7:20:02 P.M. no.hvl.projectparmorel.qlearning.QModelFixer handleStep
INFO: Chose action setDefaultValueLiteralGen in context 0 with weight 98.8
mai 07, 2020 7:20:02 P.M. no.hvl.projectparmorel.qlearning.QModelFixer handleStep
INFO: Next error code: 50
mai 07, 2020 7:20:02 P.M. no.hvl.projectparmorel.qlearning.QModelFixer handleStep
INFO: Calculating new Q-value:
Old Q-value: 98.8
Alpha: 1.0
Gamma: 1.0
Reward: -2
Next optimal action Q-value: 98.8
98.8 + 1.0 * (-2 + 1.0 * 98.8 - 98.8) = 96.8
mai 07, 2020 7:20:02 P.M. no.hvl.projectparmorel.qlearning.QModelFixer handleStep
INFO: Updated Q-table for error 38, context 0, action -2078906332 setDefaultValueLiteralGen to new weight 96.8


mai 07, 2020 7:20:02 P.M. no.hvl.projectparmorel.qlearning.QModelFixer handleEpisode
INFO: EPISODE 16, STEP 1, Fixing error 50: A containment or bidirectional reference must be unique if its upper bound is different from 1
mai 07, 2020 7:20:02 P.M. no.hvl.projectparmorel.qlearning.QModelFixer chooseAction
INFO: Choosing optimal action
mai 07, 2020 7:20:02 P.M. no.hvl.projectparmorel.qlearning.QModelFixer handleStep
INFO: Chose action setContainmentGen in context 0 with weight 98.8
mai 07, 2020 7:20:02 P.M. no.hvl.projectparmorel.qlearning.QModelFixer updateQTable
INFO: Calculating new Q-value:
Old Q-value: 98.8
Alpha: 1.0
Gamma:1.0

Reward: -2
98.8 + 1.0 * (-2 + 1.0 - 98.8) = -1.0
mai 07, 2020 7:20:02 P.M. no.hvl.projectparmorel.qlearning.QModelFixer updateQTable
INFO: Updated Q-table for error 50, context 0, action 1062131977 to new weight -1.0
mai 07, 2020 7:20:03 P.M. no.hvl.projectparmorel.qlearning.ecore.EcoreSolution calculateDistanceFromOriginal
INFO: Calculated the distance between the models to -33.0
mai 07, 2020 7:20:03 P.M. no.hvl.projectparmorel.qlearning.reward.PreferCloseDinstanceToOriginalPreference rewardcalculateRewardFor
INFO: Time to measure distance: 278 ms
mai 07, 2020 7:20:03 P.M. no.hvl.projectparmorel.qlearning.QModelFixer updateQTable
INFO: Calculating new Q-value:
Old Q-value: 96.8
Alpha: 1.0
Gamma:1.0

Reward: -33
96.8 + 1.0 * (-33 + 1.0 - 96.8) = -32.000000000000014
mai 07, 2020 7:20:03 P.M. no.hvl.projectparmorel.qlearning.QModelFixer updateQTable
INFO: Updated Q-table for error 38, context 0, action -2078906332 to new weight -32.000000000000014
mai 07, 2020 7:20:03 P.M. no.hvl.projectparmorel.qlearning.QModelFixer updateQTable
INFO: Calculating new Q-value:
Old Q-value: -1.0
Alpha: 1.0
Gamma:1.0

Reward: -33
-1.0 + 1.0 * (-33 + 1.0 - -1.0) = -32.0
mai 07, 2020 7:20:03 P.M. no.hvl.projectparmorel.qlearning.QModelFixer updateQTable
INFO: Updated Q-table for error 50, context 0, action 1062131977 to new weight -32.0
mai 07, 2020 7:20:04 P.M. no.hvl.projectparmorel.qlearning.reward.PreferUnderstandability rewardcalculateRewardFor
INFO: Understandability of the metamodel: 1.2
Time to get metric: 913 ms
mai 07, 2020 7:20:04 P.M. no.hvl.projectparmorel.qlearning.QModelFixer isUnique
INFO: Solution [ErrorAction [Error: 38 The default value literal '' must be a valid literal of the attribute's type, Action: setDefaultValueLiteralGen, Error hierarchy: 0]
, ErrorAction [Error: 50 A containment or bidirectional reference must be unique if its upper bound is different from 1, Action: setContainmentGen, Error hierarchy: 0]
] already exists.
mai 07, 2020 7:20:04 P.M. no.hvl.projectparmorel.qlearning.QModelFixer fixModel
INFO: Solution discarded.
mai 07, 2020 7:20:04 P.M. no.hvl.projectparmorel.qlearning.QModelFixer fixModel
INFO: EPISODE 16 TOTAL REWARD 127.0



mai 07, 2020 7:20:04 P.M. no.hvl.projectparmorel.qlearning.QModelFixer handleEpisode
INFO: EPISODE 17, STEP 0, Fixing error 38: The default value literal '' must be a valid literal of the attribute's type
mai 07, 2020 7:20:04 P.M. no.hvl.projectparmorel.qlearning.QModelFixer chooseAction
INFO: Choosing random action.
mai 07, 2020 7:20:04 P.M. no.hvl.projectparmorel.qlearning.QModelFixer handleStep
INFO: Chose action setEType in context 0 with weight 98.8
mai 07, 2020 7:20:04 P.M. no.hvl.projectparmorel.qlearning.QModelFixer handleStep
INFO: Next error code: 50
mai 07, 2020 7:20:04 P.M. no.hvl.projectparmorel.qlearning.QModelFixer handleStep
INFO: Calculating new Q-value:
Old Q-value: 98.8
Alpha: 1.0
Gamma: 1.0
Reward: -2
Next optimal action Q-value: 98.8
98.8 + 1.0 * (-2 + 1.0 * 98.8 - 98.8) = 96.8
mai 07, 2020 7:20:04 P.M. no.hvl.projectparmorel.qlearning.QModelFixer handleStep
INFO: Updated Q-table for error 38, context 0, action -591535257 setEType to new weight 96.8


mai 07, 2020 7:20:04 P.M. no.hvl.projectparmorel.qlearning.QModelFixer handleEpisode
INFO: EPISODE 17, STEP 1, Fixing error 50: A containment or bidirectional reference must be unique if its upper bound is different from 1
mai 07, 2020 7:20:04 P.M. no.hvl.projectparmorel.qlearning.QModelFixer chooseAction
INFO: Choosing optimal action
mai 07, 2020 7:20:04 P.M. no.hvl.projectparmorel.qlearning.QModelFixer handleStep
INFO: Chose action setContainmentGen in context 0 with weight 98.8
mai 07, 2020 7:20:04 P.M. no.hvl.projectparmorel.qlearning.QModelFixer updateQTable
INFO: Calculating new Q-value:
Old Q-value: 98.8
Alpha: 1.0
Gamma:1.0

Reward: -2
98.8 + 1.0 * (-2 + 1.0 - 98.8) = -1.0
mai 07, 2020 7:20:04 P.M. no.hvl.projectparmorel.qlearning.QModelFixer updateQTable
INFO: Updated Q-table for error 50, context 0, action 1062131977 to new weight -1.0
mai 07, 2020 7:20:04 P.M. no.hvl.projectparmorel.qlearning.ecore.EcoreSolution calculateDistanceFromOriginal
INFO: Calculated the distance between the models to -34.0
mai 07, 2020 7:20:04 P.M. no.hvl.projectparmorel.qlearning.reward.PreferCloseDinstanceToOriginalPreference rewardcalculateRewardFor
INFO: Time to measure distance: 277 ms
mai 07, 2020 7:20:04 P.M. no.hvl.projectparmorel.qlearning.QModelFixer updateQTable
INFO: Calculating new Q-value:
Old Q-value: 96.8
Alpha: 1.0
Gamma:1.0

Reward: -34
96.8 + 1.0 * (-34 + 1.0 - 96.8) = -33.000000000000014
mai 07, 2020 7:20:04 P.M. no.hvl.projectparmorel.qlearning.QModelFixer updateQTable
INFO: Updated Q-table for error 38, context 0, action -591535257 to new weight -33.000000000000014
mai 07, 2020 7:20:04 P.M. no.hvl.projectparmorel.qlearning.QModelFixer updateQTable
INFO: Calculating new Q-value:
Old Q-value: -1.0
Alpha: 1.0
Gamma:1.0

Reward: -34
-1.0 + 1.0 * (-34 + 1.0 - -1.0) = -33.0
mai 07, 2020 7:20:04 P.M. no.hvl.projectparmorel.qlearning.QModelFixer updateQTable
INFO: Updated Q-table for error 50, context 0, action 1062131977 to new weight -33.0
mai 07, 2020 7:20:05 P.M. no.hvl.projectparmorel.qlearning.reward.PreferUnderstandability rewardcalculateRewardFor
INFO: Understandability of the metamodel: 1.2
Time to get metric: 857 ms
mai 07, 2020 7:20:05 P.M. no.hvl.projectparmorel.qlearning.QModelFixer isUnique
INFO: Solution [ErrorAction [Error: 38 The default value literal '' must be a valid literal of the attribute's type, Action: setEType, Error hierarchy: 0]
, ErrorAction [Error: 50 A containment or bidirectional reference must be unique if its upper bound is different from 1, Action: setContainmentGen, Error hierarchy: 0]
] already exists.
mai 07, 2020 7:20:05 P.M. no.hvl.projectparmorel.qlearning.QModelFixer fixModel
INFO: Solution discarded.
mai 07, 2020 7:20:05 P.M. no.hvl.projectparmorel.qlearning.QModelFixer fixModel
INFO: EPISODE 17 TOTAL REWARD 125.0



mai 07, 2020 7:20:05 P.M. no.hvl.projectparmorel.qlearning.QModelFixer handleEpisode
INFO: EPISODE 18, STEP 0, Fixing error 38: The default value literal '' must be a valid literal of the attribute's type
mai 07, 2020 7:20:05 P.M. no.hvl.projectparmorel.qlearning.QModelFixer chooseAction
INFO: Choosing optimal action
mai 07, 2020 7:20:05 P.M. no.hvl.projectparmorel.qlearning.QModelFixer handleStep
INFO: Chose action setDefaultValueLiteralGen in context 0 with weight 98.8
mai 07, 2020 7:20:05 P.M. no.hvl.projectparmorel.qlearning.QModelFixer handleStep
INFO: Next error code: 50
mai 07, 2020 7:20:05 P.M. no.hvl.projectparmorel.qlearning.QModelFixer handleStep
INFO: Calculating new Q-value:
Old Q-value: 98.8
Alpha: 1.0
Gamma: 1.0
Reward: -2
Next optimal action Q-value: 98.8
98.8 + 1.0 * (-2 + 1.0 * 98.8 - 98.8) = 96.8
mai 07, 2020 7:20:05 P.M. no.hvl.projectparmorel.qlearning.QModelFixer handleStep
INFO: Updated Q-table for error 38, context 0, action -2078906332 setDefaultValueLiteralGen to new weight 96.8


mai 07, 2020 7:20:05 P.M. no.hvl.projectparmorel.qlearning.QModelFixer handleEpisode
INFO: EPISODE 18, STEP 1, Fixing error 50: A containment or bidirectional reference must be unique if its upper bound is different from 1
mai 07, 2020 7:20:05 P.M. no.hvl.projectparmorel.qlearning.QModelFixer chooseAction
INFO: Choosing optimal action
mai 07, 2020 7:20:05 P.M. no.hvl.projectparmorel.qlearning.QModelFixer handleStep
INFO: Chose action setContainmentGen in context 0 with weight 98.8
mai 07, 2020 7:20:05 P.M. no.hvl.projectparmorel.qlearning.QModelFixer updateQTable
INFO: Calculating new Q-value:
Old Q-value: 98.8
Alpha: 1.0
Gamma:1.0

Reward: -2
98.8 + 1.0 * (-2 + 1.0 - 98.8) = -1.0
mai 07, 2020 7:20:05 P.M. no.hvl.projectparmorel.qlearning.QModelFixer updateQTable
INFO: Updated Q-table for error 50, context 0, action 1062131977 to new weight -1.0
mai 07, 2020 7:20:05 P.M. no.hvl.projectparmorel.qlearning.ecore.EcoreSolution calculateDistanceFromOriginal
INFO: Calculated the distance between the models to -33.0
mai 07, 2020 7:20:05 P.M. no.hvl.projectparmorel.qlearning.reward.PreferCloseDinstanceToOriginalPreference rewardcalculateRewardFor
INFO: Time to measure distance: 277 ms
mai 07, 2020 7:20:05 P.M. no.hvl.projectparmorel.qlearning.QModelFixer updateQTable
INFO: Calculating new Q-value:
Old Q-value: 96.8
Alpha: 1.0
Gamma:1.0

Reward: -33
96.8 + 1.0 * (-33 + 1.0 - 96.8) = -32.000000000000014
mai 07, 2020 7:20:05 P.M. no.hvl.projectparmorel.qlearning.QModelFixer updateQTable
INFO: Updated Q-table for error 38, context 0, action -2078906332 to new weight -32.000000000000014
mai 07, 2020 7:20:05 P.M. no.hvl.projectparmorel.qlearning.QModelFixer updateQTable
INFO: Calculating new Q-value:
Old Q-value: -1.0
Alpha: 1.0
Gamma:1.0

Reward: -33
-1.0 + 1.0 * (-33 + 1.0 - -1.0) = -32.0
mai 07, 2020 7:20:05 P.M. no.hvl.projectparmorel.qlearning.QModelFixer updateQTable
INFO: Updated Q-table for error 50, context 0, action 1062131977 to new weight -32.0
mai 07, 2020 7:20:06 P.M. no.hvl.projectparmorel.qlearning.reward.PreferUnderstandability rewardcalculateRewardFor
INFO: Understandability of the metamodel: 1.2
Time to get metric: 895 ms
mai 07, 2020 7:20:06 P.M. no.hvl.projectparmorel.qlearning.QModelFixer isUnique
INFO: Solution [ErrorAction [Error: 38 The default value literal '' must be a valid literal of the attribute's type, Action: setDefaultValueLiteralGen, Error hierarchy: 0]
, ErrorAction [Error: 50 A containment or bidirectional reference must be unique if its upper bound is different from 1, Action: setContainmentGen, Error hierarchy: 0]
] already exists.
mai 07, 2020 7:20:06 P.M. no.hvl.projectparmorel.qlearning.QModelFixer fixModel
INFO: Solution discarded.
mai 07, 2020 7:20:06 P.M. no.hvl.projectparmorel.qlearning.QModelFixer fixModel
INFO: EPISODE 18 TOTAL REWARD 127.0



mai 07, 2020 7:20:06 P.M. no.hvl.projectparmorel.qlearning.QModelFixer handleEpisode
INFO: EPISODE 19, STEP 0, Fixing error 38: The default value literal '' must be a valid literal of the attribute's type
mai 07, 2020 7:20:06 P.M. no.hvl.projectparmorel.qlearning.QModelFixer chooseAction
INFO: Choosing random action.
mai 07, 2020 7:20:06 P.M. no.hvl.projectparmorel.qlearning.QModelFixer handleStep
INFO: Chose action setEType in context 0 with weight 98.8
mai 07, 2020 7:20:06 P.M. no.hvl.projectparmorel.qlearning.QModelFixer handleStep
INFO: Next error code: 50
mai 07, 2020 7:20:06 P.M. no.hvl.projectparmorel.qlearning.QModelFixer handleStep
INFO: Calculating new Q-value:
Old Q-value: 98.8
Alpha: 1.0
Gamma: 1.0
Reward: -2
Next optimal action Q-value: 98.8
98.8 + 1.0 * (-2 + 1.0 * 98.8 - 98.8) = 96.8
mai 07, 2020 7:20:06 P.M. no.hvl.projectparmorel.qlearning.QModelFixer handleStep
INFO: Updated Q-table for error 38, context 0, action -591535257 setEType to new weight 96.8


mai 07, 2020 7:20:06 P.M. no.hvl.projectparmorel.qlearning.QModelFixer handleEpisode
INFO: EPISODE 19, STEP 1, Fixing error 50: A containment or bidirectional reference must be unique if its upper bound is different from 1
mai 07, 2020 7:20:06 P.M. no.hvl.projectparmorel.qlearning.QModelFixer chooseAction
INFO: Choosing optimal action
mai 07, 2020 7:20:06 P.M. no.hvl.projectparmorel.qlearning.QModelFixer handleStep
INFO: Chose action setContainmentGen in context 0 with weight 98.8
mai 07, 2020 7:20:06 P.M. no.hvl.projectparmorel.qlearning.QModelFixer updateQTable
INFO: Calculating new Q-value:
Old Q-value: 98.8
Alpha: 1.0
Gamma:1.0

Reward: -2
98.8 + 1.0 * (-2 + 1.0 - 98.8) = -1.0
mai 07, 2020 7:20:06 P.M. no.hvl.projectparmorel.qlearning.QModelFixer updateQTable
INFO: Updated Q-table for error 50, context 0, action 1062131977 to new weight -1.0
mai 07, 2020 7:20:07 P.M. no.hvl.projectparmorel.qlearning.ecore.EcoreSolution calculateDistanceFromOriginal
INFO: Calculated the distance between the models to -18.0
mai 07, 2020 7:20:07 P.M. no.hvl.projectparmorel.qlearning.reward.PreferCloseDinstanceToOriginalPreference rewardcalculateRewardFor
INFO: Time to measure distance: 393 ms
mai 07, 2020 7:20:07 P.M. no.hvl.projectparmorel.qlearning.QModelFixer updateQTable
INFO: Calculating new Q-value:
Old Q-value: 96.8
Alpha: 1.0
Gamma:1.0

Reward: -18
96.8 + 1.0 * (-18 + 1.0 - 96.8) = -17.0
mai 07, 2020 7:20:07 P.M. no.hvl.projectparmorel.qlearning.QModelFixer updateQTable
INFO: Updated Q-table for error 38, context 0, action -591535257 to new weight -17.0
mai 07, 2020 7:20:07 P.M. no.hvl.projectparmorel.qlearning.QModelFixer updateQTable
INFO: Calculating new Q-value:
Old Q-value: -1.0
Alpha: 1.0
Gamma:1.0

Reward: -18
-1.0 + 1.0 * (-18 + 1.0 - -1.0) = -17.0
mai 07, 2020 7:20:07 P.M. no.hvl.projectparmorel.qlearning.QModelFixer updateQTable
INFO: Updated Q-table for error 50, context 0, action 1062131977 to new weight -17.0
mai 07, 2020 7:20:08 P.M. no.hvl.projectparmorel.qlearning.reward.PreferUnderstandability rewardcalculateRewardFor
INFO: Understandability of the metamodel: 1.2
Time to get metric: 848 ms
mai 07, 2020 7:20:08 P.M. no.hvl.projectparmorel.qlearning.QModelFixer isUnique
INFO: Solution [ErrorAction [Error: 38 The default value literal '' must be a valid literal of the attribute's type, Action: setEType, Error hierarchy: 0]
, ErrorAction [Error: 50 A containment or bidirectional reference must be unique if its upper bound is different from 1, Action: setContainmentGen, Error hierarchy: 0]
] already exists.
mai 07, 2020 7:20:08 P.M. no.hvl.projectparmorel.qlearning.QModelFixer fixModel
INFO: Solution discarded.
mai 07, 2020 7:20:08 P.M. no.hvl.projectparmorel.qlearning.QModelFixer fixModel
INFO: EPISODE 19 TOTAL REWARD 157.0



mai 07, 2020 7:20:08 P.M. no.hvl.projectparmorel.qlearning.QModelFixer handleEpisode
INFO: EPISODE 20, STEP 0, Fixing error 38: The default value literal '' must be a valid literal of the attribute's type
mai 07, 2020 7:20:08 P.M. no.hvl.projectparmorel.qlearning.QModelFixer chooseAction
INFO: Choosing optimal action
mai 07, 2020 7:20:08 P.M. no.hvl.projectparmorel.qlearning.QModelFixer handleStep
INFO: Chose action setDefaultValueLiteralGen in context 0 with weight 98.8
mai 07, 2020 7:20:08 P.M. no.hvl.projectparmorel.qlearning.QModelFixer handleStep
INFO: Next error code: 50
mai 07, 2020 7:20:08 P.M. no.hvl.projectparmorel.qlearning.QModelFixer handleStep
INFO: Calculating new Q-value:
Old Q-value: 98.8
Alpha: 1.0
Gamma: 1.0
Reward: -2
Next optimal action Q-value: 98.8
98.8 + 1.0 * (-2 + 1.0 * 98.8 - 98.8) = 96.8
mai 07, 2020 7:20:08 P.M. no.hvl.projectparmorel.qlearning.QModelFixer handleStep
INFO: Updated Q-table for error 38, context 0, action -2078906332 setDefaultValueLiteralGen to new weight 96.8


mai 07, 2020 7:20:08 P.M. no.hvl.projectparmorel.qlearning.QModelFixer handleEpisode
INFO: EPISODE 20, STEP 1, Fixing error 50: A containment or bidirectional reference must be unique if its upper bound is different from 1
mai 07, 2020 7:20:08 P.M. no.hvl.projectparmorel.qlearning.QModelFixer chooseAction
INFO: Choosing random action.
mai 07, 2020 7:20:08 P.M. no.hvl.projectparmorel.qlearning.QModelFixer handleStep
INFO: Chose action setContainment in context 0 with weight 98.8
mai 07, 2020 7:20:08 P.M. no.hvl.projectparmorel.qlearning.QModelFixer updateQTable
INFO: Calculating new Q-value:
Old Q-value: 98.8
Alpha: 1.0
Gamma:1.0

Reward: -2
98.8 + 1.0 * (-2 + 1.0 - 98.8) = -1.0
mai 07, 2020 7:20:08 P.M. no.hvl.projectparmorel.qlearning.QModelFixer updateQTable
INFO: Updated Q-table for error 50, context 0, action 951444921 to new weight -1.0
mai 07, 2020 7:20:08 P.M. no.hvl.projectparmorel.qlearning.ecore.EcoreSolution calculateDistanceFromOriginal
INFO: Calculated the distance between the models to -17.0
mai 07, 2020 7:20:08 P.M. no.hvl.projectparmorel.qlearning.reward.PreferCloseDinstanceToOriginalPreference rewardcalculateRewardFor
INFO: Time to measure distance: 286 ms
mai 07, 2020 7:20:08 P.M. no.hvl.projectparmorel.qlearning.QModelFixer updateQTable
INFO: Calculating new Q-value:
Old Q-value: 96.8
Alpha: 1.0
Gamma:1.0

Reward: -17
96.8 + 1.0 * (-17 + 1.0 - 96.8) = -16.0
mai 07, 2020 7:20:08 P.M. no.hvl.projectparmorel.qlearning.QModelFixer updateQTable
INFO: Updated Q-table for error 38, context 0, action -2078906332 to new weight -16.0
mai 07, 2020 7:20:08 P.M. no.hvl.projectparmorel.qlearning.QModelFixer updateQTable
INFO: Calculating new Q-value:
Old Q-value: -1.0
Alpha: 1.0
Gamma:1.0

Reward: -17
-1.0 + 1.0 * (-17 + 1.0 - -1.0) = -16.0
mai 07, 2020 7:20:08 P.M. no.hvl.projectparmorel.qlearning.QModelFixer updateQTable
INFO: Updated Q-table for error 50, context 0, action 951444921 to new weight -16.0
mai 07, 2020 7:20:09 P.M. no.hvl.projectparmorel.qlearning.reward.PreferUnderstandability rewardcalculateRewardFor
INFO: Understandability of the metamodel: 1.2
Time to get metric: 993 ms
mai 07, 2020 7:20:09 P.M. no.hvl.projectparmorel.qlearning.QModelFixer isUnique
INFO: Solution [ErrorAction [Error: 38 The default value literal '' must be a valid literal of the attribute's type, Action: setDefaultValueLiteralGen, Error hierarchy: 0]
, ErrorAction [Error: 50 A containment or bidirectional reference must be unique if its upper bound is different from 1, Action: setContainment, Error hierarchy: 0]
] already exists.
mai 07, 2020 7:20:09 P.M. no.hvl.projectparmorel.qlearning.QModelFixer fixModel
INFO: Solution discarded.
mai 07, 2020 7:20:09 P.M. no.hvl.projectparmorel.qlearning.QModelFixer fixModel
INFO: EPISODE 20 TOTAL REWARD 159.0



mai 07, 2020 7:20:09 P.M. no.hvl.projectparmorel.qlearning.QModelFixer handleEpisode
INFO: EPISODE 21, STEP 0, Fixing error 38: The default value literal '' must be a valid literal of the attribute's type
mai 07, 2020 7:20:09 P.M. no.hvl.projectparmorel.qlearning.QModelFixer chooseAction
INFO: Choosing random action.
mai 07, 2020 7:20:09 P.M. no.hvl.projectparmorel.qlearning.QModelFixer handleStep
INFO: Chose action delete in context 0 with weight 98.8
mai 07, 2020 7:20:14 P.M. no.hvl.projectparmorel.qlearning.QModelFixer handleStep
INFO: Next error code: 50
mai 07, 2020 7:20:14 P.M. no.hvl.projectparmorel.qlearning.QModelFixer handleStep
INFO: Calculating new Q-value:
Old Q-value: 98.8
Alpha: 1.0
Gamma: 1.0
Reward: -2
Next optimal action Q-value: 98.8
98.8 + 1.0 * (-2 + 1.0 * 98.8 - 98.8) = 96.8
mai 07, 2020 7:20:14 P.M. no.hvl.projectparmorel.qlearning.QModelFixer handleStep
INFO: Updated Q-table for error 38, context 0, action 99999 delete to new weight 96.8


mai 07, 2020 7:20:14 P.M. no.hvl.projectparmorel.qlearning.QModelFixer handleEpisode
INFO: EPISODE 21, STEP 1, Fixing error 50: A containment or bidirectional reference must be unique if its upper bound is different from 1
mai 07, 2020 7:20:14 P.M. no.hvl.projectparmorel.qlearning.QModelFixer chooseAction
INFO: Choosing random action.
mai 07, 2020 7:20:14 P.M. no.hvl.projectparmorel.qlearning.QModelFixer handleStep
INFO: Chose action setContainmentGen in context 0 with weight 98.8
mai 07, 2020 7:20:14 P.M. no.hvl.projectparmorel.qlearning.QModelFixer updateQTable
INFO: Calculating new Q-value:
Old Q-value: 98.8
Alpha: 1.0
Gamma:1.0

Reward: -2
98.8 + 1.0 * (-2 + 1.0 - 98.8) = -1.0
mai 07, 2020 7:20:14 P.M. no.hvl.projectparmorel.qlearning.QModelFixer updateQTable
INFO: Updated Q-table for error 50, context 0, action 1062131977 to new weight -1.0
mai 07, 2020 7:20:15 P.M. no.hvl.projectparmorel.qlearning.ecore.EcoreSolution calculateDistanceFromOriginal
INFO: Calculated the distance between the models to -18.0
mai 07, 2020 7:20:15 P.M. no.hvl.projectparmorel.qlearning.reward.PreferCloseDinstanceToOriginalPreference rewardcalculateRewardFor
INFO: Time to measure distance: 354 ms
mai 07, 2020 7:20:15 P.M. no.hvl.projectparmorel.qlearning.QModelFixer updateQTable
INFO: Calculating new Q-value:
Old Q-value: 96.8
Alpha: 1.0
Gamma:1.0

Reward: -18
96.8 + 1.0 * (-18 + 1.0 - 96.8) = -17.0
mai 07, 2020 7:20:15 P.M. no.hvl.projectparmorel.qlearning.QModelFixer updateQTable
INFO: Updated Q-table for error 38, context 0, action 99999 to new weight -17.0
mai 07, 2020 7:20:15 P.M. no.hvl.projectparmorel.qlearning.QModelFixer updateQTable
INFO: Calculating new Q-value:
Old Q-value: -1.0
Alpha: 1.0
Gamma:1.0

Reward: -18
-1.0 + 1.0 * (-18 + 1.0 - -1.0) = -17.0
mai 07, 2020 7:20:15 P.M. no.hvl.projectparmorel.qlearning.QModelFixer updateQTable
INFO: Updated Q-table for error 50, context 0, action 1062131977 to new weight -17.0
mai 07, 2020 7:20:16 P.M. no.hvl.projectparmorel.qlearning.reward.PreferUnderstandability rewardcalculateRewardFor
INFO: Understandability of the metamodel: 1.2
Time to get metric: 1000 ms
mai 07, 2020 7:20:16 P.M. no.hvl.projectparmorel.qlearning.QModelFixer isUnique
INFO: Solution [ErrorAction [Error: 38 The default value literal '' must be a valid literal of the attribute's type, Action: delete, Error hierarchy: 0]
, ErrorAction [Error: 50 A containment or bidirectional reference must be unique if its upper bound is different from 1, Action: setContainmentGen, Error hierarchy: 0]
] already exists.
mai 07, 2020 7:20:16 P.M. no.hvl.projectparmorel.qlearning.QModelFixer fixModel
INFO: Solution discarded.
mai 07, 2020 7:20:16 P.M. no.hvl.projectparmorel.qlearning.QModelFixer fixModel
INFO: EPISODE 21 TOTAL REWARD 157.0



mai 07, 2020 7:20:16 P.M. no.hvl.projectparmorel.qlearning.QModelFixer handleEpisode
INFO: EPISODE 22, STEP 0, Fixing error 38: The default value literal '' must be a valid literal of the attribute's type
mai 07, 2020 7:20:16 P.M. no.hvl.projectparmorel.qlearning.QModelFixer chooseAction
INFO: Choosing optimal action
mai 07, 2020 7:20:16 P.M. no.hvl.projectparmorel.qlearning.QModelFixer handleStep
INFO: Chose action setDefaultValueLiteralGen in context 0 with weight 98.8
mai 07, 2020 7:20:16 P.M. no.hvl.projectparmorel.qlearning.QModelFixer handleStep
INFO: Next error code: 50
mai 07, 2020 7:20:16 P.M. no.hvl.projectparmorel.qlearning.QModelFixer handleStep
INFO: Calculating new Q-value:
Old Q-value: 98.8
Alpha: 1.0
Gamma: 1.0
Reward: -2
Next optimal action Q-value: 98.8
98.8 + 1.0 * (-2 + 1.0 * 98.8 - 98.8) = 96.8
mai 07, 2020 7:20:16 P.M. no.hvl.projectparmorel.qlearning.QModelFixer handleStep
INFO: Updated Q-table for error 38, context 0, action -2078906332 setDefaultValueLiteralGen to new weight 96.8


mai 07, 2020 7:20:16 P.M. no.hvl.projectparmorel.qlearning.QModelFixer handleEpisode
INFO: EPISODE 22, STEP 1, Fixing error 50: A containment or bidirectional reference must be unique if its upper bound is different from 1
mai 07, 2020 7:20:16 P.M. no.hvl.projectparmorel.qlearning.QModelFixer chooseAction
INFO: Choosing optimal action
mai 07, 2020 7:20:16 P.M. no.hvl.projectparmorel.qlearning.QModelFixer handleStep
INFO: Chose action setContainmentGen in context 0 with weight 98.8
mai 07, 2020 7:20:16 P.M. no.hvl.projectparmorel.qlearning.QModelFixer updateQTable
INFO: Calculating new Q-value:
Old Q-value: 98.8
Alpha: 1.0
Gamma:1.0

Reward: -2
98.8 + 1.0 * (-2 + 1.0 - 98.8) = -1.0
mai 07, 2020 7:20:16 P.M. no.hvl.projectparmorel.qlearning.QModelFixer updateQTable
INFO: Updated Q-table for error 50, context 0, action 1062131977 to new weight -1.0
mai 07, 2020 7:20:16 P.M. no.hvl.projectparmorel.qlearning.ecore.EcoreSolution calculateDistanceFromOriginal
INFO: Calculated the distance between the models to -33.0
mai 07, 2020 7:20:16 P.M. no.hvl.projectparmorel.qlearning.reward.PreferCloseDinstanceToOriginalPreference rewardcalculateRewardFor
INFO: Time to measure distance: 302 ms
mai 07, 2020 7:20:16 P.M. no.hvl.projectparmorel.qlearning.QModelFixer updateQTable
INFO: Calculating new Q-value:
Old Q-value: 96.8
Alpha: 1.0
Gamma:1.0

Reward: -33
96.8 + 1.0 * (-33 + 1.0 - 96.8) = -32.000000000000014
mai 07, 2020 7:20:16 P.M. no.hvl.projectparmorel.qlearning.QModelFixer updateQTable
INFO: Updated Q-table for error 38, context 0, action -2078906332 to new weight -32.000000000000014
mai 07, 2020 7:20:16 P.M. no.hvl.projectparmorel.qlearning.QModelFixer updateQTable
INFO: Calculating new Q-value:
Old Q-value: -1.0
Alpha: 1.0
Gamma:1.0

Reward: -33
-1.0 + 1.0 * (-33 + 1.0 - -1.0) = -32.0
mai 07, 2020 7:20:16 P.M. no.hvl.projectparmorel.qlearning.QModelFixer updateQTable
INFO: Updated Q-table for error 50, context 0, action 1062131977 to new weight -32.0
mai 07, 2020 7:20:17 P.M. no.hvl.projectparmorel.qlearning.reward.PreferUnderstandability rewardcalculateRewardFor
INFO: Understandability of the metamodel: 1.2
Time to get metric: 931 ms
mai 07, 2020 7:20:17 P.M. no.hvl.projectparmorel.qlearning.QModelFixer isUnique
INFO: Solution [ErrorAction [Error: 38 The default value literal '' must be a valid literal of the attribute's type, Action: setDefaultValueLiteralGen, Error hierarchy: 0]
, ErrorAction [Error: 50 A containment or bidirectional reference must be unique if its upper bound is different from 1, Action: setContainmentGen, Error hierarchy: 0]
] already exists.
mai 07, 2020 7:20:17 P.M. no.hvl.projectparmorel.qlearning.QModelFixer fixModel
INFO: Solution discarded.
mai 07, 2020 7:20:17 P.M. no.hvl.projectparmorel.qlearning.QModelFixer fixModel
INFO: EPISODE 22 TOTAL REWARD 127.0



mai 07, 2020 7:20:17 P.M. no.hvl.projectparmorel.qlearning.QModelFixer handleEpisode
INFO: EPISODE 23, STEP 0, Fixing error 38: The default value literal '' must be a valid literal of the attribute's type
mai 07, 2020 7:20:17 P.M. no.hvl.projectparmorel.qlearning.QModelFixer chooseAction
INFO: Choosing optimal action
mai 07, 2020 7:20:17 P.M. no.hvl.projectparmorel.qlearning.QModelFixer handleStep
INFO: Chose action setDefaultValueLiteralGen in context 0 with weight 98.8
mai 07, 2020 7:20:17 P.M. no.hvl.projectparmorel.qlearning.QModelFixer handleStep
INFO: Next error code: 50
mai 07, 2020 7:20:17 P.M. no.hvl.projectparmorel.qlearning.QModelFixer handleStep
INFO: Calculating new Q-value:
Old Q-value: 98.8
Alpha: 1.0
Gamma: 1.0
Reward: -2
Next optimal action Q-value: 98.8
98.8 + 1.0 * (-2 + 1.0 * 98.8 - 98.8) = 96.8
mai 07, 2020 7:20:17 P.M. no.hvl.projectparmorel.qlearning.QModelFixer handleStep
INFO: Updated Q-table for error 38, context 0, action -2078906332 setDefaultValueLiteralGen to new weight 96.8


mai 07, 2020 7:20:17 P.M. no.hvl.projectparmorel.qlearning.QModelFixer handleEpisode
INFO: EPISODE 23, STEP 1, Fixing error 50: A containment or bidirectional reference must be unique if its upper bound is different from 1
mai 07, 2020 7:20:17 P.M. no.hvl.projectparmorel.qlearning.QModelFixer chooseAction
INFO: Choosing optimal action
mai 07, 2020 7:20:17 P.M. no.hvl.projectparmorel.qlearning.QModelFixer handleStep
INFO: Chose action setContainmentGen in context 0 with weight 98.8
mai 07, 2020 7:20:17 P.M. no.hvl.projectparmorel.qlearning.QModelFixer updateQTable
INFO: Calculating new Q-value:
Old Q-value: 98.8
Alpha: 1.0
Gamma:1.0

Reward: -2
98.8 + 1.0 * (-2 + 1.0 - 98.8) = -1.0
mai 07, 2020 7:20:17 P.M. no.hvl.projectparmorel.qlearning.QModelFixer updateQTable
INFO: Updated Q-table for error 50, context 0, action 1062131977 to new weight -1.0
mai 07, 2020 7:20:18 P.M. no.hvl.projectparmorel.qlearning.ecore.EcoreSolution calculateDistanceFromOriginal
INFO: Calculated the distance between the models to -33.0
mai 07, 2020 7:20:18 P.M. no.hvl.projectparmorel.qlearning.reward.PreferCloseDinstanceToOriginalPreference rewardcalculateRewardFor
INFO: Time to measure distance: 427 ms
mai 07, 2020 7:20:18 P.M. no.hvl.projectparmorel.qlearning.QModelFixer updateQTable
INFO: Calculating new Q-value:
Old Q-value: 96.8
Alpha: 1.0
Gamma:1.0

Reward: -33
96.8 + 1.0 * (-33 + 1.0 - 96.8) = -32.000000000000014
mai 07, 2020 7:20:18 P.M. no.hvl.projectparmorel.qlearning.QModelFixer updateQTable
INFO: Updated Q-table for error 38, context 0, action -2078906332 to new weight -32.000000000000014
mai 07, 2020 7:20:18 P.M. no.hvl.projectparmorel.qlearning.QModelFixer updateQTable
INFO: Calculating new Q-value:
Old Q-value: -1.0
Alpha: 1.0
Gamma:1.0

Reward: -33
-1.0 + 1.0 * (-33 + 1.0 - -1.0) = -32.0
mai 07, 2020 7:20:18 P.M. no.hvl.projectparmorel.qlearning.QModelFixer updateQTable
INFO: Updated Q-table for error 50, context 0, action 1062131977 to new weight -32.0
mai 07, 2020 7:20:19 P.M. no.hvl.projectparmorel.qlearning.reward.PreferUnderstandability rewardcalculateRewardFor
INFO: Understandability of the metamodel: 1.2
Time to get metric: 1048 ms
mai 07, 2020 7:20:19 P.M. no.hvl.projectparmorel.qlearning.QModelFixer isUnique
INFO: Solution [ErrorAction [Error: 38 The default value literal '' must be a valid literal of the attribute's type, Action: setDefaultValueLiteralGen, Error hierarchy: 0]
, ErrorAction [Error: 50 A containment or bidirectional reference must be unique if its upper bound is different from 1, Action: setContainmentGen, Error hierarchy: 0]
] already exists.
mai 07, 2020 7:20:19 P.M. no.hvl.projectparmorel.qlearning.QModelFixer fixModel
INFO: Solution discarded.
mai 07, 2020 7:20:19 P.M. no.hvl.projectparmorel.qlearning.QModelFixer fixModel
INFO: EPISODE 23 TOTAL REWARD 127.0



mai 07, 2020 7:20:19 P.M. no.hvl.projectparmorel.qlearning.QModelFixer handleEpisode
INFO: EPISODE 24, STEP 0, Fixing error 38: The default value literal '' must be a valid literal of the attribute's type
mai 07, 2020 7:20:19 P.M. no.hvl.projectparmorel.qlearning.QModelFixer chooseAction
INFO: Choosing optimal action
mai 07, 2020 7:20:19 P.M. no.hvl.projectparmorel.qlearning.QModelFixer handleStep
INFO: Chose action setDefaultValueLiteralGen in context 0 with weight 98.8
mai 07, 2020 7:20:19 P.M. no.hvl.projectparmorel.qlearning.QModelFixer handleStep
INFO: Next error code: 50
mai 07, 2020 7:20:19 P.M. no.hvl.projectparmorel.qlearning.QModelFixer handleStep
INFO: Calculating new Q-value:
Old Q-value: 98.8
Alpha: 1.0
Gamma: 1.0
Reward: -2
Next optimal action Q-value: 98.8
98.8 + 1.0 * (-2 + 1.0 * 98.8 - 98.8) = 96.8
mai 07, 2020 7:20:19 P.M. no.hvl.projectparmorel.qlearning.QModelFixer handleStep
INFO: Updated Q-table for error 38, context 0, action -2078906332 setDefaultValueLiteralGen to new weight 96.8


mai 07, 2020 7:20:19 P.M. no.hvl.projectparmorel.qlearning.QModelFixer handleEpisode
INFO: EPISODE 24, STEP 1, Fixing error 50: A containment or bidirectional reference must be unique if its upper bound is different from 1
mai 07, 2020 7:20:19 P.M. no.hvl.projectparmorel.qlearning.QModelFixer chooseAction
INFO: Choosing random action.
mai 07, 2020 7:20:19 P.M. no.hvl.projectparmorel.qlearning.QModelFixer handleStep
INFO: Chose action setContainmentGen in context 0 with weight 98.8
mai 07, 2020 7:20:19 P.M. no.hvl.projectparmorel.qlearning.QModelFixer updateQTable
INFO: Calculating new Q-value:
Old Q-value: 98.8
Alpha: 1.0
Gamma:1.0

Reward: -2
98.8 + 1.0 * (-2 + 1.0 - 98.8) = -1.0
mai 07, 2020 7:20:19 P.M. no.hvl.projectparmorel.qlearning.QModelFixer updateQTable
INFO: Updated Q-table for error 50, context 0, action 1062131977 to new weight -1.0
mai 07, 2020 7:20:19 P.M. no.hvl.projectparmorel.qlearning.ecore.EcoreSolution calculateDistanceFromOriginal
INFO: Calculated the distance between the models to -33.0
mai 07, 2020 7:20:19 P.M. no.hvl.projectparmorel.qlearning.reward.PreferCloseDinstanceToOriginalPreference rewardcalculateRewardFor
INFO: Time to measure distance: 300 ms
mai 07, 2020 7:20:19 P.M. no.hvl.projectparmorel.qlearning.QModelFixer updateQTable
INFO: Calculating new Q-value:
Old Q-value: 96.8
Alpha: 1.0
Gamma:1.0

Reward: -33
96.8 + 1.0 * (-33 + 1.0 - 96.8) = -32.000000000000014
mai 07, 2020 7:20:19 P.M. no.hvl.projectparmorel.qlearning.QModelFixer updateQTable
INFO: Updated Q-table for error 38, context 0, action -2078906332 to new weight -32.000000000000014
mai 07, 2020 7:20:19 P.M. no.hvl.projectparmorel.qlearning.QModelFixer updateQTable
INFO: Calculating new Q-value:
Old Q-value: -1.0
Alpha: 1.0
Gamma:1.0

Reward: -33
-1.0 + 1.0 * (-33 + 1.0 - -1.0) = -32.0
mai 07, 2020 7:20:19 P.M. no.hvl.projectparmorel.qlearning.QModelFixer updateQTable
INFO: Updated Q-table for error 50, context 0, action 1062131977 to new weight -32.0
mai 07, 2020 7:20:20 P.M. no.hvl.projectparmorel.qlearning.reward.PreferUnderstandability rewardcalculateRewardFor
INFO: Understandability of the metamodel: 1.2
Time to get metric: 923 ms
mai 07, 2020 7:20:20 P.M. no.hvl.projectparmorel.qlearning.QModelFixer isUnique
INFO: Solution [ErrorAction [Error: 38 The default value literal '' must be a valid literal of the attribute's type, Action: setDefaultValueLiteralGen, Error hierarchy: 0]
, ErrorAction [Error: 50 A containment or bidirectional reference must be unique if its upper bound is different from 1, Action: setContainmentGen, Error hierarchy: 0]
] already exists.
mai 07, 2020 7:20:20 P.M. no.hvl.projectparmorel.qlearning.QModelFixer fixModel
INFO: Solution discarded.
mai 07, 2020 7:20:20 P.M. no.hvl.projectparmorel.qlearning.QModelFixer fixModel
INFO: EPISODE 24 TOTAL REWARD 127.0



mai 07, 2020 7:20:20 P.M. no.hvl.projectparmorel.qlearning.QModelFixer fixModel
INFO: Time repairing model: 55153 ms
mai 07, 2020 7:20:20 P.M. no.hvl.projectparmorel.qlearning.QModelFixer fixModel
INFO: 
-----------------ALL SEQUENCES FOUND-------------------
SIZE: 7
DISCARDED SEQUENCES: 18
--------::::B E S T   S E Q U E N C E   I S::::---------
Sequence [id=5, seq=[ErrorAction [Error: 38 The default value literal '' must be a valid literal of the attribute's type, Action: setDefaultValueLiteralGen, Error hierarchy: 0]
, ErrorAction [Error: 50 A containment or bidirectional reference must be unique if its upper bound is different from 1, Action: setContainment, Error hierarchy: 0]
], weight=159.0]

 with 2 actions.
mai 07, 2020 7:20:20 P.M. no.hvl.projectparmorel.qlearning.knowledge.Knowledge save
INFO: Saving initialized
mai 07, 2020 7:20:20 P.M. no.hvl.projectparmorel.qlearning.knowledge.Knowledge save
INFO: document prepared
mai 07, 2020 7:20:20 P.M. no.hvl.projectparmorel.qlearning.knowledge.Knowledge save
INFO: Saving completed to /Users/Magnus/Skole/DAT300/EclipseWorkspace3/ParmorelRunnable/knowledge.xml
mai 07, 2020 7:20:20 P.M. no.hvl.projectparmorel.qlearning.knowledge.Knowledge save
INFO: Saving initialized
mai 07, 2020 7:20:20 P.M. no.hvl.projectparmorel.qlearning.knowledge.Knowledge save
INFO: document prepared
mai 07, 2020 7:20:20 P.M. no.hvl.projectparmorel.qlearning.knowledge.Knowledge save
INFO: Saving completed to /Users/Magnus/Skole/DAT300/EclipseWorkspace3/ParmorelRunnable/knowledge.xml
