mai 06, 2020 6:51:43 P.M. hvl.projectparmorel.qlearning.QModelFixer fixModel
INFO: Repairing bpmn20_ttc.ecore
mai 06, 2020 6:51:43 P.M. hvl.projectparmorel.qlearning.QModelFixer fixModel
INFO: Running with preferences [PREFER_CLOSE_DISTANCE_TO_ORIGINAL, PREFER_RELAXATION]
mai 06, 2020 6:51:43 P.M. hvl.projectparmorel.qlearning.QModelFixer fixModel
INFO: Initial number of errors in model: 1
Maximum number of steps per episode: 12
Errors to fix: [Error 38, message=The default value literal 'unspecified' must be a valid literal of the attribute's type in package 0
]
mai 06, 2020 6:51:43 P.M. hvl.projectparmorel.qlearning.QModelFixer fixModel
INFO: Initializing Q-table for the errors.
mai 06, 2020 6:51:43 P.M. hvl.projectparmorel.qlearning.QModelFixer fixModel
INFO: Number of episodes: 25
mai 06, 2020 6:51:43 P.M. hvl.projectparmorel.qlearning.QModelFixer handleEpisode
INFO: EPISODE 0, STEP 0, Fixing error 38: The default value literal 'unspecified' must be a valid literal of the attribute's type
mai 06, 2020 6:51:43 P.M. hvl.projectparmorel.qlearning.QModelFixer chooseAction
INFO: Choosing optimal action
mai 06, 2020 6:51:43 P.M. hvl.projectparmorel.qlearning.QModelFixer handleStep
INFO: Chose action setDefaultValueLiteralGen in context 0 with weight 526.0
mai 06, 2020 6:51:43 P.M. hvl.projectparmorel.qlearning.QModelFixer updateQTable
INFO: Calculating new Q-value:
Old Q-value: 526.0
Alpha: 1.0
Gamma:1.0

Reward: -2
526.0 + 1.0 * (-2 + 1.0 - 526.0) = -1.0
mai 06, 2020 6:51:43 P.M. hvl.projectparmorel.qlearning.QModelFixer updateQTable
INFO: Updated Q-table for error 38, context 0, action -2078906332 to new weight -1.0
mai 06, 2020 6:52:53 P.M. hvl.projectparmorel.ecore.EcoreSolution calculateDistanceFromOriginal
INFO: Calculated the distance between the models to 100.0
mai 06, 2020 6:52:53 P.M. hvl.projectparmorel.reward.PreferCloseDinstanceToOriginalPreference rewardcalculateRewardFor
INFO: Time to measure distance: 69954 ms
mai 06, 2020 6:52:53 P.M. hvl.projectparmorel.qlearning.QModelFixer updateQTable
INFO: Calculating new Q-value:
Old Q-value: -1.0
Alpha: 1.0
Gamma:1.0

Reward: 100
-1.0 + 1.0 * (100 + 1.0 - -1.0) = 101.0
mai 06, 2020 6:52:53 P.M. hvl.projectparmorel.qlearning.QModelFixer updateQTable
INFO: Updated Q-table for error 38, context 0, action -2078906332 to new weight 101.0
mai 06, 2020 6:52:55 P.M. hvl.projectparmorel.reward.PreferRelaxation rewardcalculateRewardFor
INFO: Time to get metric: 1788 ms
mai 06, 2020 6:52:55 P.M. hvl.projectparmorel.qlearning.QModelFixer fixModel
INFO: Solution added to possible solitons: [ErrorAction [Error: 38 The default value literal 'unspecified' must be a valid literal of the attribute's type, Action: setDefaultValueLiteralGen, Error hierarchy: 0]
]
mai 06, 2020 6:52:55 P.M. hvl.projectparmorel.qlearning.QModelFixer fixModel
INFO: EPISODE 0 TOTAL REWARD 276.0



mai 06, 2020 6:52:55 P.M. hvl.projectparmorel.qlearning.QModelFixer handleEpisode
INFO: EPISODE 1, STEP 0, Fixing error 38: The default value literal 'unspecified' must be a valid literal of the attribute's type
mai 06, 2020 6:52:55 P.M. hvl.projectparmorel.qlearning.QModelFixer chooseAction
INFO: Choosing optimal action
mai 06, 2020 6:52:55 P.M. hvl.projectparmorel.qlearning.QModelFixer handleStep
INFO: Chose action setEType in context 0 with weight 226.0
mai 06, 2020 6:52:55 P.M. hvl.projectparmorel.qlearning.QModelFixer updateQTable
INFO: Calculating new Q-value:
Old Q-value: 226.0
Alpha: 1.0
Gamma:1.0

Reward: -2
226.0 + 1.0 * (-2 + 1.0 - 226.0) = -1.0
mai 06, 2020 6:52:55 P.M. hvl.projectparmorel.qlearning.QModelFixer updateQTable
INFO: Updated Q-table for error 38, context 0, action 591449609 to new weight -1.0
mai 06, 2020 6:54:00 P.M. hvl.projectparmorel.ecore.EcoreSolution calculateDistanceFromOriginal
INFO: Calculated the distance between the models to 99.0
mai 06, 2020 6:54:00 P.M. hvl.projectparmorel.reward.PreferCloseDinstanceToOriginalPreference rewardcalculateRewardFor
INFO: Time to measure distance: 65065 ms
mai 06, 2020 6:54:00 P.M. hvl.projectparmorel.qlearning.QModelFixer updateQTable
INFO: Calculating new Q-value:
Old Q-value: -1.0
Alpha: 1.0
Gamma:1.0

Reward: 99
-1.0 + 1.0 * (99 + 1.0 - -1.0) = 100.0
mai 06, 2020 6:54:00 P.M. hvl.projectparmorel.qlearning.QModelFixer updateQTable
INFO: Updated Q-table for error 38, context 0, action 591449609 to new weight 100.0
mai 06, 2020 6:54:02 P.M. hvl.projectparmorel.reward.PreferRelaxation rewardcalculateRewardFor
INFO: Time to get metric: 1835 ms
mai 06, 2020 6:54:02 P.M. hvl.projectparmorel.qlearning.QModelFixer fixModel
INFO: Solution added to possible solitons: [ErrorAction [Error: 38 The default value literal 'unspecified' must be a valid literal of the attribute's type, Action: setEType, Error hierarchy: 0]
]
mai 06, 2020 6:54:02 P.M. hvl.projectparmorel.qlearning.QModelFixer fixModel
INFO: EPISODE 1 TOTAL REWARD 275.0



mai 06, 2020 6:54:02 P.M. hvl.projectparmorel.qlearning.QModelFixer handleEpisode
INFO: EPISODE 2, STEP 0, Fixing error 38: The default value literal 'unspecified' must be a valid literal of the attribute's type
mai 06, 2020 6:54:02 P.M. hvl.projectparmorel.qlearning.QModelFixer chooseAction
INFO: Choosing random action.
mai 06, 2020 6:54:02 P.M. hvl.projectparmorel.qlearning.QModelFixer handleStep
INFO: Chose action delete in context 0 with weight 81.0
mai 06, 2020 6:54:04 P.M. hvl.projectparmorel.qlearning.QModelFixer updateQTable
INFO: Calculating new Q-value:
Old Q-value: 81.0
Alpha: 1.0
Gamma:1.0

Reward: -2
81.0 + 1.0 * (-2 + 1.0 - 81.0) = -1.0
mai 06, 2020 6:54:04 P.M. hvl.projectparmorel.qlearning.QModelFixer updateQTable
INFO: Updated Q-table for error 38, context 0, action 99999 to new weight -1.0
mai 06, 2020 6:55:10 P.M. hvl.projectparmorel.ecore.EcoreSolution calculateDistanceFromOriginal
INFO: Calculated the distance between the models to 99.0
mai 06, 2020 6:55:10 P.M. hvl.projectparmorel.reward.PreferCloseDinstanceToOriginalPreference rewardcalculateRewardFor
INFO: Time to measure distance: 65215 ms
mai 06, 2020 6:55:10 P.M. hvl.projectparmorel.qlearning.QModelFixer updateQTable
INFO: Calculating new Q-value:
Old Q-value: -1.0
Alpha: 1.0
Gamma:1.0

Reward: 99
-1.0 + 1.0 * (99 + 1.0 - -1.0) = 100.0
mai 06, 2020 6:55:10 P.M. hvl.projectparmorel.qlearning.QModelFixer updateQTable
INFO: Updated Q-table for error 38, context 0, action 99999 to new weight 100.0
mai 06, 2020 6:55:11 P.M. hvl.projectparmorel.reward.PreferRelaxation rewardcalculateRewardFor
INFO: Time to get metric: 1809 ms
mai 06, 2020 6:55:11 P.M. hvl.projectparmorel.qlearning.QModelFixer fixModel
INFO: Solution added to possible solitons: [ErrorAction [Error: 38 The default value literal 'unspecified' must be a valid literal of the attribute's type, Action: delete, Error hierarchy: 0]
]
mai 06, 2020 6:55:11 P.M. hvl.projectparmorel.qlearning.QModelFixer fixModel
INFO: EPISODE 2 TOTAL REWARD 275.0



mai 06, 2020 6:55:11 P.M. hvl.projectparmorel.qlearning.QModelFixer handleEpisode
INFO: EPISODE 3, STEP 0, Fixing error 38: The default value literal 'unspecified' must be a valid literal of the attribute's type
mai 06, 2020 6:55:11 P.M. hvl.projectparmorel.qlearning.QModelFixer chooseAction
INFO: Choosing optimal action
mai 06, 2020 6:55:11 P.M. hvl.projectparmorel.qlearning.QModelFixer handleStep
INFO: Chose action setDefaultValueLiteral in context 0 with weight 226.0
mai 06, 2020 6:55:11 P.M. hvl.projectparmorel.qlearning.QModelFixer updateQTable
INFO: Calculating new Q-value:
Old Q-value: 226.0
Alpha: 1.0
Gamma:1.0

Reward: -2
226.0 + 1.0 * (-2 + 1.0 - 226.0) = -1.0
mai 06, 2020 6:55:11 P.M. hvl.projectparmorel.qlearning.QModelFixer updateQTable
INFO: Updated Q-table for error 38, context 0, action 1999964618 to new weight -1.0
mai 06, 2020 6:56:16 P.M. hvl.projectparmorel.ecore.EcoreSolution calculateDistanceFromOriginal
INFO: Calculated the distance between the models to 100.0
mai 06, 2020 6:56:16 P.M. hvl.projectparmorel.reward.PreferCloseDinstanceToOriginalPreference rewardcalculateRewardFor
INFO: Time to measure distance: 64923 ms
mai 06, 2020 6:56:16 P.M. hvl.projectparmorel.qlearning.QModelFixer updateQTable
INFO: Calculating new Q-value:
Old Q-value: -1.0
Alpha: 1.0
Gamma:1.0

Reward: 100
-1.0 + 1.0 * (100 + 1.0 - -1.0) = 101.0
mai 06, 2020 6:56:16 P.M. hvl.projectparmorel.qlearning.QModelFixer updateQTable
INFO: Updated Q-table for error 38, context 0, action 1999964618 to new weight 101.0
mai 06, 2020 6:56:18 P.M. hvl.projectparmorel.reward.PreferRelaxation rewardcalculateRewardFor
INFO: Time to get metric: 1813 ms
mai 06, 2020 6:56:18 P.M. hvl.projectparmorel.qlearning.QModelFixer fixModel
INFO: Solution added to possible solitons: [ErrorAction [Error: 38 The default value literal 'unspecified' must be a valid literal of the attribute's type, Action: setDefaultValueLiteral, Error hierarchy: 0]
]
mai 06, 2020 6:56:18 P.M. hvl.projectparmorel.qlearning.QModelFixer fixModel
INFO: EPISODE 3 TOTAL REWARD 276.0



mai 06, 2020 6:56:18 P.M. hvl.projectparmorel.qlearning.QModelFixer handleEpisode
INFO: EPISODE 4, STEP 0, Fixing error 38: The default value literal 'unspecified' must be a valid literal of the attribute's type
mai 06, 2020 6:56:18 P.M. hvl.projectparmorel.qlearning.QModelFixer chooseAction
INFO: Choosing random action.
mai 06, 2020 6:56:18 P.M. hvl.projectparmorel.qlearning.QModelFixer handleStep
INFO: Chose action delete in context 0 with weight 178.0
mai 06, 2020 6:56:21 P.M. hvl.projectparmorel.qlearning.QModelFixer updateQTable
INFO: Calculating new Q-value:
Old Q-value: 178.0
Alpha: 1.0
Gamma:1.0

Reward: -2
178.0 + 1.0 * (-2 + 1.0 - 178.0) = -1.0
mai 06, 2020 6:56:21 P.M. hvl.projectparmorel.qlearning.QModelFixer updateQTable
INFO: Updated Q-table for error 38, context 0, action 99999 to new weight -1.0
mai 06, 2020 6:57:26 P.M. hvl.projectparmorel.ecore.EcoreSolution calculateDistanceFromOriginal
INFO: Calculated the distance between the models to 99.0
mai 06, 2020 6:57:26 P.M. hvl.projectparmorel.reward.PreferCloseDinstanceToOriginalPreference rewardcalculateRewardFor
INFO: Time to measure distance: 65050 ms
mai 06, 2020 6:57:26 P.M. hvl.projectparmorel.qlearning.QModelFixer updateQTable
INFO: Calculating new Q-value:
Old Q-value: -1.0
Alpha: 1.0
Gamma:1.0

Reward: 99
-1.0 + 1.0 * (99 + 1.0 - -1.0) = 100.0
mai 06, 2020 6:57:26 P.M. hvl.projectparmorel.qlearning.QModelFixer updateQTable
INFO: Updated Q-table for error 38, context 0, action 99999 to new weight 100.0
mai 06, 2020 6:57:28 P.M. hvl.projectparmorel.reward.PreferRelaxation rewardcalculateRewardFor
INFO: Time to get metric: 1825 ms
mai 06, 2020 6:57:28 P.M. hvl.projectparmorel.qlearning.QModelFixer isUnique
INFO: Solution [ErrorAction [Error: 38 The default value literal 'unspecified' must be a valid literal of the attribute's type, Action: delete, Error hierarchy: 0]
] already exists.
mai 06, 2020 6:57:28 P.M. hvl.projectparmorel.qlearning.QModelFixer fixModel
INFO: Solution discarded.
mai 06, 2020 6:57:28 P.M. hvl.projectparmorel.qlearning.QModelFixer fixModel
INFO: EPISODE 4 TOTAL REWARD 275.0



mai 06, 2020 6:57:28 P.M. hvl.projectparmorel.qlearning.QModelFixer handleEpisode
INFO: EPISODE 5, STEP 0, Fixing error 38: The default value literal 'unspecified' must be a valid literal of the attribute's type
mai 06, 2020 6:57:28 P.M. hvl.projectparmorel.qlearning.QModelFixer chooseAction
INFO: Choosing optimal action
mai 06, 2020 6:57:28 P.M. hvl.projectparmorel.qlearning.QModelFixer handleStep
INFO: Chose action setDefaultValueLiteralGen in context 0 with weight 178.0
mai 06, 2020 6:57:28 P.M. hvl.projectparmorel.qlearning.QModelFixer updateQTable
INFO: Calculating new Q-value:
Old Q-value: 178.0
Alpha: 1.0
Gamma:1.0

Reward: -2
178.0 + 1.0 * (-2 + 1.0 - 178.0) = -1.0
mai 06, 2020 6:57:28 P.M. hvl.projectparmorel.qlearning.QModelFixer updateQTable
INFO: Updated Q-table for error 38, context 0, action -2078906332 to new weight -1.0
mai 06, 2020 6:58:32 P.M. hvl.projectparmorel.ecore.EcoreSolution calculateDistanceFromOriginal
INFO: Calculated the distance between the models to 100.0
mai 06, 2020 6:58:32 P.M. hvl.projectparmorel.reward.PreferCloseDinstanceToOriginalPreference rewardcalculateRewardFor
INFO: Time to measure distance: 63700 ms
mai 06, 2020 6:58:32 P.M. hvl.projectparmorel.qlearning.QModelFixer updateQTable
INFO: Calculating new Q-value:
Old Q-value: -1.0
Alpha: 1.0
Gamma:1.0

Reward: 100
-1.0 + 1.0 * (100 + 1.0 - -1.0) = 101.0
mai 06, 2020 6:58:32 P.M. hvl.projectparmorel.qlearning.QModelFixer updateQTable
INFO: Updated Q-table for error 38, context 0, action -2078906332 to new weight 101.0
mai 06, 2020 6:58:33 P.M. hvl.projectparmorel.reward.PreferRelaxation rewardcalculateRewardFor
INFO: Time to get metric: 1804 ms
mai 06, 2020 6:58:33 P.M. hvl.projectparmorel.qlearning.QModelFixer isUnique
INFO: Solution [ErrorAction [Error: 38 The default value literal 'unspecified' must be a valid literal of the attribute's type, Action: setDefaultValueLiteralGen, Error hierarchy: 0]
] already exists.
mai 06, 2020 6:58:33 P.M. hvl.projectparmorel.qlearning.QModelFixer fixModel
INFO: Solution discarded.
mai 06, 2020 6:58:33 P.M. hvl.projectparmorel.qlearning.QModelFixer fixModel
INFO: EPISODE 5 TOTAL REWARD 276.0



mai 06, 2020 6:58:33 P.M. hvl.projectparmorel.qlearning.QModelFixer handleEpisode
INFO: EPISODE 6, STEP 0, Fixing error 38: The default value literal 'unspecified' must be a valid literal of the attribute's type
mai 06, 2020 6:58:33 P.M. hvl.projectparmorel.qlearning.QModelFixer chooseAction
INFO: Choosing optimal action
mai 06, 2020 6:58:33 P.M. hvl.projectparmorel.qlearning.QModelFixer handleStep
INFO: Chose action setDefaultValueLiteralGen in context 0 with weight 178.0
mai 06, 2020 6:58:33 P.M. hvl.projectparmorel.qlearning.QModelFixer updateQTable
INFO: Calculating new Q-value:
Old Q-value: 178.0
Alpha: 1.0
Gamma:1.0

Reward: -2
178.0 + 1.0 * (-2 + 1.0 - 178.0) = -1.0
mai 06, 2020 6:58:33 P.M. hvl.projectparmorel.qlearning.QModelFixer updateQTable
INFO: Updated Q-table for error 38, context 0, action -2078906332 to new weight -1.0
mai 06, 2020 6:59:37 P.M. hvl.projectparmorel.ecore.EcoreSolution calculateDistanceFromOriginal
INFO: Calculated the distance between the models to 100.0
mai 06, 2020 6:59:37 P.M. hvl.projectparmorel.reward.PreferCloseDinstanceToOriginalPreference rewardcalculateRewardFor
INFO: Time to measure distance: 63488 ms
mai 06, 2020 6:59:37 P.M. hvl.projectparmorel.qlearning.QModelFixer updateQTable
INFO: Calculating new Q-value:
Old Q-value: -1.0
Alpha: 1.0
Gamma:1.0

Reward: 100
-1.0 + 1.0 * (100 + 1.0 - -1.0) = 101.0
mai 06, 2020 6:59:37 P.M. hvl.projectparmorel.qlearning.QModelFixer updateQTable
INFO: Updated Q-table for error 38, context 0, action -2078906332 to new weight 101.0
mai 06, 2020 6:59:39 P.M. hvl.projectparmorel.reward.PreferRelaxation rewardcalculateRewardFor
INFO: Time to get metric: 1821 ms
mai 06, 2020 6:59:39 P.M. hvl.projectparmorel.qlearning.QModelFixer isUnique
INFO: Solution [ErrorAction [Error: 38 The default value literal 'unspecified' must be a valid literal of the attribute's type, Action: setDefaultValueLiteralGen, Error hierarchy: 0]
] already exists.
mai 06, 2020 6:59:39 P.M. hvl.projectparmorel.qlearning.QModelFixer fixModel
INFO: Solution discarded.
mai 06, 2020 6:59:39 P.M. hvl.projectparmorel.qlearning.QModelFixer fixModel
INFO: EPISODE 6 TOTAL REWARD 276.0



mai 06, 2020 6:59:39 P.M. hvl.projectparmorel.qlearning.QModelFixer handleEpisode
INFO: EPISODE 7, STEP 0, Fixing error 38: The default value literal 'unspecified' must be a valid literal of the attribute's type
mai 06, 2020 6:59:39 P.M. hvl.projectparmorel.qlearning.QModelFixer chooseAction
INFO: Choosing optimal action
mai 06, 2020 6:59:39 P.M. hvl.projectparmorel.qlearning.QModelFixer handleStep
INFO: Chose action setDefaultValueLiteralGen in context 0 with weight 178.0
mai 06, 2020 6:59:39 P.M. hvl.projectparmorel.qlearning.QModelFixer updateQTable
INFO: Calculating new Q-value:
Old Q-value: 178.0
Alpha: 1.0
Gamma:1.0

Reward: -2
178.0 + 1.0 * (-2 + 1.0 - 178.0) = -1.0
mai 06, 2020 6:59:39 P.M. hvl.projectparmorel.qlearning.QModelFixer updateQTable
INFO: Updated Q-table for error 38, context 0, action -2078906332 to new weight -1.0
mai 06, 2020 7:00:44 P.M. hvl.projectparmorel.ecore.EcoreSolution calculateDistanceFromOriginal
INFO: Calculated the distance between the models to 100.0
mai 06, 2020 7:00:44 P.M. hvl.projectparmorel.reward.PreferCloseDinstanceToOriginalPreference rewardcalculateRewardFor
INFO: Time to measure distance: 65235 ms
mai 06, 2020 7:00:44 P.M. hvl.projectparmorel.qlearning.QModelFixer updateQTable
INFO: Calculating new Q-value:
Old Q-value: -1.0
Alpha: 1.0
Gamma:1.0

Reward: 100
-1.0 + 1.0 * (100 + 1.0 - -1.0) = 101.0
mai 06, 2020 7:00:44 P.M. hvl.projectparmorel.qlearning.QModelFixer updateQTable
INFO: Updated Q-table for error 38, context 0, action -2078906332 to new weight 101.0
mai 06, 2020 7:00:46 P.M. hvl.projectparmorel.reward.PreferRelaxation rewardcalculateRewardFor
INFO: Time to get metric: 1827 ms
mai 06, 2020 7:00:46 P.M. hvl.projectparmorel.qlearning.QModelFixer isUnique
INFO: Solution [ErrorAction [Error: 38 The default value literal 'unspecified' must be a valid literal of the attribute's type, Action: setDefaultValueLiteralGen, Error hierarchy: 0]
] already exists.
mai 06, 2020 7:00:46 P.M. hvl.projectparmorel.qlearning.QModelFixer fixModel
INFO: Solution discarded.
mai 06, 2020 7:00:46 P.M. hvl.projectparmorel.qlearning.QModelFixer fixModel
INFO: EPISODE 7 TOTAL REWARD 276.0



mai 06, 2020 7:00:46 P.M. hvl.projectparmorel.qlearning.QModelFixer handleEpisode
INFO: EPISODE 8, STEP 0, Fixing error 38: The default value literal 'unspecified' must be a valid literal of the attribute's type
mai 06, 2020 7:00:46 P.M. hvl.projectparmorel.qlearning.QModelFixer chooseAction
INFO: Choosing random action.
mai 06, 2020 7:00:46 P.M. hvl.projectparmorel.qlearning.QModelFixer handleStep
INFO: Chose action delete in context 0 with weight 178.0
mai 06, 2020 7:00:49 P.M. hvl.projectparmorel.qlearning.QModelFixer updateQTable
INFO: Calculating new Q-value:
Old Q-value: 178.0
Alpha: 1.0
Gamma:1.0

Reward: -2
178.0 + 1.0 * (-2 + 1.0 - 178.0) = -1.0
mai 06, 2020 7:00:49 P.M. hvl.projectparmorel.qlearning.QModelFixer updateQTable
INFO: Updated Q-table for error 38, context 0, action 99999 to new weight -1.0
mai 06, 2020 7:01:50 P.M. hvl.projectparmorel.ecore.EcoreSolution calculateDistanceFromOriginal
INFO: Calculated the distance between the models to 99.0
mai 06, 2020 7:01:50 P.M. hvl.projectparmorel.reward.PreferCloseDinstanceToOriginalPreference rewardcalculateRewardFor
INFO: Time to measure distance: 61458 ms
mai 06, 2020 7:01:50 P.M. hvl.projectparmorel.qlearning.QModelFixer updateQTable
INFO: Calculating new Q-value:
Old Q-value: -1.0
Alpha: 1.0
Gamma:1.0

Reward: 99
-1.0 + 1.0 * (99 + 1.0 - -1.0) = 100.0
mai 06, 2020 7:01:50 P.M. hvl.projectparmorel.qlearning.QModelFixer updateQTable
INFO: Updated Q-table for error 38, context 0, action 99999 to new weight 100.0
mai 06, 2020 7:01:52 P.M. hvl.projectparmorel.reward.PreferRelaxation rewardcalculateRewardFor
INFO: Time to get metric: 1842 ms
mai 06, 2020 7:01:52 P.M. hvl.projectparmorel.qlearning.QModelFixer isUnique
INFO: Solution [ErrorAction [Error: 38 The default value literal 'unspecified' must be a valid literal of the attribute's type, Action: delete, Error hierarchy: 0]
] already exists.
mai 06, 2020 7:01:52 P.M. hvl.projectparmorel.qlearning.QModelFixer fixModel
INFO: Solution discarded.
mai 06, 2020 7:01:52 P.M. hvl.projectparmorel.qlearning.QModelFixer fixModel
INFO: EPISODE 8 TOTAL REWARD 275.0



mai 06, 2020 7:01:52 P.M. hvl.projectparmorel.qlearning.QModelFixer handleEpisode
INFO: EPISODE 9, STEP 0, Fixing error 38: The default value literal 'unspecified' must be a valid literal of the attribute's type
mai 06, 2020 7:01:52 P.M. hvl.projectparmorel.qlearning.QModelFixer chooseAction
INFO: Choosing random action.
mai 06, 2020 7:01:52 P.M. hvl.projectparmorel.qlearning.QModelFixer handleStep
INFO: Chose action setDefaultValueLiteralGen in context 0 with weight 178.0
mai 06, 2020 7:01:52 P.M. hvl.projectparmorel.qlearning.QModelFixer updateQTable
INFO: Calculating new Q-value:
Old Q-value: 178.0
Alpha: 1.0
Gamma:1.0

Reward: -2
178.0 + 1.0 * (-2 + 1.0 - 178.0) = -1.0
mai 06, 2020 7:01:52 P.M. hvl.projectparmorel.qlearning.QModelFixer updateQTable
INFO: Updated Q-table for error 38, context 0, action -2078906332 to new weight -1.0
mai 06, 2020 7:02:55 P.M. hvl.projectparmorel.ecore.EcoreSolution calculateDistanceFromOriginal
INFO: Calculated the distance between the models to 100.0
mai 06, 2020 7:02:55 P.M. hvl.projectparmorel.reward.PreferCloseDinstanceToOriginalPreference rewardcalculateRewardFor
INFO: Time to measure distance: 63120 ms
mai 06, 2020 7:02:55 P.M. hvl.projectparmorel.qlearning.QModelFixer updateQTable
INFO: Calculating new Q-value:
Old Q-value: -1.0
Alpha: 1.0
Gamma:1.0

Reward: 100
-1.0 + 1.0 * (100 + 1.0 - -1.0) = 101.0
mai 06, 2020 7:02:55 P.M. hvl.projectparmorel.qlearning.QModelFixer updateQTable
INFO: Updated Q-table for error 38, context 0, action -2078906332 to new weight 101.0
mai 06, 2020 7:02:57 P.M. hvl.projectparmorel.reward.PreferRelaxation rewardcalculateRewardFor
INFO: Time to get metric: 1836 ms
mai 06, 2020 7:02:57 P.M. hvl.projectparmorel.qlearning.QModelFixer isUnique
INFO: Solution [ErrorAction [Error: 38 The default value literal 'unspecified' must be a valid literal of the attribute's type, Action: setDefaultValueLiteralGen, Error hierarchy: 0]
] already exists.
mai 06, 2020 7:02:57 P.M. hvl.projectparmorel.qlearning.QModelFixer fixModel
INFO: Solution discarded.
mai 06, 2020 7:02:57 P.M. hvl.projectparmorel.qlearning.QModelFixer fixModel
INFO: EPISODE 9 TOTAL REWARD 276.0



mai 06, 2020 7:02:57 P.M. hvl.projectparmorel.qlearning.QModelFixer handleEpisode
INFO: EPISODE 10, STEP 0, Fixing error 38: The default value literal 'unspecified' must be a valid literal of the attribute's type
mai 06, 2020 7:02:57 P.M. hvl.projectparmorel.qlearning.QModelFixer chooseAction
INFO: Choosing optimal action
mai 06, 2020 7:02:57 P.M. hvl.projectparmorel.qlearning.QModelFixer handleStep
INFO: Chose action setDefaultValueLiteralGen in context 0 with weight 178.0
mai 06, 2020 7:02:57 P.M. hvl.projectparmorel.qlearning.QModelFixer updateQTable
INFO: Calculating new Q-value:
Old Q-value: 178.0
Alpha: 1.0
Gamma:1.0

Reward: -2
178.0 + 1.0 * (-2 + 1.0 - 178.0) = -1.0
mai 06, 2020 7:02:57 P.M. hvl.projectparmorel.qlearning.QModelFixer updateQTable
INFO: Updated Q-table for error 38, context 0, action -2078906332 to new weight -1.0
mai 06, 2020 7:04:03 P.M. hvl.projectparmorel.ecore.EcoreSolution calculateDistanceFromOriginal
INFO: Calculated the distance between the models to 100.0
mai 06, 2020 7:04:03 P.M. hvl.projectparmorel.reward.PreferCloseDinstanceToOriginalPreference rewardcalculateRewardFor
INFO: Time to measure distance: 65660 ms
mai 06, 2020 7:04:03 P.M. hvl.projectparmorel.qlearning.QModelFixer updateQTable
INFO: Calculating new Q-value:
Old Q-value: -1.0
Alpha: 1.0
Gamma:1.0

Reward: 100
-1.0 + 1.0 * (100 + 1.0 - -1.0) = 101.0
mai 06, 2020 7:04:03 P.M. hvl.projectparmorel.qlearning.QModelFixer updateQTable
INFO: Updated Q-table for error 38, context 0, action -2078906332 to new weight 101.0
mai 06, 2020 7:04:05 P.M. hvl.projectparmorel.reward.PreferRelaxation rewardcalculateRewardFor
INFO: Time to get metric: 1827 ms
mai 06, 2020 7:04:05 P.M. hvl.projectparmorel.qlearning.QModelFixer isUnique
INFO: Solution [ErrorAction [Error: 38 The default value literal 'unspecified' must be a valid literal of the attribute's type, Action: setDefaultValueLiteralGen, Error hierarchy: 0]
] already exists.
mai 06, 2020 7:04:05 P.M. hvl.projectparmorel.qlearning.QModelFixer fixModel
INFO: Solution discarded.
mai 06, 2020 7:04:05 P.M. hvl.projectparmorel.qlearning.QModelFixer fixModel
INFO: EPISODE 10 TOTAL REWARD 276.0



mai 06, 2020 7:04:05 P.M. hvl.projectparmorel.qlearning.QModelFixer handleEpisode
INFO: EPISODE 11, STEP 0, Fixing error 38: The default value literal 'unspecified' must be a valid literal of the attribute's type
mai 06, 2020 7:04:05 P.M. hvl.projectparmorel.qlearning.QModelFixer chooseAction
INFO: Choosing optimal action
mai 06, 2020 7:04:05 P.M. hvl.projectparmorel.qlearning.QModelFixer handleStep
INFO: Chose action setDefaultValueLiteralGen in context 0 with weight 178.0
mai 06, 2020 7:04:05 P.M. hvl.projectparmorel.qlearning.QModelFixer updateQTable
INFO: Calculating new Q-value:
Old Q-value: 178.0
Alpha: 1.0
Gamma:1.0

Reward: -2
178.0 + 1.0 * (-2 + 1.0 - 178.0) = -1.0
mai 06, 2020 7:04:05 P.M. hvl.projectparmorel.qlearning.QModelFixer updateQTable
INFO: Updated Q-table for error 38, context 0, action -2078906332 to new weight -1.0
mai 06, 2020 7:05:05 P.M. hvl.projectparmorel.ecore.EcoreSolution calculateDistanceFromOriginal
INFO: Calculated the distance between the models to 100.0
mai 06, 2020 7:05:05 P.M. hvl.projectparmorel.reward.PreferCloseDinstanceToOriginalPreference rewardcalculateRewardFor
INFO: Time to measure distance: 60323 ms
mai 06, 2020 7:05:05 P.M. hvl.projectparmorel.qlearning.QModelFixer updateQTable
INFO: Calculating new Q-value:
Old Q-value: -1.0
Alpha: 1.0
Gamma:1.0

Reward: 100
-1.0 + 1.0 * (100 + 1.0 - -1.0) = 101.0
mai 06, 2020 7:05:05 P.M. hvl.projectparmorel.qlearning.QModelFixer updateQTable
INFO: Updated Q-table for error 38, context 0, action -2078906332 to new weight 101.0
mai 06, 2020 7:05:07 P.M. hvl.projectparmorel.reward.PreferRelaxation rewardcalculateRewardFor
INFO: Time to get metric: 1845 ms
mai 06, 2020 7:05:07 P.M. hvl.projectparmorel.qlearning.QModelFixer isUnique
INFO: Solution [ErrorAction [Error: 38 The default value literal 'unspecified' must be a valid literal of the attribute's type, Action: setDefaultValueLiteralGen, Error hierarchy: 0]
] already exists.
mai 06, 2020 7:05:07 P.M. hvl.projectparmorel.qlearning.QModelFixer fixModel
INFO: Solution discarded.
mai 06, 2020 7:05:07 P.M. hvl.projectparmorel.qlearning.QModelFixer fixModel
INFO: EPISODE 11 TOTAL REWARD 276.0



mai 06, 2020 7:05:07 P.M. hvl.projectparmorel.qlearning.QModelFixer handleEpisode
INFO: EPISODE 12, STEP 0, Fixing error 38: The default value literal 'unspecified' must be a valid literal of the attribute's type
mai 06, 2020 7:05:07 P.M. hvl.projectparmorel.qlearning.QModelFixer chooseAction
INFO: Choosing optimal action
mai 06, 2020 7:05:07 P.M. hvl.projectparmorel.qlearning.QModelFixer handleStep
INFO: Chose action setDefaultValueLiteralGen in context 0 with weight 178.0
mai 06, 2020 7:05:07 P.M. hvl.projectparmorel.qlearning.QModelFixer updateQTable
INFO: Calculating new Q-value:
Old Q-value: 178.0
Alpha: 1.0
Gamma:1.0

Reward: -2
178.0 + 1.0 * (-2 + 1.0 - 178.0) = -1.0
mai 06, 2020 7:05:07 P.M. hvl.projectparmorel.qlearning.QModelFixer updateQTable
INFO: Updated Q-table for error 38, context 0, action -2078906332 to new weight -1.0
mai 06, 2020 7:06:07 P.M. hvl.projectparmorel.ecore.EcoreSolution calculateDistanceFromOriginal
INFO: Calculated the distance between the models to 100.0
mai 06, 2020 7:06:07 P.M. hvl.projectparmorel.reward.PreferCloseDinstanceToOriginalPreference rewardcalculateRewardFor
INFO: Time to measure distance: 59696 ms
mai 06, 2020 7:06:07 P.M. hvl.projectparmorel.qlearning.QModelFixer updateQTable
INFO: Calculating new Q-value:
Old Q-value: -1.0
Alpha: 1.0
Gamma:1.0

Reward: 100
-1.0 + 1.0 * (100 + 1.0 - -1.0) = 101.0
mai 06, 2020 7:06:07 P.M. hvl.projectparmorel.qlearning.QModelFixer updateQTable
INFO: Updated Q-table for error 38, context 0, action -2078906332 to new weight 101.0
mai 06, 2020 7:06:08 P.M. hvl.projectparmorel.reward.PreferRelaxation rewardcalculateRewardFor
INFO: Time to get metric: 1829 ms
mai 06, 2020 7:06:08 P.M. hvl.projectparmorel.qlearning.QModelFixer isUnique
INFO: Solution [ErrorAction [Error: 38 The default value literal 'unspecified' must be a valid literal of the attribute's type, Action: setDefaultValueLiteralGen, Error hierarchy: 0]
] already exists.
mai 06, 2020 7:06:08 P.M. hvl.projectparmorel.qlearning.QModelFixer fixModel
INFO: Solution discarded.
mai 06, 2020 7:06:08 P.M. hvl.projectparmorel.qlearning.QModelFixer fixModel
INFO: EPISODE 12 TOTAL REWARD 276.0



mai 06, 2020 7:06:08 P.M. hvl.projectparmorel.qlearning.QModelFixer handleEpisode
INFO: EPISODE 13, STEP 0, Fixing error 38: The default value literal 'unspecified' must be a valid literal of the attribute's type
mai 06, 2020 7:06:08 P.M. hvl.projectparmorel.qlearning.QModelFixer chooseAction
INFO: Choosing optimal action
mai 06, 2020 7:06:08 P.M. hvl.projectparmorel.qlearning.QModelFixer handleStep
INFO: Chose action setDefaultValueLiteralGen in context 0 with weight 178.0
mai 06, 2020 7:06:09 P.M. hvl.projectparmorel.qlearning.QModelFixer updateQTable
INFO: Calculating new Q-value:
Old Q-value: 178.0
Alpha: 1.0
Gamma:1.0

Reward: -2
178.0 + 1.0 * (-2 + 1.0 - 178.0) = -1.0
mai 06, 2020 7:06:09 P.M. hvl.projectparmorel.qlearning.QModelFixer updateQTable
INFO: Updated Q-table for error 38, context 0, action -2078906332 to new weight -1.0
mai 06, 2020 7:07:11 P.M. hvl.projectparmorel.ecore.EcoreSolution calculateDistanceFromOriginal
INFO: Calculated the distance between the models to 100.0
mai 06, 2020 7:07:11 P.M. hvl.projectparmorel.reward.PreferCloseDinstanceToOriginalPreference rewardcalculateRewardFor
INFO: Time to measure distance: 62428 ms
mai 06, 2020 7:07:11 P.M. hvl.projectparmorel.qlearning.QModelFixer updateQTable
INFO: Calculating new Q-value:
Old Q-value: -1.0
Alpha: 1.0
Gamma:1.0

Reward: 100
-1.0 + 1.0 * (100 + 1.0 - -1.0) = 101.0
mai 06, 2020 7:07:11 P.M. hvl.projectparmorel.qlearning.QModelFixer updateQTable
INFO: Updated Q-table for error 38, context 0, action -2078906332 to new weight 101.0
mai 06, 2020 7:07:13 P.M. hvl.projectparmorel.reward.PreferRelaxation rewardcalculateRewardFor
INFO: Time to get metric: 1855 ms
mai 06, 2020 7:07:13 P.M. hvl.projectparmorel.qlearning.QModelFixer isUnique
INFO: Solution [ErrorAction [Error: 38 The default value literal 'unspecified' must be a valid literal of the attribute's type, Action: setDefaultValueLiteralGen, Error hierarchy: 0]
] already exists.
mai 06, 2020 7:07:13 P.M. hvl.projectparmorel.qlearning.QModelFixer fixModel
INFO: Solution discarded.
mai 06, 2020 7:07:13 P.M. hvl.projectparmorel.qlearning.QModelFixer fixModel
INFO: EPISODE 13 TOTAL REWARD 276.0



mai 06, 2020 7:07:13 P.M. hvl.projectparmorel.qlearning.QModelFixer handleEpisode
INFO: EPISODE 14, STEP 0, Fixing error 38: The default value literal 'unspecified' must be a valid literal of the attribute's type
mai 06, 2020 7:07:13 P.M. hvl.projectparmorel.qlearning.QModelFixer chooseAction
INFO: Choosing random action.
mai 06, 2020 7:07:13 P.M. hvl.projectparmorel.qlearning.QModelFixer handleStep
INFO: Chose action setEType in context 0 with weight 81.0
mai 06, 2020 7:07:13 P.M. hvl.projectparmorel.qlearning.QModelFixer updateQTable
INFO: Calculating new Q-value:
Old Q-value: 81.0
Alpha: 1.0
Gamma:1.0

Reward: -2
81.0 + 1.0 * (-2 + 1.0 - 81.0) = -1.0
mai 06, 2020 7:07:13 P.M. hvl.projectparmorel.qlearning.QModelFixer updateQTable
INFO: Updated Q-table for error 38, context 0, action -591535257 to new weight -1.0
mai 06, 2020 7:08:15 P.M. hvl.projectparmorel.ecore.EcoreSolution calculateDistanceFromOriginal
INFO: Calculated the distance between the models to 99.0
mai 06, 2020 7:08:15 P.M. hvl.projectparmorel.reward.PreferCloseDinstanceToOriginalPreference rewardcalculateRewardFor
INFO: Time to measure distance: 61714 ms
mai 06, 2020 7:08:15 P.M. hvl.projectparmorel.qlearning.QModelFixer updateQTable
INFO: Calculating new Q-value:
Old Q-value: -1.0
Alpha: 1.0
Gamma:1.0

Reward: 99
-1.0 + 1.0 * (99 + 1.0 - -1.0) = 100.0
mai 06, 2020 7:08:15 P.M. hvl.projectparmorel.qlearning.QModelFixer updateQTable
INFO: Updated Q-table for error 38, context 0, action -591535257 to new weight 100.0
mai 06, 2020 7:08:16 P.M. hvl.projectparmorel.reward.PreferRelaxation rewardcalculateRewardFor
INFO: Time to get metric: 1831 ms
mai 06, 2020 7:08:16 P.M. hvl.projectparmorel.qlearning.QModelFixer fixModel
INFO: Solution added to possible solitons: [ErrorAction [Error: 38 The default value literal 'unspecified' must be a valid literal of the attribute's type, Action: setEType, Error hierarchy: 0]
]
mai 06, 2020 7:08:16 P.M. hvl.projectparmorel.qlearning.QModelFixer fixModel
INFO: EPISODE 14 TOTAL REWARD 275.0



mai 06, 2020 7:08:16 P.M. hvl.projectparmorel.qlearning.QModelFixer handleEpisode
INFO: EPISODE 15, STEP 0, Fixing error 38: The default value literal 'unspecified' must be a valid literal of the attribute's type
mai 06, 2020 7:08:16 P.M. hvl.projectparmorel.qlearning.QModelFixer chooseAction
INFO: Choosing optimal action
mai 06, 2020 7:08:16 P.M. hvl.projectparmorel.qlearning.QModelFixer handleStep
INFO: Chose action setDefaultValueLiteralGen in context 0 with weight 178.0
mai 06, 2020 7:08:16 P.M. hvl.projectparmorel.qlearning.QModelFixer updateQTable
INFO: Calculating new Q-value:
Old Q-value: 178.0
Alpha: 1.0
Gamma:1.0

Reward: -2
178.0 + 1.0 * (-2 + 1.0 - 178.0) = -1.0
mai 06, 2020 7:08:16 P.M. hvl.projectparmorel.qlearning.QModelFixer updateQTable
INFO: Updated Q-table for error 38, context 0, action -2078906332 to new weight -1.0
mai 06, 2020 7:09:16 P.M. hvl.projectparmorel.ecore.EcoreSolution calculateDistanceFromOriginal
INFO: Calculated the distance between the models to 100.0
mai 06, 2020 7:09:16 P.M. hvl.projectparmorel.reward.PreferCloseDinstanceToOriginalPreference rewardcalculateRewardFor
INFO: Time to measure distance: 59711 ms
mai 06, 2020 7:09:16 P.M. hvl.projectparmorel.qlearning.QModelFixer updateQTable
INFO: Calculating new Q-value:
Old Q-value: -1.0
Alpha: 1.0
Gamma:1.0

Reward: 100
-1.0 + 1.0 * (100 + 1.0 - -1.0) = 101.0
mai 06, 2020 7:09:16 P.M. hvl.projectparmorel.qlearning.QModelFixer updateQTable
INFO: Updated Q-table for error 38, context 0, action -2078906332 to new weight 101.0
mai 06, 2020 7:09:18 P.M. hvl.projectparmorel.reward.PreferRelaxation rewardcalculateRewardFor
INFO: Time to get metric: 1838 ms
mai 06, 2020 7:09:18 P.M. hvl.projectparmorel.qlearning.QModelFixer isUnique
INFO: Solution [ErrorAction [Error: 38 The default value literal 'unspecified' must be a valid literal of the attribute's type, Action: setDefaultValueLiteralGen, Error hierarchy: 0]
] already exists.
mai 06, 2020 7:09:18 P.M. hvl.projectparmorel.qlearning.QModelFixer fixModel
INFO: Solution discarded.
mai 06, 2020 7:09:18 P.M. hvl.projectparmorel.qlearning.QModelFixer fixModel
INFO: EPISODE 15 TOTAL REWARD 276.0



mai 06, 2020 7:09:18 P.M. hvl.projectparmorel.qlearning.QModelFixer handleEpisode
INFO: EPISODE 16, STEP 0, Fixing error 38: The default value literal 'unspecified' must be a valid literal of the attribute's type
mai 06, 2020 7:09:18 P.M. hvl.projectparmorel.qlearning.QModelFixer chooseAction
INFO: Choosing optimal action
mai 06, 2020 7:09:18 P.M. hvl.projectparmorel.qlearning.QModelFixer handleStep
INFO: Chose action setDefaultValueLiteralGen in context 0 with weight 178.0
mai 06, 2020 7:09:18 P.M. hvl.projectparmorel.qlearning.QModelFixer updateQTable
INFO: Calculating new Q-value:
Old Q-value: 178.0
Alpha: 1.0
Gamma:1.0

Reward: -2
178.0 + 1.0 * (-2 + 1.0 - 178.0) = -1.0
mai 06, 2020 7:09:18 P.M. hvl.projectparmorel.qlearning.QModelFixer updateQTable
INFO: Updated Q-table for error 38, context 0, action -2078906332 to new weight -1.0
mai 06, 2020 7:10:15 P.M. hvl.projectparmorel.ecore.EcoreSolution calculateDistanceFromOriginal
INFO: Calculated the distance between the models to 100.0
mai 06, 2020 7:10:15 P.M. hvl.projectparmorel.reward.PreferCloseDinstanceToOriginalPreference rewardcalculateRewardFor
INFO: Time to measure distance: 56838 ms
mai 06, 2020 7:10:15 P.M. hvl.projectparmorel.qlearning.QModelFixer updateQTable
INFO: Calculating new Q-value:
Old Q-value: -1.0
Alpha: 1.0
Gamma:1.0

Reward: 100
-1.0 + 1.0 * (100 + 1.0 - -1.0) = 101.0
mai 06, 2020 7:10:15 P.M. hvl.projectparmorel.qlearning.QModelFixer updateQTable
INFO: Updated Q-table for error 38, context 0, action -2078906332 to new weight 101.0
mai 06, 2020 7:10:17 P.M. hvl.projectparmorel.reward.PreferRelaxation rewardcalculateRewardFor
INFO: Time to get metric: 1866 ms
mai 06, 2020 7:10:17 P.M. hvl.projectparmorel.qlearning.QModelFixer isUnique
INFO: Solution [ErrorAction [Error: 38 The default value literal 'unspecified' must be a valid literal of the attribute's type, Action: setDefaultValueLiteralGen, Error hierarchy: 0]
] already exists.
mai 06, 2020 7:10:17 P.M. hvl.projectparmorel.qlearning.QModelFixer fixModel
INFO: Solution discarded.
mai 06, 2020 7:10:17 P.M. hvl.projectparmorel.qlearning.QModelFixer fixModel
INFO: EPISODE 16 TOTAL REWARD 276.0



mai 06, 2020 7:10:17 P.M. hvl.projectparmorel.qlearning.QModelFixer handleEpisode
INFO: EPISODE 17, STEP 0, Fixing error 38: The default value literal 'unspecified' must be a valid literal of the attribute's type
mai 06, 2020 7:10:17 P.M. hvl.projectparmorel.qlearning.QModelFixer chooseAction
INFO: Choosing optimal action
mai 06, 2020 7:10:17 P.M. hvl.projectparmorel.qlearning.QModelFixer handleStep
INFO: Chose action setDefaultValueLiteralGen in context 0 with weight 178.0
mai 06, 2020 7:10:17 P.M. hvl.projectparmorel.qlearning.QModelFixer updateQTable
INFO: Calculating new Q-value:
Old Q-value: 178.0
Alpha: 1.0
Gamma:1.0

Reward: -2
178.0 + 1.0 * (-2 + 1.0 - 178.0) = -1.0
mai 06, 2020 7:10:17 P.M. hvl.projectparmorel.qlearning.QModelFixer updateQTable
INFO: Updated Q-table for error 38, context 0, action -2078906332 to new weight -1.0
mai 06, 2020 7:11:13 P.M. hvl.projectparmorel.ecore.EcoreSolution calculateDistanceFromOriginal
INFO: Calculated the distance between the models to 100.0
mai 06, 2020 7:11:13 P.M. hvl.projectparmorel.reward.PreferCloseDinstanceToOriginalPreference rewardcalculateRewardFor
INFO: Time to measure distance: 56548 ms
mai 06, 2020 7:11:13 P.M. hvl.projectparmorel.qlearning.QModelFixer updateQTable
INFO: Calculating new Q-value:
Old Q-value: -1.0
Alpha: 1.0
Gamma:1.0

Reward: 100
-1.0 + 1.0 * (100 + 1.0 - -1.0) = 101.0
mai 06, 2020 7:11:13 P.M. hvl.projectparmorel.qlearning.QModelFixer updateQTable
INFO: Updated Q-table for error 38, context 0, action -2078906332 to new weight 101.0
mai 06, 2020 7:11:15 P.M. hvl.projectparmorel.reward.PreferRelaxation rewardcalculateRewardFor
INFO: Time to get metric: 1836 ms
mai 06, 2020 7:11:15 P.M. hvl.projectparmorel.qlearning.QModelFixer isUnique
INFO: Solution [ErrorAction [Error: 38 The default value literal 'unspecified' must be a valid literal of the attribute's type, Action: setDefaultValueLiteralGen, Error hierarchy: 0]
] already exists.
mai 06, 2020 7:11:15 P.M. hvl.projectparmorel.qlearning.QModelFixer fixModel
INFO: Solution discarded.
mai 06, 2020 7:11:15 P.M. hvl.projectparmorel.qlearning.QModelFixer fixModel
INFO: EPISODE 17 TOTAL REWARD 276.0



mai 06, 2020 7:11:15 P.M. hvl.projectparmorel.qlearning.QModelFixer handleEpisode
INFO: EPISODE 18, STEP 0, Fixing error 38: The default value literal 'unspecified' must be a valid literal of the attribute's type
mai 06, 2020 7:11:15 P.M. hvl.projectparmorel.qlearning.QModelFixer chooseAction
INFO: Choosing random action.
mai 06, 2020 7:11:15 P.M. hvl.projectparmorel.qlearning.QModelFixer handleStep
INFO: Chose action setEType in context 0 with weight 178.0
mai 06, 2020 7:11:15 P.M. hvl.projectparmorel.qlearning.QModelFixer updateQTable
INFO: Calculating new Q-value:
Old Q-value: 178.0
Alpha: 1.0
Gamma:1.0

Reward: -2
178.0 + 1.0 * (-2 + 1.0 - 178.0) = -1.0
mai 06, 2020 7:11:15 P.M. hvl.projectparmorel.qlearning.QModelFixer updateQTable
INFO: Updated Q-table for error 38, context 0, action 591449609 to new weight -1.0
mai 06, 2020 7:12:12 P.M. hvl.projectparmorel.ecore.EcoreSolution calculateDistanceFromOriginal
INFO: Calculated the distance between the models to 99.0
mai 06, 2020 7:12:12 P.M. hvl.projectparmorel.reward.PreferCloseDinstanceToOriginalPreference rewardcalculateRewardFor
INFO: Time to measure distance: 56368 ms
mai 06, 2020 7:12:12 P.M. hvl.projectparmorel.qlearning.QModelFixer updateQTable
INFO: Calculating new Q-value:
Old Q-value: -1.0
Alpha: 1.0
Gamma:1.0

Reward: 99
-1.0 + 1.0 * (99 + 1.0 - -1.0) = 100.0
mai 06, 2020 7:12:12 P.M. hvl.projectparmorel.qlearning.QModelFixer updateQTable
INFO: Updated Q-table for error 38, context 0, action 591449609 to new weight 100.0
mai 06, 2020 7:12:14 P.M. hvl.projectparmorel.reward.PreferRelaxation rewardcalculateRewardFor
INFO: Time to get metric: 1837 ms
mai 06, 2020 7:12:14 P.M. hvl.projectparmorel.qlearning.QModelFixer isUnique
INFO: Solution [ErrorAction [Error: 38 The default value literal 'unspecified' must be a valid literal of the attribute's type, Action: setEType, Error hierarchy: 0]
] already exists.
mai 06, 2020 7:12:14 P.M. hvl.projectparmorel.qlearning.QModelFixer fixModel
INFO: Solution discarded.
mai 06, 2020 7:12:14 P.M. hvl.projectparmorel.qlearning.QModelFixer fixModel
INFO: EPISODE 18 TOTAL REWARD 275.0



mai 06, 2020 7:12:14 P.M. hvl.projectparmorel.qlearning.QModelFixer handleEpisode
INFO: EPISODE 19, STEP 0, Fixing error 38: The default value literal 'unspecified' must be a valid literal of the attribute's type
mai 06, 2020 7:12:14 P.M. hvl.projectparmorel.qlearning.QModelFixer chooseAction
INFO: Choosing optimal action
mai 06, 2020 7:12:14 P.M. hvl.projectparmorel.qlearning.QModelFixer handleStep
INFO: Chose action setDefaultValueLiteralGen in context 0 with weight 178.0
mai 06, 2020 7:12:14 P.M. hvl.projectparmorel.qlearning.QModelFixer updateQTable
INFO: Calculating new Q-value:
Old Q-value: 178.0
Alpha: 1.0
Gamma:1.0

Reward: -2
178.0 + 1.0 * (-2 + 1.0 - 178.0) = -1.0
mai 06, 2020 7:12:14 P.M. hvl.projectparmorel.qlearning.QModelFixer updateQTable
INFO: Updated Q-table for error 38, context 0, action -2078906332 to new weight -1.0
mai 06, 2020 7:13:13 P.M. hvl.projectparmorel.ecore.EcoreSolution calculateDistanceFromOriginal
INFO: Calculated the distance between the models to 100.0
mai 06, 2020 7:13:13 P.M. hvl.projectparmorel.reward.PreferCloseDinstanceToOriginalPreference rewardcalculateRewardFor
INFO: Time to measure distance: 59189 ms
mai 06, 2020 7:13:13 P.M. hvl.projectparmorel.qlearning.QModelFixer updateQTable
INFO: Calculating new Q-value:
Old Q-value: -1.0
Alpha: 1.0
Gamma:1.0

Reward: 100
-1.0 + 1.0 * (100 + 1.0 - -1.0) = 101.0
mai 06, 2020 7:13:13 P.M. hvl.projectparmorel.qlearning.QModelFixer updateQTable
INFO: Updated Q-table for error 38, context 0, action -2078906332 to new weight 101.0
mai 06, 2020 7:13:15 P.M. hvl.projectparmorel.reward.PreferRelaxation rewardcalculateRewardFor
INFO: Time to get metric: 1834 ms
mai 06, 2020 7:13:15 P.M. hvl.projectparmorel.qlearning.QModelFixer isUnique
INFO: Solution [ErrorAction [Error: 38 The default value literal 'unspecified' must be a valid literal of the attribute's type, Action: setDefaultValueLiteralGen, Error hierarchy: 0]
] already exists.
mai 06, 2020 7:13:15 P.M. hvl.projectparmorel.qlearning.QModelFixer fixModel
INFO: Solution discarded.
mai 06, 2020 7:13:15 P.M. hvl.projectparmorel.qlearning.QModelFixer fixModel
INFO: EPISODE 19 TOTAL REWARD 276.0



mai 06, 2020 7:13:15 P.M. hvl.projectparmorel.qlearning.QModelFixer handleEpisode
INFO: EPISODE 20, STEP 0, Fixing error 38: The default value literal 'unspecified' must be a valid literal of the attribute's type
mai 06, 2020 7:13:15 P.M. hvl.projectparmorel.qlearning.QModelFixer chooseAction
INFO: Choosing optimal action
mai 06, 2020 7:13:15 P.M. hvl.projectparmorel.qlearning.QModelFixer handleStep
INFO: Chose action setDefaultValueLiteralGen in context 0 with weight 178.0
mai 06, 2020 7:13:15 P.M. hvl.projectparmorel.qlearning.QModelFixer updateQTable
INFO: Calculating new Q-value:
Old Q-value: 178.0
Alpha: 1.0
Gamma:1.0

Reward: -2
178.0 + 1.0 * (-2 + 1.0 - 178.0) = -1.0
mai 06, 2020 7:13:15 P.M. hvl.projectparmorel.qlearning.QModelFixer updateQTable
INFO: Updated Q-table for error 38, context 0, action -2078906332 to new weight -1.0
mai 06, 2020 7:14:12 P.M. hvl.projectparmorel.ecore.EcoreSolution calculateDistanceFromOriginal
INFO: Calculated the distance between the models to 100.0
mai 06, 2020 7:14:12 P.M. hvl.projectparmorel.reward.PreferCloseDinstanceToOriginalPreference rewardcalculateRewardFor
INFO: Time to measure distance: 56947 ms
mai 06, 2020 7:14:12 P.M. hvl.projectparmorel.qlearning.QModelFixer updateQTable
INFO: Calculating new Q-value:
Old Q-value: -1.0
Alpha: 1.0
Gamma:1.0

Reward: 100
-1.0 + 1.0 * (100 + 1.0 - -1.0) = 101.0
mai 06, 2020 7:14:12 P.M. hvl.projectparmorel.qlearning.QModelFixer updateQTable
INFO: Updated Q-table for error 38, context 0, action -2078906332 to new weight 101.0
mai 06, 2020 7:14:13 P.M. hvl.projectparmorel.reward.PreferRelaxation rewardcalculateRewardFor
INFO: Time to get metric: 1828 ms
mai 06, 2020 7:14:13 P.M. hvl.projectparmorel.qlearning.QModelFixer isUnique
INFO: Solution [ErrorAction [Error: 38 The default value literal 'unspecified' must be a valid literal of the attribute's type, Action: setDefaultValueLiteralGen, Error hierarchy: 0]
] already exists.
mai 06, 2020 7:14:13 P.M. hvl.projectparmorel.qlearning.QModelFixer fixModel
INFO: Solution discarded.
mai 06, 2020 7:14:13 P.M. hvl.projectparmorel.qlearning.QModelFixer fixModel
INFO: EPISODE 20 TOTAL REWARD 276.0



mai 06, 2020 7:14:13 P.M. hvl.projectparmorel.qlearning.QModelFixer handleEpisode
INFO: EPISODE 21, STEP 0, Fixing error 38: The default value literal 'unspecified' must be a valid literal of the attribute's type
mai 06, 2020 7:14:13 P.M. hvl.projectparmorel.qlearning.QModelFixer chooseAction
INFO: Choosing random action.
mai 06, 2020 7:14:13 P.M. hvl.projectparmorel.qlearning.QModelFixer handleStep
INFO: Chose action setDefaultValueLiteralGen in context 0 with weight 178.0
mai 06, 2020 7:14:14 P.M. hvl.projectparmorel.qlearning.QModelFixer updateQTable
INFO: Calculating new Q-value:
Old Q-value: 178.0
Alpha: 1.0
Gamma:1.0

Reward: -2
178.0 + 1.0 * (-2 + 1.0 - 178.0) = -1.0
mai 06, 2020 7:14:14 P.M. hvl.projectparmorel.qlearning.QModelFixer updateQTable
INFO: Updated Q-table for error 38, context 0, action -2078906332 to new weight -1.0
mai 06, 2020 7:15:07 P.M. hvl.projectparmorel.ecore.EcoreSolution calculateDistanceFromOriginal
INFO: Calculated the distance between the models to 100.0
mai 06, 2020 7:15:07 P.M. hvl.projectparmorel.reward.PreferCloseDinstanceToOriginalPreference rewardcalculateRewardFor
INFO: Time to measure distance: 53552 ms
mai 06, 2020 7:15:07 P.M. hvl.projectparmorel.qlearning.QModelFixer updateQTable
INFO: Calculating new Q-value:
Old Q-value: -1.0
Alpha: 1.0
Gamma:1.0

Reward: 100
-1.0 + 1.0 * (100 + 1.0 - -1.0) = 101.0
mai 06, 2020 7:15:07 P.M. hvl.projectparmorel.qlearning.QModelFixer updateQTable
INFO: Updated Q-table for error 38, context 0, action -2078906332 to new weight 101.0
mai 06, 2020 7:15:09 P.M. hvl.projectparmorel.reward.PreferRelaxation rewardcalculateRewardFor
INFO: Time to get metric: 1820 ms
mai 06, 2020 7:15:09 P.M. hvl.projectparmorel.qlearning.QModelFixer isUnique
INFO: Solution [ErrorAction [Error: 38 The default value literal 'unspecified' must be a valid literal of the attribute's type, Action: setDefaultValueLiteralGen, Error hierarchy: 0]
] already exists.
mai 06, 2020 7:15:09 P.M. hvl.projectparmorel.qlearning.QModelFixer fixModel
INFO: Solution discarded.
mai 06, 2020 7:15:09 P.M. hvl.projectparmorel.qlearning.QModelFixer fixModel
INFO: EPISODE 21 TOTAL REWARD 276.0



mai 06, 2020 7:15:09 P.M. hvl.projectparmorel.qlearning.QModelFixer handleEpisode
INFO: EPISODE 22, STEP 0, Fixing error 38: The default value literal 'unspecified' must be a valid literal of the attribute's type
mai 06, 2020 7:15:09 P.M. hvl.projectparmorel.qlearning.QModelFixer chooseAction
INFO: Choosing optimal action
mai 06, 2020 7:15:09 P.M. hvl.projectparmorel.qlearning.QModelFixer handleStep
INFO: Chose action setDefaultValueLiteralGen in context 0 with weight 178.0
mai 06, 2020 7:15:09 P.M. hvl.projectparmorel.qlearning.QModelFixer updateQTable
INFO: Calculating new Q-value:
Old Q-value: 178.0
Alpha: 1.0
Gamma:1.0

Reward: -2
178.0 + 1.0 * (-2 + 1.0 - 178.0) = -1.0
mai 06, 2020 7:15:09 P.M. hvl.projectparmorel.qlearning.QModelFixer updateQTable
INFO: Updated Q-table for error 38, context 0, action -2078906332 to new weight -1.0
mai 06, 2020 7:16:01 P.M. hvl.projectparmorel.ecore.EcoreSolution calculateDistanceFromOriginal
INFO: Calculated the distance between the models to 100.0
mai 06, 2020 7:16:01 P.M. hvl.projectparmorel.reward.PreferCloseDinstanceToOriginalPreference rewardcalculateRewardFor
INFO: Time to measure distance: 51891 ms
mai 06, 2020 7:16:01 P.M. hvl.projectparmorel.qlearning.QModelFixer updateQTable
INFO: Calculating new Q-value:
Old Q-value: -1.0
Alpha: 1.0
Gamma:1.0

Reward: 100
-1.0 + 1.0 * (100 + 1.0 - -1.0) = 101.0
mai 06, 2020 7:16:01 P.M. hvl.projectparmorel.qlearning.QModelFixer updateQTable
INFO: Updated Q-table for error 38, context 0, action -2078906332 to new weight 101.0
mai 06, 2020 7:16:03 P.M. hvl.projectparmorel.reward.PreferRelaxation rewardcalculateRewardFor
INFO: Time to get metric: 1830 ms
mai 06, 2020 7:16:03 P.M. hvl.projectparmorel.qlearning.QModelFixer isUnique
INFO: Solution [ErrorAction [Error: 38 The default value literal 'unspecified' must be a valid literal of the attribute's type, Action: setDefaultValueLiteralGen, Error hierarchy: 0]
] already exists.
mai 06, 2020 7:16:03 P.M. hvl.projectparmorel.qlearning.QModelFixer fixModel
INFO: Solution discarded.
mai 06, 2020 7:16:03 P.M. hvl.projectparmorel.qlearning.QModelFixer fixModel
INFO: EPISODE 22 TOTAL REWARD 276.0



mai 06, 2020 7:16:03 P.M. hvl.projectparmorel.qlearning.QModelFixer handleEpisode
INFO: EPISODE 23, STEP 0, Fixing error 38: The default value literal 'unspecified' must be a valid literal of the attribute's type
mai 06, 2020 7:16:03 P.M. hvl.projectparmorel.qlearning.QModelFixer chooseAction
INFO: Choosing optimal action
mai 06, 2020 7:16:03 P.M. hvl.projectparmorel.qlearning.QModelFixer handleStep
INFO: Chose action setDefaultValueLiteralGen in context 0 with weight 178.0
mai 06, 2020 7:16:03 P.M. hvl.projectparmorel.qlearning.QModelFixer updateQTable
INFO: Calculating new Q-value:
Old Q-value: 178.0
Alpha: 1.0
Gamma:1.0

Reward: -2
178.0 + 1.0 * (-2 + 1.0 - 178.0) = -1.0
mai 06, 2020 7:16:03 P.M. hvl.projectparmorel.qlearning.QModelFixer updateQTable
INFO: Updated Q-table for error 38, context 0, action -2078906332 to new weight -1.0
mai 06, 2020 7:16:55 P.M. hvl.projectparmorel.ecore.EcoreSolution calculateDistanceFromOriginal
INFO: Calculated the distance between the models to 100.0
mai 06, 2020 7:16:55 P.M. hvl.projectparmorel.reward.PreferCloseDinstanceToOriginalPreference rewardcalculateRewardFor
INFO: Time to measure distance: 52398 ms
mai 06, 2020 7:16:55 P.M. hvl.projectparmorel.qlearning.QModelFixer updateQTable
INFO: Calculating new Q-value:
Old Q-value: -1.0
Alpha: 1.0
Gamma:1.0

Reward: 100
-1.0 + 1.0 * (100 + 1.0 - -1.0) = 101.0
mai 06, 2020 7:16:55 P.M. hvl.projectparmorel.qlearning.QModelFixer updateQTable
INFO: Updated Q-table for error 38, context 0, action -2078906332 to new weight 101.0
mai 06, 2020 7:16:57 P.M. hvl.projectparmorel.reward.PreferRelaxation rewardcalculateRewardFor
INFO: Time to get metric: 1837 ms
mai 06, 2020 7:16:57 P.M. hvl.projectparmorel.qlearning.QModelFixer isUnique
INFO: Solution [ErrorAction [Error: 38 The default value literal 'unspecified' must be a valid literal of the attribute's type, Action: setDefaultValueLiteralGen, Error hierarchy: 0]
] already exists.
mai 06, 2020 7:16:57 P.M. hvl.projectparmorel.qlearning.QModelFixer fixModel
INFO: Solution discarded.
mai 06, 2020 7:16:57 P.M. hvl.projectparmorel.qlearning.QModelFixer fixModel
INFO: EPISODE 23 TOTAL REWARD 276.0



mai 06, 2020 7:16:57 P.M. hvl.projectparmorel.qlearning.QModelFixer handleEpisode
INFO: EPISODE 24, STEP 0, Fixing error 38: The default value literal 'unspecified' must be a valid literal of the attribute's type
mai 06, 2020 7:16:57 P.M. hvl.projectparmorel.qlearning.QModelFixer chooseAction
INFO: Choosing optimal action
mai 06, 2020 7:16:57 P.M. hvl.projectparmorel.qlearning.QModelFixer handleStep
INFO: Chose action setDefaultValueLiteralGen in context 0 with weight 178.0
mai 06, 2020 7:16:57 P.M. hvl.projectparmorel.qlearning.QModelFixer updateQTable
INFO: Calculating new Q-value:
Old Q-value: 178.0
Alpha: 1.0
Gamma:1.0

Reward: -2
178.0 + 1.0 * (-2 + 1.0 - 178.0) = -1.0
mai 06, 2020 7:16:57 P.M. hvl.projectparmorel.qlearning.QModelFixer updateQTable
INFO: Updated Q-table for error 38, context 0, action -2078906332 to new weight -1.0
mai 06, 2020 7:17:50 P.M. hvl.projectparmorel.ecore.EcoreSolution calculateDistanceFromOriginal
INFO: Calculated the distance between the models to 100.0
mai 06, 2020 7:17:50 P.M. hvl.projectparmorel.reward.PreferCloseDinstanceToOriginalPreference rewardcalculateRewardFor
INFO: Time to measure distance: 52587 ms
mai 06, 2020 7:17:50 P.M. hvl.projectparmorel.qlearning.QModelFixer updateQTable
INFO: Calculating new Q-value:
Old Q-value: -1.0
Alpha: 1.0
Gamma:1.0

Reward: 100
-1.0 + 1.0 * (100 + 1.0 - -1.0) = 101.0
mai 06, 2020 7:17:50 P.M. hvl.projectparmorel.qlearning.QModelFixer updateQTable
INFO: Updated Q-table for error 38, context 0, action -2078906332 to new weight 101.0
mai 06, 2020 7:17:51 P.M. hvl.projectparmorel.reward.PreferRelaxation rewardcalculateRewardFor
INFO: Time to get metric: 1792 ms
mai 06, 2020 7:17:51 P.M. hvl.projectparmorel.qlearning.QModelFixer isUnique
INFO: Solution [ErrorAction [Error: 38 The default value literal 'unspecified' must be a valid literal of the attribute's type, Action: setDefaultValueLiteralGen, Error hierarchy: 0]
] already exists.
mai 06, 2020 7:17:51 P.M. hvl.projectparmorel.qlearning.QModelFixer fixModel
INFO: Solution discarded.
mai 06, 2020 7:17:51 P.M. hvl.projectparmorel.qlearning.QModelFixer fixModel
INFO: EPISODE 24 TOTAL REWARD 276.0



mai 06, 2020 7:17:51 P.M. hvl.projectparmorel.qlearning.QModelFixer fixModel
INFO: Time repairing model: 1568743 ms
mai 06, 2020 7:17:51 P.M. hvl.projectparmorel.qlearning.QModelFixer fixModel
INFO: 
-----------------ALL SEQUENCES FOUND-------------------
SIZE: 5
DISCARDED SEQUENCES: 20
--------::::B E S T   S E Q U E N C E   I S::::---------
Sequence [id=0, seq=[ErrorAction [Error: 38 The default value literal 'unspecified' must be a valid literal of the attribute's type, Action: setDefaultValueLiteralGen, Error hierarchy: 0]
], weight=276.0]

 with 1 actions.
mai 06, 2020 7:17:51 P.M. hvl.projectparmorel.knowledge.Knowledge save
INFO: Saving initialized
mai 06, 2020 7:17:51 P.M. hvl.projectparmorel.knowledge.Knowledge save
INFO: document prepared
mai 06, 2020 7:17:51 P.M. hvl.projectparmorel.knowledge.Knowledge save
INFO: Saving completed to /Users/Magnus/Skole/DAT300/EclipseWorkspace3/ParmorelRunnable/knowledge.xml
mai 06, 2020 7:17:51 P.M. hvl.projectparmorel.knowledge.Knowledge save
INFO: Saving initialized
mai 06, 2020 7:17:51 P.M. hvl.projectparmorel.knowledge.Knowledge save
INFO: document prepared
mai 06, 2020 7:17:51 P.M. hvl.projectparmorel.knowledge.Knowledge save
INFO: Saving completed to /Users/Magnus/Skole/DAT300/EclipseWorkspace3/ParmorelRunnable/knowledge.xml
