apr. 17, 2020 1:18:40 A.M. hvl.projectparmorel.modelrepair.QModelFixer fixModel
INFO: Repairing IMS_Data_CLI.ecore
apr. 17, 2020 1:18:40 A.M. hvl.projectparmorel.modelrepair.QModelFixer fixModel
INFO: Running with preferences [REPAIR_HIGH_IN_CONTEXT_HIERARCHY, PUNISH_DELETION]
apr. 17, 2020 1:18:40 A.M. hvl.projectparmorel.modelrepair.QModelFixer handleUnsupportedErrors
WARNING: The error code 1 for the error The required feature 'eAttributeType' of 'org.eclipse.emf.ecore.impl.EAttributeImpl@7fec9efa{file:/Users/Magnus/Skole/DAT300/EclipseWorkspace2/ParmorelRunnable/././differentSelectionMethodsOriginals/IMS_Data_CLI.ecore#//ThresholdCLI/value}' must be set is not supported.
apr. 17, 2020 1:18:40 A.M. hvl.projectparmorel.modelrepair.QModelFixer handleUnsupportedErrors
WARNING: The error code 1 for the error The required feature 'eAttributeType' of 'org.eclipse.emf.ecore.impl.EAttributeImpl@4765fb89{file:/Users/Magnus/Skole/DAT300/EclipseWorkspace2/ParmorelRunnable/././differentSelectionMethodsOriginals/IMS_Data_CLI.ecore#//ThresholdCLI/machineId}' must be set is not supported.
apr. 17, 2020 1:18:40 A.M. hvl.projectparmorel.modelrepair.QModelFixer handleUnsupportedErrors
WARNING: The error code 1 for the error The required feature 'eAttributeType' of 'org.eclipse.emf.ecore.impl.EAttributeImpl@1b8a4fb1{file:/Users/Magnus/Skole/DAT300/EclipseWorkspace2/ParmorelRunnable/././differentSelectionMethodsOriginals/IMS_Data_CLI.ecore#//ThresholdCLI/type}' must be set is not supported.
apr. 17, 2020 1:18:40 A.M. hvl.projectparmorel.modelrepair.QModelFixer handleUnsupportedErrors
WARNING: The error code 1 for the error The required feature 'eAttributeType' of 'org.eclipse.emf.ecore.impl.EAttributeImpl@70be4b5e{file:/Users/Magnus/Skole/DAT300/EclipseWorkspace2/ParmorelRunnable/././differentSelectionMethodsOriginals/IMS_Data_CLI.ecore#//ThresholdCLI/handler}' must be set is not supported.
apr. 17, 2020 1:18:40 A.M. hvl.projectparmorel.modelrepair.QModelFixer handleUnsupportedErrors
WARNING: The error code 1 for the error The required feature 'eAttributeType' of 'org.eclipse.emf.ecore.impl.EAttributeImpl@2c8f104d{file:/Users/Magnus/Skole/DAT300/EclipseWorkspace2/ParmorelRunnable/././differentSelectionMethodsOriginals/IMS_Data_CLI.ecore#//SystemInfoCLI/memory}' must be set is not supported.
apr. 17, 2020 1:18:40 A.M. hvl.projectparmorel.modelrepair.QModelFixer handleUnsupportedErrors
WARNING: The error code 1 for the error The required feature 'eAttributeType' of 'org.eclipse.emf.ecore.impl.EAttributeImpl@5a0c019d{file:/Users/Magnus/Skole/DAT300/EclipseWorkspace2/ParmorelRunnable/././differentSelectionMethodsOriginals/IMS_Data_CLI.ecore#//SystemInfoCLI/diskSpace}' must be set is not supported.
apr. 17, 2020 1:18:40 A.M. hvl.projectparmorel.modelrepair.QModelFixer handleUnsupportedErrors
WARNING: The error code 1 for the error The required feature 'eAttributeType' of 'org.eclipse.emf.ecore.impl.EAttributeImpl@7a396deb{file:/Users/Magnus/Skole/DAT300/EclipseWorkspace2/ParmorelRunnable/././differentSelectionMethodsOriginals/IMS_Data_CLI.ecore#//SystemInfoCLI/machineId}' must be set is not supported.
apr. 17, 2020 1:18:40 A.M. hvl.projectparmorel.modelrepair.QModelFixer handleUnsupportedErrors
WARNING: The error code 1 for the error The required feature 'eAttributeType' of 'org.eclipse.emf.ecore.impl.EAttributeImpl@29221413{file:/Users/Magnus/Skole/DAT300/EclipseWorkspace2/ParmorelRunnable/././differentSelectionMethodsOriginals/IMS_Data_CLI.ecore#//ProcessCLI/processName}' must be set is not supported.
apr. 17, 2020 1:18:40 A.M. hvl.projectparmorel.modelrepair.QModelFixer handleUnsupportedErrors
WARNING: The error code 1 for the error The required feature 'eAttributeType' of 'org.eclipse.emf.ecore.impl.EAttributeImpl@41a61b2{file:/Users/Magnus/Skole/DAT300/EclipseWorkspace2/ParmorelRunnable/././differentSelectionMethodsOriginals/IMS_Data_CLI.ecore#//ProcessCLI/machineId}' must be set is not supported.
apr. 17, 2020 1:18:40 A.M. hvl.projectparmorel.modelrepair.QModelFixer fixModel
INFO: Initial number of errors in model: 18
Maximum number of steps per episode: 25
Errors to fix: [Error 40, message=The typed element must have a type
, Error 38, message=The default value literal '0' must be a valid literal of the attribute's type
, Error 40, message=The typed element must have a type
, Error 38, message=The default value literal '""' must be a valid literal of the attribute's type
, Error 40, message=The typed element must have a type
, Error 38, message=The default value literal '0' must be a valid literal of the attribute's type
, Error 40, message=The typed element must have a type
, Error 38, message=The default value literal '""' must be a valid literal of the attribute's type
, Error 40, message=The typed element must have a type
, Error 38, message=The default value literal '0' must be a valid literal of the attribute's type
, Error 40, message=The typed element must have a type
, Error 38, message=The default value literal '0' must be a valid literal of the attribute's type
, Error 40, message=The typed element must have a type
, Error 38, message=The default value literal '""' must be a valid literal of the attribute's type
, Error 40, message=The typed element must have a type
, Error 38, message=The default value literal '""' must be a valid literal of the attribute's type
, Error 40, message=The typed element must have a type
, Error 38, message=The default value literal '""' must be a valid literal of the attribute's type
]
apr. 17, 2020 1:18:40 A.M. hvl.projectparmorel.modelrepair.QModelFixer fixModel
INFO: Initializing Q-table for the errors.
apr. 17, 2020 1:18:40 A.M. hvl.projectparmorel.modelrepair.QModelFixer fixModel
INFO: Number of episodes: 25
apr. 17, 2020 1:18:40 A.M. hvl.projectparmorel.modelrepair.QModelFixer handleEpisode
INFO: EPISODE 0, STEP 0, Fixing error 40: The typed element must have a type
apr. 17, 2020 1:18:40 A.M. hvl.projectparmorel.modelrepair.QModelFixer chooseAction
INFO: Choosing optimal action
apr. 17, 2020 1:18:40 A.M. hvl.projectparmorel.modelrepair.QModelFixer handleStep
INFO: Chose action setEType in context 0 with weight 866.895993328821
apr. 17, 2020 1:18:40 A.M. hvl.projectparmorel.modelrepair.QModelFixer handleStep
INFO: Next error code: 38
apr. 17, 2020 1:18:40 A.M. hvl.projectparmorel.modelrepair.QModelFixer handleStep
INFO: Calculating new Q-value:
Old Q-value: 866.895993328821
Alpha: 1.0
Gamma: 1.0
Reward: 100
Next optimal action Q-value: 700.0
866.895993328821 + 1.0 * (100 + 1.0 * 700.0 - 866.895993328821) = 800.0
apr. 17, 2020 1:18:40 A.M. hvl.projectparmorel.modelrepair.QModelFixer handleStep
INFO: Updated Q-table for error 40, context 0, action 591449609 setEType to new weight 800.0


apr. 17, 2020 1:18:40 A.M. hvl.projectparmorel.modelrepair.QModelFixer handleEpisode
INFO: EPISODE 0, STEP 1, Fixing error 38: The default value literal '0' must be a valid literal of the attribute's type
apr. 17, 2020 1:18:40 A.M. hvl.projectparmorel.modelrepair.QModelFixer chooseAction
INFO: Choosing optimal action
apr. 17, 2020 1:18:40 A.M. hvl.projectparmorel.modelrepair.QModelFixer handleStep
INFO: Chose action setEType in context 0 with weight 700.0
apr. 17, 2020 1:18:40 A.M. hvl.projectparmorel.modelrepair.QModelFixer handleStep
INFO: Calculating new Q-value:
Old Q-value: 700.0
Alpha: 1.0

Reward: 100
700.0 + 1.0 * (100 - 700.0) = 100.0
apr. 17, 2020 1:18:40 A.M. hvl.projectparmorel.modelrepair.QModelFixer handleStep
INFO: Updated Q-table for error 38, context 0, action -591535257 setEType to new weight 100.0
apr. 17, 2020 1:18:40 A.M. hvl.projectparmorel.modelrepair.QModelFixer handleEpisode
INFO: Solution added to possible solitons: [ErrorAction [Error: 40 The typed element must have a type, Action: setEType, Error hierarchy: 0]
, ErrorAction [Error: 38 The default value literal '0' must be a valid literal of the attribute's type, Action: setEType, Error hierarchy: 0]
]
apr. 17, 2020 1:18:40 A.M. hvl.projectparmorel.modelrepair.QModelFixer handleEpisode
INFO: EPISODE 0 TOTAL REWARD 200



apr. 17, 2020 1:18:40 A.M. hvl.projectparmorel.modelrepair.QModelFixer handleEpisode
INFO: EPISODE 1, STEP 0, Fixing error 40: The typed element must have a type
apr. 17, 2020 1:18:40 A.M. hvl.projectparmorel.modelrepair.QModelFixer chooseAction
INFO: Choosing optimal action
apr. 17, 2020 1:18:40 A.M. hvl.projectparmorel.modelrepair.QModelFixer handleStep
INFO: Chose action setEType in context 0 with weight 800.0
apr. 17, 2020 1:18:40 A.M. hvl.projectparmorel.modelrepair.QModelFixer handleStep
INFO: Next error code: 38
apr. 17, 2020 1:18:40 A.M. hvl.projectparmorel.modelrepair.QModelFixer handleStep
INFO: Calculating new Q-value:
Old Q-value: 800.0
Alpha: 0.9608333333333333
Gamma: 1.0
Reward: 100
Next optimal action Q-value: 100.21453301886422
800.0 + 0.9608333333333333 * (100 + 1.0 * 100.21453301886422 - 800.0) = 223.7061304756254
apr. 17, 2020 1:18:40 A.M. hvl.projectparmorel.modelrepair.QModelFixer handleStep
INFO: Updated Q-table for error 40, context 0, action 591449609 setEType to new weight 223.7061304756254


apr. 17, 2020 1:18:40 A.M. hvl.projectparmorel.modelrepair.QModelFixer handleEpisode
INFO: EPISODE 1, STEP 1, Fixing error 38: The default value literal '0' must be a valid literal of the attribute's type
apr. 17, 2020 1:18:40 A.M. hvl.projectparmorel.modelrepair.QModelFixer chooseAction
INFO: Choosing optimal action
apr. 17, 2020 1:18:40 A.M. hvl.projectparmorel.modelrepair.QModelFixer handleStep
INFO: Chose action setEType in context 0 with weight 100.21453301886422
apr. 17, 2020 1:18:40 A.M. hvl.projectparmorel.modelrepair.QModelFixer handleStep
INFO: Calculating new Q-value:
Old Q-value: 100.21453301886422
Alpha: 0.9608333333333333

Reward: 100
100.21453301886422 + 0.9608333333333333 * (100 - 100.21453301886422) = 100.00840254323884
apr. 17, 2020 1:18:40 A.M. hvl.projectparmorel.modelrepair.QModelFixer handleStep
INFO: Updated Q-table for error 38, context 0, action 591449609 setEType to new weight 100.00840254323884
apr. 17, 2020 1:18:40 A.M. hvl.projectparmorel.modelrepair.QModelFixer isUnique
INFO: Solution [ErrorAction [Error: 40 The typed element must have a type, Action: setEType, Error hierarchy: 0]
, ErrorAction [Error: 38 The default value literal '0' must be a valid literal of the attribute's type, Action: setEType, Error hierarchy: 0]
] already exists.
apr. 17, 2020 1:18:40 A.M. hvl.projectparmorel.modelrepair.QModelFixer handleEpisode
INFO: Solution discarded.
apr. 17, 2020 1:18:40 A.M. hvl.projectparmorel.modelrepair.QModelFixer handleEpisode
INFO: EPISODE 1 TOTAL REWARD 200



apr. 17, 2020 1:18:40 A.M. hvl.projectparmorel.modelrepair.QModelFixer handleEpisode
INFO: EPISODE 2, STEP 0, Fixing error 40: The typed element must have a type
apr. 17, 2020 1:18:40 A.M. hvl.projectparmorel.modelrepair.QModelFixer chooseAction
INFO: Choosing optimal action
apr. 17, 2020 1:18:40 A.M. hvl.projectparmorel.modelrepair.QModelFixer handleStep
INFO: Chose action setEType in context 0 with weight 223.7061304756254
apr. 17, 2020 1:18:40 A.M. hvl.projectparmorel.modelrepair.QModelFixer handleStep
INFO: Next error code: 38
apr. 17, 2020 1:18:40 A.M. hvl.projectparmorel.modelrepair.QModelFixer handleStep
INFO: Calculating new Q-value:
Old Q-value: 223.7061304756254
Alpha: 0.9216666666666666
Gamma: 1.0
Reward: 100
Next optimal action Q-value: 100.00840254323884
223.7061304756254 + 0.9216666666666666 * (100 + 1.0 * 100.00840254323884 - 223.7061304756254) = 201.86472456460913
apr. 17, 2020 1:18:40 A.M. hvl.projectparmorel.modelrepair.QModelFixer handleStep
INFO: Updated Q-table for error 40, context 0, action 591449609 setEType to new weight 201.86472456460913


apr. 17, 2020 1:18:40 A.M. hvl.projectparmorel.modelrepair.QModelFixer handleEpisode
INFO: EPISODE 2, STEP 1, Fixing error 38: The default value literal '0' must be a valid literal of the attribute's type
apr. 17, 2020 1:18:40 A.M. hvl.projectparmorel.modelrepair.QModelFixer chooseAction
INFO: Choosing random action.
apr. 17, 2020 1:18:40 A.M. hvl.projectparmorel.modelrepair.QModelFixer handleStep
INFO: Chose action delete in context 0 with weight -672.7868647262943
apr. 17, 2020 1:18:40 A.M. hvl.projectparmorel.modelrepair.QModelFixer handleStep
INFO: Calculating new Q-value:
Old Q-value: -672.7868647262943
Alpha: 0.9216666666666666

Reward: -1000
-672.7868647262943 + 0.9216666666666666 * (-1000 - -672.7868647262943) = -974.3683044035597
apr. 17, 2020 1:18:40 A.M. hvl.projectparmorel.modelrepair.QModelFixer handleStep
INFO: Updated Q-table for error 38, context 0, action 99999 delete to new weight -974.3683044035597
apr. 17, 2020 1:18:40 A.M. hvl.projectparmorel.modelrepair.QModelFixer isUnique
INFO: Solution [ErrorAction [Error: 40 The typed element must have a type, Action: setEType, Error hierarchy: 0]
, ErrorAction [Error: 38 The default value literal '0' must be a valid literal of the attribute's type, Action: delete, Error hierarchy: 0]
] already exists.
apr. 17, 2020 1:18:40 A.M. hvl.projectparmorel.modelrepair.QModelFixer handleEpisode
INFO: Solution discarded.
apr. 17, 2020 1:18:40 A.M. hvl.projectparmorel.modelrepair.QModelFixer handleEpisode
INFO: EPISODE 2 TOTAL REWARD -900



apr. 17, 2020 1:18:40 A.M. hvl.projectparmorel.modelrepair.QModelFixer handleEpisode
INFO: EPISODE 3, STEP 0, Fixing error 40: The typed element must have a type
apr. 17, 2020 1:18:40 A.M. hvl.projectparmorel.modelrepair.QModelFixer chooseAction
INFO: Choosing optimal action
apr. 17, 2020 1:18:40 A.M. hvl.projectparmorel.modelrepair.QModelFixer handleStep
INFO: Chose action setEType in context 0 with weight 201.86472456460913
apr. 17, 2020 1:18:40 A.M. hvl.projectparmorel.modelrepair.QModelFixer handleStep
INFO: Next error code: 38
apr. 17, 2020 1:18:40 A.M. hvl.projectparmorel.modelrepair.QModelFixer handleStep
INFO: Calculating new Q-value:
Old Q-value: 201.86472456460913
Alpha: 0.8825000000000001
Gamma: 1.0
Reward: 100
Next optimal action Q-value: 100.00840254323884
201.86472456460913 + 0.8825000000000001 * (100 + 1.0 * 100.00840254323884 - 201.86472456460913) = 200.22652038074986
apr. 17, 2020 1:18:40 A.M. hvl.projectparmorel.modelrepair.QModelFixer handleStep
INFO: Updated Q-table for error 40, context 0, action 591449609 setEType to new weight 200.22652038074986


apr. 17, 2020 1:18:40 A.M. hvl.projectparmorel.modelrepair.QModelFixer handleEpisode
INFO: EPISODE 3, STEP 1, Fixing error 38: The default value literal '0' must be a valid literal of the attribute's type
apr. 17, 2020 1:18:40 A.M. hvl.projectparmorel.modelrepair.QModelFixer chooseAction
INFO: Choosing random action.
apr. 17, 2020 1:18:40 A.M. hvl.projectparmorel.modelrepair.QModelFixer handleStep
INFO: Chose action setEType in context 0 with weight 100.00840254323884
apr. 17, 2020 1:18:40 A.M. hvl.projectparmorel.modelrepair.QModelFixer handleStep
INFO: Calculating new Q-value:
Old Q-value: 100.00840254323884
Alpha: 0.8825000000000001

Reward: 100
100.00840254323884 + 0.8825000000000001 * (100 - 100.00840254323884) = 100.00098729883057
apr. 17, 2020 1:18:40 A.M. hvl.projectparmorel.modelrepair.QModelFixer handleStep
INFO: Updated Q-table for error 38, context 0, action 591449609 setEType to new weight 100.00098729883057
apr. 17, 2020 1:18:40 A.M. hvl.projectparmorel.modelrepair.QModelFixer isUnique
INFO: Solution [ErrorAction [Error: 40 The typed element must have a type, Action: setEType, Error hierarchy: 0]
, ErrorAction [Error: 38 The default value literal '0' must be a valid literal of the attribute's type, Action: setEType, Error hierarchy: 0]
] already exists.
apr. 17, 2020 1:18:40 A.M. hvl.projectparmorel.modelrepair.QModelFixer handleEpisode
INFO: Solution discarded.
apr. 17, 2020 1:18:40 A.M. hvl.projectparmorel.modelrepair.QModelFixer handleEpisode
INFO: EPISODE 3 TOTAL REWARD 200



apr. 17, 2020 1:18:40 A.M. hvl.projectparmorel.modelrepair.QModelFixer handleEpisode
INFO: EPISODE 4, STEP 0, Fixing error 40: The typed element must have a type
apr. 17, 2020 1:18:40 A.M. hvl.projectparmorel.modelrepair.QModelFixer chooseAction
INFO: Choosing optimal action
apr. 17, 2020 1:18:40 A.M. hvl.projectparmorel.modelrepair.QModelFixer handleStep
INFO: Chose action setEType in context 0 with weight 200.22652038074986
apr. 17, 2020 1:18:40 A.M. hvl.projectparmorel.modelrepair.QModelFixer handleStep
INFO: Next error code: 38
apr. 17, 2020 1:18:40 A.M. hvl.projectparmorel.modelrepair.QModelFixer handleStep
INFO: Calculating new Q-value:
Old Q-value: 200.22652038074986
Alpha: 0.8433333333333334
Gamma: 1.0
Reward: 100
Next optimal action Q-value: 100.00098729883057
200.22652038074986 + 0.8433333333333334 * (100 + 1.0 * 100.00098729883057 - 200.22652038074986) = 200.03632081499794
apr. 17, 2020 1:18:40 A.M. hvl.projectparmorel.modelrepair.QModelFixer handleStep
INFO: Updated Q-table for error 40, context 0, action 591449609 setEType to new weight 200.03632081499794


apr. 17, 2020 1:18:40 A.M. hvl.projectparmorel.modelrepair.QModelFixer handleEpisode
INFO: EPISODE 4, STEP 1, Fixing error 38: The default value literal '0' must be a valid literal of the attribute's type
apr. 17, 2020 1:18:40 A.M. hvl.projectparmorel.modelrepair.QModelFixer chooseAction
INFO: Choosing optimal action
apr. 17, 2020 1:18:40 A.M. hvl.projectparmorel.modelrepair.QModelFixer handleStep
INFO: Chose action setEType in context 0 with weight 100.00098729883057
apr. 17, 2020 1:18:40 A.M. hvl.projectparmorel.modelrepair.QModelFixer handleStep
INFO: Calculating new Q-value:
Old Q-value: 100.00098729883057
Alpha: 0.8433333333333334

Reward: 100
100.00098729883057 + 0.8433333333333334 * (100 - 100.00098729883057) = 100.00015467681679
apr. 17, 2020 1:18:40 A.M. hvl.projectparmorel.modelrepair.QModelFixer handleStep
INFO: Updated Q-table for error 38, context 0, action 591449609 setEType to new weight 100.00015467681679
apr. 17, 2020 1:18:40 A.M. hvl.projectparmorel.modelrepair.QModelFixer isUnique
INFO: Solution [ErrorAction [Error: 40 The typed element must have a type, Action: setEType, Error hierarchy: 0]
, ErrorAction [Error: 38 The default value literal '0' must be a valid literal of the attribute's type, Action: setEType, Error hierarchy: 0]
] already exists.
apr. 17, 2020 1:18:40 A.M. hvl.projectparmorel.modelrepair.QModelFixer handleEpisode
INFO: Solution discarded.
apr. 17, 2020 1:18:40 A.M. hvl.projectparmorel.modelrepair.QModelFixer handleEpisode
INFO: EPISODE 4 TOTAL REWARD 200



apr. 17, 2020 1:18:40 A.M. hvl.projectparmorel.modelrepair.QModelFixer handleEpisode
INFO: EPISODE 5, STEP 0, Fixing error 40: The typed element must have a type
apr. 17, 2020 1:18:40 A.M. hvl.projectparmorel.modelrepair.QModelFixer chooseAction
INFO: Choosing random action.
apr. 17, 2020 1:18:40 A.M. hvl.projectparmorel.modelrepair.QModelFixer handleStep
INFO: Chose action setEType in context 0 with weight 200.03632081499794
apr. 17, 2020 1:18:40 A.M. hvl.projectparmorel.modelrepair.QModelFixer handleStep
INFO: Next error code: 38
apr. 17, 2020 1:18:40 A.M. hvl.projectparmorel.modelrepair.QModelFixer handleStep
INFO: Calculating new Q-value:
Old Q-value: 200.03632081499794
Alpha: 0.8041666666666667
Gamma: 1.0
Reward: 100
Next optimal action Q-value: 100.00015467681679
200.03632081499794 + 0.8041666666666667 * (100 + 1.0 * 100.00015467681679 - 200.03632081499794) = 200.0072372122106
apr. 17, 2020 1:18:40 A.M. hvl.projectparmorel.modelrepair.QModelFixer handleStep
INFO: Updated Q-table for error 40, context 0, action 591449609 setEType to new weight 200.0072372122106


apr. 17, 2020 1:18:40 A.M. hvl.projectparmorel.modelrepair.QModelFixer handleEpisode
INFO: EPISODE 5, STEP 1, Fixing error 38: The default value literal '0' must be a valid literal of the attribute's type
apr. 17, 2020 1:18:40 A.M. hvl.projectparmorel.modelrepair.QModelFixer chooseAction
INFO: Choosing random action.
apr. 17, 2020 1:18:40 A.M. hvl.projectparmorel.modelrepair.QModelFixer handleStep
INFO: Chose action setEType in context 0 with weight 100.0
apr. 17, 2020 1:18:40 A.M. hvl.projectparmorel.modelrepair.QModelFixer handleStep
INFO: Calculating new Q-value:
Old Q-value: 100.0
Alpha: 0.8041666666666667

Reward: 100
100.0 + 0.8041666666666667 * (100 - 100.0) = 100.0
apr. 17, 2020 1:18:40 A.M. hvl.projectparmorel.modelrepair.QModelFixer handleStep
INFO: Updated Q-table for error 38, context 0, action -591535257 setEType to new weight 100.0
apr. 17, 2020 1:18:40 A.M. hvl.projectparmorel.modelrepair.QModelFixer handleEpisode
INFO: Solution added to possible solitons: [ErrorAction [Error: 40 The typed element must have a type, Action: setEType, Error hierarchy: 0]
, ErrorAction [Error: 38 The default value literal '0' must be a valid literal of the attribute's type, Action: setEType, Error hierarchy: 0]
]
apr. 17, 2020 1:18:40 A.M. hvl.projectparmorel.modelrepair.QModelFixer handleEpisode
INFO: EPISODE 5 TOTAL REWARD 200



apr. 17, 2020 1:18:40 A.M. hvl.projectparmorel.modelrepair.QModelFixer handleEpisode
INFO: EPISODE 6, STEP 0, Fixing error 40: The typed element must have a type
apr. 17, 2020 1:18:40 A.M. hvl.projectparmorel.modelrepair.QModelFixer chooseAction
INFO: Choosing optimal action
apr. 17, 2020 1:18:40 A.M. hvl.projectparmorel.modelrepair.QModelFixer handleStep
INFO: Chose action setEType in context 0 with weight 200.0072372122106
apr. 17, 2020 1:18:40 A.M. hvl.projectparmorel.modelrepair.QModelFixer handleStep
INFO: Next error code: 38
apr. 17, 2020 1:18:40 A.M. hvl.projectparmorel.modelrepair.QModelFixer handleStep
INFO: Calculating new Q-value:
Old Q-value: 200.0072372122106
Alpha: 0.765
Gamma: 1.0
Reward: 100
Next optimal action Q-value: 100.00015467681679
200.0072372122106 + 0.765 * (100 + 1.0 * 100.00015467681679 - 200.0072372122106) = 200.00181907263436
apr. 17, 2020 1:18:40 A.M. hvl.projectparmorel.modelrepair.QModelFixer handleStep
INFO: Updated Q-table for error 40, context 0, action 591449609 setEType to new weight 200.00181907263436


apr. 17, 2020 1:18:40 A.M. hvl.projectparmorel.modelrepair.QModelFixer handleEpisode
INFO: EPISODE 6, STEP 1, Fixing error 38: The default value literal '0' must be a valid literal of the attribute's type
apr. 17, 2020 1:18:40 A.M. hvl.projectparmorel.modelrepair.QModelFixer chooseAction
INFO: Choosing optimal action
apr. 17, 2020 1:18:40 A.M. hvl.projectparmorel.modelrepair.QModelFixer handleStep
INFO: Chose action setEType in context 0 with weight 100.00015467681679
apr. 17, 2020 1:18:40 A.M. hvl.projectparmorel.modelrepair.QModelFixer handleStep
INFO: Calculating new Q-value:
Old Q-value: 100.00015467681679
Alpha: 0.765

Reward: 100
100.00015467681679 + 0.765 * (100 - 100.00015467681679) = 100.00003634905194
apr. 17, 2020 1:18:40 A.M. hvl.projectparmorel.modelrepair.QModelFixer handleStep
INFO: Updated Q-table for error 38, context 0, action 591449609 setEType to new weight 100.00003634905194
apr. 17, 2020 1:18:40 A.M. hvl.projectparmorel.modelrepair.QModelFixer isUnique
INFO: Solution [ErrorAction [Error: 40 The typed element must have a type, Action: setEType, Error hierarchy: 0]
, ErrorAction [Error: 38 The default value literal '0' must be a valid literal of the attribute's type, Action: setEType, Error hierarchy: 0]
] already exists.
apr. 17, 2020 1:18:40 A.M. hvl.projectparmorel.modelrepair.QModelFixer handleEpisode
INFO: Solution discarded.
apr. 17, 2020 1:18:40 A.M. hvl.projectparmorel.modelrepair.QModelFixer handleEpisode
INFO: EPISODE 6 TOTAL REWARD 200



apr. 17, 2020 1:18:40 A.M. hvl.projectparmorel.modelrepair.QModelFixer handleEpisode
INFO: EPISODE 7, STEP 0, Fixing error 40: The typed element must have a type
apr. 17, 2020 1:18:40 A.M. hvl.projectparmorel.modelrepair.QModelFixer chooseAction
INFO: Choosing optimal action
apr. 17, 2020 1:18:40 A.M. hvl.projectparmorel.modelrepair.QModelFixer handleStep
INFO: Chose action setEType in context 0 with weight 200.00181907263436
apr. 17, 2020 1:18:40 A.M. hvl.projectparmorel.modelrepair.QModelFixer handleStep
INFO: Next error code: 38
apr. 17, 2020 1:18:40 A.M. hvl.projectparmorel.modelrepair.QModelFixer handleStep
INFO: Calculating new Q-value:
Old Q-value: 200.00181907263436
Alpha: 0.7258333333333333
Gamma: 1.0
Reward: 100
Next optimal action Q-value: 100.00003634905194
200.00181907263436 + 0.7258333333333333 * (100 + 1.0 * 100.00003634905194 - 200.00181907263436) = 200.0005251124341
apr. 17, 2020 1:18:40 A.M. hvl.projectparmorel.modelrepair.QModelFixer handleStep
INFO: Updated Q-table for error 40, context 0, action 591449609 setEType to new weight 200.0005251124341


apr. 17, 2020 1:18:40 A.M. hvl.projectparmorel.modelrepair.QModelFixer handleEpisode
INFO: EPISODE 7, STEP 1, Fixing error 38: The default value literal '0' must be a valid literal of the attribute's type
apr. 17, 2020 1:18:40 A.M. hvl.projectparmorel.modelrepair.QModelFixer chooseAction
INFO: Choosing optimal action
apr. 17, 2020 1:18:40 A.M. hvl.projectparmorel.modelrepair.QModelFixer handleStep
INFO: Chose action setEType in context 0 with weight 100.00003634905194
apr. 17, 2020 1:18:40 A.M. hvl.projectparmorel.modelrepair.QModelFixer handleStep
INFO: Calculating new Q-value:
Old Q-value: 100.00003634905194
Alpha: 0.7258333333333333

Reward: 100
100.00003634905194 + 0.7258333333333333 * (100 - 100.00003634905194) = 100.00000996569841
apr. 17, 2020 1:18:40 A.M. hvl.projectparmorel.modelrepair.QModelFixer handleStep
INFO: Updated Q-table for error 38, context 0, action 591449609 setEType to new weight 100.00000996569841
apr. 17, 2020 1:18:40 A.M. hvl.projectparmorel.modelrepair.QModelFixer isUnique
INFO: Solution [ErrorAction [Error: 40 The typed element must have a type, Action: setEType, Error hierarchy: 0]
, ErrorAction [Error: 38 The default value literal '0' must be a valid literal of the attribute's type, Action: setEType, Error hierarchy: 0]
] already exists.
apr. 17, 2020 1:18:40 A.M. hvl.projectparmorel.modelrepair.QModelFixer handleEpisode
INFO: Solution discarded.
apr. 17, 2020 1:18:40 A.M. hvl.projectparmorel.modelrepair.QModelFixer handleEpisode
INFO: EPISODE 7 TOTAL REWARD 200



apr. 17, 2020 1:18:40 A.M. hvl.projectparmorel.modelrepair.QModelFixer handleEpisode
INFO: EPISODE 8, STEP 0, Fixing error 40: The typed element must have a type
apr. 17, 2020 1:18:40 A.M. hvl.projectparmorel.modelrepair.QModelFixer chooseAction
INFO: Choosing random action.
apr. 17, 2020 1:18:40 A.M. hvl.projectparmorel.modelrepair.QModelFixer handleStep
INFO: Chose action delete in context 0 with weight -797.115093680936
apr. 17, 2020 1:18:40 A.M. hvl.projectparmorel.modelrepair.QModelFixer handleStep
INFO: Next error code: 38
apr. 17, 2020 1:18:40 A.M. hvl.projectparmorel.modelrepair.QModelFixer handleStep
INFO: Calculating new Q-value:
Old Q-value: -797.115093680936
Alpha: 0.6866666666666668
Gamma: 1.0
Reward: -1000
Next optimal action Q-value: 100.00000996569841
-797.115093680936 + 0.6866666666666668 * (-1000 + 1.0 * 100.00000996569841 - -797.115093680936) = -867.762722510247
apr. 17, 2020 1:18:40 A.M. hvl.projectparmorel.modelrepair.QModelFixer handleStep
INFO: Updated Q-table for error 40, context 0, action 99999 delete to new weight -867.762722510247


apr. 17, 2020 1:18:40 A.M. hvl.projectparmorel.modelrepair.QModelFixer handleEpisode
INFO: EPISODE 8, STEP 1, Fixing error 38: The default value literal '0' must be a valid literal of the attribute's type
apr. 17, 2020 1:18:40 A.M. hvl.projectparmorel.modelrepair.QModelFixer chooseAction
INFO: Choosing optimal action
apr. 17, 2020 1:18:40 A.M. hvl.projectparmorel.modelrepair.QModelFixer handleStep
INFO: Chose action setEType in context 0 with weight 100.00000996569841
apr. 17, 2020 1:18:40 A.M. hvl.projectparmorel.modelrepair.QModelFixer handleStep
INFO: Calculating new Q-value:
Old Q-value: 100.00000996569841
Alpha: 0.6866666666666668

Reward: 100
100.00000996569841 + 0.6866666666666668 * (100 - 100.00000996569841) = 100.0000031225855
apr. 17, 2020 1:18:40 A.M. hvl.projectparmorel.modelrepair.QModelFixer handleStep
INFO: Updated Q-table for error 38, context 0, action 591449609 setEType to new weight 100.0000031225855
apr. 17, 2020 1:18:40 A.M. hvl.projectparmorel.modelrepair.QModelFixer isUnique
INFO: Solution [ErrorAction [Error: 40 The typed element must have a type, Action: delete, Error hierarchy: 0]
, ErrorAction [Error: 38 The default value literal '0' must be a valid literal of the attribute's type, Action: setEType, Error hierarchy: 0]
] already exists.
apr. 17, 2020 1:18:40 A.M. hvl.projectparmorel.modelrepair.QModelFixer handleEpisode
INFO: Solution discarded.
apr. 17, 2020 1:18:40 A.M. hvl.projectparmorel.modelrepair.QModelFixer handleEpisode
INFO: EPISODE 8 TOTAL REWARD -900



apr. 17, 2020 1:18:40 A.M. hvl.projectparmorel.modelrepair.QModelFixer handleEpisode
INFO: EPISODE 9, STEP 0, Fixing error 40: The typed element must have a type
apr. 17, 2020 1:18:40 A.M. hvl.projectparmorel.modelrepair.QModelFixer chooseAction
INFO: Choosing optimal action
apr. 17, 2020 1:18:40 A.M. hvl.projectparmorel.modelrepair.QModelFixer handleStep
INFO: Chose action setEType in context 0 with weight 200.0005251124341
apr. 17, 2020 1:18:40 A.M. hvl.projectparmorel.modelrepair.QModelFixer handleStep
INFO: Next error code: 38
apr. 17, 2020 1:18:40 A.M. hvl.projectparmorel.modelrepair.QModelFixer handleStep
INFO: Calculating new Q-value:
Old Q-value: 200.0005251124341
Alpha: 0.6475
Gamma: 1.0
Reward: 100
Next optimal action Q-value: 100.0000031225855
200.0005251124341 + 0.6475 * (100 + 1.0 * 100.0000031225855 - 200.0005251124341) = 200.00018712400714
apr. 17, 2020 1:18:40 A.M. hvl.projectparmorel.modelrepair.QModelFixer handleStep
INFO: Updated Q-table for error 40, context 0, action 591449609 setEType to new weight 200.00018712400714


apr. 17, 2020 1:18:40 A.M. hvl.projectparmorel.modelrepair.QModelFixer handleEpisode
INFO: EPISODE 9, STEP 1, Fixing error 38: The default value literal '0' must be a valid literal of the attribute's type
apr. 17, 2020 1:18:40 A.M. hvl.projectparmorel.modelrepair.QModelFixer chooseAction
INFO: Choosing random action.
apr. 17, 2020 1:18:40 A.M. hvl.projectparmorel.modelrepair.QModelFixer handleStep
INFO: Chose action setEType in context 0 with weight 100.0000031225855
apr. 17, 2020 1:18:40 A.M. hvl.projectparmorel.modelrepair.QModelFixer handleStep
INFO: Calculating new Q-value:
Old Q-value: 100.0000031225855
Alpha: 0.6475

Reward: 100
100.0000031225855 + 0.6475 * (100 - 100.0000031225855) = 100.00000110071139
apr. 17, 2020 1:18:40 A.M. hvl.projectparmorel.modelrepair.QModelFixer handleStep
INFO: Updated Q-table for error 38, context 0, action 591449609 setEType to new weight 100.00000110071139
apr. 17, 2020 1:18:40 A.M. hvl.projectparmorel.modelrepair.QModelFixer isUnique
INFO: Solution [ErrorAction [Error: 40 The typed element must have a type, Action: setEType, Error hierarchy: 0]
, ErrorAction [Error: 38 The default value literal '0' must be a valid literal of the attribute's type, Action: setEType, Error hierarchy: 0]
] already exists.
apr. 17, 2020 1:18:40 A.M. hvl.projectparmorel.modelrepair.QModelFixer handleEpisode
INFO: Solution discarded.
apr. 17, 2020 1:18:40 A.M. hvl.projectparmorel.modelrepair.QModelFixer handleEpisode
INFO: EPISODE 9 TOTAL REWARD 200



apr. 17, 2020 1:18:40 A.M. hvl.projectparmorel.modelrepair.QModelFixer handleEpisode
INFO: EPISODE 10, STEP 0, Fixing error 40: The typed element must have a type
apr. 17, 2020 1:18:40 A.M. hvl.projectparmorel.modelrepair.QModelFixer chooseAction
INFO: Choosing optimal action
apr. 17, 2020 1:18:40 A.M. hvl.projectparmorel.modelrepair.QModelFixer handleStep
INFO: Chose action setEType in context 0 with weight 200.00018712400714
apr. 17, 2020 1:18:40 A.M. hvl.projectparmorel.modelrepair.QModelFixer handleStep
INFO: Next error code: 38
apr. 17, 2020 1:18:40 A.M. hvl.projectparmorel.modelrepair.QModelFixer handleStep
INFO: Calculating new Q-value:
Old Q-value: 200.00018712400714
Alpha: 0.6083333333333334
Gamma: 1.0
Reward: 100
Next optimal action Q-value: 100.00000110071139
200.00018712400714 + 0.6083333333333334 * (100 + 1.0 * 100.00000110071139 - 200.00018712400714) = 200.00007395983556
apr. 17, 2020 1:18:40 A.M. hvl.projectparmorel.modelrepair.QModelFixer handleStep
INFO: Updated Q-table for error 40, context 0, action 591449609 setEType to new weight 200.00007395983556


apr. 17, 2020 1:18:40 A.M. hvl.projectparmorel.modelrepair.QModelFixer handleEpisode
INFO: EPISODE 10, STEP 1, Fixing error 38: The default value literal '0' must be a valid literal of the attribute's type
apr. 17, 2020 1:18:40 A.M. hvl.projectparmorel.modelrepair.QModelFixer chooseAction
INFO: Choosing random action.
apr. 17, 2020 1:18:40 A.M. hvl.projectparmorel.modelrepair.QModelFixer handleStep
INFO: Chose action setEType in context 0 with weight 100.0
apr. 17, 2020 1:18:40 A.M. hvl.projectparmorel.modelrepair.QModelFixer handleStep
INFO: Calculating new Q-value:
Old Q-value: 100.0
Alpha: 0.6083333333333334

Reward: 100
100.0 + 0.6083333333333334 * (100 - 100.0) = 100.0
apr. 17, 2020 1:18:40 A.M. hvl.projectparmorel.modelrepair.QModelFixer handleStep
INFO: Updated Q-table for error 38, context 0, action -591535257 setEType to new weight 100.0
apr. 17, 2020 1:18:40 A.M. hvl.projectparmorel.modelrepair.QModelFixer handleEpisode
INFO: Solution added to possible solitons: [ErrorAction [Error: 40 The typed element must have a type, Action: setEType, Error hierarchy: 0]
, ErrorAction [Error: 38 The default value literal '0' must be a valid literal of the attribute's type, Action: setEType, Error hierarchy: 0]
]
apr. 17, 2020 1:18:40 A.M. hvl.projectparmorel.modelrepair.QModelFixer handleEpisode
INFO: EPISODE 10 TOTAL REWARD 200



apr. 17, 2020 1:18:40 A.M. hvl.projectparmorel.modelrepair.QModelFixer handleEpisode
INFO: EPISODE 11, STEP 0, Fixing error 40: The typed element must have a type
apr. 17, 2020 1:18:40 A.M. hvl.projectparmorel.modelrepair.QModelFixer chooseAction
INFO: Choosing optimal action
apr. 17, 2020 1:18:40 A.M. hvl.projectparmorel.modelrepair.QModelFixer handleStep
INFO: Chose action setEType in context 0 with weight 200.00007395983556
apr. 17, 2020 1:18:40 A.M. hvl.projectparmorel.modelrepair.QModelFixer handleStep
INFO: Next error code: 38
apr. 17, 2020 1:18:40 A.M. hvl.projectparmorel.modelrepair.QModelFixer handleStep
INFO: Calculating new Q-value:
Old Q-value: 200.00007395983556
Alpha: 0.5691666666666666
Gamma: 1.0
Reward: 100
Next optimal action Q-value: 100.00000110071139
200.00007395983556 + 0.5691666666666666 * (100 + 1.0 * 100.00000110071139 - 200.00007395983556) = 200.0000324908507
apr. 17, 2020 1:18:40 A.M. hvl.projectparmorel.modelrepair.QModelFixer handleStep
INFO: Updated Q-table for error 40, context 0, action 591449609 setEType to new weight 200.0000324908507


apr. 17, 2020 1:18:40 A.M. hvl.projectparmorel.modelrepair.QModelFixer handleEpisode
INFO: EPISODE 11, STEP 1, Fixing error 38: The default value literal '0' must be a valid literal of the attribute's type
apr. 17, 2020 1:18:40 A.M. hvl.projectparmorel.modelrepair.QModelFixer chooseAction
INFO: Choosing random action.
apr. 17, 2020 1:18:40 A.M. hvl.projectparmorel.modelrepair.QModelFixer handleStep
INFO: Chose action setEType in context 0 with weight 100.00000110071139
apr. 17, 2020 1:18:40 A.M. hvl.projectparmorel.modelrepair.QModelFixer handleStep
INFO: Calculating new Q-value:
Old Q-value: 100.00000110071139
Alpha: 0.5691666666666666

Reward: 100
100.00000110071139 + 0.5691666666666666 * (100 - 100.00000110071139) = 100.00000047422316
apr. 17, 2020 1:18:40 A.M. hvl.projectparmorel.modelrepair.QModelFixer handleStep
INFO: Updated Q-table for error 38, context 0, action 591449609 setEType to new weight 100.00000047422316
apr. 17, 2020 1:18:40 A.M. hvl.projectparmorel.modelrepair.QModelFixer isUnique
INFO: Solution [ErrorAction [Error: 40 The typed element must have a type, Action: setEType, Error hierarchy: 0]
, ErrorAction [Error: 38 The default value literal '0' must be a valid literal of the attribute's type, Action: setEType, Error hierarchy: 0]
] already exists.
apr. 17, 2020 1:18:40 A.M. hvl.projectparmorel.modelrepair.QModelFixer handleEpisode
INFO: Solution discarded.
apr. 17, 2020 1:18:40 A.M. hvl.projectparmorel.modelrepair.QModelFixer handleEpisode
INFO: EPISODE 11 TOTAL REWARD 200



apr. 17, 2020 1:18:40 A.M. hvl.projectparmorel.modelrepair.QModelFixer handleEpisode
INFO: EPISODE 12, STEP 0, Fixing error 40: The typed element must have a type
apr. 17, 2020 1:18:40 A.M. hvl.projectparmorel.modelrepair.QModelFixer chooseAction
INFO: Choosing random action.
apr. 17, 2020 1:18:40 A.M. hvl.projectparmorel.modelrepair.QModelFixer handleStep
INFO: Chose action delete in context 0 with weight -867.762722510247
apr. 17, 2020 1:18:40 A.M. hvl.projectparmorel.modelrepair.QModelFixer handleStep
INFO: Next error code: 38
apr. 17, 2020 1:18:40 A.M. hvl.projectparmorel.modelrepair.QModelFixer handleStep
INFO: Calculating new Q-value:
Old Q-value: -867.762722510247
Alpha: 0.53
Gamma: 1.0
Reward: -1000
Next optimal action Q-value: 100.00000047422316
-867.762722510247 + 0.53 * (-1000 + 1.0 * 100.00000047422316 - -867.762722510247) = -884.8484793284779
apr. 17, 2020 1:18:40 A.M. hvl.projectparmorel.modelrepair.QModelFixer handleStep
INFO: Updated Q-table for error 40, context 0, action 99999 delete to new weight -884.8484793284779


apr. 17, 2020 1:18:40 A.M. hvl.projectparmorel.modelrepair.QModelFixer handleEpisode
INFO: EPISODE 12, STEP 1, Fixing error 38: The default value literal '0' must be a valid literal of the attribute's type
apr. 17, 2020 1:18:40 A.M. hvl.projectparmorel.modelrepair.QModelFixer chooseAction
INFO: Choosing optimal action
apr. 17, 2020 1:18:40 A.M. hvl.projectparmorel.modelrepair.QModelFixer handleStep
INFO: Chose action setEType in context 0 with weight 100.00000047422316
apr. 17, 2020 1:18:40 A.M. hvl.projectparmorel.modelrepair.QModelFixer handleStep
INFO: Calculating new Q-value:
Old Q-value: 100.00000047422316
Alpha: 0.53

Reward: 100
100.00000047422316 + 0.53 * (100 - 100.00000047422316) = 100.00000022288488
apr. 17, 2020 1:18:40 A.M. hvl.projectparmorel.modelrepair.QModelFixer handleStep
INFO: Updated Q-table for error 38, context 0, action 591449609 setEType to new weight 100.00000022288488
apr. 17, 2020 1:18:40 A.M. hvl.projectparmorel.modelrepair.QModelFixer isUnique
INFO: Solution [ErrorAction [Error: 40 The typed element must have a type, Action: delete, Error hierarchy: 0]
, ErrorAction [Error: 38 The default value literal '0' must be a valid literal of the attribute's type, Action: setEType, Error hierarchy: 0]
] already exists.
apr. 17, 2020 1:18:40 A.M. hvl.projectparmorel.modelrepair.QModelFixer handleEpisode
INFO: Solution discarded.
apr. 17, 2020 1:18:40 A.M. hvl.projectparmorel.modelrepair.QModelFixer handleEpisode
INFO: EPISODE 12 TOTAL REWARD -900



apr. 17, 2020 1:18:40 A.M. hvl.projectparmorel.modelrepair.QModelFixer handleEpisode
INFO: EPISODE 13, STEP 0, Fixing error 40: The typed element must have a type
apr. 17, 2020 1:18:40 A.M. hvl.projectparmorel.modelrepair.QModelFixer chooseAction
INFO: Choosing optimal action
apr. 17, 2020 1:18:40 A.M. hvl.projectparmorel.modelrepair.QModelFixer handleStep
INFO: Chose action setEType in context 0 with weight 200.0000324908507
apr. 17, 2020 1:18:40 A.M. hvl.projectparmorel.modelrepair.QModelFixer handleStep
INFO: Next error code: 38
apr. 17, 2020 1:18:40 A.M. hvl.projectparmorel.modelrepair.QModelFixer handleStep
INFO: Calculating new Q-value:
Old Q-value: 200.0000324908507
Alpha: 0.49083333333333334
Gamma: 1.0
Reward: 100
Next optimal action Q-value: 100.00000022288488
200.0000324908507 + 0.49083333333333334 * (100 + 1.0 * 100.00000022288488 - 200.0000324908507) = 200.00001665265748
apr. 17, 2020 1:18:40 A.M. hvl.projectparmorel.modelrepair.QModelFixer handleStep
INFO: Updated Q-table for error 40, context 0, action 591449609 setEType to new weight 200.00001665265748


apr. 17, 2020 1:18:40 A.M. hvl.projectparmorel.modelrepair.QModelFixer handleEpisode
INFO: EPISODE 13, STEP 1, Fixing error 38: The default value literal '0' must be a valid literal of the attribute's type
apr. 17, 2020 1:18:40 A.M. hvl.projectparmorel.modelrepair.QModelFixer chooseAction
INFO: Choosing optimal action
apr. 17, 2020 1:18:40 A.M. hvl.projectparmorel.modelrepair.QModelFixer handleStep
INFO: Chose action setEType in context 0 with weight 100.00000022288488
apr. 17, 2020 1:18:40 A.M. hvl.projectparmorel.modelrepair.QModelFixer handleStep
INFO: Calculating new Q-value:
Old Q-value: 100.00000022288488
Alpha: 0.49083333333333334

Reward: 100
100.00000022288488 + 0.49083333333333334 * (100 - 100.00000022288488) = 100.00000011348556
apr. 17, 2020 1:18:40 A.M. hvl.projectparmorel.modelrepair.QModelFixer handleStep
INFO: Updated Q-table for error 38, context 0, action 591449609 setEType to new weight 100.00000011348556
apr. 17, 2020 1:18:40 A.M. hvl.projectparmorel.modelrepair.QModelFixer isUnique
INFO: Solution [ErrorAction [Error: 40 The typed element must have a type, Action: setEType, Error hierarchy: 0]
, ErrorAction [Error: 38 The default value literal '0' must be a valid literal of the attribute's type, Action: setEType, Error hierarchy: 0]
] already exists.
apr. 17, 2020 1:18:40 A.M. hvl.projectparmorel.modelrepair.QModelFixer handleEpisode
INFO: Solution discarded.
apr. 17, 2020 1:18:40 A.M. hvl.projectparmorel.modelrepair.QModelFixer handleEpisode
INFO: EPISODE 13 TOTAL REWARD 200



apr. 17, 2020 1:18:40 A.M. hvl.projectparmorel.modelrepair.QModelFixer handleEpisode
INFO: EPISODE 14, STEP 0, Fixing error 40: The typed element must have a type
apr. 17, 2020 1:18:40 A.M. hvl.projectparmorel.modelrepair.QModelFixer chooseAction
INFO: Choosing optimal action
apr. 17, 2020 1:18:40 A.M. hvl.projectparmorel.modelrepair.QModelFixer handleStep
INFO: Chose action setEType in context 0 with weight 200.00001665265748
apr. 17, 2020 1:18:40 A.M. hvl.projectparmorel.modelrepair.QModelFixer handleStep
INFO: Next error code: 38
apr. 17, 2020 1:18:40 A.M. hvl.projectparmorel.modelrepair.QModelFixer handleStep
INFO: Calculating new Q-value:
Old Q-value: 200.00001665265748
Alpha: 0.45166666666666666
Gamma: 1.0
Reward: 100
Next optimal action Q-value: 100.00000011348556
200.00001665265748 + 0.45166666666666666 * (100 + 1.0 * 100.00000011348556 - 200.00001665265748) = 200.00000918246482
apr. 17, 2020 1:18:40 A.M. hvl.projectparmorel.modelrepair.QModelFixer handleStep
INFO: Updated Q-table for error 40, context 0, action 591449609 setEType to new weight 200.00000918246482


apr. 17, 2020 1:18:40 A.M. hvl.projectparmorel.modelrepair.QModelFixer handleEpisode
INFO: EPISODE 14, STEP 1, Fixing error 38: The default value literal '0' must be a valid literal of the attribute's type
apr. 17, 2020 1:18:40 A.M. hvl.projectparmorel.modelrepair.QModelFixer chooseAction
INFO: Choosing optimal action
apr. 17, 2020 1:18:40 A.M. hvl.projectparmorel.modelrepair.QModelFixer handleStep
INFO: Chose action setEType in context 0 with weight 100.00000011348556
apr. 17, 2020 1:18:40 A.M. hvl.projectparmorel.modelrepair.QModelFixer handleStep
INFO: Calculating new Q-value:
Old Q-value: 100.00000011348556
Alpha: 0.45166666666666666

Reward: 100
100.00000011348556 + 0.45166666666666666 * (100 - 100.00000011348556) = 100.00000006222791
apr. 17, 2020 1:18:40 A.M. hvl.projectparmorel.modelrepair.QModelFixer handleStep
INFO: Updated Q-table for error 38, context 0, action 591449609 setEType to new weight 100.00000006222791
apr. 17, 2020 1:18:40 A.M. hvl.projectparmorel.modelrepair.QModelFixer isUnique
INFO: Solution [ErrorAction [Error: 40 The typed element must have a type, Action: setEType, Error hierarchy: 0]
, ErrorAction [Error: 38 The default value literal '0' must be a valid literal of the attribute's type, Action: setEType, Error hierarchy: 0]
] already exists.
apr. 17, 2020 1:18:40 A.M. hvl.projectparmorel.modelrepair.QModelFixer handleEpisode
INFO: Solution discarded.
apr. 17, 2020 1:18:40 A.M. hvl.projectparmorel.modelrepair.QModelFixer handleEpisode
INFO: EPISODE 14 TOTAL REWARD 200



apr. 17, 2020 1:18:40 A.M. hvl.projectparmorel.modelrepair.QModelFixer handleEpisode
INFO: EPISODE 15, STEP 0, Fixing error 40: The typed element must have a type
apr. 17, 2020 1:18:40 A.M. hvl.projectparmorel.modelrepair.QModelFixer chooseAction
INFO: Choosing optimal action
apr. 17, 2020 1:18:40 A.M. hvl.projectparmorel.modelrepair.QModelFixer handleStep
INFO: Chose action setEType in context 0 with weight 200.00000918246482
apr. 17, 2020 1:18:40 A.M. hvl.projectparmorel.modelrepair.QModelFixer handleStep
INFO: Next error code: 38
apr. 17, 2020 1:18:40 A.M. hvl.projectparmorel.modelrepair.QModelFixer handleStep
INFO: Calculating new Q-value:
Old Q-value: 200.00000918246482
Alpha: 0.4125
Gamma: 1.0
Reward: 100
Next optimal action Q-value: 100.00000006222791
200.00000918246482 + 0.4125 * (100 + 1.0 * 100.00000006222791 - 200.00000918246482) = 200.0000054203671
apr. 17, 2020 1:18:40 A.M. hvl.projectparmorel.modelrepair.QModelFixer handleStep
INFO: Updated Q-table for error 40, context 0, action 591449609 setEType to new weight 200.0000054203671


apr. 17, 2020 1:18:40 A.M. hvl.projectparmorel.modelrepair.QModelFixer handleEpisode
INFO: EPISODE 15, STEP 1, Fixing error 38: The default value literal '0' must be a valid literal of the attribute's type
apr. 17, 2020 1:18:40 A.M. hvl.projectparmorel.modelrepair.QModelFixer chooseAction
INFO: Choosing optimal action
apr. 17, 2020 1:18:40 A.M. hvl.projectparmorel.modelrepair.QModelFixer handleStep
INFO: Chose action setEType in context 0 with weight 100.00000006222791
apr. 17, 2020 1:18:40 A.M. hvl.projectparmorel.modelrepair.QModelFixer handleStep
INFO: Calculating new Q-value:
Old Q-value: 100.00000006222791
Alpha: 0.4125

Reward: 100
100.00000006222791 + 0.4125 * (100 - 100.00000006222791) = 100.0000000365589
apr. 17, 2020 1:18:40 A.M. hvl.projectparmorel.modelrepair.QModelFixer handleStep
INFO: Updated Q-table for error 38, context 0, action 591449609 setEType to new weight 100.0000000365589
apr. 17, 2020 1:18:40 A.M. hvl.projectparmorel.modelrepair.QModelFixer isUnique
INFO: Solution [ErrorAction [Error: 40 The typed element must have a type, Action: setEType, Error hierarchy: 0]
, ErrorAction [Error: 38 The default value literal '0' must be a valid literal of the attribute's type, Action: setEType, Error hierarchy: 0]
] already exists.
apr. 17, 2020 1:18:40 A.M. hvl.projectparmorel.modelrepair.QModelFixer handleEpisode
INFO: Solution discarded.
apr. 17, 2020 1:18:40 A.M. hvl.projectparmorel.modelrepair.QModelFixer handleEpisode
INFO: EPISODE 15 TOTAL REWARD 200



apr. 17, 2020 1:18:40 A.M. hvl.projectparmorel.modelrepair.QModelFixer handleEpisode
INFO: EPISODE 16, STEP 0, Fixing error 40: The typed element must have a type
apr. 17, 2020 1:18:40 A.M. hvl.projectparmorel.modelrepair.QModelFixer chooseAction
INFO: Choosing optimal action
apr. 17, 2020 1:18:40 A.M. hvl.projectparmorel.modelrepair.QModelFixer handleStep
INFO: Chose action setEType in context 0 with weight 200.0000054203671
apr. 17, 2020 1:18:40 A.M. hvl.projectparmorel.modelrepair.QModelFixer handleStep
INFO: Next error code: 38
apr. 17, 2020 1:18:40 A.M. hvl.projectparmorel.modelrepair.QModelFixer handleStep
INFO: Calculating new Q-value:
Old Q-value: 200.0000054203671
Alpha: 0.3733333333333334
Gamma: 1.0
Reward: 100
Next optimal action Q-value: 100.0000000365589
200.0000054203671 + 0.3733333333333334 * (100 + 1.0 * 100.0000000365589 - 200.0000054203671) = 200.00000341041203
apr. 17, 2020 1:18:40 A.M. hvl.projectparmorel.modelrepair.QModelFixer handleStep
INFO: Updated Q-table for error 40, context 0, action 591449609 setEType to new weight 200.00000341041203


apr. 17, 2020 1:18:40 A.M. hvl.projectparmorel.modelrepair.QModelFixer handleEpisode
INFO: EPISODE 16, STEP 1, Fixing error 38: The default value literal '0' must be a valid literal of the attribute's type
apr. 17, 2020 1:18:40 A.M. hvl.projectparmorel.modelrepair.QModelFixer chooseAction
INFO: Choosing optimal action
apr. 17, 2020 1:18:40 A.M. hvl.projectparmorel.modelrepair.QModelFixer handleStep
INFO: Chose action setEType in context 0 with weight 100.0000000365589
apr. 17, 2020 1:18:40 A.M. hvl.projectparmorel.modelrepair.QModelFixer handleStep
INFO: Calculating new Q-value:
Old Q-value: 100.0000000365589
Alpha: 0.3733333333333334

Reward: 100
100.0000000365589 + 0.3733333333333334 * (100 - 100.0000000365589) = 100.00000002291024
apr. 17, 2020 1:18:40 A.M. hvl.projectparmorel.modelrepair.QModelFixer handleStep
INFO: Updated Q-table for error 38, context 0, action 591449609 setEType to new weight 100.00000002291024
apr. 17, 2020 1:18:40 A.M. hvl.projectparmorel.modelrepair.QModelFixer isUnique
INFO: Solution [ErrorAction [Error: 40 The typed element must have a type, Action: setEType, Error hierarchy: 0]
, ErrorAction [Error: 38 The default value literal '0' must be a valid literal of the attribute's type, Action: setEType, Error hierarchy: 0]
] already exists.
apr. 17, 2020 1:18:40 A.M. hvl.projectparmorel.modelrepair.QModelFixer handleEpisode
INFO: Solution discarded.
apr. 17, 2020 1:18:40 A.M. hvl.projectparmorel.modelrepair.QModelFixer handleEpisode
INFO: EPISODE 16 TOTAL REWARD 200



apr. 17, 2020 1:18:40 A.M. hvl.projectparmorel.modelrepair.QModelFixer handleEpisode
INFO: EPISODE 17, STEP 0, Fixing error 40: The typed element must have a type
apr. 17, 2020 1:18:40 A.M. hvl.projectparmorel.modelrepair.QModelFixer chooseAction
INFO: Choosing optimal action
apr. 17, 2020 1:18:40 A.M. hvl.projectparmorel.modelrepair.QModelFixer handleStep
INFO: Chose action setEType in context 0 with weight 200.00000341041203
apr. 17, 2020 1:18:40 A.M. hvl.projectparmorel.modelrepair.QModelFixer handleStep
INFO: Next error code: 38
apr. 17, 2020 1:18:40 A.M. hvl.projectparmorel.modelrepair.QModelFixer handleStep
INFO: Calculating new Q-value:
Old Q-value: 200.00000341041203
Alpha: 0.3341666666666667
Gamma: 1.0
Reward: 100
Next optimal action Q-value: 100.00000002291024
200.00000341041203 + 0.3341666666666667 * (100 + 1.0 * 100.00000002291024 - 200.00000341041203) = 200.00000227842185
apr. 17, 2020 1:18:40 A.M. hvl.projectparmorel.modelrepair.QModelFixer handleStep
INFO: Updated Q-table for error 40, context 0, action 591449609 setEType to new weight 200.00000227842185


apr. 17, 2020 1:18:40 A.M. hvl.projectparmorel.modelrepair.QModelFixer handleEpisode
INFO: EPISODE 17, STEP 1, Fixing error 38: The default value literal '0' must be a valid literal of the attribute's type
apr. 17, 2020 1:18:40 A.M. hvl.projectparmorel.modelrepair.QModelFixer chooseAction
INFO: Choosing optimal action
apr. 17, 2020 1:18:40 A.M. hvl.projectparmorel.modelrepair.QModelFixer handleStep
INFO: Chose action setEType in context 0 with weight 100.00000002291024
apr. 17, 2020 1:18:40 A.M. hvl.projectparmorel.modelrepair.QModelFixer handleStep
INFO: Calculating new Q-value:
Old Q-value: 100.00000002291024
Alpha: 0.3341666666666667

Reward: 100
100.00000002291024 + 0.3341666666666667 * (100 - 100.00000002291024) = 100.0000000152544
apr. 17, 2020 1:18:40 A.M. hvl.projectparmorel.modelrepair.QModelFixer handleStep
INFO: Updated Q-table for error 38, context 0, action 591449609 setEType to new weight 100.0000000152544
apr. 17, 2020 1:18:40 A.M. hvl.projectparmorel.modelrepair.QModelFixer isUnique
INFO: Solution [ErrorAction [Error: 40 The typed element must have a type, Action: setEType, Error hierarchy: 0]
, ErrorAction [Error: 38 The default value literal '0' must be a valid literal of the attribute's type, Action: setEType, Error hierarchy: 0]
] already exists.
apr. 17, 2020 1:18:40 A.M. hvl.projectparmorel.modelrepair.QModelFixer handleEpisode
INFO: Solution discarded.
apr. 17, 2020 1:18:40 A.M. hvl.projectparmorel.modelrepair.QModelFixer handleEpisode
INFO: EPISODE 17 TOTAL REWARD 200



apr. 17, 2020 1:18:40 A.M. hvl.projectparmorel.modelrepair.QModelFixer handleEpisode
INFO: EPISODE 18, STEP 0, Fixing error 40: The typed element must have a type
apr. 17, 2020 1:18:40 A.M. hvl.projectparmorel.modelrepair.QModelFixer chooseAction
INFO: Choosing optimal action
apr. 17, 2020 1:18:40 A.M. hvl.projectparmorel.modelrepair.QModelFixer handleStep
INFO: Chose action setEType in context 0 with weight 200.00000227842185
apr. 17, 2020 1:18:40 A.M. hvl.projectparmorel.modelrepair.QModelFixer handleStep
INFO: Next error code: 38
apr. 17, 2020 1:18:40 A.M. hvl.projectparmorel.modelrepair.QModelFixer handleStep
INFO: Calculating new Q-value:
Old Q-value: 200.00000227842185
Alpha: 0.29500000000000004
Gamma: 1.0
Reward: 100
Next optimal action Q-value: 100.0000000152544
200.00000227842185 + 0.29500000000000004 * (100 + 1.0 * 100.0000000152544 - 200.00000227842185) = 200.00000161078745
apr. 17, 2020 1:18:40 A.M. hvl.projectparmorel.modelrepair.QModelFixer handleStep
INFO: Updated Q-table for error 40, context 0, action 591449609 setEType to new weight 200.00000161078745


apr. 17, 2020 1:18:40 A.M. hvl.projectparmorel.modelrepair.QModelFixer handleEpisode
INFO: EPISODE 18, STEP 1, Fixing error 38: The default value literal '0' must be a valid literal of the attribute's type
apr. 17, 2020 1:18:40 A.M. hvl.projectparmorel.modelrepair.QModelFixer chooseAction
INFO: Choosing optimal action
apr. 17, 2020 1:18:40 A.M. hvl.projectparmorel.modelrepair.QModelFixer handleStep
INFO: Chose action setEType in context 0 with weight 100.0000000152544
apr. 17, 2020 1:18:40 A.M. hvl.projectparmorel.modelrepair.QModelFixer handleStep
INFO: Calculating new Q-value:
Old Q-value: 100.0000000152544
Alpha: 0.29500000000000004

Reward: 100
100.0000000152544 + 0.29500000000000004 * (100 - 100.0000000152544) = 100.00000001075435
apr. 17, 2020 1:18:40 A.M. hvl.projectparmorel.modelrepair.QModelFixer handleStep
INFO: Updated Q-table for error 38, context 0, action 591449609 setEType to new weight 100.00000001075435
apr. 17, 2020 1:18:40 A.M. hvl.projectparmorel.modelrepair.QModelFixer isUnique
INFO: Solution [ErrorAction [Error: 40 The typed element must have a type, Action: setEType, Error hierarchy: 0]
, ErrorAction [Error: 38 The default value literal '0' must be a valid literal of the attribute's type, Action: setEType, Error hierarchy: 0]
] already exists.
apr. 17, 2020 1:18:40 A.M. hvl.projectparmorel.modelrepair.QModelFixer handleEpisode
INFO: Solution discarded.
apr. 17, 2020 1:18:40 A.M. hvl.projectparmorel.modelrepair.QModelFixer handleEpisode
INFO: EPISODE 18 TOTAL REWARD 200



apr. 17, 2020 1:18:40 A.M. hvl.projectparmorel.modelrepair.QModelFixer handleEpisode
INFO: EPISODE 19, STEP 0, Fixing error 40: The typed element must have a type
apr. 17, 2020 1:18:40 A.M. hvl.projectparmorel.modelrepair.QModelFixer chooseAction
INFO: Choosing optimal action
apr. 17, 2020 1:18:40 A.M. hvl.projectparmorel.modelrepair.QModelFixer handleStep
INFO: Chose action setEType in context 0 with weight 200.00000161078745
apr. 17, 2020 1:18:40 A.M. hvl.projectparmorel.modelrepair.QModelFixer handleStep
INFO: Next error code: 38
apr. 17, 2020 1:18:40 A.M. hvl.projectparmorel.modelrepair.QModelFixer handleStep
INFO: Calculating new Q-value:
Old Q-value: 200.00000161078745
Alpha: 0.25583333333333336
Gamma: 1.0
Reward: 100
Next optimal action Q-value: 100.00000001075435
200.00000161078745 + 0.25583333333333336 * (100 + 1.0 * 100.00000001075435 - 200.00000161078745) = 200.00000120144566
apr. 17, 2020 1:18:40 A.M. hvl.projectparmorel.modelrepair.QModelFixer handleStep
INFO: Updated Q-table for error 40, context 0, action 591449609 setEType to new weight 200.00000120144566


apr. 17, 2020 1:18:40 A.M. hvl.projectparmorel.modelrepair.QModelFixer handleEpisode
INFO: EPISODE 19, STEP 1, Fixing error 38: The default value literal '0' must be a valid literal of the attribute's type
apr. 17, 2020 1:18:40 A.M. hvl.projectparmorel.modelrepair.QModelFixer chooseAction
INFO: Choosing optimal action
apr. 17, 2020 1:18:40 A.M. hvl.projectparmorel.modelrepair.QModelFixer handleStep
INFO: Chose action setEType in context 0 with weight 100.00000001075435
apr. 17, 2020 1:18:40 A.M. hvl.projectparmorel.modelrepair.QModelFixer handleStep
INFO: Calculating new Q-value:
Old Q-value: 100.00000001075435
Alpha: 0.25583333333333336

Reward: 100
100.00000001075435 + 0.25583333333333336 * (100 - 100.00000001075435) = 100.00000000800303
apr. 17, 2020 1:18:40 A.M. hvl.projectparmorel.modelrepair.QModelFixer handleStep
INFO: Updated Q-table for error 38, context 0, action 591449609 setEType to new weight 100.00000000800303
apr. 17, 2020 1:18:40 A.M. hvl.projectparmorel.modelrepair.QModelFixer isUnique
INFO: Solution [ErrorAction [Error: 40 The typed element must have a type, Action: setEType, Error hierarchy: 0]
, ErrorAction [Error: 38 The default value literal '0' must be a valid literal of the attribute's type, Action: setEType, Error hierarchy: 0]
] already exists.
apr. 17, 2020 1:18:40 A.M. hvl.projectparmorel.modelrepair.QModelFixer handleEpisode
INFO: Solution discarded.
apr. 17, 2020 1:18:40 A.M. hvl.projectparmorel.modelrepair.QModelFixer handleEpisode
INFO: EPISODE 19 TOTAL REWARD 200



apr. 17, 2020 1:18:40 A.M. hvl.projectparmorel.modelrepair.QModelFixer handleEpisode
INFO: EPISODE 20, STEP 0, Fixing error 40: The typed element must have a type
apr. 17, 2020 1:18:40 A.M. hvl.projectparmorel.modelrepair.QModelFixer chooseAction
INFO: Choosing random action.
apr. 17, 2020 1:18:40 A.M. hvl.projectparmorel.modelrepair.QModelFixer handleStep
INFO: Chose action delete in context 0 with weight -884.8484793284779
apr. 17, 2020 1:18:40 A.M. hvl.projectparmorel.modelrepair.QModelFixer handleStep
INFO: Next error code: 38
apr. 17, 2020 1:18:40 A.M. hvl.projectparmorel.modelrepair.QModelFixer handleStep
INFO: Calculating new Q-value:
Old Q-value: -884.8484793284779
Alpha: 0.21666666666666679
Gamma: 1.0
Reward: -1000
Next optimal action Q-value: 100.00000000800303
-884.8484793284779 + 0.21666666666666679 * (-1000 + 1.0 * 100.00000000800303 - -884.8484793284779) = -888.1313088055737
apr. 17, 2020 1:18:40 A.M. hvl.projectparmorel.modelrepair.QModelFixer handleStep
INFO: Updated Q-table for error 40, context 0, action 99999 delete to new weight -888.1313088055737


apr. 17, 2020 1:18:40 A.M. hvl.projectparmorel.modelrepair.QModelFixer handleEpisode
INFO: EPISODE 20, STEP 1, Fixing error 38: The default value literal '0' must be a valid literal of the attribute's type
apr. 17, 2020 1:18:40 A.M. hvl.projectparmorel.modelrepair.QModelFixer chooseAction
INFO: Choosing random action.
apr. 17, 2020 1:18:40 A.M. hvl.projectparmorel.modelrepair.QModelFixer handleStep
INFO: Chose action setEType in context 0 with weight 100.00000000800303
apr. 17, 2020 1:18:40 A.M. hvl.projectparmorel.modelrepair.QModelFixer handleStep
INFO: Calculating new Q-value:
Old Q-value: 100.00000000800303
Alpha: 0.21666666666666679

Reward: 100
100.00000000800303 + 0.21666666666666679 * (100 - 100.00000000800303) = 100.00000000626903
apr. 17, 2020 1:18:40 A.M. hvl.projectparmorel.modelrepair.QModelFixer handleStep
INFO: Updated Q-table for error 38, context 0, action 591449609 setEType to new weight 100.00000000626903
apr. 17, 2020 1:18:40 A.M. hvl.projectparmorel.modelrepair.QModelFixer isUnique
INFO: Solution [ErrorAction [Error: 40 The typed element must have a type, Action: delete, Error hierarchy: 0]
, ErrorAction [Error: 38 The default value literal '0' must be a valid literal of the attribute's type, Action: setEType, Error hierarchy: 0]
] already exists.
apr. 17, 2020 1:18:40 A.M. hvl.projectparmorel.modelrepair.QModelFixer handleEpisode
INFO: Solution discarded.
apr. 17, 2020 1:18:40 A.M. hvl.projectparmorel.modelrepair.QModelFixer handleEpisode
INFO: EPISODE 20 TOTAL REWARD -900



apr. 17, 2020 1:18:40 A.M. hvl.projectparmorel.modelrepair.QModelFixer handleEpisode
INFO: EPISODE 21, STEP 0, Fixing error 40: The typed element must have a type
apr. 17, 2020 1:18:40 A.M. hvl.projectparmorel.modelrepair.QModelFixer chooseAction
INFO: Choosing random action.
apr. 17, 2020 1:18:40 A.M. hvl.projectparmorel.modelrepair.QModelFixer handleStep
INFO: Chose action setEType in context 0 with weight 200.00000120144566
apr. 17, 2020 1:18:40 A.M. hvl.projectparmorel.modelrepair.QModelFixer handleStep
INFO: Next error code: 38
apr. 17, 2020 1:18:40 A.M. hvl.projectparmorel.modelrepair.QModelFixer handleStep
INFO: Calculating new Q-value:
Old Q-value: 200.00000120144566
Alpha: 0.1775000000000001
Gamma: 1.0
Reward: 100
Next optimal action Q-value: 100.00000000626903
200.00000120144566 + 0.1775000000000001 * (100 + 1.0 * 100.00000000626903 - 200.00000120144566) = 200.0000009893018
apr. 17, 2020 1:18:40 A.M. hvl.projectparmorel.modelrepair.QModelFixer handleStep
INFO: Updated Q-table for error 40, context 0, action 591449609 setEType to new weight 200.0000009893018


apr. 17, 2020 1:18:40 A.M. hvl.projectparmorel.modelrepair.QModelFixer handleEpisode
INFO: EPISODE 21, STEP 1, Fixing error 38: The default value literal '0' must be a valid literal of the attribute's type
apr. 17, 2020 1:18:40 A.M. hvl.projectparmorel.modelrepair.QModelFixer chooseAction
INFO: Choosing optimal action
apr. 17, 2020 1:18:40 A.M. hvl.projectparmorel.modelrepair.QModelFixer handleStep
INFO: Chose action setEType in context 0 with weight 100.00000000626903
apr. 17, 2020 1:18:40 A.M. hvl.projectparmorel.modelrepair.QModelFixer handleStep
INFO: Calculating new Q-value:
Old Q-value: 100.00000000626903
Alpha: 0.1775000000000001

Reward: 100
100.00000000626903 + 0.1775000000000001 * (100 - 100.00000000626903) = 100.00000000515628
apr. 17, 2020 1:18:40 A.M. hvl.projectparmorel.modelrepair.QModelFixer handleStep
INFO: Updated Q-table for error 38, context 0, action 591449609 setEType to new weight 100.00000000515628
apr. 17, 2020 1:18:40 A.M. hvl.projectparmorel.modelrepair.QModelFixer isUnique
INFO: Solution [ErrorAction [Error: 40 The typed element must have a type, Action: setEType, Error hierarchy: 0]
, ErrorAction [Error: 38 The default value literal '0' must be a valid literal of the attribute's type, Action: setEType, Error hierarchy: 0]
] already exists.
apr. 17, 2020 1:18:40 A.M. hvl.projectparmorel.modelrepair.QModelFixer handleEpisode
INFO: Solution discarded.
apr. 17, 2020 1:18:40 A.M. hvl.projectparmorel.modelrepair.QModelFixer handleEpisode
INFO: EPISODE 21 TOTAL REWARD 200



apr. 17, 2020 1:18:40 A.M. hvl.projectparmorel.modelrepair.QModelFixer handleEpisode
INFO: EPISODE 22, STEP 0, Fixing error 40: The typed element must have a type
apr. 17, 2020 1:18:40 A.M. hvl.projectparmorel.modelrepair.QModelFixer chooseAction
INFO: Choosing optimal action
apr. 17, 2020 1:18:40 A.M. hvl.projectparmorel.modelrepair.QModelFixer handleStep
INFO: Chose action setEType in context 0 with weight 200.0000009893018
apr. 17, 2020 1:18:40 A.M. hvl.projectparmorel.modelrepair.QModelFixer handleStep
INFO: Next error code: 38
apr. 17, 2020 1:18:40 A.M. hvl.projectparmorel.modelrepair.QModelFixer handleStep
INFO: Calculating new Q-value:
Old Q-value: 200.0000009893018
Alpha: 0.1383333333333333
Gamma: 1.0
Reward: 100
Next optimal action Q-value: 100.00000000515628
200.0000009893018 + 0.1383333333333333 * (100 + 1.0 * 100.00000000515628 - 200.0000009893018) = 200.00000085316168
apr. 17, 2020 1:18:40 A.M. hvl.projectparmorel.modelrepair.QModelFixer handleStep
INFO: Updated Q-table for error 40, context 0, action 591449609 setEType to new weight 200.00000085316168


apr. 17, 2020 1:18:40 A.M. hvl.projectparmorel.modelrepair.QModelFixer handleEpisode
INFO: EPISODE 22, STEP 1, Fixing error 38: The default value literal '0' must be a valid literal of the attribute's type
apr. 17, 2020 1:18:40 A.M. hvl.projectparmorel.modelrepair.QModelFixer chooseAction
INFO: Choosing random action.
apr. 17, 2020 1:18:40 A.M. hvl.projectparmorel.modelrepair.QModelFixer handleStep
INFO: Chose action delete in context 0 with weight -974.3683044035597
apr. 17, 2020 1:18:40 A.M. hvl.projectparmorel.modelrepair.QModelFixer handleStep
INFO: Calculating new Q-value:
Old Q-value: -974.3683044035597
Alpha: 0.1383333333333333

Reward: -1000
-974.3683044035597 + 0.1383333333333333 * (-1000 - -974.3683044035597) = -977.9140222944006
apr. 17, 2020 1:18:40 A.M. hvl.projectparmorel.modelrepair.QModelFixer handleStep
INFO: Updated Q-table for error 38, context 0, action 99999 delete to new weight -977.9140222944006
apr. 17, 2020 1:18:40 A.M. hvl.projectparmorel.modelrepair.QModelFixer isUnique
INFO: Solution [ErrorAction [Error: 40 The typed element must have a type, Action: setEType, Error hierarchy: 0]
, ErrorAction [Error: 38 The default value literal '0' must be a valid literal of the attribute's type, Action: delete, Error hierarchy: 0]
] already exists.
apr. 17, 2020 1:18:40 A.M. hvl.projectparmorel.modelrepair.QModelFixer handleEpisode
INFO: Solution discarded.
apr. 17, 2020 1:18:40 A.M. hvl.projectparmorel.modelrepair.QModelFixer handleEpisode
INFO: EPISODE 22 TOTAL REWARD -900



apr. 17, 2020 1:18:40 A.M. hvl.projectparmorel.modelrepair.QModelFixer handleEpisode
INFO: EPISODE 23, STEP 0, Fixing error 40: The typed element must have a type
apr. 17, 2020 1:18:40 A.M. hvl.projectparmorel.modelrepair.QModelFixer chooseAction
INFO: Choosing optimal action
apr. 17, 2020 1:18:40 A.M. hvl.projectparmorel.modelrepair.QModelFixer handleStep
INFO: Chose action setEType in context 0 with weight 200.00000085316168
apr. 17, 2020 1:18:40 A.M. hvl.projectparmorel.modelrepair.QModelFixer handleStep
INFO: Next error code: 38
apr. 17, 2020 1:18:40 A.M. hvl.projectparmorel.modelrepair.QModelFixer handleStep
INFO: Calculating new Q-value:
Old Q-value: 200.00000085316168
Alpha: 0.09916666666666674
Gamma: 1.0
Reward: 100
Next optimal action Q-value: 100.00000000515628
200.00000085316168 + 0.09916666666666674 * (100 + 1.0 * 100.00000000515628 - 200.00000085316168) = 200.0000007690678
apr. 17, 2020 1:18:40 A.M. hvl.projectparmorel.modelrepair.QModelFixer handleStep
INFO: Updated Q-table for error 40, context 0, action 591449609 setEType to new weight 200.0000007690678


apr. 17, 2020 1:18:40 A.M. hvl.projectparmorel.modelrepair.QModelFixer handleEpisode
INFO: EPISODE 23, STEP 1, Fixing error 38: The default value literal '0' must be a valid literal of the attribute's type
apr. 17, 2020 1:18:40 A.M. hvl.projectparmorel.modelrepair.QModelFixer chooseAction
INFO: Choosing random action.
apr. 17, 2020 1:18:40 A.M. hvl.projectparmorel.modelrepair.QModelFixer handleStep
INFO: Chose action setEType in context 0 with weight 100.00000000515628
apr. 17, 2020 1:18:40 A.M. hvl.projectparmorel.modelrepair.QModelFixer handleStep
INFO: Calculating new Q-value:
Old Q-value: 100.00000000515628
Alpha: 0.09916666666666674

Reward: 100
100.00000000515628 + 0.09916666666666674 * (100 - 100.00000000515628) = 100.00000000464495
apr. 17, 2020 1:18:40 A.M. hvl.projectparmorel.modelrepair.QModelFixer handleStep
INFO: Updated Q-table for error 38, context 0, action 591449609 setEType to new weight 100.00000000464495
apr. 17, 2020 1:18:40 A.M. hvl.projectparmorel.modelrepair.QModelFixer isUnique
INFO: Solution [ErrorAction [Error: 40 The typed element must have a type, Action: setEType, Error hierarchy: 0]
, ErrorAction [Error: 38 The default value literal '0' must be a valid literal of the attribute's type, Action: setEType, Error hierarchy: 0]
] already exists.
apr. 17, 2020 1:18:40 A.M. hvl.projectparmorel.modelrepair.QModelFixer handleEpisode
INFO: Solution discarded.
apr. 17, 2020 1:18:40 A.M. hvl.projectparmorel.modelrepair.QModelFixer handleEpisode
INFO: EPISODE 23 TOTAL REWARD 200



apr. 17, 2020 1:18:40 A.M. hvl.projectparmorel.modelrepair.QModelFixer handleEpisode
INFO: EPISODE 24, STEP 0, Fixing error 40: The typed element must have a type
apr. 17, 2020 1:18:40 A.M. hvl.projectparmorel.modelrepair.QModelFixer chooseAction
INFO: Choosing optimal action
apr. 17, 2020 1:18:40 A.M. hvl.projectparmorel.modelrepair.QModelFixer handleStep
INFO: Chose action setEType in context 0 with weight 200.0000007690678
apr. 17, 2020 1:18:40 A.M. hvl.projectparmorel.modelrepair.QModelFixer handleStep
INFO: Next error code: 38
apr. 17, 2020 1:18:40 A.M. hvl.projectparmorel.modelrepair.QModelFixer handleStep
INFO: Calculating new Q-value:
Old Q-value: 200.0000007690678
Alpha: 0.06000000000000005
Gamma: 1.0
Reward: 100
Next optimal action Q-value: 100.00000000464495
200.0000007690678 + 0.06000000000000005 * (100 + 1.0 * 100.00000000464495 - 200.0000007690678) = 200.00000072320245
apr. 17, 2020 1:18:40 A.M. hvl.projectparmorel.modelrepair.QModelFixer handleStep
INFO: Updated Q-table for error 40, context 0, action 591449609 setEType to new weight 200.00000072320245


apr. 17, 2020 1:18:40 A.M. hvl.projectparmorel.modelrepair.QModelFixer handleEpisode
INFO: EPISODE 24, STEP 1, Fixing error 38: The default value literal '0' must be a valid literal of the attribute's type
apr. 17, 2020 1:18:40 A.M. hvl.projectparmorel.modelrepair.QModelFixer chooseAction
INFO: Choosing optimal action
apr. 17, 2020 1:18:40 A.M. hvl.projectparmorel.modelrepair.QModelFixer handleStep
INFO: Chose action setEType in context 0 with weight 100.00000000464495
apr. 17, 2020 1:18:40 A.M. hvl.projectparmorel.modelrepair.QModelFixer handleStep
INFO: Calculating new Q-value:
Old Q-value: 100.00000000464495
Alpha: 0.06000000000000005

Reward: 100
100.00000000464495 + 0.06000000000000005 * (100 - 100.00000000464495) = 100.00000000436624
apr. 17, 2020 1:18:40 A.M. hvl.projectparmorel.modelrepair.QModelFixer handleStep
INFO: Updated Q-table for error 38, context 0, action 591449609 setEType to new weight 100.00000000436624
apr. 17, 2020 1:18:40 A.M. hvl.projectparmorel.modelrepair.QModelFixer isUnique
INFO: Solution [ErrorAction [Error: 40 The typed element must have a type, Action: setEType, Error hierarchy: 0]
, ErrorAction [Error: 38 The default value literal '0' must be a valid literal of the attribute's type, Action: setEType, Error hierarchy: 0]
] already exists.
apr. 17, 2020 1:18:40 A.M. hvl.projectparmorel.modelrepair.QModelFixer handleEpisode
INFO: Solution discarded.
apr. 17, 2020 1:18:40 A.M. hvl.projectparmorel.modelrepair.QModelFixer handleEpisode
INFO: EPISODE 24 TOTAL REWARD 200



apr. 17, 2020 1:18:40 A.M. hvl.projectparmorel.modelrepair.QModelFixer fixModel
INFO: Time repairing model: 875 ms
apr. 17, 2020 1:18:40 A.M. hvl.projectparmorel.modelrepair.QModelFixer fixModel
INFO: 
-----------------ALL SEQUENCES FOUND-------------------
SIZE: 3
DISCARDED SEQUENCES: 22
--------::::B E S T   S E Q U E N C E   I S::::---------
Sequence [id=0, seq=[ErrorAction [Error: 40 The typed element must have a type, Action: setEType, Error hierarchy: 0]
, ErrorAction [Error: 38 The default value literal '0' must be a valid literal of the attribute's type, Action: setEType, Error hierarchy: 0]
], weight=200.0]

 with 2 actions.
apr. 17, 2020 1:18:40 A.M. hvl.projectparmorel.knowledge.Knowledge save
INFO: Saving initialized
apr. 17, 2020 1:18:40 A.M. hvl.projectparmorel.knowledge.Knowledge save
INFO: document prepared
apr. 17, 2020 1:18:40 A.M. hvl.projectparmorel.knowledge.Knowledge save
INFO: Saving completed to /Users/Magnus/Skole/DAT300/EclipseWorkspace2/ParmorelRunnable/knowledge.xml
apr. 17, 2020 1:18:40 A.M. hvl.projectparmorel.knowledge.Knowledge save
INFO: Saving initialized
apr. 17, 2020 1:18:40 A.M. hvl.projectparmorel.knowledge.Knowledge save
INFO: document prepared
apr. 17, 2020 1:18:40 A.M. hvl.projectparmorel.knowledge.Knowledge save
INFO: Saving completed to /Users/Magnus/Skole/DAT300/EclipseWorkspace2/ParmorelRunnable/knowledge.xml
