apr. 11, 2020 2:20:15 P.M. hvl.projectparmorel.modelrepair.QModelFixer fixModel
INFO: Repairing d13.ecore
apr. 11, 2020 2:20:15 P.M. hvl.projectparmorel.modelrepair.QModelFixer fixModel
INFO: Running with preferences [2, 4]
apr. 11, 2020 2:20:15 P.M. hvl.projectparmorel.modelrepair.QModelFixer fixModel
INFO: Initial number of errors in model: 3
Maximum number of steps per episode: 20
Errors to fix: [Error 14, message=The opposite of the opposite may not be a reference different from this one
, Error 13, message=The opposite must be a feature of the reference's type
, Error 441, message=The name 'null' is not well formed
]
apr. 11, 2020 2:20:15 P.M. hvl.projectparmorel.modelrepair.QModelFixer fixModel
INFO: Initializing Q-table for the errors.
apr. 11, 2020 2:20:15 P.M. hvl.projectparmorel.modelrepair.QModelFixer fixModel
INFO: Number of episodes: 25
apr. 11, 2020 2:20:15 P.M. hvl.projectparmorel.modelrepair.QModelFixer handleEpisode
INFO: EPISODE 0, STEP 0, Fixing error 14: The opposite of the opposite may not be a reference different from this one
apr. 11, 2020 2:20:15 P.M. hvl.projectparmorel.modelrepair.QModelFixer chooseAction
INFO: Choosing random action.
apr. 11, 2020 2:20:15 P.M. hvl.projectparmorel.modelrepair.QModelFixer handleStep
INFO: Chose action delete in context 0 with weight -853.6378529917731
apr. 11, 2020 2:20:16 P.M. hvl.projectparmorel.modelrepair.QModelFixer handleStep
INFO: Next error code: 441
apr. 11, 2020 2:20:16 P.M. hvl.projectparmorel.modelrepair.QModelFixer handleStep
INFO: Calculating new Q-value:
Old Q-value: -853.6378529917731
Alpha: 1.0
Gamma: 1.0
Reward: -1000
Next optimal action Q-value: 400.0
-853.6378529917731 + 1.0 * (-1000 + 1.0 * 400.0 - -853.6378529917731) = -600.0
apr. 11, 2020 2:20:16 P.M. hvl.projectparmorel.modelrepair.QModelFixer handleStep
INFO: Updated Q-table for error 14, context 0, action 99999 delete to new weight -600.0


apr. 11, 2020 2:20:16 P.M. hvl.projectparmorel.modelrepair.QModelFixer handleEpisode
INFO: EPISODE 0, STEP 1, Fixing error 441: The name 'null' is not well formed
apr. 11, 2020 2:20:16 P.M. hvl.projectparmorel.modelrepair.QModelFixer chooseAction
INFO: Choosing optimal action
apr. 11, 2020 2:20:16 P.M. hvl.projectparmorel.modelrepair.QModelFixer handleStep
INFO: Chose action setName in context 0 with weight 400.0
apr. 11, 2020 2:20:16 P.M. hvl.projectparmorel.modelrepair.QModelFixer handleStep
INFO: Calculating new Q-value:
Old Q-value: 400.0
Alpha: 1.0

Reward: 100
400.0 + 1.0 * (100 - 400.0) = 100.0
apr. 11, 2020 2:20:16 P.M. hvl.projectparmorel.modelrepair.QModelFixer handleStep
INFO: Updated Q-table for error 441, context 0, action -1193116178 setName to new weight 100.0
apr. 11, 2020 2:20:16 P.M. hvl.projectparmorel.modelrepair.QModelFixer handleEpisode
INFO: EPISODE 0 TOTAL REWARD -900



apr. 11, 2020 2:20:16 P.M. hvl.projectparmorel.modelrepair.QModelFixer handleEpisode
INFO: EPISODE 1, STEP 0, Fixing error 14: The opposite of the opposite may not be a reference different from this one
apr. 11, 2020 2:20:16 P.M. hvl.projectparmorel.modelrepair.QModelFixer chooseAction
INFO: Choosing optimal action
apr. 11, 2020 2:20:16 P.M. hvl.projectparmorel.modelrepair.QModelFixer handleStep
INFO: Chose action setEOpposite in context 1 with weight 850.0
apr. 11, 2020 2:20:16 P.M. hvl.projectparmorel.modelrepair.QModelFixer handleStep
INFO: Next error code: 441
apr. 11, 2020 2:20:16 P.M. hvl.projectparmorel.modelrepair.QModelFixer handleStep
INFO: Calculating new Q-value:
Old Q-value: 850.0
Alpha: 0.9608333333333333
Gamma: 1.0
Reward: 250
Next optimal action Q-value: 100.0
850.0 + 0.9608333333333333 * (250 + 1.0 * 100.0 - 850.0) = 369.5833333333333
apr. 11, 2020 2:20:16 P.M. hvl.projectparmorel.modelrepair.QModelFixer handleStep
INFO: Updated Q-table for error 14, context 1, action -1757276189 setEOpposite to new weight 369.5833333333333


apr. 11, 2020 2:20:16 P.M. hvl.projectparmorel.modelrepair.QModelFixer handleEpisode
INFO: EPISODE 1, STEP 1, Fixing error 441: The name 'null' is not well formed
apr. 11, 2020 2:20:16 P.M. hvl.projectparmorel.modelrepair.QModelFixer chooseAction
INFO: Choosing optimal action
apr. 11, 2020 2:20:16 P.M. hvl.projectparmorel.modelrepair.QModelFixer handleStep
INFO: Chose action setName in context 0 with weight 100.0
apr. 11, 2020 2:20:16 P.M. hvl.projectparmorel.modelrepair.QModelFixer handleStep
INFO: Calculating new Q-value:
Old Q-value: 100.0
Alpha: 0.9608333333333333

Reward: 100
100.0 + 0.9608333333333333 * (100 - 100.0) = 100.0
apr. 11, 2020 2:20:16 P.M. hvl.projectparmorel.modelrepair.QModelFixer handleStep
INFO: Updated Q-table for error 441, context 0, action -1193116178 setName to new weight 100.0
apr. 11, 2020 2:20:16 P.M. hvl.projectparmorel.modelrepair.QModelFixer handleEpisode
INFO: EPISODE 1 TOTAL REWARD 350



apr. 11, 2020 2:20:16 P.M. hvl.projectparmorel.modelrepair.QModelFixer handleEpisode
INFO: EPISODE 2, STEP 0, Fixing error 14: The opposite of the opposite may not be a reference different from this one
apr. 11, 2020 2:20:16 P.M. hvl.projectparmorel.modelrepair.QModelFixer chooseAction
INFO: Choosing optimal action
apr. 11, 2020 2:20:16 P.M. hvl.projectparmorel.modelrepair.QModelFixer handleStep
INFO: Chose action setEOpposite in context 1 with weight 369.5833333333333
apr. 11, 2020 2:20:16 P.M. hvl.projectparmorel.modelrepair.QModelFixer handleStep
INFO: Next error code: 441
apr. 11, 2020 2:20:16 P.M. hvl.projectparmorel.modelrepair.QModelFixer handleStep
INFO: Calculating new Q-value:
Old Q-value: 369.5833333333333
Alpha: 0.9216666666666666
Gamma: 1.0
Reward: 250
Next optimal action Q-value: 100.0
369.5833333333333 + 0.9216666666666666 * (250 + 1.0 * 100.0 - 369.5833333333333) = 351.5340277777778
apr. 11, 2020 2:20:16 P.M. hvl.projectparmorel.modelrepair.QModelFixer handleStep
INFO: Updated Q-table for error 14, context 1, action -1757276189 setEOpposite to new weight 351.5340277777778


apr. 11, 2020 2:20:16 P.M. hvl.projectparmorel.modelrepair.QModelFixer handleEpisode
INFO: EPISODE 2, STEP 1, Fixing error 441: The name 'null' is not well formed
apr. 11, 2020 2:20:16 P.M. hvl.projectparmorel.modelrepair.QModelFixer chooseAction
INFO: Choosing random action.
apr. 11, 2020 2:20:16 P.M. hvl.projectparmorel.modelrepair.QModelFixer handleStep
INFO: Chose action delete in context 0 with weight -586.50818841639
apr. 11, 2020 2:20:17 P.M. hvl.projectparmorel.modelrepair.QModelFixer handleStep
INFO: Calculating new Q-value:
Old Q-value: -586.50818841639
Alpha: 0.9216666666666666

Reward: -1000
-586.50818841639 + 0.9216666666666666 * (-1000 - -586.50818841639) = -967.6098080926172
apr. 11, 2020 2:20:17 P.M. hvl.projectparmorel.modelrepair.QModelFixer handleStep
INFO: Updated Q-table for error 441, context 0, action 99999 delete to new weight -967.6098080926172
apr. 11, 2020 2:20:17 P.M. hvl.projectparmorel.modelrepair.QModelFixer handleEpisode
INFO: EPISODE 2 TOTAL REWARD -750



apr. 11, 2020 2:20:17 P.M. hvl.projectparmorel.modelrepair.QModelFixer handleEpisode
INFO: EPISODE 3, STEP 0, Fixing error 14: The opposite of the opposite may not be a reference different from this one
apr. 11, 2020 2:20:17 P.M. hvl.projectparmorel.modelrepair.QModelFixer chooseAction
INFO: Choosing optimal action
apr. 11, 2020 2:20:17 P.M. hvl.projectparmorel.modelrepair.QModelFixer handleStep
INFO: Chose action setEOpposite in context 1 with weight 351.5340277777778
apr. 11, 2020 2:20:17 P.M. hvl.projectparmorel.modelrepair.QModelFixer handleStep
INFO: Next error code: 441
apr. 11, 2020 2:20:17 P.M. hvl.projectparmorel.modelrepair.QModelFixer handleStep
INFO: Calculating new Q-value:
Old Q-value: 351.5340277777778
Alpha: 0.8825000000000001
Gamma: 1.0
Reward: 250
Next optimal action Q-value: 100.0
351.5340277777778 + 0.8825000000000001 * (250 + 1.0 * 100.0 - 351.5340277777778) = 350.18024826388887
apr. 11, 2020 2:20:17 P.M. hvl.projectparmorel.modelrepair.QModelFixer handleStep
INFO: Updated Q-table for error 14, context 1, action -1757276189 setEOpposite to new weight 350.18024826388887


apr. 11, 2020 2:20:17 P.M. hvl.projectparmorel.modelrepair.QModelFixer handleEpisode
INFO: EPISODE 3, STEP 1, Fixing error 441: The name 'null' is not well formed
apr. 11, 2020 2:20:17 P.M. hvl.projectparmorel.modelrepair.QModelFixer chooseAction
INFO: Choosing optimal action
apr. 11, 2020 2:20:17 P.M. hvl.projectparmorel.modelrepair.QModelFixer handleStep
INFO: Chose action setName in context 0 with weight 100.0
apr. 11, 2020 2:20:17 P.M. hvl.projectparmorel.modelrepair.QModelFixer handleStep
INFO: Calculating new Q-value:
Old Q-value: 100.0
Alpha: 0.8825000000000001

Reward: 100
100.0 + 0.8825000000000001 * (100 - 100.0) = 100.0
apr. 11, 2020 2:20:17 P.M. hvl.projectparmorel.modelrepair.QModelFixer handleStep
INFO: Updated Q-table for error 441, context 0, action -1193116178 setName to new weight 100.0
apr. 11, 2020 2:20:17 P.M. hvl.projectparmorel.modelrepair.QModelFixer handleEpisode
INFO: EPISODE 3 TOTAL REWARD 350



apr. 11, 2020 2:20:17 P.M. hvl.projectparmorel.modelrepair.QModelFixer handleEpisode
INFO: EPISODE 4, STEP 0, Fixing error 14: The opposite of the opposite may not be a reference different from this one
apr. 11, 2020 2:20:17 P.M. hvl.projectparmorel.modelrepair.QModelFixer chooseAction
INFO: Choosing optimal action
apr. 11, 2020 2:20:17 P.M. hvl.projectparmorel.modelrepair.QModelFixer handleStep
INFO: Chose action setEOpposite in context 1 with weight 350.18024826388887
apr. 11, 2020 2:20:17 P.M. hvl.projectparmorel.modelrepair.QModelFixer handleStep
INFO: Next error code: 441
apr. 11, 2020 2:20:17 P.M. hvl.projectparmorel.modelrepair.QModelFixer handleStep
INFO: Calculating new Q-value:
Old Q-value: 350.18024826388887
Alpha: 0.8433333333333334
Gamma: 1.0
Reward: 250
Next optimal action Q-value: 100.0
350.18024826388887 + 0.8433333333333334 * (250 + 1.0 * 100.0 - 350.18024826388887) = 350.02823889467595
apr. 11, 2020 2:20:17 P.M. hvl.projectparmorel.modelrepair.QModelFixer handleStep
INFO: Updated Q-table for error 14, context 1, action -1757276189 setEOpposite to new weight 350.02823889467595


apr. 11, 2020 2:20:17 P.M. hvl.projectparmorel.modelrepair.QModelFixer handleEpisode
INFO: EPISODE 4, STEP 1, Fixing error 441: The name 'null' is not well formed
apr. 11, 2020 2:20:17 P.M. hvl.projectparmorel.modelrepair.QModelFixer chooseAction
INFO: Choosing optimal action
apr. 11, 2020 2:20:17 P.M. hvl.projectparmorel.modelrepair.QModelFixer handleStep
INFO: Chose action setName in context 0 with weight 100.0
apr. 11, 2020 2:20:17 P.M. hvl.projectparmorel.modelrepair.QModelFixer handleStep
INFO: Calculating new Q-value:
Old Q-value: 100.0
Alpha: 0.8433333333333334

Reward: 100
100.0 + 0.8433333333333334 * (100 - 100.0) = 100.0
apr. 11, 2020 2:20:17 P.M. hvl.projectparmorel.modelrepair.QModelFixer handleStep
INFO: Updated Q-table for error 441, context 0, action -1193116178 setName to new weight 100.0
apr. 11, 2020 2:20:17 P.M. hvl.projectparmorel.modelrepair.QModelFixer handleEpisode
INFO: EPISODE 4 TOTAL REWARD 350



apr. 11, 2020 2:20:17 P.M. hvl.projectparmorel.modelrepair.QModelFixer handleEpisode
INFO: EPISODE 5, STEP 0, Fixing error 14: The opposite of the opposite may not be a reference different from this one
apr. 11, 2020 2:20:17 P.M. hvl.projectparmorel.modelrepair.QModelFixer chooseAction
INFO: Choosing optimal action
apr. 11, 2020 2:20:17 P.M. hvl.projectparmorel.modelrepair.QModelFixer handleStep
INFO: Chose action setEOpposite in context 1 with weight 350.02823889467595
apr. 11, 2020 2:20:17 P.M. hvl.projectparmorel.modelrepair.QModelFixer handleStep
INFO: Next error code: 441
apr. 11, 2020 2:20:17 P.M. hvl.projectparmorel.modelrepair.QModelFixer handleStep
INFO: Calculating new Q-value:
Old Q-value: 350.02823889467595
Alpha: 0.8041666666666667
Gamma: 1.0
Reward: 250
Next optimal action Q-value: 100.0
350.02823889467595 + 0.8041666666666667 * (250 + 1.0 * 100.0 - 350.02823889467595) = 350.005530116874
apr. 11, 2020 2:20:17 P.M. hvl.projectparmorel.modelrepair.QModelFixer handleStep
INFO: Updated Q-table for error 14, context 1, action -1757276189 setEOpposite to new weight 350.005530116874


apr. 11, 2020 2:20:17 P.M. hvl.projectparmorel.modelrepair.QModelFixer handleEpisode
INFO: EPISODE 5, STEP 1, Fixing error 441: The name 'null' is not well formed
apr. 11, 2020 2:20:17 P.M. hvl.projectparmorel.modelrepair.QModelFixer chooseAction
INFO: Choosing optimal action
apr. 11, 2020 2:20:17 P.M. hvl.projectparmorel.modelrepair.QModelFixer handleStep
INFO: Chose action setName in context 0 with weight 100.0
apr. 11, 2020 2:20:17 P.M. hvl.projectparmorel.modelrepair.QModelFixer handleStep
INFO: Calculating new Q-value:
Old Q-value: 100.0
Alpha: 0.8041666666666667

Reward: 100
100.0 + 0.8041666666666667 * (100 - 100.0) = 100.0
apr. 11, 2020 2:20:17 P.M. hvl.projectparmorel.modelrepair.QModelFixer handleStep
INFO: Updated Q-table for error 441, context 0, action -1193116178 setName to new weight 100.0
apr. 11, 2020 2:20:17 P.M. hvl.projectparmorel.modelrepair.QModelFixer handleEpisode
INFO: EPISODE 5 TOTAL REWARD 350



apr. 11, 2020 2:20:17 P.M. hvl.projectparmorel.modelrepair.QModelFixer handleEpisode
INFO: EPISODE 6, STEP 0, Fixing error 14: The opposite of the opposite may not be a reference different from this one
apr. 11, 2020 2:20:17 P.M. hvl.projectparmorel.modelrepair.QModelFixer chooseAction
INFO: Choosing random action.
apr. 11, 2020 2:20:17 P.M. hvl.projectparmorel.modelrepair.QModelFixer handleStep
INFO: Chose action setEOpposite in context 1 with weight 350.005530116874
apr. 11, 2020 2:20:17 P.M. hvl.projectparmorel.modelrepair.QModelFixer handleStep
INFO: Next error code: 441
apr. 11, 2020 2:20:17 P.M. hvl.projectparmorel.modelrepair.QModelFixer handleStep
INFO: Calculating new Q-value:
Old Q-value: 350.005530116874
Alpha: 0.765
Gamma: 1.0
Reward: 250
Next optimal action Q-value: 100.0
350.005530116874 + 0.765 * (250 + 1.0 * 100.0 - 350.005530116874) = 350.0012995774654
apr. 11, 2020 2:20:17 P.M. hvl.projectparmorel.modelrepair.QModelFixer handleStep
INFO: Updated Q-table for error 14, context 1, action -1757276189 setEOpposite to new weight 350.0012995774654


apr. 11, 2020 2:20:17 P.M. hvl.projectparmorel.modelrepair.QModelFixer handleEpisode
INFO: EPISODE 6, STEP 1, Fixing error 441: The name 'null' is not well formed
apr. 11, 2020 2:20:17 P.M. hvl.projectparmorel.modelrepair.QModelFixer chooseAction
INFO: Choosing optimal action
apr. 11, 2020 2:20:17 P.M. hvl.projectparmorel.modelrepair.QModelFixer handleStep
INFO: Chose action setName in context 0 with weight 100.0
apr. 11, 2020 2:20:17 P.M. hvl.projectparmorel.modelrepair.QModelFixer handleStep
INFO: Calculating new Q-value:
Old Q-value: 100.0
Alpha: 0.765

Reward: 100
100.0 + 0.765 * (100 - 100.0) = 100.0
apr. 11, 2020 2:20:17 P.M. hvl.projectparmorel.modelrepair.QModelFixer handleStep
INFO: Updated Q-table for error 441, context 0, action -1193116178 setName to new weight 100.0
apr. 11, 2020 2:20:17 P.M. hvl.projectparmorel.modelrepair.QModelFixer handleEpisode
INFO: EPISODE 6 TOTAL REWARD 350



apr. 11, 2020 2:20:17 P.M. hvl.projectparmorel.modelrepair.QModelFixer handleEpisode
INFO: EPISODE 7, STEP 0, Fixing error 14: The opposite of the opposite may not be a reference different from this one
apr. 11, 2020 2:20:17 P.M. hvl.projectparmorel.modelrepair.QModelFixer chooseAction
INFO: Choosing optimal action
apr. 11, 2020 2:20:17 P.M. hvl.projectparmorel.modelrepair.QModelFixer handleStep
INFO: Chose action setEOpposite in context 1 with weight 350.0012995774654
apr. 11, 2020 2:20:17 P.M. hvl.projectparmorel.modelrepair.QModelFixer handleStep
INFO: Next error code: 441
apr. 11, 2020 2:20:17 P.M. hvl.projectparmorel.modelrepair.QModelFixer handleStep
INFO: Calculating new Q-value:
Old Q-value: 350.0012995774654
Alpha: 0.7258333333333333
Gamma: 1.0
Reward: 250
Next optimal action Q-value: 100.0
350.0012995774654 + 0.7258333333333333 * (250 + 1.0 * 100.0 - 350.0012995774654) = 350.00035630082175
apr. 11, 2020 2:20:17 P.M. hvl.projectparmorel.modelrepair.QModelFixer handleStep
INFO: Updated Q-table for error 14, context 1, action -1757276189 setEOpposite to new weight 350.00035630082175


apr. 11, 2020 2:20:17 P.M. hvl.projectparmorel.modelrepair.QModelFixer handleEpisode
INFO: EPISODE 7, STEP 1, Fixing error 441: The name 'null' is not well formed
apr. 11, 2020 2:20:17 P.M. hvl.projectparmorel.modelrepair.QModelFixer chooseAction
INFO: Choosing optimal action
apr. 11, 2020 2:20:17 P.M. hvl.projectparmorel.modelrepair.QModelFixer handleStep
INFO: Chose action setName in context 0 with weight 100.0
apr. 11, 2020 2:20:17 P.M. hvl.projectparmorel.modelrepair.QModelFixer handleStep
INFO: Calculating new Q-value:
Old Q-value: 100.0
Alpha: 0.7258333333333333

Reward: 100
100.0 + 0.7258333333333333 * (100 - 100.0) = 100.0
apr. 11, 2020 2:20:17 P.M. hvl.projectparmorel.modelrepair.QModelFixer handleStep
INFO: Updated Q-table for error 441, context 0, action -1193116178 setName to new weight 100.0
apr. 11, 2020 2:20:17 P.M. hvl.projectparmorel.modelrepair.QModelFixer handleEpisode
INFO: EPISODE 7 TOTAL REWARD 350



apr. 11, 2020 2:20:17 P.M. hvl.projectparmorel.modelrepair.QModelFixer handleEpisode
INFO: EPISODE 8, STEP 0, Fixing error 14: The opposite of the opposite may not be a reference different from this one
apr. 11, 2020 2:20:17 P.M. hvl.projectparmorel.modelrepair.QModelFixer chooseAction
INFO: Choosing random action.
apr. 11, 2020 2:20:17 P.M. hvl.projectparmorel.modelrepair.QModelFixer handleStep
INFO: Chose action delete in context 0 with weight -600.0
apr. 11, 2020 2:20:17 P.M. hvl.projectparmorel.modelrepair.QModelFixer handleStep
INFO: Next error code: 441
apr. 11, 2020 2:20:17 P.M. hvl.projectparmorel.modelrepair.QModelFixer handleStep
INFO: Calculating new Q-value:
Old Q-value: -600.0
Alpha: 0.6866666666666668
Gamma: 1.0
Reward: -1000
Next optimal action Q-value: 100.0
-600.0 + 0.6866666666666668 * (-1000 + 1.0 * 100.0 - -600.0) = -806.0
apr. 11, 2020 2:20:17 P.M. hvl.projectparmorel.modelrepair.QModelFixer handleStep
INFO: Updated Q-table for error 14, context 0, action 99999 delete to new weight -806.0


apr. 11, 2020 2:20:17 P.M. hvl.projectparmorel.modelrepair.QModelFixer handleEpisode
INFO: EPISODE 8, STEP 1, Fixing error 441: The name 'null' is not well formed
apr. 11, 2020 2:20:17 P.M. hvl.projectparmorel.modelrepair.QModelFixer chooseAction
INFO: Choosing optimal action
apr. 11, 2020 2:20:17 P.M. hvl.projectparmorel.modelrepair.QModelFixer handleStep
INFO: Chose action setName in context 0 with weight 100.0
apr. 11, 2020 2:20:17 P.M. hvl.projectparmorel.modelrepair.QModelFixer handleStep
INFO: Calculating new Q-value:
Old Q-value: 100.0
Alpha: 0.6866666666666668

Reward: 100
100.0 + 0.6866666666666668 * (100 - 100.0) = 100.0
apr. 11, 2020 2:20:17 P.M. hvl.projectparmorel.modelrepair.QModelFixer handleStep
INFO: Updated Q-table for error 441, context 0, action -1193116178 setName to new weight 100.0
apr. 11, 2020 2:20:17 P.M. hvl.projectparmorel.modelrepair.QModelFixer handleEpisode
INFO: EPISODE 8 TOTAL REWARD -900



apr. 11, 2020 2:20:17 P.M. hvl.projectparmorel.modelrepair.QModelFixer handleEpisode
INFO: EPISODE 9, STEP 0, Fixing error 14: The opposite of the opposite may not be a reference different from this one
apr. 11, 2020 2:20:17 P.M. hvl.projectparmorel.modelrepair.QModelFixer chooseAction
INFO: Choosing random action.
apr. 11, 2020 2:20:17 P.M. hvl.projectparmorel.modelrepair.QModelFixer handleStep
INFO: Chose action setEOpposite in context 1 with weight 350.00035630082175
apr. 11, 2020 2:20:17 P.M. hvl.projectparmorel.modelrepair.QModelFixer handleStep
INFO: Next error code: 441
apr. 11, 2020 2:20:17 P.M. hvl.projectparmorel.modelrepair.QModelFixer handleStep
INFO: Calculating new Q-value:
Old Q-value: 350.00035630082175
Alpha: 0.6475
Gamma: 1.0
Reward: 250
Next optimal action Q-value: 100.0
350.00035630082175 + 0.6475 * (250 + 1.0 * 100.0 - 350.00035630082175) = 350.00012559603965
apr. 11, 2020 2:20:17 P.M. hvl.projectparmorel.modelrepair.QModelFixer handleStep
INFO: Updated Q-table for error 14, context 1, action -1757276189 setEOpposite to new weight 350.00012559603965


apr. 11, 2020 2:20:17 P.M. hvl.projectparmorel.modelrepair.QModelFixer handleEpisode
INFO: EPISODE 9, STEP 1, Fixing error 441: The name 'null' is not well formed
apr. 11, 2020 2:20:17 P.M. hvl.projectparmorel.modelrepair.QModelFixer chooseAction
INFO: Choosing optimal action
apr. 11, 2020 2:20:17 P.M. hvl.projectparmorel.modelrepair.QModelFixer handleStep
INFO: Chose action setName in context 0 with weight 100.0
apr. 11, 2020 2:20:17 P.M. hvl.projectparmorel.modelrepair.QModelFixer handleStep
INFO: Calculating new Q-value:
Old Q-value: 100.0
Alpha: 0.6475

Reward: 100
100.0 + 0.6475 * (100 - 100.0) = 100.0
apr. 11, 2020 2:20:17 P.M. hvl.projectparmorel.modelrepair.QModelFixer handleStep
INFO: Updated Q-table for error 441, context 0, action -1193116178 setName to new weight 100.0
apr. 11, 2020 2:20:17 P.M. hvl.projectparmorel.modelrepair.QModelFixer handleEpisode
INFO: EPISODE 9 TOTAL REWARD 350



apr. 11, 2020 2:20:17 P.M. hvl.projectparmorel.modelrepair.QModelFixer handleEpisode
INFO: EPISODE 10, STEP 0, Fixing error 14: The opposite of the opposite may not be a reference different from this one
apr. 11, 2020 2:20:17 P.M. hvl.projectparmorel.modelrepair.QModelFixer chooseAction
INFO: Choosing random action.
apr. 11, 2020 2:20:17 P.M. hvl.projectparmorel.modelrepair.QModelFixer handleStep
INFO: Chose action setEOpposite in context 1 with weight 350.00012559603965
apr. 11, 2020 2:20:17 P.M. hvl.projectparmorel.modelrepair.QModelFixer handleStep
INFO: Next error code: 441
apr. 11, 2020 2:20:17 P.M. hvl.projectparmorel.modelrepair.QModelFixer handleStep
INFO: Calculating new Q-value:
Old Q-value: 350.00012559603965
Alpha: 0.6083333333333334
Gamma: 1.0
Reward: 250
Next optimal action Q-value: 100.0
350.00012559603965 + 0.6083333333333334 * (250 + 1.0 * 100.0 - 350.00012559603965) = 350.0000491917822
apr. 11, 2020 2:20:17 P.M. hvl.projectparmorel.modelrepair.QModelFixer handleStep
INFO: Updated Q-table for error 14, context 1, action -1757276189 setEOpposite to new weight 350.0000491917822


apr. 11, 2020 2:20:17 P.M. hvl.projectparmorel.modelrepair.QModelFixer handleEpisode
INFO: EPISODE 10, STEP 1, Fixing error 441: The name 'null' is not well formed
apr. 11, 2020 2:20:17 P.M. hvl.projectparmorel.modelrepair.QModelFixer chooseAction
INFO: Choosing optimal action
apr. 11, 2020 2:20:17 P.M. hvl.projectparmorel.modelrepair.QModelFixer handleStep
INFO: Chose action setName in context 0 with weight 100.0
apr. 11, 2020 2:20:17 P.M. hvl.projectparmorel.modelrepair.QModelFixer handleStep
INFO: Calculating new Q-value:
Old Q-value: 100.0
Alpha: 0.6083333333333334

Reward: 100
100.0 + 0.6083333333333334 * (100 - 100.0) = 100.0
apr. 11, 2020 2:20:17 P.M. hvl.projectparmorel.modelrepair.QModelFixer handleStep
INFO: Updated Q-table for error 441, context 0, action -1193116178 setName to new weight 100.0
apr. 11, 2020 2:20:17 P.M. hvl.projectparmorel.modelrepair.QModelFixer handleEpisode
INFO: EPISODE 10 TOTAL REWARD 350



apr. 11, 2020 2:20:17 P.M. hvl.projectparmorel.modelrepair.QModelFixer handleEpisode
INFO: EPISODE 11, STEP 0, Fixing error 14: The opposite of the opposite may not be a reference different from this one
apr. 11, 2020 2:20:17 P.M. hvl.projectparmorel.modelrepair.QModelFixer chooseAction
INFO: Choosing random action.
apr. 11, 2020 2:20:17 P.M. hvl.projectparmorel.modelrepair.QModelFixer handleStep
INFO: Chose action delete in context 0 with weight -806.0
apr. 11, 2020 2:20:18 P.M. hvl.projectparmorel.modelrepair.QModelFixer handleStep
INFO: Next error code: 441
apr. 11, 2020 2:20:18 P.M. hvl.projectparmorel.modelrepair.QModelFixer handleStep
INFO: Calculating new Q-value:
Old Q-value: -806.0
Alpha: 0.5691666666666666
Gamma: 1.0
Reward: -1000
Next optimal action Q-value: 100.0
-806.0 + 0.5691666666666666 * (-1000 + 1.0 * 100.0 - -806.0) = -859.5016666666667
apr. 11, 2020 2:20:18 P.M. hvl.projectparmorel.modelrepair.QModelFixer handleStep
INFO: Updated Q-table for error 14, context 0, action 99999 delete to new weight -859.5016666666667


apr. 11, 2020 2:20:18 P.M. hvl.projectparmorel.modelrepair.QModelFixer handleEpisode
INFO: EPISODE 11, STEP 1, Fixing error 441: The name 'null' is not well formed
apr. 11, 2020 2:20:18 P.M. hvl.projectparmorel.modelrepair.QModelFixer chooseAction
INFO: Choosing optimal action
apr. 11, 2020 2:20:18 P.M. hvl.projectparmorel.modelrepair.QModelFixer handleStep
INFO: Chose action setName in context 0 with weight 100.0
apr. 11, 2020 2:20:18 P.M. hvl.projectparmorel.modelrepair.QModelFixer handleStep
INFO: Calculating new Q-value:
Old Q-value: 100.0
Alpha: 0.5691666666666666

Reward: 100
100.0 + 0.5691666666666666 * (100 - 100.0) = 100.0
apr. 11, 2020 2:20:18 P.M. hvl.projectparmorel.modelrepair.QModelFixer handleStep
INFO: Updated Q-table for error 441, context 0, action -1193116178 setName to new weight 100.0
apr. 11, 2020 2:20:18 P.M. hvl.projectparmorel.modelrepair.QModelFixer handleEpisode
INFO: EPISODE 11 TOTAL REWARD -900



apr. 11, 2020 2:20:18 P.M. hvl.projectparmorel.modelrepair.QModelFixer handleEpisode
INFO: EPISODE 12, STEP 0, Fixing error 14: The opposite of the opposite may not be a reference different from this one
apr. 11, 2020 2:20:18 P.M. hvl.projectparmorel.modelrepair.QModelFixer chooseAction
INFO: Choosing optimal action
apr. 11, 2020 2:20:18 P.M. hvl.projectparmorel.modelrepair.QModelFixer handleStep
INFO: Chose action setEOpposite in context 1 with weight 350.0000491917822
apr. 11, 2020 2:20:18 P.M. hvl.projectparmorel.modelrepair.QModelFixer handleStep
INFO: Next error code: 441
apr. 11, 2020 2:20:18 P.M. hvl.projectparmorel.modelrepair.QModelFixer handleStep
INFO: Calculating new Q-value:
Old Q-value: 350.0000491917822
Alpha: 0.53
Gamma: 1.0
Reward: 250
Next optimal action Q-value: 100.0
350.0000491917822 + 0.53 * (250 + 1.0 * 100.0 - 350.0000491917822) = 350.0000231201376
apr. 11, 2020 2:20:18 P.M. hvl.projectparmorel.modelrepair.QModelFixer handleStep
INFO: Updated Q-table for error 14, context 1, action -1757276189 setEOpposite to new weight 350.0000231201376


apr. 11, 2020 2:20:18 P.M. hvl.projectparmorel.modelrepair.QModelFixer handleEpisode
INFO: EPISODE 12, STEP 1, Fixing error 441: The name 'null' is not well formed
apr. 11, 2020 2:20:18 P.M. hvl.projectparmorel.modelrepair.QModelFixer chooseAction
INFO: Choosing optimal action
apr. 11, 2020 2:20:18 P.M. hvl.projectparmorel.modelrepair.QModelFixer handleStep
INFO: Chose action setName in context 0 with weight 100.0
apr. 11, 2020 2:20:18 P.M. hvl.projectparmorel.modelrepair.QModelFixer handleStep
INFO: Calculating new Q-value:
Old Q-value: 100.0
Alpha: 0.53

Reward: 100
100.0 + 0.53 * (100 - 100.0) = 100.0
apr. 11, 2020 2:20:18 P.M. hvl.projectparmorel.modelrepair.QModelFixer handleStep
INFO: Updated Q-table for error 441, context 0, action -1193116178 setName to new weight 100.0
apr. 11, 2020 2:20:18 P.M. hvl.projectparmorel.modelrepair.QModelFixer handleEpisode
INFO: EPISODE 12 TOTAL REWARD 350



apr. 11, 2020 2:20:18 P.M. hvl.projectparmorel.modelrepair.QModelFixer handleEpisode
INFO: EPISODE 13, STEP 0, Fixing error 14: The opposite of the opposite may not be a reference different from this one
apr. 11, 2020 2:20:18 P.M. hvl.projectparmorel.modelrepair.QModelFixer chooseAction
INFO: Choosing optimal action
apr. 11, 2020 2:20:18 P.M. hvl.projectparmorel.modelrepair.QModelFixer handleStep
INFO: Chose action setEOpposite in context 1 with weight 350.0000231201376
apr. 11, 2020 2:20:18 P.M. hvl.projectparmorel.modelrepair.QModelFixer handleStep
INFO: Next error code: 441
apr. 11, 2020 2:20:18 P.M. hvl.projectparmorel.modelrepair.QModelFixer handleStep
INFO: Calculating new Q-value:
Old Q-value: 350.0000231201376
Alpha: 0.49083333333333334
Gamma: 1.0
Reward: 250
Next optimal action Q-value: 100.0
350.0000231201376 + 0.49083333333333334 * (250 + 1.0 * 100.0 - 350.0000231201376) = 350.0000117720034
apr. 11, 2020 2:20:18 P.M. hvl.projectparmorel.modelrepair.QModelFixer handleStep
INFO: Updated Q-table for error 14, context 1, action -1757276189 setEOpposite to new weight 350.0000117720034


apr. 11, 2020 2:20:18 P.M. hvl.projectparmorel.modelrepair.QModelFixer handleEpisode
INFO: EPISODE 13, STEP 1, Fixing error 441: The name 'null' is not well formed
apr. 11, 2020 2:20:18 P.M. hvl.projectparmorel.modelrepair.QModelFixer chooseAction
INFO: Choosing optimal action
apr. 11, 2020 2:20:18 P.M. hvl.projectparmorel.modelrepair.QModelFixer handleStep
INFO: Chose action setName in context 0 with weight 100.0
apr. 11, 2020 2:20:18 P.M. hvl.projectparmorel.modelrepair.QModelFixer handleStep
INFO: Calculating new Q-value:
Old Q-value: 100.0
Alpha: 0.49083333333333334

Reward: 100
100.0 + 0.49083333333333334 * (100 - 100.0) = 100.0
apr. 11, 2020 2:20:18 P.M. hvl.projectparmorel.modelrepair.QModelFixer handleStep
INFO: Updated Q-table for error 441, context 0, action -1193116178 setName to new weight 100.0
apr. 11, 2020 2:20:18 P.M. hvl.projectparmorel.modelrepair.QModelFixer handleEpisode
INFO: EPISODE 13 TOTAL REWARD 350



apr. 11, 2020 2:20:18 P.M. hvl.projectparmorel.modelrepair.QModelFixer handleEpisode
INFO: EPISODE 14, STEP 0, Fixing error 14: The opposite of the opposite may not be a reference different from this one
apr. 11, 2020 2:20:18 P.M. hvl.projectparmorel.modelrepair.QModelFixer chooseAction
INFO: Choosing optimal action
apr. 11, 2020 2:20:18 P.M. hvl.projectparmorel.modelrepair.QModelFixer handleStep
INFO: Chose action setEOpposite in context 1 with weight 350.0000117720034
apr. 11, 2020 2:20:18 P.M. hvl.projectparmorel.modelrepair.QModelFixer handleStep
INFO: Next error code: 441
apr. 11, 2020 2:20:18 P.M. hvl.projectparmorel.modelrepair.QModelFixer handleStep
INFO: Calculating new Q-value:
Old Q-value: 350.0000117720034
Alpha: 0.45166666666666666
Gamma: 1.0
Reward: 250
Next optimal action Q-value: 100.0
350.0000117720034 + 0.45166666666666666 * (250 + 1.0 * 100.0 - 350.0000117720034) = 350.0000064549819
apr. 11, 2020 2:20:18 P.M. hvl.projectparmorel.modelrepair.QModelFixer handleStep
INFO: Updated Q-table for error 14, context 1, action -1757276189 setEOpposite to new weight 350.0000064549819


apr. 11, 2020 2:20:18 P.M. hvl.projectparmorel.modelrepair.QModelFixer handleEpisode
INFO: EPISODE 14, STEP 1, Fixing error 441: The name 'null' is not well formed
apr. 11, 2020 2:20:18 P.M. hvl.projectparmorel.modelrepair.QModelFixer chooseAction
INFO: Choosing optimal action
apr. 11, 2020 2:20:18 P.M. hvl.projectparmorel.modelrepair.QModelFixer handleStep
INFO: Chose action setName in context 0 with weight 100.0
apr. 11, 2020 2:20:18 P.M. hvl.projectparmorel.modelrepair.QModelFixer handleStep
INFO: Calculating new Q-value:
Old Q-value: 100.0
Alpha: 0.45166666666666666

Reward: 100
100.0 + 0.45166666666666666 * (100 - 100.0) = 100.0
apr. 11, 2020 2:20:18 P.M. hvl.projectparmorel.modelrepair.QModelFixer handleStep
INFO: Updated Q-table for error 441, context 0, action -1193116178 setName to new weight 100.0
apr. 11, 2020 2:20:18 P.M. hvl.projectparmorel.modelrepair.QModelFixer handleEpisode
INFO: EPISODE 14 TOTAL REWARD 350



apr. 11, 2020 2:20:18 P.M. hvl.projectparmorel.modelrepair.QModelFixer handleEpisode
INFO: EPISODE 15, STEP 0, Fixing error 14: The opposite of the opposite may not be a reference different from this one
apr. 11, 2020 2:20:18 P.M. hvl.projectparmorel.modelrepair.QModelFixer chooseAction
INFO: Choosing optimal action
apr. 11, 2020 2:20:18 P.M. hvl.projectparmorel.modelrepair.QModelFixer handleStep
INFO: Chose action setEOpposite in context 1 with weight 350.0000064549819
apr. 11, 2020 2:20:18 P.M. hvl.projectparmorel.modelrepair.QModelFixer handleStep
INFO: Next error code: 441
apr. 11, 2020 2:20:18 P.M. hvl.projectparmorel.modelrepair.QModelFixer handleStep
INFO: Calculating new Q-value:
Old Q-value: 350.0000064549819
Alpha: 0.4125
Gamma: 1.0
Reward: 250
Next optimal action Q-value: 100.0
350.0000064549819 + 0.4125 * (250 + 1.0 * 100.0 - 350.0000064549819) = 350.00000379230187
apr. 11, 2020 2:20:18 P.M. hvl.projectparmorel.modelrepair.QModelFixer handleStep
INFO: Updated Q-table for error 14, context 1, action -1757276189 setEOpposite to new weight 350.00000379230187


apr. 11, 2020 2:20:18 P.M. hvl.projectparmorel.modelrepair.QModelFixer handleEpisode
INFO: EPISODE 15, STEP 1, Fixing error 441: The name 'null' is not well formed
apr. 11, 2020 2:20:18 P.M. hvl.projectparmorel.modelrepair.QModelFixer chooseAction
INFO: Choosing optimal action
apr. 11, 2020 2:20:18 P.M. hvl.projectparmorel.modelrepair.QModelFixer handleStep
INFO: Chose action setName in context 0 with weight 100.0
apr. 11, 2020 2:20:18 P.M. hvl.projectparmorel.modelrepair.QModelFixer handleStep
INFO: Calculating new Q-value:
Old Q-value: 100.0
Alpha: 0.4125

Reward: 100
100.0 + 0.4125 * (100 - 100.0) = 100.0
apr. 11, 2020 2:20:18 P.M. hvl.projectparmorel.modelrepair.QModelFixer handleStep
INFO: Updated Q-table for error 441, context 0, action -1193116178 setName to new weight 100.0
apr. 11, 2020 2:20:18 P.M. hvl.projectparmorel.modelrepair.QModelFixer handleEpisode
INFO: EPISODE 15 TOTAL REWARD 350



apr. 11, 2020 2:20:18 P.M. hvl.projectparmorel.modelrepair.QModelFixer handleEpisode
INFO: EPISODE 16, STEP 0, Fixing error 14: The opposite of the opposite may not be a reference different from this one
apr. 11, 2020 2:20:18 P.M. hvl.projectparmorel.modelrepair.QModelFixer chooseAction
INFO: Choosing random action.
apr. 11, 2020 2:20:18 P.M. hvl.projectparmorel.modelrepair.QModelFixer handleStep
INFO: Chose action delete in context 0 with weight -859.5016666666667
apr. 11, 2020 2:20:19 P.M. hvl.projectparmorel.modelrepair.QModelFixer handleStep
INFO: Next error code: 441
apr. 11, 2020 2:20:19 P.M. hvl.projectparmorel.modelrepair.QModelFixer handleStep
INFO: Calculating new Q-value:
Old Q-value: -859.5016666666667
Alpha: 0.3733333333333334
Gamma: 1.0
Reward: -1000
Next optimal action Q-value: 100.0
-859.5016666666667 + 0.3733333333333334 * (-1000 + 1.0 * 100.0 - -859.5016666666667) = -874.6210444444445
apr. 11, 2020 2:20:19 P.M. hvl.projectparmorel.modelrepair.QModelFixer handleStep
INFO: Updated Q-table for error 14, context 0, action 99999 delete to new weight -874.6210444444445


apr. 11, 2020 2:20:19 P.M. hvl.projectparmorel.modelrepair.QModelFixer handleEpisode
INFO: EPISODE 16, STEP 1, Fixing error 441: The name 'null' is not well formed
apr. 11, 2020 2:20:19 P.M. hvl.projectparmorel.modelrepair.QModelFixer chooseAction
INFO: Choosing optimal action
apr. 11, 2020 2:20:19 P.M. hvl.projectparmorel.modelrepair.QModelFixer handleStep
INFO: Chose action setName in context 0 with weight 100.0
apr. 11, 2020 2:20:19 P.M. hvl.projectparmorel.modelrepair.QModelFixer handleStep
INFO: Calculating new Q-value:
Old Q-value: 100.0
Alpha: 0.3733333333333334

Reward: 100
100.0 + 0.3733333333333334 * (100 - 100.0) = 100.0
apr. 11, 2020 2:20:19 P.M. hvl.projectparmorel.modelrepair.QModelFixer handleStep
INFO: Updated Q-table for error 441, context 0, action -1193116178 setName to new weight 100.0
apr. 11, 2020 2:20:19 P.M. hvl.projectparmorel.modelrepair.QModelFixer handleEpisode
INFO: EPISODE 16 TOTAL REWARD -900



apr. 11, 2020 2:20:19 P.M. hvl.projectparmorel.modelrepair.QModelFixer handleEpisode
INFO: EPISODE 17, STEP 0, Fixing error 14: The opposite of the opposite may not be a reference different from this one
apr. 11, 2020 2:20:19 P.M. hvl.projectparmorel.modelrepair.QModelFixer chooseAction
INFO: Choosing optimal action
apr. 11, 2020 2:20:19 P.M. hvl.projectparmorel.modelrepair.QModelFixer handleStep
INFO: Chose action setEOpposite in context 1 with weight 350.00000379230187
apr. 11, 2020 2:20:19 P.M. hvl.projectparmorel.modelrepair.QModelFixer handleStep
INFO: Next error code: 441
apr. 11, 2020 2:20:19 P.M. hvl.projectparmorel.modelrepair.QModelFixer handleStep
INFO: Calculating new Q-value:
Old Q-value: 350.00000379230187
Alpha: 0.3341666666666667
Gamma: 1.0
Reward: 250
Next optimal action Q-value: 100.0
350.00000379230187 + 0.3341666666666667 * (250 + 1.0 * 100.0 - 350.00000379230187) = 350.000002525041
apr. 11, 2020 2:20:19 P.M. hvl.projectparmorel.modelrepair.QModelFixer handleStep
INFO: Updated Q-table for error 14, context 1, action -1757276189 setEOpposite to new weight 350.000002525041


apr. 11, 2020 2:20:19 P.M. hvl.projectparmorel.modelrepair.QModelFixer handleEpisode
INFO: EPISODE 17, STEP 1, Fixing error 441: The name 'null' is not well formed
apr. 11, 2020 2:20:19 P.M. hvl.projectparmorel.modelrepair.QModelFixer chooseAction
INFO: Choosing optimal action
apr. 11, 2020 2:20:19 P.M. hvl.projectparmorel.modelrepair.QModelFixer handleStep
INFO: Chose action setName in context 0 with weight 100.0
apr. 11, 2020 2:20:19 P.M. hvl.projectparmorel.modelrepair.QModelFixer handleStep
INFO: Calculating new Q-value:
Old Q-value: 100.0
Alpha: 0.3341666666666667

Reward: 100
100.0 + 0.3341666666666667 * (100 - 100.0) = 100.0
apr. 11, 2020 2:20:19 P.M. hvl.projectparmorel.modelrepair.QModelFixer handleStep
INFO: Updated Q-table for error 441, context 0, action -1193116178 setName to new weight 100.0
apr. 11, 2020 2:20:19 P.M. hvl.projectparmorel.modelrepair.QModelFixer handleEpisode
INFO: EPISODE 17 TOTAL REWARD 350



apr. 11, 2020 2:20:19 P.M. hvl.projectparmorel.modelrepair.QModelFixer handleEpisode
INFO: EPISODE 18, STEP 0, Fixing error 14: The opposite of the opposite may not be a reference different from this one
apr. 11, 2020 2:20:19 P.M. hvl.projectparmorel.modelrepair.QModelFixer chooseAction
INFO: Choosing optimal action
apr. 11, 2020 2:20:19 P.M. hvl.projectparmorel.modelrepair.QModelFixer handleStep
INFO: Chose action setEOpposite in context 1 with weight 350.000002525041
apr. 11, 2020 2:20:19 P.M. hvl.projectparmorel.modelrepair.QModelFixer handleStep
INFO: Next error code: 441
apr. 11, 2020 2:20:19 P.M. hvl.projectparmorel.modelrepair.QModelFixer handleStep
INFO: Calculating new Q-value:
Old Q-value: 350.000002525041
Alpha: 0.29500000000000004
Gamma: 1.0
Reward: 250
Next optimal action Q-value: 100.0
350.000002525041 + 0.29500000000000004 * (250 + 1.0 * 100.0 - 350.000002525041) = 350.0000017801539
apr. 11, 2020 2:20:19 P.M. hvl.projectparmorel.modelrepair.QModelFixer handleStep
INFO: Updated Q-table for error 14, context 1, action -1757276189 setEOpposite to new weight 350.0000017801539


apr. 11, 2020 2:20:19 P.M. hvl.projectparmorel.modelrepair.QModelFixer handleEpisode
INFO: EPISODE 18, STEP 1, Fixing error 441: The name 'null' is not well formed
apr. 11, 2020 2:20:19 P.M. hvl.projectparmorel.modelrepair.QModelFixer chooseAction
INFO: Choosing random action.
apr. 11, 2020 2:20:19 P.M. hvl.projectparmorel.modelrepair.QModelFixer handleStep
INFO: Chose action setName in context 0 with weight 100.0
apr. 11, 2020 2:20:19 P.M. hvl.projectparmorel.modelrepair.QModelFixer handleStep
INFO: Calculating new Q-value:
Old Q-value: 100.0
Alpha: 0.29500000000000004

Reward: 100
100.0 + 0.29500000000000004 * (100 - 100.0) = 100.0
apr. 11, 2020 2:20:19 P.M. hvl.projectparmorel.modelrepair.QModelFixer handleStep
INFO: Updated Q-table for error 441, context 0, action -1193116178 setName to new weight 100.0
apr. 11, 2020 2:20:19 P.M. hvl.projectparmorel.modelrepair.QModelFixer handleEpisode
INFO: EPISODE 18 TOTAL REWARD 350



apr. 11, 2020 2:20:19 P.M. hvl.projectparmorel.modelrepair.QModelFixer handleEpisode
INFO: EPISODE 19, STEP 0, Fixing error 14: The opposite of the opposite may not be a reference different from this one
apr. 11, 2020 2:20:19 P.M. hvl.projectparmorel.modelrepair.QModelFixer chooseAction
INFO: Choosing random action.
apr. 11, 2020 2:20:19 P.M. hvl.projectparmorel.modelrepair.QModelFixer handleStep
INFO: Chose action delete in context 2 with weight -744.7755823765051
apr. 11, 2020 2:20:20 P.M. hvl.projectparmorel.modelrepair.QModelFixer handleStep
INFO: Next error code: 441
apr. 11, 2020 2:20:20 P.M. hvl.projectparmorel.modelrepair.QModelFixer handleStep
INFO: Calculating new Q-value:
Old Q-value: -744.7755823765051
Alpha: 0.25583333333333336
Gamma: 1.0
Reward: -900
Next optimal action Q-value: 100.0
-744.7755823765051 + 0.25583333333333336 * (-900 + 1.0 * 100.0 - -744.7755823765051) = -758.9038292185159
apr. 11, 2020 2:20:20 P.M. hvl.projectparmorel.modelrepair.QModelFixer handleStep
INFO: Updated Q-table for error 14, context 2, action 99999 delete to new weight -758.9038292185159


apr. 11, 2020 2:20:20 P.M. hvl.projectparmorel.modelrepair.QModelFixer handleEpisode
INFO: EPISODE 19, STEP 1, Fixing error 441: The name 'null' is not well formed
apr. 11, 2020 2:20:20 P.M. hvl.projectparmorel.modelrepair.QModelFixer chooseAction
INFO: Choosing optimal action
apr. 11, 2020 2:20:20 P.M. hvl.projectparmorel.modelrepair.QModelFixer handleStep
INFO: Chose action setName in context 0 with weight 100.0
apr. 11, 2020 2:20:20 P.M. hvl.projectparmorel.modelrepair.QModelFixer handleStep
INFO: Calculating new Q-value:
Old Q-value: 100.0
Alpha: 0.25583333333333336

Reward: 100
100.0 + 0.25583333333333336 * (100 - 100.0) = 100.0
apr. 11, 2020 2:20:20 P.M. hvl.projectparmorel.modelrepair.QModelFixer handleStep
INFO: Updated Q-table for error 441, context 0, action -1193116178 setName to new weight 100.0
apr. 11, 2020 2:20:20 P.M. hvl.projectparmorel.modelrepair.QModelFixer handleEpisode
INFO: EPISODE 19 TOTAL REWARD -800



apr. 11, 2020 2:20:20 P.M. hvl.projectparmorel.modelrepair.QModelFixer handleEpisode
INFO: EPISODE 20, STEP 0, Fixing error 14: The opposite of the opposite may not be a reference different from this one
apr. 11, 2020 2:20:20 P.M. hvl.projectparmorel.modelrepair.QModelFixer chooseAction
INFO: Choosing optimal action
apr. 11, 2020 2:20:20 P.M. hvl.projectparmorel.modelrepair.QModelFixer handleStep
INFO: Chose action setEOpposite in context 1 with weight 350.0000017801539
apr. 11, 2020 2:20:20 P.M. hvl.projectparmorel.modelrepair.QModelFixer handleStep
INFO: Next error code: 441
apr. 11, 2020 2:20:20 P.M. hvl.projectparmorel.modelrepair.QModelFixer handleStep
INFO: Calculating new Q-value:
Old Q-value: 350.0000017801539
Alpha: 0.21666666666666679
Gamma: 1.0
Reward: 250
Next optimal action Q-value: 100.0
350.0000017801539 + 0.21666666666666679 * (250 + 1.0 * 100.0 - 350.0000017801539) = 350.00000139445393
apr. 11, 2020 2:20:20 P.M. hvl.projectparmorel.modelrepair.QModelFixer handleStep
INFO: Updated Q-table for error 14, context 1, action -1757276189 setEOpposite to new weight 350.00000139445393


apr. 11, 2020 2:20:20 P.M. hvl.projectparmorel.modelrepair.QModelFixer handleEpisode
INFO: EPISODE 20, STEP 1, Fixing error 441: The name 'null' is not well formed
apr. 11, 2020 2:20:20 P.M. hvl.projectparmorel.modelrepair.QModelFixer chooseAction
INFO: Choosing optimal action
apr. 11, 2020 2:20:20 P.M. hvl.projectparmorel.modelrepair.QModelFixer handleStep
INFO: Chose action setName in context 0 with weight 100.0
apr. 11, 2020 2:20:20 P.M. hvl.projectparmorel.modelrepair.QModelFixer handleStep
INFO: Calculating new Q-value:
Old Q-value: 100.0
Alpha: 0.21666666666666679

Reward: 100
100.0 + 0.21666666666666679 * (100 - 100.0) = 100.0
apr. 11, 2020 2:20:20 P.M. hvl.projectparmorel.modelrepair.QModelFixer handleStep
INFO: Updated Q-table for error 441, context 0, action -1193116178 setName to new weight 100.0
apr. 11, 2020 2:20:20 P.M. hvl.projectparmorel.modelrepair.QModelFixer handleEpisode
INFO: EPISODE 20 TOTAL REWARD 350



apr. 11, 2020 2:20:20 P.M. hvl.projectparmorel.modelrepair.QModelFixer handleEpisode
INFO: EPISODE 21, STEP 0, Fixing error 14: The opposite of the opposite may not be a reference different from this one
apr. 11, 2020 2:20:20 P.M. hvl.projectparmorel.modelrepair.QModelFixer chooseAction
INFO: Choosing optimal action
apr. 11, 2020 2:20:20 P.M. hvl.projectparmorel.modelrepair.QModelFixer handleStep
INFO: Chose action setEOpposite in context 1 with weight 350.00000139445393
apr. 11, 2020 2:20:20 P.M. hvl.projectparmorel.modelrepair.QModelFixer handleStep
INFO: Next error code: 441
apr. 11, 2020 2:20:20 P.M. hvl.projectparmorel.modelrepair.QModelFixer handleStep
INFO: Calculating new Q-value:
Old Q-value: 350.00000139445393
Alpha: 0.1775000000000001
Gamma: 1.0
Reward: 250
Next optimal action Q-value: 100.0
350.00000139445393 + 0.1775000000000001 * (250 + 1.0 * 100.0 - 350.00000139445393) = 350.00000114693836
apr. 11, 2020 2:20:20 P.M. hvl.projectparmorel.modelrepair.QModelFixer handleStep
INFO: Updated Q-table for error 14, context 1, action -1757276189 setEOpposite to new weight 350.00000114693836


apr. 11, 2020 2:20:20 P.M. hvl.projectparmorel.modelrepair.QModelFixer handleEpisode
INFO: EPISODE 21, STEP 1, Fixing error 441: The name 'null' is not well formed
apr. 11, 2020 2:20:20 P.M. hvl.projectparmorel.modelrepair.QModelFixer chooseAction
INFO: Choosing optimal action
apr. 11, 2020 2:20:20 P.M. hvl.projectparmorel.modelrepair.QModelFixer handleStep
INFO: Chose action setName in context 0 with weight 100.0
apr. 11, 2020 2:20:20 P.M. hvl.projectparmorel.modelrepair.QModelFixer handleStep
INFO: Calculating new Q-value:
Old Q-value: 100.0
Alpha: 0.1775000000000001

Reward: 100
100.0 + 0.1775000000000001 * (100 - 100.0) = 100.0
apr. 11, 2020 2:20:20 P.M. hvl.projectparmorel.modelrepair.QModelFixer handleStep
INFO: Updated Q-table for error 441, context 0, action -1193116178 setName to new weight 100.0
apr. 11, 2020 2:20:20 P.M. hvl.projectparmorel.modelrepair.QModelFixer handleEpisode
INFO: EPISODE 21 TOTAL REWARD 350



apr. 11, 2020 2:20:20 P.M. hvl.projectparmorel.modelrepair.QModelFixer handleEpisode
INFO: EPISODE 22, STEP 0, Fixing error 14: The opposite of the opposite may not be a reference different from this one
apr. 11, 2020 2:20:20 P.M. hvl.projectparmorel.modelrepair.QModelFixer chooseAction
INFO: Choosing optimal action
apr. 11, 2020 2:20:20 P.M. hvl.projectparmorel.modelrepair.QModelFixer handleStep
INFO: Chose action setEOpposite in context 1 with weight 350.00000114693836
apr. 11, 2020 2:20:20 P.M. hvl.projectparmorel.modelrepair.QModelFixer handleStep
INFO: Next error code: 441
apr. 11, 2020 2:20:20 P.M. hvl.projectparmorel.modelrepair.QModelFixer handleStep
INFO: Calculating new Q-value:
Old Q-value: 350.00000114693836
Alpha: 0.1383333333333333
Gamma: 1.0
Reward: 250
Next optimal action Q-value: 100.0
350.00000114693836 + 0.1383333333333333 * (250 + 1.0 * 100.0 - 350.00000114693836) = 350.00000098827854
apr. 11, 2020 2:20:20 P.M. hvl.projectparmorel.modelrepair.QModelFixer handleStep
INFO: Updated Q-table for error 14, context 1, action -1757276189 setEOpposite to new weight 350.00000098827854


apr. 11, 2020 2:20:20 P.M. hvl.projectparmorel.modelrepair.QModelFixer handleEpisode
INFO: EPISODE 22, STEP 1, Fixing error 441: The name 'null' is not well formed
apr. 11, 2020 2:20:20 P.M. hvl.projectparmorel.modelrepair.QModelFixer chooseAction
INFO: Choosing optimal action
apr. 11, 2020 2:20:20 P.M. hvl.projectparmorel.modelrepair.QModelFixer handleStep
INFO: Chose action setName in context 0 with weight 100.0
apr. 11, 2020 2:20:20 P.M. hvl.projectparmorel.modelrepair.QModelFixer handleStep
INFO: Calculating new Q-value:
Old Q-value: 100.0
Alpha: 0.1383333333333333

Reward: 100
100.0 + 0.1383333333333333 * (100 - 100.0) = 100.0
apr. 11, 2020 2:20:20 P.M. hvl.projectparmorel.modelrepair.QModelFixer handleStep
INFO: Updated Q-table for error 441, context 0, action -1193116178 setName to new weight 100.0
apr. 11, 2020 2:20:20 P.M. hvl.projectparmorel.modelrepair.QModelFixer handleEpisode
INFO: EPISODE 22 TOTAL REWARD 350



apr. 11, 2020 2:20:20 P.M. hvl.projectparmorel.modelrepair.QModelFixer handleEpisode
INFO: EPISODE 23, STEP 0, Fixing error 14: The opposite of the opposite may not be a reference different from this one
apr. 11, 2020 2:20:20 P.M. hvl.projectparmorel.modelrepair.QModelFixer chooseAction
INFO: Choosing optimal action
apr. 11, 2020 2:20:20 P.M. hvl.projectparmorel.modelrepair.QModelFixer handleStep
INFO: Chose action setEOpposite in context 1 with weight 350.00000098827854
apr. 11, 2020 2:20:20 P.M. hvl.projectparmorel.modelrepair.QModelFixer handleStep
INFO: Next error code: 441
apr. 11, 2020 2:20:20 P.M. hvl.projectparmorel.modelrepair.QModelFixer handleStep
INFO: Calculating new Q-value:
Old Q-value: 350.00000098827854
Alpha: 0.09916666666666674
Gamma: 1.0
Reward: 250
Next optimal action Q-value: 100.0
350.00000098827854 + 0.09916666666666674 * (250 + 1.0 * 100.0 - 350.00000098827854) = 350.00000089027424
apr. 11, 2020 2:20:20 P.M. hvl.projectparmorel.modelrepair.QModelFixer handleStep
INFO: Updated Q-table for error 14, context 1, action -1757276189 setEOpposite to new weight 350.00000089027424


apr. 11, 2020 2:20:20 P.M. hvl.projectparmorel.modelrepair.QModelFixer handleEpisode
INFO: EPISODE 23, STEP 1, Fixing error 441: The name 'null' is not well formed
apr. 11, 2020 2:20:20 P.M. hvl.projectparmorel.modelrepair.QModelFixer chooseAction
INFO: Choosing optimal action
apr. 11, 2020 2:20:20 P.M. hvl.projectparmorel.modelrepair.QModelFixer handleStep
INFO: Chose action setName in context 0 with weight 100.0
apr. 11, 2020 2:20:20 P.M. hvl.projectparmorel.modelrepair.QModelFixer handleStep
INFO: Calculating new Q-value:
Old Q-value: 100.0
Alpha: 0.09916666666666674

Reward: 100
100.0 + 0.09916666666666674 * (100 - 100.0) = 100.0
apr. 11, 2020 2:20:20 P.M. hvl.projectparmorel.modelrepair.QModelFixer handleStep
INFO: Updated Q-table for error 441, context 0, action -1193116178 setName to new weight 100.0
apr. 11, 2020 2:20:20 P.M. hvl.projectparmorel.modelrepair.QModelFixer handleEpisode
INFO: EPISODE 23 TOTAL REWARD 350



apr. 11, 2020 2:20:20 P.M. hvl.projectparmorel.modelrepair.QModelFixer handleEpisode
INFO: EPISODE 24, STEP 0, Fixing error 14: The opposite of the opposite may not be a reference different from this one
apr. 11, 2020 2:20:20 P.M. hvl.projectparmorel.modelrepair.QModelFixer chooseAction
INFO: Choosing optimal action
apr. 11, 2020 2:20:20 P.M. hvl.projectparmorel.modelrepair.QModelFixer handleStep
INFO: Chose action setEOpposite in context 1 with weight 350.00000089027424
apr. 11, 2020 2:20:20 P.M. hvl.projectparmorel.modelrepair.QModelFixer handleStep
INFO: Next error code: 441
apr. 11, 2020 2:20:20 P.M. hvl.projectparmorel.modelrepair.QModelFixer handleStep
INFO: Calculating new Q-value:
Old Q-value: 350.00000089027424
Alpha: 0.06000000000000005
Gamma: 1.0
Reward: 250
Next optimal action Q-value: 100.0
350.00000089027424 + 0.06000000000000005 * (250 + 1.0 * 100.0 - 350.00000089027424) = 350.0000008368578
apr. 11, 2020 2:20:20 P.M. hvl.projectparmorel.modelrepair.QModelFixer handleStep
INFO: Updated Q-table for error 14, context 1, action -1757276189 setEOpposite to new weight 350.0000008368578


apr. 11, 2020 2:20:20 P.M. hvl.projectparmorel.modelrepair.QModelFixer handleEpisode
INFO: EPISODE 24, STEP 1, Fixing error 441: The name 'null' is not well formed
apr. 11, 2020 2:20:20 P.M. hvl.projectparmorel.modelrepair.QModelFixer chooseAction
INFO: Choosing optimal action
apr. 11, 2020 2:20:20 P.M. hvl.projectparmorel.modelrepair.QModelFixer handleStep
INFO: Chose action setName in context 0 with weight 100.0
apr. 11, 2020 2:20:20 P.M. hvl.projectparmorel.modelrepair.QModelFixer handleStep
INFO: Calculating new Q-value:
Old Q-value: 100.0
Alpha: 0.06000000000000005

Reward: 100
100.0 + 0.06000000000000005 * (100 - 100.0) = 100.0
apr. 11, 2020 2:20:20 P.M. hvl.projectparmorel.modelrepair.QModelFixer handleStep
INFO: Updated Q-table for error 441, context 0, action -1193116178 setName to new weight 100.0
apr. 11, 2020 2:20:20 P.M. hvl.projectparmorel.modelrepair.QModelFixer handleEpisode
INFO: EPISODE 24 TOTAL REWARD 350



apr. 11, 2020 2:20:20 P.M. hvl.projectparmorel.modelrepair.QModelFixer fixModel
INFO: Time repairing model: 4816 ms
apr. 11, 2020 2:20:20 P.M. hvl.projectparmorel.modelrepair.QModelFixer fixModel
INFO: 
-----------------ALL SEQUENCES FOUND-------------------
SIZE: 4
DISCARDED SEQUENCES: 21
--------::::B E S T   S E Q U E N C E   I S::::---------
Sequence [id=1, seq=[ErrorAction [Error: 14 The opposite of the opposite may not be a reference different from this one, Action: setEOpposite, Error hierarchy: 1]
, ErrorAction [Error: 441 The name 'null' is not well formed, Action: setName, Error hierarchy: 0]
], weight=350.0]

 with 2 actions.
apr. 11, 2020 2:20:20 P.M. hvl.projectparmorel.knowledge.Knowledge save
INFO: Saving initialized
apr. 11, 2020 2:20:20 P.M. hvl.projectparmorel.knowledge.Knowledge save
INFO: document prepared
apr. 11, 2020 2:20:20 P.M. hvl.projectparmorel.knowledge.Knowledge save
INFO: Saving completed to /Users/Magnus/Skole/DAT300/EclipseWorkspace2/ParmorelRunnable/knowledge.xml
apr. 11, 2020 2:20:20 P.M. hvl.projectparmorel.ecore.EcoreSolution calculateDistanceFromOriginal
INFO: Calculating distance between d13.ecore and differentSelectionMethodsOriginalsparmorel_temp_solution_1_d13.ecore
apr. 11, 2020 2:20:20 P.M. hvl.projectparmorel.ecore.EcoreSolution calculateDistanceFromOriginal
WARNING: Could not calculate the distance between the models.
apr. 11, 2020 2:20:20 P.M. hvl.projectparmorel.ecore.EcoreSolution calculateDistanceFromOriginal
INFO: Calculating distance between d13.ecore and differentSelectionMethodsOriginalsparmorel_temp_solution_2_d13.ecore
apr. 11, 2020 2:20:20 P.M. hvl.projectparmorel.ecore.EcoreSolution calculateDistanceFromOriginal
WARNING: Could not calculate the distance between the models.
apr. 11, 2020 2:20:20 P.M. hvl.projectparmorel.ecore.EcoreSolution calculateDistanceFromOriginal
INFO: Calculating distance between d13.ecore and differentSelectionMethodsOriginalsparmorel_temp_solution_19_d13.ecore
apr. 11, 2020 2:20:20 P.M. hvl.projectparmorel.ecore.EcoreSolution calculateDistanceFromOriginal
WARNING: Could not calculate the distance between the models.
apr. 11, 2020 2:20:20 P.M. hvl.projectparmorel.ecore.EcoreSolution calculateDistanceFromOriginal
INFO: Calculating distance between d13.ecore and differentSelectionMethodsOriginalsparmorel_temp_solution_0_d13.ecore
apr. 11, 2020 2:20:20 P.M. hvl.projectparmorel.ecore.EcoreSolution calculateDistanceFromOriginal
WARNING: Could not calculate the distance between the models.
apr. 11, 2020 2:20:20 P.M. hvl.projectparmorel.knowledge.Knowledge save
INFO: Saving initialized
apr. 11, 2020 2:20:20 P.M. hvl.projectparmorel.knowledge.Knowledge save
INFO: document prepared
apr. 11, 2020 2:20:20 P.M. hvl.projectparmorel.knowledge.Knowledge save
INFO: Saving completed to /Users/Magnus/Skole/DAT300/EclipseWorkspace2/ParmorelRunnable/knowledge.xml
