apr. 11, 2020 2:13:16 P.M. hvl.projectparmorel.modelrepair.QModelFixer fixModel
INFO: Repairing a0.ecore
apr. 11, 2020 2:13:16 P.M. hvl.projectparmorel.modelrepair.QModelFixer fixModel
INFO: Running with preferences [2, 4]
apr. 11, 2020 2:13:16 P.M. hvl.projectparmorel.modelrepair.QModelFixer fixModel
INFO: Initial number of errors in model: 1
Maximum number of steps per episode: 20
Errors to fix: [Error 27, message=An operation with void return type must have an upper bound of 1 not 25
]
apr. 11, 2020 2:13:16 P.M. hvl.projectparmorel.modelrepair.QModelFixer fixModel
INFO: Initializing Q-table for the errors.
apr. 11, 2020 2:13:16 P.M. hvl.projectparmorel.modelrepair.QModelFixer fixModel
INFO: Number of episodes: 25
apr. 11, 2020 2:13:16 P.M. hvl.projectparmorel.modelrepair.QModelFixer handleEpisode
INFO: EPISODE 0, STEP 0, Fixing error 27: An operation with void return type must have an upper bound of 1 not 25
apr. 11, 2020 2:13:16 P.M. hvl.projectparmorel.modelrepair.QModelFixer chooseAction
INFO: Choosing optimal action
apr. 11, 2020 2:13:16 P.M. hvl.projectparmorel.modelrepair.QModelFixer handleStep
INFO: Chose action setUpperBound in context 0 with weight 2547.13295723628
apr. 11, 2020 2:13:16 P.M. hvl.projectparmorel.modelrepair.QModelFixer handleStep
INFO: Calculating new Q-value:
Old Q-value: 2547.13295723628
Alpha: 1.0

Reward: 100
2547.13295723628 + 1.0 * (100 - 2547.13295723628) = 100.0
apr. 11, 2020 2:13:16 P.M. hvl.projectparmorel.modelrepair.QModelFixer handleStep
INFO: Updated Q-table for error 27, context 0, action -969028598 setUpperBound to new weight 100.0
apr. 11, 2020 2:13:16 P.M. hvl.projectparmorel.modelrepair.QModelFixer handleEpisode
INFO: EPISODE 0 TOTAL REWARD 100



apr. 11, 2020 2:13:16 P.M. hvl.projectparmorel.modelrepair.QModelFixer handleEpisode
INFO: EPISODE 1, STEP 0, Fixing error 27: An operation with void return type must have an upper bound of 1 not 25
apr. 11, 2020 2:13:16 P.M. hvl.projectparmorel.modelrepair.QModelFixer chooseAction
INFO: Choosing random action.
apr. 11, 2020 2:13:16 P.M. hvl.projectparmorel.modelrepair.QModelFixer handleStep
INFO: Chose action setEType in context 0 with weight 200.25729151765194
apr. 11, 2020 2:13:16 P.M. hvl.projectparmorel.modelrepair.QModelFixer handleStep
INFO: Calculating new Q-value:
Old Q-value: 200.25729151765194
Alpha: 0.9608333333333333

Reward: 100
200.25729151765194 + 0.9608333333333333 * (100 - 200.25729151765194) = 103.9267439177747
apr. 11, 2020 2:13:16 P.M. hvl.projectparmorel.modelrepair.QModelFixer handleStep
INFO: Updated Q-table for error 27, context 0, action 591449609 setEType to new weight 103.9267439177747
apr. 11, 2020 2:13:16 P.M. hvl.projectparmorel.modelrepair.QModelFixer handleEpisode
INFO: EPISODE 1 TOTAL REWARD 100



apr. 11, 2020 2:13:16 P.M. hvl.projectparmorel.modelrepair.QModelFixer handleEpisode
INFO: EPISODE 2, STEP 0, Fixing error 27: An operation with void return type must have an upper bound of 1 not 25
apr. 11, 2020 2:13:16 P.M. hvl.projectparmorel.modelrepair.QModelFixer chooseAction
INFO: Choosing optimal action
apr. 11, 2020 2:13:16 P.M. hvl.projectparmorel.modelrepair.QModelFixer handleStep
INFO: Chose action setEType in context 0 with weight 103.9267439177747
apr. 11, 2020 2:13:16 P.M. hvl.projectparmorel.modelrepair.QModelFixer handleStep
INFO: Calculating new Q-value:
Old Q-value: 103.9267439177747
Alpha: 0.9216666666666666

Reward: 100
103.9267439177747 + 0.9216666666666666 * (100 - 103.9267439177747) = 100.30759494022568
apr. 11, 2020 2:13:16 P.M. hvl.projectparmorel.modelrepair.QModelFixer handleStep
INFO: Updated Q-table for error 27, context 0, action 591449609 setEType to new weight 100.30759494022568
apr. 11, 2020 2:13:16 P.M. hvl.projectparmorel.modelrepair.QModelFixer handleEpisode
INFO: EPISODE 2 TOTAL REWARD 100



apr. 11, 2020 2:13:16 P.M. hvl.projectparmorel.modelrepair.QModelFixer handleEpisode
INFO: EPISODE 3, STEP 0, Fixing error 27: An operation with void return type must have an upper bound of 1 not 25
apr. 11, 2020 2:13:16 P.M. hvl.projectparmorel.modelrepair.QModelFixer chooseAction
INFO: Choosing optimal action
apr. 11, 2020 2:13:16 P.M. hvl.projectparmorel.modelrepair.QModelFixer handleStep
INFO: Chose action setEType in context 0 with weight 100.30759494022568
apr. 11, 2020 2:13:16 P.M. hvl.projectparmorel.modelrepair.QModelFixer handleStep
INFO: Calculating new Q-value:
Old Q-value: 100.30759494022568
Alpha: 0.8825000000000001

Reward: 100
100.30759494022568 + 0.8825000000000001 * (100 - 100.30759494022568) = 100.03614240547651
apr. 11, 2020 2:13:16 P.M. hvl.projectparmorel.modelrepair.QModelFixer handleStep
INFO: Updated Q-table for error 27, context 0, action 591449609 setEType to new weight 100.03614240547651
apr. 11, 2020 2:13:16 P.M. hvl.projectparmorel.modelrepair.QModelFixer handleEpisode
INFO: EPISODE 3 TOTAL REWARD 100



apr. 11, 2020 2:13:16 P.M. hvl.projectparmorel.modelrepair.QModelFixer handleEpisode
INFO: EPISODE 4, STEP 0, Fixing error 27: An operation with void return type must have an upper bound of 1 not 25
apr. 11, 2020 2:13:16 P.M. hvl.projectparmorel.modelrepair.QModelFixer chooseAction
INFO: Choosing optimal action
apr. 11, 2020 2:13:16 P.M. hvl.projectparmorel.modelrepair.QModelFixer handleStep
INFO: Chose action setEType in context 0 with weight 100.03614240547651
apr. 11, 2020 2:13:16 P.M. hvl.projectparmorel.modelrepair.QModelFixer handleStep
INFO: Calculating new Q-value:
Old Q-value: 100.03614240547651
Alpha: 0.8433333333333334

Reward: 100
100.03614240547651 + 0.8433333333333334 * (100 - 100.03614240547651) = 100.00566231019133
apr. 11, 2020 2:13:16 P.M. hvl.projectparmorel.modelrepair.QModelFixer handleStep
INFO: Updated Q-table for error 27, context 0, action 591449609 setEType to new weight 100.00566231019133
apr. 11, 2020 2:13:16 P.M. hvl.projectparmorel.modelrepair.QModelFixer handleEpisode
INFO: EPISODE 4 TOTAL REWARD 100



apr. 11, 2020 2:13:16 P.M. hvl.projectparmorel.modelrepair.QModelFixer handleEpisode
INFO: EPISODE 5, STEP 0, Fixing error 27: An operation with void return type must have an upper bound of 1 not 25
apr. 11, 2020 2:13:16 P.M. hvl.projectparmorel.modelrepair.QModelFixer chooseAction
INFO: Choosing optimal action
apr. 11, 2020 2:13:16 P.M. hvl.projectparmorel.modelrepair.QModelFixer handleStep
INFO: Chose action setEType in context 0 with weight 100.00566231019133
apr. 11, 2020 2:13:16 P.M. hvl.projectparmorel.modelrepair.QModelFixer handleStep
INFO: Calculating new Q-value:
Old Q-value: 100.00566231019133
Alpha: 0.8041666666666667

Reward: 100
100.00566231019133 + 0.8041666666666667 * (100 - 100.00566231019133) = 100.00110886907913
apr. 11, 2020 2:13:16 P.M. hvl.projectparmorel.modelrepair.QModelFixer handleStep
INFO: Updated Q-table for error 27, context 0, action 591449609 setEType to new weight 100.00110886907913
apr. 11, 2020 2:13:16 P.M. hvl.projectparmorel.modelrepair.QModelFixer handleEpisode
INFO: EPISODE 5 TOTAL REWARD 100



apr. 11, 2020 2:13:16 P.M. hvl.projectparmorel.modelrepair.QModelFixer handleEpisode
INFO: EPISODE 6, STEP 0, Fixing error 27: An operation with void return type must have an upper bound of 1 not 25
apr. 11, 2020 2:13:16 P.M. hvl.projectparmorel.modelrepair.QModelFixer chooseAction
INFO: Choosing optimal action
apr. 11, 2020 2:13:16 P.M. hvl.projectparmorel.modelrepair.QModelFixer handleStep
INFO: Chose action setEType in context 0 with weight 100.00110886907913
apr. 11, 2020 2:13:16 P.M. hvl.projectparmorel.modelrepair.QModelFixer handleStep
INFO: Calculating new Q-value:
Old Q-value: 100.00110886907913
Alpha: 0.765

Reward: 100
100.00110886907913 + 0.765 * (100 - 100.00110886907913) = 100.0002605842336
apr. 11, 2020 2:13:16 P.M. hvl.projectparmorel.modelrepair.QModelFixer handleStep
INFO: Updated Q-table for error 27, context 0, action 591449609 setEType to new weight 100.0002605842336
apr. 11, 2020 2:13:16 P.M. hvl.projectparmorel.modelrepair.QModelFixer handleEpisode
INFO: EPISODE 6 TOTAL REWARD 100



apr. 11, 2020 2:13:16 P.M. hvl.projectparmorel.modelrepair.QModelFixer handleEpisode
INFO: EPISODE 7, STEP 0, Fixing error 27: An operation with void return type must have an upper bound of 1 not 25
apr. 11, 2020 2:13:16 P.M. hvl.projectparmorel.modelrepair.QModelFixer chooseAction
INFO: Choosing optimal action
apr. 11, 2020 2:13:16 P.M. hvl.projectparmorel.modelrepair.QModelFixer handleStep
INFO: Chose action setEType in context 0 with weight 100.0002605842336
apr. 11, 2020 2:13:16 P.M. hvl.projectparmorel.modelrepair.QModelFixer handleStep
INFO: Calculating new Q-value:
Old Q-value: 100.0002605842336
Alpha: 0.7258333333333333

Reward: 100
100.0002605842336 + 0.7258333333333333 * (100 - 100.0002605842336) = 100.0000714435107
apr. 11, 2020 2:13:16 P.M. hvl.projectparmorel.modelrepair.QModelFixer handleStep
INFO: Updated Q-table for error 27, context 0, action 591449609 setEType to new weight 100.0000714435107
apr. 11, 2020 2:13:16 P.M. hvl.projectparmorel.modelrepair.QModelFixer handleEpisode
INFO: EPISODE 7 TOTAL REWARD 100



apr. 11, 2020 2:13:16 P.M. hvl.projectparmorel.modelrepair.QModelFixer handleEpisode
INFO: EPISODE 8, STEP 0, Fixing error 27: An operation with void return type must have an upper bound of 1 not 25
apr. 11, 2020 2:13:16 P.M. hvl.projectparmorel.modelrepair.QModelFixer chooseAction
INFO: Choosing optimal action
apr. 11, 2020 2:13:16 P.M. hvl.projectparmorel.modelrepair.QModelFixer handleStep
INFO: Chose action setEType in context 0 with weight 100.0000714435107
apr. 11, 2020 2:13:16 P.M. hvl.projectparmorel.modelrepair.QModelFixer handleStep
INFO: Calculating new Q-value:
Old Q-value: 100.0000714435107
Alpha: 0.6866666666666668

Reward: 100
100.0000714435107 + 0.6866666666666668 * (100 - 100.0000714435107) = 100.00002238563336
apr. 11, 2020 2:13:16 P.M. hvl.projectparmorel.modelrepair.QModelFixer handleStep
INFO: Updated Q-table for error 27, context 0, action 591449609 setEType to new weight 100.00002238563336
apr. 11, 2020 2:13:16 P.M. hvl.projectparmorel.modelrepair.QModelFixer handleEpisode
INFO: EPISODE 8 TOTAL REWARD 100



apr. 11, 2020 2:13:16 P.M. hvl.projectparmorel.modelrepair.QModelFixer handleEpisode
INFO: EPISODE 9, STEP 0, Fixing error 27: An operation with void return type must have an upper bound of 1 not 25
apr. 11, 2020 2:13:16 P.M. hvl.projectparmorel.modelrepair.QModelFixer chooseAction
INFO: Choosing optimal action
apr. 11, 2020 2:13:16 P.M. hvl.projectparmorel.modelrepair.QModelFixer handleStep
INFO: Chose action setEType in context 0 with weight 100.00002238563336
apr. 11, 2020 2:13:16 P.M. hvl.projectparmorel.modelrepair.QModelFixer handleStep
INFO: Calculating new Q-value:
Old Q-value: 100.00002238563336
Alpha: 0.6475

Reward: 100
100.00002238563336 + 0.6475 * (100 - 100.00002238563336) = 100.00000789093576
apr. 11, 2020 2:13:16 P.M. hvl.projectparmorel.modelrepair.QModelFixer handleStep
INFO: Updated Q-table for error 27, context 0, action 591449609 setEType to new weight 100.00000789093576
apr. 11, 2020 2:13:16 P.M. hvl.projectparmorel.modelrepair.QModelFixer handleEpisode
INFO: EPISODE 9 TOTAL REWARD 100



apr. 11, 2020 2:13:16 P.M. hvl.projectparmorel.modelrepair.QModelFixer handleEpisode
INFO: EPISODE 10, STEP 0, Fixing error 27: An operation with void return type must have an upper bound of 1 not 25
apr. 11, 2020 2:13:16 P.M. hvl.projectparmorel.modelrepair.QModelFixer chooseAction
INFO: Choosing random action.
apr. 11, 2020 2:13:16 P.M. hvl.projectparmorel.modelrepair.QModelFixer handleStep
INFO: Chose action setUpperBound in context 0 with weight 100.0
apr. 11, 2020 2:13:16 P.M. hvl.projectparmorel.modelrepair.QModelFixer handleStep
INFO: Calculating new Q-value:
Old Q-value: 100.0
Alpha: 0.6083333333333334

Reward: 100
100.0 + 0.6083333333333334 * (100 - 100.0) = 100.0
apr. 11, 2020 2:13:16 P.M. hvl.projectparmorel.modelrepair.QModelFixer handleStep
INFO: Updated Q-table for error 27, context 0, action -969028598 setUpperBound to new weight 100.0
apr. 11, 2020 2:13:16 P.M. hvl.projectparmorel.modelrepair.QModelFixer handleEpisode
INFO: EPISODE 10 TOTAL REWARD 100



apr. 11, 2020 2:13:16 P.M. hvl.projectparmorel.modelrepair.QModelFixer handleEpisode
INFO: EPISODE 11, STEP 0, Fixing error 27: An operation with void return type must have an upper bound of 1 not 25
apr. 11, 2020 2:13:16 P.M. hvl.projectparmorel.modelrepair.QModelFixer chooseAction
INFO: Choosing optimal action
apr. 11, 2020 2:13:16 P.M. hvl.projectparmorel.modelrepair.QModelFixer handleStep
INFO: Chose action setEType in context 0 with weight 100.00000789093576
apr. 11, 2020 2:13:16 P.M. hvl.projectparmorel.modelrepair.QModelFixer handleStep
INFO: Calculating new Q-value:
Old Q-value: 100.00000789093576
Alpha: 0.5691666666666666

Reward: 100
100.00000789093576 + 0.5691666666666666 * (100 - 100.00000789093576) = 100.00000339967816
apr. 11, 2020 2:13:16 P.M. hvl.projectparmorel.modelrepair.QModelFixer handleStep
INFO: Updated Q-table for error 27, context 0, action 591449609 setEType to new weight 100.00000339967816
apr. 11, 2020 2:13:16 P.M. hvl.projectparmorel.modelrepair.QModelFixer handleEpisode
INFO: EPISODE 11 TOTAL REWARD 100



apr. 11, 2020 2:13:16 P.M. hvl.projectparmorel.modelrepair.QModelFixer handleEpisode
INFO: EPISODE 12, STEP 0, Fixing error 27: An operation with void return type must have an upper bound of 1 not 25
apr. 11, 2020 2:13:16 P.M. hvl.projectparmorel.modelrepair.QModelFixer chooseAction
INFO: Choosing random action.
apr. 11, 2020 2:13:16 P.M. hvl.projectparmorel.modelrepair.QModelFixer handleStep
INFO: Chose action setUpperBound in context 0 with weight 100.0
apr. 11, 2020 2:13:16 P.M. hvl.projectparmorel.modelrepair.QModelFixer handleStep
INFO: Calculating new Q-value:
Old Q-value: 100.0
Alpha: 0.53

Reward: 100
100.0 + 0.53 * (100 - 100.0) = 100.0
apr. 11, 2020 2:13:16 P.M. hvl.projectparmorel.modelrepair.QModelFixer handleStep
INFO: Updated Q-table for error 27, context 0, action -969028598 setUpperBound to new weight 100.0
apr. 11, 2020 2:13:16 P.M. hvl.projectparmorel.modelrepair.QModelFixer handleEpisode
INFO: EPISODE 12 TOTAL REWARD 100



apr. 11, 2020 2:13:16 P.M. hvl.projectparmorel.modelrepair.QModelFixer handleEpisode
INFO: EPISODE 13, STEP 0, Fixing error 27: An operation with void return type must have an upper bound of 1 not 25
apr. 11, 2020 2:13:16 P.M. hvl.projectparmorel.modelrepair.QModelFixer chooseAction
INFO: Choosing optimal action
apr. 11, 2020 2:13:16 P.M. hvl.projectparmorel.modelrepair.QModelFixer handleStep
INFO: Chose action setEType in context 0 with weight 100.00000339967816
apr. 11, 2020 2:13:16 P.M. hvl.projectparmorel.modelrepair.QModelFixer handleStep
INFO: Calculating new Q-value:
Old Q-value: 100.00000339967816
Alpha: 0.49083333333333334

Reward: 100
100.00000339967816 + 0.49083333333333334 * (100 - 100.00000339967816) = 100.0000017310028
apr. 11, 2020 2:13:16 P.M. hvl.projectparmorel.modelrepair.QModelFixer handleStep
INFO: Updated Q-table for error 27, context 0, action 591449609 setEType to new weight 100.0000017310028
apr. 11, 2020 2:13:16 P.M. hvl.projectparmorel.modelrepair.QModelFixer handleEpisode
INFO: EPISODE 13 TOTAL REWARD 100



apr. 11, 2020 2:13:16 P.M. hvl.projectparmorel.modelrepair.QModelFixer handleEpisode
INFO: EPISODE 14, STEP 0, Fixing error 27: An operation with void return type must have an upper bound of 1 not 25
apr. 11, 2020 2:13:16 P.M. hvl.projectparmorel.modelrepair.QModelFixer chooseAction
INFO: Choosing optimal action
apr. 11, 2020 2:13:16 P.M. hvl.projectparmorel.modelrepair.QModelFixer handleStep
INFO: Chose action setEType in context 0 with weight 100.0000017310028
apr. 11, 2020 2:13:16 P.M. hvl.projectparmorel.modelrepair.QModelFixer handleStep
INFO: Calculating new Q-value:
Old Q-value: 100.0000017310028
Alpha: 0.45166666666666666

Reward: 100
100.0000017310028 + 0.45166666666666666 * (100 - 100.0000017310028) = 100.00000094916653
apr. 11, 2020 2:13:16 P.M. hvl.projectparmorel.modelrepair.QModelFixer handleStep
INFO: Updated Q-table for error 27, context 0, action 591449609 setEType to new weight 100.00000094916653
apr. 11, 2020 2:13:16 P.M. hvl.projectparmorel.modelrepair.QModelFixer handleEpisode
INFO: EPISODE 14 TOTAL REWARD 100



apr. 11, 2020 2:13:16 P.M. hvl.projectparmorel.modelrepair.QModelFixer handleEpisode
INFO: EPISODE 15, STEP 0, Fixing error 27: An operation with void return type must have an upper bound of 1 not 25
apr. 11, 2020 2:13:16 P.M. hvl.projectparmorel.modelrepair.QModelFixer chooseAction
INFO: Choosing optimal action
apr. 11, 2020 2:13:16 P.M. hvl.projectparmorel.modelrepair.QModelFixer handleStep
INFO: Chose action setEType in context 0 with weight 100.00000094916653
apr. 11, 2020 2:13:16 P.M. hvl.projectparmorel.modelrepair.QModelFixer handleStep
INFO: Calculating new Q-value:
Old Q-value: 100.00000094916653
Alpha: 0.4125

Reward: 100
100.00000094916653 + 0.4125 * (100 - 100.00000094916653) = 100.00000055763533
apr. 11, 2020 2:13:16 P.M. hvl.projectparmorel.modelrepair.QModelFixer handleStep
INFO: Updated Q-table for error 27, context 0, action 591449609 setEType to new weight 100.00000055763533
apr. 11, 2020 2:13:16 P.M. hvl.projectparmorel.modelrepair.QModelFixer handleEpisode
INFO: EPISODE 15 TOTAL REWARD 100



apr. 11, 2020 2:13:16 P.M. hvl.projectparmorel.modelrepair.QModelFixer handleEpisode
INFO: EPISODE 16, STEP 0, Fixing error 27: An operation with void return type must have an upper bound of 1 not 25
apr. 11, 2020 2:13:16 P.M. hvl.projectparmorel.modelrepair.QModelFixer chooseAction
INFO: Choosing optimal action
apr. 11, 2020 2:13:16 P.M. hvl.projectparmorel.modelrepair.QModelFixer handleStep
INFO: Chose action setEType in context 0 with weight 100.00000055763533
apr. 11, 2020 2:13:16 P.M. hvl.projectparmorel.modelrepair.QModelFixer handleStep
INFO: Calculating new Q-value:
Old Q-value: 100.00000055763533
Alpha: 0.3733333333333334

Reward: 100
100.00000055763533 + 0.3733333333333334 * (100 - 100.00000055763533) = 100.00000034945147
apr. 11, 2020 2:13:16 P.M. hvl.projectparmorel.modelrepair.QModelFixer handleStep
INFO: Updated Q-table for error 27, context 0, action 591449609 setEType to new weight 100.00000034945147
apr. 11, 2020 2:13:16 P.M. hvl.projectparmorel.modelrepair.QModelFixer handleEpisode
INFO: EPISODE 16 TOTAL REWARD 100



apr. 11, 2020 2:13:16 P.M. hvl.projectparmorel.modelrepair.QModelFixer handleEpisode
INFO: EPISODE 17, STEP 0, Fixing error 27: An operation with void return type must have an upper bound of 1 not 25
apr. 11, 2020 2:13:16 P.M. hvl.projectparmorel.modelrepair.QModelFixer chooseAction
INFO: Choosing random action.
apr. 11, 2020 2:13:16 P.M. hvl.projectparmorel.modelrepair.QModelFixer handleStep
INFO: Chose action setUpperBound in context 0 with weight 100.0
apr. 11, 2020 2:13:16 P.M. hvl.projectparmorel.modelrepair.QModelFixer handleStep
INFO: Calculating new Q-value:
Old Q-value: 100.0
Alpha: 0.3341666666666667

Reward: 100
100.0 + 0.3341666666666667 * (100 - 100.0) = 100.0
apr. 11, 2020 2:13:16 P.M. hvl.projectparmorel.modelrepair.QModelFixer handleStep
INFO: Updated Q-table for error 27, context 0, action -969028598 setUpperBound to new weight 100.0
apr. 11, 2020 2:13:16 P.M. hvl.projectparmorel.modelrepair.QModelFixer handleEpisode
INFO: EPISODE 17 TOTAL REWARD 100



apr. 11, 2020 2:13:16 P.M. hvl.projectparmorel.modelrepair.QModelFixer handleEpisode
INFO: EPISODE 18, STEP 0, Fixing error 27: An operation with void return type must have an upper bound of 1 not 25
apr. 11, 2020 2:13:16 P.M. hvl.projectparmorel.modelrepair.QModelFixer chooseAction
INFO: Choosing optimal action
apr. 11, 2020 2:13:16 P.M. hvl.projectparmorel.modelrepair.QModelFixer handleStep
INFO: Chose action setEType in context 0 with weight 100.00000034945147
apr. 11, 2020 2:13:16 P.M. hvl.projectparmorel.modelrepair.QModelFixer handleStep
INFO: Calculating new Q-value:
Old Q-value: 100.00000034945147
Alpha: 0.29500000000000004

Reward: 100
100.00000034945147 + 0.29500000000000004 * (100 - 100.00000034945147) = 100.00000024636329
apr. 11, 2020 2:13:16 P.M. hvl.projectparmorel.modelrepair.QModelFixer handleStep
INFO: Updated Q-table for error 27, context 0, action 591449609 setEType to new weight 100.00000024636329
apr. 11, 2020 2:13:16 P.M. hvl.projectparmorel.modelrepair.QModelFixer handleEpisode
INFO: EPISODE 18 TOTAL REWARD 100



apr. 11, 2020 2:13:16 P.M. hvl.projectparmorel.modelrepair.QModelFixer handleEpisode
INFO: EPISODE 19, STEP 0, Fixing error 27: An operation with void return type must have an upper bound of 1 not 25
apr. 11, 2020 2:13:16 P.M. hvl.projectparmorel.modelrepair.QModelFixer chooseAction
INFO: Choosing optimal action
apr. 11, 2020 2:13:16 P.M. hvl.projectparmorel.modelrepair.QModelFixer handleStep
INFO: Chose action setEType in context 0 with weight 100.00000024636329
apr. 11, 2020 2:13:16 P.M. hvl.projectparmorel.modelrepair.QModelFixer handleStep
INFO: Calculating new Q-value:
Old Q-value: 100.00000024636329
Alpha: 0.25583333333333336

Reward: 100
100.00000024636329 + 0.25583333333333336 * (100 - 100.00000024636329) = 100.00000018333535
apr. 11, 2020 2:13:16 P.M. hvl.projectparmorel.modelrepair.QModelFixer handleStep
INFO: Updated Q-table for error 27, context 0, action 591449609 setEType to new weight 100.00000018333535
apr. 11, 2020 2:13:16 P.M. hvl.projectparmorel.modelrepair.QModelFixer handleEpisode
INFO: EPISODE 19 TOTAL REWARD 100



apr. 11, 2020 2:13:16 P.M. hvl.projectparmorel.modelrepair.QModelFixer handleEpisode
INFO: EPISODE 20, STEP 0, Fixing error 27: An operation with void return type must have an upper bound of 1 not 25
apr. 11, 2020 2:13:16 P.M. hvl.projectparmorel.modelrepair.QModelFixer chooseAction
INFO: Choosing optimal action
apr. 11, 2020 2:13:16 P.M. hvl.projectparmorel.modelrepair.QModelFixer handleStep
INFO: Chose action setEType in context 0 with weight 100.00000018333535
apr. 11, 2020 2:13:16 P.M. hvl.projectparmorel.modelrepair.QModelFixer handleStep
INFO: Calculating new Q-value:
Old Q-value: 100.00000018333535
Alpha: 0.21666666666666679

Reward: 100
100.00000018333535 + 0.21666666666666679 * (100 - 100.00000018333535) = 100.00000014361268
apr. 11, 2020 2:13:16 P.M. hvl.projectparmorel.modelrepair.QModelFixer handleStep
INFO: Updated Q-table for error 27, context 0, action 591449609 setEType to new weight 100.00000014361268
apr. 11, 2020 2:13:16 P.M. hvl.projectparmorel.modelrepair.QModelFixer handleEpisode
INFO: EPISODE 20 TOTAL REWARD 100



apr. 11, 2020 2:13:16 P.M. hvl.projectparmorel.modelrepair.QModelFixer handleEpisode
INFO: EPISODE 21, STEP 0, Fixing error 27: An operation with void return type must have an upper bound of 1 not 25
apr. 11, 2020 2:13:16 P.M. hvl.projectparmorel.modelrepair.QModelFixer chooseAction
INFO: Choosing optimal action
apr. 11, 2020 2:13:16 P.M. hvl.projectparmorel.modelrepair.QModelFixer handleStep
INFO: Chose action setEType in context 0 with weight 100.00000014361268
apr. 11, 2020 2:13:16 P.M. hvl.projectparmorel.modelrepair.QModelFixer handleStep
INFO: Calculating new Q-value:
Old Q-value: 100.00000014361268
Alpha: 0.1775000000000001

Reward: 100
100.00000014361268 + 0.1775000000000001 * (100 - 100.00000014361268) = 100.00000011812143
apr. 11, 2020 2:13:16 P.M. hvl.projectparmorel.modelrepair.QModelFixer handleStep
INFO: Updated Q-table for error 27, context 0, action 591449609 setEType to new weight 100.00000011812143
apr. 11, 2020 2:13:16 P.M. hvl.projectparmorel.modelrepair.QModelFixer handleEpisode
INFO: EPISODE 21 TOTAL REWARD 100



apr. 11, 2020 2:13:16 P.M. hvl.projectparmorel.modelrepair.QModelFixer handleEpisode
INFO: EPISODE 22, STEP 0, Fixing error 27: An operation with void return type must have an upper bound of 1 not 25
apr. 11, 2020 2:13:16 P.M. hvl.projectparmorel.modelrepair.QModelFixer chooseAction
INFO: Choosing optimal action
apr. 11, 2020 2:13:16 P.M. hvl.projectparmorel.modelrepair.QModelFixer handleStep
INFO: Chose action setEType in context 0 with weight 100.00000011812143
apr. 11, 2020 2:13:16 P.M. hvl.projectparmorel.modelrepair.QModelFixer handleStep
INFO: Calculating new Q-value:
Old Q-value: 100.00000011812143
Alpha: 0.1383333333333333

Reward: 100
100.00000011812143 + 0.1383333333333333 * (100 - 100.00000011812143) = 100.0000001017813
apr. 11, 2020 2:13:16 P.M. hvl.projectparmorel.modelrepair.QModelFixer handleStep
INFO: Updated Q-table for error 27, context 0, action 591449609 setEType to new weight 100.0000001017813
apr. 11, 2020 2:13:16 P.M. hvl.projectparmorel.modelrepair.QModelFixer handleEpisode
INFO: EPISODE 22 TOTAL REWARD 100



apr. 11, 2020 2:13:16 P.M. hvl.projectparmorel.modelrepair.QModelFixer handleEpisode
INFO: EPISODE 23, STEP 0, Fixing error 27: An operation with void return type must have an upper bound of 1 not 25
apr. 11, 2020 2:13:16 P.M. hvl.projectparmorel.modelrepair.QModelFixer chooseAction
INFO: Choosing optimal action
apr. 11, 2020 2:13:16 P.M. hvl.projectparmorel.modelrepair.QModelFixer handleStep
INFO: Chose action setEType in context 0 with weight 100.0000001017813
apr. 11, 2020 2:13:16 P.M. hvl.projectparmorel.modelrepair.QModelFixer handleStep
INFO: Calculating new Q-value:
Old Q-value: 100.0000001017813
Alpha: 0.09916666666666674

Reward: 100
100.0000001017813 + 0.09916666666666674 * (100 - 100.0000001017813) = 100.00000009168798
apr. 11, 2020 2:13:16 P.M. hvl.projectparmorel.modelrepair.QModelFixer handleStep
INFO: Updated Q-table for error 27, context 0, action 591449609 setEType to new weight 100.00000009168798
apr. 11, 2020 2:13:16 P.M. hvl.projectparmorel.modelrepair.QModelFixer handleEpisode
INFO: EPISODE 23 TOTAL REWARD 100



apr. 11, 2020 2:13:16 P.M. hvl.projectparmorel.modelrepair.QModelFixer handleEpisode
INFO: EPISODE 24, STEP 0, Fixing error 27: An operation with void return type must have an upper bound of 1 not 25
apr. 11, 2020 2:13:16 P.M. hvl.projectparmorel.modelrepair.QModelFixer chooseAction
INFO: Choosing optimal action
apr. 11, 2020 2:13:16 P.M. hvl.projectparmorel.modelrepair.QModelFixer handleStep
INFO: Chose action setEType in context 0 with weight 100.00000009168798
apr. 11, 2020 2:13:16 P.M. hvl.projectparmorel.modelrepair.QModelFixer handleStep
INFO: Calculating new Q-value:
Old Q-value: 100.00000009168798
Alpha: 0.06000000000000005

Reward: 100
100.00000009168798 + 0.06000000000000005 * (100 - 100.00000009168798) = 100.0000000861867
apr. 11, 2020 2:13:16 P.M. hvl.projectparmorel.modelrepair.QModelFixer handleStep
INFO: Updated Q-table for error 27, context 0, action 591449609 setEType to new weight 100.0000000861867
apr. 11, 2020 2:13:16 P.M. hvl.projectparmorel.modelrepair.QModelFixer handleEpisode
INFO: EPISODE 24 TOTAL REWARD 100



apr. 11, 2020 2:13:16 P.M. hvl.projectparmorel.modelrepair.QModelFixer fixModel
INFO: Time repairing model: 206 ms
apr. 11, 2020 2:13:16 P.M. hvl.projectparmorel.modelrepair.QModelFixer fixModel
INFO: 
-----------------ALL SEQUENCES FOUND-------------------
SIZE: 2
DISCARDED SEQUENCES: 23
--------::::B E S T   S E Q U E N C E   I S::::---------
Sequence [id=0, seq=[ErrorAction [Error: 27 An operation with void return type must have an upper bound of 1 not 25, Action: setUpperBound, Error hierarchy: 0]
], weight=100.0]

 with 1 actions.
apr. 11, 2020 2:13:16 P.M. hvl.projectparmorel.knowledge.Knowledge save
INFO: Saving initialized
apr. 11, 2020 2:13:16 P.M. hvl.projectparmorel.knowledge.Knowledge save
INFO: document prepared
apr. 11, 2020 2:13:16 P.M. hvl.projectparmorel.knowledge.Knowledge save
INFO: Saving completed to /Users/Magnus/Skole/DAT300/EclipseWorkspace2/ParmorelRunnable/knowledge.xml
apr. 11, 2020 2:13:16 P.M. hvl.projectparmorel.knowledge.Knowledge save
INFO: Saving initialized
apr. 11, 2020 2:13:16 P.M. hvl.projectparmorel.knowledge.Knowledge save
INFO: document prepared
apr. 11, 2020 2:13:16 P.M. hvl.projectparmorel.knowledge.Knowledge save
INFO: Saving completed to /Users/Magnus/Skole/DAT300/EclipseWorkspace2/ParmorelRunnable/knowledge.xml
