mai 06, 2020 12:25:23 P.M. hvl.projectparmorel.qlearning.QModelFixer fixModel
INFO: Repairing eclectic.frontend.ecore
mai 06, 2020 12:25:23 P.M. hvl.projectparmorel.qlearning.QModelFixer fixModel
INFO: Running with preferences [PREFER_CLOSE_DISTANCE_TO_ORIGINAL, PREFER_REUSE]
mai 06, 2020 12:25:23 P.M. hvl.projectparmorel.qlearning.QModelFixer fixModel
INFO: Initial number of errors in model: 2
Maximum number of steps per episode: 12
Errors to fix: [Error 38, message=The default value literal '0' must be a valid literal of the attribute's type in package 0
, Error 38, message=The default value literal '0' must be a valid literal of the attribute's type in package 0
]
mai 06, 2020 12:25:23 P.M. hvl.projectparmorel.qlearning.QModelFixer fixModel
INFO: Initializing Q-table for the errors.
mai 06, 2020 12:25:23 P.M. hvl.projectparmorel.qlearning.QModelFixer fixModel
INFO: Number of episodes: 25
mai 06, 2020 12:25:23 P.M. hvl.projectparmorel.qlearning.QModelFixer handleEpisode
INFO: EPISODE 0, STEP 0, Fixing error 38: The default value literal '0' must be a valid literal of the attribute's type
mai 06, 2020 12:25:23 P.M. hvl.projectparmorel.qlearning.QModelFixer chooseAction
INFO: Choosing optimal action
mai 06, 2020 12:25:23 P.M. hvl.projectparmorel.qlearning.QModelFixer handleStep
INFO: Chose action setDefaultValueLiteralGen in context 0 with weight 300.19512194
mai 06, 2020 12:25:23 P.M. hvl.projectparmorel.qlearning.QModelFixer updateQTable
INFO: Calculating new Q-value:
Old Q-value: 300.19512194
Alpha: 1.0
Gamma:1.0

Reward: -2
300.19512194 + 1.0 * (-2 + 1.0 - 300.19512194) = -1.0
mai 06, 2020 12:25:23 P.M. hvl.projectparmorel.qlearning.QModelFixer updateQTable
INFO: Updated Q-table for error 38, context 0, action -2078906332 to new weight -1.0
mai 06, 2020 12:25:34 P.M. hvl.projectparmorel.ecore.EcoreSolution calculateDistanceFromOriginal
INFO: Calculated the distance between the models to 100.0
mai 06, 2020 12:25:34 P.M. hvl.projectparmorel.reward.PreferCloseDinstanceToOriginalPreference rewardcalculateRewardFor
INFO: Time to measure distance: 10950 ms
mai 06, 2020 12:25:34 P.M. hvl.projectparmorel.qlearning.QModelFixer updateQTable
INFO: Calculating new Q-value:
Old Q-value: -1.0
Alpha: 1.0
Gamma:1.0

Reward: 100
-1.0 + 1.0 * (100 + 1.0 - -1.0) = 101.0
mai 06, 2020 12:25:34 P.M. hvl.projectparmorel.qlearning.QModelFixer updateQTable
INFO: Updated Q-table for error 38, context 0, action -2078906332 to new weight 101.0
mai 06, 2020 12:25:36 P.M. hvl.projectparmorel.reward.PreferReuse rewardcalculateRewardFor
INFO: Time to get metric: 2021 ms
mai 06, 2020 12:25:36 P.M. hvl.projectparmorel.qlearning.QModelFixer fixModel
INFO: Solution added to possible solitons: [ErrorAction [Error: 38 The default value literal '0' must be a valid literal of the attribute's type, Action: setDefaultValueLiteralGen, Error hierarchy: 0]
]
mai 06, 2020 12:25:36 P.M. hvl.projectparmorel.qlearning.QModelFixer fixModel
INFO: EPISODE 0 TOTAL REWARD 98.0



mai 06, 2020 12:25:36 P.M. hvl.projectparmorel.qlearning.QModelFixer handleEpisode
INFO: EPISODE 1, STEP 0, Fixing error 38: The default value literal '0' must be a valid literal of the attribute's type
mai 06, 2020 12:25:36 P.M. hvl.projectparmorel.qlearning.QModelFixer chooseAction
INFO: Choosing optimal action
mai 06, 2020 12:25:36 P.M. hvl.projectparmorel.qlearning.QModelFixer handleStep
INFO: Chose action setDefaultValueLiteralGen in context 0 with weight 0.6703297
mai 06, 2020 12:25:36 P.M. hvl.projectparmorel.qlearning.QModelFixer updateQTable
INFO: Calculating new Q-value:
Old Q-value: 0.6703297
Alpha: 1.0
Gamma:1.0

Reward: -2
0.6703297 + 1.0 * (-2 + 1.0 - 0.6703297) = -0.9999999999999999
mai 06, 2020 12:25:36 P.M. hvl.projectparmorel.qlearning.QModelFixer updateQTable
INFO: Updated Q-table for error 38, context 0, action -2078906332 to new weight -0.9999999999999999
mai 06, 2020 12:25:50 P.M. hvl.projectparmorel.ecore.EcoreSolution calculateDistanceFromOriginal
INFO: Calculated the distance between the models to 100.0
mai 06, 2020 12:25:50 P.M. hvl.projectparmorel.reward.PreferCloseDinstanceToOriginalPreference rewardcalculateRewardFor
INFO: Time to measure distance: 13686 ms
mai 06, 2020 12:25:50 P.M. hvl.projectparmorel.qlearning.QModelFixer updateQTable
INFO: Calculating new Q-value:
Old Q-value: -0.9999999999999999
Alpha: 1.0
Gamma:1.0

Reward: 100
-0.9999999999999999 + 1.0 * (100 + 1.0 - -0.9999999999999999) = 101.0
mai 06, 2020 12:25:50 P.M. hvl.projectparmorel.qlearning.QModelFixer updateQTable
INFO: Updated Q-table for error 38, context 0, action -2078906332 to new weight 101.0
mai 06, 2020 12:25:52 P.M. hvl.projectparmorel.reward.PreferReuse rewardcalculateRewardFor
INFO: Time to get metric: 2006 ms
mai 06, 2020 12:25:52 P.M. hvl.projectparmorel.qlearning.QModelFixer isUnique
INFO: Solution [ErrorAction [Error: 38 The default value literal '0' must be a valid literal of the attribute's type, Action: setDefaultValueLiteralGen, Error hierarchy: 0]
] already exists.
mai 06, 2020 12:25:52 P.M. hvl.projectparmorel.qlearning.QModelFixer fixModel
INFO: Solution discarded.
mai 06, 2020 12:25:52 P.M. hvl.projectparmorel.qlearning.QModelFixer fixModel
INFO: EPISODE 1 TOTAL REWARD 98.0



mai 06, 2020 12:25:52 P.M. hvl.projectparmorel.qlearning.QModelFixer handleEpisode
INFO: EPISODE 2, STEP 0, Fixing error 38: The default value literal '0' must be a valid literal of the attribute's type
mai 06, 2020 12:25:52 P.M. hvl.projectparmorel.qlearning.QModelFixer chooseAction
INFO: Choosing optimal action
mai 06, 2020 12:25:52 P.M. hvl.projectparmorel.qlearning.QModelFixer handleStep
INFO: Chose action setDefaultValueLiteralGen in context 0 with weight 0.6703297
mai 06, 2020 12:25:52 P.M. hvl.projectparmorel.qlearning.QModelFixer updateQTable
INFO: Calculating new Q-value:
Old Q-value: 0.6703297
Alpha: 1.0
Gamma:1.0

Reward: -2
0.6703297 + 1.0 * (-2 + 1.0 - 0.6703297) = -0.9999999999999999
mai 06, 2020 12:25:52 P.M. hvl.projectparmorel.qlearning.QModelFixer updateQTable
INFO: Updated Q-table for error 38, context 0, action -2078906332 to new weight -0.9999999999999999
mai 06, 2020 12:26:06 P.M. hvl.projectparmorel.ecore.EcoreSolution calculateDistanceFromOriginal
INFO: Calculated the distance between the models to 100.0
mai 06, 2020 12:26:06 P.M. hvl.projectparmorel.reward.PreferCloseDinstanceToOriginalPreference rewardcalculateRewardFor
INFO: Time to measure distance: 14875 ms
mai 06, 2020 12:26:06 P.M. hvl.projectparmorel.qlearning.QModelFixer updateQTable
INFO: Calculating new Q-value:
Old Q-value: -0.9999999999999999
Alpha: 1.0
Gamma:1.0

Reward: 100
-0.9999999999999999 + 1.0 * (100 + 1.0 - -0.9999999999999999) = 101.0
mai 06, 2020 12:26:06 P.M. hvl.projectparmorel.qlearning.QModelFixer updateQTable
INFO: Updated Q-table for error 38, context 0, action -2078906332 to new weight 101.0
mai 06, 2020 12:26:08 P.M. hvl.projectparmorel.reward.PreferReuse rewardcalculateRewardFor
INFO: Time to get metric: 1945 ms
mai 06, 2020 12:26:08 P.M. hvl.projectparmorel.qlearning.QModelFixer isUnique
INFO: Solution [ErrorAction [Error: 38 The default value literal '0' must be a valid literal of the attribute's type, Action: setDefaultValueLiteralGen, Error hierarchy: 0]
] already exists.
mai 06, 2020 12:26:08 P.M. hvl.projectparmorel.qlearning.QModelFixer fixModel
INFO: Solution discarded.
mai 06, 2020 12:26:08 P.M. hvl.projectparmorel.qlearning.QModelFixer fixModel
INFO: EPISODE 2 TOTAL REWARD 98.0



mai 06, 2020 12:26:08 P.M. hvl.projectparmorel.qlearning.QModelFixer handleEpisode
INFO: EPISODE 3, STEP 0, Fixing error 38: The default value literal '0' must be a valid literal of the attribute's type
mai 06, 2020 12:26:08 P.M. hvl.projectparmorel.qlearning.QModelFixer chooseAction
INFO: Choosing optimal action
mai 06, 2020 12:26:08 P.M. hvl.projectparmorel.qlearning.QModelFixer handleStep
INFO: Chose action setDefaultValueLiteralGen in context 0 with weight 0.6703297
mai 06, 2020 12:26:08 P.M. hvl.projectparmorel.qlearning.QModelFixer updateQTable
INFO: Calculating new Q-value:
Old Q-value: 0.6703297
Alpha: 1.0
Gamma:1.0

Reward: -2
0.6703297 + 1.0 * (-2 + 1.0 - 0.6703297) = -0.9999999999999999
mai 06, 2020 12:26:08 P.M. hvl.projectparmorel.qlearning.QModelFixer updateQTable
INFO: Updated Q-table for error 38, context 0, action -2078906332 to new weight -0.9999999999999999
mai 06, 2020 12:26:33 P.M. hvl.projectparmorel.ecore.EcoreSolution calculateDistanceFromOriginal
INFO: Calculated the distance between the models to 100.0
mai 06, 2020 12:26:33 P.M. hvl.projectparmorel.reward.PreferCloseDinstanceToOriginalPreference rewardcalculateRewardFor
INFO: Time to measure distance: 24897 ms
mai 06, 2020 12:26:33 P.M. hvl.projectparmorel.qlearning.QModelFixer updateQTable
INFO: Calculating new Q-value:
Old Q-value: -0.9999999999999999
Alpha: 1.0
Gamma:1.0

Reward: 100
-0.9999999999999999 + 1.0 * (100 + 1.0 - -0.9999999999999999) = 101.0
mai 06, 2020 12:26:33 P.M. hvl.projectparmorel.qlearning.QModelFixer updateQTable
INFO: Updated Q-table for error 38, context 0, action -2078906332 to new weight 101.0
mai 06, 2020 12:26:35 P.M. hvl.projectparmorel.reward.PreferReuse rewardcalculateRewardFor
INFO: Time to get metric: 2102 ms
mai 06, 2020 12:26:35 P.M. hvl.projectparmorel.qlearning.QModelFixer isUnique
INFO: Solution [ErrorAction [Error: 38 The default value literal '0' must be a valid literal of the attribute's type, Action: setDefaultValueLiteralGen, Error hierarchy: 0]
] already exists.
mai 06, 2020 12:26:35 P.M. hvl.projectparmorel.qlearning.QModelFixer fixModel
INFO: Solution discarded.
mai 06, 2020 12:26:35 P.M. hvl.projectparmorel.qlearning.QModelFixer fixModel
INFO: EPISODE 3 TOTAL REWARD 98.0



mai 06, 2020 12:26:35 P.M. hvl.projectparmorel.qlearning.QModelFixer handleEpisode
INFO: EPISODE 4, STEP 0, Fixing error 38: The default value literal '0' must be a valid literal of the attribute's type
mai 06, 2020 12:26:35 P.M. hvl.projectparmorel.qlearning.QModelFixer chooseAction
INFO: Choosing random action.
mai 06, 2020 12:26:35 P.M. hvl.projectparmorel.qlearning.QModelFixer handleStep
INFO: Chose action setDefaultValueLiteral in context 0 with weight 0.19512194
mai 06, 2020 12:26:35 P.M. hvl.projectparmorel.qlearning.QModelFixer updateQTable
INFO: Calculating new Q-value:
Old Q-value: 0.19512194
Alpha: 1.0
Gamma:1.0

Reward: -2
0.19512194 + 1.0 * (-2 + 1.0 - 0.19512194) = -1.0
mai 06, 2020 12:26:35 P.M. hvl.projectparmorel.qlearning.QModelFixer updateQTable
INFO: Updated Q-table for error 38, context 0, action 1999964618 to new weight -1.0
mai 06, 2020 12:26:50 P.M. hvl.projectparmorel.ecore.EcoreSolution calculateDistanceFromOriginal
INFO: Calculated the distance between the models to 100.0
mai 06, 2020 12:26:50 P.M. hvl.projectparmorel.reward.PreferCloseDinstanceToOriginalPreference rewardcalculateRewardFor
INFO: Time to measure distance: 14193 ms
mai 06, 2020 12:26:50 P.M. hvl.projectparmorel.qlearning.QModelFixer updateQTable
INFO: Calculating new Q-value:
Old Q-value: -1.0
Alpha: 1.0
Gamma:1.0

Reward: 100
-1.0 + 1.0 * (100 + 1.0 - -1.0) = 101.0
mai 06, 2020 12:26:50 P.M. hvl.projectparmorel.qlearning.QModelFixer updateQTable
INFO: Updated Q-table for error 38, context 0, action 1999964618 to new weight 101.0
mai 06, 2020 12:26:52 P.M. hvl.projectparmorel.reward.PreferReuse rewardcalculateRewardFor
INFO: Time to get metric: 2102 ms
mai 06, 2020 12:26:52 P.M. hvl.projectparmorel.qlearning.QModelFixer fixModel
INFO: Solution added to possible solitons: [ErrorAction [Error: 38 The default value literal '0' must be a valid literal of the attribute's type, Action: setDefaultValueLiteral, Error hierarchy: 0]
]
mai 06, 2020 12:26:52 P.M. hvl.projectparmorel.qlearning.QModelFixer fixModel
INFO: EPISODE 4 TOTAL REWARD 98.0



mai 06, 2020 12:26:52 P.M. hvl.projectparmorel.qlearning.QModelFixer handleEpisode
INFO: EPISODE 5, STEP 0, Fixing error 38: The default value literal '0' must be a valid literal of the attribute's type
mai 06, 2020 12:26:52 P.M. hvl.projectparmorel.qlearning.QModelFixer chooseAction
INFO: Choosing optimal action
mai 06, 2020 12:26:52 P.M. hvl.projectparmorel.qlearning.QModelFixer handleStep
INFO: Chose action setDefaultValueLiteralGen in context 0 with weight 0.6703297
mai 06, 2020 12:26:52 P.M. hvl.projectparmorel.qlearning.QModelFixer updateQTable
INFO: Calculating new Q-value:
Old Q-value: 0.6703297
Alpha: 1.0
Gamma:1.0

Reward: -2
0.6703297 + 1.0 * (-2 + 1.0 - 0.6703297) = -0.9999999999999999
mai 06, 2020 12:26:52 P.M. hvl.projectparmorel.qlearning.QModelFixer updateQTable
INFO: Updated Q-table for error 38, context 0, action -2078906332 to new weight -0.9999999999999999
mai 06, 2020 12:27:16 P.M. hvl.projectparmorel.ecore.EcoreSolution calculateDistanceFromOriginal
INFO: Calculated the distance between the models to 100.0
mai 06, 2020 12:27:16 P.M. hvl.projectparmorel.reward.PreferCloseDinstanceToOriginalPreference rewardcalculateRewardFor
INFO: Time to measure distance: 24491 ms
mai 06, 2020 12:27:16 P.M. hvl.projectparmorel.qlearning.QModelFixer updateQTable
INFO: Calculating new Q-value:
Old Q-value: -0.9999999999999999
Alpha: 1.0
Gamma:1.0

Reward: 100
-0.9999999999999999 + 1.0 * (100 + 1.0 - -0.9999999999999999) = 101.0
mai 06, 2020 12:27:16 P.M. hvl.projectparmorel.qlearning.QModelFixer updateQTable
INFO: Updated Q-table for error 38, context 0, action -2078906332 to new weight 101.0
mai 06, 2020 12:27:18 P.M. hvl.projectparmorel.reward.PreferReuse rewardcalculateRewardFor
INFO: Time to get metric: 1966 ms
mai 06, 2020 12:27:18 P.M. hvl.projectparmorel.qlearning.QModelFixer isUnique
INFO: Solution [ErrorAction [Error: 38 The default value literal '0' must be a valid literal of the attribute's type, Action: setDefaultValueLiteralGen, Error hierarchy: 0]
] already exists.
mai 06, 2020 12:27:18 P.M. hvl.projectparmorel.qlearning.QModelFixer fixModel
INFO: Solution discarded.
mai 06, 2020 12:27:18 P.M. hvl.projectparmorel.qlearning.QModelFixer fixModel
INFO: EPISODE 5 TOTAL REWARD 98.0



mai 06, 2020 12:27:18 P.M. hvl.projectparmorel.qlearning.QModelFixer handleEpisode
INFO: EPISODE 6, STEP 0, Fixing error 38: The default value literal '0' must be a valid literal of the attribute's type
mai 06, 2020 12:27:18 P.M. hvl.projectparmorel.qlearning.QModelFixer chooseAction
INFO: Choosing optimal action
mai 06, 2020 12:27:18 P.M. hvl.projectparmorel.qlearning.QModelFixer handleStep
INFO: Chose action setDefaultValueLiteralGen in context 0 with weight 0.6703297
mai 06, 2020 12:27:18 P.M. hvl.projectparmorel.qlearning.QModelFixer updateQTable
INFO: Calculating new Q-value:
Old Q-value: 0.6703297
Alpha: 1.0
Gamma:1.0

Reward: -2
0.6703297 + 1.0 * (-2 + 1.0 - 0.6703297) = -0.9999999999999999
mai 06, 2020 12:27:18 P.M. hvl.projectparmorel.qlearning.QModelFixer updateQTable
INFO: Updated Q-table for error 38, context 0, action -2078906332 to new weight -0.9999999999999999
mai 06, 2020 12:27:32 P.M. hvl.projectparmorel.ecore.EcoreSolution calculateDistanceFromOriginal
INFO: Calculated the distance between the models to 100.0
mai 06, 2020 12:27:32 P.M. hvl.projectparmorel.reward.PreferCloseDinstanceToOriginalPreference rewardcalculateRewardFor
INFO: Time to measure distance: 13892 ms
mai 06, 2020 12:27:32 P.M. hvl.projectparmorel.qlearning.QModelFixer updateQTable
INFO: Calculating new Q-value:
Old Q-value: -0.9999999999999999
Alpha: 1.0
Gamma:1.0

Reward: 100
-0.9999999999999999 + 1.0 * (100 + 1.0 - -0.9999999999999999) = 101.0
mai 06, 2020 12:27:32 P.M. hvl.projectparmorel.qlearning.QModelFixer updateQTable
INFO: Updated Q-table for error 38, context 0, action -2078906332 to new weight 101.0
mai 06, 2020 12:27:34 P.M. hvl.projectparmorel.reward.PreferReuse rewardcalculateRewardFor
INFO: Time to get metric: 2085 ms
mai 06, 2020 12:27:34 P.M. hvl.projectparmorel.qlearning.QModelFixer isUnique
INFO: Solution [ErrorAction [Error: 38 The default value literal '0' must be a valid literal of the attribute's type, Action: setDefaultValueLiteralGen, Error hierarchy: 0]
] already exists.
mai 06, 2020 12:27:34 P.M. hvl.projectparmorel.qlearning.QModelFixer fixModel
INFO: Solution discarded.
mai 06, 2020 12:27:34 P.M. hvl.projectparmorel.qlearning.QModelFixer fixModel
INFO: EPISODE 6 TOTAL REWARD 98.0



mai 06, 2020 12:27:34 P.M. hvl.projectparmorel.qlearning.QModelFixer handleEpisode
INFO: EPISODE 7, STEP 0, Fixing error 38: The default value literal '0' must be a valid literal of the attribute's type
mai 06, 2020 12:27:34 P.M. hvl.projectparmorel.qlearning.QModelFixer chooseAction
INFO: Choosing optimal action
mai 06, 2020 12:27:34 P.M. hvl.projectparmorel.qlearning.QModelFixer handleStep
INFO: Chose action setDefaultValueLiteralGen in context 0 with weight 0.6703297
mai 06, 2020 12:27:34 P.M. hvl.projectparmorel.qlearning.QModelFixer updateQTable
INFO: Calculating new Q-value:
Old Q-value: 0.6703297
Alpha: 1.0
Gamma:1.0

Reward: -2
0.6703297 + 1.0 * (-2 + 1.0 - 0.6703297) = -0.9999999999999999
mai 06, 2020 12:27:34 P.M. hvl.projectparmorel.qlearning.QModelFixer updateQTable
INFO: Updated Q-table for error 38, context 0, action -2078906332 to new weight -0.9999999999999999
mai 06, 2020 12:28:01 P.M. hvl.projectparmorel.ecore.EcoreSolution calculateDistanceFromOriginal
INFO: Calculated the distance between the models to 100.0
mai 06, 2020 12:28:01 P.M. hvl.projectparmorel.reward.PreferCloseDinstanceToOriginalPreference rewardcalculateRewardFor
INFO: Time to measure distance: 26344 ms
mai 06, 2020 12:28:01 P.M. hvl.projectparmorel.qlearning.QModelFixer updateQTable
INFO: Calculating new Q-value:
Old Q-value: -0.9999999999999999
Alpha: 1.0
Gamma:1.0

Reward: 100
-0.9999999999999999 + 1.0 * (100 + 1.0 - -0.9999999999999999) = 101.0
mai 06, 2020 12:28:01 P.M. hvl.projectparmorel.qlearning.QModelFixer updateQTable
INFO: Updated Q-table for error 38, context 0, action -2078906332 to new weight 101.0
mai 06, 2020 12:28:03 P.M. hvl.projectparmorel.reward.PreferReuse rewardcalculateRewardFor
INFO: Time to get metric: 2046 ms
mai 06, 2020 12:28:03 P.M. hvl.projectparmorel.qlearning.QModelFixer isUnique
INFO: Solution [ErrorAction [Error: 38 The default value literal '0' must be a valid literal of the attribute's type, Action: setDefaultValueLiteralGen, Error hierarchy: 0]
] already exists.
mai 06, 2020 12:28:03 P.M. hvl.projectparmorel.qlearning.QModelFixer fixModel
INFO: Solution discarded.
mai 06, 2020 12:28:03 P.M. hvl.projectparmorel.qlearning.QModelFixer fixModel
INFO: EPISODE 7 TOTAL REWARD 98.0



mai 06, 2020 12:28:03 P.M. hvl.projectparmorel.qlearning.QModelFixer handleEpisode
INFO: EPISODE 8, STEP 0, Fixing error 38: The default value literal '0' must be a valid literal of the attribute's type
mai 06, 2020 12:28:03 P.M. hvl.projectparmorel.qlearning.QModelFixer chooseAction
INFO: Choosing random action.
mai 06, 2020 12:28:03 P.M. hvl.projectparmorel.qlearning.QModelFixer handleStep
INFO: Chose action setEType in context 0 with weight 0.19512194
mai 06, 2020 12:28:03 P.M. hvl.projectparmorel.qlearning.QModelFixer updateQTable
INFO: Calculating new Q-value:
Old Q-value: 0.19512194
Alpha: 1.0
Gamma:1.0

Reward: -2
0.19512194 + 1.0 * (-2 + 1.0 - 0.19512194) = -1.0
mai 06, 2020 12:28:03 P.M. hvl.projectparmorel.qlearning.QModelFixer updateQTable
INFO: Updated Q-table for error 38, context 0, action -591535257 to new weight -1.0
mai 06, 2020 12:28:20 P.M. hvl.projectparmorel.ecore.EcoreSolution calculateDistanceFromOriginal
INFO: Calculated the distance between the models to 99.0
mai 06, 2020 12:28:20 P.M. hvl.projectparmorel.reward.PreferCloseDinstanceToOriginalPreference rewardcalculateRewardFor
INFO: Time to measure distance: 17639 ms
mai 06, 2020 12:28:20 P.M. hvl.projectparmorel.qlearning.QModelFixer updateQTable
INFO: Calculating new Q-value:
Old Q-value: -1.0
Alpha: 1.0
Gamma:1.0

Reward: 99
-1.0 + 1.0 * (99 + 1.0 - -1.0) = 100.0
mai 06, 2020 12:28:20 P.M. hvl.projectparmorel.qlearning.QModelFixer updateQTable
INFO: Updated Q-table for error 38, context 0, action -591535257 to new weight 100.0
mai 06, 2020 12:28:22 P.M. hvl.projectparmorel.reward.PreferReuse rewardcalculateRewardFor
INFO: Time to get metric: 2136 ms
mai 06, 2020 12:28:22 P.M. hvl.projectparmorel.qlearning.QModelFixer fixModel
INFO: Solution added to possible solitons: [ErrorAction [Error: 38 The default value literal '0' must be a valid literal of the attribute's type, Action: setEType, Error hierarchy: 0]
]
mai 06, 2020 12:28:22 P.M. hvl.projectparmorel.qlearning.QModelFixer fixModel
INFO: EPISODE 8 TOTAL REWARD 97.0



mai 06, 2020 12:28:22 P.M. hvl.projectparmorel.qlearning.QModelFixer handleEpisode
INFO: EPISODE 9, STEP 0, Fixing error 38: The default value literal '0' must be a valid literal of the attribute's type
mai 06, 2020 12:28:22 P.M. hvl.projectparmorel.qlearning.QModelFixer chooseAction
INFO: Choosing optimal action
mai 06, 2020 12:28:22 P.M. hvl.projectparmorel.qlearning.QModelFixer handleStep
INFO: Chose action setDefaultValueLiteralGen in context 0 with weight 0.6703297
mai 06, 2020 12:28:23 P.M. hvl.projectparmorel.qlearning.QModelFixer updateQTable
INFO: Calculating new Q-value:
Old Q-value: 0.6703297
Alpha: 1.0
Gamma:1.0

Reward: -2
0.6703297 + 1.0 * (-2 + 1.0 - 0.6703297) = -0.9999999999999999
mai 06, 2020 12:28:23 P.M. hvl.projectparmorel.qlearning.QModelFixer updateQTable
INFO: Updated Q-table for error 38, context 0, action -2078906332 to new weight -0.9999999999999999
mai 06, 2020 12:28:48 P.M. hvl.projectparmorel.ecore.EcoreSolution calculateDistanceFromOriginal
INFO: Calculated the distance between the models to 100.0
mai 06, 2020 12:28:48 P.M. hvl.projectparmorel.reward.PreferCloseDinstanceToOriginalPreference rewardcalculateRewardFor
INFO: Time to measure distance: 25230 ms
mai 06, 2020 12:28:48 P.M. hvl.projectparmorel.qlearning.QModelFixer updateQTable
INFO: Calculating new Q-value:
Old Q-value: -0.9999999999999999
Alpha: 1.0
Gamma:1.0

Reward: 100
-0.9999999999999999 + 1.0 * (100 + 1.0 - -0.9999999999999999) = 101.0
mai 06, 2020 12:28:48 P.M. hvl.projectparmorel.qlearning.QModelFixer updateQTable
INFO: Updated Q-table for error 38, context 0, action -2078906332 to new weight 101.0
mai 06, 2020 12:28:50 P.M. hvl.projectparmorel.reward.PreferReuse rewardcalculateRewardFor
INFO: Time to get metric: 2149 ms
mai 06, 2020 12:28:50 P.M. hvl.projectparmorel.qlearning.QModelFixer isUnique
INFO: Solution [ErrorAction [Error: 38 The default value literal '0' must be a valid literal of the attribute's type, Action: setDefaultValueLiteralGen, Error hierarchy: 0]
] already exists.
mai 06, 2020 12:28:50 P.M. hvl.projectparmorel.qlearning.QModelFixer fixModel
INFO: Solution discarded.
mai 06, 2020 12:28:50 P.M. hvl.projectparmorel.qlearning.QModelFixer fixModel
INFO: EPISODE 9 TOTAL REWARD 98.0



mai 06, 2020 12:28:50 P.M. hvl.projectparmorel.qlearning.QModelFixer handleEpisode
INFO: EPISODE 10, STEP 0, Fixing error 38: The default value literal '0' must be a valid literal of the attribute's type
mai 06, 2020 12:28:50 P.M. hvl.projectparmorel.qlearning.QModelFixer chooseAction
INFO: Choosing random action.
mai 06, 2020 12:28:50 P.M. hvl.projectparmorel.qlearning.QModelFixer handleStep
INFO: Chose action setEType in context 0 with weight 0.6703297
mai 06, 2020 12:28:50 P.M. hvl.projectparmorel.qlearning.QModelFixer updateQTable
INFO: Calculating new Q-value:
Old Q-value: 0.6703297
Alpha: 1.0
Gamma:1.0

Reward: -2
0.6703297 + 1.0 * (-2 + 1.0 - 0.6703297) = -0.9999999999999999
mai 06, 2020 12:28:50 P.M. hvl.projectparmorel.qlearning.QModelFixer updateQTable
INFO: Updated Q-table for error 38, context 0, action -591535257 to new weight -0.9999999999999999
mai 06, 2020 12:29:05 P.M. hvl.projectparmorel.ecore.EcoreSolution calculateDistanceFromOriginal
INFO: Calculated the distance between the models to 99.0
mai 06, 2020 12:29:05 P.M. hvl.projectparmorel.reward.PreferCloseDinstanceToOriginalPreference rewardcalculateRewardFor
INFO: Time to measure distance: 15448 ms
mai 06, 2020 12:29:05 P.M. hvl.projectparmorel.qlearning.QModelFixer updateQTable
INFO: Calculating new Q-value:
Old Q-value: -0.9999999999999999
Alpha: 1.0
Gamma:1.0

Reward: 99
-0.9999999999999999 + 1.0 * (99 + 1.0 - -0.9999999999999999) = 100.0
mai 06, 2020 12:29:05 P.M. hvl.projectparmorel.qlearning.QModelFixer updateQTable
INFO: Updated Q-table for error 38, context 0, action -591535257 to new weight 100.0
mai 06, 2020 12:29:07 P.M. hvl.projectparmorel.reward.PreferReuse rewardcalculateRewardFor
INFO: Time to get metric: 1979 ms
mai 06, 2020 12:29:07 P.M. hvl.projectparmorel.qlearning.QModelFixer isUnique
INFO: Solution [ErrorAction [Error: 38 The default value literal '0' must be a valid literal of the attribute's type, Action: setEType, Error hierarchy: 0]
] already exists.
mai 06, 2020 12:29:07 P.M. hvl.projectparmorel.qlearning.QModelFixer fixModel
INFO: Solution discarded.
mai 06, 2020 12:29:07 P.M. hvl.projectparmorel.qlearning.QModelFixer fixModel
INFO: EPISODE 10 TOTAL REWARD 97.0



mai 06, 2020 12:29:07 P.M. hvl.projectparmorel.qlearning.QModelFixer handleEpisode
INFO: EPISODE 11, STEP 0, Fixing error 38: The default value literal '0' must be a valid literal of the attribute's type
mai 06, 2020 12:29:07 P.M. hvl.projectparmorel.qlearning.QModelFixer chooseAction
INFO: Choosing random action.
mai 06, 2020 12:29:07 P.M. hvl.projectparmorel.qlearning.QModelFixer handleStep
INFO: Chose action delete in context 0 with weight 0.2
mai 06, 2020 12:29:08 P.M. hvl.projectparmorel.qlearning.QModelFixer handleStep
INFO: Next error code: 38
mai 06, 2020 12:29:08 P.M. hvl.projectparmorel.qlearning.QModelFixer handleStep
INFO: Calculating new Q-value:
Old Q-value: 0.2
Alpha: 1.0
Gamma: 1.0
Reward: -2
Next optimal action Q-value: 0.6703297
0.2 + 1.0 * (-2 + 1.0 * 0.6703297 - 0.2) = -1.3296703
mai 06, 2020 12:29:08 P.M. hvl.projectparmorel.qlearning.QModelFixer handleStep
INFO: Updated Q-table for error 38, context 0, action 99999 delete to new weight -1.3296703


mai 06, 2020 12:29:08 P.M. hvl.projectparmorel.qlearning.QModelFixer handleEpisode
INFO: EPISODE 11, STEP 1, Fixing error 38: The default value literal '0' must be a valid literal of the attribute's type
mai 06, 2020 12:29:08 P.M. hvl.projectparmorel.qlearning.QModelFixer chooseAction
INFO: Choosing optimal action
mai 06, 2020 12:29:08 P.M. hvl.projectparmorel.qlearning.QModelFixer handleStep
INFO: Chose action setDefaultValueLiteralGen in context 0 with weight 0.6703297
mai 06, 2020 12:29:08 P.M. hvl.projectparmorel.qlearning.QModelFixer updateQTable
INFO: Calculating new Q-value:
Old Q-value: 0.6703297
Alpha: 1.0
Gamma:1.0

Reward: -2
0.6703297 + 1.0 * (-2 + 1.0 - 0.6703297) = -0.9999999999999999
mai 06, 2020 12:29:08 P.M. hvl.projectparmorel.qlearning.QModelFixer updateQTable
INFO: Updated Q-table for error 38, context 0, action -2078906332 to new weight -0.9999999999999999
mai 06, 2020 12:29:32 P.M. hvl.projectparmorel.ecore.EcoreSolution calculateDistanceFromOriginal
INFO: Calculated the distance between the models to 99.0
mai 06, 2020 12:29:32 P.M. hvl.projectparmorel.reward.PreferCloseDinstanceToOriginalPreference rewardcalculateRewardFor
INFO: Time to measure distance: 24169 ms
mai 06, 2020 12:29:32 P.M. hvl.projectparmorel.qlearning.QModelFixer updateQTable
INFO: Calculating new Q-value:
Old Q-value: -1.3296703
Alpha: 1.0
Gamma:1.0

Reward: 99
-1.3296703 + 1.0 * (99 + 1.0 - -1.3296703) = 100.0
mai 06, 2020 12:29:32 P.M. hvl.projectparmorel.qlearning.QModelFixer updateQTable
INFO: Updated Q-table for error 38, context 0, action 99999 to new weight 100.0
mai 06, 2020 12:29:32 P.M. hvl.projectparmorel.qlearning.QModelFixer updateQTable
INFO: Calculating new Q-value:
Old Q-value: -0.9999999999999999
Alpha: 1.0
Gamma:1.0

Reward: 99
-0.9999999999999999 + 1.0 * (99 + 1.0 - -0.9999999999999999) = 100.0
mai 06, 2020 12:29:32 P.M. hvl.projectparmorel.qlearning.QModelFixer updateQTable
INFO: Updated Q-table for error 38, context 0, action -2078906332 to new weight 100.0
mai 06, 2020 12:29:34 P.M. hvl.projectparmorel.reward.PreferReuse rewardcalculateRewardFor
INFO: Time to get metric: 2029 ms
mai 06, 2020 12:29:34 P.M. hvl.projectparmorel.qlearning.QModelFixer fixModel
INFO: Solution added to possible solitons: [ErrorAction [Error: 38 The default value literal '0' must be a valid literal of the attribute's type, Action: delete, Error hierarchy: 0]
, ErrorAction [Error: 38 The default value literal '0' must be a valid literal of the attribute's type, Action: setDefaultValueLiteralGen, Error hierarchy: 0]
]
mai 06, 2020 12:29:34 P.M. hvl.projectparmorel.qlearning.QModelFixer fixModel
INFO: EPISODE 11 TOTAL REWARD 195.0



mai 06, 2020 12:29:34 P.M. hvl.projectparmorel.qlearning.QModelFixer handleEpisode
INFO: EPISODE 12, STEP 0, Fixing error 38: The default value literal '0' must be a valid literal of the attribute's type
mai 06, 2020 12:29:34 P.M. hvl.projectparmorel.qlearning.QModelFixer chooseAction
INFO: Choosing optimal action
mai 06, 2020 12:29:34 P.M. hvl.projectparmorel.qlearning.QModelFixer handleStep
INFO: Chose action setDefaultValueLiteralGen in context 0 with weight 0.6712517
mai 06, 2020 12:29:34 P.M. hvl.projectparmorel.qlearning.QModelFixer updateQTable
INFO: Calculating new Q-value:
Old Q-value: 0.6712517
Alpha: 1.0
Gamma:1.0

Reward: -2
0.6712517 + 1.0 * (-2 + 1.0 - 0.6712517) = -1.0
mai 06, 2020 12:29:34 P.M. hvl.projectparmorel.qlearning.QModelFixer updateQTable
INFO: Updated Q-table for error 38, context 0, action -2078906332 to new weight -1.0
mai 06, 2020 12:29:48 P.M. hvl.projectparmorel.ecore.EcoreSolution calculateDistanceFromOriginal
INFO: Calculated the distance between the models to 100.0
mai 06, 2020 12:29:48 P.M. hvl.projectparmorel.reward.PreferCloseDinstanceToOriginalPreference rewardcalculateRewardFor
INFO: Time to measure distance: 14187 ms
mai 06, 2020 12:29:48 P.M. hvl.projectparmorel.qlearning.QModelFixer updateQTable
INFO: Calculating new Q-value:
Old Q-value: -1.0
Alpha: 1.0
Gamma:1.0

Reward: 100
-1.0 + 1.0 * (100 + 1.0 - -1.0) = 101.0
mai 06, 2020 12:29:48 P.M. hvl.projectparmorel.qlearning.QModelFixer updateQTable
INFO: Updated Q-table for error 38, context 0, action -2078906332 to new weight 101.0
mai 06, 2020 12:29:50 P.M. hvl.projectparmorel.reward.PreferReuse rewardcalculateRewardFor
INFO: Time to get metric: 2012 ms
mai 06, 2020 12:29:50 P.M. hvl.projectparmorel.qlearning.QModelFixer isUnique
INFO: Solution [ErrorAction [Error: 38 The default value literal '0' must be a valid literal of the attribute's type, Action: setDefaultValueLiteralGen, Error hierarchy: 0]
] already exists.
mai 06, 2020 12:29:50 P.M. hvl.projectparmorel.qlearning.QModelFixer fixModel
INFO: Solution discarded.
mai 06, 2020 12:29:50 P.M. hvl.projectparmorel.qlearning.QModelFixer fixModel
INFO: EPISODE 12 TOTAL REWARD 98.0



mai 06, 2020 12:29:50 P.M. hvl.projectparmorel.qlearning.QModelFixer handleEpisode
INFO: EPISODE 13, STEP 0, Fixing error 38: The default value literal '0' must be a valid literal of the attribute's type
mai 06, 2020 12:29:50 P.M. hvl.projectparmorel.qlearning.QModelFixer chooseAction
INFO: Choosing optimal action
mai 06, 2020 12:29:50 P.M. hvl.projectparmorel.qlearning.QModelFixer handleStep
INFO: Chose action delete in context 0 with weight 0.6712517
mai 06, 2020 12:29:51 P.M. hvl.projectparmorel.qlearning.QModelFixer handleStep
INFO: Next error code: 38
mai 06, 2020 12:29:51 P.M. hvl.projectparmorel.qlearning.QModelFixer handleStep
INFO: Calculating new Q-value:
Old Q-value: 0.6712517
Alpha: 1.0
Gamma: 1.0
Reward: -2
Next optimal action Q-value: 0.6712517
0.6712517 + 1.0 * (-2 + 1.0 * 0.6712517 - 0.6712517) = -1.3287483
mai 06, 2020 12:29:51 P.M. hvl.projectparmorel.qlearning.QModelFixer handleStep
INFO: Updated Q-table for error 38, context 0, action 99999 delete to new weight -1.3287483


mai 06, 2020 12:29:51 P.M. hvl.projectparmorel.qlearning.QModelFixer handleEpisode
INFO: EPISODE 13, STEP 1, Fixing error 38: The default value literal '0' must be a valid literal of the attribute's type
mai 06, 2020 12:29:51 P.M. hvl.projectparmorel.qlearning.QModelFixer chooseAction
INFO: Choosing optimal action
mai 06, 2020 12:29:51 P.M. hvl.projectparmorel.qlearning.QModelFixer handleStep
INFO: Chose action setDefaultValueLiteralGen in context 0 with weight 0.6703297
mai 06, 2020 12:29:51 P.M. hvl.projectparmorel.qlearning.QModelFixer updateQTable
INFO: Calculating new Q-value:
Old Q-value: 0.6703297
Alpha: 1.0
Gamma:1.0

Reward: -2
0.6703297 + 1.0 * (-2 + 1.0 - 0.6703297) = -0.9999999999999999
mai 06, 2020 12:29:51 P.M. hvl.projectparmorel.qlearning.QModelFixer updateQTable
INFO: Updated Q-table for error 38, context 0, action -2078906332 to new weight -0.9999999999999999
mai 06, 2020 12:30:15 P.M. hvl.projectparmorel.ecore.EcoreSolution calculateDistanceFromOriginal
INFO: Calculated the distance between the models to 99.0
mai 06, 2020 12:30:15 P.M. hvl.projectparmorel.reward.PreferCloseDinstanceToOriginalPreference rewardcalculateRewardFor
INFO: Time to measure distance: 24371 ms
mai 06, 2020 12:30:15 P.M. hvl.projectparmorel.qlearning.QModelFixer updateQTable
INFO: Calculating new Q-value:
Old Q-value: -1.3287483
Alpha: 1.0
Gamma:1.0

Reward: 99
-1.3287483 + 1.0 * (99 + 1.0 - -1.3287483) = 100.0
mai 06, 2020 12:30:15 P.M. hvl.projectparmorel.qlearning.QModelFixer updateQTable
INFO: Updated Q-table for error 38, context 0, action 99999 to new weight 100.0
mai 06, 2020 12:30:15 P.M. hvl.projectparmorel.qlearning.QModelFixer updateQTable
INFO: Calculating new Q-value:
Old Q-value: -0.9999999999999999
Alpha: 1.0
Gamma:1.0

Reward: 99
-0.9999999999999999 + 1.0 * (99 + 1.0 - -0.9999999999999999) = 100.0
mai 06, 2020 12:30:15 P.M. hvl.projectparmorel.qlearning.QModelFixer updateQTable
INFO: Updated Q-table for error 38, context 0, action -2078906332 to new weight 100.0
mai 06, 2020 12:30:17 P.M. hvl.projectparmorel.reward.PreferReuse rewardcalculateRewardFor
INFO: Time to get metric: 2240 ms
mai 06, 2020 12:30:17 P.M. hvl.projectparmorel.qlearning.QModelFixer isUnique
INFO: Solution [ErrorAction [Error: 38 The default value literal '0' must be a valid literal of the attribute's type, Action: delete, Error hierarchy: 0]
, ErrorAction [Error: 38 The default value literal '0' must be a valid literal of the attribute's type, Action: setDefaultValueLiteralGen, Error hierarchy: 0]
] already exists.
mai 06, 2020 12:30:17 P.M. hvl.projectparmorel.qlearning.QModelFixer fixModel
INFO: Solution discarded.
mai 06, 2020 12:30:17 P.M. hvl.projectparmorel.qlearning.QModelFixer fixModel
INFO: EPISODE 13 TOTAL REWARD 195.0



mai 06, 2020 12:30:17 P.M. hvl.projectparmorel.qlearning.QModelFixer handleEpisode
INFO: EPISODE 14, STEP 0, Fixing error 38: The default value literal '0' must be a valid literal of the attribute's type
mai 06, 2020 12:30:17 P.M. hvl.projectparmorel.qlearning.QModelFixer chooseAction
INFO: Choosing random action.
mai 06, 2020 12:30:17 P.M. hvl.projectparmorel.qlearning.QModelFixer handleStep
INFO: Chose action setDefaultValueLiteral in context 0 with weight 0.6703297
mai 06, 2020 12:30:17 P.M. hvl.projectparmorel.qlearning.QModelFixer updateQTable
INFO: Calculating new Q-value:
Old Q-value: 0.6703297
Alpha: 1.0
Gamma:1.0

Reward: -2
0.6703297 + 1.0 * (-2 + 1.0 - 0.6703297) = -0.9999999999999999
mai 06, 2020 12:30:17 P.M. hvl.projectparmorel.qlearning.QModelFixer updateQTable
INFO: Updated Q-table for error 38, context 0, action 1999964618 to new weight -0.9999999999999999
mai 06, 2020 12:30:31 P.M. hvl.projectparmorel.ecore.EcoreSolution calculateDistanceFromOriginal
INFO: Calculated the distance between the models to 100.0
mai 06, 2020 12:30:31 P.M. hvl.projectparmorel.reward.PreferCloseDinstanceToOriginalPreference rewardcalculateRewardFor
INFO: Time to measure distance: 14097 ms
mai 06, 2020 12:30:31 P.M. hvl.projectparmorel.qlearning.QModelFixer updateQTable
INFO: Calculating new Q-value:
Old Q-value: -0.9999999999999999
Alpha: 1.0
Gamma:1.0

Reward: 100
-0.9999999999999999 + 1.0 * (100 + 1.0 - -0.9999999999999999) = 101.0
mai 06, 2020 12:30:31 P.M. hvl.projectparmorel.qlearning.QModelFixer updateQTable
INFO: Updated Q-table for error 38, context 0, action 1999964618 to new weight 101.0
mai 06, 2020 12:30:34 P.M. hvl.projectparmorel.reward.PreferReuse rewardcalculateRewardFor
INFO: Time to get metric: 2072 ms
mai 06, 2020 12:30:34 P.M. hvl.projectparmorel.qlearning.QModelFixer isUnique
INFO: Solution [ErrorAction [Error: 38 The default value literal '0' must be a valid literal of the attribute's type, Action: setDefaultValueLiteral, Error hierarchy: 0]
] already exists.
mai 06, 2020 12:30:34 P.M. hvl.projectparmorel.qlearning.QModelFixer fixModel
INFO: Solution discarded.
mai 06, 2020 12:30:34 P.M. hvl.projectparmorel.qlearning.QModelFixer fixModel
INFO: EPISODE 14 TOTAL REWARD 98.0



mai 06, 2020 12:30:34 P.M. hvl.projectparmorel.qlearning.QModelFixer handleEpisode
INFO: EPISODE 15, STEP 0, Fixing error 38: The default value literal '0' must be a valid literal of the attribute's type
mai 06, 2020 12:30:34 P.M. hvl.projectparmorel.qlearning.QModelFixer chooseAction
INFO: Choosing optimal action
mai 06, 2020 12:30:34 P.M. hvl.projectparmorel.qlearning.QModelFixer handleStep
INFO: Chose action setDefaultValueLiteralGen in context 0 with weight 0.6712517
mai 06, 2020 12:30:34 P.M. hvl.projectparmorel.qlearning.QModelFixer updateQTable
INFO: Calculating new Q-value:
Old Q-value: 0.6712517
Alpha: 1.0
Gamma:1.0

Reward: -2
0.6712517 + 1.0 * (-2 + 1.0 - 0.6712517) = -1.0
mai 06, 2020 12:30:34 P.M. hvl.projectparmorel.qlearning.QModelFixer updateQTable
INFO: Updated Q-table for error 38, context 0, action -2078906332 to new weight -1.0
mai 06, 2020 12:30:57 P.M. hvl.projectparmorel.ecore.EcoreSolution calculateDistanceFromOriginal
INFO: Calculated the distance between the models to 100.0
mai 06, 2020 12:30:57 P.M. hvl.projectparmorel.reward.PreferCloseDinstanceToOriginalPreference rewardcalculateRewardFor
INFO: Time to measure distance: 23770 ms
mai 06, 2020 12:30:57 P.M. hvl.projectparmorel.qlearning.QModelFixer updateQTable
INFO: Calculating new Q-value:
Old Q-value: -1.0
Alpha: 1.0
Gamma:1.0

Reward: 100
-1.0 + 1.0 * (100 + 1.0 - -1.0) = 101.0
mai 06, 2020 12:30:57 P.M. hvl.projectparmorel.qlearning.QModelFixer updateQTable
INFO: Updated Q-table for error 38, context 0, action -2078906332 to new weight 101.0
mai 06, 2020 12:30:59 P.M. hvl.projectparmorel.reward.PreferReuse rewardcalculateRewardFor
INFO: Time to get metric: 2025 ms
mai 06, 2020 12:30:59 P.M. hvl.projectparmorel.qlearning.QModelFixer isUnique
INFO: Solution [ErrorAction [Error: 38 The default value literal '0' must be a valid literal of the attribute's type, Action: setDefaultValueLiteralGen, Error hierarchy: 0]
] already exists.
mai 06, 2020 12:30:59 P.M. hvl.projectparmorel.qlearning.QModelFixer fixModel
INFO: Solution discarded.
mai 06, 2020 12:30:59 P.M. hvl.projectparmorel.qlearning.QModelFixer fixModel
INFO: EPISODE 15 TOTAL REWARD 98.0



mai 06, 2020 12:30:59 P.M. hvl.projectparmorel.qlearning.QModelFixer handleEpisode
INFO: EPISODE 16, STEP 0, Fixing error 38: The default value literal '0' must be a valid literal of the attribute's type
mai 06, 2020 12:30:59 P.M. hvl.projectparmorel.qlearning.QModelFixer chooseAction
INFO: Choosing random action.
mai 06, 2020 12:30:59 P.M. hvl.projectparmorel.qlearning.QModelFixer handleStep
INFO: Chose action setEType in context 0 with weight 0.6703297
mai 06, 2020 12:30:59 P.M. hvl.projectparmorel.qlearning.QModelFixer updateQTable
INFO: Calculating new Q-value:
Old Q-value: 0.6703297
Alpha: 1.0
Gamma:1.0

Reward: -2
0.6703297 + 1.0 * (-2 + 1.0 - 0.6703297) = -0.9999999999999999
mai 06, 2020 12:30:59 P.M. hvl.projectparmorel.qlearning.QModelFixer updateQTable
INFO: Updated Q-table for error 38, context 0, action -591535257 to new weight -0.9999999999999999
mai 06, 2020 12:31:14 P.M. hvl.projectparmorel.ecore.EcoreSolution calculateDistanceFromOriginal
INFO: Calculated the distance between the models to 99.0
mai 06, 2020 12:31:14 P.M. hvl.projectparmorel.reward.PreferCloseDinstanceToOriginalPreference rewardcalculateRewardFor
INFO: Time to measure distance: 14731 ms
mai 06, 2020 12:31:14 P.M. hvl.projectparmorel.qlearning.QModelFixer updateQTable
INFO: Calculating new Q-value:
Old Q-value: -0.9999999999999999
Alpha: 1.0
Gamma:1.0

Reward: 99
-0.9999999999999999 + 1.0 * (99 + 1.0 - -0.9999999999999999) = 100.0
mai 06, 2020 12:31:14 P.M. hvl.projectparmorel.qlearning.QModelFixer updateQTable
INFO: Updated Q-table for error 38, context 0, action -591535257 to new weight 100.0
mai 06, 2020 12:31:16 P.M. hvl.projectparmorel.reward.PreferReuse rewardcalculateRewardFor
INFO: Time to get metric: 2040 ms
mai 06, 2020 12:31:16 P.M. hvl.projectparmorel.qlearning.QModelFixer isUnique
INFO: Solution [ErrorAction [Error: 38 The default value literal '0' must be a valid literal of the attribute's type, Action: setEType, Error hierarchy: 0]
] already exists.
mai 06, 2020 12:31:16 P.M. hvl.projectparmorel.qlearning.QModelFixer fixModel
INFO: Solution discarded.
mai 06, 2020 12:31:16 P.M. hvl.projectparmorel.qlearning.QModelFixer fixModel
INFO: EPISODE 16 TOTAL REWARD 97.0



mai 06, 2020 12:31:16 P.M. hvl.projectparmorel.qlearning.QModelFixer handleEpisode
INFO: EPISODE 17, STEP 0, Fixing error 38: The default value literal '0' must be a valid literal of the attribute's type
mai 06, 2020 12:31:16 P.M. hvl.projectparmorel.qlearning.QModelFixer chooseAction
INFO: Choosing random action.
mai 06, 2020 12:31:16 P.M. hvl.projectparmorel.qlearning.QModelFixer handleStep
INFO: Chose action setDefaultValueLiteralGen in context 0 with weight 0.6703297
mai 06, 2020 12:31:16 P.M. hvl.projectparmorel.qlearning.QModelFixer updateQTable
INFO: Calculating new Q-value:
Old Q-value: 0.6703297
Alpha: 1.0
Gamma:1.0

Reward: -2
0.6703297 + 1.0 * (-2 + 1.0 - 0.6703297) = -0.9999999999999999
mai 06, 2020 12:31:16 P.M. hvl.projectparmorel.qlearning.QModelFixer updateQTable
INFO: Updated Q-table for error 38, context 0, action -2078906332 to new weight -0.9999999999999999
mai 06, 2020 12:31:43 P.M. hvl.projectparmorel.ecore.EcoreSolution calculateDistanceFromOriginal
INFO: Calculated the distance between the models to 100.0
mai 06, 2020 12:31:43 P.M. hvl.projectparmorel.reward.PreferCloseDinstanceToOriginalPreference rewardcalculateRewardFor
INFO: Time to measure distance: 27186 ms
mai 06, 2020 12:31:43 P.M. hvl.projectparmorel.qlearning.QModelFixer updateQTable
INFO: Calculating new Q-value:
Old Q-value: -0.9999999999999999
Alpha: 1.0
Gamma:1.0

Reward: 100
-0.9999999999999999 + 1.0 * (100 + 1.0 - -0.9999999999999999) = 101.0
mai 06, 2020 12:31:43 P.M. hvl.projectparmorel.qlearning.QModelFixer updateQTable
INFO: Updated Q-table for error 38, context 0, action -2078906332 to new weight 101.0
mai 06, 2020 12:31:47 P.M. hvl.projectparmorel.reward.PreferReuse rewardcalculateRewardFor
INFO: Time to get metric: 3134 ms
mai 06, 2020 12:31:47 P.M. hvl.projectparmorel.qlearning.QModelFixer isUnique
INFO: Solution [ErrorAction [Error: 38 The default value literal '0' must be a valid literal of the attribute's type, Action: setDefaultValueLiteralGen, Error hierarchy: 0]
] already exists.
mai 06, 2020 12:31:47 P.M. hvl.projectparmorel.qlearning.QModelFixer fixModel
INFO: Solution discarded.
mai 06, 2020 12:31:47 P.M. hvl.projectparmorel.qlearning.QModelFixer fixModel
INFO: EPISODE 17 TOTAL REWARD 98.0



mai 06, 2020 12:31:47 P.M. hvl.projectparmorel.qlearning.QModelFixer handleEpisode
INFO: EPISODE 18, STEP 0, Fixing error 38: The default value literal '0' must be a valid literal of the attribute's type
mai 06, 2020 12:31:47 P.M. hvl.projectparmorel.qlearning.QModelFixer chooseAction
INFO: Choosing optimal action
mai 06, 2020 12:31:47 P.M. hvl.projectparmorel.qlearning.QModelFixer handleStep
INFO: Chose action delete in context 0 with weight 0.6712517
mai 06, 2020 12:31:47 P.M. hvl.projectparmorel.qlearning.QModelFixer handleStep
INFO: Next error code: 38
mai 06, 2020 12:31:47 P.M. hvl.projectparmorel.qlearning.QModelFixer handleStep
INFO: Calculating new Q-value:
Old Q-value: 0.6712517
Alpha: 1.0
Gamma: 1.0
Reward: -2
Next optimal action Q-value: 0.6712517
0.6712517 + 1.0 * (-2 + 1.0 * 0.6712517 - 0.6712517) = -1.3287483
mai 06, 2020 12:31:47 P.M. hvl.projectparmorel.qlearning.QModelFixer handleStep
INFO: Updated Q-table for error 38, context 0, action 99999 delete to new weight -1.3287483


mai 06, 2020 12:31:47 P.M. hvl.projectparmorel.qlearning.QModelFixer handleEpisode
INFO: EPISODE 18, STEP 1, Fixing error 38: The default value literal '0' must be a valid literal of the attribute's type
mai 06, 2020 12:31:47 P.M. hvl.projectparmorel.qlearning.QModelFixer chooseAction
INFO: Choosing random action.
mai 06, 2020 12:31:47 P.M. hvl.projectparmorel.qlearning.QModelFixer handleStep
INFO: Chose action setDefaultValueLiteral in context 0 with weight 0.6703297
mai 06, 2020 12:31:48 P.M. hvl.projectparmorel.qlearning.QModelFixer updateQTable
INFO: Calculating new Q-value:
Old Q-value: 0.6703297
Alpha: 1.0
Gamma:1.0

Reward: -2
0.6703297 + 1.0 * (-2 + 1.0 - 0.6703297) = -0.9999999999999999
mai 06, 2020 12:31:48 P.M. hvl.projectparmorel.qlearning.QModelFixer updateQTable
INFO: Updated Q-table for error 38, context 0, action 1999964618 to new weight -0.9999999999999999
mai 06, 2020 12:32:03 P.M. hvl.projectparmorel.ecore.EcoreSolution calculateDistanceFromOriginal
INFO: Calculated the distance between the models to 99.0
mai 06, 2020 12:32:03 P.M. hvl.projectparmorel.reward.PreferCloseDinstanceToOriginalPreference rewardcalculateRewardFor
INFO: Time to measure distance: 15853 ms
mai 06, 2020 12:32:03 P.M. hvl.projectparmorel.qlearning.QModelFixer updateQTable
INFO: Calculating new Q-value:
Old Q-value: -1.3287483
Alpha: 1.0
Gamma:1.0

Reward: 99
-1.3287483 + 1.0 * (99 + 1.0 - -1.3287483) = 100.0
mai 06, 2020 12:32:03 P.M. hvl.projectparmorel.qlearning.QModelFixer updateQTable
INFO: Updated Q-table for error 38, context 0, action 99999 to new weight 100.0
mai 06, 2020 12:32:03 P.M. hvl.projectparmorel.qlearning.QModelFixer updateQTable
INFO: Calculating new Q-value:
Old Q-value: -0.9999999999999999
Alpha: 1.0
Gamma:1.0

Reward: 99
-0.9999999999999999 + 1.0 * (99 + 1.0 - -0.9999999999999999) = 100.0
mai 06, 2020 12:32:03 P.M. hvl.projectparmorel.qlearning.QModelFixer updateQTable
INFO: Updated Q-table for error 38, context 0, action 1999964618 to new weight 100.0
mai 06, 2020 12:32:05 P.M. hvl.projectparmorel.reward.PreferReuse rewardcalculateRewardFor
INFO: Time to get metric: 2004 ms
mai 06, 2020 12:32:05 P.M. hvl.projectparmorel.qlearning.QModelFixer fixModel
INFO: Solution added to possible solitons: [ErrorAction [Error: 38 The default value literal '0' must be a valid literal of the attribute's type, Action: delete, Error hierarchy: 0]
, ErrorAction [Error: 38 The default value literal '0' must be a valid literal of the attribute's type, Action: setDefaultValueLiteral, Error hierarchy: 0]
]
mai 06, 2020 12:32:05 P.M. hvl.projectparmorel.qlearning.QModelFixer fixModel
INFO: EPISODE 18 TOTAL REWARD 195.0



mai 06, 2020 12:32:05 P.M. hvl.projectparmorel.qlearning.QModelFixer handleEpisode
INFO: EPISODE 19, STEP 0, Fixing error 38: The default value literal '0' must be a valid literal of the attribute's type
mai 06, 2020 12:32:05 P.M. hvl.projectparmorel.qlearning.QModelFixer chooseAction
INFO: Choosing optimal action
mai 06, 2020 12:32:05 P.M. hvl.projectparmorel.qlearning.QModelFixer handleStep
INFO: Chose action delete in context 0 with weight 0.6712517
mai 06, 2020 12:32:06 P.M. hvl.projectparmorel.qlearning.QModelFixer handleStep
INFO: Next error code: 38
mai 06, 2020 12:32:06 P.M. hvl.projectparmorel.qlearning.QModelFixer handleStep
INFO: Calculating new Q-value:
Old Q-value: 0.6712517
Alpha: 1.0
Gamma: 1.0
Reward: -2
Next optimal action Q-value: 0.6712517
0.6712517 + 1.0 * (-2 + 1.0 * 0.6712517 - 0.6712517) = -1.3287483
mai 06, 2020 12:32:06 P.M. hvl.projectparmorel.qlearning.QModelFixer handleStep
INFO: Updated Q-table for error 38, context 0, action 99999 delete to new weight -1.3287483


mai 06, 2020 12:32:06 P.M. hvl.projectparmorel.qlearning.QModelFixer handleEpisode
INFO: EPISODE 19, STEP 1, Fixing error 38: The default value literal '0' must be a valid literal of the attribute's type
mai 06, 2020 12:32:06 P.M. hvl.projectparmorel.qlearning.QModelFixer chooseAction
INFO: Choosing optimal action
mai 06, 2020 12:32:06 P.M. hvl.projectparmorel.qlearning.QModelFixer handleStep
INFO: Chose action setDefaultValueLiteral in context 0 with weight 0.6712517
mai 06, 2020 12:32:06 P.M. hvl.projectparmorel.qlearning.QModelFixer updateQTable
INFO: Calculating new Q-value:
Old Q-value: 0.6712517
Alpha: 1.0
Gamma:1.0

Reward: -2
0.6712517 + 1.0 * (-2 + 1.0 - 0.6712517) = -1.0
mai 06, 2020 12:32:06 P.M. hvl.projectparmorel.qlearning.QModelFixer updateQTable
INFO: Updated Q-table for error 38, context 0, action 1999964618 to new weight -1.0
mai 06, 2020 12:32:30 P.M. hvl.projectparmorel.ecore.EcoreSolution calculateDistanceFromOriginal
INFO: Calculated the distance between the models to 99.0
mai 06, 2020 12:32:30 P.M. hvl.projectparmorel.reward.PreferCloseDinstanceToOriginalPreference rewardcalculateRewardFor
INFO: Time to measure distance: 24198 ms
mai 06, 2020 12:32:30 P.M. hvl.projectparmorel.qlearning.QModelFixer updateQTable
INFO: Calculating new Q-value:
Old Q-value: -1.3287483
Alpha: 1.0
Gamma:1.0

Reward: 99
-1.3287483 + 1.0 * (99 + 1.0 - -1.3287483) = 100.0
mai 06, 2020 12:32:30 P.M. hvl.projectparmorel.qlearning.QModelFixer updateQTable
INFO: Updated Q-table for error 38, context 0, action 99999 to new weight 100.0
mai 06, 2020 12:32:30 P.M. hvl.projectparmorel.qlearning.QModelFixer updateQTable
INFO: Calculating new Q-value:
Old Q-value: -1.0
Alpha: 1.0
Gamma:1.0

Reward: 99
-1.0 + 1.0 * (99 + 1.0 - -1.0) = 100.0
mai 06, 2020 12:32:30 P.M. hvl.projectparmorel.qlearning.QModelFixer updateQTable
INFO: Updated Q-table for error 38, context 0, action 1999964618 to new weight 100.0
mai 06, 2020 12:32:32 P.M. hvl.projectparmorel.reward.PreferReuse rewardcalculateRewardFor
INFO: Time to get metric: 2042 ms
mai 06, 2020 12:32:32 P.M. hvl.projectparmorel.qlearning.QModelFixer isUnique
INFO: Solution [ErrorAction [Error: 38 The default value literal '0' must be a valid literal of the attribute's type, Action: delete, Error hierarchy: 0]
, ErrorAction [Error: 38 The default value literal '0' must be a valid literal of the attribute's type, Action: setDefaultValueLiteral, Error hierarchy: 0]
] already exists.
mai 06, 2020 12:32:32 P.M. hvl.projectparmorel.qlearning.QModelFixer fixModel
INFO: Solution discarded.
mai 06, 2020 12:32:32 P.M. hvl.projectparmorel.qlearning.QModelFixer fixModel
INFO: EPISODE 19 TOTAL REWARD 195.0



mai 06, 2020 12:32:32 P.M. hvl.projectparmorel.qlearning.QModelFixer handleEpisode
INFO: EPISODE 20, STEP 0, Fixing error 38: The default value literal '0' must be a valid literal of the attribute's type
mai 06, 2020 12:32:32 P.M. hvl.projectparmorel.qlearning.QModelFixer chooseAction
INFO: Choosing optimal action
mai 06, 2020 12:32:32 P.M. hvl.projectparmorel.qlearning.QModelFixer handleStep
INFO: Chose action delete in context 0 with weight 0.6712517
mai 06, 2020 12:32:32 P.M. hvl.projectparmorel.qlearning.QModelFixer handleStep
INFO: Next error code: 38
mai 06, 2020 12:32:32 P.M. hvl.projectparmorel.qlearning.QModelFixer handleStep
INFO: Calculating new Q-value:
Old Q-value: 0.6712517
Alpha: 1.0
Gamma: 1.0
Reward: -2
Next optimal action Q-value: 0.6712517
0.6712517 + 1.0 * (-2 + 1.0 * 0.6712517 - 0.6712517) = -1.3287483
mai 06, 2020 12:32:32 P.M. hvl.projectparmorel.qlearning.QModelFixer handleStep
INFO: Updated Q-table for error 38, context 0, action 99999 delete to new weight -1.3287483


mai 06, 2020 12:32:32 P.M. hvl.projectparmorel.qlearning.QModelFixer handleEpisode
INFO: EPISODE 20, STEP 1, Fixing error 38: The default value literal '0' must be a valid literal of the attribute's type
mai 06, 2020 12:32:32 P.M. hvl.projectparmorel.qlearning.QModelFixer chooseAction
INFO: Choosing optimal action
mai 06, 2020 12:32:32 P.M. hvl.projectparmorel.qlearning.QModelFixer handleStep
INFO: Chose action setDefaultValueLiteral in context 0 with weight 0.6712517
mai 06, 2020 12:32:32 P.M. hvl.projectparmorel.qlearning.QModelFixer updateQTable
INFO: Calculating new Q-value:
Old Q-value: 0.6712517
Alpha: 1.0
Gamma:1.0

Reward: -2
0.6712517 + 1.0 * (-2 + 1.0 - 0.6712517) = -1.0
mai 06, 2020 12:32:32 P.M. hvl.projectparmorel.qlearning.QModelFixer updateQTable
INFO: Updated Q-table for error 38, context 0, action 1999964618 to new weight -1.0
mai 06, 2020 12:32:47 P.M. hvl.projectparmorel.ecore.EcoreSolution calculateDistanceFromOriginal
INFO: Calculated the distance between the models to 99.0
mai 06, 2020 12:32:47 P.M. hvl.projectparmorel.reward.PreferCloseDinstanceToOriginalPreference rewardcalculateRewardFor
INFO: Time to measure distance: 14099 ms
mai 06, 2020 12:32:47 P.M. hvl.projectparmorel.qlearning.QModelFixer updateQTable
INFO: Calculating new Q-value:
Old Q-value: -1.3287483
Alpha: 1.0
Gamma:1.0

Reward: 99
-1.3287483 + 1.0 * (99 + 1.0 - -1.3287483) = 100.0
mai 06, 2020 12:32:47 P.M. hvl.projectparmorel.qlearning.QModelFixer updateQTable
INFO: Updated Q-table for error 38, context 0, action 99999 to new weight 100.0
mai 06, 2020 12:32:47 P.M. hvl.projectparmorel.qlearning.QModelFixer updateQTable
INFO: Calculating new Q-value:
Old Q-value: -1.0
Alpha: 1.0
Gamma:1.0

Reward: 99
-1.0 + 1.0 * (99 + 1.0 - -1.0) = 100.0
mai 06, 2020 12:32:47 P.M. hvl.projectparmorel.qlearning.QModelFixer updateQTable
INFO: Updated Q-table for error 38, context 0, action 1999964618 to new weight 100.0
mai 06, 2020 12:32:49 P.M. hvl.projectparmorel.reward.PreferReuse rewardcalculateRewardFor
INFO: Time to get metric: 2042 ms
mai 06, 2020 12:32:49 P.M. hvl.projectparmorel.qlearning.QModelFixer isUnique
INFO: Solution [ErrorAction [Error: 38 The default value literal '0' must be a valid literal of the attribute's type, Action: delete, Error hierarchy: 0]
, ErrorAction [Error: 38 The default value literal '0' must be a valid literal of the attribute's type, Action: setDefaultValueLiteral, Error hierarchy: 0]
] already exists.
mai 06, 2020 12:32:49 P.M. hvl.projectparmorel.qlearning.QModelFixer fixModel
INFO: Solution discarded.
mai 06, 2020 12:32:49 P.M. hvl.projectparmorel.qlearning.QModelFixer fixModel
INFO: EPISODE 20 TOTAL REWARD 195.0



mai 06, 2020 12:32:49 P.M. hvl.projectparmorel.qlearning.QModelFixer handleEpisode
INFO: EPISODE 21, STEP 0, Fixing error 38: The default value literal '0' must be a valid literal of the attribute's type
mai 06, 2020 12:32:49 P.M. hvl.projectparmorel.qlearning.QModelFixer chooseAction
INFO: Choosing optimal action
mai 06, 2020 12:32:49 P.M. hvl.projectparmorel.qlearning.QModelFixer handleStep
INFO: Chose action delete in context 0 with weight 0.6712517
mai 06, 2020 12:32:49 P.M. hvl.projectparmorel.qlearning.QModelFixer handleStep
INFO: Next error code: 38
mai 06, 2020 12:32:49 P.M. hvl.projectparmorel.qlearning.QModelFixer handleStep
INFO: Calculating new Q-value:
Old Q-value: 0.6712517
Alpha: 1.0
Gamma: 1.0
Reward: -2
Next optimal action Q-value: 0.6712517
0.6712517 + 1.0 * (-2 + 1.0 * 0.6712517 - 0.6712517) = -1.3287483
mai 06, 2020 12:32:49 P.M. hvl.projectparmorel.qlearning.QModelFixer handleStep
INFO: Updated Q-table for error 38, context 0, action 99999 delete to new weight -1.3287483


mai 06, 2020 12:32:49 P.M. hvl.projectparmorel.qlearning.QModelFixer handleEpisode
INFO: EPISODE 21, STEP 1, Fixing error 38: The default value literal '0' must be a valid literal of the attribute's type
mai 06, 2020 12:32:49 P.M. hvl.projectparmorel.qlearning.QModelFixer chooseAction
INFO: Choosing random action.
mai 06, 2020 12:32:49 P.M. hvl.projectparmorel.qlearning.QModelFixer handleStep
INFO: Chose action delete in context 0 with weight -1.3287483
mai 06, 2020 12:32:50 P.M. hvl.projectparmorel.qlearning.QModelFixer updateQTable
INFO: Calculating new Q-value:
Old Q-value: -1.3287483
Alpha: 1.0
Gamma:1.0

Reward: -2
-1.3287483 + 1.0 * (-2 + 1.0 - -1.3287483) = -1.0
mai 06, 2020 12:32:50 P.M. hvl.projectparmorel.qlearning.QModelFixer updateQTable
INFO: Updated Q-table for error 38, context 0, action 99999 to new weight -1.0
mai 06, 2020 12:33:11 P.M. hvl.projectparmorel.ecore.EcoreSolution calculateDistanceFromOriginal
INFO: Calculated the distance between the models to 99.0
mai 06, 2020 12:33:11 P.M. hvl.projectparmorel.reward.PreferCloseDinstanceToOriginalPreference rewardcalculateRewardFor
INFO: Time to measure distance: 21799 ms
mai 06, 2020 12:33:11 P.M. hvl.projectparmorel.qlearning.QModelFixer updateQTable
INFO: Calculating new Q-value:
Old Q-value: -1.0
Alpha: 1.0
Gamma:1.0

Reward: 99
-1.0 + 1.0 * (99 + 1.0 - -1.0) = 100.0
mai 06, 2020 12:33:11 P.M. hvl.projectparmorel.qlearning.QModelFixer updateQTable
INFO: Updated Q-table for error 38, context 0, action 99999 to new weight 100.0
mai 06, 2020 12:33:11 P.M. hvl.projectparmorel.qlearning.QModelFixer updateQTable
INFO: Calculating new Q-value:
Old Q-value: 100.0
Alpha: 1.0
Gamma:1.0

Reward: 99
100.0 + 1.0 * (99 + 1.0 - 100.0) = 100.0
mai 06, 2020 12:33:11 P.M. hvl.projectparmorel.qlearning.QModelFixer updateQTable
INFO: Updated Q-table for error 38, context 0, action 99999 to new weight 100.0
mai 06, 2020 12:33:13 P.M. hvl.projectparmorel.reward.PreferReuse rewardcalculateRewardFor
INFO: Time to get metric: 2013 ms
mai 06, 2020 12:33:13 P.M. hvl.projectparmorel.qlearning.QModelFixer fixModel
INFO: Solution added to possible solitons: [ErrorAction [Error: 38 The default value literal '0' must be a valid literal of the attribute's type, Action: delete, Error hierarchy: 0]
, ErrorAction [Error: 38 The default value literal '0' must be a valid literal of the attribute's type, Action: delete, Error hierarchy: 0]
]
mai 06, 2020 12:33:13 P.M. hvl.projectparmorel.qlearning.QModelFixer fixModel
INFO: EPISODE 21 TOTAL REWARD 195.0



mai 06, 2020 12:33:13 P.M. hvl.projectparmorel.qlearning.QModelFixer handleEpisode
INFO: EPISODE 22, STEP 0, Fixing error 38: The default value literal '0' must be a valid literal of the attribute's type
mai 06, 2020 12:33:13 P.M. hvl.projectparmorel.qlearning.QModelFixer chooseAction
INFO: Choosing optimal action
mai 06, 2020 12:33:13 P.M. hvl.projectparmorel.qlearning.QModelFixer handleStep
INFO: Chose action delete in context 0 with weight 0.6721763
mai 06, 2020 12:33:14 P.M. hvl.projectparmorel.qlearning.QModelFixer handleStep
INFO: Next error code: 38
mai 06, 2020 12:33:14 P.M. hvl.projectparmorel.qlearning.QModelFixer handleStep
INFO: Calculating new Q-value:
Old Q-value: 0.6721763
Alpha: 1.0
Gamma: 1.0
Reward: -2
Next optimal action Q-value: 0.6721763
0.6721763 + 1.0 * (-2 + 1.0 * 0.6721763 - 0.6721763) = -1.3278237000000002
mai 06, 2020 12:33:14 P.M. hvl.projectparmorel.qlearning.QModelFixer handleStep
INFO: Updated Q-table for error 38, context 0, action 99999 delete to new weight -1.3278237000000002


mai 06, 2020 12:33:14 P.M. hvl.projectparmorel.qlearning.QModelFixer handleEpisode
INFO: EPISODE 22, STEP 1, Fixing error 38: The default value literal '0' must be a valid literal of the attribute's type
mai 06, 2020 12:33:14 P.M. hvl.projectparmorel.qlearning.QModelFixer chooseAction
INFO: Choosing optimal action
mai 06, 2020 12:33:14 P.M. hvl.projectparmorel.qlearning.QModelFixer handleStep
INFO: Chose action setDefaultValueLiteral in context 0 with weight 0.6712517
mai 06, 2020 12:33:14 P.M. hvl.projectparmorel.qlearning.QModelFixer updateQTable
INFO: Calculating new Q-value:
Old Q-value: 0.6712517
Alpha: 1.0
Gamma:1.0

Reward: -2
0.6712517 + 1.0 * (-2 + 1.0 - 0.6712517) = -1.0
mai 06, 2020 12:33:14 P.M. hvl.projectparmorel.qlearning.QModelFixer updateQTable
INFO: Updated Q-table for error 38, context 0, action 1999964618 to new weight -1.0
mai 06, 2020 12:33:30 P.M. hvl.projectparmorel.ecore.EcoreSolution calculateDistanceFromOriginal
INFO: Calculated the distance between the models to 99.0
mai 06, 2020 12:33:30 P.M. hvl.projectparmorel.reward.PreferCloseDinstanceToOriginalPreference rewardcalculateRewardFor
INFO: Time to measure distance: 16096 ms
mai 06, 2020 12:33:30 P.M. hvl.projectparmorel.qlearning.QModelFixer updateQTable
INFO: Calculating new Q-value:
Old Q-value: -1.3278237000000002
Alpha: 1.0
Gamma:1.0

Reward: 99
-1.3278237000000002 + 1.0 * (99 + 1.0 - -1.3278237000000002) = 100.0
mai 06, 2020 12:33:30 P.M. hvl.projectparmorel.qlearning.QModelFixer updateQTable
INFO: Updated Q-table for error 38, context 0, action 99999 to new weight 100.0
mai 06, 2020 12:33:30 P.M. hvl.projectparmorel.qlearning.QModelFixer updateQTable
INFO: Calculating new Q-value:
Old Q-value: -1.0
Alpha: 1.0
Gamma:1.0

Reward: 99
-1.0 + 1.0 * (99 + 1.0 - -1.0) = 100.0
mai 06, 2020 12:33:30 P.M. hvl.projectparmorel.qlearning.QModelFixer updateQTable
INFO: Updated Q-table for error 38, context 0, action 1999964618 to new weight 100.0
mai 06, 2020 12:33:32 P.M. hvl.projectparmorel.reward.PreferReuse rewardcalculateRewardFor
INFO: Time to get metric: 2029 ms
mai 06, 2020 12:33:32 P.M. hvl.projectparmorel.qlearning.QModelFixer isUnique
INFO: Solution [ErrorAction [Error: 38 The default value literal '0' must be a valid literal of the attribute's type, Action: delete, Error hierarchy: 0]
, ErrorAction [Error: 38 The default value literal '0' must be a valid literal of the attribute's type, Action: setDefaultValueLiteral, Error hierarchy: 0]
] already exists.
mai 06, 2020 12:33:32 P.M. hvl.projectparmorel.qlearning.QModelFixer fixModel
INFO: Solution discarded.
mai 06, 2020 12:33:32 P.M. hvl.projectparmorel.qlearning.QModelFixer fixModel
INFO: EPISODE 22 TOTAL REWARD 195.0



mai 06, 2020 12:33:32 P.M. hvl.projectparmorel.qlearning.QModelFixer handleEpisode
INFO: EPISODE 23, STEP 0, Fixing error 38: The default value literal '0' must be a valid literal of the attribute's type
mai 06, 2020 12:33:32 P.M. hvl.projectparmorel.qlearning.QModelFixer chooseAction
INFO: Choosing optimal action
mai 06, 2020 12:33:32 P.M. hvl.projectparmorel.qlearning.QModelFixer handleStep
INFO: Chose action delete in context 0 with weight 0.6712517
mai 06, 2020 12:33:32 P.M. hvl.projectparmorel.qlearning.QModelFixer handleStep
INFO: Next error code: 38
mai 06, 2020 12:33:32 P.M. hvl.projectparmorel.qlearning.QModelFixer handleStep
INFO: Calculating new Q-value:
Old Q-value: 0.6712517
Alpha: 1.0
Gamma: 1.0
Reward: -2
Next optimal action Q-value: 0.6712517
0.6712517 + 1.0 * (-2 + 1.0 * 0.6712517 - 0.6712517) = -1.3287483
mai 06, 2020 12:33:32 P.M. hvl.projectparmorel.qlearning.QModelFixer handleStep
INFO: Updated Q-table for error 38, context 0, action 99999 delete to new weight -1.3287483


mai 06, 2020 12:33:32 P.M. hvl.projectparmorel.qlearning.QModelFixer handleEpisode
INFO: EPISODE 23, STEP 1, Fixing error 38: The default value literal '0' must be a valid literal of the attribute's type
mai 06, 2020 12:33:32 P.M. hvl.projectparmorel.qlearning.QModelFixer chooseAction
INFO: Choosing random action.
mai 06, 2020 12:33:32 P.M. hvl.projectparmorel.qlearning.QModelFixer handleStep
INFO: Chose action setDefaultValueLiteral in context 0 with weight 0.6712517
mai 06, 2020 12:33:32 P.M. hvl.projectparmorel.qlearning.QModelFixer updateQTable
INFO: Calculating new Q-value:
Old Q-value: 0.6712517
Alpha: 1.0
Gamma:1.0

Reward: -2
0.6712517 + 1.0 * (-2 + 1.0 - 0.6712517) = -1.0
mai 06, 2020 12:33:32 P.M. hvl.projectparmorel.qlearning.QModelFixer updateQTable
INFO: Updated Q-table for error 38, context 0, action 1999964618 to new weight -1.0
mai 06, 2020 12:33:51 P.M. hvl.projectparmorel.ecore.EcoreSolution calculateDistanceFromOriginal
INFO: Calculated the distance between the models to 99.0
mai 06, 2020 12:33:51 P.M. hvl.projectparmorel.reward.PreferCloseDinstanceToOriginalPreference rewardcalculateRewardFor
INFO: Time to measure distance: 18360 ms
mai 06, 2020 12:33:51 P.M. hvl.projectparmorel.qlearning.QModelFixer updateQTable
INFO: Calculating new Q-value:
Old Q-value: -1.3287483
Alpha: 1.0
Gamma:1.0

Reward: 99
-1.3287483 + 1.0 * (99 + 1.0 - -1.3287483) = 100.0
mai 06, 2020 12:33:51 P.M. hvl.projectparmorel.qlearning.QModelFixer updateQTable
INFO: Updated Q-table for error 38, context 0, action 99999 to new weight 100.0
mai 06, 2020 12:33:51 P.M. hvl.projectparmorel.qlearning.QModelFixer updateQTable
INFO: Calculating new Q-value:
Old Q-value: -1.0
Alpha: 1.0
Gamma:1.0

Reward: 99
-1.0 + 1.0 * (99 + 1.0 - -1.0) = 100.0
mai 06, 2020 12:33:51 P.M. hvl.projectparmorel.qlearning.QModelFixer updateQTable
INFO: Updated Q-table for error 38, context 0, action 1999964618 to new weight 100.0
mai 06, 2020 12:33:53 P.M. hvl.projectparmorel.reward.PreferReuse rewardcalculateRewardFor
INFO: Time to get metric: 1991 ms
mai 06, 2020 12:33:53 P.M. hvl.projectparmorel.qlearning.QModelFixer isUnique
INFO: Solution [ErrorAction [Error: 38 The default value literal '0' must be a valid literal of the attribute's type, Action: delete, Error hierarchy: 0]
, ErrorAction [Error: 38 The default value literal '0' must be a valid literal of the attribute's type, Action: setDefaultValueLiteral, Error hierarchy: 0]
] already exists.
mai 06, 2020 12:33:53 P.M. hvl.projectparmorel.qlearning.QModelFixer fixModel
INFO: Solution discarded.
mai 06, 2020 12:33:53 P.M. hvl.projectparmorel.qlearning.QModelFixer fixModel
INFO: EPISODE 23 TOTAL REWARD 195.0



mai 06, 2020 12:33:53 P.M. hvl.projectparmorel.qlearning.QModelFixer handleEpisode
INFO: EPISODE 24, STEP 0, Fixing error 38: The default value literal '0' must be a valid literal of the attribute's type
mai 06, 2020 12:33:53 P.M. hvl.projectparmorel.qlearning.QModelFixer chooseAction
INFO: Choosing random action.
mai 06, 2020 12:33:53 P.M. hvl.projectparmorel.qlearning.QModelFixer handleStep
INFO: Chose action setEType in context 0 with weight 0.6703297
mai 06, 2020 12:33:53 P.M. hvl.projectparmorel.qlearning.QModelFixer updateQTable
INFO: Calculating new Q-value:
Old Q-value: 0.6703297
Alpha: 1.0
Gamma:1.0

Reward: -2
0.6703297 + 1.0 * (-2 + 1.0 - 0.6703297) = -0.9999999999999999
mai 06, 2020 12:33:53 P.M. hvl.projectparmorel.qlearning.QModelFixer updateQTable
INFO: Updated Q-table for error 38, context 0, action -591535257 to new weight -0.9999999999999999
mai 06, 2020 12:34:09 P.M. hvl.projectparmorel.ecore.EcoreSolution calculateDistanceFromOriginal
INFO: Calculated the distance between the models to 99.0
mai 06, 2020 12:34:09 P.M. hvl.projectparmorel.reward.PreferCloseDinstanceToOriginalPreference rewardcalculateRewardFor
INFO: Time to measure distance: 16416 ms
mai 06, 2020 12:34:09 P.M. hvl.projectparmorel.qlearning.QModelFixer updateQTable
INFO: Calculating new Q-value:
Old Q-value: -0.9999999999999999
Alpha: 1.0
Gamma:1.0

Reward: 99
-0.9999999999999999 + 1.0 * (99 + 1.0 - -0.9999999999999999) = 100.0
mai 06, 2020 12:34:09 P.M. hvl.projectparmorel.qlearning.QModelFixer updateQTable
INFO: Updated Q-table for error 38, context 0, action -591535257 to new weight 100.0
mai 06, 2020 12:34:11 P.M. hvl.projectparmorel.reward.PreferReuse rewardcalculateRewardFor
INFO: Time to get metric: 2239 ms
mai 06, 2020 12:34:11 P.M. hvl.projectparmorel.qlearning.QModelFixer isUnique
INFO: Solution [ErrorAction [Error: 38 The default value literal '0' must be a valid literal of the attribute's type, Action: setEType, Error hierarchy: 0]
] already exists.
mai 06, 2020 12:34:11 P.M. hvl.projectparmorel.qlearning.QModelFixer fixModel
INFO: Solution discarded.
mai 06, 2020 12:34:11 P.M. hvl.projectparmorel.qlearning.QModelFixer fixModel
INFO: EPISODE 24 TOTAL REWARD 97.0



mai 06, 2020 12:34:11 P.M. hvl.projectparmorel.qlearning.QModelFixer fixModel
INFO: Time repairing model: 528644 ms
mai 06, 2020 12:34:11 P.M. hvl.projectparmorel.qlearning.QModelFixer fixModel
INFO: 
-----------------ALL SEQUENCES FOUND-------------------
SIZE: 6
DISCARDED SEQUENCES: 19
--------::::B E S T   S E Q U E N C E   I S::::---------
Sequence [id=11, seq=[ErrorAction [Error: 38 The default value literal '0' must be a valid literal of the attribute's type, Action: delete, Error hierarchy: 0]
, ErrorAction [Error: 38 The default value literal '0' must be a valid literal of the attribute's type, Action: setDefaultValueLiteralGen, Error hierarchy: 0]
], weight=195.0]

 with 2 actions.
mai 06, 2020 12:34:11 P.M. hvl.projectparmorel.knowledge.Knowledge save
INFO: Saving initialized
mai 06, 2020 12:34:11 P.M. hvl.projectparmorel.knowledge.Knowledge save
INFO: document prepared
mai 06, 2020 12:34:11 P.M. hvl.projectparmorel.knowledge.Knowledge save
INFO: Saving completed to /Users/Magnus/Skole/DAT300/EclipseWorkspace3/ParmorelRunnable/knowledge.xml
mai 06, 2020 12:34:11 P.M. hvl.projectparmorel.knowledge.Knowledge save
INFO: Saving initialized
mai 06, 2020 12:34:11 P.M. hvl.projectparmorel.knowledge.Knowledge save
INFO: document prepared
mai 06, 2020 12:34:11 P.M. hvl.projectparmorel.knowledge.Knowledge save
INFO: Saving completed to /Users/Magnus/Skole/DAT300/EclipseWorkspace3/ParmorelRunnable/knowledge.xml
