apr. 17, 2020 8:01:49 A.M. hvl.projectparmorel.modelrepair.QModelFixer fixModel
INFO: Repairing mongodb.ecore
apr. 17, 2020 8:01:49 A.M. hvl.projectparmorel.modelrepair.QModelFixer fixModel
INFO: Running with preferences [SHORT_SEQUENCES_OF_ACTIONS, REPAIR_HIGH_IN_CONTEXT_HIERARCHY]
apr. 17, 2020 8:01:49 A.M. hvl.projectparmorel.modelrepair.QModelFixer handleUnsupportedErrors
WARNING: The error code 1 for the error The required feature 'eAttributeType' of 'org.eclipse.emf.ecore.impl.EAttributeImpl@264f393f{file:/Users/Magnus/Skole/DAT300/EclipseWorkspace2/ParmorelRunnable/././differentSelectionMethodsOriginals/mongodb.ecore#//DB/dbType}' must be set is not supported.
apr. 17, 2020 8:01:49 A.M. hvl.projectparmorel.modelrepair.QModelFixer handleUnsupportedErrors
WARNING: The error code 1 for the error The required feature 'eReferenceType' of 'org.eclipse.emf.ecore.impl.EReferenceImpl@5eaa0057{file:/Users/Magnus/Skole/DAT300/EclipseWorkspace2/ParmorelRunnable/././differentSelectionMethodsOriginals/mongodb.ecore#//DB/tables}' must be set is not supported.
apr. 17, 2020 8:01:49 A.M. hvl.projectparmorel.modelrepair.QModelFixer handleUnsupportedErrors
WARNING: The error code 1 for the error The required feature 'eAttributeType' of 'org.eclipse.emf.ecore.impl.EAttributeImpl@3ac82ab6{file:/Users/Magnus/Skole/DAT300/EclipseWorkspace2/ParmorelRunnable/././differentSelectionMethodsOriginals/mongodb.ecore#//DB/key}' must be set is not supported.
apr. 17, 2020 8:01:49 A.M. hvl.projectparmorel.modelrepair.QModelFixer handleUnsupportedErrors
WARNING: The error code 1 for the error The required feature 'eAttributeType' of 'org.eclipse.emf.ecore.impl.EAttributeImpl@3dd54612{file:/Users/Magnus/Skole/DAT300/EclipseWorkspace2/ParmorelRunnable/././differentSelectionMethodsOriginals/mongodb.ecore#//DB/url}' must be set is not supported.
apr. 17, 2020 8:01:49 A.M. hvl.projectparmorel.modelrepair.QModelFixer handleUnsupportedErrors
WARNING: The error code 1 for the error The required feature 'eAttributeType' of 'org.eclipse.emf.ecore.impl.EAttributeImpl@628c0656{file:/Users/Magnus/Skole/DAT300/EclipseWorkspace2/ParmorelRunnable/././differentSelectionMethodsOriginals/mongodb.ecore#//DB/id}' must be set is not supported.
apr. 17, 2020 8:01:49 A.M. hvl.projectparmorel.modelrepair.QModelFixer handleUnsupportedErrors
WARNING: The error code 1 for the error The required feature 'eAttributeType' of 'org.eclipse.emf.ecore.impl.EAttributeImpl@6caa0ae8{file:/Users/Magnus/Skole/DAT300/EclipseWorkspace2/ParmorelRunnable/././differentSelectionMethodsOriginals/mongodb.ecore#//DB/sid}' must be set is not supported.
apr. 17, 2020 8:01:49 A.M. hvl.projectparmorel.modelrepair.QModelFixer handleUnsupportedErrors
WARNING: The error code 1 for the error The required feature 'eReferenceType' of 'org.eclipse.emf.ecore.impl.EReferenceImpl@174c0051{file:/Users/Magnus/Skole/DAT300/EclipseWorkspace2/ParmorelRunnable/././differentSelectionMethodsOriginals/mongodb.ecore#//DB/references}' must be set is not supported.
apr. 17, 2020 8:01:49 A.M. hvl.projectparmorel.modelrepair.QModelFixer handleUnsupportedErrors
WARNING: The error code 1 for the error The required feature 'eAttributeType' of 'org.eclipse.emf.ecore.impl.EAttributeImpl@3e317c{file:/Users/Magnus/Skole/DAT300/EclipseWorkspace2/ParmorelRunnable/././differentSelectionMethodsOriginals/mongodb.ecore#//DB/comment}' must be set is not supported.
apr. 17, 2020 8:01:49 A.M. hvl.projectparmorel.modelrepair.QModelFixer handleUnsupportedErrors
WARNING: The error code 1 for the error The required feature 'eReferenceType' of 'org.eclipse.emf.ecore.impl.EReferenceImpl@23a08255{file:/Users/Magnus/Skole/DAT300/EclipseWorkspace2/ParmorelRunnable/././differentSelectionMethodsOriginals/mongodb.ecore#//Table/columns}' must be set is not supported.
apr. 17, 2020 8:01:49 A.M. hvl.projectparmorel.modelrepair.QModelFixer handleUnsupportedErrors
WARNING: The error code 1 for the error The required feature 'eReferenceType' of 'org.eclipse.emf.ecore.impl.EReferenceImpl@25531c96{file:/Users/Magnus/Skole/DAT300/EclipseWorkspace2/ParmorelRunnable/././differentSelectionMethodsOriginals/mongodb.ecore#//Table/db}' must be set is not supported.
apr. 17, 2020 8:01:49 A.M. hvl.projectparmorel.modelrepair.QModelFixer handleUnsupportedErrors
WARNING: The error code 1 for the error The required feature 'eAttributeType' of 'org.eclipse.emf.ecore.impl.EAttributeImpl@10e15e61{file:/Users/Magnus/Skole/DAT300/EclipseWorkspace2/ParmorelRunnable/././differentSelectionMethodsOriginals/mongodb.ecore#//Table/name}' must be set is not supported.
apr. 17, 2020 8:01:49 A.M. hvl.projectparmorel.modelrepair.QModelFixer handleUnsupportedErrors
WARNING: The error code 1 for the error The required feature 'eAttributeType' of 'org.eclipse.emf.ecore.impl.EAttributeImpl@6c7f64a7{file:/Users/Magnus/Skole/DAT300/EclipseWorkspace2/ParmorelRunnable/././differentSelectionMethodsOriginals/mongodb.ecore#//Table/constraints}' must be set is not supported.
apr. 17, 2020 8:01:49 A.M. hvl.projectparmorel.modelrepair.QModelFixer handleUnsupportedErrors
WARNING: The error code 1 for the error The required feature 'eReferenceType' of 'org.eclipse.emf.ecore.impl.EReferenceImpl@4beaf157{file:/Users/Magnus/Skole/DAT300/EclipseWorkspace2/ParmorelRunnable/././differentSelectionMethodsOriginals/mongodb.ecore#//Table/incomingLinks}' must be set is not supported.
apr. 17, 2020 8:01:49 A.M. hvl.projectparmorel.modelrepair.QModelFixer handleUnsupportedErrors
WARNING: The error code 1 for the error The required feature 'eReferenceType' of 'org.eclipse.emf.ecore.impl.EReferenceImpl@76e0e310{file:/Users/Magnus/Skole/DAT300/EclipseWorkspace2/ParmorelRunnable/././differentSelectionMethodsOriginals/mongodb.ecore#//Table/outgoingLinks}' must be set is not supported.
apr. 17, 2020 8:01:49 A.M. hvl.projectparmorel.modelrepair.QModelFixer handleUnsupportedErrors
WARNING: The error code 1 for the error The required feature 'eAttributeType' of 'org.eclipse.emf.ecore.impl.EAttributeImpl@6ce8b9fb{file:/Users/Magnus/Skole/DAT300/EclipseWorkspace2/ParmorelRunnable/././differentSelectionMethodsOriginals/mongodb.ecore#//Table/logicalName}' must be set is not supported.
apr. 17, 2020 8:01:49 A.M. hvl.projectparmorel.modelrepair.QModelFixer handleUnsupportedErrors
WARNING: The error code 1 for the error The required feature 'eAttributeType' of 'org.eclipse.emf.ecore.impl.EAttributeImpl@7b25a29d{file:/Users/Magnus/Skole/DAT300/EclipseWorkspace2/ParmorelRunnable/././differentSelectionMethodsOriginals/mongodb.ecore#//Table/comment}' must be set is not supported.
apr. 17, 2020 8:01:49 A.M. hvl.projectparmorel.modelrepair.QModelFixer handleUnsupportedErrors
WARNING: The error code 1 for the error The required feature 'eReferenceType' of 'org.eclipse.emf.ecore.impl.EReferenceImpl@675984e7{file:/Users/Magnus/Skole/DAT300/EclipseWorkspace2/ParmorelRunnable/././differentSelectionMethodsOriginals/mongodb.ecore#//Table/UserCommentReference}' must be set is not supported.
apr. 17, 2020 8:01:49 A.M. hvl.projectparmorel.modelrepair.QModelFixer handleUnsupportedErrors
WARNING: The error code 1 for the error The required feature 'eAttributeType' of 'org.eclipse.emf.ecore.impl.EAttributeImpl@795dcce{file:/Users/Magnus/Skole/DAT300/EclipseWorkspace2/ParmorelRunnable/././differentSelectionMethodsOriginals/mongodb.ecore#//Column/field}' must be set is not supported.
apr. 17, 2020 8:01:49 A.M. hvl.projectparmorel.modelrepair.QModelFixer handleUnsupportedErrors
WARNING: The error code 1 for the error The required feature 'eAttributeType' of 'org.eclipse.emf.ecore.impl.EAttributeImpl@6cddb848{file:/Users/Magnus/Skole/DAT300/EclipseWorkspace2/ParmorelRunnable/././differentSelectionMethodsOriginals/mongodb.ecore#//Column/type}' must be set is not supported.
apr. 17, 2020 8:01:49 A.M. hvl.projectparmorel.modelrepair.QModelFixer handleUnsupportedErrors
WARNING: The error code 1 for the error The required feature 'eAttributeType' of 'org.eclipse.emf.ecore.impl.EAttributeImpl@70ae097b{file:/Users/Magnus/Skole/DAT300/EclipseWorkspace2/ParmorelRunnable/././differentSelectionMethodsOriginals/mongodb.ecore#//Column/default}' must be set is not supported.
apr. 17, 2020 8:01:49 A.M. hvl.projectparmorel.modelrepair.QModelFixer handleUnsupportedErrors
WARNING: The error code 1 for the error The required feature 'eReferenceType' of 'org.eclipse.emf.ecore.impl.EReferenceImpl@4326b441{file:/Users/Magnus/Skole/DAT300/EclipseWorkspace2/ParmorelRunnable/././differentSelectionMethodsOriginals/mongodb.ecore#//Column/table}' must be set is not supported.
apr. 17, 2020 8:01:49 A.M. hvl.projectparmorel.modelrepair.QModelFixer handleUnsupportedErrors
WARNING: The error code 1 for the error The required feature 'eAttributeType' of 'org.eclipse.emf.ecore.impl.EAttributeImpl@6a7c7347{file:/Users/Magnus/Skole/DAT300/EclipseWorkspace2/ParmorelRunnable/././differentSelectionMethodsOriginals/mongodb.ecore#//Column/logicalField}' must be set is not supported.
apr. 17, 2020 8:01:49 A.M. hvl.projectparmorel.modelrepair.QModelFixer handleUnsupportedErrors
WARNING: The error code 1 for the error The required feature 'eAttributeType' of 'org.eclipse.emf.ecore.impl.EAttributeImpl@6b6289b8{file:/Users/Magnus/Skole/DAT300/EclipseWorkspace2/ParmorelRunnable/././differentSelectionMethodsOriginals/mongodb.ecore#//Column/key}' must be set is not supported.
apr. 17, 2020 8:01:49 A.M. hvl.projectparmorel.modelrepair.QModelFixer handleUnsupportedErrors
WARNING: The error code 1 for the error The required feature 'eAttributeType' of 'org.eclipse.emf.ecore.impl.EAttributeImpl@6b87a07e{file:/Users/Magnus/Skole/DAT300/EclipseWorkspace2/ParmorelRunnable/././differentSelectionMethodsOriginals/mongodb.ecore#//Column/comment}' must be set is not supported.
apr. 17, 2020 8:01:49 A.M. hvl.projectparmorel.modelrepair.QModelFixer handleUnsupportedErrors
WARNING: The error code 1 for the error The required feature 'eReferenceType' of 'org.eclipse.emf.ecore.impl.EReferenceImpl@1df585f3{file:/Users/Magnus/Skole/DAT300/EclipseWorkspace2/ParmorelRunnable/././differentSelectionMethodsOriginals/mongodb.ecore#//Column/subDoc}' must be set is not supported.
apr. 17, 2020 8:01:49 A.M. hvl.projectparmorel.modelrepair.QModelFixer handleUnsupportedErrors
WARNING: The error code 1 for the error The required feature 'eReferenceType' of 'org.eclipse.emf.ecore.impl.EReferenceImpl@3098caac{file:/Users/Magnus/Skole/DAT300/EclipseWorkspace2/ParmorelRunnable/././differentSelectionMethodsOriginals/mongodb.ecore#//Relation/source}' must be set is not supported.
apr. 17, 2020 8:01:49 A.M. hvl.projectparmorel.modelrepair.QModelFixer handleUnsupportedErrors
WARNING: The error code 1 for the error The required feature 'eReferenceType' of 'org.eclipse.emf.ecore.impl.EReferenceImpl@67b6e44c{file:/Users/Magnus/Skole/DAT300/EclipseWorkspace2/ParmorelRunnable/././differentSelectionMethodsOriginals/mongodb.ecore#//Relation/target}' must be set is not supported.
apr. 17, 2020 8:01:49 A.M. hvl.projectparmorel.modelrepair.QModelFixer handleUnsupportedErrors
WARNING: The error code 1 for the error The required feature 'eAttributeType' of 'org.eclipse.emf.ecore.impl.EAttributeImpl@5218aef3{file:/Users/Magnus/Skole/DAT300/EclipseWorkspace2/ParmorelRunnable/././differentSelectionMethodsOriginals/mongodb.ecore#//Relation/source_kind}' must be set is not supported.
apr. 17, 2020 8:01:49 A.M. hvl.projectparmorel.modelrepair.QModelFixer handleUnsupportedErrors
WARNING: The error code 1 for the error The required feature 'eAttributeType' of 'org.eclipse.emf.ecore.impl.EAttributeImpl@52bcc37e{file:/Users/Magnus/Skole/DAT300/EclipseWorkspace2/ParmorelRunnable/././differentSelectionMethodsOriginals/mongodb.ecore#//Relation/target_kind}' must be set is not supported.
apr. 17, 2020 8:01:49 A.M. hvl.projectparmorel.modelrepair.QModelFixer handleUnsupportedErrors
WARNING: The error code 1 for the error The required feature 'eAttributeType' of 'org.eclipse.emf.ecore.impl.EAttributeImpl@2487be2f{file:/Users/Magnus/Skole/DAT300/EclipseWorkspace2/ParmorelRunnable/././differentSelectionMethodsOriginals/mongodb.ecore#//Relation/column_name}' must be set is not supported.
apr. 17, 2020 8:01:49 A.M. hvl.projectparmorel.modelrepair.QModelFixer handleUnsupportedErrors
WARNING: The error code 1 for the error The required feature 'eAttributeType' of 'org.eclipse.emf.ecore.impl.EAttributeImpl@74c3aa77{file:/Users/Magnus/Skole/DAT300/EclipseWorkspace2/ParmorelRunnable/././differentSelectionMethodsOriginals/mongodb.ecore#//Relation/referenced_column_name}' must be set is not supported.
apr. 17, 2020 8:01:49 A.M. hvl.projectparmorel.modelrepair.QModelFixer handleUnsupportedErrors
WARNING: The error code 1 for the error The required feature 'eAttributeType' of 'org.eclipse.emf.ecore.impl.EAttributeImpl@633bed2a{file:/Users/Magnus/Skole/DAT300/EclipseWorkspace2/ParmorelRunnable/././differentSelectionMethodsOriginals/mongodb.ecore#//Relation/bendpoint}' must be set is not supported.
apr. 17, 2020 8:01:49 A.M. hvl.projectparmorel.modelrepair.QModelFixer handleUnsupportedErrors
WARNING: The error code 1 for the error The required feature 'eReferenceType' of 'org.eclipse.emf.ecore.impl.EReferenceImpl@57a87500{file:/Users/Magnus/Skole/DAT300/EclipseWorkspace2/ParmorelRunnable/././differentSelectionMethodsOriginals/mongodb.ecore#//Relation/db}' must be set is not supported.
apr. 17, 2020 8:01:49 A.M. hvl.projectparmorel.modelrepair.QModelFixer handleUnsupportedErrors
WARNING: The error code 1 for the error The required feature 'eAttributeType' of 'org.eclipse.emf.ecore.impl.EAttributeImpl@4ec7cf1c{file:/Users/Magnus/Skole/DAT300/EclipseWorkspace2/ParmorelRunnable/././differentSelectionMethodsOriginals/mongodb.ecore#//Relation/comment}' must be set is not supported.
apr. 17, 2020 8:01:49 A.M. hvl.projectparmorel.modelrepair.QModelFixer handleUnsupportedErrors
WARNING: The error code 1 for the error The required feature 'eAttributeType' of 'org.eclipse.emf.ecore.impl.EAttributeImpl@27be44a1{file:/Users/Magnus/Skole/DAT300/EclipseWorkspace2/ParmorelRunnable/././differentSelectionMethodsOriginals/mongodb.ecore#//Relation/constraint_name}' must be set is not supported.
apr. 17, 2020 8:01:49 A.M. hvl.projectparmorel.modelrepair.QModelFixer handleUnsupportedErrors
WARNING: The error code 1 for the error The required feature 'eReferenceType' of 'org.eclipse.emf.ecore.impl.EReferenceImpl@b44acd1{file:/Users/Magnus/Skole/DAT300/EclipseWorkspace2/ParmorelRunnable/././differentSelectionMethodsOriginals/mongodb.ecore#//View/tableName}' must be set is not supported.
apr. 17, 2020 8:01:49 A.M. hvl.projectparmorel.modelrepair.QModelFixer handleUnsupportedErrors
WARNING: The error code 1 for the error The required feature 'eAttributeType' of 'org.eclipse.emf.ecore.impl.EAttributeImpl@376180e9{file:/Users/Magnus/Skole/DAT300/EclipseWorkspace2/ParmorelRunnable/././differentSelectionMethodsOriginals/mongodb.ecore#//ERDInfo/autoLayout}' must be set is not supported.
apr. 17, 2020 8:01:49 A.M. hvl.projectparmorel.modelrepair.QModelFixer handleUnsupportedErrors
WARNING: The error code 1 for the error The required feature 'eAttributeType' of 'org.eclipse.emf.ecore.impl.EAttributeImpl@3c7d69e7{file:/Users/Magnus/Skole/DAT300/EclipseWorkspace2/ParmorelRunnable/././differentSelectionMethodsOriginals/mongodb.ecore#//ERDInfo/version}' must be set is not supported.
apr. 17, 2020 8:01:49 A.M. hvl.projectparmorel.modelrepair.QModelFixer handleUnsupportedErrors
WARNING: The error code 1 for the error The required feature 'eAttributeType' of 'org.eclipse.emf.ecore.impl.EAttributeImpl@7a6f5480{file:/Users/Magnus/Skole/DAT300/EclipseWorkspace2/ParmorelRunnable/././differentSelectionMethodsOriginals/mongodb.ecore#//ERDInfo/autoLayout_type}' must be set is not supported.
apr. 17, 2020 8:01:49 A.M. hvl.projectparmorel.modelrepair.QModelFixer handleUnsupportedErrors
WARNING: The error code 1 for the error The required feature 'eAttributeType' of 'org.eclipse.emf.ecore.impl.EAttributeImpl@1ef452be{file:/Users/Magnus/Skole/DAT300/EclipseWorkspace2/ParmorelRunnable/././differentSelectionMethodsOriginals/mongodb.ecore#//UserComment/comment}' must be set is not supported.
apr. 17, 2020 8:01:49 A.M. hvl.projectparmorel.modelrepair.QModelFixer fixModel
INFO: Initial number of errors in model: 41
Maximum number of steps per episode: 57
Errors to fix: [Error 40, message=The typed element must have a type
, Error 401, message=The typed element must have a type
, Error 40, message=The typed element must have a type
, Error 40, message=The typed element must have a type
, Error 40, message=The typed element must have a type
, Error 40, message=The typed element must have a type
, Error 401, message=The typed element must have a type
, Error 40, message=The typed element must have a type
, Error 401, message=The typed element must have a type
, Error 401, message=The typed element must have a type
, Error 40, message=The typed element must have a type
, Error 40, message=The typed element must have a type
, Error 401, message=The typed element must have a type
, Error 401, message=The typed element must have a type
, Error 40, message=The typed element must have a type
, Error 40, message=The typed element must have a type
, Error 401, message=The typed element must have a type
, Error 40, message=The typed element must have a type
, Error 40, message=The typed element must have a type
, Error 40, message=The typed element must have a type
, Error 401, message=The typed element must have a type
, Error 40, message=The typed element must have a type
, Error 40, message=The typed element must have a type
, Error 40, message=The typed element must have a type
, Error 401, message=The typed element must have a type
, Error 401, message=The typed element must have a type
, Error 401, message=The typed element must have a type
, Error 40, message=The typed element must have a type
, Error 40, message=The typed element must have a type
, Error 40, message=The typed element must have a type
, Error 40, message=The typed element must have a type
, Error 40, message=The typed element must have a type
, Error 401, message=The typed element must have a type
, Error 40, message=The typed element must have a type
, Error 40, message=The typed element must have a type
, Error 401, message=The typed element must have a type
, Error 40, message=The typed element must have a type
, Error 40, message=The typed element must have a type
, Error 38, message=The default value literal '0.8.1(2012.04.13)' must be a valid literal of the attribute's type
, Error 40, message=The typed element must have a type
, Error 40, message=The typed element must have a type
]
apr. 17, 2020 8:01:49 A.M. hvl.projectparmorel.modelrepair.QModelFixer fixModel
INFO: Initializing Q-table for the errors.
apr. 17, 2020 8:01:49 A.M. hvl.projectparmorel.modelrepair.QModelFixer fixModel
INFO: Number of episodes: 25
apr. 17, 2020 8:01:49 A.M. hvl.projectparmorel.modelrepair.QModelFixer handleEpisode
INFO: EPISODE 0, STEP 0, Fixing error 40: The typed element must have a type
apr. 17, 2020 8:01:49 A.M. hvl.projectparmorel.modelrepair.QModelFixer chooseAction
INFO: Choosing optimal action
apr. 17, 2020 8:01:49 A.M. hvl.projectparmorel.modelrepair.QModelFixer handleStep
INFO: Chose action setEType in context 0 with weight 657.507806860668
apr. 17, 2020 8:01:49 A.M. hvl.projectparmorel.modelrepair.QModelFixer handleStep
INFO: Calculating new Q-value:
Old Q-value: 657.507806860668
Alpha: 1.0

Reward: 0
657.507806860668 + 1.0 * (0 - 657.507806860668) = 0.0
apr. 17, 2020 8:01:49 A.M. hvl.projectparmorel.modelrepair.QModelFixer handleStep
INFO: Updated Q-table for error 40, context 0, action 591449609 setEType to new weight 0.0
apr. 17, 2020 8:01:49 A.M. hvl.projectparmorel.modelrepair.QModelFixer handleEpisode
INFO: Solution added to possible solitons: [ErrorAction [Error: 40 The typed element must have a type, Action: setEType, Error hierarchy: 0]
]
apr. 17, 2020 8:01:49 A.M. hvl.projectparmorel.modelrepair.QModelFixer handleEpisode
INFO: EPISODE 0 TOTAL REWARD 0



apr. 17, 2020 8:01:49 A.M. hvl.projectparmorel.modelrepair.QModelFixer handleEpisode
INFO: EPISODE 1, STEP 0, Fixing error 40: The typed element must have a type
apr. 17, 2020 8:01:49 A.M. hvl.projectparmorel.modelrepair.QModelFixer chooseAction
INFO: Choosing optimal action
apr. 17, 2020 8:01:49 A.M. hvl.projectparmorel.modelrepair.QModelFixer handleStep
INFO: Chose action delete in context 0 with weight 57.76391775795946
apr. 17, 2020 8:01:49 A.M. hvl.projectparmorel.modelrepair.QModelFixer handleStep
INFO: Calculating new Q-value:
Old Q-value: 57.76391775795946
Alpha: 0.9608333333333333

Reward: 0
57.76391775795946 + 0.9608333333333333 * (0 - 57.76391775795946) = 2.2624201121867458
apr. 17, 2020 8:01:49 A.M. hvl.projectparmorel.modelrepair.QModelFixer handleStep
INFO: Updated Q-table for error 40, context 0, action 99999 delete to new weight 2.2624201121867458
apr. 17, 2020 8:01:49 A.M. hvl.projectparmorel.modelrepair.QModelFixer isUnique
INFO: Solution [ErrorAction [Error: 40 The typed element must have a type, Action: delete, Error hierarchy: 0]
] already exists.
apr. 17, 2020 8:01:49 A.M. hvl.projectparmorel.modelrepair.QModelFixer handleEpisode
INFO: Solution discarded.
apr. 17, 2020 8:01:49 A.M. hvl.projectparmorel.modelrepair.QModelFixer handleEpisode
INFO: EPISODE 1 TOTAL REWARD 0



apr. 17, 2020 8:01:49 A.M. hvl.projectparmorel.modelrepair.QModelFixer handleEpisode
INFO: EPISODE 2, STEP 0, Fixing error 40: The typed element must have a type
apr. 17, 2020 8:01:49 A.M. hvl.projectparmorel.modelrepair.QModelFixer chooseAction
INFO: Choosing optimal action
apr. 17, 2020 8:01:49 A.M. hvl.projectparmorel.modelrepair.QModelFixer handleStep
INFO: Chose action delete in context 0 with weight 2.2624201121867458
apr. 17, 2020 8:01:49 A.M. hvl.projectparmorel.modelrepair.QModelFixer handleStep
INFO: Calculating new Q-value:
Old Q-value: 2.2624201121867458
Alpha: 0.9216666666666666

Reward: 0
2.2624201121867458 + 0.9216666666666666 * (0 - 2.2624201121867458) = 0.17722290878796176
apr. 17, 2020 8:01:49 A.M. hvl.projectparmorel.modelrepair.QModelFixer handleStep
INFO: Updated Q-table for error 40, context 0, action 99999 delete to new weight 0.17722290878796176
apr. 17, 2020 8:01:49 A.M. hvl.projectparmorel.modelrepair.QModelFixer isUnique
INFO: Solution [ErrorAction [Error: 40 The typed element must have a type, Action: delete, Error hierarchy: 0]
] already exists.
apr. 17, 2020 8:01:49 A.M. hvl.projectparmorel.modelrepair.QModelFixer handleEpisode
INFO: Solution discarded.
apr. 17, 2020 8:01:49 A.M. hvl.projectparmorel.modelrepair.QModelFixer handleEpisode
INFO: EPISODE 2 TOTAL REWARD 0



apr. 17, 2020 8:01:49 A.M. hvl.projectparmorel.modelrepair.QModelFixer handleEpisode
INFO: EPISODE 3, STEP 0, Fixing error 40: The typed element must have a type
apr. 17, 2020 8:01:49 A.M. hvl.projectparmorel.modelrepair.QModelFixer chooseAction
INFO: Choosing optimal action
apr. 17, 2020 8:01:49 A.M. hvl.projectparmorel.modelrepair.QModelFixer handleStep
INFO: Chose action delete in context 0 with weight 0.17722290878796176
apr. 17, 2020 8:01:49 A.M. hvl.projectparmorel.modelrepair.QModelFixer handleStep
INFO: Calculating new Q-value:
Old Q-value: 0.17722290878796176
Alpha: 0.8825000000000001

Reward: 0
0.17722290878796176 + 0.8825000000000001 * (0 - 0.17722290878796176) = 0.0208236917825855
apr. 17, 2020 8:01:49 A.M. hvl.projectparmorel.modelrepair.QModelFixer handleStep
INFO: Updated Q-table for error 40, context 0, action 99999 delete to new weight 0.0208236917825855
apr. 17, 2020 8:01:49 A.M. hvl.projectparmorel.modelrepair.QModelFixer isUnique
INFO: Solution [ErrorAction [Error: 40 The typed element must have a type, Action: delete, Error hierarchy: 0]
] already exists.
apr. 17, 2020 8:01:49 A.M. hvl.projectparmorel.modelrepair.QModelFixer handleEpisode
INFO: Solution discarded.
apr. 17, 2020 8:01:49 A.M. hvl.projectparmorel.modelrepair.QModelFixer handleEpisode
INFO: EPISODE 3 TOTAL REWARD 0



apr. 17, 2020 8:01:49 A.M. hvl.projectparmorel.modelrepair.QModelFixer handleEpisode
INFO: EPISODE 4, STEP 0, Fixing error 40: The typed element must have a type
apr. 17, 2020 8:01:49 A.M. hvl.projectparmorel.modelrepair.QModelFixer chooseAction
INFO: Choosing optimal action
apr. 17, 2020 8:01:49 A.M. hvl.projectparmorel.modelrepair.QModelFixer handleStep
INFO: Chose action delete in context 0 with weight 0.0208236917825855
apr. 17, 2020 8:01:49 A.M. hvl.projectparmorel.modelrepair.QModelFixer handleStep
INFO: Calculating new Q-value:
Old Q-value: 0.0208236917825855
Alpha: 0.8433333333333334

Reward: 0
0.0208236917825855 + 0.8433333333333334 * (0 - 0.0208236917825855) = 0.0032623783792717284
apr. 17, 2020 8:01:49 A.M. hvl.projectparmorel.modelrepair.QModelFixer handleStep
INFO: Updated Q-table for error 40, context 0, action 99999 delete to new weight 0.0032623783792717284
apr. 17, 2020 8:01:49 A.M. hvl.projectparmorel.modelrepair.QModelFixer isUnique
INFO: Solution [ErrorAction [Error: 40 The typed element must have a type, Action: delete, Error hierarchy: 0]
] already exists.
apr. 17, 2020 8:01:49 A.M. hvl.projectparmorel.modelrepair.QModelFixer handleEpisode
INFO: Solution discarded.
apr. 17, 2020 8:01:49 A.M. hvl.projectparmorel.modelrepair.QModelFixer handleEpisode
INFO: EPISODE 4 TOTAL REWARD 0



apr. 17, 2020 8:01:49 A.M. hvl.projectparmorel.modelrepair.QModelFixer handleEpisode
INFO: EPISODE 5, STEP 0, Fixing error 40: The typed element must have a type
apr. 17, 2020 8:01:49 A.M. hvl.projectparmorel.modelrepair.QModelFixer chooseAction
INFO: Choosing random action.
apr. 17, 2020 8:01:49 A.M. hvl.projectparmorel.modelrepair.QModelFixer handleStep
INFO: Chose action setEType in context 0 with weight 0.0
apr. 17, 2020 8:01:49 A.M. hvl.projectparmorel.modelrepair.QModelFixer handleStep
INFO: Calculating new Q-value:
Old Q-value: 0.0
Alpha: 0.8041666666666667

Reward: 0
0.0 + 0.8041666666666667 * (0 - 0.0) = 0.0
apr. 17, 2020 8:01:49 A.M. hvl.projectparmorel.modelrepair.QModelFixer handleStep
INFO: Updated Q-table for error 40, context 0, action 591449609 setEType to new weight 0.0
apr. 17, 2020 8:01:49 A.M. hvl.projectparmorel.modelrepair.QModelFixer handleEpisode
INFO: Solution added to possible solitons: [ErrorAction [Error: 40 The typed element must have a type, Action: setEType, Error hierarchy: 0]
]
apr. 17, 2020 8:01:49 A.M. hvl.projectparmorel.modelrepair.QModelFixer handleEpisode
INFO: EPISODE 5 TOTAL REWARD 0



apr. 17, 2020 8:01:49 A.M. hvl.projectparmorel.modelrepair.QModelFixer handleEpisode
INFO: EPISODE 6, STEP 0, Fixing error 40: The typed element must have a type
apr. 17, 2020 8:01:49 A.M. hvl.projectparmorel.modelrepair.QModelFixer chooseAction
INFO: Choosing optimal action
apr. 17, 2020 8:01:49 A.M. hvl.projectparmorel.modelrepair.QModelFixer handleStep
INFO: Chose action delete in context 0 with weight 0.0032623783792717284
apr. 17, 2020 8:01:49 A.M. hvl.projectparmorel.modelrepair.QModelFixer handleStep
INFO: Calculating new Q-value:
Old Q-value: 0.0032623783792717284
Alpha: 0.765

Reward: 0
0.0032623783792717284 + 0.765 * (0 - 0.0032623783792717284) = 7.666589191288563E-4
apr. 17, 2020 8:01:49 A.M. hvl.projectparmorel.modelrepair.QModelFixer handleStep
INFO: Updated Q-table for error 40, context 0, action 99999 delete to new weight 7.666589191288563E-4
apr. 17, 2020 8:01:49 A.M. hvl.projectparmorel.modelrepair.QModelFixer isUnique
INFO: Solution [ErrorAction [Error: 40 The typed element must have a type, Action: delete, Error hierarchy: 0]
] already exists.
apr. 17, 2020 8:01:49 A.M. hvl.projectparmorel.modelrepair.QModelFixer handleEpisode
INFO: Solution discarded.
apr. 17, 2020 8:01:49 A.M. hvl.projectparmorel.modelrepair.QModelFixer handleEpisode
INFO: EPISODE 6 TOTAL REWARD 0



apr. 17, 2020 8:01:49 A.M. hvl.projectparmorel.modelrepair.QModelFixer handleEpisode
INFO: EPISODE 7, STEP 0, Fixing error 40: The typed element must have a type
apr. 17, 2020 8:01:49 A.M. hvl.projectparmorel.modelrepair.QModelFixer chooseAction
INFO: Choosing random action.
apr. 17, 2020 8:01:49 A.M. hvl.projectparmorel.modelrepair.QModelFixer handleStep
INFO: Chose action delete in context 0 with weight 7.666589191288563E-4
apr. 17, 2020 8:01:49 A.M. hvl.projectparmorel.modelrepair.QModelFixer handleStep
INFO: Calculating new Q-value:
Old Q-value: 7.666589191288563E-4
Alpha: 0.7258333333333333

Reward: 0
7.666589191288563E-4 + 0.7258333333333333 * (0 - 7.666589191288563E-4) = 2.1019232032782806E-4
apr. 17, 2020 8:01:49 A.M. hvl.projectparmorel.modelrepair.QModelFixer handleStep
INFO: Updated Q-table for error 40, context 0, action 99999 delete to new weight 2.1019232032782806E-4
apr. 17, 2020 8:01:49 A.M. hvl.projectparmorel.modelrepair.QModelFixer isUnique
INFO: Solution [ErrorAction [Error: 40 The typed element must have a type, Action: delete, Error hierarchy: 0]
] already exists.
apr. 17, 2020 8:01:49 A.M. hvl.projectparmorel.modelrepair.QModelFixer handleEpisode
INFO: Solution discarded.
apr. 17, 2020 8:01:49 A.M. hvl.projectparmorel.modelrepair.QModelFixer handleEpisode
INFO: EPISODE 7 TOTAL REWARD 0



apr. 17, 2020 8:01:49 A.M. hvl.projectparmorel.modelrepair.QModelFixer handleEpisode
INFO: EPISODE 8, STEP 0, Fixing error 40: The typed element must have a type
apr. 17, 2020 8:01:49 A.M. hvl.projectparmorel.modelrepair.QModelFixer chooseAction
INFO: Choosing optimal action
apr. 17, 2020 8:01:49 A.M. hvl.projectparmorel.modelrepair.QModelFixer handleStep
INFO: Chose action delete in context 0 with weight 2.1019232032782806E-4
apr. 17, 2020 8:01:49 A.M. hvl.projectparmorel.modelrepair.QModelFixer handleStep
INFO: Calculating new Q-value:
Old Q-value: 2.1019232032782806E-4
Alpha: 0.6866666666666668

Reward: 0
2.1019232032782806E-4 + 0.6866666666666668 * (0 - 2.1019232032782806E-4) = 6.58602603693861E-5
apr. 17, 2020 8:01:49 A.M. hvl.projectparmorel.modelrepair.QModelFixer handleStep
INFO: Updated Q-table for error 40, context 0, action 99999 delete to new weight 6.58602603693861E-5
apr. 17, 2020 8:01:49 A.M. hvl.projectparmorel.modelrepair.QModelFixer isUnique
INFO: Solution [ErrorAction [Error: 40 The typed element must have a type, Action: delete, Error hierarchy: 0]
] already exists.
apr. 17, 2020 8:01:49 A.M. hvl.projectparmorel.modelrepair.QModelFixer handleEpisode
INFO: Solution discarded.
apr. 17, 2020 8:01:49 A.M. hvl.projectparmorel.modelrepair.QModelFixer handleEpisode
INFO: EPISODE 8 TOTAL REWARD 0



apr. 17, 2020 8:01:49 A.M. hvl.projectparmorel.modelrepair.QModelFixer handleEpisode
INFO: EPISODE 9, STEP 0, Fixing error 40: The typed element must have a type
apr. 17, 2020 8:01:49 A.M. hvl.projectparmorel.modelrepair.QModelFixer chooseAction
INFO: Choosing optimal action
apr. 17, 2020 8:01:49 A.M. hvl.projectparmorel.modelrepair.QModelFixer handleStep
INFO: Chose action delete in context 0 with weight 6.58602603693861E-5
apr. 17, 2020 8:01:49 A.M. hvl.projectparmorel.modelrepair.QModelFixer handleStep
INFO: Calculating new Q-value:
Old Q-value: 6.58602603693861E-5
Alpha: 0.6475

Reward: 0
6.58602603693861E-5 + 0.6475 * (0 - 6.58602603693861E-5) = 2.32157417802086E-5
apr. 17, 2020 8:01:49 A.M. hvl.projectparmorel.modelrepair.QModelFixer handleStep
INFO: Updated Q-table for error 40, context 0, action 99999 delete to new weight 2.32157417802086E-5
apr. 17, 2020 8:01:49 A.M. hvl.projectparmorel.modelrepair.QModelFixer isUnique
INFO: Solution [ErrorAction [Error: 40 The typed element must have a type, Action: delete, Error hierarchy: 0]
] already exists.
apr. 17, 2020 8:01:49 A.M. hvl.projectparmorel.modelrepair.QModelFixer handleEpisode
INFO: Solution discarded.
apr. 17, 2020 8:01:49 A.M. hvl.projectparmorel.modelrepair.QModelFixer handleEpisode
INFO: EPISODE 9 TOTAL REWARD 0



apr. 17, 2020 8:01:49 A.M. hvl.projectparmorel.modelrepair.QModelFixer handleEpisode
INFO: EPISODE 10, STEP 0, Fixing error 40: The typed element must have a type
apr. 17, 2020 8:01:49 A.M. hvl.projectparmorel.modelrepair.QModelFixer chooseAction
INFO: Choosing optimal action
apr. 17, 2020 8:01:49 A.M. hvl.projectparmorel.modelrepair.QModelFixer handleStep
INFO: Chose action delete in context 0 with weight 2.32157417802086E-5
apr. 17, 2020 8:01:49 A.M. hvl.projectparmorel.modelrepair.QModelFixer handleStep
INFO: Calculating new Q-value:
Old Q-value: 2.32157417802086E-5
Alpha: 0.6083333333333334

Reward: 0
2.32157417802086E-5 + 0.6083333333333334 * (0 - 2.32157417802086E-5) = 9.092832197248367E-6
apr. 17, 2020 8:01:49 A.M. hvl.projectparmorel.modelrepair.QModelFixer handleStep
INFO: Updated Q-table for error 40, context 0, action 99999 delete to new weight 9.092832197248367E-6
apr. 17, 2020 8:01:49 A.M. hvl.projectparmorel.modelrepair.QModelFixer isUnique
INFO: Solution [ErrorAction [Error: 40 The typed element must have a type, Action: delete, Error hierarchy: 0]
] already exists.
apr. 17, 2020 8:01:49 A.M. hvl.projectparmorel.modelrepair.QModelFixer handleEpisode
INFO: Solution discarded.
apr. 17, 2020 8:01:49 A.M. hvl.projectparmorel.modelrepair.QModelFixer handleEpisode
INFO: EPISODE 10 TOTAL REWARD 0



apr. 17, 2020 8:01:49 A.M. hvl.projectparmorel.modelrepair.QModelFixer handleEpisode
INFO: EPISODE 11, STEP 0, Fixing error 40: The typed element must have a type
apr. 17, 2020 8:01:49 A.M. hvl.projectparmorel.modelrepair.QModelFixer chooseAction
INFO: Choosing optimal action
apr. 17, 2020 8:01:49 A.M. hvl.projectparmorel.modelrepair.QModelFixer handleStep
INFO: Chose action delete in context 0 with weight 9.092832197248367E-6
apr. 17, 2020 8:01:49 A.M. hvl.projectparmorel.modelrepair.QModelFixer handleStep
INFO: Calculating new Q-value:
Old Q-value: 9.092832197248367E-6
Alpha: 0.5691666666666666

Reward: 0
9.092832197248367E-6 + 0.5691666666666666 * (0 - 9.092832197248367E-6) = 3.917495204981172E-6
apr. 17, 2020 8:01:49 A.M. hvl.projectparmorel.modelrepair.QModelFixer handleStep
INFO: Updated Q-table for error 40, context 0, action 99999 delete to new weight 3.917495204981172E-6
apr. 17, 2020 8:01:49 A.M. hvl.projectparmorel.modelrepair.QModelFixer isUnique
INFO: Solution [ErrorAction [Error: 40 The typed element must have a type, Action: delete, Error hierarchy: 0]
] already exists.
apr. 17, 2020 8:01:49 A.M. hvl.projectparmorel.modelrepair.QModelFixer handleEpisode
INFO: Solution discarded.
apr. 17, 2020 8:01:49 A.M. hvl.projectparmorel.modelrepair.QModelFixer handleEpisode
INFO: EPISODE 11 TOTAL REWARD 0



apr. 17, 2020 8:01:49 A.M. hvl.projectparmorel.modelrepair.QModelFixer handleEpisode
INFO: EPISODE 12, STEP 0, Fixing error 40: The typed element must have a type
apr. 17, 2020 8:01:49 A.M. hvl.projectparmorel.modelrepair.QModelFixer chooseAction
INFO: Choosing optimal action
apr. 17, 2020 8:01:49 A.M. hvl.projectparmorel.modelrepair.QModelFixer handleStep
INFO: Chose action delete in context 0 with weight 3.917495204981172E-6
apr. 17, 2020 8:01:49 A.M. hvl.projectparmorel.modelrepair.QModelFixer handleStep
INFO: Calculating new Q-value:
Old Q-value: 3.917495204981172E-6
Alpha: 0.53

Reward: 0
3.917495204981172E-6 + 0.53 * (0 - 3.917495204981172E-6) = 1.8412227463411505E-6
apr. 17, 2020 8:01:49 A.M. hvl.projectparmorel.modelrepair.QModelFixer handleStep
INFO: Updated Q-table for error 40, context 0, action 99999 delete to new weight 1.8412227463411505E-6
apr. 17, 2020 8:01:49 A.M. hvl.projectparmorel.modelrepair.QModelFixer isUnique
INFO: Solution [ErrorAction [Error: 40 The typed element must have a type, Action: delete, Error hierarchy: 0]
] already exists.
apr. 17, 2020 8:01:49 A.M. hvl.projectparmorel.modelrepair.QModelFixer handleEpisode
INFO: Solution discarded.
apr. 17, 2020 8:01:49 A.M. hvl.projectparmorel.modelrepair.QModelFixer handleEpisode
INFO: EPISODE 12 TOTAL REWARD 0



apr. 17, 2020 8:01:49 A.M. hvl.projectparmorel.modelrepair.QModelFixer handleEpisode
INFO: EPISODE 13, STEP 0, Fixing error 40: The typed element must have a type
apr. 17, 2020 8:01:49 A.M. hvl.projectparmorel.modelrepair.QModelFixer chooseAction
INFO: Choosing optimal action
apr. 17, 2020 8:01:49 A.M. hvl.projectparmorel.modelrepair.QModelFixer handleStep
INFO: Chose action delete in context 0 with weight 1.8412227463411505E-6
apr. 17, 2020 8:01:49 A.M. hvl.projectparmorel.modelrepair.QModelFixer handleStep
INFO: Calculating new Q-value:
Old Q-value: 1.8412227463411505E-6
Alpha: 0.49083333333333334

Reward: 0
1.8412227463411505E-6 + 0.49083333333333334 * (0 - 1.8412227463411505E-6) = 9.374892483453691E-7
apr. 17, 2020 8:01:49 A.M. hvl.projectparmorel.modelrepair.QModelFixer handleStep
INFO: Updated Q-table for error 40, context 0, action 99999 delete to new weight 9.374892483453691E-7
apr. 17, 2020 8:01:49 A.M. hvl.projectparmorel.modelrepair.QModelFixer isUnique
INFO: Solution [ErrorAction [Error: 40 The typed element must have a type, Action: delete, Error hierarchy: 0]
] already exists.
apr. 17, 2020 8:01:49 A.M. hvl.projectparmorel.modelrepair.QModelFixer handleEpisode
INFO: Solution discarded.
apr. 17, 2020 8:01:49 A.M. hvl.projectparmorel.modelrepair.QModelFixer handleEpisode
INFO: EPISODE 13 TOTAL REWARD 0



apr. 17, 2020 8:01:49 A.M. hvl.projectparmorel.modelrepair.QModelFixer handleEpisode
INFO: EPISODE 14, STEP 0, Fixing error 40: The typed element must have a type
apr. 17, 2020 8:01:49 A.M. hvl.projectparmorel.modelrepair.QModelFixer chooseAction
INFO: Choosing random action.
apr. 17, 2020 8:01:49 A.M. hvl.projectparmorel.modelrepair.QModelFixer handleStep
INFO: Chose action setEType in context 0 with weight 0.0
apr. 17, 2020 8:01:49 A.M. hvl.projectparmorel.modelrepair.QModelFixer handleStep
INFO: Calculating new Q-value:
Old Q-value: 0.0
Alpha: 0.45166666666666666

Reward: 0
0.0 + 0.45166666666666666 * (0 - 0.0) = 0.0
apr. 17, 2020 8:01:49 A.M. hvl.projectparmorel.modelrepair.QModelFixer handleStep
INFO: Updated Q-table for error 40, context 0, action 591449609 setEType to new weight 0.0
apr. 17, 2020 8:01:49 A.M. hvl.projectparmorel.modelrepair.QModelFixer handleEpisode
INFO: Solution added to possible solitons: [ErrorAction [Error: 40 The typed element must have a type, Action: setEType, Error hierarchy: 0]
]
apr. 17, 2020 8:01:49 A.M. hvl.projectparmorel.modelrepair.QModelFixer handleEpisode
INFO: EPISODE 14 TOTAL REWARD 0



apr. 17, 2020 8:01:49 A.M. hvl.projectparmorel.modelrepair.QModelFixer handleEpisode
INFO: EPISODE 15, STEP 0, Fixing error 40: The typed element must have a type
apr. 17, 2020 8:01:49 A.M. hvl.projectparmorel.modelrepair.QModelFixer chooseAction
INFO: Choosing optimal action
apr. 17, 2020 8:01:49 A.M. hvl.projectparmorel.modelrepair.QModelFixer handleStep
INFO: Chose action delete in context 0 with weight 9.374892483453691E-7
apr. 17, 2020 8:01:49 A.M. hvl.projectparmorel.modelrepair.QModelFixer handleStep
INFO: Calculating new Q-value:
Old Q-value: 9.374892483453691E-7
Alpha: 0.4125

Reward: 0
9.374892483453691E-7 + 0.4125 * (0 - 9.374892483453691E-7) = 5.507749334029044E-7
apr. 17, 2020 8:01:49 A.M. hvl.projectparmorel.modelrepair.QModelFixer handleStep
INFO: Updated Q-table for error 40, context 0, action 99999 delete to new weight 5.507749334029044E-7
apr. 17, 2020 8:01:49 A.M. hvl.projectparmorel.modelrepair.QModelFixer isUnique
INFO: Solution [ErrorAction [Error: 40 The typed element must have a type, Action: delete, Error hierarchy: 0]
] already exists.
apr. 17, 2020 8:01:49 A.M. hvl.projectparmorel.modelrepair.QModelFixer handleEpisode
INFO: Solution discarded.
apr. 17, 2020 8:01:49 A.M. hvl.projectparmorel.modelrepair.QModelFixer handleEpisode
INFO: EPISODE 15 TOTAL REWARD 0



apr. 17, 2020 8:01:49 A.M. hvl.projectparmorel.modelrepair.QModelFixer handleEpisode
INFO: EPISODE 16, STEP 0, Fixing error 40: The typed element must have a type
apr. 17, 2020 8:01:49 A.M. hvl.projectparmorel.modelrepair.QModelFixer chooseAction
INFO: Choosing optimal action
apr. 17, 2020 8:01:49 A.M. hvl.projectparmorel.modelrepair.QModelFixer handleStep
INFO: Chose action delete in context 0 with weight 5.507749334029044E-7
apr. 17, 2020 8:01:49 A.M. hvl.projectparmorel.modelrepair.QModelFixer handleStep
INFO: Calculating new Q-value:
Old Q-value: 5.507749334029044E-7
Alpha: 0.3733333333333334

Reward: 0
5.507749334029044E-7 + 0.3733333333333334 * (0 - 5.507749334029044E-7) = 3.4515229159915335E-7
apr. 17, 2020 8:01:49 A.M. hvl.projectparmorel.modelrepair.QModelFixer handleStep
INFO: Updated Q-table for error 40, context 0, action 99999 delete to new weight 3.4515229159915335E-7
apr. 17, 2020 8:01:49 A.M. hvl.projectparmorel.modelrepair.QModelFixer isUnique
INFO: Solution [ErrorAction [Error: 40 The typed element must have a type, Action: delete, Error hierarchy: 0]
] already exists.
apr. 17, 2020 8:01:49 A.M. hvl.projectparmorel.modelrepair.QModelFixer handleEpisode
INFO: Solution discarded.
apr. 17, 2020 8:01:49 A.M. hvl.projectparmorel.modelrepair.QModelFixer handleEpisode
INFO: EPISODE 16 TOTAL REWARD 0



apr. 17, 2020 8:01:49 A.M. hvl.projectparmorel.modelrepair.QModelFixer handleEpisode
INFO: EPISODE 17, STEP 0, Fixing error 40: The typed element must have a type
apr. 17, 2020 8:01:49 A.M. hvl.projectparmorel.modelrepair.QModelFixer chooseAction
INFO: Choosing optimal action
apr. 17, 2020 8:01:49 A.M. hvl.projectparmorel.modelrepair.QModelFixer handleStep
INFO: Chose action delete in context 0 with weight 3.4515229159915335E-7
apr. 17, 2020 8:01:49 A.M. hvl.projectparmorel.modelrepair.QModelFixer handleStep
INFO: Calculating new Q-value:
Old Q-value: 3.4515229159915335E-7
Alpha: 0.3341666666666667

Reward: 0
3.4515229159915335E-7 + 0.3341666666666667 * (0 - 3.4515229159915335E-7) = 2.2981390082310292E-7
apr. 17, 2020 8:01:49 A.M. hvl.projectparmorel.modelrepair.QModelFixer handleStep
INFO: Updated Q-table for error 40, context 0, action 99999 delete to new weight 2.2981390082310292E-7
apr. 17, 2020 8:01:49 A.M. hvl.projectparmorel.modelrepair.QModelFixer isUnique
INFO: Solution [ErrorAction [Error: 40 The typed element must have a type, Action: delete, Error hierarchy: 0]
] already exists.
apr. 17, 2020 8:01:49 A.M. hvl.projectparmorel.modelrepair.QModelFixer handleEpisode
INFO: Solution discarded.
apr. 17, 2020 8:01:49 A.M. hvl.projectparmorel.modelrepair.QModelFixer handleEpisode
INFO: EPISODE 17 TOTAL REWARD 0



apr. 17, 2020 8:01:49 A.M. hvl.projectparmorel.modelrepair.QModelFixer handleEpisode
INFO: EPISODE 18, STEP 0, Fixing error 40: The typed element must have a type
apr. 17, 2020 8:01:49 A.M. hvl.projectparmorel.modelrepair.QModelFixer chooseAction
INFO: Choosing optimal action
apr. 17, 2020 8:01:49 A.M. hvl.projectparmorel.modelrepair.QModelFixer handleStep
INFO: Chose action delete in context 0 with weight 2.2981390082310292E-7
apr. 17, 2020 8:01:49 A.M. hvl.projectparmorel.modelrepair.QModelFixer handleStep
INFO: Calculating new Q-value:
Old Q-value: 2.2981390082310292E-7
Alpha: 0.29500000000000004

Reward: 0
2.2981390082310292E-7 + 0.29500000000000004 * (0 - 2.2981390082310292E-7) = 1.6201880008028756E-7
apr. 17, 2020 8:01:49 A.M. hvl.projectparmorel.modelrepair.QModelFixer handleStep
INFO: Updated Q-table for error 40, context 0, action 99999 delete to new weight 1.6201880008028756E-7
apr. 17, 2020 8:01:49 A.M. hvl.projectparmorel.modelrepair.QModelFixer isUnique
INFO: Solution [ErrorAction [Error: 40 The typed element must have a type, Action: delete, Error hierarchy: 0]
] already exists.
apr. 17, 2020 8:01:49 A.M. hvl.projectparmorel.modelrepair.QModelFixer handleEpisode
INFO: Solution discarded.
apr. 17, 2020 8:01:49 A.M. hvl.projectparmorel.modelrepair.QModelFixer handleEpisode
INFO: EPISODE 18 TOTAL REWARD 0



apr. 17, 2020 8:01:49 A.M. hvl.projectparmorel.modelrepair.QModelFixer handleEpisode
INFO: EPISODE 19, STEP 0, Fixing error 40: The typed element must have a type
apr. 17, 2020 8:01:49 A.M. hvl.projectparmorel.modelrepair.QModelFixer chooseAction
INFO: Choosing optimal action
apr. 17, 2020 8:01:49 A.M. hvl.projectparmorel.modelrepair.QModelFixer handleStep
INFO: Chose action delete in context 0 with weight 1.6201880008028756E-7
apr. 17, 2020 8:01:49 A.M. hvl.projectparmorel.modelrepair.QModelFixer handleStep
INFO: Calculating new Q-value:
Old Q-value: 1.6201880008028756E-7
Alpha: 0.25583333333333336

Reward: 0
1.6201880008028756E-7 + 0.25583333333333336 * (0 - 1.6201880008028756E-7) = 1.2056899039308066E-7
apr. 17, 2020 8:01:49 A.M. hvl.projectparmorel.modelrepair.QModelFixer handleStep
INFO: Updated Q-table for error 40, context 0, action 99999 delete to new weight 1.2056899039308066E-7
apr. 17, 2020 8:01:49 A.M. hvl.projectparmorel.modelrepair.QModelFixer isUnique
INFO: Solution [ErrorAction [Error: 40 The typed element must have a type, Action: delete, Error hierarchy: 0]
] already exists.
apr. 17, 2020 8:01:49 A.M. hvl.projectparmorel.modelrepair.QModelFixer handleEpisode
INFO: Solution discarded.
apr. 17, 2020 8:01:49 A.M. hvl.projectparmorel.modelrepair.QModelFixer handleEpisode
INFO: EPISODE 19 TOTAL REWARD 0



apr. 17, 2020 8:01:49 A.M. hvl.projectparmorel.modelrepair.QModelFixer handleEpisode
INFO: EPISODE 20, STEP 0, Fixing error 40: The typed element must have a type
apr. 17, 2020 8:01:49 A.M. hvl.projectparmorel.modelrepair.QModelFixer chooseAction
INFO: Choosing optimal action
apr. 17, 2020 8:01:49 A.M. hvl.projectparmorel.modelrepair.QModelFixer handleStep
INFO: Chose action delete in context 0 with weight 1.2056899039308066E-7
apr. 17, 2020 8:01:49 A.M. hvl.projectparmorel.modelrepair.QModelFixer handleStep
INFO: Calculating new Q-value:
Old Q-value: 1.2056899039308066E-7
Alpha: 0.21666666666666679

Reward: 0
1.2056899039308066E-7 + 0.21666666666666679 * (0 - 1.2056899039308066E-7) = 9.44457091412465E-8
apr. 17, 2020 8:01:49 A.M. hvl.projectparmorel.modelrepair.QModelFixer handleStep
INFO: Updated Q-table for error 40, context 0, action 99999 delete to new weight 9.44457091412465E-8
apr. 17, 2020 8:01:49 A.M. hvl.projectparmorel.modelrepair.QModelFixer isUnique
INFO: Solution [ErrorAction [Error: 40 The typed element must have a type, Action: delete, Error hierarchy: 0]
] already exists.
apr. 17, 2020 8:01:49 A.M. hvl.projectparmorel.modelrepair.QModelFixer handleEpisode
INFO: Solution discarded.
apr. 17, 2020 8:01:49 A.M. hvl.projectparmorel.modelrepair.QModelFixer handleEpisode
INFO: EPISODE 20 TOTAL REWARD 0



apr. 17, 2020 8:01:49 A.M. hvl.projectparmorel.modelrepair.QModelFixer handleEpisode
INFO: EPISODE 21, STEP 0, Fixing error 40: The typed element must have a type
apr. 17, 2020 8:01:49 A.M. hvl.projectparmorel.modelrepair.QModelFixer chooseAction
INFO: Choosing optimal action
apr. 17, 2020 8:01:49 A.M. hvl.projectparmorel.modelrepair.QModelFixer handleStep
INFO: Chose action delete in context 0 with weight 9.44457091412465E-8
apr. 17, 2020 8:01:49 A.M. hvl.projectparmorel.modelrepair.QModelFixer handleStep
INFO: Calculating new Q-value:
Old Q-value: 9.44457091412465E-8
Alpha: 0.1775000000000001

Reward: 0
9.44457091412465E-8 + 0.1775000000000001 * (0 - 9.44457091412465E-8) = 7.768159576867523E-8
apr. 17, 2020 8:01:49 A.M. hvl.projectparmorel.modelrepair.QModelFixer handleStep
INFO: Updated Q-table for error 40, context 0, action 99999 delete to new weight 7.768159576867523E-8
apr. 17, 2020 8:01:49 A.M. hvl.projectparmorel.modelrepair.QModelFixer isUnique
INFO: Solution [ErrorAction [Error: 40 The typed element must have a type, Action: delete, Error hierarchy: 0]
] already exists.
apr. 17, 2020 8:01:49 A.M. hvl.projectparmorel.modelrepair.QModelFixer handleEpisode
INFO: Solution discarded.
apr. 17, 2020 8:01:49 A.M. hvl.projectparmorel.modelrepair.QModelFixer handleEpisode
INFO: EPISODE 21 TOTAL REWARD 0



apr. 17, 2020 8:01:49 A.M. hvl.projectparmorel.modelrepair.QModelFixer handleEpisode
INFO: EPISODE 22, STEP 0, Fixing error 40: The typed element must have a type
apr. 17, 2020 8:01:49 A.M. hvl.projectparmorel.modelrepair.QModelFixer chooseAction
INFO: Choosing optimal action
apr. 17, 2020 8:01:49 A.M. hvl.projectparmorel.modelrepair.QModelFixer handleStep
INFO: Chose action delete in context 0 with weight 7.768159576867523E-8
apr. 17, 2020 8:01:49 A.M. hvl.projectparmorel.modelrepair.QModelFixer handleStep
INFO: Calculating new Q-value:
Old Q-value: 7.768159576867523E-8
Alpha: 0.1383333333333333

Reward: 0
7.768159576867523E-8 + 0.1383333333333333 * (0 - 7.768159576867523E-8) = 6.693564168734183E-8
apr. 17, 2020 8:01:49 A.M. hvl.projectparmorel.modelrepair.QModelFixer handleStep
INFO: Updated Q-table for error 40, context 0, action 99999 delete to new weight 6.693564168734183E-8
apr. 17, 2020 8:01:49 A.M. hvl.projectparmorel.modelrepair.QModelFixer isUnique
INFO: Solution [ErrorAction [Error: 40 The typed element must have a type, Action: delete, Error hierarchy: 0]
] already exists.
apr. 17, 2020 8:01:49 A.M. hvl.projectparmorel.modelrepair.QModelFixer handleEpisode
INFO: Solution discarded.
apr. 17, 2020 8:01:49 A.M. hvl.projectparmorel.modelrepair.QModelFixer handleEpisode
INFO: EPISODE 22 TOTAL REWARD 0



apr. 17, 2020 8:01:49 A.M. hvl.projectparmorel.modelrepair.QModelFixer handleEpisode
INFO: EPISODE 23, STEP 0, Fixing error 40: The typed element must have a type
apr. 17, 2020 8:01:49 A.M. hvl.projectparmorel.modelrepair.QModelFixer chooseAction
INFO: Choosing optimal action
apr. 17, 2020 8:01:49 A.M. hvl.projectparmorel.modelrepair.QModelFixer handleStep
INFO: Chose action delete in context 0 with weight 6.693564168734183E-8
apr. 17, 2020 8:01:49 A.M. hvl.projectparmorel.modelrepair.QModelFixer handleStep
INFO: Calculating new Q-value:
Old Q-value: 6.693564168734183E-8
Alpha: 0.09916666666666674

Reward: 0
6.693564168734183E-8 + 0.09916666666666674 * (0 - 6.693564168734183E-8) = 6.029785722001376E-8
apr. 17, 2020 8:01:49 A.M. hvl.projectparmorel.modelrepair.QModelFixer handleStep
INFO: Updated Q-table for error 40, context 0, action 99999 delete to new weight 6.029785722001376E-8
apr. 17, 2020 8:01:49 A.M. hvl.projectparmorel.modelrepair.QModelFixer isUnique
INFO: Solution [ErrorAction [Error: 40 The typed element must have a type, Action: delete, Error hierarchy: 0]
] already exists.
apr. 17, 2020 8:01:49 A.M. hvl.projectparmorel.modelrepair.QModelFixer handleEpisode
INFO: Solution discarded.
apr. 17, 2020 8:01:49 A.M. hvl.projectparmorel.modelrepair.QModelFixer handleEpisode
INFO: EPISODE 23 TOTAL REWARD 0



apr. 17, 2020 8:01:49 A.M. hvl.projectparmorel.modelrepair.QModelFixer handleEpisode
INFO: EPISODE 24, STEP 0, Fixing error 40: The typed element must have a type
apr. 17, 2020 8:01:49 A.M. hvl.projectparmorel.modelrepair.QModelFixer chooseAction
INFO: Choosing optimal action
apr. 17, 2020 8:01:49 A.M. hvl.projectparmorel.modelrepair.QModelFixer handleStep
INFO: Chose action delete in context 0 with weight 6.029785722001376E-8
apr. 17, 2020 8:01:49 A.M. hvl.projectparmorel.modelrepair.QModelFixer handleStep
INFO: Calculating new Q-value:
Old Q-value: 6.029785722001376E-8
Alpha: 0.06000000000000005

Reward: 0
6.029785722001376E-8 + 0.06000000000000005 * (0 - 6.029785722001376E-8) = 5.6679985786812935E-8
apr. 17, 2020 8:01:49 A.M. hvl.projectparmorel.modelrepair.QModelFixer handleStep
INFO: Updated Q-table for error 40, context 0, action 99999 delete to new weight 5.6679985786812935E-8
apr. 17, 2020 8:01:49 A.M. hvl.projectparmorel.modelrepair.QModelFixer isUnique
INFO: Solution [ErrorAction [Error: 40 The typed element must have a type, Action: delete, Error hierarchy: 0]
] already exists.
apr. 17, 2020 8:01:49 A.M. hvl.projectparmorel.modelrepair.QModelFixer handleEpisode
INFO: Solution discarded.
apr. 17, 2020 8:01:49 A.M. hvl.projectparmorel.modelrepair.QModelFixer handleEpisode
INFO: EPISODE 24 TOTAL REWARD 0



apr. 17, 2020 8:01:49 A.M. hvl.projectparmorel.modelrepair.QModelFixer fixModel
INFO: Time repairing model: 272 ms
apr. 17, 2020 8:01:49 A.M. hvl.projectparmorel.modelrepair.QModelFixer fixModel
INFO: 
-----------------ALL SEQUENCES FOUND-------------------
SIZE: 3
DISCARDED SEQUENCES: 22
--------::::B E S T   S E Q U E N C E   I S::::---------
Sequence [id=0, seq=[ErrorAction [Error: 40 The typed element must have a type, Action: setEType, Error hierarchy: 0]
], weight=0.0]

 with 1 actions.
apr. 17, 2020 8:01:49 A.M. hvl.projectparmorel.knowledge.Knowledge save
INFO: Saving initialized
apr. 17, 2020 8:01:49 A.M. hvl.projectparmorel.knowledge.Knowledge save
INFO: document prepared
apr. 17, 2020 8:01:49 A.M. hvl.projectparmorel.knowledge.Knowledge save
INFO: Saving completed to /Users/Magnus/Skole/DAT300/EclipseWorkspace2/ParmorelRunnable/knowledge.xml
apr. 17, 2020 8:01:49 A.M. hvl.projectparmorel.knowledge.Knowledge save
INFO: Saving initialized
apr. 17, 2020 8:01:49 A.M. hvl.projectparmorel.knowledge.Knowledge save
INFO: document prepared
apr. 17, 2020 8:01:49 A.M. hvl.projectparmorel.knowledge.Knowledge save
INFO: Saving completed to /Users/Magnus/Skole/DAT300/EclipseWorkspace2/ParmorelRunnable/knowledge.xml
