mai 08, 2020 1:15:14 P.M. no.hvl.projectparmorel.qlearning.QModelFixer fixModel
INFO: Repairing m2mproject.ecore
mai 08, 2020 1:15:14 P.M. no.hvl.projectparmorel.qlearning.QModelFixer fixModel
INFO: Running with preferences [PREFER_CLOSE_DISTANCE_TO_ORIGINAL, PREFER_RELAXATION]
mai 08, 2020 1:15:14 P.M. no.hvl.projectparmorel.qlearning.QModelFixer fixModel
INFO: Initial number of errors in model: 1
Maximum number of steps per episode: 12
Errors to fix: [Error 38, message=The default value literal '' must be a valid literal of the attribute's type in package 0
]
mai 08, 2020 1:15:14 P.M. no.hvl.projectparmorel.qlearning.QModelFixer fixModel
INFO: Initializing Q-table for the errors.
mai 08, 2020 1:15:14 P.M. no.hvl.projectparmorel.qlearning.QModelFixer fixModel
INFO: Number of episodes: 25
mai 08, 2020 1:15:14 P.M. no.hvl.projectparmorel.qlearning.QModelFixer handleEpisode
INFO: EPISODE 0, STEP 0, Fixing error 38: The default value literal '' must be a valid literal of the attribute's type
mai 08, 2020 1:15:14 P.M. no.hvl.projectparmorel.qlearning.QModelFixer chooseAction
INFO: Choosing optimal action
mai 08, 2020 1:15:14 P.M. no.hvl.projectparmorel.qlearning.QModelFixer handleStep
INFO: Chose action setDefaultValueLiteralGen in context 0 with weight 301.0
mai 08, 2020 1:15:14 P.M. no.hvl.projectparmorel.qlearning.QModelFixer updateQTable
INFO: Calculating new Q-value:
Old Q-value: 301.0
Alpha: 1.0
Gamma:1.0

Reward: -2
301.0 + 1.0 * (-2 + 1.0 - 301.0) = -1.0
mai 08, 2020 1:15:14 P.M. no.hvl.projectparmorel.qlearning.QModelFixer updateQTable
INFO: Updated Q-table for error 38, context 0, action -2078906332 to new weight -1.0
mai 08, 2020 1:15:14 P.M. no.hvl.projectparmorel.qlearning.ecore.EcoreSolution calculateDistanceFromOriginal
INFO: Calculated the distance between the models to 100.0
mai 08, 2020 1:15:14 P.M. no.hvl.projectparmorel.qlearning.reward.PreferCloseDinstanceToOriginalPreference rewardcalculateRewardFor
INFO: Time to measure distance: 42 ms
mai 08, 2020 1:15:14 P.M. no.hvl.projectparmorel.qlearning.QModelFixer updateQTable
INFO: Calculating new Q-value:
Old Q-value: -1.0
Alpha: 1.0
Gamma:1.0

Reward: 100
-1.0 + 1.0 * (100 + 1.0 - -1.0) = 101.0
mai 08, 2020 1:15:14 P.M. no.hvl.projectparmorel.qlearning.QModelFixer updateQTable
INFO: Updated Q-table for error 38, context 0, action -2078906332 to new weight 101.0
mai 08, 2020 1:15:16 P.M. no.hvl.projectparmorel.qlearning.reward.PreferRelaxation rewardcalculateRewardFor
INFO: Relaxation Index of the metamodel: 56.0
Time to get metric: 1675 ms
mai 08, 2020 1:15:16 P.M. no.hvl.projectparmorel.qlearning.QModelFixer fixModel
INFO: Solution added to possible solitons: [ErrorAction [Error: 38 The default value literal '' must be a valid literal of the attribute's type, Action: setDefaultValueLiteralGen, Error hierarchy: 0]
]
mai 08, 2020 1:15:16 P.M. no.hvl.projectparmorel.qlearning.QModelFixer fixModel
INFO: EPISODE 0 TOTAL REWARD 154.0



mai 08, 2020 1:15:16 P.M. no.hvl.projectparmorel.qlearning.QModelFixer handleEpisode
INFO: EPISODE 1, STEP 0, Fixing error 38: The default value literal '' must be a valid literal of the attribute's type
mai 08, 2020 1:15:16 P.M. no.hvl.projectparmorel.qlearning.QModelFixer chooseAction
INFO: Choosing random action.
mai 08, 2020 1:15:16 P.M. no.hvl.projectparmorel.qlearning.QModelFixer handleStep
INFO: Chose action delete in context 0 with weight 1.0
mai 08, 2020 1:15:19 P.M. no.hvl.projectparmorel.qlearning.QModelFixer updateQTable
INFO: Calculating new Q-value:
Old Q-value: 1.0
Alpha: 1.0
Gamma:1.0

Reward: -2
1.0 + 1.0 * (-2 + 1.0 - 1.0) = -1.0
mai 08, 2020 1:15:19 P.M. no.hvl.projectparmorel.qlearning.QModelFixer updateQTable
INFO: Updated Q-table for error 38, context 0, action 99999 to new weight -1.0
mai 08, 2020 1:15:19 P.M. no.hvl.projectparmorel.qlearning.ecore.EcoreSolution calculateDistanceFromOriginal
INFO: Calculated the distance between the models to 97.0
mai 08, 2020 1:15:19 P.M. no.hvl.projectparmorel.qlearning.reward.PreferCloseDinstanceToOriginalPreference rewardcalculateRewardFor
INFO: Time to measure distance: 39 ms
mai 08, 2020 1:15:19 P.M. no.hvl.projectparmorel.qlearning.QModelFixer updateQTable
INFO: Calculating new Q-value:
Old Q-value: -1.0
Alpha: 1.0
Gamma:1.0

Reward: 97
-1.0 + 1.0 * (97 + 1.0 - -1.0) = 98.0
mai 08, 2020 1:15:19 P.M. no.hvl.projectparmorel.qlearning.QModelFixer updateQTable
INFO: Updated Q-table for error 38, context 0, action 99999 to new weight 98.0
mai 08, 2020 1:15:21 P.M. no.hvl.projectparmorel.qlearning.reward.PreferRelaxation rewardcalculateRewardFor
INFO: Relaxation Index of the metamodel: 56.0
Time to get metric: 1735 ms
mai 08, 2020 1:15:21 P.M. no.hvl.projectparmorel.qlearning.QModelFixer fixModel
INFO: Solution added to possible solitons: [ErrorAction [Error: 38 The default value literal '' must be a valid literal of the attribute's type, Action: delete, Error hierarchy: 0]
]
mai 08, 2020 1:15:21 P.M. no.hvl.projectparmorel.qlearning.QModelFixer fixModel
INFO: EPISODE 1 TOTAL REWARD 151.0



mai 08, 2020 1:15:21 P.M. no.hvl.projectparmorel.qlearning.QModelFixer handleEpisode
INFO: EPISODE 2, STEP 0, Fixing error 38: The default value literal '' must be a valid literal of the attribute's type
mai 08, 2020 1:15:21 P.M. no.hvl.projectparmorel.qlearning.QModelFixer chooseAction
INFO: Choosing optimal action
mai 08, 2020 1:15:21 P.M. no.hvl.projectparmorel.qlearning.QModelFixer handleStep
INFO: Chose action setDefaultValueLiteralGen in context 0 with weight 56.0
mai 08, 2020 1:15:21 P.M. no.hvl.projectparmorel.qlearning.QModelFixer updateQTable
INFO: Calculating new Q-value:
Old Q-value: 56.0
Alpha: 1.0
Gamma:1.0

Reward: -2
56.0 + 1.0 * (-2 + 1.0 - 56.0) = -1.0
mai 08, 2020 1:15:21 P.M. no.hvl.projectparmorel.qlearning.QModelFixer updateQTable
INFO: Updated Q-table for error 38, context 0, action -2078906332 to new weight -1.0
mai 08, 2020 1:15:21 P.M. no.hvl.projectparmorel.qlearning.ecore.EcoreSolution calculateDistanceFromOriginal
INFO: Calculated the distance between the models to 100.0
mai 08, 2020 1:15:21 P.M. no.hvl.projectparmorel.qlearning.reward.PreferCloseDinstanceToOriginalPreference rewardcalculateRewardFor
INFO: Time to measure distance: 40 ms
mai 08, 2020 1:15:21 P.M. no.hvl.projectparmorel.qlearning.QModelFixer updateQTable
INFO: Calculating new Q-value:
Old Q-value: -1.0
Alpha: 1.0
Gamma:1.0

Reward: 100
-1.0 + 1.0 * (100 + 1.0 - -1.0) = 101.0
mai 08, 2020 1:15:21 P.M. no.hvl.projectparmorel.qlearning.QModelFixer updateQTable
INFO: Updated Q-table for error 38, context 0, action -2078906332 to new weight 101.0
mai 08, 2020 1:15:23 P.M. no.hvl.projectparmorel.qlearning.reward.PreferRelaxation rewardcalculateRewardFor
INFO: Relaxation Index of the metamodel: 56.0
Time to get metric: 1679 ms
mai 08, 2020 1:15:23 P.M. no.hvl.projectparmorel.qlearning.QModelFixer isUnique
INFO: Solution [ErrorAction [Error: 38 The default value literal '' must be a valid literal of the attribute's type, Action: setDefaultValueLiteralGen, Error hierarchy: 0]
] already exists.
mai 08, 2020 1:15:23 P.M. no.hvl.projectparmorel.qlearning.QModelFixer fixModel
INFO: Solution discarded.
mai 08, 2020 1:15:23 P.M. no.hvl.projectparmorel.qlearning.QModelFixer fixModel
INFO: EPISODE 2 TOTAL REWARD 154.0



mai 08, 2020 1:15:23 P.M. no.hvl.projectparmorel.qlearning.QModelFixer handleEpisode
INFO: EPISODE 3, STEP 0, Fixing error 38: The default value literal '' must be a valid literal of the attribute's type
mai 08, 2020 1:15:23 P.M. no.hvl.projectparmorel.qlearning.QModelFixer chooseAction
INFO: Choosing optimal action
mai 08, 2020 1:15:23 P.M. no.hvl.projectparmorel.qlearning.QModelFixer handleStep
INFO: Chose action setDefaultValueLiteralGen in context 0 with weight 56.0
mai 08, 2020 1:15:23 P.M. no.hvl.projectparmorel.qlearning.QModelFixer updateQTable
INFO: Calculating new Q-value:
Old Q-value: 56.0
Alpha: 1.0
Gamma:1.0

Reward: -2
56.0 + 1.0 * (-2 + 1.0 - 56.0) = -1.0
mai 08, 2020 1:15:23 P.M. no.hvl.projectparmorel.qlearning.QModelFixer updateQTable
INFO: Updated Q-table for error 38, context 0, action -2078906332 to new weight -1.0
mai 08, 2020 1:15:23 P.M. no.hvl.projectparmorel.qlearning.ecore.EcoreSolution calculateDistanceFromOriginal
INFO: Calculated the distance between the models to 100.0
mai 08, 2020 1:15:23 P.M. no.hvl.projectparmorel.qlearning.reward.PreferCloseDinstanceToOriginalPreference rewardcalculateRewardFor
INFO: Time to measure distance: 42 ms
mai 08, 2020 1:15:23 P.M. no.hvl.projectparmorel.qlearning.QModelFixer updateQTable
INFO: Calculating new Q-value:
Old Q-value: -1.0
Alpha: 1.0
Gamma:1.0

Reward: 100
-1.0 + 1.0 * (100 + 1.0 - -1.0) = 101.0
mai 08, 2020 1:15:23 P.M. no.hvl.projectparmorel.qlearning.QModelFixer updateQTable
INFO: Updated Q-table for error 38, context 0, action -2078906332 to new weight 101.0
mai 08, 2020 1:15:25 P.M. no.hvl.projectparmorel.qlearning.reward.PreferRelaxation rewardcalculateRewardFor
INFO: Relaxation Index of the metamodel: 56.0
Time to get metric: 1720 ms
mai 08, 2020 1:15:25 P.M. no.hvl.projectparmorel.qlearning.QModelFixer isUnique
INFO: Solution [ErrorAction [Error: 38 The default value literal '' must be a valid literal of the attribute's type, Action: setDefaultValueLiteralGen, Error hierarchy: 0]
] already exists.
mai 08, 2020 1:15:25 P.M. no.hvl.projectparmorel.qlearning.QModelFixer fixModel
INFO: Solution discarded.
mai 08, 2020 1:15:25 P.M. no.hvl.projectparmorel.qlearning.QModelFixer fixModel
INFO: EPISODE 3 TOTAL REWARD 154.0



mai 08, 2020 1:15:25 P.M. no.hvl.projectparmorel.qlearning.QModelFixer handleEpisode
INFO: EPISODE 4, STEP 0, Fixing error 38: The default value literal '' must be a valid literal of the attribute's type
mai 08, 2020 1:15:25 P.M. no.hvl.projectparmorel.qlearning.QModelFixer chooseAction
INFO: Choosing optimal action
mai 08, 2020 1:15:25 P.M. no.hvl.projectparmorel.qlearning.QModelFixer handleStep
INFO: Chose action setDefaultValueLiteralGen in context 0 with weight 56.0
mai 08, 2020 1:15:25 P.M. no.hvl.projectparmorel.qlearning.QModelFixer updateQTable
INFO: Calculating new Q-value:
Old Q-value: 56.0
Alpha: 1.0
Gamma:1.0

Reward: -2
56.0 + 1.0 * (-2 + 1.0 - 56.0) = -1.0
mai 08, 2020 1:15:25 P.M. no.hvl.projectparmorel.qlearning.QModelFixer updateQTable
INFO: Updated Q-table for error 38, context 0, action -2078906332 to new weight -1.0
mai 08, 2020 1:15:25 P.M. no.hvl.projectparmorel.qlearning.ecore.EcoreSolution calculateDistanceFromOriginal
INFO: Calculated the distance between the models to 100.0
mai 08, 2020 1:15:25 P.M. no.hvl.projectparmorel.qlearning.reward.PreferCloseDinstanceToOriginalPreference rewardcalculateRewardFor
INFO: Time to measure distance: 41 ms
mai 08, 2020 1:15:25 P.M. no.hvl.projectparmorel.qlearning.QModelFixer updateQTable
INFO: Calculating new Q-value:
Old Q-value: -1.0
Alpha: 1.0
Gamma:1.0

Reward: 100
-1.0 + 1.0 * (100 + 1.0 - -1.0) = 101.0
mai 08, 2020 1:15:25 P.M. no.hvl.projectparmorel.qlearning.QModelFixer updateQTable
INFO: Updated Q-table for error 38, context 0, action -2078906332 to new weight 101.0
mai 08, 2020 1:15:26 P.M. no.hvl.projectparmorel.qlearning.reward.PreferRelaxation rewardcalculateRewardFor
INFO: Relaxation Index of the metamodel: 56.0
Time to get metric: 1705 ms
mai 08, 2020 1:15:26 P.M. no.hvl.projectparmorel.qlearning.QModelFixer isUnique
INFO: Solution [ErrorAction [Error: 38 The default value literal '' must be a valid literal of the attribute's type, Action: setDefaultValueLiteralGen, Error hierarchy: 0]
] already exists.
mai 08, 2020 1:15:26 P.M. no.hvl.projectparmorel.qlearning.QModelFixer fixModel
INFO: Solution discarded.
mai 08, 2020 1:15:26 P.M. no.hvl.projectparmorel.qlearning.QModelFixer fixModel
INFO: EPISODE 4 TOTAL REWARD 154.0



mai 08, 2020 1:15:26 P.M. no.hvl.projectparmorel.qlearning.QModelFixer handleEpisode
INFO: EPISODE 5, STEP 0, Fixing error 38: The default value literal '' must be a valid literal of the attribute's type
mai 08, 2020 1:15:26 P.M. no.hvl.projectparmorel.qlearning.QModelFixer chooseAction
INFO: Choosing optimal action
mai 08, 2020 1:15:26 P.M. no.hvl.projectparmorel.qlearning.QModelFixer handleStep
INFO: Chose action setDefaultValueLiteralGen in context 0 with weight 56.0
mai 08, 2020 1:15:26 P.M. no.hvl.projectparmorel.qlearning.QModelFixer updateQTable
INFO: Calculating new Q-value:
Old Q-value: 56.0
Alpha: 1.0
Gamma:1.0

Reward: -2
56.0 + 1.0 * (-2 + 1.0 - 56.0) = -1.0
mai 08, 2020 1:15:26 P.M. no.hvl.projectparmorel.qlearning.QModelFixer updateQTable
INFO: Updated Q-table for error 38, context 0, action -2078906332 to new weight -1.0
mai 08, 2020 1:15:26 P.M. no.hvl.projectparmorel.qlearning.ecore.EcoreSolution calculateDistanceFromOriginal
INFO: Calculated the distance between the models to 100.0
mai 08, 2020 1:15:26 P.M. no.hvl.projectparmorel.qlearning.reward.PreferCloseDinstanceToOriginalPreference rewardcalculateRewardFor
INFO: Time to measure distance: 40 ms
mai 08, 2020 1:15:26 P.M. no.hvl.projectparmorel.qlearning.QModelFixer updateQTable
INFO: Calculating new Q-value:
Old Q-value: -1.0
Alpha: 1.0
Gamma:1.0

Reward: 100
-1.0 + 1.0 * (100 + 1.0 - -1.0) = 101.0
mai 08, 2020 1:15:26 P.M. no.hvl.projectparmorel.qlearning.QModelFixer updateQTable
INFO: Updated Q-table for error 38, context 0, action -2078906332 to new weight 101.0
mai 08, 2020 1:15:28 P.M. no.hvl.projectparmorel.qlearning.reward.PreferRelaxation rewardcalculateRewardFor
INFO: Relaxation Index of the metamodel: 56.0
Time to get metric: 1678 ms
mai 08, 2020 1:15:28 P.M. no.hvl.projectparmorel.qlearning.QModelFixer isUnique
INFO: Solution [ErrorAction [Error: 38 The default value literal '' must be a valid literal of the attribute's type, Action: setDefaultValueLiteralGen, Error hierarchy: 0]
] already exists.
mai 08, 2020 1:15:28 P.M. no.hvl.projectparmorel.qlearning.QModelFixer fixModel
INFO: Solution discarded.
mai 08, 2020 1:15:28 P.M. no.hvl.projectparmorel.qlearning.QModelFixer fixModel
INFO: EPISODE 5 TOTAL REWARD 154.0



mai 08, 2020 1:15:28 P.M. no.hvl.projectparmorel.qlearning.QModelFixer handleEpisode
INFO: EPISODE 6, STEP 0, Fixing error 38: The default value literal '' must be a valid literal of the attribute's type
mai 08, 2020 1:15:28 P.M. no.hvl.projectparmorel.qlearning.QModelFixer chooseAction
INFO: Choosing optimal action
mai 08, 2020 1:15:28 P.M. no.hvl.projectparmorel.qlearning.QModelFixer handleStep
INFO: Chose action setDefaultValueLiteralGen in context 0 with weight 56.0
mai 08, 2020 1:15:28 P.M. no.hvl.projectparmorel.qlearning.QModelFixer updateQTable
INFO: Calculating new Q-value:
Old Q-value: 56.0
Alpha: 1.0
Gamma:1.0

Reward: -2
56.0 + 1.0 * (-2 + 1.0 - 56.0) = -1.0
mai 08, 2020 1:15:28 P.M. no.hvl.projectparmorel.qlearning.QModelFixer updateQTable
INFO: Updated Q-table for error 38, context 0, action -2078906332 to new weight -1.0
mai 08, 2020 1:15:28 P.M. no.hvl.projectparmorel.qlearning.ecore.EcoreSolution calculateDistanceFromOriginal
INFO: Calculated the distance between the models to 100.0
mai 08, 2020 1:15:28 P.M. no.hvl.projectparmorel.qlearning.reward.PreferCloseDinstanceToOriginalPreference rewardcalculateRewardFor
INFO: Time to measure distance: 39 ms
mai 08, 2020 1:15:28 P.M. no.hvl.projectparmorel.qlearning.QModelFixer updateQTable
INFO: Calculating new Q-value:
Old Q-value: -1.0
Alpha: 1.0
Gamma:1.0

Reward: 100
-1.0 + 1.0 * (100 + 1.0 - -1.0) = 101.0
mai 08, 2020 1:15:28 P.M. no.hvl.projectparmorel.qlearning.QModelFixer updateQTable
INFO: Updated Q-table for error 38, context 0, action -2078906332 to new weight 101.0
mai 08, 2020 1:15:30 P.M. no.hvl.projectparmorel.qlearning.reward.PreferRelaxation rewardcalculateRewardFor
INFO: Relaxation Index of the metamodel: 56.0
Time to get metric: 1771 ms
mai 08, 2020 1:15:30 P.M. no.hvl.projectparmorel.qlearning.QModelFixer isUnique
INFO: Solution [ErrorAction [Error: 38 The default value literal '' must be a valid literal of the attribute's type, Action: setDefaultValueLiteralGen, Error hierarchy: 0]
] already exists.
mai 08, 2020 1:15:30 P.M. no.hvl.projectparmorel.qlearning.QModelFixer fixModel
INFO: Solution discarded.
mai 08, 2020 1:15:30 P.M. no.hvl.projectparmorel.qlearning.QModelFixer fixModel
INFO: EPISODE 6 TOTAL REWARD 154.0



mai 08, 2020 1:15:30 P.M. no.hvl.projectparmorel.qlearning.QModelFixer handleEpisode
INFO: EPISODE 7, STEP 0, Fixing error 38: The default value literal '' must be a valid literal of the attribute's type
mai 08, 2020 1:15:30 P.M. no.hvl.projectparmorel.qlearning.QModelFixer chooseAction
INFO: Choosing random action.
mai 08, 2020 1:15:30 P.M. no.hvl.projectparmorel.qlearning.QModelFixer handleStep
INFO: Chose action setEType in context 0 with weight 1.0
mai 08, 2020 1:15:30 P.M. no.hvl.projectparmorel.qlearning.QModelFixer updateQTable
INFO: Calculating new Q-value:
Old Q-value: 1.0
Alpha: 1.0
Gamma:1.0

Reward: -2
1.0 + 1.0 * (-2 + 1.0 - 1.0) = -1.0
mai 08, 2020 1:15:30 P.M. no.hvl.projectparmorel.qlearning.QModelFixer updateQTable
INFO: Updated Q-table for error 38, context 0, action 591449609 to new weight -1.0
mai 08, 2020 1:15:30 P.M. no.hvl.projectparmorel.qlearning.ecore.EcoreSolution calculateDistanceFromOriginal
INFO: Calculated the distance between the models to 97.0
mai 08, 2020 1:15:30 P.M. no.hvl.projectparmorel.qlearning.reward.PreferCloseDinstanceToOriginalPreference rewardcalculateRewardFor
INFO: Time to measure distance: 41 ms
mai 08, 2020 1:15:30 P.M. no.hvl.projectparmorel.qlearning.QModelFixer updateQTable
INFO: Calculating new Q-value:
Old Q-value: -1.0
Alpha: 1.0
Gamma:1.0

Reward: 97
-1.0 + 1.0 * (97 + 1.0 - -1.0) = 98.0
mai 08, 2020 1:15:30 P.M. no.hvl.projectparmorel.qlearning.QModelFixer updateQTable
INFO: Updated Q-table for error 38, context 0, action 591449609 to new weight 98.0
mai 08, 2020 1:15:32 P.M. no.hvl.projectparmorel.qlearning.reward.PreferRelaxation rewardcalculateRewardFor
INFO: Relaxation Index of the metamodel: 56.0
Time to get metric: 1666 ms
mai 08, 2020 1:15:32 P.M. no.hvl.projectparmorel.qlearning.QModelFixer fixModel
INFO: Solution added to possible solitons: [ErrorAction [Error: 38 The default value literal '' must be a valid literal of the attribute's type, Action: setEType, Error hierarchy: 0]
]
mai 08, 2020 1:15:32 P.M. no.hvl.projectparmorel.qlearning.QModelFixer fixModel
INFO: EPISODE 7 TOTAL REWARD 151.0



mai 08, 2020 1:15:32 P.M. no.hvl.projectparmorel.qlearning.QModelFixer handleEpisode
INFO: EPISODE 8, STEP 0, Fixing error 38: The default value literal '' must be a valid literal of the attribute's type
mai 08, 2020 1:15:32 P.M. no.hvl.projectparmorel.qlearning.QModelFixer chooseAction
INFO: Choosing optimal action
mai 08, 2020 1:15:32 P.M. no.hvl.projectparmorel.qlearning.QModelFixer handleStep
INFO: Chose action setDefaultValueLiteralGen in context 0 with weight 56.0
mai 08, 2020 1:15:32 P.M. no.hvl.projectparmorel.qlearning.QModelFixer updateQTable
INFO: Calculating new Q-value:
Old Q-value: 56.0
Alpha: 1.0
Gamma:1.0

Reward: -2
56.0 + 1.0 * (-2 + 1.0 - 56.0) = -1.0
mai 08, 2020 1:15:32 P.M. no.hvl.projectparmorel.qlearning.QModelFixer updateQTable
INFO: Updated Q-table for error 38, context 0, action -2078906332 to new weight -1.0
mai 08, 2020 1:15:32 P.M. no.hvl.projectparmorel.qlearning.ecore.EcoreSolution calculateDistanceFromOriginal
INFO: Calculated the distance between the models to 100.0
mai 08, 2020 1:15:32 P.M. no.hvl.projectparmorel.qlearning.reward.PreferCloseDinstanceToOriginalPreference rewardcalculateRewardFor
INFO: Time to measure distance: 40 ms
mai 08, 2020 1:15:32 P.M. no.hvl.projectparmorel.qlearning.QModelFixer updateQTable
INFO: Calculating new Q-value:
Old Q-value: -1.0
Alpha: 1.0
Gamma:1.0

Reward: 100
-1.0 + 1.0 * (100 + 1.0 - -1.0) = 101.0
mai 08, 2020 1:15:32 P.M. no.hvl.projectparmorel.qlearning.QModelFixer updateQTable
INFO: Updated Q-table for error 38, context 0, action -2078906332 to new weight 101.0
mai 08, 2020 1:15:34 P.M. no.hvl.projectparmorel.qlearning.reward.PreferRelaxation rewardcalculateRewardFor
INFO: Relaxation Index of the metamodel: 56.0
Time to get metric: 1749 ms
mai 08, 2020 1:15:34 P.M. no.hvl.projectparmorel.qlearning.QModelFixer isUnique
INFO: Solution [ErrorAction [Error: 38 The default value literal '' must be a valid literal of the attribute's type, Action: setDefaultValueLiteralGen, Error hierarchy: 0]
] already exists.
mai 08, 2020 1:15:34 P.M. no.hvl.projectparmorel.qlearning.QModelFixer fixModel
INFO: Solution discarded.
mai 08, 2020 1:15:34 P.M. no.hvl.projectparmorel.qlearning.QModelFixer fixModel
INFO: EPISODE 8 TOTAL REWARD 154.0



mai 08, 2020 1:15:34 P.M. no.hvl.projectparmorel.qlearning.QModelFixer handleEpisode
INFO: EPISODE 9, STEP 0, Fixing error 38: The default value literal '' must be a valid literal of the attribute's type
mai 08, 2020 1:15:34 P.M. no.hvl.projectparmorel.qlearning.QModelFixer chooseAction
INFO: Choosing optimal action
mai 08, 2020 1:15:34 P.M. no.hvl.projectparmorel.qlearning.QModelFixer handleStep
INFO: Chose action setDefaultValueLiteralGen in context 0 with weight 56.0
mai 08, 2020 1:15:34 P.M. no.hvl.projectparmorel.qlearning.QModelFixer updateQTable
INFO: Calculating new Q-value:
Old Q-value: 56.0
Alpha: 1.0
Gamma:1.0

Reward: -2
56.0 + 1.0 * (-2 + 1.0 - 56.0) = -1.0
mai 08, 2020 1:15:34 P.M. no.hvl.projectparmorel.qlearning.QModelFixer updateQTable
INFO: Updated Q-table for error 38, context 0, action -2078906332 to new weight -1.0
mai 08, 2020 1:15:34 P.M. no.hvl.projectparmorel.qlearning.ecore.EcoreSolution calculateDistanceFromOriginal
INFO: Calculated the distance between the models to 100.0
mai 08, 2020 1:15:34 P.M. no.hvl.projectparmorel.qlearning.reward.PreferCloseDinstanceToOriginalPreference rewardcalculateRewardFor
INFO: Time to measure distance: 40 ms
mai 08, 2020 1:15:34 P.M. no.hvl.projectparmorel.qlearning.QModelFixer updateQTable
INFO: Calculating new Q-value:
Old Q-value: -1.0
Alpha: 1.0
Gamma:1.0

Reward: 100
-1.0 + 1.0 * (100 + 1.0 - -1.0) = 101.0
mai 08, 2020 1:15:34 P.M. no.hvl.projectparmorel.qlearning.QModelFixer updateQTable
INFO: Updated Q-table for error 38, context 0, action -2078906332 to new weight 101.0
mai 08, 2020 1:15:35 P.M. no.hvl.projectparmorel.qlearning.reward.PreferRelaxation rewardcalculateRewardFor
INFO: Relaxation Index of the metamodel: 56.0
Time to get metric: 1669 ms
mai 08, 2020 1:15:35 P.M. no.hvl.projectparmorel.qlearning.QModelFixer isUnique
INFO: Solution [ErrorAction [Error: 38 The default value literal '' must be a valid literal of the attribute's type, Action: setDefaultValueLiteralGen, Error hierarchy: 0]
] already exists.
mai 08, 2020 1:15:35 P.M. no.hvl.projectparmorel.qlearning.QModelFixer fixModel
INFO: Solution discarded.
mai 08, 2020 1:15:35 P.M. no.hvl.projectparmorel.qlearning.QModelFixer fixModel
INFO: EPISODE 9 TOTAL REWARD 154.0



mai 08, 2020 1:15:35 P.M. no.hvl.projectparmorel.qlearning.QModelFixer handleEpisode
INFO: EPISODE 10, STEP 0, Fixing error 38: The default value literal '' must be a valid literal of the attribute's type
mai 08, 2020 1:15:35 P.M. no.hvl.projectparmorel.qlearning.QModelFixer chooseAction
INFO: Choosing random action.
mai 08, 2020 1:15:35 P.M. no.hvl.projectparmorel.qlearning.QModelFixer handleStep
INFO: Chose action setDefaultValueLiteralGen in context 0 with weight 56.0
mai 08, 2020 1:15:35 P.M. no.hvl.projectparmorel.qlearning.QModelFixer updateQTable
INFO: Calculating new Q-value:
Old Q-value: 56.0
Alpha: 1.0
Gamma:1.0

Reward: -2
56.0 + 1.0 * (-2 + 1.0 - 56.0) = -1.0
mai 08, 2020 1:15:35 P.M. no.hvl.projectparmorel.qlearning.QModelFixer updateQTable
INFO: Updated Q-table for error 38, context 0, action -2078906332 to new weight -1.0
mai 08, 2020 1:15:35 P.M. no.hvl.projectparmorel.qlearning.ecore.EcoreSolution calculateDistanceFromOriginal
INFO: Calculated the distance between the models to 100.0
mai 08, 2020 1:15:35 P.M. no.hvl.projectparmorel.qlearning.reward.PreferCloseDinstanceToOriginalPreference rewardcalculateRewardFor
INFO: Time to measure distance: 39 ms
mai 08, 2020 1:15:35 P.M. no.hvl.projectparmorel.qlearning.QModelFixer updateQTable
INFO: Calculating new Q-value:
Old Q-value: -1.0
Alpha: 1.0
Gamma:1.0

Reward: 100
-1.0 + 1.0 * (100 + 1.0 - -1.0) = 101.0
mai 08, 2020 1:15:35 P.M. no.hvl.projectparmorel.qlearning.QModelFixer updateQTable
INFO: Updated Q-table for error 38, context 0, action -2078906332 to new weight 101.0
mai 08, 2020 1:15:37 P.M. no.hvl.projectparmorel.qlearning.reward.PreferRelaxation rewardcalculateRewardFor
INFO: Relaxation Index of the metamodel: 56.0
Time to get metric: 1759 ms
mai 08, 2020 1:15:37 P.M. no.hvl.projectparmorel.qlearning.QModelFixer isUnique
INFO: Solution [ErrorAction [Error: 38 The default value literal '' must be a valid literal of the attribute's type, Action: setDefaultValueLiteralGen, Error hierarchy: 0]
] already exists.
mai 08, 2020 1:15:37 P.M. no.hvl.projectparmorel.qlearning.QModelFixer fixModel
INFO: Solution discarded.
mai 08, 2020 1:15:37 P.M. no.hvl.projectparmorel.qlearning.QModelFixer fixModel
INFO: EPISODE 10 TOTAL REWARD 154.0



mai 08, 2020 1:15:37 P.M. no.hvl.projectparmorel.qlearning.QModelFixer handleEpisode
INFO: EPISODE 11, STEP 0, Fixing error 38: The default value literal '' must be a valid literal of the attribute's type
mai 08, 2020 1:15:37 P.M. no.hvl.projectparmorel.qlearning.QModelFixer chooseAction
INFO: Choosing random action.
mai 08, 2020 1:15:37 P.M. no.hvl.projectparmorel.qlearning.QModelFixer handleStep
INFO: Chose action setEType in context 0 with weight 1.0
mai 08, 2020 1:15:37 P.M. no.hvl.projectparmorel.qlearning.QModelFixer updateQTable
INFO: Calculating new Q-value:
Old Q-value: 1.0
Alpha: 1.0
Gamma:1.0

Reward: -2
1.0 + 1.0 * (-2 + 1.0 - 1.0) = -1.0
mai 08, 2020 1:15:37 P.M. no.hvl.projectparmorel.qlearning.QModelFixer updateQTable
INFO: Updated Q-table for error 38, context 0, action -591535257 to new weight -1.0
mai 08, 2020 1:15:37 P.M. no.hvl.projectparmorel.qlearning.ecore.EcoreSolution calculateDistanceFromOriginal
INFO: Calculated the distance between the models to 97.0
mai 08, 2020 1:15:37 P.M. no.hvl.projectparmorel.qlearning.reward.PreferCloseDinstanceToOriginalPreference rewardcalculateRewardFor
INFO: Time to measure distance: 41 ms
mai 08, 2020 1:15:37 P.M. no.hvl.projectparmorel.qlearning.QModelFixer updateQTable
INFO: Calculating new Q-value:
Old Q-value: -1.0
Alpha: 1.0
Gamma:1.0

Reward: 97
-1.0 + 1.0 * (97 + 1.0 - -1.0) = 98.0
mai 08, 2020 1:15:37 P.M. no.hvl.projectparmorel.qlearning.QModelFixer updateQTable
INFO: Updated Q-table for error 38, context 0, action -591535257 to new weight 98.0
mai 08, 2020 1:15:39 P.M. no.hvl.projectparmorel.qlearning.reward.PreferRelaxation rewardcalculateRewardFor
INFO: Relaxation Index of the metamodel: 56.0
Time to get metric: 1677 ms
mai 08, 2020 1:15:39 P.M. no.hvl.projectparmorel.qlearning.QModelFixer fixModel
INFO: Solution added to possible solitons: [ErrorAction [Error: 38 The default value literal '' must be a valid literal of the attribute's type, Action: setEType, Error hierarchy: 0]
]
mai 08, 2020 1:15:39 P.M. no.hvl.projectparmorel.qlearning.QModelFixer fixModel
INFO: EPISODE 11 TOTAL REWARD 151.0



mai 08, 2020 1:15:39 P.M. no.hvl.projectparmorel.qlearning.QModelFixer handleEpisode
INFO: EPISODE 12, STEP 0, Fixing error 38: The default value literal '' must be a valid literal of the attribute's type
mai 08, 2020 1:15:39 P.M. no.hvl.projectparmorel.qlearning.QModelFixer chooseAction
INFO: Choosing optimal action
mai 08, 2020 1:15:39 P.M. no.hvl.projectparmorel.qlearning.QModelFixer handleStep
INFO: Chose action setDefaultValueLiteralGen in context 0 with weight 56.0
mai 08, 2020 1:15:39 P.M. no.hvl.projectparmorel.qlearning.QModelFixer updateQTable
INFO: Calculating new Q-value:
Old Q-value: 56.0
Alpha: 1.0
Gamma:1.0

Reward: -2
56.0 + 1.0 * (-2 + 1.0 - 56.0) = -1.0
mai 08, 2020 1:15:39 P.M. no.hvl.projectparmorel.qlearning.QModelFixer updateQTable
INFO: Updated Q-table for error 38, context 0, action -2078906332 to new weight -1.0
mai 08, 2020 1:15:39 P.M. no.hvl.projectparmorel.qlearning.ecore.EcoreSolution calculateDistanceFromOriginal
INFO: Calculated the distance between the models to 100.0
mai 08, 2020 1:15:39 P.M. no.hvl.projectparmorel.qlearning.reward.PreferCloseDinstanceToOriginalPreference rewardcalculateRewardFor
INFO: Time to measure distance: 40 ms
mai 08, 2020 1:15:39 P.M. no.hvl.projectparmorel.qlearning.QModelFixer updateQTable
INFO: Calculating new Q-value:
Old Q-value: -1.0
Alpha: 1.0
Gamma:1.0

Reward: 100
-1.0 + 1.0 * (100 + 1.0 - -1.0) = 101.0
mai 08, 2020 1:15:39 P.M. no.hvl.projectparmorel.qlearning.QModelFixer updateQTable
INFO: Updated Q-table for error 38, context 0, action -2078906332 to new weight 101.0
mai 08, 2020 1:15:41 P.M. no.hvl.projectparmorel.qlearning.reward.PreferRelaxation rewardcalculateRewardFor
INFO: Relaxation Index of the metamodel: 56.0
Time to get metric: 1728 ms
mai 08, 2020 1:15:41 P.M. no.hvl.projectparmorel.qlearning.QModelFixer isUnique
INFO: Solution [ErrorAction [Error: 38 The default value literal '' must be a valid literal of the attribute's type, Action: setDefaultValueLiteralGen, Error hierarchy: 0]
] already exists.
mai 08, 2020 1:15:41 P.M. no.hvl.projectparmorel.qlearning.QModelFixer fixModel
INFO: Solution discarded.
mai 08, 2020 1:15:41 P.M. no.hvl.projectparmorel.qlearning.QModelFixer fixModel
INFO: EPISODE 12 TOTAL REWARD 154.0



mai 08, 2020 1:15:41 P.M. no.hvl.projectparmorel.qlearning.QModelFixer handleEpisode
INFO: EPISODE 13, STEP 0, Fixing error 38: The default value literal '' must be a valid literal of the attribute's type
mai 08, 2020 1:15:41 P.M. no.hvl.projectparmorel.qlearning.QModelFixer chooseAction
INFO: Choosing optimal action
mai 08, 2020 1:15:41 P.M. no.hvl.projectparmorel.qlearning.QModelFixer handleStep
INFO: Chose action setDefaultValueLiteralGen in context 0 with weight 56.0
mai 08, 2020 1:15:41 P.M. no.hvl.projectparmorel.qlearning.QModelFixer updateQTable
INFO: Calculating new Q-value:
Old Q-value: 56.0
Alpha: 1.0
Gamma:1.0

Reward: -2
56.0 + 1.0 * (-2 + 1.0 - 56.0) = -1.0
mai 08, 2020 1:15:41 P.M. no.hvl.projectparmorel.qlearning.QModelFixer updateQTable
INFO: Updated Q-table for error 38, context 0, action -2078906332 to new weight -1.0
mai 08, 2020 1:15:41 P.M. no.hvl.projectparmorel.qlearning.ecore.EcoreSolution calculateDistanceFromOriginal
INFO: Calculated the distance between the models to 100.0
mai 08, 2020 1:15:41 P.M. no.hvl.projectparmorel.qlearning.reward.PreferCloseDinstanceToOriginalPreference rewardcalculateRewardFor
INFO: Time to measure distance: 42 ms
mai 08, 2020 1:15:41 P.M. no.hvl.projectparmorel.qlearning.QModelFixer updateQTable
INFO: Calculating new Q-value:
Old Q-value: -1.0
Alpha: 1.0
Gamma:1.0

Reward: 100
-1.0 + 1.0 * (100 + 1.0 - -1.0) = 101.0
mai 08, 2020 1:15:41 P.M. no.hvl.projectparmorel.qlearning.QModelFixer updateQTable
INFO: Updated Q-table for error 38, context 0, action -2078906332 to new weight 101.0
mai 08, 2020 1:15:42 P.M. no.hvl.projectparmorel.qlearning.reward.PreferRelaxation rewardcalculateRewardFor
INFO: Relaxation Index of the metamodel: 56.0
Time to get metric: 1668 ms
mai 08, 2020 1:15:42 P.M. no.hvl.projectparmorel.qlearning.QModelFixer isUnique
INFO: Solution [ErrorAction [Error: 38 The default value literal '' must be a valid literal of the attribute's type, Action: setDefaultValueLiteralGen, Error hierarchy: 0]
] already exists.
mai 08, 2020 1:15:42 P.M. no.hvl.projectparmorel.qlearning.QModelFixer fixModel
INFO: Solution discarded.
mai 08, 2020 1:15:42 P.M. no.hvl.projectparmorel.qlearning.QModelFixer fixModel
INFO: EPISODE 13 TOTAL REWARD 154.0



mai 08, 2020 1:15:42 P.M. no.hvl.projectparmorel.qlearning.QModelFixer handleEpisode
INFO: EPISODE 14, STEP 0, Fixing error 38: The default value literal '' must be a valid literal of the attribute's type
mai 08, 2020 1:15:42 P.M. no.hvl.projectparmorel.qlearning.QModelFixer chooseAction
INFO: Choosing optimal action
mai 08, 2020 1:15:42 P.M. no.hvl.projectparmorel.qlearning.QModelFixer handleStep
INFO: Chose action setDefaultValueLiteralGen in context 0 with weight 56.0
mai 08, 2020 1:15:42 P.M. no.hvl.projectparmorel.qlearning.QModelFixer updateQTable
INFO: Calculating new Q-value:
Old Q-value: 56.0
Alpha: 1.0
Gamma:1.0

Reward: -2
56.0 + 1.0 * (-2 + 1.0 - 56.0) = -1.0
mai 08, 2020 1:15:42 P.M. no.hvl.projectparmorel.qlearning.QModelFixer updateQTable
INFO: Updated Q-table for error 38, context 0, action -2078906332 to new weight -1.0
mai 08, 2020 1:15:42 P.M. no.hvl.projectparmorel.qlearning.ecore.EcoreSolution calculateDistanceFromOriginal
INFO: Calculated the distance between the models to 100.0
mai 08, 2020 1:15:42 P.M. no.hvl.projectparmorel.qlearning.reward.PreferCloseDinstanceToOriginalPreference rewardcalculateRewardFor
INFO: Time to measure distance: 40 ms
mai 08, 2020 1:15:42 P.M. no.hvl.projectparmorel.qlearning.QModelFixer updateQTable
INFO: Calculating new Q-value:
Old Q-value: -1.0
Alpha: 1.0
Gamma:1.0

Reward: 100
-1.0 + 1.0 * (100 + 1.0 - -1.0) = 101.0
mai 08, 2020 1:15:42 P.M. no.hvl.projectparmorel.qlearning.QModelFixer updateQTable
INFO: Updated Q-table for error 38, context 0, action -2078906332 to new weight 101.0
mai 08, 2020 1:15:44 P.M. no.hvl.projectparmorel.qlearning.reward.PreferRelaxation rewardcalculateRewardFor
INFO: Relaxation Index of the metamodel: 56.0
Time to get metric: 1729 ms
mai 08, 2020 1:15:44 P.M. no.hvl.projectparmorel.qlearning.QModelFixer isUnique
INFO: Solution [ErrorAction [Error: 38 The default value literal '' must be a valid literal of the attribute's type, Action: setDefaultValueLiteralGen, Error hierarchy: 0]
] already exists.
mai 08, 2020 1:15:44 P.M. no.hvl.projectparmorel.qlearning.QModelFixer fixModel
INFO: Solution discarded.
mai 08, 2020 1:15:44 P.M. no.hvl.projectparmorel.qlearning.QModelFixer fixModel
INFO: EPISODE 14 TOTAL REWARD 154.0



mai 08, 2020 1:15:44 P.M. no.hvl.projectparmorel.qlearning.QModelFixer handleEpisode
INFO: EPISODE 15, STEP 0, Fixing error 38: The default value literal '' must be a valid literal of the attribute's type
mai 08, 2020 1:15:44 P.M. no.hvl.projectparmorel.qlearning.QModelFixer chooseAction
INFO: Choosing optimal action
mai 08, 2020 1:15:44 P.M. no.hvl.projectparmorel.qlearning.QModelFixer handleStep
INFO: Chose action setDefaultValueLiteralGen in context 0 with weight 56.0
mai 08, 2020 1:15:44 P.M. no.hvl.projectparmorel.qlearning.QModelFixer updateQTable
INFO: Calculating new Q-value:
Old Q-value: 56.0
Alpha: 1.0
Gamma:1.0

Reward: -2
56.0 + 1.0 * (-2 + 1.0 - 56.0) = -1.0
mai 08, 2020 1:15:44 P.M. no.hvl.projectparmorel.qlearning.QModelFixer updateQTable
INFO: Updated Q-table for error 38, context 0, action -2078906332 to new weight -1.0
mai 08, 2020 1:15:44 P.M. no.hvl.projectparmorel.qlearning.ecore.EcoreSolution calculateDistanceFromOriginal
INFO: Calculated the distance between the models to 100.0
mai 08, 2020 1:15:44 P.M. no.hvl.projectparmorel.qlearning.reward.PreferCloseDinstanceToOriginalPreference rewardcalculateRewardFor
INFO: Time to measure distance: 40 ms
mai 08, 2020 1:15:44 P.M. no.hvl.projectparmorel.qlearning.QModelFixer updateQTable
INFO: Calculating new Q-value:
Old Q-value: -1.0
Alpha: 1.0
Gamma:1.0

Reward: 100
-1.0 + 1.0 * (100 + 1.0 - -1.0) = 101.0
mai 08, 2020 1:15:44 P.M. no.hvl.projectparmorel.qlearning.QModelFixer updateQTable
INFO: Updated Q-table for error 38, context 0, action -2078906332 to new weight 101.0
mai 08, 2020 1:15:46 P.M. no.hvl.projectparmorel.qlearning.reward.PreferRelaxation rewardcalculateRewardFor
INFO: Relaxation Index of the metamodel: 56.0
Time to get metric: 1668 ms
mai 08, 2020 1:15:46 P.M. no.hvl.projectparmorel.qlearning.QModelFixer isUnique
INFO: Solution [ErrorAction [Error: 38 The default value literal '' must be a valid literal of the attribute's type, Action: setDefaultValueLiteralGen, Error hierarchy: 0]
] already exists.
mai 08, 2020 1:15:46 P.M. no.hvl.projectparmorel.qlearning.QModelFixer fixModel
INFO: Solution discarded.
mai 08, 2020 1:15:46 P.M. no.hvl.projectparmorel.qlearning.QModelFixer fixModel
INFO: EPISODE 15 TOTAL REWARD 154.0



mai 08, 2020 1:15:46 P.M. no.hvl.projectparmorel.qlearning.QModelFixer handleEpisode
INFO: EPISODE 16, STEP 0, Fixing error 38: The default value literal '' must be a valid literal of the attribute's type
mai 08, 2020 1:15:46 P.M. no.hvl.projectparmorel.qlearning.QModelFixer chooseAction
INFO: Choosing random action.
mai 08, 2020 1:15:46 P.M. no.hvl.projectparmorel.qlearning.QModelFixer handleStep
INFO: Chose action setEType in context 0 with weight 56.0
mai 08, 2020 1:15:46 P.M. no.hvl.projectparmorel.qlearning.QModelFixer updateQTable
INFO: Calculating new Q-value:
Old Q-value: 56.0
Alpha: 1.0
Gamma:1.0

Reward: -2
56.0 + 1.0 * (-2 + 1.0 - 56.0) = -1.0
mai 08, 2020 1:15:46 P.M. no.hvl.projectparmorel.qlearning.QModelFixer updateQTable
INFO: Updated Q-table for error 38, context 0, action 591449609 to new weight -1.0
mai 08, 2020 1:15:46 P.M. no.hvl.projectparmorel.qlearning.ecore.EcoreSolution calculateDistanceFromOriginal
INFO: Calculated the distance between the models to 97.0
mai 08, 2020 1:15:46 P.M. no.hvl.projectparmorel.qlearning.reward.PreferCloseDinstanceToOriginalPreference rewardcalculateRewardFor
INFO: Time to measure distance: 39 ms
mai 08, 2020 1:15:46 P.M. no.hvl.projectparmorel.qlearning.QModelFixer updateQTable
INFO: Calculating new Q-value:
Old Q-value: -1.0
Alpha: 1.0
Gamma:1.0

Reward: 97
-1.0 + 1.0 * (97 + 1.0 - -1.0) = 98.0
mai 08, 2020 1:15:46 P.M. no.hvl.projectparmorel.qlearning.QModelFixer updateQTable
INFO: Updated Q-table for error 38, context 0, action 591449609 to new weight 98.0
mai 08, 2020 1:15:48 P.M. no.hvl.projectparmorel.qlearning.reward.PreferRelaxation rewardcalculateRewardFor
INFO: Relaxation Index of the metamodel: 56.0
Time to get metric: 1746 ms
mai 08, 2020 1:15:48 P.M. no.hvl.projectparmorel.qlearning.QModelFixer isUnique
INFO: Solution [ErrorAction [Error: 38 The default value literal '' must be a valid literal of the attribute's type, Action: setEType, Error hierarchy: 0]
] already exists.
mai 08, 2020 1:15:48 P.M. no.hvl.projectparmorel.qlearning.QModelFixer fixModel
INFO: Solution discarded.
mai 08, 2020 1:15:48 P.M. no.hvl.projectparmorel.qlearning.QModelFixer fixModel
INFO: EPISODE 16 TOTAL REWARD 151.0



mai 08, 2020 1:15:48 P.M. no.hvl.projectparmorel.qlearning.QModelFixer handleEpisode
INFO: EPISODE 17, STEP 0, Fixing error 38: The default value literal '' must be a valid literal of the attribute's type
mai 08, 2020 1:15:48 P.M. no.hvl.projectparmorel.qlearning.QModelFixer chooseAction
INFO: Choosing optimal action
mai 08, 2020 1:15:48 P.M. no.hvl.projectparmorel.qlearning.QModelFixer handleStep
INFO: Chose action setDefaultValueLiteralGen in context 0 with weight 56.0
mai 08, 2020 1:15:48 P.M. no.hvl.projectparmorel.qlearning.QModelFixer updateQTable
INFO: Calculating new Q-value:
Old Q-value: 56.0
Alpha: 1.0
Gamma:1.0

Reward: -2
56.0 + 1.0 * (-2 + 1.0 - 56.0) = -1.0
mai 08, 2020 1:15:48 P.M. no.hvl.projectparmorel.qlearning.QModelFixer updateQTable
INFO: Updated Q-table for error 38, context 0, action -2078906332 to new weight -1.0
mai 08, 2020 1:15:48 P.M. no.hvl.projectparmorel.qlearning.ecore.EcoreSolution calculateDistanceFromOriginal
INFO: Calculated the distance between the models to 100.0
mai 08, 2020 1:15:48 P.M. no.hvl.projectparmorel.qlearning.reward.PreferCloseDinstanceToOriginalPreference rewardcalculateRewardFor
INFO: Time to measure distance: 41 ms
mai 08, 2020 1:15:48 P.M. no.hvl.projectparmorel.qlearning.QModelFixer updateQTable
INFO: Calculating new Q-value:
Old Q-value: -1.0
Alpha: 1.0
Gamma:1.0

Reward: 100
-1.0 + 1.0 * (100 + 1.0 - -1.0) = 101.0
mai 08, 2020 1:15:48 P.M. no.hvl.projectparmorel.qlearning.QModelFixer updateQTable
INFO: Updated Q-table for error 38, context 0, action -2078906332 to new weight 101.0
mai 08, 2020 1:15:49 P.M. no.hvl.projectparmorel.qlearning.reward.PreferRelaxation rewardcalculateRewardFor
INFO: Relaxation Index of the metamodel: 56.0
Time to get metric: 1678 ms
mai 08, 2020 1:15:49 P.M. no.hvl.projectparmorel.qlearning.QModelFixer isUnique
INFO: Solution [ErrorAction [Error: 38 The default value literal '' must be a valid literal of the attribute's type, Action: setDefaultValueLiteralGen, Error hierarchy: 0]
] already exists.
mai 08, 2020 1:15:49 P.M. no.hvl.projectparmorel.qlearning.QModelFixer fixModel
INFO: Solution discarded.
mai 08, 2020 1:15:49 P.M. no.hvl.projectparmorel.qlearning.QModelFixer fixModel
INFO: EPISODE 17 TOTAL REWARD 154.0



mai 08, 2020 1:15:49 P.M. no.hvl.projectparmorel.qlearning.QModelFixer handleEpisode
INFO: EPISODE 18, STEP 0, Fixing error 38: The default value literal '' must be a valid literal of the attribute's type
mai 08, 2020 1:15:49 P.M. no.hvl.projectparmorel.qlearning.QModelFixer chooseAction
INFO: Choosing optimal action
mai 08, 2020 1:15:49 P.M. no.hvl.projectparmorel.qlearning.QModelFixer handleStep
INFO: Chose action setDefaultValueLiteralGen in context 0 with weight 56.0
mai 08, 2020 1:15:49 P.M. no.hvl.projectparmorel.qlearning.QModelFixer updateQTable
INFO: Calculating new Q-value:
Old Q-value: 56.0
Alpha: 1.0
Gamma:1.0

Reward: -2
56.0 + 1.0 * (-2 + 1.0 - 56.0) = -1.0
mai 08, 2020 1:15:49 P.M. no.hvl.projectparmorel.qlearning.QModelFixer updateQTable
INFO: Updated Q-table for error 38, context 0, action -2078906332 to new weight -1.0
mai 08, 2020 1:15:49 P.M. no.hvl.projectparmorel.qlearning.ecore.EcoreSolution calculateDistanceFromOriginal
INFO: Calculated the distance between the models to 100.0
mai 08, 2020 1:15:49 P.M. no.hvl.projectparmorel.qlearning.reward.PreferCloseDinstanceToOriginalPreference rewardcalculateRewardFor
INFO: Time to measure distance: 40 ms
mai 08, 2020 1:15:49 P.M. no.hvl.projectparmorel.qlearning.QModelFixer updateQTable
INFO: Calculating new Q-value:
Old Q-value: -1.0
Alpha: 1.0
Gamma:1.0

Reward: 100
-1.0 + 1.0 * (100 + 1.0 - -1.0) = 101.0
mai 08, 2020 1:15:49 P.M. no.hvl.projectparmorel.qlearning.QModelFixer updateQTable
INFO: Updated Q-table for error 38, context 0, action -2078906332 to new weight 101.0
mai 08, 2020 1:15:51 P.M. no.hvl.projectparmorel.qlearning.reward.PreferRelaxation rewardcalculateRewardFor
INFO: Relaxation Index of the metamodel: 56.0
Time to get metric: 1652 ms
mai 08, 2020 1:15:51 P.M. no.hvl.projectparmorel.qlearning.QModelFixer isUnique
INFO: Solution [ErrorAction [Error: 38 The default value literal '' must be a valid literal of the attribute's type, Action: setDefaultValueLiteralGen, Error hierarchy: 0]
] already exists.
mai 08, 2020 1:15:51 P.M. no.hvl.projectparmorel.qlearning.QModelFixer fixModel
INFO: Solution discarded.
mai 08, 2020 1:15:51 P.M. no.hvl.projectparmorel.qlearning.QModelFixer fixModel
INFO: EPISODE 18 TOTAL REWARD 154.0



mai 08, 2020 1:15:51 P.M. no.hvl.projectparmorel.qlearning.QModelFixer handleEpisode
INFO: EPISODE 19, STEP 0, Fixing error 38: The default value literal '' must be a valid literal of the attribute's type
mai 08, 2020 1:15:51 P.M. no.hvl.projectparmorel.qlearning.QModelFixer chooseAction
INFO: Choosing optimal action
mai 08, 2020 1:15:51 P.M. no.hvl.projectparmorel.qlearning.QModelFixer handleStep
INFO: Chose action setDefaultValueLiteralGen in context 0 with weight 56.0
mai 08, 2020 1:15:51 P.M. no.hvl.projectparmorel.qlearning.QModelFixer updateQTable
INFO: Calculating new Q-value:
Old Q-value: 56.0
Alpha: 1.0
Gamma:1.0

Reward: -2
56.0 + 1.0 * (-2 + 1.0 - 56.0) = -1.0
mai 08, 2020 1:15:51 P.M. no.hvl.projectparmorel.qlearning.QModelFixer updateQTable
INFO: Updated Q-table for error 38, context 0, action -2078906332 to new weight -1.0
mai 08, 2020 1:15:51 P.M. no.hvl.projectparmorel.qlearning.ecore.EcoreSolution calculateDistanceFromOriginal
INFO: Calculated the distance between the models to 100.0
mai 08, 2020 1:15:51 P.M. no.hvl.projectparmorel.qlearning.reward.PreferCloseDinstanceToOriginalPreference rewardcalculateRewardFor
INFO: Time to measure distance: 47 ms
mai 08, 2020 1:15:51 P.M. no.hvl.projectparmorel.qlearning.QModelFixer updateQTable
INFO: Calculating new Q-value:
Old Q-value: -1.0
Alpha: 1.0
Gamma:1.0

Reward: 100
-1.0 + 1.0 * (100 + 1.0 - -1.0) = 101.0
mai 08, 2020 1:15:51 P.M. no.hvl.projectparmorel.qlearning.QModelFixer updateQTable
INFO: Updated Q-table for error 38, context 0, action -2078906332 to new weight 101.0
mai 08, 2020 1:15:53 P.M. no.hvl.projectparmorel.qlearning.reward.PreferRelaxation rewardcalculateRewardFor
INFO: Relaxation Index of the metamodel: 56.0
Time to get metric: 1705 ms
mai 08, 2020 1:15:53 P.M. no.hvl.projectparmorel.qlearning.QModelFixer isUnique
INFO: Solution [ErrorAction [Error: 38 The default value literal '' must be a valid literal of the attribute's type, Action: setDefaultValueLiteralGen, Error hierarchy: 0]
] already exists.
mai 08, 2020 1:15:53 P.M. no.hvl.projectparmorel.qlearning.QModelFixer fixModel
INFO: Solution discarded.
mai 08, 2020 1:15:53 P.M. no.hvl.projectparmorel.qlearning.QModelFixer fixModel
INFO: EPISODE 19 TOTAL REWARD 154.0



mai 08, 2020 1:15:53 P.M. no.hvl.projectparmorel.qlearning.QModelFixer handleEpisode
INFO: EPISODE 20, STEP 0, Fixing error 38: The default value literal '' must be a valid literal of the attribute's type
mai 08, 2020 1:15:53 P.M. no.hvl.projectparmorel.qlearning.QModelFixer chooseAction
INFO: Choosing optimal action
mai 08, 2020 1:15:53 P.M. no.hvl.projectparmorel.qlearning.QModelFixer handleStep
INFO: Chose action setDefaultValueLiteralGen in context 0 with weight 56.0
mai 08, 2020 1:15:53 P.M. no.hvl.projectparmorel.qlearning.QModelFixer updateQTable
INFO: Calculating new Q-value:
Old Q-value: 56.0
Alpha: 1.0
Gamma:1.0

Reward: -2
56.0 + 1.0 * (-2 + 1.0 - 56.0) = -1.0
mai 08, 2020 1:15:53 P.M. no.hvl.projectparmorel.qlearning.QModelFixer updateQTable
INFO: Updated Q-table for error 38, context 0, action -2078906332 to new weight -1.0
mai 08, 2020 1:15:53 P.M. no.hvl.projectparmorel.qlearning.ecore.EcoreSolution calculateDistanceFromOriginal
INFO: Calculated the distance between the models to 100.0
mai 08, 2020 1:15:53 P.M. no.hvl.projectparmorel.qlearning.reward.PreferCloseDinstanceToOriginalPreference rewardcalculateRewardFor
INFO: Time to measure distance: 40 ms
mai 08, 2020 1:15:53 P.M. no.hvl.projectparmorel.qlearning.QModelFixer updateQTable
INFO: Calculating new Q-value:
Old Q-value: -1.0
Alpha: 1.0
Gamma:1.0

Reward: 100
-1.0 + 1.0 * (100 + 1.0 - -1.0) = 101.0
mai 08, 2020 1:15:53 P.M. no.hvl.projectparmorel.qlearning.QModelFixer updateQTable
INFO: Updated Q-table for error 38, context 0, action -2078906332 to new weight 101.0
mai 08, 2020 1:15:55 P.M. no.hvl.projectparmorel.qlearning.reward.PreferRelaxation rewardcalculateRewardFor
INFO: Relaxation Index of the metamodel: 56.0
Time to get metric: 1662 ms
mai 08, 2020 1:15:55 P.M. no.hvl.projectparmorel.qlearning.QModelFixer isUnique
INFO: Solution [ErrorAction [Error: 38 The default value literal '' must be a valid literal of the attribute's type, Action: setDefaultValueLiteralGen, Error hierarchy: 0]
] already exists.
mai 08, 2020 1:15:55 P.M. no.hvl.projectparmorel.qlearning.QModelFixer fixModel
INFO: Solution discarded.
mai 08, 2020 1:15:55 P.M. no.hvl.projectparmorel.qlearning.QModelFixer fixModel
INFO: EPISODE 20 TOTAL REWARD 154.0



mai 08, 2020 1:15:55 P.M. no.hvl.projectparmorel.qlearning.QModelFixer handleEpisode
INFO: EPISODE 21, STEP 0, Fixing error 38: The default value literal '' must be a valid literal of the attribute's type
mai 08, 2020 1:15:55 P.M. no.hvl.projectparmorel.qlearning.QModelFixer chooseAction
INFO: Choosing optimal action
mai 08, 2020 1:15:55 P.M. no.hvl.projectparmorel.qlearning.QModelFixer handleStep
INFO: Chose action setDefaultValueLiteralGen in context 0 with weight 56.0
mai 08, 2020 1:15:55 P.M. no.hvl.projectparmorel.qlearning.QModelFixer updateQTable
INFO: Calculating new Q-value:
Old Q-value: 56.0
Alpha: 1.0
Gamma:1.0

Reward: -2
56.0 + 1.0 * (-2 + 1.0 - 56.0) = -1.0
mai 08, 2020 1:15:55 P.M. no.hvl.projectparmorel.qlearning.QModelFixer updateQTable
INFO: Updated Q-table for error 38, context 0, action -2078906332 to new weight -1.0
mai 08, 2020 1:15:55 P.M. no.hvl.projectparmorel.qlearning.ecore.EcoreSolution calculateDistanceFromOriginal
INFO: Calculated the distance between the models to 100.0
mai 08, 2020 1:15:55 P.M. no.hvl.projectparmorel.qlearning.reward.PreferCloseDinstanceToOriginalPreference rewardcalculateRewardFor
INFO: Time to measure distance: 40 ms
mai 08, 2020 1:15:55 P.M. no.hvl.projectparmorel.qlearning.QModelFixer updateQTable
INFO: Calculating new Q-value:
Old Q-value: -1.0
Alpha: 1.0
Gamma:1.0

Reward: 100
-1.0 + 1.0 * (100 + 1.0 - -1.0) = 101.0
mai 08, 2020 1:15:55 P.M. no.hvl.projectparmorel.qlearning.QModelFixer updateQTable
INFO: Updated Q-table for error 38, context 0, action -2078906332 to new weight 101.0
mai 08, 2020 1:15:56 P.M. no.hvl.projectparmorel.qlearning.reward.PreferRelaxation rewardcalculateRewardFor
INFO: Relaxation Index of the metamodel: 56.0
Time to get metric: 1770 ms
mai 08, 2020 1:15:56 P.M. no.hvl.projectparmorel.qlearning.QModelFixer isUnique
INFO: Solution [ErrorAction [Error: 38 The default value literal '' must be a valid literal of the attribute's type, Action: setDefaultValueLiteralGen, Error hierarchy: 0]
] already exists.
mai 08, 2020 1:15:56 P.M. no.hvl.projectparmorel.qlearning.QModelFixer fixModel
INFO: Solution discarded.
mai 08, 2020 1:15:56 P.M. no.hvl.projectparmorel.qlearning.QModelFixer fixModel
INFO: EPISODE 21 TOTAL REWARD 154.0



mai 08, 2020 1:15:56 P.M. no.hvl.projectparmorel.qlearning.QModelFixer handleEpisode
INFO: EPISODE 22, STEP 0, Fixing error 38: The default value literal '' must be a valid literal of the attribute's type
mai 08, 2020 1:15:56 P.M. no.hvl.projectparmorel.qlearning.QModelFixer chooseAction
INFO: Choosing optimal action
mai 08, 2020 1:15:56 P.M. no.hvl.projectparmorel.qlearning.QModelFixer handleStep
INFO: Chose action setDefaultValueLiteralGen in context 0 with weight 56.0
mai 08, 2020 1:15:56 P.M. no.hvl.projectparmorel.qlearning.QModelFixer updateQTable
INFO: Calculating new Q-value:
Old Q-value: 56.0
Alpha: 1.0
Gamma:1.0

Reward: -2
56.0 + 1.0 * (-2 + 1.0 - 56.0) = -1.0
mai 08, 2020 1:15:56 P.M. no.hvl.projectparmorel.qlearning.QModelFixer updateQTable
INFO: Updated Q-table for error 38, context 0, action -2078906332 to new weight -1.0
mai 08, 2020 1:15:56 P.M. no.hvl.projectparmorel.qlearning.ecore.EcoreSolution calculateDistanceFromOriginal
INFO: Calculated the distance between the models to 100.0
mai 08, 2020 1:15:56 P.M. no.hvl.projectparmorel.qlearning.reward.PreferCloseDinstanceToOriginalPreference rewardcalculateRewardFor
INFO: Time to measure distance: 40 ms
mai 08, 2020 1:15:56 P.M. no.hvl.projectparmorel.qlearning.QModelFixer updateQTable
INFO: Calculating new Q-value:
Old Q-value: -1.0
Alpha: 1.0
Gamma:1.0

Reward: 100
-1.0 + 1.0 * (100 + 1.0 - -1.0) = 101.0
mai 08, 2020 1:15:56 P.M. no.hvl.projectparmorel.qlearning.QModelFixer updateQTable
INFO: Updated Q-table for error 38, context 0, action -2078906332 to new weight 101.0
mai 08, 2020 1:15:58 P.M. no.hvl.projectparmorel.qlearning.reward.PreferRelaxation rewardcalculateRewardFor
INFO: Relaxation Index of the metamodel: 56.0
Time to get metric: 1670 ms
mai 08, 2020 1:15:58 P.M. no.hvl.projectparmorel.qlearning.QModelFixer isUnique
INFO: Solution [ErrorAction [Error: 38 The default value literal '' must be a valid literal of the attribute's type, Action: setDefaultValueLiteralGen, Error hierarchy: 0]
] already exists.
mai 08, 2020 1:15:58 P.M. no.hvl.projectparmorel.qlearning.QModelFixer fixModel
INFO: Solution discarded.
mai 08, 2020 1:15:58 P.M. no.hvl.projectparmorel.qlearning.QModelFixer fixModel
INFO: EPISODE 22 TOTAL REWARD 154.0



mai 08, 2020 1:15:58 P.M. no.hvl.projectparmorel.qlearning.QModelFixer handleEpisode
INFO: EPISODE 23, STEP 0, Fixing error 38: The default value literal '' must be a valid literal of the attribute's type
mai 08, 2020 1:15:58 P.M. no.hvl.projectparmorel.qlearning.QModelFixer chooseAction
INFO: Choosing random action.
mai 08, 2020 1:15:58 P.M. no.hvl.projectparmorel.qlearning.QModelFixer handleStep
INFO: Chose action setDefaultValueLiteral in context 0 with weight 1.0
mai 08, 2020 1:15:58 P.M. no.hvl.projectparmorel.qlearning.QModelFixer updateQTable
INFO: Calculating new Q-value:
Old Q-value: 1.0
Alpha: 1.0
Gamma:1.0

Reward: -2
1.0 + 1.0 * (-2 + 1.0 - 1.0) = -1.0
mai 08, 2020 1:15:58 P.M. no.hvl.projectparmorel.qlearning.QModelFixer updateQTable
INFO: Updated Q-table for error 38, context 0, action 1999964618 to new weight -1.0
mai 08, 2020 1:15:58 P.M. no.hvl.projectparmorel.qlearning.ecore.EcoreSolution calculateDistanceFromOriginal
INFO: Calculated the distance between the models to 100.0
mai 08, 2020 1:15:58 P.M. no.hvl.projectparmorel.qlearning.reward.PreferCloseDinstanceToOriginalPreference rewardcalculateRewardFor
INFO: Time to measure distance: 40 ms
mai 08, 2020 1:15:58 P.M. no.hvl.projectparmorel.qlearning.QModelFixer updateQTable
INFO: Calculating new Q-value:
Old Q-value: -1.0
Alpha: 1.0
Gamma:1.0

Reward: 100
-1.0 + 1.0 * (100 + 1.0 - -1.0) = 101.0
mai 08, 2020 1:15:58 P.M. no.hvl.projectparmorel.qlearning.QModelFixer updateQTable
INFO: Updated Q-table for error 38, context 0, action 1999964618 to new weight 101.0
mai 08, 2020 1:16:00 P.M. no.hvl.projectparmorel.qlearning.reward.PreferRelaxation rewardcalculateRewardFor
INFO: Relaxation Index of the metamodel: 56.0
Time to get metric: 1764 ms
mai 08, 2020 1:16:00 P.M. no.hvl.projectparmorel.qlearning.QModelFixer fixModel
INFO: Solution added to possible solitons: [ErrorAction [Error: 38 The default value literal '' must be a valid literal of the attribute's type, Action: setDefaultValueLiteral, Error hierarchy: 0]
]
mai 08, 2020 1:16:00 P.M. no.hvl.projectparmorel.qlearning.QModelFixer fixModel
INFO: EPISODE 23 TOTAL REWARD 154.0



mai 08, 2020 1:16:00 P.M. no.hvl.projectparmorel.qlearning.QModelFixer handleEpisode
INFO: EPISODE 24, STEP 0, Fixing error 38: The default value literal '' must be a valid literal of the attribute's type
mai 08, 2020 1:16:00 P.M. no.hvl.projectparmorel.qlearning.QModelFixer chooseAction
INFO: Choosing optimal action
mai 08, 2020 1:16:00 P.M. no.hvl.projectparmorel.qlearning.QModelFixer handleStep
INFO: Chose action setDefaultValueLiteralGen in context 0 with weight 56.0
mai 08, 2020 1:16:00 P.M. no.hvl.projectparmorel.qlearning.QModelFixer updateQTable
INFO: Calculating new Q-value:
Old Q-value: 56.0
Alpha: 1.0
Gamma:1.0

Reward: -2
56.0 + 1.0 * (-2 + 1.0 - 56.0) = -1.0
mai 08, 2020 1:16:00 P.M. no.hvl.projectparmorel.qlearning.QModelFixer updateQTable
INFO: Updated Q-table for error 38, context 0, action -2078906332 to new weight -1.0
mai 08, 2020 1:16:00 P.M. no.hvl.projectparmorel.qlearning.ecore.EcoreSolution calculateDistanceFromOriginal
INFO: Calculated the distance between the models to 100.0
mai 08, 2020 1:16:00 P.M. no.hvl.projectparmorel.qlearning.reward.PreferCloseDinstanceToOriginalPreference rewardcalculateRewardFor
INFO: Time to measure distance: 40 ms
mai 08, 2020 1:16:00 P.M. no.hvl.projectparmorel.qlearning.QModelFixer updateQTable
INFO: Calculating new Q-value:
Old Q-value: -1.0
Alpha: 1.0
Gamma:1.0

Reward: 100
-1.0 + 1.0 * (100 + 1.0 - -1.0) = 101.0
mai 08, 2020 1:16:00 P.M. no.hvl.projectparmorel.qlearning.QModelFixer updateQTable
INFO: Updated Q-table for error 38, context 0, action -2078906332 to new weight 101.0
mai 08, 2020 1:16:02 P.M. no.hvl.projectparmorel.qlearning.reward.PreferRelaxation rewardcalculateRewardFor
INFO: Relaxation Index of the metamodel: 56.0
Time to get metric: 1667 ms
mai 08, 2020 1:16:02 P.M. no.hvl.projectparmorel.qlearning.QModelFixer isUnique
INFO: Solution [ErrorAction [Error: 38 The default value literal '' must be a valid literal of the attribute's type, Action: setDefaultValueLiteralGen, Error hierarchy: 0]
] already exists.
mai 08, 2020 1:16:02 P.M. no.hvl.projectparmorel.qlearning.QModelFixer fixModel
INFO: Solution discarded.
mai 08, 2020 1:16:02 P.M. no.hvl.projectparmorel.qlearning.QModelFixer fixModel
INFO: EPISODE 24 TOTAL REWARD 154.0



mai 08, 2020 1:16:02 P.M. no.hvl.projectparmorel.qlearning.QModelFixer fixModel
INFO: Time repairing model: 47354 ms
mai 08, 2020 1:16:02 P.M. no.hvl.projectparmorel.qlearning.QModelFixer fixModel
INFO: 
-----------------ALL SEQUENCES FOUND-------------------
SIZE: 5
DISCARDED SEQUENCES: 20
--------::::B E S T   S E Q U E N C E   I S::::---------
Sequence [id=0, seq=[ErrorAction [Error: 38 The default value literal '' must be a valid literal of the attribute's type, Action: setDefaultValueLiteralGen, Error hierarchy: 0]
], weight=154.0]

 with 1 actions.
mai 08, 2020 1:16:02 P.M. no.hvl.projectparmorel.qlearning.knowledge.Knowledge save
INFO: Saving initialized
mai 08, 2020 1:16:02 P.M. no.hvl.projectparmorel.qlearning.knowledge.Knowledge save
INFO: document prepared
mai 08, 2020 1:16:02 P.M. no.hvl.projectparmorel.qlearning.knowledge.Knowledge save
INFO: Saving completed to /Users/Magnus/Skole/DAT300/EclipseWorkspace3/ParmorelRunnable/knowledge.xml
mai 08, 2020 1:16:02 P.M. no.hvl.projectparmorel.qlearning.knowledge.Knowledge save
INFO: Saving initialized
mai 08, 2020 1:16:02 P.M. no.hvl.projectparmorel.qlearning.knowledge.Knowledge save
INFO: document prepared
mai 08, 2020 1:16:02 P.M. no.hvl.projectparmorel.qlearning.knowledge.Knowledge save
INFO: Saving completed to /Users/Magnus/Skole/DAT300/EclipseWorkspace3/ParmorelRunnable/knowledge.xml
