mai 05, 2020 5:50:30 P.M. hvl.projectparmorel.qlearning.QModelFixer fixModel
INFO: Repairing org.eclipse.wst.ws.internal.model.v10.uddiregistry.ecore
mai 05, 2020 5:50:30 P.M. hvl.projectparmorel.qlearning.QModelFixer fixModel
INFO: Running with preferences [PREFER_CLOSE_DISTANCE_TO_ORIGINAL, PREFER_MAINTAINABILITY]
mai 05, 2020 5:50:30 P.M. hvl.projectparmorel.qlearning.QModelFixer fixModel
INFO: Initial number of errors in model: 2
Maximum number of steps per episode: 12
Errors to fix: [Error 50, message=A containment or bidirectional reference must be unique if its upper bound is different from 1 in package 0
, Error 50, message=A containment or bidirectional reference must be unique if its upper bound is different from 1 in package 0
]
mai 05, 2020 5:50:30 P.M. hvl.projectparmorel.qlearning.QModelFixer fixModel
INFO: Initializing Q-table for the errors.
mai 05, 2020 5:50:30 P.M. hvl.projectparmorel.qlearning.QModelFixer fixModel
INFO: Number of episodes: 25
mai 05, 2020 5:50:30 P.M. hvl.projectparmorel.qlearning.QModelFixer handleEpisode
INFO: EPISODE 0, STEP 0, Fixing error 50: A containment or bidirectional reference must be unique if its upper bound is different from 1
mai 05, 2020 5:50:30 P.M. hvl.projectparmorel.qlearning.QModelFixer chooseAction
INFO: Choosing optimal action
mai 05, 2020 5:50:30 P.M. hvl.projectparmorel.qlearning.QModelFixer handleStep
INFO: Chose action setContainmentGen in context 0 with weight 398.0
mai 05, 2020 5:50:30 P.M. hvl.projectparmorel.qlearning.QModelFixer handleStep
INFO: Next error code: 50
mai 05, 2020 5:50:30 P.M. hvl.projectparmorel.qlearning.QModelFixer handleStep
INFO: Calculating new Q-value:
Old Q-value: 398.0
Alpha: 1.0
Gamma: 1.0
Reward: -2
Next optimal action Q-value: 398.0
398.0 + 1.0 * (-2 + 1.0 * 398.0 - 398.0) = 396.0
mai 05, 2020 5:50:30 P.M. hvl.projectparmorel.qlearning.QModelFixer handleStep
INFO: Updated Q-table for error 50, context 0, action 1062131977 setContainmentGen to new weight 396.0


mai 05, 2020 5:50:30 P.M. hvl.projectparmorel.qlearning.QModelFixer handleEpisode
INFO: EPISODE 0, STEP 1, Fixing error 50: A containment or bidirectional reference must be unique if its upper bound is different from 1
mai 05, 2020 5:50:30 P.M. hvl.projectparmorel.qlearning.QModelFixer chooseAction
INFO: Choosing optimal action
mai 05, 2020 5:50:30 P.M. hvl.projectparmorel.qlearning.QModelFixer handleStep
INFO: Chose action setContainmentGen in context 0 with weight 396.0
mai 05, 2020 5:50:30 P.M. hvl.projectparmorel.qlearning.QModelFixer updateQTable
INFO: Calculating new Q-value:
Old Q-value: 396.0
Alpha: 1.0
Gamma:1.0

Reward: -2
396.0 + 1.0 * (-2 + 1.0 - 396.0) = -1.0
mai 05, 2020 5:50:30 P.M. hvl.projectparmorel.qlearning.QModelFixer updateQTable
INFO: Updated Q-table for error 50, context 0, action 1062131977 to new weight -1.0
mai 05, 2020 5:50:30 P.M. hvl.projectparmorel.ecore.EcoreSolution calculateDistanceFromOriginal
INFO: Calculated the distance between the models to 53.0
mai 05, 2020 5:50:30 P.M. hvl.projectparmorel.reward.PreferCloseDinstanceToOriginalPreference rewardcalculateRewardFor
INFO: Time to measure distance: 17 ms
mai 05, 2020 5:50:30 P.M. hvl.projectparmorel.qlearning.QModelFixer updateQTable
INFO: Calculating new Q-value:
Old Q-value: -1.0
Alpha: 1.0
Gamma:1.0

Reward: 53
-1.0 + 1.0 * (53 + 1.0 - -1.0) = 54.0
mai 05, 2020 5:50:30 P.M. hvl.projectparmorel.qlearning.QModelFixer updateQTable
INFO: Updated Q-table for error 50, context 0, action 1062131977 to new weight 54.0
mai 05, 2020 5:50:30 P.M. hvl.projectparmorel.qlearning.QModelFixer updateQTable
INFO: Calculating new Q-value:
Old Q-value: 54.0
Alpha: 1.0
Gamma:1.0

Reward: 53
54.0 + 1.0 * (53 + 1.0 - 54.0) = 54.0
mai 05, 2020 5:50:30 P.M. hvl.projectparmorel.qlearning.QModelFixer updateQTable
INFO: Updated Q-table for error 50, context 0, action 1062131977 to new weight 54.0
mai 05, 2020 5:50:31 P.M. hvl.projectparmorel.reward.PreferMaintainability rewardcalculateRewardFor
INFO: MAINTAINABILITY: 4.0
mai 05, 2020 5:50:31 P.M. hvl.projectparmorel.reward.PreferMaintainability rewardcalculateRewardFor
INFO: Time to get metric: 713 ms
mai 05, 2020 5:50:31 P.M. hvl.projectparmorel.qlearning.QModelFixer fixModel
INFO: Solution added to possible solitons: [ErrorAction [Error: 50 A containment or bidirectional reference must be unique if its upper bound is different from 1, Action: setContainmentGen, Error hierarchy: 0]
, ErrorAction [Error: 50 A containment or bidirectional reference must be unique if its upper bound is different from 1, Action: setContainmentGen, Error hierarchy: 0]
]
mai 05, 2020 5:50:31 P.M. hvl.projectparmorel.qlearning.QModelFixer fixModel
INFO: EPISODE 0 TOTAL REWARD 294.0



mai 05, 2020 5:50:31 P.M. hvl.projectparmorel.qlearning.QModelFixer handleEpisode
INFO: EPISODE 1, STEP 0, Fixing error 50: A containment or bidirectional reference must be unique if its upper bound is different from 1
mai 05, 2020 5:50:31 P.M. hvl.projectparmorel.qlearning.QModelFixer chooseAction
INFO: Choosing optimal action
mai 05, 2020 5:50:31 P.M. hvl.projectparmorel.qlearning.QModelFixer handleStep
INFO: Chose action delete in context 0 with weight 98.4
mai 05, 2020 5:50:31 P.M. hvl.projectparmorel.qlearning.QModelFixer handleStep
INFO: Next error code: 50
mai 05, 2020 5:50:31 P.M. hvl.projectparmorel.qlearning.QModelFixer handleStep
INFO: Calculating new Q-value:
Old Q-value: 98.4
Alpha: 1.0
Gamma: 1.0
Reward: -2
Next optimal action Q-value: 98.4
98.4 + 1.0 * (-2 + 1.0 * 98.4 - 98.4) = 96.4
mai 05, 2020 5:50:31 P.M. hvl.projectparmorel.qlearning.QModelFixer handleStep
INFO: Updated Q-table for error 50, context 0, action 99999 delete to new weight 96.4


mai 05, 2020 5:50:31 P.M. hvl.projectparmorel.qlearning.QModelFixer handleEpisode
INFO: EPISODE 1, STEP 1, Fixing error 50: A containment or bidirectional reference must be unique if its upper bound is different from 1
mai 05, 2020 5:50:31 P.M. hvl.projectparmorel.qlearning.QModelFixer chooseAction
INFO: Choosing optimal action
mai 05, 2020 5:50:31 P.M. hvl.projectparmorel.qlearning.QModelFixer handleStep
INFO: Chose action setUpperBound in context 0 with weight 98.0
mai 05, 2020 5:50:31 P.M. hvl.projectparmorel.qlearning.QModelFixer updateQTable
INFO: Calculating new Q-value:
Old Q-value: 98.0
Alpha: 1.0
Gamma:1.0

Reward: -2
98.0 + 1.0 * (-2 + 1.0 - 98.0) = -1.0
mai 05, 2020 5:50:31 P.M. hvl.projectparmorel.qlearning.QModelFixer updateQTable
INFO: Updated Q-table for error 50, context 0, action -969028598 to new weight -1.0
mai 05, 2020 5:50:31 P.M. hvl.projectparmorel.ecore.EcoreSolution calculateDistanceFromOriginal
INFO: Calculated the distance between the models to 47.0
mai 05, 2020 5:50:31 P.M. hvl.projectparmorel.reward.PreferCloseDinstanceToOriginalPreference rewardcalculateRewardFor
INFO: Time to measure distance: 16 ms
mai 05, 2020 5:50:31 P.M. hvl.projectparmorel.qlearning.QModelFixer updateQTable
INFO: Calculating new Q-value:
Old Q-value: 96.4
Alpha: 1.0
Gamma:1.0

Reward: 47
96.4 + 1.0 * (47 + 1.0 - 96.4) = 48.0
mai 05, 2020 5:50:31 P.M. hvl.projectparmorel.qlearning.QModelFixer updateQTable
INFO: Updated Q-table for error 50, context 0, action 99999 to new weight 48.0
mai 05, 2020 5:50:31 P.M. hvl.projectparmorel.qlearning.QModelFixer updateQTable
INFO: Calculating new Q-value:
Old Q-value: -1.0
Alpha: 1.0
Gamma:1.0

Reward: 47
-1.0 + 1.0 * (47 + 1.0 - -1.0) = 48.0
mai 05, 2020 5:50:31 P.M. hvl.projectparmorel.qlearning.QModelFixer updateQTable
INFO: Updated Q-table for error 50, context 0, action -969028598 to new weight 48.0
mai 05, 2020 5:50:32 P.M. hvl.projectparmorel.reward.PreferMaintainability rewardcalculateRewardFor
INFO: MAINTAINABILITY: 3.8
mai 05, 2020 5:50:32 P.M. hvl.projectparmorel.reward.PreferMaintainability rewardcalculateRewardFor
INFO: Time to get metric: 728 ms
mai 05, 2020 5:50:32 P.M. hvl.projectparmorel.qlearning.QModelFixer fixModel
INFO: Solution added to possible solitons: [ErrorAction [Error: 50 A containment or bidirectional reference must be unique if its upper bound is different from 1, Action: delete, Error hierarchy: 0]
, ErrorAction [Error: 50 A containment or bidirectional reference must be unique if its upper bound is different from 1, Action: setUpperBound, Error hierarchy: 0]
]
mai 05, 2020 5:50:32 P.M. hvl.projectparmorel.qlearning.QModelFixer fixModel
INFO: EPISODE 1 TOTAL REWARD 282.0



mai 05, 2020 5:50:32 P.M. hvl.projectparmorel.qlearning.QModelFixer handleEpisode
INFO: EPISODE 2, STEP 0, Fixing error 50: A containment or bidirectional reference must be unique if its upper bound is different from 1
mai 05, 2020 5:50:32 P.M. hvl.projectparmorel.qlearning.QModelFixer chooseAction
INFO: Choosing optimal action
mai 05, 2020 5:50:32 P.M. hvl.projectparmorel.qlearning.QModelFixer handleStep
INFO: Chose action setContainment in context 0 with weight 98.0
mai 05, 2020 5:50:32 P.M. hvl.projectparmorel.qlearning.QModelFixer handleStep
INFO: Next error code: 50
mai 05, 2020 5:50:32 P.M. hvl.projectparmorel.qlearning.QModelFixer handleStep
INFO: Calculating new Q-value:
Old Q-value: 98.0
Alpha: 1.0
Gamma: 1.0
Reward: -2
Next optimal action Q-value: 98.0
98.0 + 1.0 * (-2 + 1.0 * 98.0 - 98.0) = 96.0
mai 05, 2020 5:50:32 P.M. hvl.projectparmorel.qlearning.QModelFixer handleStep
INFO: Updated Q-table for error 50, context 0, action 951444921 setContainment to new weight 96.0


mai 05, 2020 5:50:32 P.M. hvl.projectparmorel.qlearning.QModelFixer handleEpisode
INFO: EPISODE 2, STEP 1, Fixing error 50: A containment or bidirectional reference must be unique if its upper bound is different from 1
mai 05, 2020 5:50:32 P.M. hvl.projectparmorel.qlearning.QModelFixer chooseAction
INFO: Choosing optimal action
mai 05, 2020 5:50:32 P.M. hvl.projectparmorel.qlearning.QModelFixer handleStep
INFO: Chose action setUpperBound in context 0 with weight 96.2
mai 05, 2020 5:50:32 P.M. hvl.projectparmorel.qlearning.QModelFixer updateQTable
INFO: Calculating new Q-value:
Old Q-value: 96.2
Alpha: 1.0
Gamma:1.0

Reward: -2
96.2 + 1.0 * (-2 + 1.0 - 96.2) = -1.0
mai 05, 2020 5:50:32 P.M. hvl.projectparmorel.qlearning.QModelFixer updateQTable
INFO: Updated Q-table for error 50, context 0, action -969028598 to new weight -1.0
mai 05, 2020 5:50:32 P.M. hvl.projectparmorel.ecore.EcoreSolution calculateDistanceFromOriginal
INFO: Calculated the distance between the models to 50.0
mai 05, 2020 5:50:32 P.M. hvl.projectparmorel.reward.PreferCloseDinstanceToOriginalPreference rewardcalculateRewardFor
INFO: Time to measure distance: 18 ms
mai 05, 2020 5:50:32 P.M. hvl.projectparmorel.qlearning.QModelFixer updateQTable
INFO: Calculating new Q-value:
Old Q-value: 96.0
Alpha: 1.0
Gamma:1.0

Reward: 50
96.0 + 1.0 * (50 + 1.0 - 96.0) = 51.0
mai 05, 2020 5:50:32 P.M. hvl.projectparmorel.qlearning.QModelFixer updateQTable
INFO: Updated Q-table for error 50, context 0, action 951444921 to new weight 51.0
mai 05, 2020 5:50:32 P.M. hvl.projectparmorel.qlearning.QModelFixer updateQTable
INFO: Calculating new Q-value:
Old Q-value: -1.0
Alpha: 1.0
Gamma:1.0

Reward: 50
-1.0 + 1.0 * (50 + 1.0 - -1.0) = 51.0
mai 05, 2020 5:50:32 P.M. hvl.projectparmorel.qlearning.QModelFixer updateQTable
INFO: Updated Q-table for error 50, context 0, action -969028598 to new weight 51.0
mai 05, 2020 5:50:33 P.M. hvl.projectparmorel.reward.PreferMaintainability rewardcalculateRewardFor
INFO: MAINTAINABILITY: 4.0
mai 05, 2020 5:50:33 P.M. hvl.projectparmorel.reward.PreferMaintainability rewardcalculateRewardFor
INFO: Time to get metric: 756 ms
mai 05, 2020 5:50:33 P.M. hvl.projectparmorel.qlearning.QModelFixer fixModel
INFO: Solution added to possible solitons: [ErrorAction [Error: 50 A containment or bidirectional reference must be unique if its upper bound is different from 1, Action: setContainment, Error hierarchy: 0]
, ErrorAction [Error: 50 A containment or bidirectional reference must be unique if its upper bound is different from 1, Action: setUpperBound, Error hierarchy: 0]
]
mai 05, 2020 5:50:33 P.M. hvl.projectparmorel.qlearning.QModelFixer fixModel
INFO: EPISODE 2 TOTAL REWARD 288.0



mai 05, 2020 5:50:33 P.M. hvl.projectparmorel.qlearning.QModelFixer handleEpisode
INFO: EPISODE 3, STEP 0, Fixing error 50: A containment or bidirectional reference must be unique if its upper bound is different from 1
mai 05, 2020 5:50:33 P.M. hvl.projectparmorel.qlearning.QModelFixer chooseAction
INFO: Choosing random action.
mai 05, 2020 5:50:33 P.M. hvl.projectparmorel.qlearning.QModelFixer handleStep
INFO: Chose action setContainmentGen in context 0 with weight 96.0
mai 05, 2020 5:50:33 P.M. hvl.projectparmorel.qlearning.QModelFixer handleStep
INFO: Next error code: 50
mai 05, 2020 5:50:33 P.M. hvl.projectparmorel.qlearning.QModelFixer handleStep
INFO: Calculating new Q-value:
Old Q-value: 96.0
Alpha: 1.0
Gamma: 1.0
Reward: -2
Next optimal action Q-value: 96.2
96.0 + 1.0 * (-2 + 1.0 * 96.2 - 96.0) = 94.2
mai 05, 2020 5:50:33 P.M. hvl.projectparmorel.qlearning.QModelFixer handleStep
INFO: Updated Q-table for error 50, context 0, action 1062131977 setContainmentGen to new weight 94.2


mai 05, 2020 5:50:33 P.M. hvl.projectparmorel.qlearning.QModelFixer handleEpisode
INFO: EPISODE 3, STEP 1, Fixing error 50: A containment or bidirectional reference must be unique if its upper bound is different from 1
mai 05, 2020 5:50:33 P.M. hvl.projectparmorel.qlearning.QModelFixer chooseAction
INFO: Choosing optimal action
mai 05, 2020 5:50:33 P.M. hvl.projectparmorel.qlearning.QModelFixer handleStep
INFO: Chose action delete in context 0 with weight 96.2
mai 05, 2020 5:50:33 P.M. hvl.projectparmorel.qlearning.QModelFixer updateQTable
INFO: Calculating new Q-value:
Old Q-value: 96.2
Alpha: 1.0
Gamma:1.0

Reward: -2
96.2 + 1.0 * (-2 + 1.0 - 96.2) = -1.0
mai 05, 2020 5:50:33 P.M. hvl.projectparmorel.qlearning.QModelFixer updateQTable
INFO: Updated Q-table for error 50, context 0, action 99999 to new weight -1.0
mai 05, 2020 5:50:33 P.M. hvl.projectparmorel.ecore.EcoreSolution calculateDistanceFromOriginal
INFO: Calculated the distance between the models to 50.0
mai 05, 2020 5:50:33 P.M. hvl.projectparmorel.reward.PreferCloseDinstanceToOriginalPreference rewardcalculateRewardFor
INFO: Time to measure distance: 19 ms
mai 05, 2020 5:50:33 P.M. hvl.projectparmorel.qlearning.QModelFixer updateQTable
INFO: Calculating new Q-value:
Old Q-value: 94.2
Alpha: 1.0
Gamma:1.0

Reward: 50
94.2 + 1.0 * (50 + 1.0 - 94.2) = 51.0
mai 05, 2020 5:50:33 P.M. hvl.projectparmorel.qlearning.QModelFixer updateQTable
INFO: Updated Q-table for error 50, context 0, action 1062131977 to new weight 51.0
mai 05, 2020 5:50:33 P.M. hvl.projectparmorel.qlearning.QModelFixer updateQTable
INFO: Calculating new Q-value:
Old Q-value: -1.0
Alpha: 1.0
Gamma:1.0

Reward: 50
-1.0 + 1.0 * (50 + 1.0 - -1.0) = 51.0
mai 05, 2020 5:50:33 P.M. hvl.projectparmorel.qlearning.QModelFixer updateQTable
INFO: Updated Q-table for error 50, context 0, action 99999 to new weight 51.0
mai 05, 2020 5:50:33 P.M. hvl.projectparmorel.reward.PreferMaintainability rewardcalculateRewardFor
INFO: MAINTAINABILITY: 3.8
mai 05, 2020 5:50:33 P.M. hvl.projectparmorel.reward.PreferMaintainability rewardcalculateRewardFor
INFO: Time to get metric: 746 ms
mai 05, 2020 5:50:33 P.M. hvl.projectparmorel.qlearning.QModelFixer fixModel
INFO: Solution added to possible solitons: [ErrorAction [Error: 50 A containment or bidirectional reference must be unique if its upper bound is different from 1, Action: setContainmentGen, Error hierarchy: 0]
, ErrorAction [Error: 50 A containment or bidirectional reference must be unique if its upper bound is different from 1, Action: delete, Error hierarchy: 0]
]
mai 05, 2020 5:50:33 P.M. hvl.projectparmorel.qlearning.QModelFixer fixModel
INFO: EPISODE 3 TOTAL REWARD 288.0



mai 05, 2020 5:50:33 P.M. hvl.projectparmorel.qlearning.QModelFixer handleEpisode
INFO: EPISODE 4, STEP 0, Fixing error 50: A containment or bidirectional reference must be unique if its upper bound is different from 1
mai 05, 2020 5:50:33 P.M. hvl.projectparmorel.qlearning.QModelFixer chooseAction
INFO: Choosing random action.
mai 05, 2020 5:50:33 P.M. hvl.projectparmorel.qlearning.QModelFixer handleStep
INFO: Chose action setContainment in context 0 with weight 96.0
mai 05, 2020 5:50:33 P.M. hvl.projectparmorel.qlearning.QModelFixer handleStep
INFO: Next error code: 50
mai 05, 2020 5:50:33 P.M. hvl.projectparmorel.qlearning.QModelFixer handleStep
INFO: Calculating new Q-value:
Old Q-value: 96.0
Alpha: 1.0
Gamma: 1.0
Reward: -2
Next optimal action Q-value: 96.2
96.0 + 1.0 * (-2 + 1.0 * 96.2 - 96.0) = 94.2
mai 05, 2020 5:50:33 P.M. hvl.projectparmorel.qlearning.QModelFixer handleStep
INFO: Updated Q-table for error 50, context 0, action 951444921 setContainment to new weight 94.2


mai 05, 2020 5:50:33 P.M. hvl.projectparmorel.qlearning.QModelFixer handleEpisode
INFO: EPISODE 4, STEP 1, Fixing error 50: A containment or bidirectional reference must be unique if its upper bound is different from 1
mai 05, 2020 5:50:33 P.M. hvl.projectparmorel.qlearning.QModelFixer chooseAction
INFO: Choosing optimal action
mai 05, 2020 5:50:33 P.M. hvl.projectparmorel.qlearning.QModelFixer handleStep
INFO: Chose action setContainmentGen in context 0 with weight 96.2
mai 05, 2020 5:50:33 P.M. hvl.projectparmorel.qlearning.QModelFixer updateQTable
INFO: Calculating new Q-value:
Old Q-value: 96.2
Alpha: 1.0
Gamma:1.0

Reward: -2
96.2 + 1.0 * (-2 + 1.0 - 96.2) = -1.0
mai 05, 2020 5:50:33 P.M. hvl.projectparmorel.qlearning.QModelFixer updateQTable
INFO: Updated Q-table for error 50, context 0, action 1062131977 to new weight -1.0
mai 05, 2020 5:50:33 P.M. hvl.projectparmorel.ecore.EcoreSolution calculateDistanceFromOriginal
INFO: Calculated the distance between the models to 53.0
mai 05, 2020 5:50:33 P.M. hvl.projectparmorel.reward.PreferCloseDinstanceToOriginalPreference rewardcalculateRewardFor
INFO: Time to measure distance: 17 ms
mai 05, 2020 5:50:33 P.M. hvl.projectparmorel.qlearning.QModelFixer updateQTable
INFO: Calculating new Q-value:
Old Q-value: 94.2
Alpha: 1.0
Gamma:1.0

Reward: 53
94.2 + 1.0 * (53 + 1.0 - 94.2) = 54.0
mai 05, 2020 5:50:33 P.M. hvl.projectparmorel.qlearning.QModelFixer updateQTable
INFO: Updated Q-table for error 50, context 0, action 951444921 to new weight 54.0
mai 05, 2020 5:50:33 P.M. hvl.projectparmorel.qlearning.QModelFixer updateQTable
INFO: Calculating new Q-value:
Old Q-value: -1.0
Alpha: 1.0
Gamma:1.0

Reward: 53
-1.0 + 1.0 * (53 + 1.0 - -1.0) = 54.0
mai 05, 2020 5:50:33 P.M. hvl.projectparmorel.qlearning.QModelFixer updateQTable
INFO: Updated Q-table for error 50, context 0, action 1062131977 to new weight 54.0
mai 05, 2020 5:50:34 P.M. hvl.projectparmorel.reward.PreferMaintainability rewardcalculateRewardFor
INFO: MAINTAINABILITY: 4.0
mai 05, 2020 5:50:34 P.M. hvl.projectparmorel.reward.PreferMaintainability rewardcalculateRewardFor
INFO: Time to get metric: 748 ms
mai 05, 2020 5:50:34 P.M. hvl.projectparmorel.qlearning.QModelFixer fixModel
INFO: Solution added to possible solitons: [ErrorAction [Error: 50 A containment or bidirectional reference must be unique if its upper bound is different from 1, Action: setContainment, Error hierarchy: 0]
, ErrorAction [Error: 50 A containment or bidirectional reference must be unique if its upper bound is different from 1, Action: setContainmentGen, Error hierarchy: 0]
]
mai 05, 2020 5:50:34 P.M. hvl.projectparmorel.qlearning.QModelFixer fixModel
INFO: EPISODE 4 TOTAL REWARD 294.0



mai 05, 2020 5:50:34 P.M. hvl.projectparmorel.qlearning.QModelFixer handleEpisode
INFO: EPISODE 5, STEP 0, Fixing error 50: A containment or bidirectional reference must be unique if its upper bound is different from 1
mai 05, 2020 5:50:34 P.M. hvl.projectparmorel.qlearning.QModelFixer chooseAction
INFO: Choosing optimal action
mai 05, 2020 5:50:34 P.M. hvl.projectparmorel.qlearning.QModelFixer handleStep
INFO: Chose action delete in context 0 with weight 96.2
mai 05, 2020 5:50:34 P.M. hvl.projectparmorel.qlearning.QModelFixer handleStep
INFO: Next error code: 50
mai 05, 2020 5:50:34 P.M. hvl.projectparmorel.qlearning.QModelFixer handleStep
INFO: Calculating new Q-value:
Old Q-value: 96.2
Alpha: 1.0
Gamma: 1.0
Reward: -2
Next optimal action Q-value: 96.2
96.2 + 1.0 * (-2 + 1.0 * 96.2 - 96.2) = 94.2
mai 05, 2020 5:50:34 P.M. hvl.projectparmorel.qlearning.QModelFixer handleStep
INFO: Updated Q-table for error 50, context 0, action 99999 delete to new weight 94.2


mai 05, 2020 5:50:34 P.M. hvl.projectparmorel.qlearning.QModelFixer handleEpisode
INFO: EPISODE 5, STEP 1, Fixing error 50: A containment or bidirectional reference must be unique if its upper bound is different from 1
mai 05, 2020 5:50:34 P.M. hvl.projectparmorel.qlearning.QModelFixer chooseAction
INFO: Choosing optimal action
mai 05, 2020 5:50:34 P.M. hvl.projectparmorel.qlearning.QModelFixer handleStep
INFO: Chose action setContainmentGen in context 0 with weight 96.0
mai 05, 2020 5:50:34 P.M. hvl.projectparmorel.qlearning.QModelFixer updateQTable
INFO: Calculating new Q-value:
Old Q-value: 96.0
Alpha: 1.0
Gamma:1.0

Reward: -2
96.0 + 1.0 * (-2 + 1.0 - 96.0) = -1.0
mai 05, 2020 5:50:34 P.M. hvl.projectparmorel.qlearning.QModelFixer updateQTable
INFO: Updated Q-table for error 50, context 0, action 1062131977 to new weight -1.0
mai 05, 2020 5:50:34 P.M. hvl.projectparmorel.ecore.EcoreSolution calculateDistanceFromOriginal
INFO: Calculated the distance between the models to 50.0
mai 05, 2020 5:50:34 P.M. hvl.projectparmorel.reward.PreferCloseDinstanceToOriginalPreference rewardcalculateRewardFor
INFO: Time to measure distance: 19 ms
mai 05, 2020 5:50:34 P.M. hvl.projectparmorel.qlearning.QModelFixer updateQTable
INFO: Calculating new Q-value:
Old Q-value: 94.2
Alpha: 1.0
Gamma:1.0

Reward: 50
94.2 + 1.0 * (50 + 1.0 - 94.2) = 51.0
mai 05, 2020 5:50:34 P.M. hvl.projectparmorel.qlearning.QModelFixer updateQTable
INFO: Updated Q-table for error 50, context 0, action 99999 to new weight 51.0
mai 05, 2020 5:50:34 P.M. hvl.projectparmorel.qlearning.QModelFixer updateQTable
INFO: Calculating new Q-value:
Old Q-value: -1.0
Alpha: 1.0
Gamma:1.0

Reward: 50
-1.0 + 1.0 * (50 + 1.0 - -1.0) = 51.0
mai 05, 2020 5:50:34 P.M. hvl.projectparmorel.qlearning.QModelFixer updateQTable
INFO: Updated Q-table for error 50, context 0, action 1062131977 to new weight 51.0
mai 05, 2020 5:50:35 P.M. hvl.projectparmorel.reward.PreferMaintainability rewardcalculateRewardFor
INFO: MAINTAINABILITY: 3.8
mai 05, 2020 5:50:35 P.M. hvl.projectparmorel.reward.PreferMaintainability rewardcalculateRewardFor
INFO: Time to get metric: 747 ms
mai 05, 2020 5:50:35 P.M. hvl.projectparmorel.qlearning.QModelFixer fixModel
INFO: Solution added to possible solitons: [ErrorAction [Error: 50 A containment or bidirectional reference must be unique if its upper bound is different from 1, Action: delete, Error hierarchy: 0]
, ErrorAction [Error: 50 A containment or bidirectional reference must be unique if its upper bound is different from 1, Action: setContainmentGen, Error hierarchy: 0]
]
mai 05, 2020 5:50:35 P.M. hvl.projectparmorel.qlearning.QModelFixer fixModel
INFO: EPISODE 5 TOTAL REWARD 288.0



mai 05, 2020 5:50:35 P.M. hvl.projectparmorel.qlearning.QModelFixer handleEpisode
INFO: EPISODE 6, STEP 0, Fixing error 50: A containment or bidirectional reference must be unique if its upper bound is different from 1
mai 05, 2020 5:50:35 P.M. hvl.projectparmorel.qlearning.QModelFixer chooseAction
INFO: Choosing random action.
mai 05, 2020 5:50:35 P.M. hvl.projectparmorel.qlearning.QModelFixer handleStep
INFO: Chose action setContainment in context 0 with weight 96.0
mai 05, 2020 5:50:35 P.M. hvl.projectparmorel.qlearning.QModelFixer handleStep
INFO: Next error code: 50
mai 05, 2020 5:50:35 P.M. hvl.projectparmorel.qlearning.QModelFixer handleStep
INFO: Calculating new Q-value:
Old Q-value: 96.0
Alpha: 1.0
Gamma: 1.0
Reward: -2
Next optimal action Q-value: 96.2
96.0 + 1.0 * (-2 + 1.0 * 96.2 - 96.0) = 94.2
mai 05, 2020 5:50:35 P.M. hvl.projectparmorel.qlearning.QModelFixer handleStep
INFO: Updated Q-table for error 50, context 0, action 951444921 setContainment to new weight 94.2


mai 05, 2020 5:50:35 P.M. hvl.projectparmorel.qlearning.QModelFixer handleEpisode
INFO: EPISODE 6, STEP 1, Fixing error 50: A containment or bidirectional reference must be unique if its upper bound is different from 1
mai 05, 2020 5:50:35 P.M. hvl.projectparmorel.qlearning.QModelFixer chooseAction
INFO: Choosing optimal action
mai 05, 2020 5:50:35 P.M. hvl.projectparmorel.qlearning.QModelFixer handleStep
INFO: Chose action setContainmentGen in context 0 with weight 96.2
mai 05, 2020 5:50:35 P.M. hvl.projectparmorel.qlearning.QModelFixer updateQTable
INFO: Calculating new Q-value:
Old Q-value: 96.2
Alpha: 1.0
Gamma:1.0

Reward: -2
96.2 + 1.0 * (-2 + 1.0 - 96.2) = -1.0
mai 05, 2020 5:50:35 P.M. hvl.projectparmorel.qlearning.QModelFixer updateQTable
INFO: Updated Q-table for error 50, context 0, action 1062131977 to new weight -1.0
mai 05, 2020 5:50:35 P.M. hvl.projectparmorel.ecore.EcoreSolution calculateDistanceFromOriginal
INFO: Calculated the distance between the models to 53.0
mai 05, 2020 5:50:35 P.M. hvl.projectparmorel.reward.PreferCloseDinstanceToOriginalPreference rewardcalculateRewardFor
INFO: Time to measure distance: 18 ms
mai 05, 2020 5:50:35 P.M. hvl.projectparmorel.qlearning.QModelFixer updateQTable
INFO: Calculating new Q-value:
Old Q-value: 94.2
Alpha: 1.0
Gamma:1.0

Reward: 53
94.2 + 1.0 * (53 + 1.0 - 94.2) = 54.0
mai 05, 2020 5:50:35 P.M. hvl.projectparmorel.qlearning.QModelFixer updateQTable
INFO: Updated Q-table for error 50, context 0, action 951444921 to new weight 54.0
mai 05, 2020 5:50:35 P.M. hvl.projectparmorel.qlearning.QModelFixer updateQTable
INFO: Calculating new Q-value:
Old Q-value: -1.0
Alpha: 1.0
Gamma:1.0

Reward: 53
-1.0 + 1.0 * (53 + 1.0 - -1.0) = 54.0
mai 05, 2020 5:50:35 P.M. hvl.projectparmorel.qlearning.QModelFixer updateQTable
INFO: Updated Q-table for error 50, context 0, action 1062131977 to new weight 54.0
mai 05, 2020 5:50:36 P.M. hvl.projectparmorel.reward.PreferMaintainability rewardcalculateRewardFor
INFO: MAINTAINABILITY: 4.0
mai 05, 2020 5:50:36 P.M. hvl.projectparmorel.reward.PreferMaintainability rewardcalculateRewardFor
INFO: Time to get metric: 748 ms
mai 05, 2020 5:50:36 P.M. hvl.projectparmorel.qlearning.QModelFixer isUnique
INFO: Solution [ErrorAction [Error: 50 A containment or bidirectional reference must be unique if its upper bound is different from 1, Action: setContainment, Error hierarchy: 0]
, ErrorAction [Error: 50 A containment or bidirectional reference must be unique if its upper bound is different from 1, Action: setContainmentGen, Error hierarchy: 0]
] already exists.
mai 05, 2020 5:50:36 P.M. hvl.projectparmorel.qlearning.QModelFixer fixModel
INFO: Solution discarded.
mai 05, 2020 5:50:36 P.M. hvl.projectparmorel.qlearning.QModelFixer fixModel
INFO: EPISODE 6 TOTAL REWARD 294.0



mai 05, 2020 5:50:36 P.M. hvl.projectparmorel.qlearning.QModelFixer handleEpisode
INFO: EPISODE 7, STEP 0, Fixing error 50: A containment or bidirectional reference must be unique if its upper bound is different from 1
mai 05, 2020 5:50:36 P.M. hvl.projectparmorel.qlearning.QModelFixer chooseAction
INFO: Choosing optimal action
mai 05, 2020 5:50:36 P.M. hvl.projectparmorel.qlearning.QModelFixer handleStep
INFO: Chose action delete in context 0 with weight 96.2
mai 05, 2020 5:50:36 P.M. hvl.projectparmorel.qlearning.QModelFixer handleStep
INFO: Next error code: 50
mai 05, 2020 5:50:36 P.M. hvl.projectparmorel.qlearning.QModelFixer handleStep
INFO: Calculating new Q-value:
Old Q-value: 96.2
Alpha: 1.0
Gamma: 1.0
Reward: -2
Next optimal action Q-value: 96.2
96.2 + 1.0 * (-2 + 1.0 * 96.2 - 96.2) = 94.2
mai 05, 2020 5:50:36 P.M. hvl.projectparmorel.qlearning.QModelFixer handleStep
INFO: Updated Q-table for error 50, context 0, action 99999 delete to new weight 94.2


mai 05, 2020 5:50:36 P.M. hvl.projectparmorel.qlearning.QModelFixer handleEpisode
INFO: EPISODE 7, STEP 1, Fixing error 50: A containment or bidirectional reference must be unique if its upper bound is different from 1
mai 05, 2020 5:50:36 P.M. hvl.projectparmorel.qlearning.QModelFixer chooseAction
INFO: Choosing optimal action
mai 05, 2020 5:50:36 P.M. hvl.projectparmorel.qlearning.QModelFixer handleStep
INFO: Chose action setContainmentGen in context 0 with weight 96.0
mai 05, 2020 5:50:36 P.M. hvl.projectparmorel.qlearning.QModelFixer updateQTable
INFO: Calculating new Q-value:
Old Q-value: 96.0
Alpha: 1.0
Gamma:1.0

Reward: -2
96.0 + 1.0 * (-2 + 1.0 - 96.0) = -1.0
mai 05, 2020 5:50:36 P.M. hvl.projectparmorel.qlearning.QModelFixer updateQTable
INFO: Updated Q-table for error 50, context 0, action 1062131977 to new weight -1.0
mai 05, 2020 5:50:36 P.M. hvl.projectparmorel.ecore.EcoreSolution calculateDistanceFromOriginal
INFO: Calculated the distance between the models to 50.0
mai 05, 2020 5:50:36 P.M. hvl.projectparmorel.reward.PreferCloseDinstanceToOriginalPreference rewardcalculateRewardFor
INFO: Time to measure distance: 18 ms
mai 05, 2020 5:50:36 P.M. hvl.projectparmorel.qlearning.QModelFixer updateQTable
INFO: Calculating new Q-value:
Old Q-value: 94.2
Alpha: 1.0
Gamma:1.0

Reward: 50
94.2 + 1.0 * (50 + 1.0 - 94.2) = 51.0
mai 05, 2020 5:50:36 P.M. hvl.projectparmorel.qlearning.QModelFixer updateQTable
INFO: Updated Q-table for error 50, context 0, action 99999 to new weight 51.0
mai 05, 2020 5:50:36 P.M. hvl.projectparmorel.qlearning.QModelFixer updateQTable
INFO: Calculating new Q-value:
Old Q-value: -1.0
Alpha: 1.0
Gamma:1.0

Reward: 50
-1.0 + 1.0 * (50 + 1.0 - -1.0) = 51.0
mai 05, 2020 5:50:36 P.M. hvl.projectparmorel.qlearning.QModelFixer updateQTable
INFO: Updated Q-table for error 50, context 0, action 1062131977 to new weight 51.0
mai 05, 2020 5:50:37 P.M. hvl.projectparmorel.reward.PreferMaintainability rewardcalculateRewardFor
INFO: MAINTAINABILITY: 3.8
mai 05, 2020 5:50:37 P.M. hvl.projectparmorel.reward.PreferMaintainability rewardcalculateRewardFor
INFO: Time to get metric: 715 ms
mai 05, 2020 5:50:37 P.M. hvl.projectparmorel.qlearning.QModelFixer isUnique
INFO: Solution [ErrorAction [Error: 50 A containment or bidirectional reference must be unique if its upper bound is different from 1, Action: delete, Error hierarchy: 0]
, ErrorAction [Error: 50 A containment or bidirectional reference must be unique if its upper bound is different from 1, Action: setContainmentGen, Error hierarchy: 0]
] already exists.
mai 05, 2020 5:50:37 P.M. hvl.projectparmorel.qlearning.QModelFixer fixModel
INFO: Solution discarded.
mai 05, 2020 5:50:37 P.M. hvl.projectparmorel.qlearning.QModelFixer fixModel
INFO: EPISODE 7 TOTAL REWARD 288.0



mai 05, 2020 5:50:37 P.M. hvl.projectparmorel.qlearning.QModelFixer handleEpisode
INFO: EPISODE 8, STEP 0, Fixing error 50: A containment or bidirectional reference must be unique if its upper bound is different from 1
mai 05, 2020 5:50:37 P.M. hvl.projectparmorel.qlearning.QModelFixer chooseAction
INFO: Choosing optimal action
mai 05, 2020 5:50:37 P.M. hvl.projectparmorel.qlearning.QModelFixer handleStep
INFO: Chose action setContainmentGen in context 0 with weight 96.2
mai 05, 2020 5:50:37 P.M. hvl.projectparmorel.qlearning.QModelFixer handleStep
INFO: Next error code: 50
mai 05, 2020 5:50:37 P.M. hvl.projectparmorel.qlearning.QModelFixer handleStep
INFO: Calculating new Q-value:
Old Q-value: 96.2
Alpha: 1.0
Gamma: 1.0
Reward: -2
Next optimal action Q-value: 96.2
96.2 + 1.0 * (-2 + 1.0 * 96.2 - 96.2) = 94.2
mai 05, 2020 5:50:37 P.M. hvl.projectparmorel.qlearning.QModelFixer handleStep
INFO: Updated Q-table for error 50, context 0, action 1062131977 setContainmentGen to new weight 94.2


mai 05, 2020 5:50:37 P.M. hvl.projectparmorel.qlearning.QModelFixer handleEpisode
INFO: EPISODE 8, STEP 1, Fixing error 50: A containment or bidirectional reference must be unique if its upper bound is different from 1
mai 05, 2020 5:50:37 P.M. hvl.projectparmorel.qlearning.QModelFixer chooseAction
INFO: Choosing optimal action
mai 05, 2020 5:50:37 P.M. hvl.projectparmorel.qlearning.QModelFixer handleStep
INFO: Chose action delete in context 0 with weight 96.2
mai 05, 2020 5:50:37 P.M. hvl.projectparmorel.qlearning.QModelFixer updateQTable
INFO: Calculating new Q-value:
Old Q-value: 96.2
Alpha: 1.0
Gamma:1.0

Reward: -2
96.2 + 1.0 * (-2 + 1.0 - 96.2) = -1.0
mai 05, 2020 5:50:37 P.M. hvl.projectparmorel.qlearning.QModelFixer updateQTable
INFO: Updated Q-table for error 50, context 0, action 99999 to new weight -1.0
mai 05, 2020 5:50:37 P.M. hvl.projectparmorel.ecore.EcoreSolution calculateDistanceFromOriginal
INFO: Calculated the distance between the models to 50.0
mai 05, 2020 5:50:37 P.M. hvl.projectparmorel.reward.PreferCloseDinstanceToOriginalPreference rewardcalculateRewardFor
INFO: Time to measure distance: 18 ms
mai 05, 2020 5:50:37 P.M. hvl.projectparmorel.qlearning.QModelFixer updateQTable
INFO: Calculating new Q-value:
Old Q-value: 94.2
Alpha: 1.0
Gamma:1.0

Reward: 50
94.2 + 1.0 * (50 + 1.0 - 94.2) = 51.0
mai 05, 2020 5:50:37 P.M. hvl.projectparmorel.qlearning.QModelFixer updateQTable
INFO: Updated Q-table for error 50, context 0, action 1062131977 to new weight 51.0
mai 05, 2020 5:50:37 P.M. hvl.projectparmorel.qlearning.QModelFixer updateQTable
INFO: Calculating new Q-value:
Old Q-value: -1.0
Alpha: 1.0
Gamma:1.0

Reward: 50
-1.0 + 1.0 * (50 + 1.0 - -1.0) = 51.0
mai 05, 2020 5:50:37 P.M. hvl.projectparmorel.qlearning.QModelFixer updateQTable
INFO: Updated Q-table for error 50, context 0, action 99999 to new weight 51.0
mai 05, 2020 5:50:38 P.M. hvl.projectparmorel.reward.PreferMaintainability rewardcalculateRewardFor
INFO: MAINTAINABILITY: 3.8
mai 05, 2020 5:50:38 P.M. hvl.projectparmorel.reward.PreferMaintainability rewardcalculateRewardFor
INFO: Time to get metric: 708 ms
mai 05, 2020 5:50:38 P.M. hvl.projectparmorel.qlearning.QModelFixer isUnique
INFO: Solution [ErrorAction [Error: 50 A containment or bidirectional reference must be unique if its upper bound is different from 1, Action: setContainmentGen, Error hierarchy: 0]
, ErrorAction [Error: 50 A containment or bidirectional reference must be unique if its upper bound is different from 1, Action: delete, Error hierarchy: 0]
] already exists.
mai 05, 2020 5:50:38 P.M. hvl.projectparmorel.qlearning.QModelFixer fixModel
INFO: Solution discarded.
mai 05, 2020 5:50:38 P.M. hvl.projectparmorel.qlearning.QModelFixer fixModel
INFO: EPISODE 8 TOTAL REWARD 288.0



mai 05, 2020 5:50:38 P.M. hvl.projectparmorel.qlearning.QModelFixer handleEpisode
INFO: EPISODE 9, STEP 0, Fixing error 50: A containment or bidirectional reference must be unique if its upper bound is different from 1
mai 05, 2020 5:50:38 P.M. hvl.projectparmorel.qlearning.QModelFixer chooseAction
INFO: Choosing optimal action
mai 05, 2020 5:50:38 P.M. hvl.projectparmorel.qlearning.QModelFixer handleStep
INFO: Chose action setContainmentGen in context 0 with weight 96.2
mai 05, 2020 5:50:38 P.M. hvl.projectparmorel.qlearning.QModelFixer handleStep
INFO: Next error code: 50
mai 05, 2020 5:50:38 P.M. hvl.projectparmorel.qlearning.QModelFixer handleStep
INFO: Calculating new Q-value:
Old Q-value: 96.2
Alpha: 1.0
Gamma: 1.0
Reward: -2
Next optimal action Q-value: 96.2
96.2 + 1.0 * (-2 + 1.0 * 96.2 - 96.2) = 94.2
mai 05, 2020 5:50:38 P.M. hvl.projectparmorel.qlearning.QModelFixer handleStep
INFO: Updated Q-table for error 50, context 0, action 1062131977 setContainmentGen to new weight 94.2


mai 05, 2020 5:50:38 P.M. hvl.projectparmorel.qlearning.QModelFixer handleEpisode
INFO: EPISODE 9, STEP 1, Fixing error 50: A containment or bidirectional reference must be unique if its upper bound is different from 1
mai 05, 2020 5:50:38 P.M. hvl.projectparmorel.qlearning.QModelFixer chooseAction
INFO: Choosing optimal action
mai 05, 2020 5:50:38 P.M. hvl.projectparmorel.qlearning.QModelFixer handleStep
INFO: Chose action delete in context 0 with weight 96.2
mai 05, 2020 5:50:38 P.M. hvl.projectparmorel.qlearning.QModelFixer updateQTable
INFO: Calculating new Q-value:
Old Q-value: 96.2
Alpha: 1.0
Gamma:1.0

Reward: -2
96.2 + 1.0 * (-2 + 1.0 - 96.2) = -1.0
mai 05, 2020 5:50:38 P.M. hvl.projectparmorel.qlearning.QModelFixer updateQTable
INFO: Updated Q-table for error 50, context 0, action 99999 to new weight -1.0
mai 05, 2020 5:50:38 P.M. hvl.projectparmorel.ecore.EcoreSolution calculateDistanceFromOriginal
INFO: Calculated the distance between the models to 50.0
mai 05, 2020 5:50:38 P.M. hvl.projectparmorel.reward.PreferCloseDinstanceToOriginalPreference rewardcalculateRewardFor
INFO: Time to measure distance: 17 ms
mai 05, 2020 5:50:38 P.M. hvl.projectparmorel.qlearning.QModelFixer updateQTable
INFO: Calculating new Q-value:
Old Q-value: 94.2
Alpha: 1.0
Gamma:1.0

Reward: 50
94.2 + 1.0 * (50 + 1.0 - 94.2) = 51.0
mai 05, 2020 5:50:38 P.M. hvl.projectparmorel.qlearning.QModelFixer updateQTable
INFO: Updated Q-table for error 50, context 0, action 1062131977 to new weight 51.0
mai 05, 2020 5:50:38 P.M. hvl.projectparmorel.qlearning.QModelFixer updateQTable
INFO: Calculating new Q-value:
Old Q-value: -1.0
Alpha: 1.0
Gamma:1.0

Reward: 50
-1.0 + 1.0 * (50 + 1.0 - -1.0) = 51.0
mai 05, 2020 5:50:38 P.M. hvl.projectparmorel.qlearning.QModelFixer updateQTable
INFO: Updated Q-table for error 50, context 0, action 99999 to new weight 51.0
mai 05, 2020 5:50:39 P.M. hvl.projectparmorel.reward.PreferMaintainability rewardcalculateRewardFor
INFO: MAINTAINABILITY: 3.8
mai 05, 2020 5:50:39 P.M. hvl.projectparmorel.reward.PreferMaintainability rewardcalculateRewardFor
INFO: Time to get metric: 733 ms
mai 05, 2020 5:50:39 P.M. hvl.projectparmorel.qlearning.QModelFixer isUnique
INFO: Solution [ErrorAction [Error: 50 A containment or bidirectional reference must be unique if its upper bound is different from 1, Action: setContainmentGen, Error hierarchy: 0]
, ErrorAction [Error: 50 A containment or bidirectional reference must be unique if its upper bound is different from 1, Action: delete, Error hierarchy: 0]
] already exists.
mai 05, 2020 5:50:39 P.M. hvl.projectparmorel.qlearning.QModelFixer fixModel
INFO: Solution discarded.
mai 05, 2020 5:50:39 P.M. hvl.projectparmorel.qlearning.QModelFixer fixModel
INFO: EPISODE 9 TOTAL REWARD 288.0



mai 05, 2020 5:50:39 P.M. hvl.projectparmorel.qlearning.QModelFixer handleEpisode
INFO: EPISODE 10, STEP 0, Fixing error 50: A containment or bidirectional reference must be unique if its upper bound is different from 1
mai 05, 2020 5:50:39 P.M. hvl.projectparmorel.qlearning.QModelFixer chooseAction
INFO: Choosing optimal action
mai 05, 2020 5:50:39 P.M. hvl.projectparmorel.qlearning.QModelFixer handleStep
INFO: Chose action setContainmentGen in context 0 with weight 96.2
mai 05, 2020 5:50:39 P.M. hvl.projectparmorel.qlearning.QModelFixer handleStep
INFO: Next error code: 50
mai 05, 2020 5:50:39 P.M. hvl.projectparmorel.qlearning.QModelFixer handleStep
INFO: Calculating new Q-value:
Old Q-value: 96.2
Alpha: 1.0
Gamma: 1.0
Reward: -2
Next optimal action Q-value: 96.2
96.2 + 1.0 * (-2 + 1.0 * 96.2 - 96.2) = 94.2
mai 05, 2020 5:50:39 P.M. hvl.projectparmorel.qlearning.QModelFixer handleStep
INFO: Updated Q-table for error 50, context 0, action 1062131977 setContainmentGen to new weight 94.2


mai 05, 2020 5:50:39 P.M. hvl.projectparmorel.qlearning.QModelFixer handleEpisode
INFO: EPISODE 10, STEP 1, Fixing error 50: A containment or bidirectional reference must be unique if its upper bound is different from 1
mai 05, 2020 5:50:39 P.M. hvl.projectparmorel.qlearning.QModelFixer chooseAction
INFO: Choosing optimal action
mai 05, 2020 5:50:39 P.M. hvl.projectparmorel.qlearning.QModelFixer handleStep
INFO: Chose action delete in context 0 with weight 96.2
mai 05, 2020 5:50:39 P.M. hvl.projectparmorel.qlearning.QModelFixer updateQTable
INFO: Calculating new Q-value:
Old Q-value: 96.2
Alpha: 1.0
Gamma:1.0

Reward: -2
96.2 + 1.0 * (-2 + 1.0 - 96.2) = -1.0
mai 05, 2020 5:50:39 P.M. hvl.projectparmorel.qlearning.QModelFixer updateQTable
INFO: Updated Q-table for error 50, context 0, action 99999 to new weight -1.0
mai 05, 2020 5:50:39 P.M. hvl.projectparmorel.ecore.EcoreSolution calculateDistanceFromOriginal
INFO: Calculated the distance between the models to 50.0
mai 05, 2020 5:50:39 P.M. hvl.projectparmorel.reward.PreferCloseDinstanceToOriginalPreference rewardcalculateRewardFor
INFO: Time to measure distance: 17 ms
mai 05, 2020 5:50:39 P.M. hvl.projectparmorel.qlearning.QModelFixer updateQTable
INFO: Calculating new Q-value:
Old Q-value: 94.2
Alpha: 1.0
Gamma:1.0

Reward: 50
94.2 + 1.0 * (50 + 1.0 - 94.2) = 51.0
mai 05, 2020 5:50:39 P.M. hvl.projectparmorel.qlearning.QModelFixer updateQTable
INFO: Updated Q-table for error 50, context 0, action 1062131977 to new weight 51.0
mai 05, 2020 5:50:39 P.M. hvl.projectparmorel.qlearning.QModelFixer updateQTable
INFO: Calculating new Q-value:
Old Q-value: -1.0
Alpha: 1.0
Gamma:1.0

Reward: 50
-1.0 + 1.0 * (50 + 1.0 - -1.0) = 51.0
mai 05, 2020 5:50:39 P.M. hvl.projectparmorel.qlearning.QModelFixer updateQTable
INFO: Updated Q-table for error 50, context 0, action 99999 to new weight 51.0
mai 05, 2020 5:50:40 P.M. hvl.projectparmorel.reward.PreferMaintainability rewardcalculateRewardFor
INFO: MAINTAINABILITY: 3.8
mai 05, 2020 5:50:40 P.M. hvl.projectparmorel.reward.PreferMaintainability rewardcalculateRewardFor
INFO: Time to get metric: 748 ms
mai 05, 2020 5:50:40 P.M. hvl.projectparmorel.qlearning.QModelFixer isUnique
INFO: Solution [ErrorAction [Error: 50 A containment or bidirectional reference must be unique if its upper bound is different from 1, Action: setContainmentGen, Error hierarchy: 0]
, ErrorAction [Error: 50 A containment or bidirectional reference must be unique if its upper bound is different from 1, Action: delete, Error hierarchy: 0]
] already exists.
mai 05, 2020 5:50:40 P.M. hvl.projectparmorel.qlearning.QModelFixer fixModel
INFO: Solution discarded.
mai 05, 2020 5:50:40 P.M. hvl.projectparmorel.qlearning.QModelFixer fixModel
INFO: EPISODE 10 TOTAL REWARD 288.0



mai 05, 2020 5:50:40 P.M. hvl.projectparmorel.qlearning.QModelFixer handleEpisode
INFO: EPISODE 11, STEP 0, Fixing error 50: A containment or bidirectional reference must be unique if its upper bound is different from 1
mai 05, 2020 5:50:40 P.M. hvl.projectparmorel.qlearning.QModelFixer chooseAction
INFO: Choosing random action.
mai 05, 2020 5:50:40 P.M. hvl.projectparmorel.qlearning.QModelFixer handleStep
INFO: Chose action setUpperBound in context 0 with weight 96.0
mai 05, 2020 5:50:40 P.M. hvl.projectparmorel.qlearning.QModelFixer handleStep
INFO: Next error code: 50
mai 05, 2020 5:50:40 P.M. hvl.projectparmorel.qlearning.QModelFixer handleStep
INFO: Calculating new Q-value:
Old Q-value: 96.0
Alpha: 1.0
Gamma: 1.0
Reward: -2
Next optimal action Q-value: 96.2
96.0 + 1.0 * (-2 + 1.0 * 96.2 - 96.0) = 94.2
mai 05, 2020 5:50:40 P.M. hvl.projectparmorel.qlearning.QModelFixer handleStep
INFO: Updated Q-table for error 50, context 0, action -969028598 setUpperBound to new weight 94.2


mai 05, 2020 5:50:40 P.M. hvl.projectparmorel.qlearning.QModelFixer handleEpisode
INFO: EPISODE 11, STEP 1, Fixing error 50: A containment or bidirectional reference must be unique if its upper bound is different from 1
mai 05, 2020 5:50:40 P.M. hvl.projectparmorel.qlearning.QModelFixer chooseAction
INFO: Choosing optimal action
mai 05, 2020 5:50:40 P.M. hvl.projectparmorel.qlearning.QModelFixer handleStep
INFO: Chose action setContainmentGen in context 0 with weight 96.2
mai 05, 2020 5:50:40 P.M. hvl.projectparmorel.qlearning.QModelFixer updateQTable
INFO: Calculating new Q-value:
Old Q-value: 96.2
Alpha: 1.0
Gamma:1.0

Reward: -2
96.2 + 1.0 * (-2 + 1.0 - 96.2) = -1.0
mai 05, 2020 5:50:40 P.M. hvl.projectparmorel.qlearning.QModelFixer updateQTable
INFO: Updated Q-table for error 50, context 0, action 1062131977 to new weight -1.0
mai 05, 2020 5:50:40 P.M. hvl.projectparmorel.ecore.EcoreSolution calculateDistanceFromOriginal
INFO: Calculated the distance between the models to 50.0
mai 05, 2020 5:50:40 P.M. hvl.projectparmorel.reward.PreferCloseDinstanceToOriginalPreference rewardcalculateRewardFor
INFO: Time to measure distance: 17 ms
mai 05, 2020 5:50:40 P.M. hvl.projectparmorel.qlearning.QModelFixer updateQTable
INFO: Calculating new Q-value:
Old Q-value: 94.2
Alpha: 1.0
Gamma:1.0

Reward: 50
94.2 + 1.0 * (50 + 1.0 - 94.2) = 51.0
mai 05, 2020 5:50:40 P.M. hvl.projectparmorel.qlearning.QModelFixer updateQTable
INFO: Updated Q-table for error 50, context 0, action -969028598 to new weight 51.0
mai 05, 2020 5:50:40 P.M. hvl.projectparmorel.qlearning.QModelFixer updateQTable
INFO: Calculating new Q-value:
Old Q-value: -1.0
Alpha: 1.0
Gamma:1.0

Reward: 50
-1.0 + 1.0 * (50 + 1.0 - -1.0) = 51.0
mai 05, 2020 5:50:40 P.M. hvl.projectparmorel.qlearning.QModelFixer updateQTable
INFO: Updated Q-table for error 50, context 0, action 1062131977 to new weight 51.0
mai 05, 2020 5:50:40 P.M. hvl.projectparmorel.reward.PreferMaintainability rewardcalculateRewardFor
INFO: MAINTAINABILITY: 4.0
mai 05, 2020 5:50:40 P.M. hvl.projectparmorel.reward.PreferMaintainability rewardcalculateRewardFor
INFO: Time to get metric: 750 ms
mai 05, 2020 5:50:40 P.M. hvl.projectparmorel.qlearning.QModelFixer fixModel
INFO: Solution added to possible solitons: [ErrorAction [Error: 50 A containment or bidirectional reference must be unique if its upper bound is different from 1, Action: setUpperBound, Error hierarchy: 0]
, ErrorAction [Error: 50 A containment or bidirectional reference must be unique if its upper bound is different from 1, Action: setContainmentGen, Error hierarchy: 0]
]
mai 05, 2020 5:50:40 P.M. hvl.projectparmorel.qlearning.QModelFixer fixModel
INFO: EPISODE 11 TOTAL REWARD 288.0



mai 05, 2020 5:50:40 P.M. hvl.projectparmorel.qlearning.QModelFixer handleEpisode
INFO: EPISODE 12, STEP 0, Fixing error 50: A containment or bidirectional reference must be unique if its upper bound is different from 1
mai 05, 2020 5:50:40 P.M. hvl.projectparmorel.qlearning.QModelFixer chooseAction
INFO: Choosing optimal action
mai 05, 2020 5:50:40 P.M. hvl.projectparmorel.qlearning.QModelFixer handleStep
INFO: Chose action delete in context 0 with weight 96.2
mai 05, 2020 5:50:40 P.M. hvl.projectparmorel.qlearning.QModelFixer handleStep
INFO: Next error code: 50
mai 05, 2020 5:50:40 P.M. hvl.projectparmorel.qlearning.QModelFixer handleStep
INFO: Calculating new Q-value:
Old Q-value: 96.2
Alpha: 1.0
Gamma: 1.0
Reward: -2
Next optimal action Q-value: 96.2
96.2 + 1.0 * (-2 + 1.0 * 96.2 - 96.2) = 94.2
mai 05, 2020 5:50:40 P.M. hvl.projectparmorel.qlearning.QModelFixer handleStep
INFO: Updated Q-table for error 50, context 0, action 99999 delete to new weight 94.2


mai 05, 2020 5:50:40 P.M. hvl.projectparmorel.qlearning.QModelFixer handleEpisode
INFO: EPISODE 12, STEP 1, Fixing error 50: A containment or bidirectional reference must be unique if its upper bound is different from 1
mai 05, 2020 5:50:40 P.M. hvl.projectparmorel.qlearning.QModelFixer chooseAction
INFO: Choosing optimal action
mai 05, 2020 5:50:40 P.M. hvl.projectparmorel.qlearning.QModelFixer handleStep
INFO: Chose action setContainmentGen in context 0 with weight 96.0
mai 05, 2020 5:50:40 P.M. hvl.projectparmorel.qlearning.QModelFixer updateQTable
INFO: Calculating new Q-value:
Old Q-value: 96.0
Alpha: 1.0
Gamma:1.0

Reward: -2
96.0 + 1.0 * (-2 + 1.0 - 96.0) = -1.0
mai 05, 2020 5:50:40 P.M. hvl.projectparmorel.qlearning.QModelFixer updateQTable
INFO: Updated Q-table for error 50, context 0, action 1062131977 to new weight -1.0
mai 05, 2020 5:50:40 P.M. hvl.projectparmorel.ecore.EcoreSolution calculateDistanceFromOriginal
INFO: Calculated the distance between the models to 50.0
mai 05, 2020 5:50:41 P.M. hvl.projectparmorel.reward.PreferCloseDinstanceToOriginalPreference rewardcalculateRewardFor
INFO: Time to measure distance: 19 ms
mai 05, 2020 5:50:41 P.M. hvl.projectparmorel.qlearning.QModelFixer updateQTable
INFO: Calculating new Q-value:
Old Q-value: 94.2
Alpha: 1.0
Gamma:1.0

Reward: 50
94.2 + 1.0 * (50 + 1.0 - 94.2) = 51.0
mai 05, 2020 5:50:41 P.M. hvl.projectparmorel.qlearning.QModelFixer updateQTable
INFO: Updated Q-table for error 50, context 0, action 99999 to new weight 51.0
mai 05, 2020 5:50:41 P.M. hvl.projectparmorel.qlearning.QModelFixer updateQTable
INFO: Calculating new Q-value:
Old Q-value: -1.0
Alpha: 1.0
Gamma:1.0

Reward: 50
-1.0 + 1.0 * (50 + 1.0 - -1.0) = 51.0
mai 05, 2020 5:50:41 P.M. hvl.projectparmorel.qlearning.QModelFixer updateQTable
INFO: Updated Q-table for error 50, context 0, action 1062131977 to new weight 51.0
mai 05, 2020 5:50:41 P.M. hvl.projectparmorel.reward.PreferMaintainability rewardcalculateRewardFor
INFO: MAINTAINABILITY: 3.8
mai 05, 2020 5:50:41 P.M. hvl.projectparmorel.reward.PreferMaintainability rewardcalculateRewardFor
INFO: Time to get metric: 735 ms
mai 05, 2020 5:50:41 P.M. hvl.projectparmorel.qlearning.QModelFixer isUnique
INFO: Solution [ErrorAction [Error: 50 A containment or bidirectional reference must be unique if its upper bound is different from 1, Action: delete, Error hierarchy: 0]
, ErrorAction [Error: 50 A containment or bidirectional reference must be unique if its upper bound is different from 1, Action: setContainmentGen, Error hierarchy: 0]
] already exists.
mai 05, 2020 5:50:41 P.M. hvl.projectparmorel.qlearning.QModelFixer fixModel
INFO: Solution discarded.
mai 05, 2020 5:50:41 P.M. hvl.projectparmorel.qlearning.QModelFixer fixModel
INFO: EPISODE 12 TOTAL REWARD 288.0



mai 05, 2020 5:50:41 P.M. hvl.projectparmorel.qlearning.QModelFixer handleEpisode
INFO: EPISODE 13, STEP 0, Fixing error 50: A containment or bidirectional reference must be unique if its upper bound is different from 1
mai 05, 2020 5:50:41 P.M. hvl.projectparmorel.qlearning.QModelFixer chooseAction
INFO: Choosing random action.
mai 05, 2020 5:50:41 P.M. hvl.projectparmorel.qlearning.QModelFixer handleStep
INFO: Chose action delete in context 0 with weight 96.2
mai 05, 2020 5:50:41 P.M. hvl.projectparmorel.qlearning.QModelFixer handleStep
INFO: Next error code: 50
mai 05, 2020 5:50:41 P.M. hvl.projectparmorel.qlearning.QModelFixer handleStep
INFO: Calculating new Q-value:
Old Q-value: 96.2
Alpha: 1.0
Gamma: 1.0
Reward: -2
Next optimal action Q-value: 96.2
96.2 + 1.0 * (-2 + 1.0 * 96.2 - 96.2) = 94.2
mai 05, 2020 5:50:41 P.M. hvl.projectparmorel.qlearning.QModelFixer handleStep
INFO: Updated Q-table for error 50, context 0, action 99999 delete to new weight 94.2


mai 05, 2020 5:50:41 P.M. hvl.projectparmorel.qlearning.QModelFixer handleEpisode
INFO: EPISODE 13, STEP 1, Fixing error 50: A containment or bidirectional reference must be unique if its upper bound is different from 1
mai 05, 2020 5:50:41 P.M. hvl.projectparmorel.qlearning.QModelFixer chooseAction
INFO: Choosing optimal action
mai 05, 2020 5:50:41 P.M. hvl.projectparmorel.qlearning.QModelFixer handleStep
INFO: Chose action setContainmentGen in context 0 with weight 96.2
mai 05, 2020 5:50:41 P.M. hvl.projectparmorel.qlearning.QModelFixer updateQTable
INFO: Calculating new Q-value:
Old Q-value: 96.2
Alpha: 1.0
Gamma:1.0

Reward: -2
96.2 + 1.0 * (-2 + 1.0 - 96.2) = -1.0
mai 05, 2020 5:50:41 P.M. hvl.projectparmorel.qlearning.QModelFixer updateQTable
INFO: Updated Q-table for error 50, context 0, action 1062131977 to new weight -1.0
mai 05, 2020 5:50:41 P.M. hvl.projectparmorel.ecore.EcoreSolution calculateDistanceFromOriginal
INFO: Calculated the distance between the models to 50.0
mai 05, 2020 5:50:41 P.M. hvl.projectparmorel.reward.PreferCloseDinstanceToOriginalPreference rewardcalculateRewardFor
INFO: Time to measure distance: 19 ms
mai 05, 2020 5:50:41 P.M. hvl.projectparmorel.qlearning.QModelFixer updateQTable
INFO: Calculating new Q-value:
Old Q-value: 94.2
Alpha: 1.0
Gamma:1.0

Reward: 50
94.2 + 1.0 * (50 + 1.0 - 94.2) = 51.0
mai 05, 2020 5:50:41 P.M. hvl.projectparmorel.qlearning.QModelFixer updateQTable
INFO: Updated Q-table for error 50, context 0, action 99999 to new weight 51.0
mai 05, 2020 5:50:41 P.M. hvl.projectparmorel.qlearning.QModelFixer updateQTable
INFO: Calculating new Q-value:
Old Q-value: -1.0
Alpha: 1.0
Gamma:1.0

Reward: 50
-1.0 + 1.0 * (50 + 1.0 - -1.0) = 51.0
mai 05, 2020 5:50:41 P.M. hvl.projectparmorel.qlearning.QModelFixer updateQTable
INFO: Updated Q-table for error 50, context 0, action 1062131977 to new weight 51.0
mai 05, 2020 5:50:42 P.M. hvl.projectparmorel.reward.PreferMaintainability rewardcalculateRewardFor
INFO: MAINTAINABILITY: 3.8
mai 05, 2020 5:50:42 P.M. hvl.projectparmorel.reward.PreferMaintainability rewardcalculateRewardFor
INFO: Time to get metric: 742 ms
mai 05, 2020 5:50:42 P.M. hvl.projectparmorel.qlearning.QModelFixer isUnique
INFO: Solution [ErrorAction [Error: 50 A containment or bidirectional reference must be unique if its upper bound is different from 1, Action: delete, Error hierarchy: 0]
, ErrorAction [Error: 50 A containment or bidirectional reference must be unique if its upper bound is different from 1, Action: setContainmentGen, Error hierarchy: 0]
] already exists.
mai 05, 2020 5:50:42 P.M. hvl.projectparmorel.qlearning.QModelFixer fixModel
INFO: Solution discarded.
mai 05, 2020 5:50:42 P.M. hvl.projectparmorel.qlearning.QModelFixer fixModel
INFO: EPISODE 13 TOTAL REWARD 288.0



mai 05, 2020 5:50:42 P.M. hvl.projectparmorel.qlearning.QModelFixer handleEpisode
INFO: EPISODE 14, STEP 0, Fixing error 50: A containment or bidirectional reference must be unique if its upper bound is different from 1
mai 05, 2020 5:50:42 P.M. hvl.projectparmorel.qlearning.QModelFixer chooseAction
INFO: Choosing random action.
mai 05, 2020 5:50:42 P.M. hvl.projectparmorel.qlearning.QModelFixer handleStep
INFO: Chose action setUpperBound in context 0 with weight 96.0
mai 05, 2020 5:50:42 P.M. hvl.projectparmorel.qlearning.QModelFixer handleStep
INFO: Next error code: 50
mai 05, 2020 5:50:42 P.M. hvl.projectparmorel.qlearning.QModelFixer handleStep
INFO: Calculating new Q-value:
Old Q-value: 96.0
Alpha: 1.0
Gamma: 1.0
Reward: -2
Next optimal action Q-value: 96.2
96.0 + 1.0 * (-2 + 1.0 * 96.2 - 96.0) = 94.2
mai 05, 2020 5:50:42 P.M. hvl.projectparmorel.qlearning.QModelFixer handleStep
INFO: Updated Q-table for error 50, context 0, action -969028598 setUpperBound to new weight 94.2


mai 05, 2020 5:50:42 P.M. hvl.projectparmorel.qlearning.QModelFixer handleEpisode
INFO: EPISODE 14, STEP 1, Fixing error 50: A containment or bidirectional reference must be unique if its upper bound is different from 1
mai 05, 2020 5:50:42 P.M. hvl.projectparmorel.qlearning.QModelFixer chooseAction
INFO: Choosing random action.
mai 05, 2020 5:50:42 P.M. hvl.projectparmorel.qlearning.QModelFixer handleStep
INFO: Chose action setContainmentGen in context 0 with weight 96.2
mai 05, 2020 5:50:42 P.M. hvl.projectparmorel.qlearning.QModelFixer updateQTable
INFO: Calculating new Q-value:
Old Q-value: 96.2
Alpha: 1.0
Gamma:1.0

Reward: -2
96.2 + 1.0 * (-2 + 1.0 - 96.2) = -1.0
mai 05, 2020 5:50:42 P.M. hvl.projectparmorel.qlearning.QModelFixer updateQTable
INFO: Updated Q-table for error 50, context 0, action 1062131977 to new weight -1.0
mai 05, 2020 5:50:42 P.M. hvl.projectparmorel.ecore.EcoreSolution calculateDistanceFromOriginal
INFO: Calculated the distance between the models to 50.0
mai 05, 2020 5:50:42 P.M. hvl.projectparmorel.reward.PreferCloseDinstanceToOriginalPreference rewardcalculateRewardFor
INFO: Time to measure distance: 19 ms
mai 05, 2020 5:50:42 P.M. hvl.projectparmorel.qlearning.QModelFixer updateQTable
INFO: Calculating new Q-value:
Old Q-value: 94.2
Alpha: 1.0
Gamma:1.0

Reward: 50
94.2 + 1.0 * (50 + 1.0 - 94.2) = 51.0
mai 05, 2020 5:50:42 P.M. hvl.projectparmorel.qlearning.QModelFixer updateQTable
INFO: Updated Q-table for error 50, context 0, action -969028598 to new weight 51.0
mai 05, 2020 5:50:42 P.M. hvl.projectparmorel.qlearning.QModelFixer updateQTable
INFO: Calculating new Q-value:
Old Q-value: -1.0
Alpha: 1.0
Gamma:1.0

Reward: 50
-1.0 + 1.0 * (50 + 1.0 - -1.0) = 51.0
mai 05, 2020 5:50:42 P.M. hvl.projectparmorel.qlearning.QModelFixer updateQTable
INFO: Updated Q-table for error 50, context 0, action 1062131977 to new weight 51.0
mai 05, 2020 5:50:43 P.M. hvl.projectparmorel.reward.PreferMaintainability rewardcalculateRewardFor
INFO: MAINTAINABILITY: 4.0
mai 05, 2020 5:50:43 P.M. hvl.projectparmorel.reward.PreferMaintainability rewardcalculateRewardFor
INFO: Time to get metric: 720 ms
mai 05, 2020 5:50:43 P.M. hvl.projectparmorel.qlearning.QModelFixer isUnique
INFO: Solution [ErrorAction [Error: 50 A containment or bidirectional reference must be unique if its upper bound is different from 1, Action: setUpperBound, Error hierarchy: 0]
, ErrorAction [Error: 50 A containment or bidirectional reference must be unique if its upper bound is different from 1, Action: setContainmentGen, Error hierarchy: 0]
] already exists.
mai 05, 2020 5:50:43 P.M. hvl.projectparmorel.qlearning.QModelFixer fixModel
INFO: Solution discarded.
mai 05, 2020 5:50:43 P.M. hvl.projectparmorel.qlearning.QModelFixer fixModel
INFO: EPISODE 14 TOTAL REWARD 288.0



mai 05, 2020 5:50:43 P.M. hvl.projectparmorel.qlearning.QModelFixer handleEpisode
INFO: EPISODE 15, STEP 0, Fixing error 50: A containment or bidirectional reference must be unique if its upper bound is different from 1
mai 05, 2020 5:50:43 P.M. hvl.projectparmorel.qlearning.QModelFixer chooseAction
INFO: Choosing optimal action
mai 05, 2020 5:50:43 P.M. hvl.projectparmorel.qlearning.QModelFixer handleStep
INFO: Chose action delete in context 0 with weight 96.2
mai 05, 2020 5:50:43 P.M. hvl.projectparmorel.qlearning.QModelFixer handleStep
INFO: Next error code: 50
mai 05, 2020 5:50:43 P.M. hvl.projectparmorel.qlearning.QModelFixer handleStep
INFO: Calculating new Q-value:
Old Q-value: 96.2
Alpha: 1.0
Gamma: 1.0
Reward: -2
Next optimal action Q-value: 96.2
96.2 + 1.0 * (-2 + 1.0 * 96.2 - 96.2) = 94.2
mai 05, 2020 5:50:43 P.M. hvl.projectparmorel.qlearning.QModelFixer handleStep
INFO: Updated Q-table for error 50, context 0, action 99999 delete to new weight 94.2


mai 05, 2020 5:50:43 P.M. hvl.projectparmorel.qlearning.QModelFixer handleEpisode
INFO: EPISODE 15, STEP 1, Fixing error 50: A containment or bidirectional reference must be unique if its upper bound is different from 1
mai 05, 2020 5:50:43 P.M. hvl.projectparmorel.qlearning.QModelFixer chooseAction
INFO: Choosing optimal action
mai 05, 2020 5:50:43 P.M. hvl.projectparmorel.qlearning.QModelFixer handleStep
INFO: Chose action setContainmentGen in context 0 with weight 96.0
mai 05, 2020 5:50:43 P.M. hvl.projectparmorel.qlearning.QModelFixer updateQTable
INFO: Calculating new Q-value:
Old Q-value: 96.0
Alpha: 1.0
Gamma:1.0

Reward: -2
96.0 + 1.0 * (-2 + 1.0 - 96.0) = -1.0
mai 05, 2020 5:50:43 P.M. hvl.projectparmorel.qlearning.QModelFixer updateQTable
INFO: Updated Q-table for error 50, context 0, action 1062131977 to new weight -1.0
mai 05, 2020 5:50:43 P.M. hvl.projectparmorel.ecore.EcoreSolution calculateDistanceFromOriginal
INFO: Calculated the distance between the models to 50.0
mai 05, 2020 5:50:43 P.M. hvl.projectparmorel.reward.PreferCloseDinstanceToOriginalPreference rewardcalculateRewardFor
INFO: Time to measure distance: 17 ms
mai 05, 2020 5:50:43 P.M. hvl.projectparmorel.qlearning.QModelFixer updateQTable
INFO: Calculating new Q-value:
Old Q-value: 94.2
Alpha: 1.0
Gamma:1.0

Reward: 50
94.2 + 1.0 * (50 + 1.0 - 94.2) = 51.0
mai 05, 2020 5:50:43 P.M. hvl.projectparmorel.qlearning.QModelFixer updateQTable
INFO: Updated Q-table for error 50, context 0, action 99999 to new weight 51.0
mai 05, 2020 5:50:43 P.M. hvl.projectparmorel.qlearning.QModelFixer updateQTable
INFO: Calculating new Q-value:
Old Q-value: -1.0
Alpha: 1.0
Gamma:1.0

Reward: 50
-1.0 + 1.0 * (50 + 1.0 - -1.0) = 51.0
mai 05, 2020 5:50:43 P.M. hvl.projectparmorel.qlearning.QModelFixer updateQTable
INFO: Updated Q-table for error 50, context 0, action 1062131977 to new weight 51.0
mai 05, 2020 5:50:44 P.M. hvl.projectparmorel.reward.PreferMaintainability rewardcalculateRewardFor
INFO: MAINTAINABILITY: 3.8
mai 05, 2020 5:50:44 P.M. hvl.projectparmorel.reward.PreferMaintainability rewardcalculateRewardFor
INFO: Time to get metric: 747 ms
mai 05, 2020 5:50:44 P.M. hvl.projectparmorel.qlearning.QModelFixer isUnique
INFO: Solution [ErrorAction [Error: 50 A containment or bidirectional reference must be unique if its upper bound is different from 1, Action: delete, Error hierarchy: 0]
, ErrorAction [Error: 50 A containment or bidirectional reference must be unique if its upper bound is different from 1, Action: setContainmentGen, Error hierarchy: 0]
] already exists.
mai 05, 2020 5:50:44 P.M. hvl.projectparmorel.qlearning.QModelFixer fixModel
INFO: Solution discarded.
mai 05, 2020 5:50:44 P.M. hvl.projectparmorel.qlearning.QModelFixer fixModel
INFO: EPISODE 15 TOTAL REWARD 288.0



mai 05, 2020 5:50:44 P.M. hvl.projectparmorel.qlearning.QModelFixer handleEpisode
INFO: EPISODE 16, STEP 0, Fixing error 50: A containment or bidirectional reference must be unique if its upper bound is different from 1
mai 05, 2020 5:50:44 P.M. hvl.projectparmorel.qlearning.QModelFixer chooseAction
INFO: Choosing optimal action
mai 05, 2020 5:50:44 P.M. hvl.projectparmorel.qlearning.QModelFixer handleStep
INFO: Chose action setContainmentGen in context 0 with weight 96.2
mai 05, 2020 5:50:44 P.M. hvl.projectparmorel.qlearning.QModelFixer handleStep
INFO: Next error code: 50
mai 05, 2020 5:50:44 P.M. hvl.projectparmorel.qlearning.QModelFixer handleStep
INFO: Calculating new Q-value:
Old Q-value: 96.2
Alpha: 1.0
Gamma: 1.0
Reward: -2
Next optimal action Q-value: 96.2
96.2 + 1.0 * (-2 + 1.0 * 96.2 - 96.2) = 94.2
mai 05, 2020 5:50:44 P.M. hvl.projectparmorel.qlearning.QModelFixer handleStep
INFO: Updated Q-table for error 50, context 0, action 1062131977 setContainmentGen to new weight 94.2


mai 05, 2020 5:50:44 P.M. hvl.projectparmorel.qlearning.QModelFixer handleEpisode
INFO: EPISODE 16, STEP 1, Fixing error 50: A containment or bidirectional reference must be unique if its upper bound is different from 1
mai 05, 2020 5:50:44 P.M. hvl.projectparmorel.qlearning.QModelFixer chooseAction
INFO: Choosing optimal action
mai 05, 2020 5:50:44 P.M. hvl.projectparmorel.qlearning.QModelFixer handleStep
INFO: Chose action delete in context 0 with weight 96.2
mai 05, 2020 5:50:44 P.M. hvl.projectparmorel.qlearning.QModelFixer updateQTable
INFO: Calculating new Q-value:
Old Q-value: 96.2
Alpha: 1.0
Gamma:1.0

Reward: -2
96.2 + 1.0 * (-2 + 1.0 - 96.2) = -1.0
mai 05, 2020 5:50:44 P.M. hvl.projectparmorel.qlearning.QModelFixer updateQTable
INFO: Updated Q-table for error 50, context 0, action 99999 to new weight -1.0
mai 05, 2020 5:50:44 P.M. hvl.projectparmorel.ecore.EcoreSolution calculateDistanceFromOriginal
INFO: Calculated the distance between the models to 50.0
mai 05, 2020 5:50:44 P.M. hvl.projectparmorel.reward.PreferCloseDinstanceToOriginalPreference rewardcalculateRewardFor
INFO: Time to measure distance: 19 ms
mai 05, 2020 5:50:44 P.M. hvl.projectparmorel.qlearning.QModelFixer updateQTable
INFO: Calculating new Q-value:
Old Q-value: 94.2
Alpha: 1.0
Gamma:1.0

Reward: 50
94.2 + 1.0 * (50 + 1.0 - 94.2) = 51.0
mai 05, 2020 5:50:44 P.M. hvl.projectparmorel.qlearning.QModelFixer updateQTable
INFO: Updated Q-table for error 50, context 0, action 1062131977 to new weight 51.0
mai 05, 2020 5:50:44 P.M. hvl.projectparmorel.qlearning.QModelFixer updateQTable
INFO: Calculating new Q-value:
Old Q-value: -1.0
Alpha: 1.0
Gamma:1.0

Reward: 50
-1.0 + 1.0 * (50 + 1.0 - -1.0) = 51.0
mai 05, 2020 5:50:44 P.M. hvl.projectparmorel.qlearning.QModelFixer updateQTable
INFO: Updated Q-table for error 50, context 0, action 99999 to new weight 51.0
mai 05, 2020 5:50:45 P.M. hvl.projectparmorel.reward.PreferMaintainability rewardcalculateRewardFor
INFO: MAINTAINABILITY: 3.8
mai 05, 2020 5:50:45 P.M. hvl.projectparmorel.reward.PreferMaintainability rewardcalculateRewardFor
INFO: Time to get metric: 713 ms
mai 05, 2020 5:50:45 P.M. hvl.projectparmorel.qlearning.QModelFixer isUnique
INFO: Solution [ErrorAction [Error: 50 A containment or bidirectional reference must be unique if its upper bound is different from 1, Action: setContainmentGen, Error hierarchy: 0]
, ErrorAction [Error: 50 A containment or bidirectional reference must be unique if its upper bound is different from 1, Action: delete, Error hierarchy: 0]
] already exists.
mai 05, 2020 5:50:45 P.M. hvl.projectparmorel.qlearning.QModelFixer fixModel
INFO: Solution discarded.
mai 05, 2020 5:50:45 P.M. hvl.projectparmorel.qlearning.QModelFixer fixModel
INFO: EPISODE 16 TOTAL REWARD 288.0



mai 05, 2020 5:50:45 P.M. hvl.projectparmorel.qlearning.QModelFixer handleEpisode
INFO: EPISODE 17, STEP 0, Fixing error 50: A containment or bidirectional reference must be unique if its upper bound is different from 1
mai 05, 2020 5:50:45 P.M. hvl.projectparmorel.qlearning.QModelFixer chooseAction
INFO: Choosing optimal action
mai 05, 2020 5:50:45 P.M. hvl.projectparmorel.qlearning.QModelFixer handleStep
INFO: Chose action setContainmentGen in context 0 with weight 96.2
mai 05, 2020 5:50:45 P.M. hvl.projectparmorel.qlearning.QModelFixer handleStep
INFO: Next error code: 50
mai 05, 2020 5:50:45 P.M. hvl.projectparmorel.qlearning.QModelFixer handleStep
INFO: Calculating new Q-value:
Old Q-value: 96.2
Alpha: 1.0
Gamma: 1.0
Reward: -2
Next optimal action Q-value: 96.2
96.2 + 1.0 * (-2 + 1.0 * 96.2 - 96.2) = 94.2
mai 05, 2020 5:50:45 P.M. hvl.projectparmorel.qlearning.QModelFixer handleStep
INFO: Updated Q-table for error 50, context 0, action 1062131977 setContainmentGen to new weight 94.2


mai 05, 2020 5:50:45 P.M. hvl.projectparmorel.qlearning.QModelFixer handleEpisode
INFO: EPISODE 17, STEP 1, Fixing error 50: A containment or bidirectional reference must be unique if its upper bound is different from 1
mai 05, 2020 5:50:45 P.M. hvl.projectparmorel.qlearning.QModelFixer chooseAction
INFO: Choosing optimal action
mai 05, 2020 5:50:45 P.M. hvl.projectparmorel.qlearning.QModelFixer handleStep
INFO: Chose action delete in context 0 with weight 96.2
mai 05, 2020 5:50:45 P.M. hvl.projectparmorel.qlearning.QModelFixer updateQTable
INFO: Calculating new Q-value:
Old Q-value: 96.2
Alpha: 1.0
Gamma:1.0

Reward: -2
96.2 + 1.0 * (-2 + 1.0 - 96.2) = -1.0
mai 05, 2020 5:50:45 P.M. hvl.projectparmorel.qlearning.QModelFixer updateQTable
INFO: Updated Q-table for error 50, context 0, action 99999 to new weight -1.0
mai 05, 2020 5:50:45 P.M. hvl.projectparmorel.ecore.EcoreSolution calculateDistanceFromOriginal
INFO: Calculated the distance between the models to 50.0
mai 05, 2020 5:50:45 P.M. hvl.projectparmorel.reward.PreferCloseDinstanceToOriginalPreference rewardcalculateRewardFor
INFO: Time to measure distance: 16 ms
mai 05, 2020 5:50:45 P.M. hvl.projectparmorel.qlearning.QModelFixer updateQTable
INFO: Calculating new Q-value:
Old Q-value: 94.2
Alpha: 1.0
Gamma:1.0

Reward: 50
94.2 + 1.0 * (50 + 1.0 - 94.2) = 51.0
mai 05, 2020 5:50:45 P.M. hvl.projectparmorel.qlearning.QModelFixer updateQTable
INFO: Updated Q-table for error 50, context 0, action 1062131977 to new weight 51.0
mai 05, 2020 5:50:45 P.M. hvl.projectparmorel.qlearning.QModelFixer updateQTable
INFO: Calculating new Q-value:
Old Q-value: -1.0
Alpha: 1.0
Gamma:1.0

Reward: 50
-1.0 + 1.0 * (50 + 1.0 - -1.0) = 51.0
mai 05, 2020 5:50:45 P.M. hvl.projectparmorel.qlearning.QModelFixer updateQTable
INFO: Updated Q-table for error 50, context 0, action 99999 to new weight 51.0
mai 05, 2020 5:50:46 P.M. hvl.projectparmorel.reward.PreferMaintainability rewardcalculateRewardFor
INFO: MAINTAINABILITY: 3.8
mai 05, 2020 5:50:46 P.M. hvl.projectparmorel.reward.PreferMaintainability rewardcalculateRewardFor
INFO: Time to get metric: 718 ms
mai 05, 2020 5:50:46 P.M. hvl.projectparmorel.qlearning.QModelFixer isUnique
INFO: Solution [ErrorAction [Error: 50 A containment or bidirectional reference must be unique if its upper bound is different from 1, Action: setContainmentGen, Error hierarchy: 0]
, ErrorAction [Error: 50 A containment or bidirectional reference must be unique if its upper bound is different from 1, Action: delete, Error hierarchy: 0]
] already exists.
mai 05, 2020 5:50:46 P.M. hvl.projectparmorel.qlearning.QModelFixer fixModel
INFO: Solution discarded.
mai 05, 2020 5:50:46 P.M. hvl.projectparmorel.qlearning.QModelFixer fixModel
INFO: EPISODE 17 TOTAL REWARD 288.0



mai 05, 2020 5:50:46 P.M. hvl.projectparmorel.qlearning.QModelFixer handleEpisode
INFO: EPISODE 18, STEP 0, Fixing error 50: A containment or bidirectional reference must be unique if its upper bound is different from 1
mai 05, 2020 5:50:46 P.M. hvl.projectparmorel.qlearning.QModelFixer chooseAction
INFO: Choosing optimal action
mai 05, 2020 5:50:46 P.M. hvl.projectparmorel.qlearning.QModelFixer handleStep
INFO: Chose action setContainmentGen in context 0 with weight 96.2
mai 05, 2020 5:50:46 P.M. hvl.projectparmorel.qlearning.QModelFixer handleStep
INFO: Next error code: 50
mai 05, 2020 5:50:46 P.M. hvl.projectparmorel.qlearning.QModelFixer handleStep
INFO: Calculating new Q-value:
Old Q-value: 96.2
Alpha: 1.0
Gamma: 1.0
Reward: -2
Next optimal action Q-value: 96.2
96.2 + 1.0 * (-2 + 1.0 * 96.2 - 96.2) = 94.2
mai 05, 2020 5:50:46 P.M. hvl.projectparmorel.qlearning.QModelFixer handleStep
INFO: Updated Q-table for error 50, context 0, action 1062131977 setContainmentGen to new weight 94.2


mai 05, 2020 5:50:46 P.M. hvl.projectparmorel.qlearning.QModelFixer handleEpisode
INFO: EPISODE 18, STEP 1, Fixing error 50: A containment or bidirectional reference must be unique if its upper bound is different from 1
mai 05, 2020 5:50:46 P.M. hvl.projectparmorel.qlearning.QModelFixer chooseAction
INFO: Choosing optimal action
mai 05, 2020 5:50:46 P.M. hvl.projectparmorel.qlearning.QModelFixer handleStep
INFO: Chose action delete in context 0 with weight 96.2
mai 05, 2020 5:50:46 P.M. hvl.projectparmorel.qlearning.QModelFixer updateQTable
INFO: Calculating new Q-value:
Old Q-value: 96.2
Alpha: 1.0
Gamma:1.0

Reward: -2
96.2 + 1.0 * (-2 + 1.0 - 96.2) = -1.0
mai 05, 2020 5:50:46 P.M. hvl.projectparmorel.qlearning.QModelFixer updateQTable
INFO: Updated Q-table for error 50, context 0, action 99999 to new weight -1.0
mai 05, 2020 5:50:46 P.M. hvl.projectparmorel.ecore.EcoreSolution calculateDistanceFromOriginal
INFO: Calculated the distance between the models to 50.0
mai 05, 2020 5:50:46 P.M. hvl.projectparmorel.reward.PreferCloseDinstanceToOriginalPreference rewardcalculateRewardFor
INFO: Time to measure distance: 15 ms
mai 05, 2020 5:50:46 P.M. hvl.projectparmorel.qlearning.QModelFixer updateQTable
INFO: Calculating new Q-value:
Old Q-value: 94.2
Alpha: 1.0
Gamma:1.0

Reward: 50
94.2 + 1.0 * (50 + 1.0 - 94.2) = 51.0
mai 05, 2020 5:50:46 P.M. hvl.projectparmorel.qlearning.QModelFixer updateQTable
INFO: Updated Q-table for error 50, context 0, action 1062131977 to new weight 51.0
mai 05, 2020 5:50:46 P.M. hvl.projectparmorel.qlearning.QModelFixer updateQTable
INFO: Calculating new Q-value:
Old Q-value: -1.0
Alpha: 1.0
Gamma:1.0

Reward: 50
-1.0 + 1.0 * (50 + 1.0 - -1.0) = 51.0
mai 05, 2020 5:50:46 P.M. hvl.projectparmorel.qlearning.QModelFixer updateQTable
INFO: Updated Q-table for error 50, context 0, action 99999 to new weight 51.0
mai 05, 2020 5:50:47 P.M. hvl.projectparmorel.reward.PreferMaintainability rewardcalculateRewardFor
INFO: MAINTAINABILITY: 3.8
mai 05, 2020 5:50:47 P.M. hvl.projectparmorel.reward.PreferMaintainability rewardcalculateRewardFor
INFO: Time to get metric: 730 ms
mai 05, 2020 5:50:47 P.M. hvl.projectparmorel.qlearning.QModelFixer isUnique
INFO: Solution [ErrorAction [Error: 50 A containment or bidirectional reference must be unique if its upper bound is different from 1, Action: setContainmentGen, Error hierarchy: 0]
, ErrorAction [Error: 50 A containment or bidirectional reference must be unique if its upper bound is different from 1, Action: delete, Error hierarchy: 0]
] already exists.
mai 05, 2020 5:50:47 P.M. hvl.projectparmorel.qlearning.QModelFixer fixModel
INFO: Solution discarded.
mai 05, 2020 5:50:47 P.M. hvl.projectparmorel.qlearning.QModelFixer fixModel
INFO: EPISODE 18 TOTAL REWARD 288.0



mai 05, 2020 5:50:47 P.M. hvl.projectparmorel.qlearning.QModelFixer handleEpisode
INFO: EPISODE 19, STEP 0, Fixing error 50: A containment or bidirectional reference must be unique if its upper bound is different from 1
mai 05, 2020 5:50:47 P.M. hvl.projectparmorel.qlearning.QModelFixer chooseAction
INFO: Choosing optimal action
mai 05, 2020 5:50:47 P.M. hvl.projectparmorel.qlearning.QModelFixer handleStep
INFO: Chose action setContainmentGen in context 0 with weight 96.2
mai 05, 2020 5:50:47 P.M. hvl.projectparmorel.qlearning.QModelFixer handleStep
INFO: Next error code: 50
mai 05, 2020 5:50:47 P.M. hvl.projectparmorel.qlearning.QModelFixer handleStep
INFO: Calculating new Q-value:
Old Q-value: 96.2
Alpha: 1.0
Gamma: 1.0
Reward: -2
Next optimal action Q-value: 96.2
96.2 + 1.0 * (-2 + 1.0 * 96.2 - 96.2) = 94.2
mai 05, 2020 5:50:47 P.M. hvl.projectparmorel.qlearning.QModelFixer handleStep
INFO: Updated Q-table for error 50, context 0, action 1062131977 setContainmentGen to new weight 94.2


mai 05, 2020 5:50:47 P.M. hvl.projectparmorel.qlearning.QModelFixer handleEpisode
INFO: EPISODE 19, STEP 1, Fixing error 50: A containment or bidirectional reference must be unique if its upper bound is different from 1
mai 05, 2020 5:50:47 P.M. hvl.projectparmorel.qlearning.QModelFixer chooseAction
INFO: Choosing optimal action
mai 05, 2020 5:50:47 P.M. hvl.projectparmorel.qlearning.QModelFixer handleStep
INFO: Chose action delete in context 0 with weight 96.2
mai 05, 2020 5:50:47 P.M. hvl.projectparmorel.qlearning.QModelFixer updateQTable
INFO: Calculating new Q-value:
Old Q-value: 96.2
Alpha: 1.0
Gamma:1.0

Reward: -2
96.2 + 1.0 * (-2 + 1.0 - 96.2) = -1.0
mai 05, 2020 5:50:47 P.M. hvl.projectparmorel.qlearning.QModelFixer updateQTable
INFO: Updated Q-table for error 50, context 0, action 99999 to new weight -1.0
mai 05, 2020 5:50:47 P.M. hvl.projectparmorel.ecore.EcoreSolution calculateDistanceFromOriginal
INFO: Calculated the distance between the models to 50.0
mai 05, 2020 5:50:47 P.M. hvl.projectparmorel.reward.PreferCloseDinstanceToOriginalPreference rewardcalculateRewardFor
INFO: Time to measure distance: 17 ms
mai 05, 2020 5:50:47 P.M. hvl.projectparmorel.qlearning.QModelFixer updateQTable
INFO: Calculating new Q-value:
Old Q-value: 94.2
Alpha: 1.0
Gamma:1.0

Reward: 50
94.2 + 1.0 * (50 + 1.0 - 94.2) = 51.0
mai 05, 2020 5:50:47 P.M. hvl.projectparmorel.qlearning.QModelFixer updateQTable
INFO: Updated Q-table for error 50, context 0, action 1062131977 to new weight 51.0
mai 05, 2020 5:50:47 P.M. hvl.projectparmorel.qlearning.QModelFixer updateQTable
INFO: Calculating new Q-value:
Old Q-value: -1.0
Alpha: 1.0
Gamma:1.0

Reward: 50
-1.0 + 1.0 * (50 + 1.0 - -1.0) = 51.0
mai 05, 2020 5:50:47 P.M. hvl.projectparmorel.qlearning.QModelFixer updateQTable
INFO: Updated Q-table for error 50, context 0, action 99999 to new weight 51.0
mai 05, 2020 5:50:47 P.M. hvl.projectparmorel.reward.PreferMaintainability rewardcalculateRewardFor
INFO: MAINTAINABILITY: 3.8
mai 05, 2020 5:50:47 P.M. hvl.projectparmorel.reward.PreferMaintainability rewardcalculateRewardFor
INFO: Time to get metric: 753 ms
mai 05, 2020 5:50:47 P.M. hvl.projectparmorel.qlearning.QModelFixer isUnique
INFO: Solution [ErrorAction [Error: 50 A containment or bidirectional reference must be unique if its upper bound is different from 1, Action: setContainmentGen, Error hierarchy: 0]
, ErrorAction [Error: 50 A containment or bidirectional reference must be unique if its upper bound is different from 1, Action: delete, Error hierarchy: 0]
] already exists.
mai 05, 2020 5:50:47 P.M. hvl.projectparmorel.qlearning.QModelFixer fixModel
INFO: Solution discarded.
mai 05, 2020 5:50:47 P.M. hvl.projectparmorel.qlearning.QModelFixer fixModel
INFO: EPISODE 19 TOTAL REWARD 288.0



mai 05, 2020 5:50:47 P.M. hvl.projectparmorel.qlearning.QModelFixer handleEpisode
INFO: EPISODE 20, STEP 0, Fixing error 50: A containment or bidirectional reference must be unique if its upper bound is different from 1
mai 05, 2020 5:50:47 P.M. hvl.projectparmorel.qlearning.QModelFixer chooseAction
INFO: Choosing random action.
mai 05, 2020 5:50:47 P.M. hvl.projectparmorel.qlearning.QModelFixer handleStep
INFO: Chose action delete in context 0 with weight 96.2
mai 05, 2020 5:50:48 P.M. hvl.projectparmorel.qlearning.QModelFixer handleStep
INFO: Next error code: 50
mai 05, 2020 5:50:48 P.M. hvl.projectparmorel.qlearning.QModelFixer handleStep
INFO: Calculating new Q-value:
Old Q-value: 96.2
Alpha: 1.0
Gamma: 1.0
Reward: -2
Next optimal action Q-value: 96.2
96.2 + 1.0 * (-2 + 1.0 * 96.2 - 96.2) = 94.2
mai 05, 2020 5:50:48 P.M. hvl.projectparmorel.qlearning.QModelFixer handleStep
INFO: Updated Q-table for error 50, context 0, action 99999 delete to new weight 94.2


mai 05, 2020 5:50:48 P.M. hvl.projectparmorel.qlearning.QModelFixer handleEpisode
INFO: EPISODE 20, STEP 1, Fixing error 50: A containment or bidirectional reference must be unique if its upper bound is different from 1
mai 05, 2020 5:50:48 P.M. hvl.projectparmorel.qlearning.QModelFixer chooseAction
INFO: Choosing random action.
mai 05, 2020 5:50:48 P.M. hvl.projectparmorel.qlearning.QModelFixer handleStep
INFO: Chose action setContainmentGen in context 0 with weight 96.2
mai 05, 2020 5:50:48 P.M. hvl.projectparmorel.qlearning.QModelFixer updateQTable
INFO: Calculating new Q-value:
Old Q-value: 96.2
Alpha: 1.0
Gamma:1.0

Reward: -2
96.2 + 1.0 * (-2 + 1.0 - 96.2) = -1.0
mai 05, 2020 5:50:48 P.M. hvl.projectparmorel.qlearning.QModelFixer updateQTable
INFO: Updated Q-table for error 50, context 0, action 1062131977 to new weight -1.0
mai 05, 2020 5:50:48 P.M. hvl.projectparmorel.ecore.EcoreSolution calculateDistanceFromOriginal
INFO: Calculated the distance between the models to 50.0
mai 05, 2020 5:50:48 P.M. hvl.projectparmorel.reward.PreferCloseDinstanceToOriginalPreference rewardcalculateRewardFor
INFO: Time to measure distance: 18 ms
mai 05, 2020 5:50:48 P.M. hvl.projectparmorel.qlearning.QModelFixer updateQTable
INFO: Calculating new Q-value:
Old Q-value: 94.2
Alpha: 1.0
Gamma:1.0

Reward: 50
94.2 + 1.0 * (50 + 1.0 - 94.2) = 51.0
mai 05, 2020 5:50:48 P.M. hvl.projectparmorel.qlearning.QModelFixer updateQTable
INFO: Updated Q-table for error 50, context 0, action 99999 to new weight 51.0
mai 05, 2020 5:50:48 P.M. hvl.projectparmorel.qlearning.QModelFixer updateQTable
INFO: Calculating new Q-value:
Old Q-value: -1.0
Alpha: 1.0
Gamma:1.0

Reward: 50
-1.0 + 1.0 * (50 + 1.0 - -1.0) = 51.0
mai 05, 2020 5:50:48 P.M. hvl.projectparmorel.qlearning.QModelFixer updateQTable
INFO: Updated Q-table for error 50, context 0, action 1062131977 to new weight 51.0
mai 05, 2020 5:50:48 P.M. hvl.projectparmorel.reward.PreferMaintainability rewardcalculateRewardFor
INFO: MAINTAINABILITY: 3.8
mai 05, 2020 5:50:48 P.M. hvl.projectparmorel.reward.PreferMaintainability rewardcalculateRewardFor
INFO: Time to get metric: 741 ms
mai 05, 2020 5:50:48 P.M. hvl.projectparmorel.qlearning.QModelFixer isUnique
INFO: Solution [ErrorAction [Error: 50 A containment or bidirectional reference must be unique if its upper bound is different from 1, Action: delete, Error hierarchy: 0]
, ErrorAction [Error: 50 A containment or bidirectional reference must be unique if its upper bound is different from 1, Action: setContainmentGen, Error hierarchy: 0]
] already exists.
mai 05, 2020 5:50:48 P.M. hvl.projectparmorel.qlearning.QModelFixer fixModel
INFO: Solution discarded.
mai 05, 2020 5:50:48 P.M. hvl.projectparmorel.qlearning.QModelFixer fixModel
INFO: EPISODE 20 TOTAL REWARD 288.0



mai 05, 2020 5:50:48 P.M. hvl.projectparmorel.qlearning.QModelFixer handleEpisode
INFO: EPISODE 21, STEP 0, Fixing error 50: A containment or bidirectional reference must be unique if its upper bound is different from 1
mai 05, 2020 5:50:48 P.M. hvl.projectparmorel.qlearning.QModelFixer chooseAction
INFO: Choosing random action.
mai 05, 2020 5:50:48 P.M. hvl.projectparmorel.qlearning.QModelFixer handleStep
INFO: Chose action setContainmentGen in context 0 with weight 96.2
mai 05, 2020 5:50:48 P.M. hvl.projectparmorel.qlearning.QModelFixer handleStep
INFO: Next error code: 50
mai 05, 2020 5:50:48 P.M. hvl.projectparmorel.qlearning.QModelFixer handleStep
INFO: Calculating new Q-value:
Old Q-value: 96.2
Alpha: 1.0
Gamma: 1.0
Reward: -2
Next optimal action Q-value: 96.2
96.2 + 1.0 * (-2 + 1.0 * 96.2 - 96.2) = 94.2
mai 05, 2020 5:50:48 P.M. hvl.projectparmorel.qlearning.QModelFixer handleStep
INFO: Updated Q-table for error 50, context 0, action 1062131977 setContainmentGen to new weight 94.2


mai 05, 2020 5:50:48 P.M. hvl.projectparmorel.qlearning.QModelFixer handleEpisode
INFO: EPISODE 21, STEP 1, Fixing error 50: A containment or bidirectional reference must be unique if its upper bound is different from 1
mai 05, 2020 5:50:48 P.M. hvl.projectparmorel.qlearning.QModelFixer chooseAction
INFO: Choosing optimal action
mai 05, 2020 5:50:48 P.M. hvl.projectparmorel.qlearning.QModelFixer handleStep
INFO: Chose action delete in context 0 with weight 96.2
mai 05, 2020 5:50:49 P.M. hvl.projectparmorel.qlearning.QModelFixer updateQTable
INFO: Calculating new Q-value:
Old Q-value: 96.2
Alpha: 1.0
Gamma:1.0

Reward: -2
96.2 + 1.0 * (-2 + 1.0 - 96.2) = -1.0
mai 05, 2020 5:50:49 P.M. hvl.projectparmorel.qlearning.QModelFixer updateQTable
INFO: Updated Q-table for error 50, context 0, action 99999 to new weight -1.0
mai 05, 2020 5:50:49 P.M. hvl.projectparmorel.ecore.EcoreSolution calculateDistanceFromOriginal
INFO: Calculated the distance between the models to 50.0
mai 05, 2020 5:50:49 P.M. hvl.projectparmorel.reward.PreferCloseDinstanceToOriginalPreference rewardcalculateRewardFor
INFO: Time to measure distance: 17 ms
mai 05, 2020 5:50:49 P.M. hvl.projectparmorel.qlearning.QModelFixer updateQTable
INFO: Calculating new Q-value:
Old Q-value: 94.2
Alpha: 1.0
Gamma:1.0

Reward: 50
94.2 + 1.0 * (50 + 1.0 - 94.2) = 51.0
mai 05, 2020 5:50:49 P.M. hvl.projectparmorel.qlearning.QModelFixer updateQTable
INFO: Updated Q-table for error 50, context 0, action 1062131977 to new weight 51.0
mai 05, 2020 5:50:49 P.M. hvl.projectparmorel.qlearning.QModelFixer updateQTable
INFO: Calculating new Q-value:
Old Q-value: -1.0
Alpha: 1.0
Gamma:1.0

Reward: 50
-1.0 + 1.0 * (50 + 1.0 - -1.0) = 51.0
mai 05, 2020 5:50:49 P.M. hvl.projectparmorel.qlearning.QModelFixer updateQTable
INFO: Updated Q-table for error 50, context 0, action 99999 to new weight 51.0
mai 05, 2020 5:50:49 P.M. hvl.projectparmorel.reward.PreferMaintainability rewardcalculateRewardFor
INFO: MAINTAINABILITY: 3.8
mai 05, 2020 5:50:49 P.M. hvl.projectparmorel.reward.PreferMaintainability rewardcalculateRewardFor
INFO: Time to get metric: 759 ms
mai 05, 2020 5:50:49 P.M. hvl.projectparmorel.qlearning.QModelFixer isUnique
INFO: Solution [ErrorAction [Error: 50 A containment or bidirectional reference must be unique if its upper bound is different from 1, Action: setContainmentGen, Error hierarchy: 0]
, ErrorAction [Error: 50 A containment or bidirectional reference must be unique if its upper bound is different from 1, Action: delete, Error hierarchy: 0]
] already exists.
mai 05, 2020 5:50:49 P.M. hvl.projectparmorel.qlearning.QModelFixer fixModel
INFO: Solution discarded.
mai 05, 2020 5:50:49 P.M. hvl.projectparmorel.qlearning.QModelFixer fixModel
INFO: EPISODE 21 TOTAL REWARD 288.0



mai 05, 2020 5:50:49 P.M. hvl.projectparmorel.qlearning.QModelFixer handleEpisode
INFO: EPISODE 22, STEP 0, Fixing error 50: A containment or bidirectional reference must be unique if its upper bound is different from 1
mai 05, 2020 5:50:49 P.M. hvl.projectparmorel.qlearning.QModelFixer chooseAction
INFO: Choosing optimal action
mai 05, 2020 5:50:49 P.M. hvl.projectparmorel.qlearning.QModelFixer handleStep
INFO: Chose action setContainmentGen in context 0 with weight 96.2
mai 05, 2020 5:50:49 P.M. hvl.projectparmorel.qlearning.QModelFixer handleStep
INFO: Next error code: 50
mai 05, 2020 5:50:49 P.M. hvl.projectparmorel.qlearning.QModelFixer handleStep
INFO: Calculating new Q-value:
Old Q-value: 96.2
Alpha: 1.0
Gamma: 1.0
Reward: -2
Next optimal action Q-value: 96.2
96.2 + 1.0 * (-2 + 1.0 * 96.2 - 96.2) = 94.2
mai 05, 2020 5:50:49 P.M. hvl.projectparmorel.qlearning.QModelFixer handleStep
INFO: Updated Q-table for error 50, context 0, action 1062131977 setContainmentGen to new weight 94.2


mai 05, 2020 5:50:49 P.M. hvl.projectparmorel.qlearning.QModelFixer handleEpisode
INFO: EPISODE 22, STEP 1, Fixing error 50: A containment or bidirectional reference must be unique if its upper bound is different from 1
mai 05, 2020 5:50:49 P.M. hvl.projectparmorel.qlearning.QModelFixer chooseAction
INFO: Choosing optimal action
mai 05, 2020 5:50:49 P.M. hvl.projectparmorel.qlearning.QModelFixer handleStep
INFO: Chose action delete in context 0 with weight 96.2
mai 05, 2020 5:50:49 P.M. hvl.projectparmorel.qlearning.QModelFixer updateQTable
INFO: Calculating new Q-value:
Old Q-value: 96.2
Alpha: 1.0
Gamma:1.0

Reward: -2
96.2 + 1.0 * (-2 + 1.0 - 96.2) = -1.0
mai 05, 2020 5:50:49 P.M. hvl.projectparmorel.qlearning.QModelFixer updateQTable
INFO: Updated Q-table for error 50, context 0, action 99999 to new weight -1.0
mai 05, 2020 5:50:50 P.M. hvl.projectparmorel.ecore.EcoreSolution calculateDistanceFromOriginal
INFO: Calculated the distance between the models to 50.0
mai 05, 2020 5:50:50 P.M. hvl.projectparmorel.reward.PreferCloseDinstanceToOriginalPreference rewardcalculateRewardFor
INFO: Time to measure distance: 18 ms
mai 05, 2020 5:50:50 P.M. hvl.projectparmorel.qlearning.QModelFixer updateQTable
INFO: Calculating new Q-value:
Old Q-value: 94.2
Alpha: 1.0
Gamma:1.0

Reward: 50
94.2 + 1.0 * (50 + 1.0 - 94.2) = 51.0
mai 05, 2020 5:50:50 P.M. hvl.projectparmorel.qlearning.QModelFixer updateQTable
INFO: Updated Q-table for error 50, context 0, action 1062131977 to new weight 51.0
mai 05, 2020 5:50:50 P.M. hvl.projectparmorel.qlearning.QModelFixer updateQTable
INFO: Calculating new Q-value:
Old Q-value: -1.0
Alpha: 1.0
Gamma:1.0

Reward: 50
-1.0 + 1.0 * (50 + 1.0 - -1.0) = 51.0
mai 05, 2020 5:50:50 P.M. hvl.projectparmorel.qlearning.QModelFixer updateQTable
INFO: Updated Q-table for error 50, context 0, action 99999 to new weight 51.0
mai 05, 2020 5:50:50 P.M. hvl.projectparmorel.reward.PreferMaintainability rewardcalculateRewardFor
INFO: MAINTAINABILITY: 3.8
mai 05, 2020 5:50:50 P.M. hvl.projectparmorel.reward.PreferMaintainability rewardcalculateRewardFor
INFO: Time to get metric: 735 ms
mai 05, 2020 5:50:50 P.M. hvl.projectparmorel.qlearning.QModelFixer isUnique
INFO: Solution [ErrorAction [Error: 50 A containment or bidirectional reference must be unique if its upper bound is different from 1, Action: setContainmentGen, Error hierarchy: 0]
, ErrorAction [Error: 50 A containment or bidirectional reference must be unique if its upper bound is different from 1, Action: delete, Error hierarchy: 0]
] already exists.
mai 05, 2020 5:50:50 P.M. hvl.projectparmorel.qlearning.QModelFixer fixModel
INFO: Solution discarded.
mai 05, 2020 5:50:50 P.M. hvl.projectparmorel.qlearning.QModelFixer fixModel
INFO: EPISODE 22 TOTAL REWARD 288.0



mai 05, 2020 5:50:50 P.M. hvl.projectparmorel.qlearning.QModelFixer handleEpisode
INFO: EPISODE 23, STEP 0, Fixing error 50: A containment or bidirectional reference must be unique if its upper bound is different from 1
mai 05, 2020 5:50:50 P.M. hvl.projectparmorel.qlearning.QModelFixer chooseAction
INFO: Choosing optimal action
mai 05, 2020 5:50:50 P.M. hvl.projectparmorel.qlearning.QModelFixer handleStep
INFO: Chose action setContainmentGen in context 0 with weight 96.2
mai 05, 2020 5:50:50 P.M. hvl.projectparmorel.qlearning.QModelFixer handleStep
INFO: Next error code: 50
mai 05, 2020 5:50:50 P.M. hvl.projectparmorel.qlearning.QModelFixer handleStep
INFO: Calculating new Q-value:
Old Q-value: 96.2
Alpha: 1.0
Gamma: 1.0
Reward: -2
Next optimal action Q-value: 96.2
96.2 + 1.0 * (-2 + 1.0 * 96.2 - 96.2) = 94.2
mai 05, 2020 5:50:50 P.M. hvl.projectparmorel.qlearning.QModelFixer handleStep
INFO: Updated Q-table for error 50, context 0, action 1062131977 setContainmentGen to new weight 94.2


mai 05, 2020 5:50:50 P.M. hvl.projectparmorel.qlearning.QModelFixer handleEpisode
INFO: EPISODE 23, STEP 1, Fixing error 50: A containment or bidirectional reference must be unique if its upper bound is different from 1
mai 05, 2020 5:50:50 P.M. hvl.projectparmorel.qlearning.QModelFixer chooseAction
INFO: Choosing random action.
mai 05, 2020 5:50:50 P.M. hvl.projectparmorel.qlearning.QModelFixer handleStep
INFO: Chose action setContainmentGen in context 0 with weight 94.2
mai 05, 2020 5:50:50 P.M. hvl.projectparmorel.qlearning.QModelFixer updateQTable
INFO: Calculating new Q-value:
Old Q-value: 94.2
Alpha: 1.0
Gamma:1.0

Reward: -2
94.2 + 1.0 * (-2 + 1.0 - 94.2) = -1.0
mai 05, 2020 5:50:50 P.M. hvl.projectparmorel.qlearning.QModelFixer updateQTable
INFO: Updated Q-table for error 50, context 0, action 1062131977 to new weight -1.0
mai 05, 2020 5:50:50 P.M. hvl.projectparmorel.ecore.EcoreSolution calculateDistanceFromOriginal
INFO: Calculated the distance between the models to 53.0
mai 05, 2020 5:50:50 P.M. hvl.projectparmorel.reward.PreferCloseDinstanceToOriginalPreference rewardcalculateRewardFor
INFO: Time to measure distance: 17 ms
mai 05, 2020 5:50:50 P.M. hvl.projectparmorel.qlearning.QModelFixer updateQTable
INFO: Calculating new Q-value:
Old Q-value: -1.0
Alpha: 1.0
Gamma:1.0

Reward: 53
-1.0 + 1.0 * (53 + 1.0 - -1.0) = 54.0
mai 05, 2020 5:50:50 P.M. hvl.projectparmorel.qlearning.QModelFixer updateQTable
INFO: Updated Q-table for error 50, context 0, action 1062131977 to new weight 54.0
mai 05, 2020 5:50:50 P.M. hvl.projectparmorel.qlearning.QModelFixer updateQTable
INFO: Calculating new Q-value:
Old Q-value: 54.0
Alpha: 1.0
Gamma:1.0

Reward: 53
54.0 + 1.0 * (53 + 1.0 - 54.0) = 54.0
mai 05, 2020 5:50:50 P.M. hvl.projectparmorel.qlearning.QModelFixer updateQTable
INFO: Updated Q-table for error 50, context 0, action 1062131977 to new weight 54.0
mai 05, 2020 5:50:51 P.M. hvl.projectparmorel.reward.PreferMaintainability rewardcalculateRewardFor
INFO: MAINTAINABILITY: 4.0
mai 05, 2020 5:50:51 P.M. hvl.projectparmorel.reward.PreferMaintainability rewardcalculateRewardFor
INFO: Time to get metric: 728 ms
mai 05, 2020 5:50:51 P.M. hvl.projectparmorel.qlearning.QModelFixer isUnique
INFO: Solution [ErrorAction [Error: 50 A containment or bidirectional reference must be unique if its upper bound is different from 1, Action: setContainmentGen, Error hierarchy: 0]
, ErrorAction [Error: 50 A containment or bidirectional reference must be unique if its upper bound is different from 1, Action: setContainmentGen, Error hierarchy: 0]
] already exists.
mai 05, 2020 5:50:51 P.M. hvl.projectparmorel.qlearning.QModelFixer fixModel
INFO: Solution discarded.
mai 05, 2020 5:50:51 P.M. hvl.projectparmorel.qlearning.QModelFixer fixModel
INFO: EPISODE 23 TOTAL REWARD 294.0



mai 05, 2020 5:50:51 P.M. hvl.projectparmorel.qlearning.QModelFixer handleEpisode
INFO: EPISODE 24, STEP 0, Fixing error 50: A containment or bidirectional reference must be unique if its upper bound is different from 1
mai 05, 2020 5:50:51 P.M. hvl.projectparmorel.qlearning.QModelFixer chooseAction
INFO: Choosing optimal action
mai 05, 2020 5:50:51 P.M. hvl.projectparmorel.qlearning.QModelFixer handleStep
INFO: Chose action delete in context 0 with weight 96.2
mai 05, 2020 5:50:51 P.M. hvl.projectparmorel.qlearning.QModelFixer handleStep
INFO: Next error code: 50
mai 05, 2020 5:50:51 P.M. hvl.projectparmorel.qlearning.QModelFixer handleStep
INFO: Calculating new Q-value:
Old Q-value: 96.2
Alpha: 1.0
Gamma: 1.0
Reward: -2
Next optimal action Q-value: 96.2
96.2 + 1.0 * (-2 + 1.0 * 96.2 - 96.2) = 94.2
mai 05, 2020 5:50:51 P.M. hvl.projectparmorel.qlearning.QModelFixer handleStep
INFO: Updated Q-table for error 50, context 0, action 99999 delete to new weight 94.2


mai 05, 2020 5:50:51 P.M. hvl.projectparmorel.qlearning.QModelFixer handleEpisode
INFO: EPISODE 24, STEP 1, Fixing error 50: A containment or bidirectional reference must be unique if its upper bound is different from 1
mai 05, 2020 5:50:51 P.M. hvl.projectparmorel.qlearning.QModelFixer chooseAction
INFO: Choosing random action.
mai 05, 2020 5:50:51 P.M. hvl.projectparmorel.qlearning.QModelFixer handleStep
INFO: Chose action setContainmentGen in context 0 with weight 96.0
mai 05, 2020 5:50:51 P.M. hvl.projectparmorel.qlearning.QModelFixer updateQTable
INFO: Calculating new Q-value:
Old Q-value: 96.0
Alpha: 1.0
Gamma:1.0

Reward: -2
96.0 + 1.0 * (-2 + 1.0 - 96.0) = -1.0
mai 05, 2020 5:50:51 P.M. hvl.projectparmorel.qlearning.QModelFixer updateQTable
INFO: Updated Q-table for error 50, context 0, action 1062131977 to new weight -1.0
mai 05, 2020 5:50:51 P.M. hvl.projectparmorel.ecore.EcoreSolution calculateDistanceFromOriginal
INFO: Calculated the distance between the models to 50.0
mai 05, 2020 5:50:51 P.M. hvl.projectparmorel.reward.PreferCloseDinstanceToOriginalPreference rewardcalculateRewardFor
INFO: Time to measure distance: 18 ms
mai 05, 2020 5:50:51 P.M. hvl.projectparmorel.qlearning.QModelFixer updateQTable
INFO: Calculating new Q-value:
Old Q-value: 94.2
Alpha: 1.0
Gamma:1.0

Reward: 50
94.2 + 1.0 * (50 + 1.0 - 94.2) = 51.0
mai 05, 2020 5:50:51 P.M. hvl.projectparmorel.qlearning.QModelFixer updateQTable
INFO: Updated Q-table for error 50, context 0, action 99999 to new weight 51.0
mai 05, 2020 5:50:51 P.M. hvl.projectparmorel.qlearning.QModelFixer updateQTable
INFO: Calculating new Q-value:
Old Q-value: -1.0
Alpha: 1.0
Gamma:1.0

Reward: 50
-1.0 + 1.0 * (50 + 1.0 - -1.0) = 51.0
mai 05, 2020 5:50:51 P.M. hvl.projectparmorel.qlearning.QModelFixer updateQTable
INFO: Updated Q-table for error 50, context 0, action 1062131977 to new weight 51.0
mai 05, 2020 5:50:52 P.M. hvl.projectparmorel.reward.PreferMaintainability rewardcalculateRewardFor
INFO: MAINTAINABILITY: 3.8
mai 05, 2020 5:50:52 P.M. hvl.projectparmorel.reward.PreferMaintainability rewardcalculateRewardFor
INFO: Time to get metric: 728 ms
mai 05, 2020 5:50:52 P.M. hvl.projectparmorel.qlearning.QModelFixer isUnique
INFO: Solution [ErrorAction [Error: 50 A containment or bidirectional reference must be unique if its upper bound is different from 1, Action: delete, Error hierarchy: 0]
, ErrorAction [Error: 50 A containment or bidirectional reference must be unique if its upper bound is different from 1, Action: setContainmentGen, Error hierarchy: 0]
] already exists.
mai 05, 2020 5:50:52 P.M. hvl.projectparmorel.qlearning.QModelFixer fixModel
INFO: Solution discarded.
mai 05, 2020 5:50:52 P.M. hvl.projectparmorel.qlearning.QModelFixer fixModel
INFO: EPISODE 24 TOTAL REWARD 288.0



mai 05, 2020 5:50:52 P.M. hvl.projectparmorel.qlearning.QModelFixer fixModel
INFO: Time repairing model: 21807 ms
mai 05, 2020 5:50:52 P.M. hvl.projectparmorel.qlearning.QModelFixer fixModel
INFO: 
-----------------ALL SEQUENCES FOUND-------------------
SIZE: 7
DISCARDED SEQUENCES: 18
--------::::B E S T   S E Q U E N C E   I S::::---------
Sequence [id=0, seq=[ErrorAction [Error: 50 A containment or bidirectional reference must be unique if its upper bound is different from 1, Action: setContainmentGen, Error hierarchy: 0]
, ErrorAction [Error: 50 A containment or bidirectional reference must be unique if its upper bound is different from 1, Action: setContainmentGen, Error hierarchy: 0]
], weight=294.0]

 with 2 actions.
mai 05, 2020 5:50:52 P.M. hvl.projectparmorel.knowledge.Knowledge save
INFO: Saving initialized
mai 05, 2020 5:50:52 P.M. hvl.projectparmorel.knowledge.Knowledge save
INFO: document prepared
mai 05, 2020 5:50:52 P.M. hvl.projectparmorel.knowledge.Knowledge save
INFO: Saving completed to /Users/Magnus/Skole/DAT300/EclipseWorkspace3/ParmorelRunnable/knowledge.xml
mai 05, 2020 5:50:52 P.M. hvl.projectparmorel.knowledge.Knowledge save
INFO: Saving initialized
mai 05, 2020 5:50:52 P.M. hvl.projectparmorel.knowledge.Knowledge save
INFO: document prepared
mai 05, 2020 5:50:52 P.M. hvl.projectparmorel.knowledge.Knowledge save
INFO: Saving completed to /Users/Magnus/Skole/DAT300/EclipseWorkspace3/ParmorelRunnable/knowledge.xml
