mai 06, 2020 9:27:07 A.M. hvl.projectparmorel.qlearning.QModelFixer fixModel
INFO: Repairing org.eclipse.component.api.ecore
mai 06, 2020 9:27:07 A.M. hvl.projectparmorel.qlearning.QModelFixer fixModel
INFO: Running with preferences [PREFER_CLOSE_DISTANCE_TO_ORIGINAL, PREFER_REUSE]
mai 06, 2020 9:27:07 A.M. hvl.projectparmorel.qlearning.QModelFixer fixModel
INFO: Initial number of errors in model: 2
Maximum number of steps per episode: 12
Errors to fix: [Error 50, message=A containment or bidirectional reference must be unique if its upper bound is different from 1 in package 0
, Error 50, message=A containment or bidirectional reference must be unique if its upper bound is different from 1 in package 0
]
mai 06, 2020 9:27:07 A.M. hvl.projectparmorel.qlearning.QModelFixer fixModel
INFO: Initializing Q-table for the errors.
mai 06, 2020 9:27:07 A.M. hvl.projectparmorel.qlearning.QModelFixer fixModel
INFO: Number of episodes: 25
mai 06, 2020 9:27:07 A.M. hvl.projectparmorel.qlearning.QModelFixer handleEpisode
INFO: EPISODE 0, STEP 0, Fixing error 50: A containment or bidirectional reference must be unique if its upper bound is different from 1
mai 06, 2020 9:27:07 A.M. hvl.projectparmorel.qlearning.QModelFixer chooseAction
INFO: Choosing random action.
mai 06, 2020 9:27:07 A.M. hvl.projectparmorel.qlearning.QModelFixer handleStep
INFO: Chose action setContainmentGen in context 0 with weight 600.19767442
mai 06, 2020 9:27:07 A.M. hvl.projectparmorel.qlearning.QModelFixer handleStep
INFO: Next error code: 50
mai 06, 2020 9:27:07 A.M. hvl.projectparmorel.qlearning.QModelFixer handleStep
INFO: Calculating new Q-value:
Old Q-value: 600.19767442
Alpha: 1.0
Gamma: 1.0
Reward: -2
Next optimal action Q-value: 600.19767442
600.19767442 + 1.0 * (-2 + 1.0 * 600.19767442 - 600.19767442) = 598.19767442
mai 06, 2020 9:27:07 A.M. hvl.projectparmorel.qlearning.QModelFixer handleStep
INFO: Updated Q-table for error 50, context 0, action 1062131977 setContainmentGen to new weight 598.19767442


mai 06, 2020 9:27:07 A.M. hvl.projectparmorel.qlearning.QModelFixer handleEpisode
INFO: EPISODE 0, STEP 1, Fixing error 50: A containment or bidirectional reference must be unique if its upper bound is different from 1
mai 06, 2020 9:27:07 A.M. hvl.projectparmorel.qlearning.QModelFixer chooseAction
INFO: Choosing optimal action
mai 06, 2020 9:27:07 A.M. hvl.projectparmorel.qlearning.QModelFixer handleStep
INFO: Chose action setContainmentGen in context 0 with weight 598.19767442
mai 06, 2020 9:27:07 A.M. hvl.projectparmorel.qlearning.QModelFixer updateQTable
INFO: Calculating new Q-value:
Old Q-value: 598.19767442
Alpha: 1.0
Gamma:1.0

Reward: -2
598.19767442 + 1.0 * (-2 + 1.0 - 598.19767442) = -1.0
mai 06, 2020 9:27:07 A.M. hvl.projectparmorel.qlearning.QModelFixer updateQTable
INFO: Updated Q-table for error 50, context 0, action 1062131977 to new weight -1.0
mai 06, 2020 9:27:07 A.M. hvl.projectparmorel.ecore.EcoreSolution calculateDistanceFromOriginal
INFO: Calculated the distance between the models to 100.0
mai 06, 2020 9:27:07 A.M. hvl.projectparmorel.reward.PreferCloseDinstanceToOriginalPreference rewardcalculateRewardFor
INFO: Time to measure distance: 30 ms
mai 06, 2020 9:27:07 A.M. hvl.projectparmorel.qlearning.QModelFixer updateQTable
INFO: Calculating new Q-value:
Old Q-value: -1.0
Alpha: 1.0
Gamma:1.0

Reward: 100
-1.0 + 1.0 * (100 + 1.0 - -1.0) = 101.0
mai 06, 2020 9:27:07 A.M. hvl.projectparmorel.qlearning.QModelFixer updateQTable
INFO: Updated Q-table for error 50, context 0, action 1062131977 to new weight 101.0
mai 06, 2020 9:27:07 A.M. hvl.projectparmorel.qlearning.QModelFixer updateQTable
INFO: Calculating new Q-value:
Old Q-value: 101.0
Alpha: 1.0
Gamma:1.0

Reward: 100
101.0 + 1.0 * (100 + 1.0 - 101.0) = 101.0
mai 06, 2020 9:27:07 A.M. hvl.projectparmorel.qlearning.QModelFixer updateQTable
INFO: Updated Q-table for error 50, context 0, action 1062131977 to new weight 101.0
mai 06, 2020 9:27:09 A.M. hvl.projectparmorel.reward.PreferReuse rewardcalculateRewardFor
INFO: Time to get metric: 1958 ms
mai 06, 2020 9:27:09 A.M. hvl.projectparmorel.qlearning.QModelFixer fixModel
INFO: Solution added to possible solitons: [ErrorAction [Error: 50 A containment or bidirectional reference must be unique if its upper bound is different from 1, Action: setContainmentGen, Error hierarchy: 0]
, ErrorAction [Error: 50 A containment or bidirectional reference must be unique if its upper bound is different from 1, Action: setContainmentGen, Error hierarchy: 0]
]
mai 06, 2020 9:27:09 A.M. hvl.projectparmorel.qlearning.QModelFixer fixModel
INFO: EPISODE 0 TOTAL REWARD 196.0



mai 06, 2020 9:27:09 A.M. hvl.projectparmorel.qlearning.QModelFixer handleEpisode
INFO: EPISODE 1, STEP 0, Fixing error 50: A containment or bidirectional reference must be unique if its upper bound is different from 1
mai 06, 2020 9:27:09 A.M. hvl.projectparmorel.qlearning.QModelFixer chooseAction
INFO: Choosing optimal action
mai 06, 2020 9:27:09 A.M. hvl.projectparmorel.qlearning.QModelFixer handleStep
INFO: Chose action delete in context 0 with weight 300.2
mai 06, 2020 9:27:09 A.M. hvl.projectparmorel.qlearning.QModelFixer handleStep
INFO: Next error code: 50
mai 06, 2020 9:27:09 A.M. hvl.projectparmorel.qlearning.QModelFixer handleStep
INFO: Calculating new Q-value:
Old Q-value: 300.2
Alpha: 1.0
Gamma: 1.0
Reward: -2
Next optimal action Q-value: 300.2
300.2 + 1.0 * (-2 + 1.0 * 300.2 - 300.2) = 298.2
mai 06, 2020 9:27:09 A.M. hvl.projectparmorel.qlearning.QModelFixer handleStep
INFO: Updated Q-table for error 50, context 0, action 99999 delete to new weight 298.2


mai 06, 2020 9:27:09 A.M. hvl.projectparmorel.qlearning.QModelFixer handleEpisode
INFO: EPISODE 1, STEP 1, Fixing error 50: A containment or bidirectional reference must be unique if its upper bound is different from 1
mai 06, 2020 9:27:09 A.M. hvl.projectparmorel.qlearning.QModelFixer chooseAction
INFO: Choosing random action.
mai 06, 2020 9:27:09 A.M. hvl.projectparmorel.qlearning.QModelFixer handleStep
INFO: Chose action delete in context 0 with weight 298.2
mai 06, 2020 9:27:09 A.M. hvl.projectparmorel.qlearning.QModelFixer updateQTable
INFO: Calculating new Q-value:
Old Q-value: 298.2
Alpha: 1.0
Gamma:1.0

Reward: -2
298.2 + 1.0 * (-2 + 1.0 - 298.2) = -1.0
mai 06, 2020 9:27:09 A.M. hvl.projectparmorel.qlearning.QModelFixer updateQTable
INFO: Updated Q-table for error 50, context 0, action 99999 to new weight -1.0
mai 06, 2020 9:27:09 A.M. hvl.projectparmorel.ecore.EcoreSolution calculateDistanceFromOriginal
INFO: Calculated the distance between the models to 97.0
mai 06, 2020 9:27:09 A.M. hvl.projectparmorel.reward.PreferCloseDinstanceToOriginalPreference rewardcalculateRewardFor
INFO: Time to measure distance: 31 ms
mai 06, 2020 9:27:09 A.M. hvl.projectparmorel.qlearning.QModelFixer updateQTable
INFO: Calculating new Q-value:
Old Q-value: -1.0
Alpha: 1.0
Gamma:1.0

Reward: 97
-1.0 + 1.0 * (97 + 1.0 - -1.0) = 98.0
mai 06, 2020 9:27:09 A.M. hvl.projectparmorel.qlearning.QModelFixer updateQTable
INFO: Updated Q-table for error 50, context 0, action 99999 to new weight 98.0
mai 06, 2020 9:27:09 A.M. hvl.projectparmorel.qlearning.QModelFixer updateQTable
INFO: Calculating new Q-value:
Old Q-value: 98.0
Alpha: 1.0
Gamma:1.0

Reward: 97
98.0 + 1.0 * (97 + 1.0 - 98.0) = 98.0
mai 06, 2020 9:27:09 A.M. hvl.projectparmorel.qlearning.QModelFixer updateQTable
INFO: Updated Q-table for error 50, context 0, action 99999 to new weight 98.0
mai 06, 2020 9:27:12 A.M. hvl.projectparmorel.reward.PreferReuse rewardcalculateRewardFor
INFO: Time to get metric: 2143 ms
mai 06, 2020 9:27:12 A.M. hvl.projectparmorel.qlearning.QModelFixer fixModel
INFO: Solution added to possible solitons: [ErrorAction [Error: 50 A containment or bidirectional reference must be unique if its upper bound is different from 1, Action: delete, Error hierarchy: 0]
, ErrorAction [Error: 50 A containment or bidirectional reference must be unique if its upper bound is different from 1, Action: delete, Error hierarchy: 0]
]
mai 06, 2020 9:27:12 A.M. hvl.projectparmorel.qlearning.QModelFixer fixModel
INFO: EPISODE 1 TOTAL REWARD 190.0



mai 06, 2020 9:27:12 A.M. hvl.projectparmorel.qlearning.QModelFixer handleEpisode
INFO: EPISODE 2, STEP 0, Fixing error 50: A containment or bidirectional reference must be unique if its upper bound is different from 1
mai 06, 2020 9:27:12 A.M. hvl.projectparmorel.qlearning.QModelFixer chooseAction
INFO: Choosing optimal action
mai 06, 2020 9:27:12 A.M. hvl.projectparmorel.qlearning.QModelFixer handleStep
INFO: Chose action setUpperBound in context 0 with weight 300.19767442
mai 06, 2020 9:27:12 A.M. hvl.projectparmorel.qlearning.QModelFixer handleStep
INFO: Next error code: 50
mai 06, 2020 9:27:12 A.M. hvl.projectparmorel.qlearning.QModelFixer handleStep
INFO: Calculating new Q-value:
Old Q-value: 300.19767442
Alpha: 1.0
Gamma: 1.0
Reward: -2
Next optimal action Q-value: 300.19767442
300.19767442 + 1.0 * (-2 + 1.0 * 300.19767442 - 300.19767442) = 298.19767442
mai 06, 2020 9:27:12 A.M. hvl.projectparmorel.qlearning.QModelFixer handleStep
INFO: Updated Q-table for error 50, context 0, action -969028598 setUpperBound to new weight 298.19767442


mai 06, 2020 9:27:12 A.M. hvl.projectparmorel.qlearning.QModelFixer handleEpisode
INFO: EPISODE 2, STEP 1, Fixing error 50: A containment or bidirectional reference must be unique if its upper bound is different from 1
mai 06, 2020 9:27:12 A.M. hvl.projectparmorel.qlearning.QModelFixer chooseAction
INFO: Choosing optimal action
mai 06, 2020 9:27:12 A.M. hvl.projectparmorel.qlearning.QModelFixer handleStep
INFO: Chose action setContainment in context 0 with weight 300.19767442
mai 06, 2020 9:27:12 A.M. hvl.projectparmorel.qlearning.QModelFixer updateQTable
INFO: Calculating new Q-value:
Old Q-value: 300.19767442
Alpha: 1.0
Gamma:1.0

Reward: -2
300.19767442 + 1.0 * (-2 + 1.0 - 300.19767442) = -1.0
mai 06, 2020 9:27:12 A.M. hvl.projectparmorel.qlearning.QModelFixer updateQTable
INFO: Updated Q-table for error 50, context 0, action 951444921 to new weight -1.0
mai 06, 2020 9:27:12 A.M. hvl.projectparmorel.ecore.EcoreSolution calculateDistanceFromOriginal
INFO: Calculated the distance between the models to 98.0
mai 06, 2020 9:27:12 A.M. hvl.projectparmorel.reward.PreferCloseDinstanceToOriginalPreference rewardcalculateRewardFor
INFO: Time to measure distance: 31 ms
mai 06, 2020 9:27:12 A.M. hvl.projectparmorel.qlearning.QModelFixer updateQTable
INFO: Calculating new Q-value:
Old Q-value: 298.19767442
Alpha: 1.0
Gamma:1.0

Reward: 98
298.19767442 + 1.0 * (98 + 1.0 - 298.19767442) = 99.0
mai 06, 2020 9:27:12 A.M. hvl.projectparmorel.qlearning.QModelFixer updateQTable
INFO: Updated Q-table for error 50, context 0, action -969028598 to new weight 99.0
mai 06, 2020 9:27:12 A.M. hvl.projectparmorel.qlearning.QModelFixer updateQTable
INFO: Calculating new Q-value:
Old Q-value: -1.0
Alpha: 1.0
Gamma:1.0

Reward: 98
-1.0 + 1.0 * (98 + 1.0 - -1.0) = 99.0
mai 06, 2020 9:27:12 A.M. hvl.projectparmorel.qlearning.QModelFixer updateQTable
INFO: Updated Q-table for error 50, context 0, action 951444921 to new weight 99.0
mai 06, 2020 9:27:14 A.M. hvl.projectparmorel.reward.PreferReuse rewardcalculateRewardFor
INFO: Time to get metric: 2105 ms
mai 06, 2020 9:27:14 A.M. hvl.projectparmorel.qlearning.QModelFixer fixModel
INFO: Solution added to possible solitons: [ErrorAction [Error: 50 A containment or bidirectional reference must be unique if its upper bound is different from 1, Action: setUpperBound, Error hierarchy: 0]
, ErrorAction [Error: 50 A containment or bidirectional reference must be unique if its upper bound is different from 1, Action: setContainment, Error hierarchy: 0]
]
mai 06, 2020 9:27:14 A.M. hvl.projectparmorel.qlearning.QModelFixer fixModel
INFO: EPISODE 2 TOTAL REWARD 192.0



mai 06, 2020 9:27:14 A.M. hvl.projectparmorel.qlearning.QModelFixer handleEpisode
INFO: EPISODE 3, STEP 0, Fixing error 50: A containment or bidirectional reference must be unique if its upper bound is different from 1
mai 06, 2020 9:27:14 A.M. hvl.projectparmorel.qlearning.QModelFixer chooseAction
INFO: Choosing optimal action
mai 06, 2020 9:27:14 A.M. hvl.projectparmorel.qlearning.QModelFixer handleStep
INFO: Chose action setContainmentGen in context 0 with weight 0.0
mai 06, 2020 9:27:14 A.M. hvl.projectparmorel.qlearning.QModelFixer handleStep
INFO: Next error code: 50
mai 06, 2020 9:27:14 A.M. hvl.projectparmorel.qlearning.QModelFixer handleStep
INFO: Calculating new Q-value:
Old Q-value: 0.0
Alpha: 1.0
Gamma: 1.0
Reward: -2
Next optimal action Q-value: 0.0
0.0 + 1.0 * (-2 + 1.0 * 0.0 - 0.0) = -2.0
mai 06, 2020 9:27:14 A.M. hvl.projectparmorel.qlearning.QModelFixer handleStep
INFO: Updated Q-table for error 50, context 0, action 1062131977 setContainmentGen to new weight -2.0


mai 06, 2020 9:27:14 A.M. hvl.projectparmorel.qlearning.QModelFixer handleEpisode
INFO: EPISODE 3, STEP 1, Fixing error 50: A containment or bidirectional reference must be unique if its upper bound is different from 1
mai 06, 2020 9:27:14 A.M. hvl.projectparmorel.qlearning.QModelFixer chooseAction
INFO: Choosing optimal action
mai 06, 2020 9:27:14 A.M. hvl.projectparmorel.qlearning.QModelFixer handleStep
INFO: Chose action setUpperBound in context 0 with weight 0.0
mai 06, 2020 9:27:14 A.M. hvl.projectparmorel.qlearning.QModelFixer updateQTable
INFO: Calculating new Q-value:
Old Q-value: 0.0
Alpha: 1.0
Gamma:1.0

Reward: -2
0.0 + 1.0 * (-2 + 1.0 - 0.0) = -1.0
mai 06, 2020 9:27:14 A.M. hvl.projectparmorel.qlearning.QModelFixer updateQTable
INFO: Updated Q-table for error 50, context 0, action -969028598 to new weight -1.0
mai 06, 2020 9:27:14 A.M. hvl.projectparmorel.ecore.EcoreSolution calculateDistanceFromOriginal
INFO: Calculated the distance between the models to 98.0
mai 06, 2020 9:27:14 A.M. hvl.projectparmorel.reward.PreferCloseDinstanceToOriginalPreference rewardcalculateRewardFor
INFO: Time to measure distance: 31 ms
mai 06, 2020 9:27:14 A.M. hvl.projectparmorel.qlearning.QModelFixer updateQTable
INFO: Calculating new Q-value:
Old Q-value: -2.0
Alpha: 1.0
Gamma:1.0

Reward: 98
-2.0 + 1.0 * (98 + 1.0 - -2.0) = 99.0
mai 06, 2020 9:27:14 A.M. hvl.projectparmorel.qlearning.QModelFixer updateQTable
INFO: Updated Q-table for error 50, context 0, action 1062131977 to new weight 99.0
mai 06, 2020 9:27:14 A.M. hvl.projectparmorel.qlearning.QModelFixer updateQTable
INFO: Calculating new Q-value:
Old Q-value: -1.0
Alpha: 1.0
Gamma:1.0

Reward: 98
-1.0 + 1.0 * (98 + 1.0 - -1.0) = 99.0
mai 06, 2020 9:27:14 A.M. hvl.projectparmorel.qlearning.QModelFixer updateQTable
INFO: Updated Q-table for error 50, context 0, action -969028598 to new weight 99.0
mai 06, 2020 9:27:16 A.M. hvl.projectparmorel.reward.PreferReuse rewardcalculateRewardFor
INFO: Time to get metric: 2050 ms
mai 06, 2020 9:27:16 A.M. hvl.projectparmorel.qlearning.QModelFixer fixModel
INFO: Solution added to possible solitons: [ErrorAction [Error: 50 A containment or bidirectional reference must be unique if its upper bound is different from 1, Action: setContainmentGen, Error hierarchy: 0]
, ErrorAction [Error: 50 A containment or bidirectional reference must be unique if its upper bound is different from 1, Action: setUpperBound, Error hierarchy: 0]
]
mai 06, 2020 9:27:16 A.M. hvl.projectparmorel.qlearning.QModelFixer fixModel
INFO: EPISODE 3 TOTAL REWARD 192.0



mai 06, 2020 9:27:16 A.M. hvl.projectparmorel.qlearning.QModelFixer handleEpisode
INFO: EPISODE 4, STEP 0, Fixing error 50: A containment or bidirectional reference must be unique if its upper bound is different from 1
mai 06, 2020 9:27:16 A.M. hvl.projectparmorel.qlearning.QModelFixer chooseAction
INFO: Choosing optimal action
mai 06, 2020 9:27:16 A.M. hvl.projectparmorel.qlearning.QModelFixer handleStep
INFO: Chose action setContainmentGen in context 0 with weight 0.0
mai 06, 2020 9:27:16 A.M. hvl.projectparmorel.qlearning.QModelFixer handleStep
INFO: Next error code: 50
mai 06, 2020 9:27:16 A.M. hvl.projectparmorel.qlearning.QModelFixer handleStep
INFO: Calculating new Q-value:
Old Q-value: 0.0
Alpha: 1.0
Gamma: 1.0
Reward: -2
Next optimal action Q-value: 0.0
0.0 + 1.0 * (-2 + 1.0 * 0.0 - 0.0) = -2.0
mai 06, 2020 9:27:16 A.M. hvl.projectparmorel.qlearning.QModelFixer handleStep
INFO: Updated Q-table for error 50, context 0, action 1062131977 setContainmentGen to new weight -2.0


mai 06, 2020 9:27:16 A.M. hvl.projectparmorel.qlearning.QModelFixer handleEpisode
INFO: EPISODE 4, STEP 1, Fixing error 50: A containment or bidirectional reference must be unique if its upper bound is different from 1
mai 06, 2020 9:27:16 A.M. hvl.projectparmorel.qlearning.QModelFixer chooseAction
INFO: Choosing optimal action
mai 06, 2020 9:27:16 A.M. hvl.projectparmorel.qlearning.QModelFixer handleStep
INFO: Chose action setUpperBound in context 0 with weight 0.0
mai 06, 2020 9:27:16 A.M. hvl.projectparmorel.qlearning.QModelFixer updateQTable
INFO: Calculating new Q-value:
Old Q-value: 0.0
Alpha: 1.0
Gamma:1.0

Reward: -2
0.0 + 1.0 * (-2 + 1.0 - 0.0) = -1.0
mai 06, 2020 9:27:16 A.M. hvl.projectparmorel.qlearning.QModelFixer updateQTable
INFO: Updated Q-table for error 50, context 0, action -969028598 to new weight -1.0
mai 06, 2020 9:27:16 A.M. hvl.projectparmorel.ecore.EcoreSolution calculateDistanceFromOriginal
INFO: Calculated the distance between the models to 98.0
mai 06, 2020 9:27:16 A.M. hvl.projectparmorel.reward.PreferCloseDinstanceToOriginalPreference rewardcalculateRewardFor
INFO: Time to measure distance: 40 ms
mai 06, 2020 9:27:16 A.M. hvl.projectparmorel.qlearning.QModelFixer updateQTable
INFO: Calculating new Q-value:
Old Q-value: -2.0
Alpha: 1.0
Gamma:1.0

Reward: 98
-2.0 + 1.0 * (98 + 1.0 - -2.0) = 99.0
mai 06, 2020 9:27:16 A.M. hvl.projectparmorel.qlearning.QModelFixer updateQTable
INFO: Updated Q-table for error 50, context 0, action 1062131977 to new weight 99.0
mai 06, 2020 9:27:16 A.M. hvl.projectparmorel.qlearning.QModelFixer updateQTable
INFO: Calculating new Q-value:
Old Q-value: -1.0
Alpha: 1.0
Gamma:1.0

Reward: 98
-1.0 + 1.0 * (98 + 1.0 - -1.0) = 99.0
mai 06, 2020 9:27:16 A.M. hvl.projectparmorel.qlearning.QModelFixer updateQTable
INFO: Updated Q-table for error 50, context 0, action -969028598 to new weight 99.0
mai 06, 2020 9:27:18 A.M. hvl.projectparmorel.reward.PreferReuse rewardcalculateRewardFor
INFO: Time to get metric: 2071 ms
mai 06, 2020 9:27:18 A.M. hvl.projectparmorel.qlearning.QModelFixer isUnique
INFO: Solution [ErrorAction [Error: 50 A containment or bidirectional reference must be unique if its upper bound is different from 1, Action: setContainmentGen, Error hierarchy: 0]
, ErrorAction [Error: 50 A containment or bidirectional reference must be unique if its upper bound is different from 1, Action: setUpperBound, Error hierarchy: 0]
] already exists.
mai 06, 2020 9:27:18 A.M. hvl.projectparmorel.qlearning.QModelFixer fixModel
INFO: Solution discarded.
mai 06, 2020 9:27:18 A.M. hvl.projectparmorel.qlearning.QModelFixer fixModel
INFO: EPISODE 4 TOTAL REWARD 192.0



mai 06, 2020 9:27:18 A.M. hvl.projectparmorel.qlearning.QModelFixer handleEpisode
INFO: EPISODE 5, STEP 0, Fixing error 50: A containment or bidirectional reference must be unique if its upper bound is different from 1
mai 06, 2020 9:27:18 A.M. hvl.projectparmorel.qlearning.QModelFixer chooseAction
INFO: Choosing optimal action
mai 06, 2020 9:27:18 A.M. hvl.projectparmorel.qlearning.QModelFixer handleStep
INFO: Chose action setContainmentGen in context 0 with weight 0.0
mai 06, 2020 9:27:18 A.M. hvl.projectparmorel.qlearning.QModelFixer handleStep
INFO: Next error code: 50
mai 06, 2020 9:27:18 A.M. hvl.projectparmorel.qlearning.QModelFixer handleStep
INFO: Calculating new Q-value:
Old Q-value: 0.0
Alpha: 1.0
Gamma: 1.0
Reward: -2
Next optimal action Q-value: 0.0
0.0 + 1.0 * (-2 + 1.0 * 0.0 - 0.0) = -2.0
mai 06, 2020 9:27:18 A.M. hvl.projectparmorel.qlearning.QModelFixer handleStep
INFO: Updated Q-table for error 50, context 0, action 1062131977 setContainmentGen to new weight -2.0


mai 06, 2020 9:27:18 A.M. hvl.projectparmorel.qlearning.QModelFixer handleEpisode
INFO: EPISODE 5, STEP 1, Fixing error 50: A containment or bidirectional reference must be unique if its upper bound is different from 1
mai 06, 2020 9:27:18 A.M. hvl.projectparmorel.qlearning.QModelFixer chooseAction
INFO: Choosing optimal action
mai 06, 2020 9:27:18 A.M. hvl.projectparmorel.qlearning.QModelFixer handleStep
INFO: Chose action setUpperBound in context 0 with weight 0.0
mai 06, 2020 9:27:18 A.M. hvl.projectparmorel.qlearning.QModelFixer updateQTable
INFO: Calculating new Q-value:
Old Q-value: 0.0
Alpha: 1.0
Gamma:1.0

Reward: -2
0.0 + 1.0 * (-2 + 1.0 - 0.0) = -1.0
mai 06, 2020 9:27:18 A.M. hvl.projectparmorel.qlearning.QModelFixer updateQTable
INFO: Updated Q-table for error 50, context 0, action -969028598 to new weight -1.0
mai 06, 2020 9:27:18 A.M. hvl.projectparmorel.ecore.EcoreSolution calculateDistanceFromOriginal
INFO: Calculated the distance between the models to 98.0
mai 06, 2020 9:27:18 A.M. hvl.projectparmorel.reward.PreferCloseDinstanceToOriginalPreference rewardcalculateRewardFor
INFO: Time to measure distance: 30 ms
mai 06, 2020 9:27:18 A.M. hvl.projectparmorel.qlearning.QModelFixer updateQTable
INFO: Calculating new Q-value:
Old Q-value: -2.0
Alpha: 1.0
Gamma:1.0

Reward: 98
-2.0 + 1.0 * (98 + 1.0 - -2.0) = 99.0
mai 06, 2020 9:27:18 A.M. hvl.projectparmorel.qlearning.QModelFixer updateQTable
INFO: Updated Q-table for error 50, context 0, action 1062131977 to new weight 99.0
mai 06, 2020 9:27:18 A.M. hvl.projectparmorel.qlearning.QModelFixer updateQTable
INFO: Calculating new Q-value:
Old Q-value: -1.0
Alpha: 1.0
Gamma:1.0

Reward: 98
-1.0 + 1.0 * (98 + 1.0 - -1.0) = 99.0
mai 06, 2020 9:27:18 A.M. hvl.projectparmorel.qlearning.QModelFixer updateQTable
INFO: Updated Q-table for error 50, context 0, action -969028598 to new weight 99.0
mai 06, 2020 9:27:20 A.M. hvl.projectparmorel.reward.PreferReuse rewardcalculateRewardFor
INFO: Time to get metric: 2133 ms
mai 06, 2020 9:27:20 A.M. hvl.projectparmorel.qlearning.QModelFixer isUnique
INFO: Solution [ErrorAction [Error: 50 A containment or bidirectional reference must be unique if its upper bound is different from 1, Action: setContainmentGen, Error hierarchy: 0]
, ErrorAction [Error: 50 A containment or bidirectional reference must be unique if its upper bound is different from 1, Action: setUpperBound, Error hierarchy: 0]
] already exists.
mai 06, 2020 9:27:20 A.M. hvl.projectparmorel.qlearning.QModelFixer fixModel
INFO: Solution discarded.
mai 06, 2020 9:27:20 A.M. hvl.projectparmorel.qlearning.QModelFixer fixModel
INFO: EPISODE 5 TOTAL REWARD 192.0



mai 06, 2020 9:27:20 A.M. hvl.projectparmorel.qlearning.QModelFixer handleEpisode
INFO: EPISODE 6, STEP 0, Fixing error 50: A containment or bidirectional reference must be unique if its upper bound is different from 1
mai 06, 2020 9:27:20 A.M. hvl.projectparmorel.qlearning.QModelFixer chooseAction
INFO: Choosing optimal action
mai 06, 2020 9:27:20 A.M. hvl.projectparmorel.qlearning.QModelFixer handleStep
INFO: Chose action setContainmentGen in context 0 with weight 0.0
mai 06, 2020 9:27:20 A.M. hvl.projectparmorel.qlearning.QModelFixer handleStep
INFO: Next error code: 50
mai 06, 2020 9:27:20 A.M. hvl.projectparmorel.qlearning.QModelFixer handleStep
INFO: Calculating new Q-value:
Old Q-value: 0.0
Alpha: 1.0
Gamma: 1.0
Reward: -2
Next optimal action Q-value: 0.0
0.0 + 1.0 * (-2 + 1.0 * 0.0 - 0.0) = -2.0
mai 06, 2020 9:27:20 A.M. hvl.projectparmorel.qlearning.QModelFixer handleStep
INFO: Updated Q-table for error 50, context 0, action 1062131977 setContainmentGen to new weight -2.0


mai 06, 2020 9:27:20 A.M. hvl.projectparmorel.qlearning.QModelFixer handleEpisode
INFO: EPISODE 6, STEP 1, Fixing error 50: A containment or bidirectional reference must be unique if its upper bound is different from 1
mai 06, 2020 9:27:20 A.M. hvl.projectparmorel.qlearning.QModelFixer chooseAction
INFO: Choosing random action.
mai 06, 2020 9:27:20 A.M. hvl.projectparmorel.qlearning.QModelFixer handleStep
INFO: Chose action delete in context 0 with weight 0.0
mai 06, 2020 9:27:20 A.M. hvl.projectparmorel.qlearning.QModelFixer updateQTable
INFO: Calculating new Q-value:
Old Q-value: 0.0
Alpha: 1.0
Gamma:1.0

Reward: -2
0.0 + 1.0 * (-2 + 1.0 - 0.0) = -1.0
mai 06, 2020 9:27:20 A.M. hvl.projectparmorel.qlearning.QModelFixer updateQTable
INFO: Updated Q-table for error 50, context 0, action 99999 to new weight -1.0
mai 06, 2020 9:27:20 A.M. hvl.projectparmorel.ecore.EcoreSolution calculateDistanceFromOriginal
INFO: Calculated the distance between the models to 98.0
mai 06, 2020 9:27:20 A.M. hvl.projectparmorel.reward.PreferCloseDinstanceToOriginalPreference rewardcalculateRewardFor
INFO: Time to measure distance: 32 ms
mai 06, 2020 9:27:20 A.M. hvl.projectparmorel.qlearning.QModelFixer updateQTable
INFO: Calculating new Q-value:
Old Q-value: -2.0
Alpha: 1.0
Gamma:1.0

Reward: 98
-2.0 + 1.0 * (98 + 1.0 - -2.0) = 99.0
mai 06, 2020 9:27:20 A.M. hvl.projectparmorel.qlearning.QModelFixer updateQTable
INFO: Updated Q-table for error 50, context 0, action 1062131977 to new weight 99.0
mai 06, 2020 9:27:20 A.M. hvl.projectparmorel.qlearning.QModelFixer updateQTable
INFO: Calculating new Q-value:
Old Q-value: -1.0
Alpha: 1.0
Gamma:1.0

Reward: 98
-1.0 + 1.0 * (98 + 1.0 - -1.0) = 99.0
mai 06, 2020 9:27:20 A.M. hvl.projectparmorel.qlearning.QModelFixer updateQTable
INFO: Updated Q-table for error 50, context 0, action 99999 to new weight 99.0
mai 06, 2020 9:27:22 A.M. hvl.projectparmorel.reward.PreferReuse rewardcalculateRewardFor
INFO: Time to get metric: 2113 ms
mai 06, 2020 9:27:22 A.M. hvl.projectparmorel.qlearning.QModelFixer fixModel
INFO: Solution added to possible solitons: [ErrorAction [Error: 50 A containment or bidirectional reference must be unique if its upper bound is different from 1, Action: setContainmentGen, Error hierarchy: 0]
, ErrorAction [Error: 50 A containment or bidirectional reference must be unique if its upper bound is different from 1, Action: delete, Error hierarchy: 0]
]
mai 06, 2020 9:27:22 A.M. hvl.projectparmorel.qlearning.QModelFixer fixModel
INFO: EPISODE 6 TOTAL REWARD 192.0



mai 06, 2020 9:27:22 A.M. hvl.projectparmorel.qlearning.QModelFixer handleEpisode
INFO: EPISODE 7, STEP 0, Fixing error 50: A containment or bidirectional reference must be unique if its upper bound is different from 1
mai 06, 2020 9:27:22 A.M. hvl.projectparmorel.qlearning.QModelFixer chooseAction
INFO: Choosing optimal action
mai 06, 2020 9:27:22 A.M. hvl.projectparmorel.qlearning.QModelFixer handleStep
INFO: Chose action setContainmentGen in context 0 with weight 0.0
mai 06, 2020 9:27:22 A.M. hvl.projectparmorel.qlearning.QModelFixer handleStep
INFO: Next error code: 50
mai 06, 2020 9:27:22 A.M. hvl.projectparmorel.qlearning.QModelFixer handleStep
INFO: Calculating new Q-value:
Old Q-value: 0.0
Alpha: 1.0
Gamma: 1.0
Reward: -2
Next optimal action Q-value: 0.0
0.0 + 1.0 * (-2 + 1.0 * 0.0 - 0.0) = -2.0
mai 06, 2020 9:27:22 A.M. hvl.projectparmorel.qlearning.QModelFixer handleStep
INFO: Updated Q-table for error 50, context 0, action 1062131977 setContainmentGen to new weight -2.0


mai 06, 2020 9:27:22 A.M. hvl.projectparmorel.qlearning.QModelFixer handleEpisode
INFO: EPISODE 7, STEP 1, Fixing error 50: A containment or bidirectional reference must be unique if its upper bound is different from 1
mai 06, 2020 9:27:22 A.M. hvl.projectparmorel.qlearning.QModelFixer chooseAction
INFO: Choosing random action.
mai 06, 2020 9:27:22 A.M. hvl.projectparmorel.qlearning.QModelFixer handleStep
INFO: Chose action setUpperBound in context 0 with weight 0.0
mai 06, 2020 9:27:22 A.M. hvl.projectparmorel.qlearning.QModelFixer updateQTable
INFO: Calculating new Q-value:
Old Q-value: 0.0
Alpha: 1.0
Gamma:1.0

Reward: -2
0.0 + 1.0 * (-2 + 1.0 - 0.0) = -1.0
mai 06, 2020 9:27:22 A.M. hvl.projectparmorel.qlearning.QModelFixer updateQTable
INFO: Updated Q-table for error 50, context 0, action -969028598 to new weight -1.0
mai 06, 2020 9:27:22 A.M. hvl.projectparmorel.ecore.EcoreSolution calculateDistanceFromOriginal
INFO: Calculated the distance between the models to 98.0
mai 06, 2020 9:27:22 A.M. hvl.projectparmorel.reward.PreferCloseDinstanceToOriginalPreference rewardcalculateRewardFor
INFO: Time to measure distance: 31 ms
mai 06, 2020 9:27:22 A.M. hvl.projectparmorel.qlearning.QModelFixer updateQTable
INFO: Calculating new Q-value:
Old Q-value: -2.0
Alpha: 1.0
Gamma:1.0

Reward: 98
-2.0 + 1.0 * (98 + 1.0 - -2.0) = 99.0
mai 06, 2020 9:27:22 A.M. hvl.projectparmorel.qlearning.QModelFixer updateQTable
INFO: Updated Q-table for error 50, context 0, action 1062131977 to new weight 99.0
mai 06, 2020 9:27:22 A.M. hvl.projectparmorel.qlearning.QModelFixer updateQTable
INFO: Calculating new Q-value:
Old Q-value: -1.0
Alpha: 1.0
Gamma:1.0

Reward: 98
-1.0 + 1.0 * (98 + 1.0 - -1.0) = 99.0
mai 06, 2020 9:27:22 A.M. hvl.projectparmorel.qlearning.QModelFixer updateQTable
INFO: Updated Q-table for error 50, context 0, action -969028598 to new weight 99.0
mai 06, 2020 9:27:24 A.M. hvl.projectparmorel.reward.PreferReuse rewardcalculateRewardFor
INFO: Time to get metric: 2029 ms
mai 06, 2020 9:27:24 A.M. hvl.projectparmorel.qlearning.QModelFixer isUnique
INFO: Solution [ErrorAction [Error: 50 A containment or bidirectional reference must be unique if its upper bound is different from 1, Action: setContainmentGen, Error hierarchy: 0]
, ErrorAction [Error: 50 A containment or bidirectional reference must be unique if its upper bound is different from 1, Action: setUpperBound, Error hierarchy: 0]
] already exists.
mai 06, 2020 9:27:24 A.M. hvl.projectparmorel.qlearning.QModelFixer fixModel
INFO: Solution discarded.
mai 06, 2020 9:27:24 A.M. hvl.projectparmorel.qlearning.QModelFixer fixModel
INFO: EPISODE 7 TOTAL REWARD 192.0



mai 06, 2020 9:27:24 A.M. hvl.projectparmorel.qlearning.QModelFixer handleEpisode
INFO: EPISODE 8, STEP 0, Fixing error 50: A containment or bidirectional reference must be unique if its upper bound is different from 1
mai 06, 2020 9:27:24 A.M. hvl.projectparmorel.qlearning.QModelFixer chooseAction
INFO: Choosing optimal action
mai 06, 2020 9:27:24 A.M. hvl.projectparmorel.qlearning.QModelFixer handleStep
INFO: Chose action setContainmentGen in context 0 with weight 0.0
mai 06, 2020 9:27:24 A.M. hvl.projectparmorel.qlearning.QModelFixer handleStep
INFO: Next error code: 50
mai 06, 2020 9:27:24 A.M. hvl.projectparmorel.qlearning.QModelFixer handleStep
INFO: Calculating new Q-value:
Old Q-value: 0.0
Alpha: 1.0
Gamma: 1.0
Reward: -2
Next optimal action Q-value: 0.0
0.0 + 1.0 * (-2 + 1.0 * 0.0 - 0.0) = -2.0
mai 06, 2020 9:27:24 A.M. hvl.projectparmorel.qlearning.QModelFixer handleStep
INFO: Updated Q-table for error 50, context 0, action 1062131977 setContainmentGen to new weight -2.0


mai 06, 2020 9:27:24 A.M. hvl.projectparmorel.qlearning.QModelFixer handleEpisode
INFO: EPISODE 8, STEP 1, Fixing error 50: A containment or bidirectional reference must be unique if its upper bound is different from 1
mai 06, 2020 9:27:24 A.M. hvl.projectparmorel.qlearning.QModelFixer chooseAction
INFO: Choosing optimal action
mai 06, 2020 9:27:24 A.M. hvl.projectparmorel.qlearning.QModelFixer handleStep
INFO: Chose action setUpperBound in context 0 with weight 0.0
mai 06, 2020 9:27:24 A.M. hvl.projectparmorel.qlearning.QModelFixer updateQTable
INFO: Calculating new Q-value:
Old Q-value: 0.0
Alpha: 1.0
Gamma:1.0

Reward: -2
0.0 + 1.0 * (-2 + 1.0 - 0.0) = -1.0
mai 06, 2020 9:27:24 A.M. hvl.projectparmorel.qlearning.QModelFixer updateQTable
INFO: Updated Q-table for error 50, context 0, action -969028598 to new weight -1.0
mai 06, 2020 9:27:24 A.M. hvl.projectparmorel.ecore.EcoreSolution calculateDistanceFromOriginal
INFO: Calculated the distance between the models to 98.0
mai 06, 2020 9:27:24 A.M. hvl.projectparmorel.reward.PreferCloseDinstanceToOriginalPreference rewardcalculateRewardFor
INFO: Time to measure distance: 30 ms
mai 06, 2020 9:27:24 A.M. hvl.projectparmorel.qlearning.QModelFixer updateQTable
INFO: Calculating new Q-value:
Old Q-value: -2.0
Alpha: 1.0
Gamma:1.0

Reward: 98
-2.0 + 1.0 * (98 + 1.0 - -2.0) = 99.0
mai 06, 2020 9:27:24 A.M. hvl.projectparmorel.qlearning.QModelFixer updateQTable
INFO: Updated Q-table for error 50, context 0, action 1062131977 to new weight 99.0
mai 06, 2020 9:27:24 A.M. hvl.projectparmorel.qlearning.QModelFixer updateQTable
INFO: Calculating new Q-value:
Old Q-value: -1.0
Alpha: 1.0
Gamma:1.0

Reward: 98
-1.0 + 1.0 * (98 + 1.0 - -1.0) = 99.0
mai 06, 2020 9:27:24 A.M. hvl.projectparmorel.qlearning.QModelFixer updateQTable
INFO: Updated Q-table for error 50, context 0, action -969028598 to new weight 99.0
mai 06, 2020 9:27:27 A.M. hvl.projectparmorel.reward.PreferReuse rewardcalculateRewardFor
INFO: Time to get metric: 2128 ms
mai 06, 2020 9:27:27 A.M. hvl.projectparmorel.qlearning.QModelFixer isUnique
INFO: Solution [ErrorAction [Error: 50 A containment or bidirectional reference must be unique if its upper bound is different from 1, Action: setContainmentGen, Error hierarchy: 0]
, ErrorAction [Error: 50 A containment or bidirectional reference must be unique if its upper bound is different from 1, Action: setUpperBound, Error hierarchy: 0]
] already exists.
mai 06, 2020 9:27:27 A.M. hvl.projectparmorel.qlearning.QModelFixer fixModel
INFO: Solution discarded.
mai 06, 2020 9:27:27 A.M. hvl.projectparmorel.qlearning.QModelFixer fixModel
INFO: EPISODE 8 TOTAL REWARD 192.0



mai 06, 2020 9:27:27 A.M. hvl.projectparmorel.qlearning.QModelFixer handleEpisode
INFO: EPISODE 9, STEP 0, Fixing error 50: A containment or bidirectional reference must be unique if its upper bound is different from 1
mai 06, 2020 9:27:27 A.M. hvl.projectparmorel.qlearning.QModelFixer chooseAction
INFO: Choosing optimal action
mai 06, 2020 9:27:27 A.M. hvl.projectparmorel.qlearning.QModelFixer handleStep
INFO: Chose action setContainmentGen in context 0 with weight 0.0
mai 06, 2020 9:27:27 A.M. hvl.projectparmorel.qlearning.QModelFixer handleStep
INFO: Next error code: 50
mai 06, 2020 9:27:27 A.M. hvl.projectparmorel.qlearning.QModelFixer handleStep
INFO: Calculating new Q-value:
Old Q-value: 0.0
Alpha: 1.0
Gamma: 1.0
Reward: -2
Next optimal action Q-value: 0.0
0.0 + 1.0 * (-2 + 1.0 * 0.0 - 0.0) = -2.0
mai 06, 2020 9:27:27 A.M. hvl.projectparmorel.qlearning.QModelFixer handleStep
INFO: Updated Q-table for error 50, context 0, action 1062131977 setContainmentGen to new weight -2.0


mai 06, 2020 9:27:27 A.M. hvl.projectparmorel.qlearning.QModelFixer handleEpisode
INFO: EPISODE 9, STEP 1, Fixing error 50: A containment or bidirectional reference must be unique if its upper bound is different from 1
mai 06, 2020 9:27:27 A.M. hvl.projectparmorel.qlearning.QModelFixer chooseAction
INFO: Choosing optimal action
mai 06, 2020 9:27:27 A.M. hvl.projectparmorel.qlearning.QModelFixer handleStep
INFO: Chose action setUpperBound in context 0 with weight 0.0
mai 06, 2020 9:27:27 A.M. hvl.projectparmorel.qlearning.QModelFixer updateQTable
INFO: Calculating new Q-value:
Old Q-value: 0.0
Alpha: 1.0
Gamma:1.0

Reward: -2
0.0 + 1.0 * (-2 + 1.0 - 0.0) = -1.0
mai 06, 2020 9:27:27 A.M. hvl.projectparmorel.qlearning.QModelFixer updateQTable
INFO: Updated Q-table for error 50, context 0, action -969028598 to new weight -1.0
mai 06, 2020 9:27:27 A.M. hvl.projectparmorel.ecore.EcoreSolution calculateDistanceFromOriginal
INFO: Calculated the distance between the models to 98.0
mai 06, 2020 9:27:27 A.M. hvl.projectparmorel.reward.PreferCloseDinstanceToOriginalPreference rewardcalculateRewardFor
INFO: Time to measure distance: 32 ms
mai 06, 2020 9:27:27 A.M. hvl.projectparmorel.qlearning.QModelFixer updateQTable
INFO: Calculating new Q-value:
Old Q-value: -2.0
Alpha: 1.0
Gamma:1.0

Reward: 98
-2.0 + 1.0 * (98 + 1.0 - -2.0) = 99.0
mai 06, 2020 9:27:27 A.M. hvl.projectparmorel.qlearning.QModelFixer updateQTable
INFO: Updated Q-table for error 50, context 0, action 1062131977 to new weight 99.0
mai 06, 2020 9:27:27 A.M. hvl.projectparmorel.qlearning.QModelFixer updateQTable
INFO: Calculating new Q-value:
Old Q-value: -1.0
Alpha: 1.0
Gamma:1.0

Reward: 98
-1.0 + 1.0 * (98 + 1.0 - -1.0) = 99.0
mai 06, 2020 9:27:27 A.M. hvl.projectparmorel.qlearning.QModelFixer updateQTable
INFO: Updated Q-table for error 50, context 0, action -969028598 to new weight 99.0
mai 06, 2020 9:27:29 A.M. hvl.projectparmorel.reward.PreferReuse rewardcalculateRewardFor
INFO: Time to get metric: 2108 ms
mai 06, 2020 9:27:29 A.M. hvl.projectparmorel.qlearning.QModelFixer isUnique
INFO: Solution [ErrorAction [Error: 50 A containment or bidirectional reference must be unique if its upper bound is different from 1, Action: setContainmentGen, Error hierarchy: 0]
, ErrorAction [Error: 50 A containment or bidirectional reference must be unique if its upper bound is different from 1, Action: setUpperBound, Error hierarchy: 0]
] already exists.
mai 06, 2020 9:27:29 A.M. hvl.projectparmorel.qlearning.QModelFixer fixModel
INFO: Solution discarded.
mai 06, 2020 9:27:29 A.M. hvl.projectparmorel.qlearning.QModelFixer fixModel
INFO: EPISODE 9 TOTAL REWARD 192.0



mai 06, 2020 9:27:29 A.M. hvl.projectparmorel.qlearning.QModelFixer handleEpisode
INFO: EPISODE 10, STEP 0, Fixing error 50: A containment or bidirectional reference must be unique if its upper bound is different from 1
mai 06, 2020 9:27:29 A.M. hvl.projectparmorel.qlearning.QModelFixer chooseAction
INFO: Choosing optimal action
mai 06, 2020 9:27:29 A.M. hvl.projectparmorel.qlearning.QModelFixer handleStep
INFO: Chose action setContainmentGen in context 0 with weight 0.0
mai 06, 2020 9:27:29 A.M. hvl.projectparmorel.qlearning.QModelFixer handleStep
INFO: Next error code: 50
mai 06, 2020 9:27:29 A.M. hvl.projectparmorel.qlearning.QModelFixer handleStep
INFO: Calculating new Q-value:
Old Q-value: 0.0
Alpha: 1.0
Gamma: 1.0
Reward: -2
Next optimal action Q-value: 0.0
0.0 + 1.0 * (-2 + 1.0 * 0.0 - 0.0) = -2.0
mai 06, 2020 9:27:29 A.M. hvl.projectparmorel.qlearning.QModelFixer handleStep
INFO: Updated Q-table for error 50, context 0, action 1062131977 setContainmentGen to new weight -2.0


mai 06, 2020 9:27:29 A.M. hvl.projectparmorel.qlearning.QModelFixer handleEpisode
INFO: EPISODE 10, STEP 1, Fixing error 50: A containment or bidirectional reference must be unique if its upper bound is different from 1
mai 06, 2020 9:27:29 A.M. hvl.projectparmorel.qlearning.QModelFixer chooseAction
INFO: Choosing optimal action
mai 06, 2020 9:27:29 A.M. hvl.projectparmorel.qlearning.QModelFixer handleStep
INFO: Chose action setUpperBound in context 0 with weight 0.0
mai 06, 2020 9:27:29 A.M. hvl.projectparmorel.qlearning.QModelFixer updateQTable
INFO: Calculating new Q-value:
Old Q-value: 0.0
Alpha: 1.0
Gamma:1.0

Reward: -2
0.0 + 1.0 * (-2 + 1.0 - 0.0) = -1.0
mai 06, 2020 9:27:29 A.M. hvl.projectparmorel.qlearning.QModelFixer updateQTable
INFO: Updated Q-table for error 50, context 0, action -969028598 to new weight -1.0
mai 06, 2020 9:27:29 A.M. hvl.projectparmorel.ecore.EcoreSolution calculateDistanceFromOriginal
INFO: Calculated the distance between the models to 98.0
mai 06, 2020 9:27:29 A.M. hvl.projectparmorel.reward.PreferCloseDinstanceToOriginalPreference rewardcalculateRewardFor
INFO: Time to measure distance: 31 ms
mai 06, 2020 9:27:29 A.M. hvl.projectparmorel.qlearning.QModelFixer updateQTable
INFO: Calculating new Q-value:
Old Q-value: -2.0
Alpha: 1.0
Gamma:1.0

Reward: 98
-2.0 + 1.0 * (98 + 1.0 - -2.0) = 99.0
mai 06, 2020 9:27:29 A.M. hvl.projectparmorel.qlearning.QModelFixer updateQTable
INFO: Updated Q-table for error 50, context 0, action 1062131977 to new weight 99.0
mai 06, 2020 9:27:29 A.M. hvl.projectparmorel.qlearning.QModelFixer updateQTable
INFO: Calculating new Q-value:
Old Q-value: -1.0
Alpha: 1.0
Gamma:1.0

Reward: 98
-1.0 + 1.0 * (98 + 1.0 - -1.0) = 99.0
mai 06, 2020 9:27:29 A.M. hvl.projectparmorel.qlearning.QModelFixer updateQTable
INFO: Updated Q-table for error 50, context 0, action -969028598 to new weight 99.0
mai 06, 2020 9:27:31 A.M. hvl.projectparmorel.reward.PreferReuse rewardcalculateRewardFor
INFO: Time to get metric: 2024 ms
mai 06, 2020 9:27:31 A.M. hvl.projectparmorel.qlearning.QModelFixer isUnique
INFO: Solution [ErrorAction [Error: 50 A containment or bidirectional reference must be unique if its upper bound is different from 1, Action: setContainmentGen, Error hierarchy: 0]
, ErrorAction [Error: 50 A containment or bidirectional reference must be unique if its upper bound is different from 1, Action: setUpperBound, Error hierarchy: 0]
] already exists.
mai 06, 2020 9:27:31 A.M. hvl.projectparmorel.qlearning.QModelFixer fixModel
INFO: Solution discarded.
mai 06, 2020 9:27:31 A.M. hvl.projectparmorel.qlearning.QModelFixer fixModel
INFO: EPISODE 10 TOTAL REWARD 192.0



mai 06, 2020 9:27:31 A.M. hvl.projectparmorel.qlearning.QModelFixer handleEpisode
INFO: EPISODE 11, STEP 0, Fixing error 50: A containment or bidirectional reference must be unique if its upper bound is different from 1
mai 06, 2020 9:27:31 A.M. hvl.projectparmorel.qlearning.QModelFixer chooseAction
INFO: Choosing optimal action
mai 06, 2020 9:27:31 A.M. hvl.projectparmorel.qlearning.QModelFixer handleStep
INFO: Chose action setContainmentGen in context 0 with weight 0.0
mai 06, 2020 9:27:31 A.M. hvl.projectparmorel.qlearning.QModelFixer handleStep
INFO: Next error code: 50
mai 06, 2020 9:27:31 A.M. hvl.projectparmorel.qlearning.QModelFixer handleStep
INFO: Calculating new Q-value:
Old Q-value: 0.0
Alpha: 1.0
Gamma: 1.0
Reward: -2
Next optimal action Q-value: 0.0
0.0 + 1.0 * (-2 + 1.0 * 0.0 - 0.0) = -2.0
mai 06, 2020 9:27:31 A.M. hvl.projectparmorel.qlearning.QModelFixer handleStep
INFO: Updated Q-table for error 50, context 0, action 1062131977 setContainmentGen to new weight -2.0


mai 06, 2020 9:27:31 A.M. hvl.projectparmorel.qlearning.QModelFixer handleEpisode
INFO: EPISODE 11, STEP 1, Fixing error 50: A containment or bidirectional reference must be unique if its upper bound is different from 1
mai 06, 2020 9:27:31 A.M. hvl.projectparmorel.qlearning.QModelFixer chooseAction
INFO: Choosing random action.
mai 06, 2020 9:27:31 A.M. hvl.projectparmorel.qlearning.QModelFixer handleStep
INFO: Chose action delete in context 0 with weight 0.0
mai 06, 2020 9:27:31 A.M. hvl.projectparmorel.qlearning.QModelFixer updateQTable
INFO: Calculating new Q-value:
Old Q-value: 0.0
Alpha: 1.0
Gamma:1.0

Reward: -2
0.0 + 1.0 * (-2 + 1.0 - 0.0) = -1.0
mai 06, 2020 9:27:31 A.M. hvl.projectparmorel.qlearning.QModelFixer updateQTable
INFO: Updated Q-table for error 50, context 0, action 99999 to new weight -1.0
mai 06, 2020 9:27:31 A.M. hvl.projectparmorel.ecore.EcoreSolution calculateDistanceFromOriginal
INFO: Calculated the distance between the models to 98.0
mai 06, 2020 9:27:31 A.M. hvl.projectparmorel.reward.PreferCloseDinstanceToOriginalPreference rewardcalculateRewardFor
INFO: Time to measure distance: 31 ms
mai 06, 2020 9:27:31 A.M. hvl.projectparmorel.qlearning.QModelFixer updateQTable
INFO: Calculating new Q-value:
Old Q-value: -2.0
Alpha: 1.0
Gamma:1.0

Reward: 98
-2.0 + 1.0 * (98 + 1.0 - -2.0) = 99.0
mai 06, 2020 9:27:31 A.M. hvl.projectparmorel.qlearning.QModelFixer updateQTable
INFO: Updated Q-table for error 50, context 0, action 1062131977 to new weight 99.0
mai 06, 2020 9:27:31 A.M. hvl.projectparmorel.qlearning.QModelFixer updateQTable
INFO: Calculating new Q-value:
Old Q-value: -1.0
Alpha: 1.0
Gamma:1.0

Reward: 98
-1.0 + 1.0 * (98 + 1.0 - -1.0) = 99.0
mai 06, 2020 9:27:31 A.M. hvl.projectparmorel.qlearning.QModelFixer updateQTable
INFO: Updated Q-table for error 50, context 0, action 99999 to new weight 99.0
mai 06, 2020 9:27:33 A.M. hvl.projectparmorel.reward.PreferReuse rewardcalculateRewardFor
INFO: Time to get metric: 2069 ms
mai 06, 2020 9:27:33 A.M. hvl.projectparmorel.qlearning.QModelFixer isUnique
INFO: Solution [ErrorAction [Error: 50 A containment or bidirectional reference must be unique if its upper bound is different from 1, Action: setContainmentGen, Error hierarchy: 0]
, ErrorAction [Error: 50 A containment or bidirectional reference must be unique if its upper bound is different from 1, Action: delete, Error hierarchy: 0]
] already exists.
mai 06, 2020 9:27:33 A.M. hvl.projectparmorel.qlearning.QModelFixer fixModel
INFO: Solution discarded.
mai 06, 2020 9:27:33 A.M. hvl.projectparmorel.qlearning.QModelFixer fixModel
INFO: EPISODE 11 TOTAL REWARD 192.0



mai 06, 2020 9:27:33 A.M. hvl.projectparmorel.qlearning.QModelFixer handleEpisode
INFO: EPISODE 12, STEP 0, Fixing error 50: A containment or bidirectional reference must be unique if its upper bound is different from 1
mai 06, 2020 9:27:33 A.M. hvl.projectparmorel.qlearning.QModelFixer chooseAction
INFO: Choosing optimal action
mai 06, 2020 9:27:33 A.M. hvl.projectparmorel.qlearning.QModelFixer handleStep
INFO: Chose action setContainmentGen in context 0 with weight 0.0
mai 06, 2020 9:27:33 A.M. hvl.projectparmorel.qlearning.QModelFixer handleStep
INFO: Next error code: 50
mai 06, 2020 9:27:33 A.M. hvl.projectparmorel.qlearning.QModelFixer handleStep
INFO: Calculating new Q-value:
Old Q-value: 0.0
Alpha: 1.0
Gamma: 1.0
Reward: -2
Next optimal action Q-value: 0.0
0.0 + 1.0 * (-2 + 1.0 * 0.0 - 0.0) = -2.0
mai 06, 2020 9:27:33 A.M. hvl.projectparmorel.qlearning.QModelFixer handleStep
INFO: Updated Q-table for error 50, context 0, action 1062131977 setContainmentGen to new weight -2.0


mai 06, 2020 9:27:33 A.M. hvl.projectparmorel.qlearning.QModelFixer handleEpisode
INFO: EPISODE 12, STEP 1, Fixing error 50: A containment or bidirectional reference must be unique if its upper bound is different from 1
mai 06, 2020 9:27:33 A.M. hvl.projectparmorel.qlearning.QModelFixer chooseAction
INFO: Choosing optimal action
mai 06, 2020 9:27:33 A.M. hvl.projectparmorel.qlearning.QModelFixer handleStep
INFO: Chose action setUpperBound in context 0 with weight 0.0
mai 06, 2020 9:27:33 A.M. hvl.projectparmorel.qlearning.QModelFixer updateQTable
INFO: Calculating new Q-value:
Old Q-value: 0.0
Alpha: 1.0
Gamma:1.0

Reward: -2
0.0 + 1.0 * (-2 + 1.0 - 0.0) = -1.0
mai 06, 2020 9:27:33 A.M. hvl.projectparmorel.qlearning.QModelFixer updateQTable
INFO: Updated Q-table for error 50, context 0, action -969028598 to new weight -1.0
mai 06, 2020 9:27:33 A.M. hvl.projectparmorel.ecore.EcoreSolution calculateDistanceFromOriginal
INFO: Calculated the distance between the models to 98.0
mai 06, 2020 9:27:33 A.M. hvl.projectparmorel.reward.PreferCloseDinstanceToOriginalPreference rewardcalculateRewardFor
INFO: Time to measure distance: 32 ms
mai 06, 2020 9:27:33 A.M. hvl.projectparmorel.qlearning.QModelFixer updateQTable
INFO: Calculating new Q-value:
Old Q-value: -2.0
Alpha: 1.0
Gamma:1.0

Reward: 98
-2.0 + 1.0 * (98 + 1.0 - -2.0) = 99.0
mai 06, 2020 9:27:33 A.M. hvl.projectparmorel.qlearning.QModelFixer updateQTable
INFO: Updated Q-table for error 50, context 0, action 1062131977 to new weight 99.0
mai 06, 2020 9:27:33 A.M. hvl.projectparmorel.qlearning.QModelFixer updateQTable
INFO: Calculating new Q-value:
Old Q-value: -1.0
Alpha: 1.0
Gamma:1.0

Reward: 98
-1.0 + 1.0 * (98 + 1.0 - -1.0) = 99.0
mai 06, 2020 9:27:33 A.M. hvl.projectparmorel.qlearning.QModelFixer updateQTable
INFO: Updated Q-table for error 50, context 0, action -969028598 to new weight 99.0
mai 06, 2020 9:27:35 A.M. hvl.projectparmorel.reward.PreferReuse rewardcalculateRewardFor
INFO: Time to get metric: 2139 ms
mai 06, 2020 9:27:35 A.M. hvl.projectparmorel.qlearning.QModelFixer isUnique
INFO: Solution [ErrorAction [Error: 50 A containment or bidirectional reference must be unique if its upper bound is different from 1, Action: setContainmentGen, Error hierarchy: 0]
, ErrorAction [Error: 50 A containment or bidirectional reference must be unique if its upper bound is different from 1, Action: setUpperBound, Error hierarchy: 0]
] already exists.
mai 06, 2020 9:27:35 A.M. hvl.projectparmorel.qlearning.QModelFixer fixModel
INFO: Solution discarded.
mai 06, 2020 9:27:35 A.M. hvl.projectparmorel.qlearning.QModelFixer fixModel
INFO: EPISODE 12 TOTAL REWARD 192.0



mai 06, 2020 9:27:35 A.M. hvl.projectparmorel.qlearning.QModelFixer handleEpisode
INFO: EPISODE 13, STEP 0, Fixing error 50: A containment or bidirectional reference must be unique if its upper bound is different from 1
mai 06, 2020 9:27:35 A.M. hvl.projectparmorel.qlearning.QModelFixer chooseAction
INFO: Choosing random action.
mai 06, 2020 9:27:35 A.M. hvl.projectparmorel.qlearning.QModelFixer handleStep
INFO: Chose action setContainment in context 0 with weight 0.0
mai 06, 2020 9:27:35 A.M. hvl.projectparmorel.qlearning.QModelFixer handleStep
INFO: Next error code: 50
mai 06, 2020 9:27:35 A.M. hvl.projectparmorel.qlearning.QModelFixer handleStep
INFO: Calculating new Q-value:
Old Q-value: 0.0
Alpha: 1.0
Gamma: 1.0
Reward: -2
Next optimal action Q-value: 0.0
0.0 + 1.0 * (-2 + 1.0 * 0.0 - 0.0) = -2.0
mai 06, 2020 9:27:35 A.M. hvl.projectparmorel.qlearning.QModelFixer handleStep
INFO: Updated Q-table for error 50, context 0, action 951444921 setContainment to new weight -2.0


mai 06, 2020 9:27:35 A.M. hvl.projectparmorel.qlearning.QModelFixer handleEpisode
INFO: EPISODE 13, STEP 1, Fixing error 50: A containment or bidirectional reference must be unique if its upper bound is different from 1
mai 06, 2020 9:27:35 A.M. hvl.projectparmorel.qlearning.QModelFixer chooseAction
INFO: Choosing optimal action
mai 06, 2020 9:27:35 A.M. hvl.projectparmorel.qlearning.QModelFixer handleStep
INFO: Chose action setContainmentGen in context 0 with weight 0.0
mai 06, 2020 9:27:35 A.M. hvl.projectparmorel.qlearning.QModelFixer updateQTable
INFO: Calculating new Q-value:
Old Q-value: 0.0
Alpha: 1.0
Gamma:1.0

Reward: -2
0.0 + 1.0 * (-2 + 1.0 - 0.0) = -1.0
mai 06, 2020 9:27:35 A.M. hvl.projectparmorel.qlearning.QModelFixer updateQTable
INFO: Updated Q-table for error 50, context 0, action 1062131977 to new weight -1.0
mai 06, 2020 9:27:35 A.M. hvl.projectparmorel.ecore.EcoreSolution calculateDistanceFromOriginal
INFO: Calculated the distance between the models to 100.0
mai 06, 2020 9:27:35 A.M. hvl.projectparmorel.reward.PreferCloseDinstanceToOriginalPreference rewardcalculateRewardFor
INFO: Time to measure distance: 32 ms
mai 06, 2020 9:27:35 A.M. hvl.projectparmorel.qlearning.QModelFixer updateQTable
INFO: Calculating new Q-value:
Old Q-value: -2.0
Alpha: 1.0
Gamma:1.0

Reward: 100
-2.0 + 1.0 * (100 + 1.0 - -2.0) = 101.0
mai 06, 2020 9:27:35 A.M. hvl.projectparmorel.qlearning.QModelFixer updateQTable
INFO: Updated Q-table for error 50, context 0, action 951444921 to new weight 101.0
mai 06, 2020 9:27:35 A.M. hvl.projectparmorel.qlearning.QModelFixer updateQTable
INFO: Calculating new Q-value:
Old Q-value: -1.0
Alpha: 1.0
Gamma:1.0

Reward: 100
-1.0 + 1.0 * (100 + 1.0 - -1.0) = 101.0
mai 06, 2020 9:27:35 A.M. hvl.projectparmorel.qlearning.QModelFixer updateQTable
INFO: Updated Q-table for error 50, context 0, action 1062131977 to new weight 101.0
mai 06, 2020 9:27:37 A.M. hvl.projectparmorel.reward.PreferReuse rewardcalculateRewardFor
INFO: Time to get metric: 2131 ms
mai 06, 2020 9:27:37 A.M. hvl.projectparmorel.qlearning.QModelFixer fixModel
INFO: Solution added to possible solitons: [ErrorAction [Error: 50 A containment or bidirectional reference must be unique if its upper bound is different from 1, Action: setContainment, Error hierarchy: 0]
, ErrorAction [Error: 50 A containment or bidirectional reference must be unique if its upper bound is different from 1, Action: setContainmentGen, Error hierarchy: 0]
]
mai 06, 2020 9:27:37 A.M. hvl.projectparmorel.qlearning.QModelFixer fixModel
INFO: EPISODE 13 TOTAL REWARD 196.0



mai 06, 2020 9:27:37 A.M. hvl.projectparmorel.qlearning.QModelFixer handleEpisode
INFO: EPISODE 14, STEP 0, Fixing error 50: A containment or bidirectional reference must be unique if its upper bound is different from 1
mai 06, 2020 9:27:37 A.M. hvl.projectparmorel.qlearning.QModelFixer chooseAction
INFO: Choosing random action.
mai 06, 2020 9:27:37 A.M. hvl.projectparmorel.qlearning.QModelFixer handleStep
INFO: Chose action setContainment in context 0 with weight 0.0
mai 06, 2020 9:27:37 A.M. hvl.projectparmorel.qlearning.QModelFixer handleStep
INFO: Next error code: 50
mai 06, 2020 9:27:37 A.M. hvl.projectparmorel.qlearning.QModelFixer handleStep
INFO: Calculating new Q-value:
Old Q-value: 0.0
Alpha: 1.0
Gamma: 1.0
Reward: -2
Next optimal action Q-value: 0.0
0.0 + 1.0 * (-2 + 1.0 * 0.0 - 0.0) = -2.0
mai 06, 2020 9:27:37 A.M. hvl.projectparmorel.qlearning.QModelFixer handleStep
INFO: Updated Q-table for error 50, context 0, action 951444921 setContainment to new weight -2.0


mai 06, 2020 9:27:37 A.M. hvl.projectparmorel.qlearning.QModelFixer handleEpisode
INFO: EPISODE 14, STEP 1, Fixing error 50: A containment or bidirectional reference must be unique if its upper bound is different from 1
mai 06, 2020 9:27:37 A.M. hvl.projectparmorel.qlearning.QModelFixer chooseAction
INFO: Choosing optimal action
mai 06, 2020 9:27:37 A.M. hvl.projectparmorel.qlearning.QModelFixer handleStep
INFO: Chose action setContainmentGen in context 0 with weight 0.0
mai 06, 2020 9:27:37 A.M. hvl.projectparmorel.qlearning.QModelFixer updateQTable
INFO: Calculating new Q-value:
Old Q-value: 0.0
Alpha: 1.0
Gamma:1.0

Reward: -2
0.0 + 1.0 * (-2 + 1.0 - 0.0) = -1.0
mai 06, 2020 9:27:37 A.M. hvl.projectparmorel.qlearning.QModelFixer updateQTable
INFO: Updated Q-table for error 50, context 0, action 1062131977 to new weight -1.0
mai 06, 2020 9:27:37 A.M. hvl.projectparmorel.ecore.EcoreSolution calculateDistanceFromOriginal
INFO: Calculated the distance between the models to 100.0
mai 06, 2020 9:27:37 A.M. hvl.projectparmorel.reward.PreferCloseDinstanceToOriginalPreference rewardcalculateRewardFor
INFO: Time to measure distance: 31 ms
mai 06, 2020 9:27:37 A.M. hvl.projectparmorel.qlearning.QModelFixer updateQTable
INFO: Calculating new Q-value:
Old Q-value: -2.0
Alpha: 1.0
Gamma:1.0

Reward: 100
-2.0 + 1.0 * (100 + 1.0 - -2.0) = 101.0
mai 06, 2020 9:27:37 A.M. hvl.projectparmorel.qlearning.QModelFixer updateQTable
INFO: Updated Q-table for error 50, context 0, action 951444921 to new weight 101.0
mai 06, 2020 9:27:37 A.M. hvl.projectparmorel.qlearning.QModelFixer updateQTable
INFO: Calculating new Q-value:
Old Q-value: -1.0
Alpha: 1.0
Gamma:1.0

Reward: 100
-1.0 + 1.0 * (100 + 1.0 - -1.0) = 101.0
mai 06, 2020 9:27:37 A.M. hvl.projectparmorel.qlearning.QModelFixer updateQTable
INFO: Updated Q-table for error 50, context 0, action 1062131977 to new weight 101.0
mai 06, 2020 9:27:40 A.M. hvl.projectparmorel.reward.PreferReuse rewardcalculateRewardFor
INFO: Time to get metric: 2208 ms
mai 06, 2020 9:27:40 A.M. hvl.projectparmorel.qlearning.QModelFixer isUnique
INFO: Solution [ErrorAction [Error: 50 A containment or bidirectional reference must be unique if its upper bound is different from 1, Action: setContainment, Error hierarchy: 0]
, ErrorAction [Error: 50 A containment or bidirectional reference must be unique if its upper bound is different from 1, Action: setContainmentGen, Error hierarchy: 0]
] already exists.
mai 06, 2020 9:27:40 A.M. hvl.projectparmorel.qlearning.QModelFixer fixModel
INFO: Solution discarded.
mai 06, 2020 9:27:40 A.M. hvl.projectparmorel.qlearning.QModelFixer fixModel
INFO: EPISODE 14 TOTAL REWARD 196.0



mai 06, 2020 9:27:40 A.M. hvl.projectparmorel.qlearning.QModelFixer handleEpisode
INFO: EPISODE 15, STEP 0, Fixing error 50: A containment or bidirectional reference must be unique if its upper bound is different from 1
mai 06, 2020 9:27:40 A.M. hvl.projectparmorel.qlearning.QModelFixer chooseAction
INFO: Choosing optimal action
mai 06, 2020 9:27:40 A.M. hvl.projectparmorel.qlearning.QModelFixer handleStep
INFO: Chose action setContainmentGen in context 0 with weight 0.0
mai 06, 2020 9:27:40 A.M. hvl.projectparmorel.qlearning.QModelFixer handleStep
INFO: Next error code: 50
mai 06, 2020 9:27:40 A.M. hvl.projectparmorel.qlearning.QModelFixer handleStep
INFO: Calculating new Q-value:
Old Q-value: 0.0
Alpha: 1.0
Gamma: 1.0
Reward: -2
Next optimal action Q-value: 0.0
0.0 + 1.0 * (-2 + 1.0 * 0.0 - 0.0) = -2.0
mai 06, 2020 9:27:40 A.M. hvl.projectparmorel.qlearning.QModelFixer handleStep
INFO: Updated Q-table for error 50, context 0, action 1062131977 setContainmentGen to new weight -2.0


mai 06, 2020 9:27:40 A.M. hvl.projectparmorel.qlearning.QModelFixer handleEpisode
INFO: EPISODE 15, STEP 1, Fixing error 50: A containment or bidirectional reference must be unique if its upper bound is different from 1
mai 06, 2020 9:27:40 A.M. hvl.projectparmorel.qlearning.QModelFixer chooseAction
INFO: Choosing optimal action
mai 06, 2020 9:27:40 A.M. hvl.projectparmorel.qlearning.QModelFixer handleStep
INFO: Chose action setUpperBound in context 0 with weight 0.0
mai 06, 2020 9:27:40 A.M. hvl.projectparmorel.qlearning.QModelFixer updateQTable
INFO: Calculating new Q-value:
Old Q-value: 0.0
Alpha: 1.0
Gamma:1.0

Reward: -2
0.0 + 1.0 * (-2 + 1.0 - 0.0) = -1.0
mai 06, 2020 9:27:40 A.M. hvl.projectparmorel.qlearning.QModelFixer updateQTable
INFO: Updated Q-table for error 50, context 0, action -969028598 to new weight -1.0
mai 06, 2020 9:27:40 A.M. hvl.projectparmorel.ecore.EcoreSolution calculateDistanceFromOriginal
INFO: Calculated the distance between the models to 98.0
mai 06, 2020 9:27:40 A.M. hvl.projectparmorel.reward.PreferCloseDinstanceToOriginalPreference rewardcalculateRewardFor
INFO: Time to measure distance: 31 ms
mai 06, 2020 9:27:40 A.M. hvl.projectparmorel.qlearning.QModelFixer updateQTable
INFO: Calculating new Q-value:
Old Q-value: -2.0
Alpha: 1.0
Gamma:1.0

Reward: 98
-2.0 + 1.0 * (98 + 1.0 - -2.0) = 99.0
mai 06, 2020 9:27:40 A.M. hvl.projectparmorel.qlearning.QModelFixer updateQTable
INFO: Updated Q-table for error 50, context 0, action 1062131977 to new weight 99.0
mai 06, 2020 9:27:40 A.M. hvl.projectparmorel.qlearning.QModelFixer updateQTable
INFO: Calculating new Q-value:
Old Q-value: -1.0
Alpha: 1.0
Gamma:1.0

Reward: 98
-1.0 + 1.0 * (98 + 1.0 - -1.0) = 99.0
mai 06, 2020 9:27:40 A.M. hvl.projectparmorel.qlearning.QModelFixer updateQTable
INFO: Updated Q-table for error 50, context 0, action -969028598 to new weight 99.0
mai 06, 2020 9:27:42 A.M. hvl.projectparmorel.reward.PreferReuse rewardcalculateRewardFor
INFO: Time to get metric: 2181 ms
mai 06, 2020 9:27:42 A.M. hvl.projectparmorel.qlearning.QModelFixer isUnique
INFO: Solution [ErrorAction [Error: 50 A containment or bidirectional reference must be unique if its upper bound is different from 1, Action: setContainmentGen, Error hierarchy: 0]
, ErrorAction [Error: 50 A containment or bidirectional reference must be unique if its upper bound is different from 1, Action: setUpperBound, Error hierarchy: 0]
] already exists.
mai 06, 2020 9:27:42 A.M. hvl.projectparmorel.qlearning.QModelFixer fixModel
INFO: Solution discarded.
mai 06, 2020 9:27:42 A.M. hvl.projectparmorel.qlearning.QModelFixer fixModel
INFO: EPISODE 15 TOTAL REWARD 192.0



mai 06, 2020 9:27:42 A.M. hvl.projectparmorel.qlearning.QModelFixer handleEpisode
INFO: EPISODE 16, STEP 0, Fixing error 50: A containment or bidirectional reference must be unique if its upper bound is different from 1
mai 06, 2020 9:27:42 A.M. hvl.projectparmorel.qlearning.QModelFixer chooseAction
INFO: Choosing random action.
mai 06, 2020 9:27:42 A.M. hvl.projectparmorel.qlearning.QModelFixer handleStep
INFO: Chose action setContainmentGen in context 0 with weight 0.0
mai 06, 2020 9:27:42 A.M. hvl.projectparmorel.qlearning.QModelFixer handleStep
INFO: Next error code: 50
mai 06, 2020 9:27:42 A.M. hvl.projectparmorel.qlearning.QModelFixer handleStep
INFO: Calculating new Q-value:
Old Q-value: 0.0
Alpha: 1.0
Gamma: 1.0
Reward: -2
Next optimal action Q-value: 0.0
0.0 + 1.0 * (-2 + 1.0 * 0.0 - 0.0) = -2.0
mai 06, 2020 9:27:42 A.M. hvl.projectparmorel.qlearning.QModelFixer handleStep
INFO: Updated Q-table for error 50, context 0, action 1062131977 setContainmentGen to new weight -2.0


mai 06, 2020 9:27:42 A.M. hvl.projectparmorel.qlearning.QModelFixer handleEpisode
INFO: EPISODE 16, STEP 1, Fixing error 50: A containment or bidirectional reference must be unique if its upper bound is different from 1
mai 06, 2020 9:27:42 A.M. hvl.projectparmorel.qlearning.QModelFixer chooseAction
INFO: Choosing optimal action
mai 06, 2020 9:27:42 A.M. hvl.projectparmorel.qlearning.QModelFixer handleStep
INFO: Chose action setUpperBound in context 0 with weight 0.0
mai 06, 2020 9:27:42 A.M. hvl.projectparmorel.qlearning.QModelFixer updateQTable
INFO: Calculating new Q-value:
Old Q-value: 0.0
Alpha: 1.0
Gamma:1.0

Reward: -2
0.0 + 1.0 * (-2 + 1.0 - 0.0) = -1.0
mai 06, 2020 9:27:42 A.M. hvl.projectparmorel.qlearning.QModelFixer updateQTable
INFO: Updated Q-table for error 50, context 0, action -969028598 to new weight -1.0
mai 06, 2020 9:27:42 A.M. hvl.projectparmorel.ecore.EcoreSolution calculateDistanceFromOriginal
INFO: Calculated the distance between the models to 98.0
mai 06, 2020 9:27:42 A.M. hvl.projectparmorel.reward.PreferCloseDinstanceToOriginalPreference rewardcalculateRewardFor
INFO: Time to measure distance: 33 ms
mai 06, 2020 9:27:42 A.M. hvl.projectparmorel.qlearning.QModelFixer updateQTable
INFO: Calculating new Q-value:
Old Q-value: -2.0
Alpha: 1.0
Gamma:1.0

Reward: 98
-2.0 + 1.0 * (98 + 1.0 - -2.0) = 99.0
mai 06, 2020 9:27:42 A.M. hvl.projectparmorel.qlearning.QModelFixer updateQTable
INFO: Updated Q-table for error 50, context 0, action 1062131977 to new weight 99.0
mai 06, 2020 9:27:42 A.M. hvl.projectparmorel.qlearning.QModelFixer updateQTable
INFO: Calculating new Q-value:
Old Q-value: -1.0
Alpha: 1.0
Gamma:1.0

Reward: 98
-1.0 + 1.0 * (98 + 1.0 - -1.0) = 99.0
mai 06, 2020 9:27:42 A.M. hvl.projectparmorel.qlearning.QModelFixer updateQTable
INFO: Updated Q-table for error 50, context 0, action -969028598 to new weight 99.0
mai 06, 2020 9:27:44 A.M. hvl.projectparmorel.reward.PreferReuse rewardcalculateRewardFor
INFO: Time to get metric: 2167 ms
mai 06, 2020 9:27:44 A.M. hvl.projectparmorel.qlearning.QModelFixer isUnique
INFO: Solution [ErrorAction [Error: 50 A containment or bidirectional reference must be unique if its upper bound is different from 1, Action: setContainmentGen, Error hierarchy: 0]
, ErrorAction [Error: 50 A containment or bidirectional reference must be unique if its upper bound is different from 1, Action: setUpperBound, Error hierarchy: 0]
] already exists.
mai 06, 2020 9:27:44 A.M. hvl.projectparmorel.qlearning.QModelFixer fixModel
INFO: Solution discarded.
mai 06, 2020 9:27:44 A.M. hvl.projectparmorel.qlearning.QModelFixer fixModel
INFO: EPISODE 16 TOTAL REWARD 192.0



mai 06, 2020 9:27:44 A.M. hvl.projectparmorel.qlearning.QModelFixer handleEpisode
INFO: EPISODE 17, STEP 0, Fixing error 50: A containment or bidirectional reference must be unique if its upper bound is different from 1
mai 06, 2020 9:27:44 A.M. hvl.projectparmorel.qlearning.QModelFixer chooseAction
INFO: Choosing optimal action
mai 06, 2020 9:27:44 A.M. hvl.projectparmorel.qlearning.QModelFixer handleStep
INFO: Chose action setContainmentGen in context 0 with weight 0.0
mai 06, 2020 9:27:44 A.M. hvl.projectparmorel.qlearning.QModelFixer handleStep
INFO: Next error code: 50
mai 06, 2020 9:27:44 A.M. hvl.projectparmorel.qlearning.QModelFixer handleStep
INFO: Calculating new Q-value:
Old Q-value: 0.0
Alpha: 1.0
Gamma: 1.0
Reward: -2
Next optimal action Q-value: 0.0
0.0 + 1.0 * (-2 + 1.0 * 0.0 - 0.0) = -2.0
mai 06, 2020 9:27:44 A.M. hvl.projectparmorel.qlearning.QModelFixer handleStep
INFO: Updated Q-table for error 50, context 0, action 1062131977 setContainmentGen to new weight -2.0


mai 06, 2020 9:27:44 A.M. hvl.projectparmorel.qlearning.QModelFixer handleEpisode
INFO: EPISODE 17, STEP 1, Fixing error 50: A containment or bidirectional reference must be unique if its upper bound is different from 1
mai 06, 2020 9:27:44 A.M. hvl.projectparmorel.qlearning.QModelFixer chooseAction
INFO: Choosing optimal action
mai 06, 2020 9:27:44 A.M. hvl.projectparmorel.qlearning.QModelFixer handleStep
INFO: Chose action setUpperBound in context 0 with weight 0.0
mai 06, 2020 9:27:44 A.M. hvl.projectparmorel.qlearning.QModelFixer updateQTable
INFO: Calculating new Q-value:
Old Q-value: 0.0
Alpha: 1.0
Gamma:1.0

Reward: -2
0.0 + 1.0 * (-2 + 1.0 - 0.0) = -1.0
mai 06, 2020 9:27:44 A.M. hvl.projectparmorel.qlearning.QModelFixer updateQTable
INFO: Updated Q-table for error 50, context 0, action -969028598 to new weight -1.0
mai 06, 2020 9:27:44 A.M. hvl.projectparmorel.ecore.EcoreSolution calculateDistanceFromOriginal
INFO: Calculated the distance between the models to 98.0
mai 06, 2020 9:27:44 A.M. hvl.projectparmorel.reward.PreferCloseDinstanceToOriginalPreference rewardcalculateRewardFor
INFO: Time to measure distance: 32 ms
mai 06, 2020 9:27:44 A.M. hvl.projectparmorel.qlearning.QModelFixer updateQTable
INFO: Calculating new Q-value:
Old Q-value: -2.0
Alpha: 1.0
Gamma:1.0

Reward: 98
-2.0 + 1.0 * (98 + 1.0 - -2.0) = 99.0
mai 06, 2020 9:27:44 A.M. hvl.projectparmorel.qlearning.QModelFixer updateQTable
INFO: Updated Q-table for error 50, context 0, action 1062131977 to new weight 99.0
mai 06, 2020 9:27:44 A.M. hvl.projectparmorel.qlearning.QModelFixer updateQTable
INFO: Calculating new Q-value:
Old Q-value: -1.0
Alpha: 1.0
Gamma:1.0

Reward: 98
-1.0 + 1.0 * (98 + 1.0 - -1.0) = 99.0
mai 06, 2020 9:27:44 A.M. hvl.projectparmorel.qlearning.QModelFixer updateQTable
INFO: Updated Q-table for error 50, context 0, action -969028598 to new weight 99.0
mai 06, 2020 9:27:46 A.M. hvl.projectparmorel.reward.PreferReuse rewardcalculateRewardFor
INFO: Time to get metric: 2100 ms
mai 06, 2020 9:27:46 A.M. hvl.projectparmorel.qlearning.QModelFixer isUnique
INFO: Solution [ErrorAction [Error: 50 A containment or bidirectional reference must be unique if its upper bound is different from 1, Action: setContainmentGen, Error hierarchy: 0]
, ErrorAction [Error: 50 A containment or bidirectional reference must be unique if its upper bound is different from 1, Action: setUpperBound, Error hierarchy: 0]
] already exists.
mai 06, 2020 9:27:46 A.M. hvl.projectparmorel.qlearning.QModelFixer fixModel
INFO: Solution discarded.
mai 06, 2020 9:27:46 A.M. hvl.projectparmorel.qlearning.QModelFixer fixModel
INFO: EPISODE 17 TOTAL REWARD 192.0



mai 06, 2020 9:27:46 A.M. hvl.projectparmorel.qlearning.QModelFixer handleEpisode
INFO: EPISODE 18, STEP 0, Fixing error 50: A containment or bidirectional reference must be unique if its upper bound is different from 1
mai 06, 2020 9:27:46 A.M. hvl.projectparmorel.qlearning.QModelFixer chooseAction
INFO: Choosing optimal action
mai 06, 2020 9:27:46 A.M. hvl.projectparmorel.qlearning.QModelFixer handleStep
INFO: Chose action setContainmentGen in context 0 with weight 0.0
mai 06, 2020 9:27:46 A.M. hvl.projectparmorel.qlearning.QModelFixer handleStep
INFO: Next error code: 50
mai 06, 2020 9:27:46 A.M. hvl.projectparmorel.qlearning.QModelFixer handleStep
INFO: Calculating new Q-value:
Old Q-value: 0.0
Alpha: 1.0
Gamma: 1.0
Reward: -2
Next optimal action Q-value: 0.0
0.0 + 1.0 * (-2 + 1.0 * 0.0 - 0.0) = -2.0
mai 06, 2020 9:27:46 A.M. hvl.projectparmorel.qlearning.QModelFixer handleStep
INFO: Updated Q-table for error 50, context 0, action 1062131977 setContainmentGen to new weight -2.0


mai 06, 2020 9:27:46 A.M. hvl.projectparmorel.qlearning.QModelFixer handleEpisode
INFO: EPISODE 18, STEP 1, Fixing error 50: A containment or bidirectional reference must be unique if its upper bound is different from 1
mai 06, 2020 9:27:46 A.M. hvl.projectparmorel.qlearning.QModelFixer chooseAction
INFO: Choosing optimal action
mai 06, 2020 9:27:46 A.M. hvl.projectparmorel.qlearning.QModelFixer handleStep
INFO: Chose action setUpperBound in context 0 with weight 0.0
mai 06, 2020 9:27:46 A.M. hvl.projectparmorel.qlearning.QModelFixer updateQTable
INFO: Calculating new Q-value:
Old Q-value: 0.0
Alpha: 1.0
Gamma:1.0

Reward: -2
0.0 + 1.0 * (-2 + 1.0 - 0.0) = -1.0
mai 06, 2020 9:27:46 A.M. hvl.projectparmorel.qlearning.QModelFixer updateQTable
INFO: Updated Q-table for error 50, context 0, action -969028598 to new weight -1.0
mai 06, 2020 9:27:46 A.M. hvl.projectparmorel.ecore.EcoreSolution calculateDistanceFromOriginal
INFO: Calculated the distance between the models to 98.0
mai 06, 2020 9:27:46 A.M. hvl.projectparmorel.reward.PreferCloseDinstanceToOriginalPreference rewardcalculateRewardFor
INFO: Time to measure distance: 31 ms
mai 06, 2020 9:27:46 A.M. hvl.projectparmorel.qlearning.QModelFixer updateQTable
INFO: Calculating new Q-value:
Old Q-value: -2.0
Alpha: 1.0
Gamma:1.0

Reward: 98
-2.0 + 1.0 * (98 + 1.0 - -2.0) = 99.0
mai 06, 2020 9:27:46 A.M. hvl.projectparmorel.qlearning.QModelFixer updateQTable
INFO: Updated Q-table for error 50, context 0, action 1062131977 to new weight 99.0
mai 06, 2020 9:27:46 A.M. hvl.projectparmorel.qlearning.QModelFixer updateQTable
INFO: Calculating new Q-value:
Old Q-value: -1.0
Alpha: 1.0
Gamma:1.0

Reward: 98
-1.0 + 1.0 * (98 + 1.0 - -1.0) = 99.0
mai 06, 2020 9:27:46 A.M. hvl.projectparmorel.qlearning.QModelFixer updateQTable
INFO: Updated Q-table for error 50, context 0, action -969028598 to new weight 99.0
mai 06, 2020 9:27:48 A.M. hvl.projectparmorel.reward.PreferReuse rewardcalculateRewardFor
INFO: Time to get metric: 2206 ms
mai 06, 2020 9:27:48 A.M. hvl.projectparmorel.qlearning.QModelFixer isUnique
INFO: Solution [ErrorAction [Error: 50 A containment or bidirectional reference must be unique if its upper bound is different from 1, Action: setContainmentGen, Error hierarchy: 0]
, ErrorAction [Error: 50 A containment or bidirectional reference must be unique if its upper bound is different from 1, Action: setUpperBound, Error hierarchy: 0]
] already exists.
mai 06, 2020 9:27:48 A.M. hvl.projectparmorel.qlearning.QModelFixer fixModel
INFO: Solution discarded.
mai 06, 2020 9:27:48 A.M. hvl.projectparmorel.qlearning.QModelFixer fixModel
INFO: EPISODE 18 TOTAL REWARD 192.0



mai 06, 2020 9:27:48 A.M. hvl.projectparmorel.qlearning.QModelFixer handleEpisode
INFO: EPISODE 19, STEP 0, Fixing error 50: A containment or bidirectional reference must be unique if its upper bound is different from 1
mai 06, 2020 9:27:48 A.M. hvl.projectparmorel.qlearning.QModelFixer chooseAction
INFO: Choosing optimal action
mai 06, 2020 9:27:48 A.M. hvl.projectparmorel.qlearning.QModelFixer handleStep
INFO: Chose action setContainmentGen in context 0 with weight 0.0
mai 06, 2020 9:27:48 A.M. hvl.projectparmorel.qlearning.QModelFixer handleStep
INFO: Next error code: 50
mai 06, 2020 9:27:48 A.M. hvl.projectparmorel.qlearning.QModelFixer handleStep
INFO: Calculating new Q-value:
Old Q-value: 0.0
Alpha: 1.0
Gamma: 1.0
Reward: -2
Next optimal action Q-value: 0.0
0.0 + 1.0 * (-2 + 1.0 * 0.0 - 0.0) = -2.0
mai 06, 2020 9:27:48 A.M. hvl.projectparmorel.qlearning.QModelFixer handleStep
INFO: Updated Q-table for error 50, context 0, action 1062131977 setContainmentGen to new weight -2.0


mai 06, 2020 9:27:48 A.M. hvl.projectparmorel.qlearning.QModelFixer handleEpisode
INFO: EPISODE 19, STEP 1, Fixing error 50: A containment or bidirectional reference must be unique if its upper bound is different from 1
mai 06, 2020 9:27:48 A.M. hvl.projectparmorel.qlearning.QModelFixer chooseAction
INFO: Choosing random action.
mai 06, 2020 9:27:48 A.M. hvl.projectparmorel.qlearning.QModelFixer handleStep
INFO: Chose action setContainment in context 0 with weight 0.0
mai 06, 2020 9:27:48 A.M. hvl.projectparmorel.qlearning.QModelFixer updateQTable
INFO: Calculating new Q-value:
Old Q-value: 0.0
Alpha: 1.0
Gamma:1.0

Reward: -2
0.0 + 1.0 * (-2 + 1.0 - 0.0) = -1.0
mai 06, 2020 9:27:48 A.M. hvl.projectparmorel.qlearning.QModelFixer updateQTable
INFO: Updated Q-table for error 50, context 0, action 951444921 to new weight -1.0
mai 06, 2020 9:27:48 A.M. hvl.projectparmorel.ecore.EcoreSolution calculateDistanceFromOriginal
INFO: Calculated the distance between the models to 100.0
mai 06, 2020 9:27:48 A.M. hvl.projectparmorel.reward.PreferCloseDinstanceToOriginalPreference rewardcalculateRewardFor
INFO: Time to measure distance: 32 ms
mai 06, 2020 9:27:48 A.M. hvl.projectparmorel.qlearning.QModelFixer updateQTable
INFO: Calculating new Q-value:
Old Q-value: -2.0
Alpha: 1.0
Gamma:1.0

Reward: 100
-2.0 + 1.0 * (100 + 1.0 - -2.0) = 101.0
mai 06, 2020 9:27:48 A.M. hvl.projectparmorel.qlearning.QModelFixer updateQTable
INFO: Updated Q-table for error 50, context 0, action 1062131977 to new weight 101.0
mai 06, 2020 9:27:48 A.M. hvl.projectparmorel.qlearning.QModelFixer updateQTable
INFO: Calculating new Q-value:
Old Q-value: -1.0
Alpha: 1.0
Gamma:1.0

Reward: 100
-1.0 + 1.0 * (100 + 1.0 - -1.0) = 101.0
mai 06, 2020 9:27:48 A.M. hvl.projectparmorel.qlearning.QModelFixer updateQTable
INFO: Updated Q-table for error 50, context 0, action 951444921 to new weight 101.0
mai 06, 2020 9:27:51 A.M. hvl.projectparmorel.reward.PreferReuse rewardcalculateRewardFor
INFO: Time to get metric: 2117 ms
mai 06, 2020 9:27:51 A.M. hvl.projectparmorel.qlearning.QModelFixer fixModel
INFO: Solution added to possible solitons: [ErrorAction [Error: 50 A containment or bidirectional reference must be unique if its upper bound is different from 1, Action: setContainmentGen, Error hierarchy: 0]
, ErrorAction [Error: 50 A containment or bidirectional reference must be unique if its upper bound is different from 1, Action: setContainment, Error hierarchy: 0]
]
mai 06, 2020 9:27:51 A.M. hvl.projectparmorel.qlearning.QModelFixer fixModel
INFO: EPISODE 19 TOTAL REWARD 196.0



mai 06, 2020 9:27:51 A.M. hvl.projectparmorel.qlearning.QModelFixer handleEpisode
INFO: EPISODE 20, STEP 0, Fixing error 50: A containment or bidirectional reference must be unique if its upper bound is different from 1
mai 06, 2020 9:27:51 A.M. hvl.projectparmorel.qlearning.QModelFixer chooseAction
INFO: Choosing random action.
mai 06, 2020 9:27:51 A.M. hvl.projectparmorel.qlearning.QModelFixer handleStep
INFO: Chose action setContainmentGen in context 0 with weight 0.0
mai 06, 2020 9:27:51 A.M. hvl.projectparmorel.qlearning.QModelFixer handleStep
INFO: Next error code: 50
mai 06, 2020 9:27:51 A.M. hvl.projectparmorel.qlearning.QModelFixer handleStep
INFO: Calculating new Q-value:
Old Q-value: 0.0
Alpha: 1.0
Gamma: 1.0
Reward: -2
Next optimal action Q-value: 0.0
0.0 + 1.0 * (-2 + 1.0 * 0.0 - 0.0) = -2.0
mai 06, 2020 9:27:51 A.M. hvl.projectparmorel.qlearning.QModelFixer handleStep
INFO: Updated Q-table for error 50, context 0, action 1062131977 setContainmentGen to new weight -2.0


mai 06, 2020 9:27:51 A.M. hvl.projectparmorel.qlearning.QModelFixer handleEpisode
INFO: EPISODE 20, STEP 1, Fixing error 50: A containment or bidirectional reference must be unique if its upper bound is different from 1
mai 06, 2020 9:27:51 A.M. hvl.projectparmorel.qlearning.QModelFixer chooseAction
INFO: Choosing optimal action
mai 06, 2020 9:27:51 A.M. hvl.projectparmorel.qlearning.QModelFixer handleStep
INFO: Chose action setUpperBound in context 0 with weight 0.0
mai 06, 2020 9:27:51 A.M. hvl.projectparmorel.qlearning.QModelFixer updateQTable
INFO: Calculating new Q-value:
Old Q-value: 0.0
Alpha: 1.0
Gamma:1.0

Reward: -2
0.0 + 1.0 * (-2 + 1.0 - 0.0) = -1.0
mai 06, 2020 9:27:51 A.M. hvl.projectparmorel.qlearning.QModelFixer updateQTable
INFO: Updated Q-table for error 50, context 0, action -969028598 to new weight -1.0
mai 06, 2020 9:27:51 A.M. hvl.projectparmorel.ecore.EcoreSolution calculateDistanceFromOriginal
INFO: Calculated the distance between the models to 98.0
mai 06, 2020 9:27:51 A.M. hvl.projectparmorel.reward.PreferCloseDinstanceToOriginalPreference rewardcalculateRewardFor
INFO: Time to measure distance: 32 ms
mai 06, 2020 9:27:51 A.M. hvl.projectparmorel.qlearning.QModelFixer updateQTable
INFO: Calculating new Q-value:
Old Q-value: -2.0
Alpha: 1.0
Gamma:1.0

Reward: 98
-2.0 + 1.0 * (98 + 1.0 - -2.0) = 99.0
mai 06, 2020 9:27:51 A.M. hvl.projectparmorel.qlearning.QModelFixer updateQTable
INFO: Updated Q-table for error 50, context 0, action 1062131977 to new weight 99.0
mai 06, 2020 9:27:51 A.M. hvl.projectparmorel.qlearning.QModelFixer updateQTable
INFO: Calculating new Q-value:
Old Q-value: -1.0
Alpha: 1.0
Gamma:1.0

Reward: 98
-1.0 + 1.0 * (98 + 1.0 - -1.0) = 99.0
mai 06, 2020 9:27:51 A.M. hvl.projectparmorel.qlearning.QModelFixer updateQTable
INFO: Updated Q-table for error 50, context 0, action -969028598 to new weight 99.0
mai 06, 2020 9:27:53 A.M. hvl.projectparmorel.reward.PreferReuse rewardcalculateRewardFor
INFO: Time to get metric: 2166 ms
mai 06, 2020 9:27:53 A.M. hvl.projectparmorel.qlearning.QModelFixer isUnique
INFO: Solution [ErrorAction [Error: 50 A containment or bidirectional reference must be unique if its upper bound is different from 1, Action: setContainmentGen, Error hierarchy: 0]
, ErrorAction [Error: 50 A containment or bidirectional reference must be unique if its upper bound is different from 1, Action: setUpperBound, Error hierarchy: 0]
] already exists.
mai 06, 2020 9:27:53 A.M. hvl.projectparmorel.qlearning.QModelFixer fixModel
INFO: Solution discarded.
mai 06, 2020 9:27:53 A.M. hvl.projectparmorel.qlearning.QModelFixer fixModel
INFO: EPISODE 20 TOTAL REWARD 192.0



mai 06, 2020 9:27:53 A.M. hvl.projectparmorel.qlearning.QModelFixer handleEpisode
INFO: EPISODE 21, STEP 0, Fixing error 50: A containment or bidirectional reference must be unique if its upper bound is different from 1
mai 06, 2020 9:27:53 A.M. hvl.projectparmorel.qlearning.QModelFixer chooseAction
INFO: Choosing optimal action
mai 06, 2020 9:27:53 A.M. hvl.projectparmorel.qlearning.QModelFixer handleStep
INFO: Chose action setContainmentGen in context 0 with weight 0.0
mai 06, 2020 9:27:53 A.M. hvl.projectparmorel.qlearning.QModelFixer handleStep
INFO: Next error code: 50
mai 06, 2020 9:27:53 A.M. hvl.projectparmorel.qlearning.QModelFixer handleStep
INFO: Calculating new Q-value:
Old Q-value: 0.0
Alpha: 1.0
Gamma: 1.0
Reward: -2
Next optimal action Q-value: 0.0
0.0 + 1.0 * (-2 + 1.0 * 0.0 - 0.0) = -2.0
mai 06, 2020 9:27:53 A.M. hvl.projectparmorel.qlearning.QModelFixer handleStep
INFO: Updated Q-table for error 50, context 0, action 1062131977 setContainmentGen to new weight -2.0


mai 06, 2020 9:27:53 A.M. hvl.projectparmorel.qlearning.QModelFixer handleEpisode
INFO: EPISODE 21, STEP 1, Fixing error 50: A containment or bidirectional reference must be unique if its upper bound is different from 1
mai 06, 2020 9:27:53 A.M. hvl.projectparmorel.qlearning.QModelFixer chooseAction
INFO: Choosing optimal action
mai 06, 2020 9:27:53 A.M. hvl.projectparmorel.qlearning.QModelFixer handleStep
INFO: Chose action setUpperBound in context 0 with weight 0.0
mai 06, 2020 9:27:53 A.M. hvl.projectparmorel.qlearning.QModelFixer updateQTable
INFO: Calculating new Q-value:
Old Q-value: 0.0
Alpha: 1.0
Gamma:1.0

Reward: -2
0.0 + 1.0 * (-2 + 1.0 - 0.0) = -1.0
mai 06, 2020 9:27:53 A.M. hvl.projectparmorel.qlearning.QModelFixer updateQTable
INFO: Updated Q-table for error 50, context 0, action -969028598 to new weight -1.0
mai 06, 2020 9:27:53 A.M. hvl.projectparmorel.ecore.EcoreSolution calculateDistanceFromOriginal
INFO: Calculated the distance between the models to 98.0
mai 06, 2020 9:27:53 A.M. hvl.projectparmorel.reward.PreferCloseDinstanceToOriginalPreference rewardcalculateRewardFor
INFO: Time to measure distance: 31 ms
mai 06, 2020 9:27:53 A.M. hvl.projectparmorel.qlearning.QModelFixer updateQTable
INFO: Calculating new Q-value:
Old Q-value: -2.0
Alpha: 1.0
Gamma:1.0

Reward: 98
-2.0 + 1.0 * (98 + 1.0 - -2.0) = 99.0
mai 06, 2020 9:27:53 A.M. hvl.projectparmorel.qlearning.QModelFixer updateQTable
INFO: Updated Q-table for error 50, context 0, action 1062131977 to new weight 99.0
mai 06, 2020 9:27:53 A.M. hvl.projectparmorel.qlearning.QModelFixer updateQTable
INFO: Calculating new Q-value:
Old Q-value: -1.0
Alpha: 1.0
Gamma:1.0

Reward: 98
-1.0 + 1.0 * (98 + 1.0 - -1.0) = 99.0
mai 06, 2020 9:27:53 A.M. hvl.projectparmorel.qlearning.QModelFixer updateQTable
INFO: Updated Q-table for error 50, context 0, action -969028598 to new weight 99.0
mai 06, 2020 9:27:55 A.M. hvl.projectparmorel.reward.PreferReuse rewardcalculateRewardFor
INFO: Time to get metric: 2045 ms
mai 06, 2020 9:27:55 A.M. hvl.projectparmorel.qlearning.QModelFixer isUnique
INFO: Solution [ErrorAction [Error: 50 A containment or bidirectional reference must be unique if its upper bound is different from 1, Action: setContainmentGen, Error hierarchy: 0]
, ErrorAction [Error: 50 A containment or bidirectional reference must be unique if its upper bound is different from 1, Action: setUpperBound, Error hierarchy: 0]
] already exists.
mai 06, 2020 9:27:55 A.M. hvl.projectparmorel.qlearning.QModelFixer fixModel
INFO: Solution discarded.
mai 06, 2020 9:27:55 A.M. hvl.projectparmorel.qlearning.QModelFixer fixModel
INFO: EPISODE 21 TOTAL REWARD 192.0



mai 06, 2020 9:27:55 A.M. hvl.projectparmorel.qlearning.QModelFixer handleEpisode
INFO: EPISODE 22, STEP 0, Fixing error 50: A containment or bidirectional reference must be unique if its upper bound is different from 1
mai 06, 2020 9:27:55 A.M. hvl.projectparmorel.qlearning.QModelFixer chooseAction
INFO: Choosing optimal action
mai 06, 2020 9:27:55 A.M. hvl.projectparmorel.qlearning.QModelFixer handleStep
INFO: Chose action setContainmentGen in context 0 with weight 0.0
mai 06, 2020 9:27:55 A.M. hvl.projectparmorel.qlearning.QModelFixer handleStep
INFO: Next error code: 50
mai 06, 2020 9:27:55 A.M. hvl.projectparmorel.qlearning.QModelFixer handleStep
INFO: Calculating new Q-value:
Old Q-value: 0.0
Alpha: 1.0
Gamma: 1.0
Reward: -2
Next optimal action Q-value: 0.0
0.0 + 1.0 * (-2 + 1.0 * 0.0 - 0.0) = -2.0
mai 06, 2020 9:27:55 A.M. hvl.projectparmorel.qlearning.QModelFixer handleStep
INFO: Updated Q-table for error 50, context 0, action 1062131977 setContainmentGen to new weight -2.0


mai 06, 2020 9:27:55 A.M. hvl.projectparmorel.qlearning.QModelFixer handleEpisode
INFO: EPISODE 22, STEP 1, Fixing error 50: A containment or bidirectional reference must be unique if its upper bound is different from 1
mai 06, 2020 9:27:55 A.M. hvl.projectparmorel.qlearning.QModelFixer chooseAction
INFO: Choosing optimal action
mai 06, 2020 9:27:55 A.M. hvl.projectparmorel.qlearning.QModelFixer handleStep
INFO: Chose action setUpperBound in context 0 with weight 0.0
mai 06, 2020 9:27:55 A.M. hvl.projectparmorel.qlearning.QModelFixer updateQTable
INFO: Calculating new Q-value:
Old Q-value: 0.0
Alpha: 1.0
Gamma:1.0

Reward: -2
0.0 + 1.0 * (-2 + 1.0 - 0.0) = -1.0
mai 06, 2020 9:27:55 A.M. hvl.projectparmorel.qlearning.QModelFixer updateQTable
INFO: Updated Q-table for error 50, context 0, action -969028598 to new weight -1.0
mai 06, 2020 9:27:55 A.M. hvl.projectparmorel.ecore.EcoreSolution calculateDistanceFromOriginal
INFO: Calculated the distance between the models to 98.0
mai 06, 2020 9:27:55 A.M. hvl.projectparmorel.reward.PreferCloseDinstanceToOriginalPreference rewardcalculateRewardFor
INFO: Time to measure distance: 33 ms
mai 06, 2020 9:27:55 A.M. hvl.projectparmorel.qlearning.QModelFixer updateQTable
INFO: Calculating new Q-value:
Old Q-value: -2.0
Alpha: 1.0
Gamma:1.0

Reward: 98
-2.0 + 1.0 * (98 + 1.0 - -2.0) = 99.0
mai 06, 2020 9:27:55 A.M. hvl.projectparmorel.qlearning.QModelFixer updateQTable
INFO: Updated Q-table for error 50, context 0, action 1062131977 to new weight 99.0
mai 06, 2020 9:27:55 A.M. hvl.projectparmorel.qlearning.QModelFixer updateQTable
INFO: Calculating new Q-value:
Old Q-value: -1.0
Alpha: 1.0
Gamma:1.0

Reward: 98
-1.0 + 1.0 * (98 + 1.0 - -1.0) = 99.0
mai 06, 2020 9:27:55 A.M. hvl.projectparmorel.qlearning.QModelFixer updateQTable
INFO: Updated Q-table for error 50, context 0, action -969028598 to new weight 99.0
mai 06, 2020 9:27:57 A.M. hvl.projectparmorel.reward.PreferReuse rewardcalculateRewardFor
INFO: Time to get metric: 2141 ms
mai 06, 2020 9:27:57 A.M. hvl.projectparmorel.qlearning.QModelFixer isUnique
INFO: Solution [ErrorAction [Error: 50 A containment or bidirectional reference must be unique if its upper bound is different from 1, Action: setContainmentGen, Error hierarchy: 0]
, ErrorAction [Error: 50 A containment or bidirectional reference must be unique if its upper bound is different from 1, Action: setUpperBound, Error hierarchy: 0]
] already exists.
mai 06, 2020 9:27:57 A.M. hvl.projectparmorel.qlearning.QModelFixer fixModel
INFO: Solution discarded.
mai 06, 2020 9:27:57 A.M. hvl.projectparmorel.qlearning.QModelFixer fixModel
INFO: EPISODE 22 TOTAL REWARD 192.0



mai 06, 2020 9:27:57 A.M. hvl.projectparmorel.qlearning.QModelFixer handleEpisode
INFO: EPISODE 23, STEP 0, Fixing error 50: A containment or bidirectional reference must be unique if its upper bound is different from 1
mai 06, 2020 9:27:57 A.M. hvl.projectparmorel.qlearning.QModelFixer chooseAction
INFO: Choosing random action.
mai 06, 2020 9:27:57 A.M. hvl.projectparmorel.qlearning.QModelFixer handleStep
INFO: Chose action setContainmentGen in context 0 with weight 0.0
mai 06, 2020 9:27:57 A.M. hvl.projectparmorel.qlearning.QModelFixer handleStep
INFO: Next error code: 50
mai 06, 2020 9:27:57 A.M. hvl.projectparmorel.qlearning.QModelFixer handleStep
INFO: Calculating new Q-value:
Old Q-value: 0.0
Alpha: 1.0
Gamma: 1.0
Reward: -2
Next optimal action Q-value: 0.0
0.0 + 1.0 * (-2 + 1.0 * 0.0 - 0.0) = -2.0
mai 06, 2020 9:27:57 A.M. hvl.projectparmorel.qlearning.QModelFixer handleStep
INFO: Updated Q-table for error 50, context 0, action 1062131977 setContainmentGen to new weight -2.0


mai 06, 2020 9:27:57 A.M. hvl.projectparmorel.qlearning.QModelFixer handleEpisode
INFO: EPISODE 23, STEP 1, Fixing error 50: A containment or bidirectional reference must be unique if its upper bound is different from 1
mai 06, 2020 9:27:57 A.M. hvl.projectparmorel.qlearning.QModelFixer chooseAction
INFO: Choosing optimal action
mai 06, 2020 9:27:57 A.M. hvl.projectparmorel.qlearning.QModelFixer handleStep
INFO: Chose action setUpperBound in context 0 with weight 0.0
mai 06, 2020 9:27:57 A.M. hvl.projectparmorel.qlearning.QModelFixer updateQTable
INFO: Calculating new Q-value:
Old Q-value: 0.0
Alpha: 1.0
Gamma:1.0

Reward: -2
0.0 + 1.0 * (-2 + 1.0 - 0.0) = -1.0
mai 06, 2020 9:27:57 A.M. hvl.projectparmorel.qlearning.QModelFixer updateQTable
INFO: Updated Q-table for error 50, context 0, action -969028598 to new weight -1.0
mai 06, 2020 9:27:57 A.M. hvl.projectparmorel.ecore.EcoreSolution calculateDistanceFromOriginal
INFO: Calculated the distance between the models to 98.0
mai 06, 2020 9:27:57 A.M. hvl.projectparmorel.reward.PreferCloseDinstanceToOriginalPreference rewardcalculateRewardFor
INFO: Time to measure distance: 32 ms
mai 06, 2020 9:27:57 A.M. hvl.projectparmorel.qlearning.QModelFixer updateQTable
INFO: Calculating new Q-value:
Old Q-value: -2.0
Alpha: 1.0
Gamma:1.0

Reward: 98
-2.0 + 1.0 * (98 + 1.0 - -2.0) = 99.0
mai 06, 2020 9:27:57 A.M. hvl.projectparmorel.qlearning.QModelFixer updateQTable
INFO: Updated Q-table for error 50, context 0, action 1062131977 to new weight 99.0
mai 06, 2020 9:27:57 A.M. hvl.projectparmorel.qlearning.QModelFixer updateQTable
INFO: Calculating new Q-value:
Old Q-value: -1.0
Alpha: 1.0
Gamma:1.0

Reward: 98
-1.0 + 1.0 * (98 + 1.0 - -1.0) = 99.0
mai 06, 2020 9:27:57 A.M. hvl.projectparmorel.qlearning.QModelFixer updateQTable
INFO: Updated Q-table for error 50, context 0, action -969028598 to new weight 99.0
mai 06, 2020 9:27:59 A.M. hvl.projectparmorel.reward.PreferReuse rewardcalculateRewardFor
INFO: Time to get metric: 2106 ms
mai 06, 2020 9:27:59 A.M. hvl.projectparmorel.qlearning.QModelFixer isUnique
INFO: Solution [ErrorAction [Error: 50 A containment or bidirectional reference must be unique if its upper bound is different from 1, Action: setContainmentGen, Error hierarchy: 0]
, ErrorAction [Error: 50 A containment or bidirectional reference must be unique if its upper bound is different from 1, Action: setUpperBound, Error hierarchy: 0]
] already exists.
mai 06, 2020 9:27:59 A.M. hvl.projectparmorel.qlearning.QModelFixer fixModel
INFO: Solution discarded.
mai 06, 2020 9:27:59 A.M. hvl.projectparmorel.qlearning.QModelFixer fixModel
INFO: EPISODE 23 TOTAL REWARD 192.0



mai 06, 2020 9:27:59 A.M. hvl.projectparmorel.qlearning.QModelFixer handleEpisode
INFO: EPISODE 24, STEP 0, Fixing error 50: A containment or bidirectional reference must be unique if its upper bound is different from 1
mai 06, 2020 9:27:59 A.M. hvl.projectparmorel.qlearning.QModelFixer chooseAction
INFO: Choosing optimal action
mai 06, 2020 9:27:59 A.M. hvl.projectparmorel.qlearning.QModelFixer handleStep
INFO: Chose action setContainmentGen in context 0 with weight 0.0
mai 06, 2020 9:27:59 A.M. hvl.projectparmorel.qlearning.QModelFixer handleStep
INFO: Next error code: 50
mai 06, 2020 9:27:59 A.M. hvl.projectparmorel.qlearning.QModelFixer handleStep
INFO: Calculating new Q-value:
Old Q-value: 0.0
Alpha: 1.0
Gamma: 1.0
Reward: -2
Next optimal action Q-value: 0.0
0.0 + 1.0 * (-2 + 1.0 * 0.0 - 0.0) = -2.0
mai 06, 2020 9:27:59 A.M. hvl.projectparmorel.qlearning.QModelFixer handleStep
INFO: Updated Q-table for error 50, context 0, action 1062131977 setContainmentGen to new weight -2.0


mai 06, 2020 9:27:59 A.M. hvl.projectparmorel.qlearning.QModelFixer handleEpisode
INFO: EPISODE 24, STEP 1, Fixing error 50: A containment or bidirectional reference must be unique if its upper bound is different from 1
mai 06, 2020 9:27:59 A.M. hvl.projectparmorel.qlearning.QModelFixer chooseAction
INFO: Choosing optimal action
mai 06, 2020 9:27:59 A.M. hvl.projectparmorel.qlearning.QModelFixer handleStep
INFO: Chose action setUpperBound in context 0 with weight 0.0
mai 06, 2020 9:27:59 A.M. hvl.projectparmorel.qlearning.QModelFixer updateQTable
INFO: Calculating new Q-value:
Old Q-value: 0.0
Alpha: 1.0
Gamma:1.0

Reward: -2
0.0 + 1.0 * (-2 + 1.0 - 0.0) = -1.0
mai 06, 2020 9:27:59 A.M. hvl.projectparmorel.qlearning.QModelFixer updateQTable
INFO: Updated Q-table for error 50, context 0, action -969028598 to new weight -1.0
mai 06, 2020 9:27:59 A.M. hvl.projectparmorel.ecore.EcoreSolution calculateDistanceFromOriginal
INFO: Calculated the distance between the models to 98.0
mai 06, 2020 9:27:59 A.M. hvl.projectparmorel.reward.PreferCloseDinstanceToOriginalPreference rewardcalculateRewardFor
INFO: Time to measure distance: 32 ms
mai 06, 2020 9:27:59 A.M. hvl.projectparmorel.qlearning.QModelFixer updateQTable
INFO: Calculating new Q-value:
Old Q-value: -2.0
Alpha: 1.0
Gamma:1.0

Reward: 98
-2.0 + 1.0 * (98 + 1.0 - -2.0) = 99.0
mai 06, 2020 9:27:59 A.M. hvl.projectparmorel.qlearning.QModelFixer updateQTable
INFO: Updated Q-table for error 50, context 0, action 1062131977 to new weight 99.0
mai 06, 2020 9:27:59 A.M. hvl.projectparmorel.qlearning.QModelFixer updateQTable
INFO: Calculating new Q-value:
Old Q-value: -1.0
Alpha: 1.0
Gamma:1.0

Reward: 98
-1.0 + 1.0 * (98 + 1.0 - -1.0) = 99.0
mai 06, 2020 9:27:59 A.M. hvl.projectparmorel.qlearning.QModelFixer updateQTable
INFO: Updated Q-table for error 50, context 0, action -969028598 to new weight 99.0
mai 06, 2020 9:28:01 A.M. hvl.projectparmorel.reward.PreferReuse rewardcalculateRewardFor
INFO: Time to get metric: 2056 ms
mai 06, 2020 9:28:01 A.M. hvl.projectparmorel.qlearning.QModelFixer isUnique
INFO: Solution [ErrorAction [Error: 50 A containment or bidirectional reference must be unique if its upper bound is different from 1, Action: setContainmentGen, Error hierarchy: 0]
, ErrorAction [Error: 50 A containment or bidirectional reference must be unique if its upper bound is different from 1, Action: setUpperBound, Error hierarchy: 0]
] already exists.
mai 06, 2020 9:28:01 A.M. hvl.projectparmorel.qlearning.QModelFixer fixModel
INFO: Solution discarded.
mai 06, 2020 9:28:01 A.M. hvl.projectparmorel.qlearning.QModelFixer fixModel
INFO: EPISODE 24 TOTAL REWARD 192.0



mai 06, 2020 9:28:01 A.M. hvl.projectparmorel.qlearning.QModelFixer fixModel
INFO: Time repairing model: 54061 ms
mai 06, 2020 9:28:01 A.M. hvl.projectparmorel.qlearning.QModelFixer fixModel
INFO: 
-----------------ALL SEQUENCES FOUND-------------------
SIZE: 7
DISCARDED SEQUENCES: 18
--------::::B E S T   S E Q U E N C E   I S::::---------
Sequence [id=0, seq=[ErrorAction [Error: 50 A containment or bidirectional reference must be unique if its upper bound is different from 1, Action: setContainmentGen, Error hierarchy: 0]
, ErrorAction [Error: 50 A containment or bidirectional reference must be unique if its upper bound is different from 1, Action: setContainmentGen, Error hierarchy: 0]
], weight=196.0]

 with 2 actions.
mai 06, 2020 9:28:01 A.M. hvl.projectparmorel.knowledge.Knowledge save
INFO: Saving initialized
mai 06, 2020 9:28:01 A.M. hvl.projectparmorel.knowledge.Knowledge save
INFO: document prepared
mai 06, 2020 9:28:01 A.M. hvl.projectparmorel.knowledge.Knowledge save
INFO: Saving completed to /Users/Magnus/Skole/DAT300/EclipseWorkspace3/ParmorelRunnable/knowledge.xml
mai 06, 2020 9:28:01 A.M. hvl.projectparmorel.knowledge.Knowledge save
INFO: Saving initialized
mai 06, 2020 9:28:01 A.M. hvl.projectparmorel.knowledge.Knowledge save
INFO: document prepared
mai 06, 2020 9:28:01 A.M. hvl.projectparmorel.knowledge.Knowledge save
INFO: Saving completed to /Users/Magnus/Skole/DAT300/EclipseWorkspace3/ParmorelRunnable/knowledge.xml
