apr. 17, 2020 2:12:53 A.M. hvl.projectparmorel.modelrepair.QModelFixer fixModel
INFO: Repairing fnmeta.ecore
apr. 17, 2020 2:12:53 A.M. hvl.projectparmorel.modelrepair.QModelFixer fixModel
INFO: Running with preferences [SHORT_SEQUENCES_OF_ACTIONS, REPAIR_HIGH_IN_CONTEXT_HIERARCHY]
apr. 17, 2020 2:12:53 A.M. hvl.projectparmorel.modelrepair.QModelFixer handleUnsupportedErrors
WARNING: The error code 1 for the error The required feature 'eReferenceType' of 'org.eclipse.emf.ecore.impl.EReferenceImpl@3118ea35{file:/Users/Magnus/Skole/DAT300/EclipseWorkspace2/ParmorelRunnable/././differentSelectionMethodsOriginals/fnmeta.ecore#//Registry/functions}' must be set is not supported.
apr. 17, 2020 2:12:53 A.M. hvl.projectparmorel.modelrepair.QModelFixer handleUnsupportedErrors
WARNING: The error code 1 for the error The required feature 'eReferenceType' of 'org.eclipse.emf.ecore.impl.EReferenceImpl@6d1856f3{file:/Users/Magnus/Skole/DAT300/EclipseWorkspace2/ParmorelRunnable/././differentSelectionMethodsOriginals/fnmeta.ecore#//Registry/assistants}' must be set is not supported.
apr. 17, 2020 2:12:53 A.M. hvl.projectparmorel.modelrepair.QModelFixer handleUnsupportedErrors
WARNING: The error code 1 for the error The required feature 'eReferenceType' of 'org.eclipse.emf.ecore.impl.EReferenceImpl@19014b2{file:/Users/Magnus/Skole/DAT300/EclipseWorkspace2/ParmorelRunnable/././differentSelectionMethodsOriginals/fnmeta.ecore#//Registry/arguments}' must be set is not supported.
apr. 17, 2020 2:12:53 A.M. hvl.projectparmorel.modelrepair.QModelFixer handleUnsupportedErrors
WARNING: The error code 1 for the error The required feature 'eReferenceType' of 'org.eclipse.emf.ecore.impl.EReferenceImpl@2321705b{file:/Users/Magnus/Skole/DAT300/EclipseWorkspace2/ParmorelRunnable/././differentSelectionMethodsOriginals/fnmeta.ecore#//Assistant/options}' must be set is not supported.
apr. 17, 2020 2:12:53 A.M. hvl.projectparmorel.modelrepair.QModelFixer handleUnsupportedErrors
WARNING: The error code 1 for the error The required feature 'eAttributeType' of 'org.eclipse.emf.ecore.impl.EAttributeImpl@75ad37fb{file:/Users/Magnus/Skole/DAT300/EclipseWorkspace2/ParmorelRunnable/././differentSelectionMethodsOriginals/fnmeta.ecore#//Assistant/name}' must be set is not supported.
apr. 17, 2020 2:12:53 A.M. hvl.projectparmorel.modelrepair.QModelFixer handleUnsupportedErrors
WARNING: The error code 1 for the error The required feature 'eAttributeType' of 'org.eclipse.emf.ecore.impl.EAttributeImpl@f51e5de{file:/Users/Magnus/Skole/DAT300/EclipseWorkspace2/ParmorelRunnable/././differentSelectionMethodsOriginals/fnmeta.ecore#//Assistant/type}' must be set is not supported.
apr. 17, 2020 2:12:53 A.M. hvl.projectparmorel.modelrepair.QModelFixer handleUnsupportedErrors
WARNING: The error code 1 for the error The required feature 'eAttributeType' of 'org.eclipse.emf.ecore.impl.EAttributeImpl@6534a482{file:/Users/Magnus/Skole/DAT300/EclipseWorkspace2/ParmorelRunnable/././differentSelectionMethodsOriginals/fnmeta.ecore#//Option/value}' must be set is not supported.
apr. 17, 2020 2:12:53 A.M. hvl.projectparmorel.modelrepair.QModelFixer handleUnsupportedErrors
WARNING: The error code 1 for the error The required feature 'eAttributeType' of 'org.eclipse.emf.ecore.impl.EAttributeImpl@45d27f23{file:/Users/Magnus/Skole/DAT300/EclipseWorkspace2/ParmorelRunnable/././differentSelectionMethodsOriginals/fnmeta.ecore#//Option/displayValue}' must be set is not supported.
apr. 17, 2020 2:12:53 A.M. hvl.projectparmorel.modelrepair.QModelFixer handleUnsupportedErrors
WARNING: The error code 1 for the error The required feature 'eAttributeType' of 'org.eclipse.emf.ecore.impl.EAttributeImpl@3c62be9{file:/Users/Magnus/Skole/DAT300/EclipseWorkspace2/ParmorelRunnable/././differentSelectionMethodsOriginals/fnmeta.ecore#//Argument/defaultValue}' must be set is not supported.
apr. 17, 2020 2:12:53 A.M. hvl.projectparmorel.modelrepair.QModelFixer handleUnsupportedErrors
WARNING: The error code 1 for the error The required feature 'eAttributeType' of 'org.eclipse.emf.ecore.impl.EAttributeImpl@404a070{file:/Users/Magnus/Skole/DAT300/EclipseWorkspace2/ParmorelRunnable/././differentSelectionMethodsOriginals/fnmeta.ecore#//Argument/name}' must be set is not supported.
apr. 17, 2020 2:12:53 A.M. hvl.projectparmorel.modelrepair.QModelFixer handleUnsupportedErrors
WARNING: The error code 1 for the error The required feature 'eAttributeType' of 'org.eclipse.emf.ecore.impl.EAttributeImpl@65ed183e{file:/Users/Magnus/Skole/DAT300/EclipseWorkspace2/ParmorelRunnable/././differentSelectionMethodsOriginals/fnmeta.ecore#//Argument/optionality}' must be set is not supported.
apr. 17, 2020 2:12:53 A.M. hvl.projectparmorel.modelrepair.QModelFixer handleUnsupportedErrors
WARNING: The error code 1 for the error The required feature 'eAttributeType' of 'org.eclipse.emf.ecore.impl.EAttributeImpl@704ce313{file:/Users/Magnus/Skole/DAT300/EclipseWorkspace2/ParmorelRunnable/././differentSelectionMethodsOriginals/fnmeta.ecore#//Argument/type}' must be set is not supported.
apr. 17, 2020 2:12:53 A.M. hvl.projectparmorel.modelrepair.QModelFixer handleUnsupportedErrors
WARNING: The error code 1 for the error The required feature 'eAttributeType' of 'org.eclipse.emf.ecore.impl.EAttributeImpl@42e70790{file:/Users/Magnus/Skole/DAT300/EclipseWorkspace2/ParmorelRunnable/././differentSelectionMethodsOriginals/fnmeta.ecore#//Argument/comment}' must be set is not supported.
apr. 17, 2020 2:12:53 A.M. hvl.projectparmorel.modelrepair.QModelFixer handleUnsupportedErrors
WARNING: The error code 1 for the error The required feature 'eReferenceType' of 'org.eclipse.emf.ecore.impl.EReferenceImpl@6341389c{file:/Users/Magnus/Skole/DAT300/EclipseWorkspace2/ParmorelRunnable/././differentSelectionMethodsOriginals/fnmeta.ecore#//Argument/assistant}' must be set is not supported.
apr. 17, 2020 2:12:53 A.M. hvl.projectparmorel.modelrepair.QModelFixer handleUnsupportedErrors
WARNING: The error code 1 for the error The required feature 'eAttributeType' of 'org.eclipse.emf.ecore.impl.EAttributeImpl@63dcd732{file:/Users/Magnus/Skole/DAT300/EclipseWorkspace2/ParmorelRunnable/././differentSelectionMethodsOriginals/fnmeta.ecore#//Function/name}' must be set is not supported.
apr. 17, 2020 2:12:53 A.M. hvl.projectparmorel.modelrepair.QModelFixer handleUnsupportedErrors
WARNING: The error code 1 for the error The required feature 'eAttributeType' of 'org.eclipse.emf.ecore.impl.EAttributeImpl@639310db{file:/Users/Magnus/Skole/DAT300/EclipseWorkspace2/ParmorelRunnable/././differentSelectionMethodsOriginals/fnmeta.ecore#//Function/namespace}' must be set is not supported.
apr. 17, 2020 2:12:53 A.M. hvl.projectparmorel.modelrepair.QModelFixer handleUnsupportedErrors
WARNING: The error code 1 for the error The required feature 'eAttributeType' of 'org.eclipse.emf.ecore.impl.EAttributeImpl@39cc5e76{file:/Users/Magnus/Skole/DAT300/EclipseWorkspace2/ParmorelRunnable/././differentSelectionMethodsOriginals/fnmeta.ecore#//Function/returnType}' must be set is not supported.
apr. 17, 2020 2:12:53 A.M. hvl.projectparmorel.modelrepair.QModelFixer handleUnsupportedErrors
WARNING: The error code 1 for the error The required feature 'eReferenceType' of 'org.eclipse.emf.ecore.impl.EReferenceImpl@2c6104b{file:/Users/Magnus/Skole/DAT300/EclipseWorkspace2/ParmorelRunnable/././differentSelectionMethodsOriginals/fnmeta.ecore#//Function/arguments}' must be set is not supported.
apr. 17, 2020 2:12:53 A.M. hvl.projectparmorel.modelrepair.QModelFixer handleUnsupportedErrors
WARNING: The error code 1 for the error The required feature 'eAttributeType' of 'org.eclipse.emf.ecore.impl.EAttributeImpl@7a62266{file:/Users/Magnus/Skole/DAT300/EclipseWorkspace2/ParmorelRunnable/././differentSelectionMethodsOriginals/fnmeta.ecore#//Function/comment}' must be set is not supported.
apr. 17, 2020 2:12:53 A.M. hvl.projectparmorel.modelrepair.QModelFixer handleUnsupportedErrors
WARNING: The error code 1 for the error The required feature 'eAttributeType' of 'org.eclipse.emf.ecore.impl.EAttributeImpl@7c48ef81{file:/Users/Magnus/Skole/DAT300/EclipseWorkspace2/ParmorelRunnable/././differentSelectionMethodsOriginals/fnmeta.ecore#//Function/help}' must be set is not supported.
apr. 17, 2020 2:12:53 A.M. hvl.projectparmorel.modelrepair.QModelFixer handleUnsupportedErrors
WARNING: The error code 1 for the error The required feature 'eAttributeType' of 'org.eclipse.emf.ecore.impl.EAttributeImpl@272c3190{file:/Users/Magnus/Skole/DAT300/EclipseWorkspace2/ParmorelRunnable/././differentSelectionMethodsOriginals/fnmeta.ecore#//Function/prefix}' must be set is not supported.
apr. 17, 2020 2:12:53 A.M. hvl.projectparmorel.modelrepair.QModelFixer handleUnsupportedErrors
WARNING: The error code 1 for the error The required feature 'eAttributeType' of 'org.eclipse.emf.ecore.impl.EAttributeImpl@15da3976{file:/Users/Magnus/Skole/DAT300/EclipseWorkspace2/ParmorelRunnable/././differentSelectionMethodsOriginals/fnmeta.ecore#//Function/isDeprecated}' must be set is not supported.
apr. 17, 2020 2:12:53 A.M. hvl.projectparmorel.modelrepair.QModelFixer handleUnsupportedErrors
WARNING: The error code 1 for the error The required feature 'eAttributeType' of 'org.eclipse.emf.ecore.impl.EAttributeImpl@23d98cb9{file:/Users/Magnus/Skole/DAT300/EclipseWorkspace2/ParmorelRunnable/././differentSelectionMethodsOriginals/fnmeta.ecore#//Function/deprecateComment}' must be set is not supported.
apr. 17, 2020 2:12:53 A.M. hvl.projectparmorel.modelrepair.QModelFixer handleUnsupportedErrors
WARNING: The error code 1 for the error The required feature 'eAttributeType' of 'org.eclipse.emf.ecore.impl.EAttributeImpl@18d65ba4{file:/Users/Magnus/Skole/DAT300/EclipseWorkspace2/ParmorelRunnable/././differentSelectionMethodsOriginals/fnmeta.ecore#//Function/className}' must be set is not supported.
apr. 17, 2020 2:12:53 A.M. hvl.projectparmorel.modelrepair.QModelFixer handleUnsupportedErrors
WARNING: The error code 1 for the error The required feature 'eAttributeType' of 'org.eclipse.emf.ecore.impl.EAttributeImpl@75362117{file:/Users/Magnus/Skole/DAT300/EclipseWorkspace2/ParmorelRunnable/././differentSelectionMethodsOriginals/fnmeta.ecore#//FacadeElement/element}' must be set is not supported.
apr. 17, 2020 2:12:53 A.M. hvl.projectparmorel.modelrepair.QModelFixer fixModel
INFO: Initial number of errors in model: 30
Maximum number of steps per episode: 42
Errors to fix: [Error 401, message=The typed element must have a type
, Error 401, message=The typed element must have a type
, Error 401, message=The typed element must have a type
, Error 401, message=The typed element must have a type
, Error 40, message=The typed element must have a type
, Error 40, message=The typed element must have a type
, Error 40, message=The typed element must have a type
, Error 40, message=The typed element must have a type
, Error 40, message=The typed element must have a type
, Error 38, message=The default value literal '' must be a valid literal of the attribute's type
, Error 40, message=The typed element must have a type
, Error 40, message=The typed element must have a type
, Error 38, message=The default value literal 'Required' must be a valid literal of the attribute's type
, Error 40, message=The typed element must have a type
, Error 40, message=The typed element must have a type
, Error 401, message=The typed element must have a type
, Error 40, message=The typed element must have a type
, Error 40, message=The typed element must have a type
, Error 38, message=The default value literal 'urn:oasis:names:tc:wsbpel:2.0:sublang:xpath1.0' must be a valid literal of the attribute's type
, Error 40, message=The typed element must have a type
, Error 401, message=The typed element must have a type
, Error 40, message=The typed element must have a type
, Error 40, message=The typed element must have a type
, Error 40, message=The typed element must have a type
, Error 40, message=The typed element must have a type
, Error 38, message=The default value literal 'false' must be a valid literal of the attribute's type
, Error 40, message=The typed element must have a type
, Error 40, message=The typed element must have a type
, Error 38, message=The default value literal '' must be a valid literal of the attribute's type
, Error 40, message=The typed element must have a type
]
apr. 17, 2020 2:12:53 A.M. hvl.projectparmorel.modelrepair.QModelFixer fixModel
INFO: Initializing Q-table for the errors.
apr. 17, 2020 2:12:53 A.M. hvl.projectparmorel.modelrepair.QModelFixer fixModel
INFO: Number of episodes: 25
apr. 17, 2020 2:12:53 A.M. hvl.projectparmorel.modelrepair.QModelFixer handleEpisode
INFO: EPISODE 0, STEP 0, Fixing error 401: The typed element must have a type
apr. 17, 2020 2:12:53 A.M. hvl.projectparmorel.modelrepair.QModelFixer chooseAction
INFO: Choosing optimal action
apr. 17, 2020 2:12:53 A.M. hvl.projectparmorel.modelrepair.QModelFixer handleStep
INFO: Chose action setEType in context 0 with weight 600.0
apr. 17, 2020 2:12:53 A.M. hvl.projectparmorel.modelrepair.QModelFixer handleStep
INFO: Next error code: 38
apr. 17, 2020 2:12:53 A.M. hvl.projectparmorel.modelrepair.QModelFixer handleStep
INFO: Calculating new Q-value:
Old Q-value: 600.0
Alpha: 1.0
Gamma: 1.0
Reward: 0
Next optimal action Q-value: 93000.0
600.0 + 1.0 * (0 + 1.0 * 93000.0 - 600.0) = 93000.0
apr. 17, 2020 2:12:53 A.M. hvl.projectparmorel.modelrepair.QModelFixer handleStep
INFO: Updated Q-table for error 401, context 0, action 591449609 setEType to new weight 93000.0


apr. 17, 2020 2:12:53 A.M. hvl.projectparmorel.modelrepair.QModelFixer handleEpisode
INFO: EPISODE 0, STEP 1, Fixing error 38: The default value literal 'Required' must be a valid literal of the attribute's type
apr. 17, 2020 2:12:53 A.M. hvl.projectparmorel.modelrepair.QModelFixer chooseAction
INFO: Choosing optimal action
apr. 17, 2020 2:12:53 A.M. hvl.projectparmorel.modelrepair.QModelFixer handleStep
INFO: Chose action setEType in context 0 with weight 93000.0
apr. 17, 2020 2:12:53 A.M. hvl.projectparmorel.modelrepair.QModelFixer handleStep
INFO: Calculating new Q-value:
Old Q-value: 93000.0
Alpha: 1.0

Reward: 0
93000.0 + 1.0 * (0 - 93000.0) = 0.0
apr. 17, 2020 2:12:53 A.M. hvl.projectparmorel.modelrepair.QModelFixer handleStep
INFO: Updated Q-table for error 38, context 0, action 591449609 setEType to new weight 0.0
apr. 17, 2020 2:12:53 A.M. hvl.projectparmorel.modelrepair.QModelFixer handleEpisode
INFO: Solution added to possible solitons: [ErrorAction [Error: 401 The typed element must have a type, Action: setEType, Error hierarchy: 0]
, ErrorAction [Error: 38 The default value literal 'Required' must be a valid literal of the attribute's type, Action: setEType, Error hierarchy: 0]
]
apr. 17, 2020 2:12:53 A.M. hvl.projectparmorel.modelrepair.QModelFixer handleEpisode
INFO: EPISODE 0 TOTAL REWARD 0



apr. 17, 2020 2:12:53 A.M. hvl.projectparmorel.modelrepair.QModelFixer handleEpisode
INFO: EPISODE 1, STEP 0, Fixing error 401: The typed element must have a type
apr. 17, 2020 2:12:53 A.M. hvl.projectparmorel.modelrepair.QModelFixer chooseAction
INFO: Choosing optimal action
apr. 17, 2020 2:12:53 A.M. hvl.projectparmorel.modelrepair.QModelFixer handleStep
INFO: Chose action setEType in context 0 with weight 93000.0
apr. 17, 2020 2:12:53 A.M. hvl.projectparmorel.modelrepair.QModelFixer handleStep
INFO: Next error code: 38
apr. 17, 2020 2:12:53 A.M. hvl.projectparmorel.modelrepair.QModelFixer handleStep
INFO: Calculating new Q-value:
Old Q-value: 93000.0
Alpha: 0.9608333333333333
Gamma: 1.0
Reward: 0
Next optimal action Q-value: 12600.0
93000.0 + 0.9608333333333333 * (0 + 1.0 * 12600.0 - 93000.0) = 15749.0
apr. 17, 2020 2:12:53 A.M. hvl.projectparmorel.modelrepair.QModelFixer handleStep
INFO: Updated Q-table for error 401, context 0, action 591449609 setEType to new weight 15749.0


apr. 17, 2020 2:12:53 A.M. hvl.projectparmorel.modelrepair.QModelFixer handleEpisode
INFO: EPISODE 1, STEP 1, Fixing error 38: The default value literal 'Required' must be a valid literal of the attribute's type
apr. 17, 2020 2:12:53 A.M. hvl.projectparmorel.modelrepair.QModelFixer chooseAction
INFO: Choosing optimal action
apr. 17, 2020 2:12:53 A.M. hvl.projectparmorel.modelrepair.QModelFixer handleStep
INFO: Chose action delete in context 0 with weight 12600.0
apr. 17, 2020 2:12:53 A.M. hvl.projectparmorel.modelrepair.QModelFixer handleStep
INFO: Calculating new Q-value:
Old Q-value: 12600.0
Alpha: 0.9608333333333333

Reward: 0
12600.0 + 0.9608333333333333 * (0 - 12600.0) = 493.5
apr. 17, 2020 2:12:53 A.M. hvl.projectparmorel.modelrepair.QModelFixer handleStep
INFO: Updated Q-table for error 38, context 0, action 99999 delete to new weight 493.5
apr. 17, 2020 2:12:53 A.M. hvl.projectparmorel.modelrepair.QModelFixer isUnique
INFO: Solution [ErrorAction [Error: 401 The typed element must have a type, Action: setEType, Error hierarchy: 0]
, ErrorAction [Error: 38 The default value literal 'Required' must be a valid literal of the attribute's type, Action: delete, Error hierarchy: 0]
] already exists.
apr. 17, 2020 2:12:53 A.M. hvl.projectparmorel.modelrepair.QModelFixer handleEpisode
INFO: Solution discarded.
apr. 17, 2020 2:12:53 A.M. hvl.projectparmorel.modelrepair.QModelFixer handleEpisode
INFO: EPISODE 1 TOTAL REWARD 0



apr. 17, 2020 2:12:53 A.M. hvl.projectparmorel.modelrepair.QModelFixer handleEpisode
INFO: EPISODE 2, STEP 0, Fixing error 401: The typed element must have a type
apr. 17, 2020 2:12:53 A.M. hvl.projectparmorel.modelrepair.QModelFixer chooseAction
INFO: Choosing optimal action
apr. 17, 2020 2:12:53 A.M. hvl.projectparmorel.modelrepair.QModelFixer handleStep
INFO: Chose action setEType in context 0 with weight 15749.0
apr. 17, 2020 2:12:53 A.M. hvl.projectparmorel.modelrepair.QModelFixer handleStep
INFO: Next error code: 38
apr. 17, 2020 2:12:53 A.M. hvl.projectparmorel.modelrepair.QModelFixer handleStep
INFO: Calculating new Q-value:
Old Q-value: 15749.0
Alpha: 0.9216666666666666
Gamma: 1.0
Reward: 0
Next optimal action Q-value: 9000.0
15749.0 + 0.9216666666666666 * (0 + 1.0 * 9000.0 - 15749.0) = 9528.671666666667
apr. 17, 2020 2:12:53 A.M. hvl.projectparmorel.modelrepair.QModelFixer handleStep
INFO: Updated Q-table for error 401, context 0, action 591449609 setEType to new weight 9528.671666666667


apr. 17, 2020 2:12:53 A.M. hvl.projectparmorel.modelrepair.QModelFixer handleEpisode
INFO: EPISODE 2, STEP 1, Fixing error 38: The default value literal 'Required' must be a valid literal of the attribute's type
apr. 17, 2020 2:12:53 A.M. hvl.projectparmorel.modelrepair.QModelFixer chooseAction
INFO: Choosing random action.
apr. 17, 2020 2:12:53 A.M. hvl.projectparmorel.modelrepair.QModelFixer handleStep
INFO: Chose action delete in context 0 with weight 493.5
apr. 17, 2020 2:12:53 A.M. hvl.projectparmorel.modelrepair.QModelFixer handleStep
INFO: Calculating new Q-value:
Old Q-value: 493.5
Alpha: 0.9216666666666666

Reward: 0
493.5 + 0.9216666666666666 * (0 - 493.5) = 38.65750000000003
apr. 17, 2020 2:12:53 A.M. hvl.projectparmorel.modelrepair.QModelFixer handleStep
INFO: Updated Q-table for error 38, context 0, action 99999 delete to new weight 38.65750000000003
apr. 17, 2020 2:12:53 A.M. hvl.projectparmorel.modelrepair.QModelFixer isUnique
INFO: Solution [ErrorAction [Error: 401 The typed element must have a type, Action: setEType, Error hierarchy: 0]
, ErrorAction [Error: 38 The default value literal 'Required' must be a valid literal of the attribute's type, Action: delete, Error hierarchy: 0]
] already exists.
apr. 17, 2020 2:12:53 A.M. hvl.projectparmorel.modelrepair.QModelFixer handleEpisode
INFO: Solution discarded.
apr. 17, 2020 2:12:53 A.M. hvl.projectparmorel.modelrepair.QModelFixer handleEpisode
INFO: EPISODE 2 TOTAL REWARD 0



apr. 17, 2020 2:12:53 A.M. hvl.projectparmorel.modelrepair.QModelFixer handleEpisode
INFO: EPISODE 3, STEP 0, Fixing error 401: The typed element must have a type
apr. 17, 2020 2:12:53 A.M. hvl.projectparmorel.modelrepair.QModelFixer chooseAction
INFO: Choosing random action.
apr. 17, 2020 2:12:53 A.M. hvl.projectparmorel.modelrepair.QModelFixer handleStep
INFO: Chose action delete in context 0 with weight 0.0
apr. 17, 2020 2:12:53 A.M. hvl.projectparmorel.modelrepair.QModelFixer handleStep
INFO: Next error code: 38
apr. 17, 2020 2:12:53 A.M. hvl.projectparmorel.modelrepair.QModelFixer handleStep
INFO: Calculating new Q-value:
Old Q-value: 0.0
Alpha: 0.8825000000000001
Gamma: 1.0
Reward: 0
Next optimal action Q-value: 9000.0
0.0 + 0.8825000000000001 * (0 + 1.0 * 9000.0 - 0.0) = 7942.500000000001
apr. 17, 2020 2:12:53 A.M. hvl.projectparmorel.modelrepair.QModelFixer handleStep
INFO: Updated Q-table for error 401, context 0, action 99999 delete to new weight 7942.500000000001


apr. 17, 2020 2:12:53 A.M. hvl.projectparmorel.modelrepair.QModelFixer handleEpisode
INFO: EPISODE 3, STEP 1, Fixing error 38: The default value literal 'Required' must be a valid literal of the attribute's type
apr. 17, 2020 2:12:53 A.M. hvl.projectparmorel.modelrepair.QModelFixer chooseAction
INFO: Choosing random action.
apr. 17, 2020 2:12:53 A.M. hvl.projectparmorel.modelrepair.QModelFixer handleStep
INFO: Chose action delete in context 0 with weight 38.65750000000003
apr. 17, 2020 2:12:53 A.M. hvl.projectparmorel.modelrepair.QModelFixer handleStep
INFO: Calculating new Q-value:
Old Q-value: 38.65750000000003
Alpha: 0.8825000000000001

Reward: 0
38.65750000000003 + 0.8825000000000001 * (0 - 38.65750000000003) = 4.542256250000001
apr. 17, 2020 2:12:53 A.M. hvl.projectparmorel.modelrepair.QModelFixer handleStep
INFO: Updated Q-table for error 38, context 0, action 99999 delete to new weight 4.542256250000001
apr. 17, 2020 2:12:53 A.M. hvl.projectparmorel.modelrepair.QModelFixer isUnique
INFO: Solution [ErrorAction [Error: 401 The typed element must have a type, Action: delete, Error hierarchy: 0]
, ErrorAction [Error: 38 The default value literal 'Required' must be a valid literal of the attribute's type, Action: delete, Error hierarchy: 0]
] already exists.
apr. 17, 2020 2:12:53 A.M. hvl.projectparmorel.modelrepair.QModelFixer handleEpisode
INFO: Solution discarded.
apr. 17, 2020 2:12:53 A.M. hvl.projectparmorel.modelrepair.QModelFixer handleEpisode
INFO: EPISODE 3 TOTAL REWARD 0



apr. 17, 2020 2:12:53 A.M. hvl.projectparmorel.modelrepair.QModelFixer handleEpisode
INFO: EPISODE 4, STEP 0, Fixing error 401: The typed element must have a type
apr. 17, 2020 2:12:53 A.M. hvl.projectparmorel.modelrepair.QModelFixer chooseAction
INFO: Choosing optimal action
apr. 17, 2020 2:12:53 A.M. hvl.projectparmorel.modelrepair.QModelFixer handleStep
INFO: Chose action setEType in context 0 with weight 9528.671666666667
apr. 17, 2020 2:12:53 A.M. hvl.projectparmorel.modelrepair.QModelFixer handleStep
INFO: Next error code: 38
apr. 17, 2020 2:12:53 A.M. hvl.projectparmorel.modelrepair.QModelFixer handleStep
INFO: Calculating new Q-value:
Old Q-value: 9528.671666666667
Alpha: 0.8433333333333334
Gamma: 1.0
Reward: 0
Next optimal action Q-value: 9000.0
9528.671666666667 + 0.8433333333333334 * (0 + 1.0 * 9000.0 - 9528.671666666667) = 9082.825227777777
apr. 17, 2020 2:12:53 A.M. hvl.projectparmorel.modelrepair.QModelFixer handleStep
INFO: Updated Q-table for error 401, context 0, action 591449609 setEType to new weight 9082.825227777777


apr. 17, 2020 2:12:53 A.M. hvl.projectparmorel.modelrepair.QModelFixer handleEpisode
INFO: EPISODE 4, STEP 1, Fixing error 38: The default value literal 'Required' must be a valid literal of the attribute's type
apr. 17, 2020 2:12:53 A.M. hvl.projectparmorel.modelrepair.QModelFixer chooseAction
INFO: Choosing optimal action
apr. 17, 2020 2:12:53 A.M. hvl.projectparmorel.modelrepair.QModelFixer handleStep
INFO: Chose action setEType in context 0 with weight 9000.0
apr. 17, 2020 2:12:53 A.M. hvl.projectparmorel.modelrepair.QModelFixer handleStep
INFO: Calculating new Q-value:
Old Q-value: 9000.0
Alpha: 0.8433333333333334

Reward: 0
9000.0 + 0.8433333333333334 * (0 - 9000.0) = 1410.0
apr. 17, 2020 2:12:53 A.M. hvl.projectparmorel.modelrepair.QModelFixer handleStep
INFO: Updated Q-table for error 38, context 0, action -591535257 setEType to new weight 1410.0
apr. 17, 2020 2:12:53 A.M. hvl.projectparmorel.modelrepair.QModelFixer isUnique
INFO: Solution [ErrorAction [Error: 401 The typed element must have a type, Action: setEType, Error hierarchy: 0]
, ErrorAction [Error: 38 The default value literal 'Required' must be a valid literal of the attribute's type, Action: setEType, Error hierarchy: 0]
] already exists.
apr. 17, 2020 2:12:53 A.M. hvl.projectparmorel.modelrepair.QModelFixer handleEpisode
INFO: Solution discarded.
apr. 17, 2020 2:12:53 A.M. hvl.projectparmorel.modelrepair.QModelFixer handleEpisode
INFO: EPISODE 4 TOTAL REWARD 0



apr. 17, 2020 2:12:53 A.M. hvl.projectparmorel.modelrepair.QModelFixer handleEpisode
INFO: EPISODE 5, STEP 0, Fixing error 401: The typed element must have a type
apr. 17, 2020 2:12:53 A.M. hvl.projectparmorel.modelrepair.QModelFixer chooseAction
INFO: Choosing optimal action
apr. 17, 2020 2:12:53 A.M. hvl.projectparmorel.modelrepair.QModelFixer handleStep
INFO: Chose action setEType in context 0 with weight 9082.825227777777
apr. 17, 2020 2:12:53 A.M. hvl.projectparmorel.modelrepair.QModelFixer handleStep
INFO: Next error code: 38
apr. 17, 2020 2:12:53 A.M. hvl.projectparmorel.modelrepair.QModelFixer handleStep
INFO: Calculating new Q-value:
Old Q-value: 9082.825227777777
Alpha: 0.8041666666666667
Gamma: 1.0
Reward: 0
Next optimal action Q-value: 1410.0
9082.825227777777 + 0.8041666666666667 * (0 + 1.0 * 1410.0 - 9082.825227777777) = 2912.5949404398143
apr. 17, 2020 2:12:53 A.M. hvl.projectparmorel.modelrepair.QModelFixer handleStep
INFO: Updated Q-table for error 401, context 0, action 591449609 setEType to new weight 2912.5949404398143


apr. 17, 2020 2:12:53 A.M. hvl.projectparmorel.modelrepair.QModelFixer handleEpisode
INFO: EPISODE 5, STEP 1, Fixing error 38: The default value literal 'Required' must be a valid literal of the attribute's type
apr. 17, 2020 2:12:53 A.M. hvl.projectparmorel.modelrepair.QModelFixer chooseAction
INFO: Choosing optimal action
apr. 17, 2020 2:12:53 A.M. hvl.projectparmorel.modelrepair.QModelFixer handleStep
INFO: Chose action setEType in context 0 with weight 1410.0
apr. 17, 2020 2:12:53 A.M. hvl.projectparmorel.modelrepair.QModelFixer handleStep
INFO: Calculating new Q-value:
Old Q-value: 1410.0
Alpha: 0.8041666666666667

Reward: 0
1410.0 + 0.8041666666666667 * (0 - 1410.0) = 276.125
apr. 17, 2020 2:12:53 A.M. hvl.projectparmorel.modelrepair.QModelFixer handleStep
INFO: Updated Q-table for error 38, context 0, action -591535257 setEType to new weight 276.125
apr. 17, 2020 2:12:53 A.M. hvl.projectparmorel.modelrepair.QModelFixer isUnique
INFO: Solution [ErrorAction [Error: 401 The typed element must have a type, Action: setEType, Error hierarchy: 0]
, ErrorAction [Error: 38 The default value literal 'Required' must be a valid literal of the attribute's type, Action: setEType, Error hierarchy: 0]
] already exists.
apr. 17, 2020 2:12:53 A.M. hvl.projectparmorel.modelrepair.QModelFixer handleEpisode
INFO: Solution discarded.
apr. 17, 2020 2:12:53 A.M. hvl.projectparmorel.modelrepair.QModelFixer handleEpisode
INFO: EPISODE 5 TOTAL REWARD 0



apr. 17, 2020 2:12:53 A.M. hvl.projectparmorel.modelrepair.QModelFixer handleEpisode
INFO: EPISODE 6, STEP 0, Fixing error 401: The typed element must have a type
apr. 17, 2020 2:12:53 A.M. hvl.projectparmorel.modelrepair.QModelFixer chooseAction
INFO: Choosing optimal action
apr. 17, 2020 2:12:53 A.M. hvl.projectparmorel.modelrepair.QModelFixer handleStep
INFO: Chose action delete in context 0 with weight 7942.500000000001
apr. 17, 2020 2:12:53 A.M. hvl.projectparmorel.modelrepair.QModelFixer handleStep
INFO: Next error code: 38
apr. 17, 2020 2:12:53 A.M. hvl.projectparmorel.modelrepair.QModelFixer handleStep
INFO: Calculating new Q-value:
Old Q-value: 7942.500000000001
Alpha: 0.765
Gamma: 1.0
Reward: 0
Next optimal action Q-value: 276.125
7942.500000000001 + 0.765 * (0 + 1.0 * 276.125 - 7942.500000000001) = 2077.7231250000004
apr. 17, 2020 2:12:53 A.M. hvl.projectparmorel.modelrepair.QModelFixer handleStep
INFO: Updated Q-table for error 401, context 0, action 99999 delete to new weight 2077.7231250000004


apr. 17, 2020 2:12:53 A.M. hvl.projectparmorel.modelrepair.QModelFixer handleEpisode
INFO: EPISODE 6, STEP 1, Fixing error 38: The default value literal 'Required' must be a valid literal of the attribute's type
apr. 17, 2020 2:12:53 A.M. hvl.projectparmorel.modelrepair.QModelFixer chooseAction
INFO: Choosing optimal action
apr. 17, 2020 2:12:53 A.M. hvl.projectparmorel.modelrepair.QModelFixer handleStep
INFO: Chose action setEType in context 0 with weight 276.125
apr. 17, 2020 2:12:53 A.M. hvl.projectparmorel.modelrepair.QModelFixer handleStep
INFO: Calculating new Q-value:
Old Q-value: 276.125
Alpha: 0.765

Reward: 0
276.125 + 0.765 * (0 - 276.125) = 64.889375
apr. 17, 2020 2:12:53 A.M. hvl.projectparmorel.modelrepair.QModelFixer handleStep
INFO: Updated Q-table for error 38, context 0, action -591535257 setEType to new weight 64.889375
apr. 17, 2020 2:12:53 A.M. hvl.projectparmorel.modelrepair.QModelFixer isUnique
INFO: Solution [ErrorAction [Error: 401 The typed element must have a type, Action: delete, Error hierarchy: 0]
, ErrorAction [Error: 38 The default value literal 'Required' must be a valid literal of the attribute's type, Action: setEType, Error hierarchy: 0]
] already exists.
apr. 17, 2020 2:12:53 A.M. hvl.projectparmorel.modelrepair.QModelFixer handleEpisode
INFO: Solution discarded.
apr. 17, 2020 2:12:53 A.M. hvl.projectparmorel.modelrepair.QModelFixer handleEpisode
INFO: EPISODE 6 TOTAL REWARD 0



apr. 17, 2020 2:12:53 A.M. hvl.projectparmorel.modelrepair.QModelFixer handleEpisode
INFO: EPISODE 7, STEP 0, Fixing error 401: The typed element must have a type
apr. 17, 2020 2:12:53 A.M. hvl.projectparmorel.modelrepair.QModelFixer chooseAction
INFO: Choosing optimal action
apr. 17, 2020 2:12:53 A.M. hvl.projectparmorel.modelrepair.QModelFixer handleStep
INFO: Chose action setEType in context 0 with weight 2912.5949404398143
apr. 17, 2020 2:12:53 A.M. hvl.projectparmorel.modelrepair.QModelFixer handleStep
INFO: Next error code: 38
apr. 17, 2020 2:12:53 A.M. hvl.projectparmorel.modelrepair.QModelFixer handleStep
INFO: Calculating new Q-value:
Old Q-value: 2912.5949404398143
Alpha: 0.7258333333333333
Gamma: 1.0
Reward: 0
Next optimal action Q-value: 64.889375
2912.5949404398143 + 0.7258333333333333 * (0 + 1.0 * 64.889375 - 2912.5949404398143) = 845.6353175247491
apr. 17, 2020 2:12:53 A.M. hvl.projectparmorel.modelrepair.QModelFixer handleStep
INFO: Updated Q-table for error 401, context 0, action 591449609 setEType to new weight 845.6353175247491


apr. 17, 2020 2:12:53 A.M. hvl.projectparmorel.modelrepair.QModelFixer handleEpisode
INFO: EPISODE 7, STEP 1, Fixing error 38: The default value literal 'Required' must be a valid literal of the attribute's type
apr. 17, 2020 2:12:53 A.M. hvl.projectparmorel.modelrepair.QModelFixer chooseAction
INFO: Choosing optimal action
apr. 17, 2020 2:12:53 A.M. hvl.projectparmorel.modelrepair.QModelFixer handleStep
INFO: Chose action setEType in context 0 with weight 64.889375
apr. 17, 2020 2:12:53 A.M. hvl.projectparmorel.modelrepair.QModelFixer handleStep
INFO: Calculating new Q-value:
Old Q-value: 64.889375
Alpha: 0.7258333333333333

Reward: 0
64.889375 + 0.7258333333333333 * (0 - 64.889375) = 17.790503645833333
apr. 17, 2020 2:12:53 A.M. hvl.projectparmorel.modelrepair.QModelFixer handleStep
INFO: Updated Q-table for error 38, context 0, action -591535257 setEType to new weight 17.790503645833333
apr. 17, 2020 2:12:53 A.M. hvl.projectparmorel.modelrepair.QModelFixer isUnique
INFO: Solution [ErrorAction [Error: 401 The typed element must have a type, Action: setEType, Error hierarchy: 0]
, ErrorAction [Error: 38 The default value literal 'Required' must be a valid literal of the attribute's type, Action: setEType, Error hierarchy: 0]
] already exists.
apr. 17, 2020 2:12:53 A.M. hvl.projectparmorel.modelrepair.QModelFixer handleEpisode
INFO: Solution discarded.
apr. 17, 2020 2:12:53 A.M. hvl.projectparmorel.modelrepair.QModelFixer handleEpisode
INFO: EPISODE 7 TOTAL REWARD 0



apr. 17, 2020 2:12:53 A.M. hvl.projectparmorel.modelrepair.QModelFixer handleEpisode
INFO: EPISODE 8, STEP 0, Fixing error 401: The typed element must have a type
apr. 17, 2020 2:12:53 A.M. hvl.projectparmorel.modelrepair.QModelFixer chooseAction
INFO: Choosing optimal action
apr. 17, 2020 2:12:53 A.M. hvl.projectparmorel.modelrepair.QModelFixer handleStep
INFO: Chose action delete in context 0 with weight 2077.7231250000004
apr. 17, 2020 2:12:53 A.M. hvl.projectparmorel.modelrepair.QModelFixer handleStep
INFO: Next error code: 38
apr. 17, 2020 2:12:53 A.M. hvl.projectparmorel.modelrepair.QModelFixer handleStep
INFO: Calculating new Q-value:
Old Q-value: 2077.7231250000004
Alpha: 0.6866666666666668
Gamma: 1.0
Reward: 0
Next optimal action Q-value: 17.790503645833333
2077.7231250000004 + 0.6866666666666668 * (0 + 1.0 * 17.790503645833333 - 2077.7231250000004) = 663.2360583368054
apr. 17, 2020 2:12:53 A.M. hvl.projectparmorel.modelrepair.QModelFixer handleStep
INFO: Updated Q-table for error 401, context 0, action 99999 delete to new weight 663.2360583368054


apr. 17, 2020 2:12:53 A.M. hvl.projectparmorel.modelrepair.QModelFixer handleEpisode
INFO: EPISODE 8, STEP 1, Fixing error 38: The default value literal 'Required' must be a valid literal of the attribute's type
apr. 17, 2020 2:12:53 A.M. hvl.projectparmorel.modelrepair.QModelFixer chooseAction
INFO: Choosing optimal action
apr. 17, 2020 2:12:53 A.M. hvl.projectparmorel.modelrepair.QModelFixer handleStep
INFO: Chose action setEType in context 0 with weight 17.790503645833333
apr. 17, 2020 2:12:53 A.M. hvl.projectparmorel.modelrepair.QModelFixer handleStep
INFO: Calculating new Q-value:
Old Q-value: 17.790503645833333
Alpha: 0.6866666666666668

Reward: 0
17.790503645833333 + 0.6866666666666668 * (0 - 17.790503645833333) = 5.5743578090277754
apr. 17, 2020 2:12:53 A.M. hvl.projectparmorel.modelrepair.QModelFixer handleStep
INFO: Updated Q-table for error 38, context 0, action -591535257 setEType to new weight 5.5743578090277754
apr. 17, 2020 2:12:53 A.M. hvl.projectparmorel.modelrepair.QModelFixer isUnique
INFO: Solution [ErrorAction [Error: 401 The typed element must have a type, Action: delete, Error hierarchy: 0]
, ErrorAction [Error: 38 The default value literal 'Required' must be a valid literal of the attribute's type, Action: setEType, Error hierarchy: 0]
] already exists.
apr. 17, 2020 2:12:53 A.M. hvl.projectparmorel.modelrepair.QModelFixer handleEpisode
INFO: Solution discarded.
apr. 17, 2020 2:12:53 A.M. hvl.projectparmorel.modelrepair.QModelFixer handleEpisode
INFO: EPISODE 8 TOTAL REWARD 0



apr. 17, 2020 2:12:53 A.M. hvl.projectparmorel.modelrepair.QModelFixer handleEpisode
INFO: EPISODE 9, STEP 0, Fixing error 401: The typed element must have a type
apr. 17, 2020 2:12:53 A.M. hvl.projectparmorel.modelrepair.QModelFixer chooseAction
INFO: Choosing optimal action
apr. 17, 2020 2:12:53 A.M. hvl.projectparmorel.modelrepair.QModelFixer handleStep
INFO: Chose action setEType in context 0 with weight 845.6353175247491
apr. 17, 2020 2:12:53 A.M. hvl.projectparmorel.modelrepair.QModelFixer handleStep
INFO: Next error code: 38
apr. 17, 2020 2:12:53 A.M. hvl.projectparmorel.modelrepair.QModelFixer handleStep
INFO: Calculating new Q-value:
Old Q-value: 845.6353175247491
Alpha: 0.6475
Gamma: 1.0
Reward: 0
Next optimal action Q-value: 5.5743578090277754
845.6353175247491 + 0.6475 * (0 + 1.0 * 5.5743578090277754 - 845.6353175247491) = 301.6958461088195
apr. 17, 2020 2:12:53 A.M. hvl.projectparmorel.modelrepair.QModelFixer handleStep
INFO: Updated Q-table for error 401, context 0, action 591449609 setEType to new weight 301.6958461088195


apr. 17, 2020 2:12:53 A.M. hvl.projectparmorel.modelrepair.QModelFixer handleEpisode
INFO: EPISODE 9, STEP 1, Fixing error 38: The default value literal 'Required' must be a valid literal of the attribute's type
apr. 17, 2020 2:12:53 A.M. hvl.projectparmorel.modelrepair.QModelFixer chooseAction
INFO: Choosing optimal action
apr. 17, 2020 2:12:53 A.M. hvl.projectparmorel.modelrepair.QModelFixer handleStep
INFO: Chose action setEType in context 0 with weight 5.5743578090277754
apr. 17, 2020 2:12:53 A.M. hvl.projectparmorel.modelrepair.QModelFixer handleStep
INFO: Calculating new Q-value:
Old Q-value: 5.5743578090277754
Alpha: 0.6475

Reward: 0
5.5743578090277754 + 0.6475 * (0 - 5.5743578090277754) = 1.9649611276822911
apr. 17, 2020 2:12:53 A.M. hvl.projectparmorel.modelrepair.QModelFixer handleStep
INFO: Updated Q-table for error 38, context 0, action -591535257 setEType to new weight 1.9649611276822911
apr. 17, 2020 2:12:53 A.M. hvl.projectparmorel.modelrepair.QModelFixer isUnique
INFO: Solution [ErrorAction [Error: 401 The typed element must have a type, Action: setEType, Error hierarchy: 0]
, ErrorAction [Error: 38 The default value literal 'Required' must be a valid literal of the attribute's type, Action: setEType, Error hierarchy: 0]
] already exists.
apr. 17, 2020 2:12:53 A.M. hvl.projectparmorel.modelrepair.QModelFixer handleEpisode
INFO: Solution discarded.
apr. 17, 2020 2:12:53 A.M. hvl.projectparmorel.modelrepair.QModelFixer handleEpisode
INFO: EPISODE 9 TOTAL REWARD 0



apr. 17, 2020 2:12:53 A.M. hvl.projectparmorel.modelrepair.QModelFixer handleEpisode
INFO: EPISODE 10, STEP 0, Fixing error 401: The typed element must have a type
apr. 17, 2020 2:12:53 A.M. hvl.projectparmorel.modelrepair.QModelFixer chooseAction
INFO: Choosing random action.
apr. 17, 2020 2:12:53 A.M. hvl.projectparmorel.modelrepair.QModelFixer handleStep
INFO: Chose action delete in context 0 with weight 663.2360583368054
apr. 17, 2020 2:12:53 A.M. hvl.projectparmorel.modelrepair.QModelFixer handleStep
INFO: Next error code: 38
apr. 17, 2020 2:12:53 A.M. hvl.projectparmorel.modelrepair.QModelFixer handleStep
INFO: Calculating new Q-value:
Old Q-value: 663.2360583368054
Alpha: 0.6083333333333334
Gamma: 1.0
Reward: 0
Next optimal action Q-value: 4.542256250000001
663.2360583368054 + 0.6083333333333334 * (0 + 1.0 * 4.542256250000001 - 663.2360583368054) = 262.5306620673321
apr. 17, 2020 2:12:53 A.M. hvl.projectparmorel.modelrepair.QModelFixer handleStep
INFO: Updated Q-table for error 401, context 0, action 99999 delete to new weight 262.5306620673321


apr. 17, 2020 2:12:53 A.M. hvl.projectparmorel.modelrepair.QModelFixer handleEpisode
INFO: EPISODE 10, STEP 1, Fixing error 38: The default value literal 'Required' must be a valid literal of the attribute's type
apr. 17, 2020 2:12:53 A.M. hvl.projectparmorel.modelrepair.QModelFixer chooseAction
INFO: Choosing optimal action
apr. 17, 2020 2:12:53 A.M. hvl.projectparmorel.modelrepair.QModelFixer handleStep
INFO: Chose action delete in context 0 with weight 4.542256250000001
apr. 17, 2020 2:12:53 A.M. hvl.projectparmorel.modelrepair.QModelFixer handleStep
INFO: Calculating new Q-value:
Old Q-value: 4.542256250000001
Alpha: 0.6083333333333334

Reward: 0
4.542256250000001 + 0.6083333333333334 * (0 - 4.542256250000001) = 1.7790503645833335
apr. 17, 2020 2:12:53 A.M. hvl.projectparmorel.modelrepair.QModelFixer handleStep
INFO: Updated Q-table for error 38, context 0, action 99999 delete to new weight 1.7790503645833335
apr. 17, 2020 2:12:53 A.M. hvl.projectparmorel.modelrepair.QModelFixer isUnique
INFO: Solution [ErrorAction [Error: 401 The typed element must have a type, Action: delete, Error hierarchy: 0]
, ErrorAction [Error: 38 The default value literal 'Required' must be a valid literal of the attribute's type, Action: delete, Error hierarchy: 0]
] already exists.
apr. 17, 2020 2:12:53 A.M. hvl.projectparmorel.modelrepair.QModelFixer handleEpisode
INFO: Solution discarded.
apr. 17, 2020 2:12:53 A.M. hvl.projectparmorel.modelrepair.QModelFixer handleEpisode
INFO: EPISODE 10 TOTAL REWARD 0



apr. 17, 2020 2:12:53 A.M. hvl.projectparmorel.modelrepair.QModelFixer handleEpisode
INFO: EPISODE 11, STEP 0, Fixing error 401: The typed element must have a type
apr. 17, 2020 2:12:53 A.M. hvl.projectparmorel.modelrepair.QModelFixer chooseAction
INFO: Choosing random action.
apr. 17, 2020 2:12:53 A.M. hvl.projectparmorel.modelrepair.QModelFixer handleStep
INFO: Chose action delete in context 0 with weight 262.5306620673321
apr. 17, 2020 2:12:53 A.M. hvl.projectparmorel.modelrepair.QModelFixer handleStep
INFO: Next error code: 38
apr. 17, 2020 2:12:53 A.M. hvl.projectparmorel.modelrepair.QModelFixer handleStep
INFO: Calculating new Q-value:
Old Q-value: 262.5306620673321
Alpha: 0.5691666666666666
Gamma: 1.0
Reward: 0
Next optimal action Q-value: 1.9649611276822911
262.5306620673321 + 0.5691666666666666 * (0 + 1.0 * 1.9649611276822911 - 262.5306620673321) = 114.2253506158481
apr. 17, 2020 2:12:53 A.M. hvl.projectparmorel.modelrepair.QModelFixer handleStep
INFO: Updated Q-table for error 401, context 0, action 99999 delete to new weight 114.2253506158481


apr. 17, 2020 2:12:53 A.M. hvl.projectparmorel.modelrepair.QModelFixer handleEpisode
INFO: EPISODE 11, STEP 1, Fixing error 38: The default value literal 'Required' must be a valid literal of the attribute's type
apr. 17, 2020 2:12:53 A.M. hvl.projectparmorel.modelrepair.QModelFixer chooseAction
INFO: Choosing optimal action
apr. 17, 2020 2:12:53 A.M. hvl.projectparmorel.modelrepair.QModelFixer handleStep
INFO: Chose action setEType in context 0 with weight 1.9649611276822911
apr. 17, 2020 2:12:53 A.M. hvl.projectparmorel.modelrepair.QModelFixer handleStep
INFO: Calculating new Q-value:
Old Q-value: 1.9649611276822911
Alpha: 0.5691666666666666

Reward: 0
1.9649611276822911 + 0.5691666666666666 * (0 - 1.9649611276822911) = 0.8465707525097872
apr. 17, 2020 2:12:53 A.M. hvl.projectparmorel.modelrepair.QModelFixer handleStep
INFO: Updated Q-table for error 38, context 0, action -591535257 setEType to new weight 0.8465707525097872
apr. 17, 2020 2:12:53 A.M. hvl.projectparmorel.modelrepair.QModelFixer isUnique
INFO: Solution [ErrorAction [Error: 401 The typed element must have a type, Action: delete, Error hierarchy: 0]
, ErrorAction [Error: 38 The default value literal 'Required' must be a valid literal of the attribute's type, Action: setEType, Error hierarchy: 0]
] already exists.
apr. 17, 2020 2:12:53 A.M. hvl.projectparmorel.modelrepair.QModelFixer handleEpisode
INFO: Solution discarded.
apr. 17, 2020 2:12:53 A.M. hvl.projectparmorel.modelrepair.QModelFixer handleEpisode
INFO: EPISODE 11 TOTAL REWARD 0



apr. 17, 2020 2:12:53 A.M. hvl.projectparmorel.modelrepair.QModelFixer handleEpisode
INFO: EPISODE 12, STEP 0, Fixing error 401: The typed element must have a type
apr. 17, 2020 2:12:53 A.M. hvl.projectparmorel.modelrepair.QModelFixer chooseAction
INFO: Choosing random action.
apr. 17, 2020 2:12:53 A.M. hvl.projectparmorel.modelrepair.QModelFixer handleStep
INFO: Chose action setEType in context 0 with weight 301.6958461088195
apr. 17, 2020 2:12:53 A.M. hvl.projectparmorel.modelrepair.QModelFixer handleStep
INFO: Next error code: 38
apr. 17, 2020 2:12:53 A.M. hvl.projectparmorel.modelrepair.QModelFixer handleStep
INFO: Calculating new Q-value:
Old Q-value: 301.6958461088195
Alpha: 0.53
Gamma: 1.0
Reward: 0
Next optimal action Q-value: 1.7790503645833335
301.6958461088195 + 0.53 * (0 + 1.0 * 1.7790503645833335 - 301.6958461088195) = 142.73994436437434
apr. 17, 2020 2:12:53 A.M. hvl.projectparmorel.modelrepair.QModelFixer handleStep
INFO: Updated Q-table for error 401, context 0, action 591449609 setEType to new weight 142.73994436437434


apr. 17, 2020 2:12:53 A.M. hvl.projectparmorel.modelrepair.QModelFixer handleEpisode
INFO: EPISODE 12, STEP 1, Fixing error 38: The default value literal 'Required' must be a valid literal of the attribute's type
apr. 17, 2020 2:12:53 A.M. hvl.projectparmorel.modelrepair.QModelFixer chooseAction
INFO: Choosing optimal action
apr. 17, 2020 2:12:53 A.M. hvl.projectparmorel.modelrepair.QModelFixer handleStep
INFO: Chose action delete in context 0 with weight 1.7790503645833335
apr. 17, 2020 2:12:54 A.M. hvl.projectparmorel.modelrepair.QModelFixer handleStep
INFO: Calculating new Q-value:
Old Q-value: 1.7790503645833335
Alpha: 0.53

Reward: 0
1.7790503645833335 + 0.53 * (0 - 1.7790503645833335) = 0.8361536713541667
apr. 17, 2020 2:12:54 A.M. hvl.projectparmorel.modelrepair.QModelFixer handleStep
INFO: Updated Q-table for error 38, context 0, action 99999 delete to new weight 0.8361536713541667
apr. 17, 2020 2:12:54 A.M. hvl.projectparmorel.modelrepair.QModelFixer isUnique
INFO: Solution [ErrorAction [Error: 401 The typed element must have a type, Action: setEType, Error hierarchy: 0]
, ErrorAction [Error: 38 The default value literal 'Required' must be a valid literal of the attribute's type, Action: delete, Error hierarchy: 0]
] already exists.
apr. 17, 2020 2:12:54 A.M. hvl.projectparmorel.modelrepair.QModelFixer handleEpisode
INFO: Solution discarded.
apr. 17, 2020 2:12:54 A.M. hvl.projectparmorel.modelrepair.QModelFixer handleEpisode
INFO: EPISODE 12 TOTAL REWARD 0



apr. 17, 2020 2:12:54 A.M. hvl.projectparmorel.modelrepair.QModelFixer handleEpisode
INFO: EPISODE 13, STEP 0, Fixing error 401: The typed element must have a type
apr. 17, 2020 2:12:54 A.M. hvl.projectparmorel.modelrepair.QModelFixer chooseAction
INFO: Choosing optimal action
apr. 17, 2020 2:12:54 A.M. hvl.projectparmorel.modelrepair.QModelFixer handleStep
INFO: Chose action setEType in context 0 with weight 142.73994436437434
apr. 17, 2020 2:12:54 A.M. hvl.projectparmorel.modelrepair.QModelFixer handleStep
INFO: Next error code: 38
apr. 17, 2020 2:12:54 A.M. hvl.projectparmorel.modelrepair.QModelFixer handleStep
INFO: Calculating new Q-value:
Old Q-value: 142.73994436437434
Alpha: 0.49083333333333334
Gamma: 1.0
Reward: 0
Next optimal action Q-value: 0.8465707525097872
142.73994436437434 + 0.49083333333333334 * (0 + 1.0 * 0.8465707525097872 - 142.73994436437434) = 73.09394681655083
apr. 17, 2020 2:12:54 A.M. hvl.projectparmorel.modelrepair.QModelFixer handleStep
INFO: Updated Q-table for error 401, context 0, action 591449609 setEType to new weight 73.09394681655083


apr. 17, 2020 2:12:54 A.M. hvl.projectparmorel.modelrepair.QModelFixer handleEpisode
INFO: EPISODE 13, STEP 1, Fixing error 38: The default value literal 'Required' must be a valid literal of the attribute's type
apr. 17, 2020 2:12:54 A.M. hvl.projectparmorel.modelrepair.QModelFixer chooseAction
INFO: Choosing optimal action
apr. 17, 2020 2:12:54 A.M. hvl.projectparmorel.modelrepair.QModelFixer handleStep
INFO: Chose action setEType in context 0 with weight 0.8465707525097872
apr. 17, 2020 2:12:54 A.M. hvl.projectparmorel.modelrepair.QModelFixer handleStep
INFO: Calculating new Q-value:
Old Q-value: 0.8465707525097872
Alpha: 0.49083333333333334

Reward: 0
0.8465707525097872 + 0.49083333333333334 * (0 - 0.8465707525097872) = 0.4310456081529
apr. 17, 2020 2:12:54 A.M. hvl.projectparmorel.modelrepair.QModelFixer handleStep
INFO: Updated Q-table for error 38, context 0, action -591535257 setEType to new weight 0.4310456081529
apr. 17, 2020 2:12:54 A.M. hvl.projectparmorel.modelrepair.QModelFixer isUnique
INFO: Solution [ErrorAction [Error: 401 The typed element must have a type, Action: setEType, Error hierarchy: 0]
, ErrorAction [Error: 38 The default value literal 'Required' must be a valid literal of the attribute's type, Action: setEType, Error hierarchy: 0]
] already exists.
apr. 17, 2020 2:12:54 A.M. hvl.projectparmorel.modelrepair.QModelFixer handleEpisode
INFO: Solution discarded.
apr. 17, 2020 2:12:54 A.M. hvl.projectparmorel.modelrepair.QModelFixer handleEpisode
INFO: EPISODE 13 TOTAL REWARD 0



apr. 17, 2020 2:12:54 A.M. hvl.projectparmorel.modelrepair.QModelFixer handleEpisode
INFO: EPISODE 14, STEP 0, Fixing error 401: The typed element must have a type
apr. 17, 2020 2:12:54 A.M. hvl.projectparmorel.modelrepair.QModelFixer chooseAction
INFO: Choosing optimal action
apr. 17, 2020 2:12:54 A.M. hvl.projectparmorel.modelrepair.QModelFixer handleStep
INFO: Chose action delete in context 0 with weight 114.2253506158481
apr. 17, 2020 2:12:54 A.M. hvl.projectparmorel.modelrepair.QModelFixer handleStep
INFO: Next error code: 38
apr. 17, 2020 2:12:54 A.M. hvl.projectparmorel.modelrepair.QModelFixer handleStep
INFO: Calculating new Q-value:
Old Q-value: 114.2253506158481
Alpha: 0.45166666666666666
Gamma: 1.0
Reward: 0
Next optimal action Q-value: 0.8361536713541667
114.2253506158481 + 0.45166666666666666 * (0 + 1.0 * 0.8361536713541667 - 114.2253506158481) = 63.01122999591834
apr. 17, 2020 2:12:54 A.M. hvl.projectparmorel.modelrepair.QModelFixer handleStep
INFO: Updated Q-table for error 401, context 0, action 99999 delete to new weight 63.01122999591834


apr. 17, 2020 2:12:54 A.M. hvl.projectparmorel.modelrepair.QModelFixer handleEpisode
INFO: EPISODE 14, STEP 1, Fixing error 38: The default value literal 'Required' must be a valid literal of the attribute's type
apr. 17, 2020 2:12:54 A.M. hvl.projectparmorel.modelrepair.QModelFixer chooseAction
INFO: Choosing optimal action
apr. 17, 2020 2:12:54 A.M. hvl.projectparmorel.modelrepair.QModelFixer handleStep
INFO: Chose action delete in context 0 with weight 0.8361536713541667
apr. 17, 2020 2:12:54 A.M. hvl.projectparmorel.modelrepair.QModelFixer handleStep
INFO: Calculating new Q-value:
Old Q-value: 0.8361536713541667
Alpha: 0.45166666666666666

Reward: 0
0.8361536713541667 + 0.45166666666666666 * (0 - 0.8361536713541667) = 0.45849092979253475
apr. 17, 2020 2:12:54 A.M. hvl.projectparmorel.modelrepair.QModelFixer handleStep
INFO: Updated Q-table for error 38, context 0, action 99999 delete to new weight 0.45849092979253475
apr. 17, 2020 2:12:54 A.M. hvl.projectparmorel.modelrepair.QModelFixer isUnique
INFO: Solution [ErrorAction [Error: 401 The typed element must have a type, Action: delete, Error hierarchy: 0]
, ErrorAction [Error: 38 The default value literal 'Required' must be a valid literal of the attribute's type, Action: delete, Error hierarchy: 0]
] already exists.
apr. 17, 2020 2:12:54 A.M. hvl.projectparmorel.modelrepair.QModelFixer handleEpisode
INFO: Solution discarded.
apr. 17, 2020 2:12:54 A.M. hvl.projectparmorel.modelrepair.QModelFixer handleEpisode
INFO: EPISODE 14 TOTAL REWARD 0



apr. 17, 2020 2:12:54 A.M. hvl.projectparmorel.modelrepair.QModelFixer handleEpisode
INFO: EPISODE 15, STEP 0, Fixing error 401: The typed element must have a type
apr. 17, 2020 2:12:54 A.M. hvl.projectparmorel.modelrepair.QModelFixer chooseAction
INFO: Choosing optimal action
apr. 17, 2020 2:12:54 A.M. hvl.projectparmorel.modelrepair.QModelFixer handleStep
INFO: Chose action setEType in context 0 with weight 73.09394681655083
apr. 17, 2020 2:12:54 A.M. hvl.projectparmorel.modelrepair.QModelFixer handleStep
INFO: Next error code: 38
apr. 17, 2020 2:12:54 A.M. hvl.projectparmorel.modelrepair.QModelFixer handleStep
INFO: Calculating new Q-value:
Old Q-value: 73.09394681655083
Alpha: 0.4125
Gamma: 1.0
Reward: 0
Next optimal action Q-value: 0.45849092979253475
73.09394681655083 + 0.4125 * (0 + 1.0 * 0.45849092979253475 - 73.09394681655083) = 43.131821263263035
apr. 17, 2020 2:12:54 A.M. hvl.projectparmorel.modelrepair.QModelFixer handleStep
INFO: Updated Q-table for error 401, context 0, action 591449609 setEType to new weight 43.131821263263035


apr. 17, 2020 2:12:54 A.M. hvl.projectparmorel.modelrepair.QModelFixer handleEpisode
INFO: EPISODE 15, STEP 1, Fixing error 38: The default value literal 'Required' must be a valid literal of the attribute's type
apr. 17, 2020 2:12:54 A.M. hvl.projectparmorel.modelrepair.QModelFixer chooseAction
INFO: Choosing optimal action
apr. 17, 2020 2:12:54 A.M. hvl.projectparmorel.modelrepair.QModelFixer handleStep
INFO: Chose action delete in context 0 with weight 0.45849092979253475
apr. 17, 2020 2:12:54 A.M. hvl.projectparmorel.modelrepair.QModelFixer handleStep
INFO: Calculating new Q-value:
Old Q-value: 0.45849092979253475
Alpha: 0.4125

Reward: 0
0.45849092979253475 + 0.4125 * (0 - 0.45849092979253475) = 0.2693634212531142
apr. 17, 2020 2:12:54 A.M. hvl.projectparmorel.modelrepair.QModelFixer handleStep
INFO: Updated Q-table for error 38, context 0, action 99999 delete to new weight 0.2693634212531142
apr. 17, 2020 2:12:54 A.M. hvl.projectparmorel.modelrepair.QModelFixer isUnique
INFO: Solution [ErrorAction [Error: 401 The typed element must have a type, Action: setEType, Error hierarchy: 0]
, ErrorAction [Error: 38 The default value literal 'Required' must be a valid literal of the attribute's type, Action: delete, Error hierarchy: 0]
] already exists.
apr. 17, 2020 2:12:54 A.M. hvl.projectparmorel.modelrepair.QModelFixer handleEpisode
INFO: Solution discarded.
apr. 17, 2020 2:12:54 A.M. hvl.projectparmorel.modelrepair.QModelFixer handleEpisode
INFO: EPISODE 15 TOTAL REWARD 0



apr. 17, 2020 2:12:54 A.M. hvl.projectparmorel.modelrepair.QModelFixer handleEpisode
INFO: EPISODE 16, STEP 0, Fixing error 401: The typed element must have a type
apr. 17, 2020 2:12:54 A.M. hvl.projectparmorel.modelrepair.QModelFixer chooseAction
INFO: Choosing optimal action
apr. 17, 2020 2:12:54 A.M. hvl.projectparmorel.modelrepair.QModelFixer handleStep
INFO: Chose action delete in context 0 with weight 63.01122999591834
apr. 17, 2020 2:12:54 A.M. hvl.projectparmorel.modelrepair.QModelFixer handleStep
INFO: Next error code: 38
apr. 17, 2020 2:12:54 A.M. hvl.projectparmorel.modelrepair.QModelFixer handleStep
INFO: Calculating new Q-value:
Old Q-value: 63.01122999591834
Alpha: 0.3733333333333334
Gamma: 1.0
Reward: 0
Next optimal action Q-value: 0.4310456081529
63.01122999591834 + 0.3733333333333334 * (0 + 1.0 * 0.4310456081529 - 63.01122999591834) = 39.64796115781924
apr. 17, 2020 2:12:54 A.M. hvl.projectparmorel.modelrepair.QModelFixer handleStep
INFO: Updated Q-table for error 401, context 0, action 99999 delete to new weight 39.64796115781924


apr. 17, 2020 2:12:54 A.M. hvl.projectparmorel.modelrepair.QModelFixer handleEpisode
INFO: EPISODE 16, STEP 1, Fixing error 38: The default value literal 'Required' must be a valid literal of the attribute's type
apr. 17, 2020 2:12:54 A.M. hvl.projectparmorel.modelrepair.QModelFixer chooseAction
INFO: Choosing random action.
apr. 17, 2020 2:12:54 A.M. hvl.projectparmorel.modelrepair.QModelFixer handleStep
INFO: Chose action setEType in context 0 with weight 0.0
apr. 17, 2020 2:12:54 A.M. hvl.projectparmorel.modelrepair.QModelFixer handleStep
INFO: Calculating new Q-value:
Old Q-value: 0.0
Alpha: 0.3733333333333334

Reward: 0
0.0 + 0.3733333333333334 * (0 - 0.0) = 0.0
apr. 17, 2020 2:12:54 A.M. hvl.projectparmorel.modelrepair.QModelFixer handleStep
INFO: Updated Q-table for error 38, context 0, action 591449609 setEType to new weight 0.0
apr. 17, 2020 2:12:54 A.M. hvl.projectparmorel.modelrepair.QModelFixer isUnique
INFO: Solution [ErrorAction [Error: 401 The typed element must have a type, Action: delete, Error hierarchy: 0]
, ErrorAction [Error: 38 The default value literal 'Required' must be a valid literal of the attribute's type, Action: setEType, Error hierarchy: 0]
] already exists.
apr. 17, 2020 2:12:54 A.M. hvl.projectparmorel.modelrepair.QModelFixer handleEpisode
INFO: Solution discarded.
apr. 17, 2020 2:12:54 A.M. hvl.projectparmorel.modelrepair.QModelFixer handleEpisode
INFO: EPISODE 16 TOTAL REWARD 0



apr. 17, 2020 2:12:54 A.M. hvl.projectparmorel.modelrepair.QModelFixer handleEpisode
INFO: EPISODE 17, STEP 0, Fixing error 401: The typed element must have a type
apr. 17, 2020 2:12:54 A.M. hvl.projectparmorel.modelrepair.QModelFixer chooseAction
INFO: Choosing optimal action
apr. 17, 2020 2:12:54 A.M. hvl.projectparmorel.modelrepair.QModelFixer handleStep
INFO: Chose action setEType in context 0 with weight 43.131821263263035
apr. 17, 2020 2:12:54 A.M. hvl.projectparmorel.modelrepair.QModelFixer handleStep
INFO: Next error code: 38
apr. 17, 2020 2:12:54 A.M. hvl.projectparmorel.modelrepair.QModelFixer handleStep
INFO: Calculating new Q-value:
Old Q-value: 43.131821263263035
Alpha: 0.3341666666666667
Gamma: 1.0
Reward: 0
Next optimal action Q-value: 0.4310456081529
43.131821263263035 + 0.3341666666666667 * (0 + 1.0 * 0.4310456081529 - 43.131821263263035) = 28.862645398513727
apr. 17, 2020 2:12:54 A.M. hvl.projectparmorel.modelrepair.QModelFixer handleStep
INFO: Updated Q-table for error 401, context 0, action 591449609 setEType to new weight 28.862645398513727


apr. 17, 2020 2:12:54 A.M. hvl.projectparmorel.modelrepair.QModelFixer handleEpisode
INFO: EPISODE 17, STEP 1, Fixing error 38: The default value literal 'Required' must be a valid literal of the attribute's type
apr. 17, 2020 2:12:54 A.M. hvl.projectparmorel.modelrepair.QModelFixer chooseAction
INFO: Choosing optimal action
apr. 17, 2020 2:12:54 A.M. hvl.projectparmorel.modelrepair.QModelFixer handleStep
INFO: Chose action setEType in context 0 with weight 0.4310456081529
apr. 17, 2020 2:12:54 A.M. hvl.projectparmorel.modelrepair.QModelFixer handleStep
INFO: Calculating new Q-value:
Old Q-value: 0.4310456081529
Alpha: 0.3341666666666667

Reward: 0
0.4310456081529 + 0.3341666666666667 * (0 - 0.4310456081529) = 0.28700453409513926
apr. 17, 2020 2:12:54 A.M. hvl.projectparmorel.modelrepair.QModelFixer handleStep
INFO: Updated Q-table for error 38, context 0, action -591535257 setEType to new weight 0.28700453409513926
apr. 17, 2020 2:12:54 A.M. hvl.projectparmorel.modelrepair.QModelFixer isUnique
INFO: Solution [ErrorAction [Error: 401 The typed element must have a type, Action: setEType, Error hierarchy: 0]
, ErrorAction [Error: 38 The default value literal 'Required' must be a valid literal of the attribute's type, Action: setEType, Error hierarchy: 0]
] already exists.
apr. 17, 2020 2:12:54 A.M. hvl.projectparmorel.modelrepair.QModelFixer handleEpisode
INFO: Solution discarded.
apr. 17, 2020 2:12:54 A.M. hvl.projectparmorel.modelrepair.QModelFixer handleEpisode
INFO: EPISODE 17 TOTAL REWARD 0



apr. 17, 2020 2:12:54 A.M. hvl.projectparmorel.modelrepair.QModelFixer handleEpisode
INFO: EPISODE 18, STEP 0, Fixing error 401: The typed element must have a type
apr. 17, 2020 2:12:54 A.M. hvl.projectparmorel.modelrepair.QModelFixer chooseAction
INFO: Choosing random action.
apr. 17, 2020 2:12:54 A.M. hvl.projectparmorel.modelrepair.QModelFixer handleStep
INFO: Chose action setEType in context 0 with weight 28.862645398513727
apr. 17, 2020 2:12:54 A.M. hvl.projectparmorel.modelrepair.QModelFixer handleStep
INFO: Next error code: 38
apr. 17, 2020 2:12:54 A.M. hvl.projectparmorel.modelrepair.QModelFixer handleStep
INFO: Calculating new Q-value:
Old Q-value: 28.862645398513727
Alpha: 0.29500000000000004
Gamma: 1.0
Reward: 0
Next optimal action Q-value: 0.28700453409513926
28.862645398513727 + 0.29500000000000004 * (0 + 1.0 * 0.28700453409513926 - 28.862645398513727) = 20.432831343510244
apr. 17, 2020 2:12:54 A.M. hvl.projectparmorel.modelrepair.QModelFixer handleStep
INFO: Updated Q-table for error 401, context 0, action 591449609 setEType to new weight 20.432831343510244


apr. 17, 2020 2:12:54 A.M. hvl.projectparmorel.modelrepair.QModelFixer handleEpisode
INFO: EPISODE 18, STEP 1, Fixing error 38: The default value literal 'Required' must be a valid literal of the attribute's type
apr. 17, 2020 2:12:54 A.M. hvl.projectparmorel.modelrepair.QModelFixer chooseAction
INFO: Choosing optimal action
apr. 17, 2020 2:12:54 A.M. hvl.projectparmorel.modelrepair.QModelFixer handleStep
INFO: Chose action setEType in context 0 with weight 0.28700453409513926
apr. 17, 2020 2:12:54 A.M. hvl.projectparmorel.modelrepair.QModelFixer handleStep
INFO: Calculating new Q-value:
Old Q-value: 0.28700453409513926
Alpha: 0.29500000000000004

Reward: 0
0.28700453409513926 + 0.29500000000000004 * (0 - 0.28700453409513926) = 0.2023381965370732
apr. 17, 2020 2:12:54 A.M. hvl.projectparmorel.modelrepair.QModelFixer handleStep
INFO: Updated Q-table for error 38, context 0, action -591535257 setEType to new weight 0.2023381965370732
apr. 17, 2020 2:12:54 A.M. hvl.projectparmorel.modelrepair.QModelFixer isUnique
INFO: Solution [ErrorAction [Error: 401 The typed element must have a type, Action: setEType, Error hierarchy: 0]
, ErrorAction [Error: 38 The default value literal 'Required' must be a valid literal of the attribute's type, Action: setEType, Error hierarchy: 0]
] already exists.
apr. 17, 2020 2:12:54 A.M. hvl.projectparmorel.modelrepair.QModelFixer handleEpisode
INFO: Solution discarded.
apr. 17, 2020 2:12:54 A.M. hvl.projectparmorel.modelrepair.QModelFixer handleEpisode
INFO: EPISODE 18 TOTAL REWARD 0



apr. 17, 2020 2:12:54 A.M. hvl.projectparmorel.modelrepair.QModelFixer handleEpisode
INFO: EPISODE 19, STEP 0, Fixing error 401: The typed element must have a type
apr. 17, 2020 2:12:54 A.M. hvl.projectparmorel.modelrepair.QModelFixer chooseAction
INFO: Choosing optimal action
apr. 17, 2020 2:12:54 A.M. hvl.projectparmorel.modelrepair.QModelFixer handleStep
INFO: Chose action delete in context 0 with weight 39.64796115781924
apr. 17, 2020 2:12:54 A.M. hvl.projectparmorel.modelrepair.QModelFixer handleStep
INFO: Next error code: 38
apr. 17, 2020 2:12:54 A.M. hvl.projectparmorel.modelrepair.QModelFixer handleStep
INFO: Calculating new Q-value:
Old Q-value: 39.64796115781924
Alpha: 0.25583333333333336
Gamma: 1.0
Reward: 0
Next optimal action Q-value: 0.2693634212531142
39.64796115781924 + 0.25583333333333336 * (0 + 1.0 * 0.2693634212531142 - 39.64796115781924) = 29.57360323688107
apr. 17, 2020 2:12:54 A.M. hvl.projectparmorel.modelrepair.QModelFixer handleStep
INFO: Updated Q-table for error 401, context 0, action 99999 delete to new weight 29.57360323688107


apr. 17, 2020 2:12:54 A.M. hvl.projectparmorel.modelrepair.QModelFixer handleEpisode
INFO: EPISODE 19, STEP 1, Fixing error 38: The default value literal 'Required' must be a valid literal of the attribute's type
apr. 17, 2020 2:12:54 A.M. hvl.projectparmorel.modelrepair.QModelFixer chooseAction
INFO: Choosing random action.
apr. 17, 2020 2:12:54 A.M. hvl.projectparmorel.modelrepair.QModelFixer handleStep
INFO: Chose action delete in context 0 with weight 0.2693634212531142
apr. 17, 2020 2:12:54 A.M. hvl.projectparmorel.modelrepair.QModelFixer handleStep
INFO: Calculating new Q-value:
Old Q-value: 0.2693634212531142
Alpha: 0.25583333333333336

Reward: 0
0.2693634212531142 + 0.25583333333333336 * (0 - 0.2693634212531142) = 0.20045127931585915
apr. 17, 2020 2:12:54 A.M. hvl.projectparmorel.modelrepair.QModelFixer handleStep
INFO: Updated Q-table for error 38, context 0, action 99999 delete to new weight 0.20045127931585915
apr. 17, 2020 2:12:54 A.M. hvl.projectparmorel.modelrepair.QModelFixer isUnique
INFO: Solution [ErrorAction [Error: 401 The typed element must have a type, Action: delete, Error hierarchy: 0]
, ErrorAction [Error: 38 The default value literal 'Required' must be a valid literal of the attribute's type, Action: delete, Error hierarchy: 0]
] already exists.
apr. 17, 2020 2:12:54 A.M. hvl.projectparmorel.modelrepair.QModelFixer handleEpisode
INFO: Solution discarded.
apr. 17, 2020 2:12:54 A.M. hvl.projectparmorel.modelrepair.QModelFixer handleEpisode
INFO: EPISODE 19 TOTAL REWARD 0



apr. 17, 2020 2:12:54 A.M. hvl.projectparmorel.modelrepair.QModelFixer handleEpisode
INFO: EPISODE 20, STEP 0, Fixing error 401: The typed element must have a type
apr. 17, 2020 2:12:54 A.M. hvl.projectparmorel.modelrepair.QModelFixer chooseAction
INFO: Choosing optimal action
apr. 17, 2020 2:12:54 A.M. hvl.projectparmorel.modelrepair.QModelFixer handleStep
INFO: Chose action delete in context 0 with weight 29.57360323688107
apr. 17, 2020 2:12:54 A.M. hvl.projectparmorel.modelrepair.QModelFixer handleStep
INFO: Next error code: 38
apr. 17, 2020 2:12:54 A.M. hvl.projectparmorel.modelrepair.QModelFixer handleStep
INFO: Calculating new Q-value:
Old Q-value: 29.57360323688107
Alpha: 0.21666666666666679
Gamma: 1.0
Reward: 0
Next optimal action Q-value: 0.2023381965370732
29.57360323688107 + 0.21666666666666679 * (0 + 1.0 * 0.2023381965370732 - 29.57360323688107) = 23.209829144806534
apr. 17, 2020 2:12:54 A.M. hvl.projectparmorel.modelrepair.QModelFixer handleStep
INFO: Updated Q-table for error 401, context 0, action 99999 delete to new weight 23.209829144806534


apr. 17, 2020 2:12:54 A.M. hvl.projectparmorel.modelrepair.QModelFixer handleEpisode
INFO: EPISODE 20, STEP 1, Fixing error 38: The default value literal 'Required' must be a valid literal of the attribute's type
apr. 17, 2020 2:12:54 A.M. hvl.projectparmorel.modelrepair.QModelFixer chooseAction
INFO: Choosing random action.
apr. 17, 2020 2:12:54 A.M. hvl.projectparmorel.modelrepair.QModelFixer handleStep
INFO: Chose action setEType in context 0 with weight 0.0
apr. 17, 2020 2:12:54 A.M. hvl.projectparmorel.modelrepair.QModelFixer handleStep
INFO: Calculating new Q-value:
Old Q-value: 0.0
Alpha: 0.21666666666666679

Reward: 0
0.0 + 0.21666666666666679 * (0 - 0.0) = 0.0
apr. 17, 2020 2:12:54 A.M. hvl.projectparmorel.modelrepair.QModelFixer handleStep
INFO: Updated Q-table for error 38, context 0, action 591449609 setEType to new weight 0.0
apr. 17, 2020 2:12:54 A.M. hvl.projectparmorel.modelrepair.QModelFixer isUnique
INFO: Solution [ErrorAction [Error: 401 The typed element must have a type, Action: delete, Error hierarchy: 0]
, ErrorAction [Error: 38 The default value literal 'Required' must be a valid literal of the attribute's type, Action: setEType, Error hierarchy: 0]
] already exists.
apr. 17, 2020 2:12:54 A.M. hvl.projectparmorel.modelrepair.QModelFixer handleEpisode
INFO: Solution discarded.
apr. 17, 2020 2:12:54 A.M. hvl.projectparmorel.modelrepair.QModelFixer handleEpisode
INFO: EPISODE 20 TOTAL REWARD 0



apr. 17, 2020 2:12:54 A.M. hvl.projectparmorel.modelrepair.QModelFixer handleEpisode
INFO: EPISODE 21, STEP 0, Fixing error 401: The typed element must have a type
apr. 17, 2020 2:12:54 A.M. hvl.projectparmorel.modelrepair.QModelFixer chooseAction
INFO: Choosing optimal action
apr. 17, 2020 2:12:54 A.M. hvl.projectparmorel.modelrepair.QModelFixer handleStep
INFO: Chose action delete in context 0 with weight 23.209829144806534
apr. 17, 2020 2:12:54 A.M. hvl.projectparmorel.modelrepair.QModelFixer handleStep
INFO: Next error code: 38
apr. 17, 2020 2:12:54 A.M. hvl.projectparmorel.modelrepair.QModelFixer handleStep
INFO: Calculating new Q-value:
Old Q-value: 23.209829144806534
Alpha: 0.1775000000000001
Gamma: 1.0
Reward: 0
Next optimal action Q-value: 0.2023381965370732
23.209829144806534 + 0.1775000000000001 * (0 + 1.0 * 0.2023381965370732 - 23.209829144806534) = 19.125999501488703
apr. 17, 2020 2:12:54 A.M. hvl.projectparmorel.modelrepair.QModelFixer handleStep
INFO: Updated Q-table for error 401, context 0, action 99999 delete to new weight 19.125999501488703


apr. 17, 2020 2:12:54 A.M. hvl.projectparmorel.modelrepair.QModelFixer handleEpisode
INFO: EPISODE 21, STEP 1, Fixing error 38: The default value literal 'Required' must be a valid literal of the attribute's type
apr. 17, 2020 2:12:54 A.M. hvl.projectparmorel.modelrepair.QModelFixer chooseAction
INFO: Choosing optimal action
apr. 17, 2020 2:12:54 A.M. hvl.projectparmorel.modelrepair.QModelFixer handleStep
INFO: Chose action setEType in context 0 with weight 0.2023381965370732
apr. 17, 2020 2:12:54 A.M. hvl.projectparmorel.modelrepair.QModelFixer handleStep
INFO: Calculating new Q-value:
Old Q-value: 0.2023381965370732
Alpha: 0.1775000000000001

Reward: 0
0.2023381965370732 + 0.1775000000000001 * (0 - 0.2023381965370732) = 0.16642316665174267
apr. 17, 2020 2:12:54 A.M. hvl.projectparmorel.modelrepair.QModelFixer handleStep
INFO: Updated Q-table for error 38, context 0, action -591535257 setEType to new weight 0.16642316665174267
apr. 17, 2020 2:12:54 A.M. hvl.projectparmorel.modelrepair.QModelFixer isUnique
INFO: Solution [ErrorAction [Error: 401 The typed element must have a type, Action: delete, Error hierarchy: 0]
, ErrorAction [Error: 38 The default value literal 'Required' must be a valid literal of the attribute's type, Action: setEType, Error hierarchy: 0]
] already exists.
apr. 17, 2020 2:12:54 A.M. hvl.projectparmorel.modelrepair.QModelFixer handleEpisode
INFO: Solution discarded.
apr. 17, 2020 2:12:54 A.M. hvl.projectparmorel.modelrepair.QModelFixer handleEpisode
INFO: EPISODE 21 TOTAL REWARD 0



apr. 17, 2020 2:12:54 A.M. hvl.projectparmorel.modelrepair.QModelFixer handleEpisode
INFO: EPISODE 22, STEP 0, Fixing error 401: The typed element must have a type
apr. 17, 2020 2:12:54 A.M. hvl.projectparmorel.modelrepair.QModelFixer chooseAction
INFO: Choosing optimal action
apr. 17, 2020 2:12:54 A.M. hvl.projectparmorel.modelrepair.QModelFixer handleStep
INFO: Chose action setEType in context 0 with weight 20.432831343510244
apr. 17, 2020 2:12:54 A.M. hvl.projectparmorel.modelrepair.QModelFixer handleStep
INFO: Next error code: 38
apr. 17, 2020 2:12:54 A.M. hvl.projectparmorel.modelrepair.QModelFixer handleStep
INFO: Calculating new Q-value:
Old Q-value: 20.432831343510244
Alpha: 0.1383333333333333
Gamma: 1.0
Reward: 0
Next optimal action Q-value: 0.20045127931585915
20.432831343510244 + 0.1383333333333333 * (0 + 1.0 * 0.20045127931585915 - 20.432831343510244) = 17.634018767963354
apr. 17, 2020 2:12:54 A.M. hvl.projectparmorel.modelrepair.QModelFixer handleStep
INFO: Updated Q-table for error 401, context 0, action 591449609 setEType to new weight 17.634018767963354


apr. 17, 2020 2:12:54 A.M. hvl.projectparmorel.modelrepair.QModelFixer handleEpisode
INFO: EPISODE 22, STEP 1, Fixing error 38: The default value literal 'Required' must be a valid literal of the attribute's type
apr. 17, 2020 2:12:54 A.M. hvl.projectparmorel.modelrepair.QModelFixer chooseAction
INFO: Choosing optimal action
apr. 17, 2020 2:12:54 A.M. hvl.projectparmorel.modelrepair.QModelFixer handleStep
INFO: Chose action delete in context 0 with weight 0.20045127931585915
apr. 17, 2020 2:12:54 A.M. hvl.projectparmorel.modelrepair.QModelFixer handleStep
INFO: Calculating new Q-value:
Old Q-value: 0.20045127931585915
Alpha: 0.1383333333333333

Reward: 0
0.20045127931585915 + 0.1383333333333333 * (0 - 0.20045127931585915) = 0.1727221856771653
apr. 17, 2020 2:12:54 A.M. hvl.projectparmorel.modelrepair.QModelFixer handleStep
INFO: Updated Q-table for error 38, context 0, action 99999 delete to new weight 0.1727221856771653
apr. 17, 2020 2:12:54 A.M. hvl.projectparmorel.modelrepair.QModelFixer isUnique
INFO: Solution [ErrorAction [Error: 401 The typed element must have a type, Action: setEType, Error hierarchy: 0]
, ErrorAction [Error: 38 The default value literal 'Required' must be a valid literal of the attribute's type, Action: delete, Error hierarchy: 0]
] already exists.
apr. 17, 2020 2:12:54 A.M. hvl.projectparmorel.modelrepair.QModelFixer handleEpisode
INFO: Solution discarded.
apr. 17, 2020 2:12:54 A.M. hvl.projectparmorel.modelrepair.QModelFixer handleEpisode
INFO: EPISODE 22 TOTAL REWARD 0



apr. 17, 2020 2:12:54 A.M. hvl.projectparmorel.modelrepair.QModelFixer handleEpisode
INFO: EPISODE 23, STEP 0, Fixing error 401: The typed element must have a type
apr. 17, 2020 2:12:54 A.M. hvl.projectparmorel.modelrepair.QModelFixer chooseAction
INFO: Choosing optimal action
apr. 17, 2020 2:12:54 A.M. hvl.projectparmorel.modelrepair.QModelFixer handleStep
INFO: Chose action delete in context 0 with weight 19.125999501488703
apr. 17, 2020 2:12:54 A.M. hvl.projectparmorel.modelrepair.QModelFixer handleStep
INFO: Next error code: 38
apr. 17, 2020 2:12:54 A.M. hvl.projectparmorel.modelrepair.QModelFixer handleStep
INFO: Calculating new Q-value:
Old Q-value: 19.125999501488703
Alpha: 0.09916666666666674
Gamma: 1.0
Reward: 0
Next optimal action Q-value: 0.1727221856771653
19.125999501488703 + 0.09916666666666674 * (0 + 1.0 * 0.1727221856771653 - 19.125999501488703) = 17.246466167670725
apr. 17, 2020 2:12:54 A.M. hvl.projectparmorel.modelrepair.QModelFixer handleStep
INFO: Updated Q-table for error 401, context 0, action 99999 delete to new weight 17.246466167670725


apr. 17, 2020 2:12:54 A.M. hvl.projectparmorel.modelrepair.QModelFixer handleEpisode
INFO: EPISODE 23, STEP 1, Fixing error 38: The default value literal 'Required' must be a valid literal of the attribute's type
apr. 17, 2020 2:12:54 A.M. hvl.projectparmorel.modelrepair.QModelFixer chooseAction
INFO: Choosing optimal action
apr. 17, 2020 2:12:54 A.M. hvl.projectparmorel.modelrepair.QModelFixer handleStep
INFO: Chose action delete in context 0 with weight 0.1727221856771653
apr. 17, 2020 2:12:54 A.M. hvl.projectparmorel.modelrepair.QModelFixer handleStep
INFO: Calculating new Q-value:
Old Q-value: 0.1727221856771653
Alpha: 0.09916666666666674

Reward: 0
0.1727221856771653 + 0.09916666666666674 * (0 - 0.1727221856771653) = 0.15559390226417974
apr. 17, 2020 2:12:54 A.M. hvl.projectparmorel.modelrepair.QModelFixer handleStep
INFO: Updated Q-table for error 38, context 0, action 99999 delete to new weight 0.15559390226417974
apr. 17, 2020 2:12:54 A.M. hvl.projectparmorel.modelrepair.QModelFixer isUnique
INFO: Solution [ErrorAction [Error: 401 The typed element must have a type, Action: delete, Error hierarchy: 0]
, ErrorAction [Error: 38 The default value literal 'Required' must be a valid literal of the attribute's type, Action: delete, Error hierarchy: 0]
] already exists.
apr. 17, 2020 2:12:54 A.M. hvl.projectparmorel.modelrepair.QModelFixer handleEpisode
INFO: Solution discarded.
apr. 17, 2020 2:12:54 A.M. hvl.projectparmorel.modelrepair.QModelFixer handleEpisode
INFO: EPISODE 23 TOTAL REWARD 0



apr. 17, 2020 2:12:54 A.M. hvl.projectparmorel.modelrepair.QModelFixer handleEpisode
INFO: EPISODE 24, STEP 0, Fixing error 401: The typed element must have a type
apr. 17, 2020 2:12:54 A.M. hvl.projectparmorel.modelrepair.QModelFixer chooseAction
INFO: Choosing optimal action
apr. 17, 2020 2:12:54 A.M. hvl.projectparmorel.modelrepair.QModelFixer handleStep
INFO: Chose action setEType in context 0 with weight 17.634018767963354
apr. 17, 2020 2:12:54 A.M. hvl.projectparmorel.modelrepair.QModelFixer handleStep
INFO: Next error code: 38
apr. 17, 2020 2:12:54 A.M. hvl.projectparmorel.modelrepair.QModelFixer handleStep
INFO: Calculating new Q-value:
Old Q-value: 17.634018767963354
Alpha: 0.06000000000000005
Gamma: 1.0
Reward: 0
Next optimal action Q-value: 0.16642316665174267
17.634018767963354 + 0.06000000000000005 * (0 + 1.0 * 0.16642316665174267 - 17.634018767963354) = 16.585963031884656
apr. 17, 2020 2:12:54 A.M. hvl.projectparmorel.modelrepair.QModelFixer handleStep
INFO: Updated Q-table for error 401, context 0, action 591449609 setEType to new weight 16.585963031884656


apr. 17, 2020 2:12:54 A.M. hvl.projectparmorel.modelrepair.QModelFixer handleEpisode
INFO: EPISODE 24, STEP 1, Fixing error 38: The default value literal 'Required' must be a valid literal of the attribute's type
apr. 17, 2020 2:12:54 A.M. hvl.projectparmorel.modelrepair.QModelFixer chooseAction
INFO: Choosing random action.
apr. 17, 2020 2:12:54 A.M. hvl.projectparmorel.modelrepair.QModelFixer handleStep
INFO: Chose action setEType in context 0 with weight 0.16642316665174267
apr. 17, 2020 2:12:54 A.M. hvl.projectparmorel.modelrepair.QModelFixer handleStep
INFO: Calculating new Q-value:
Old Q-value: 0.16642316665174267
Alpha: 0.06000000000000005

Reward: 0
0.16642316665174267 + 0.06000000000000005 * (0 - 0.16642316665174267) = 0.1564377766526381
apr. 17, 2020 2:12:54 A.M. hvl.projectparmorel.modelrepair.QModelFixer handleStep
INFO: Updated Q-table for error 38, context 0, action -591535257 setEType to new weight 0.1564377766526381
apr. 17, 2020 2:12:54 A.M. hvl.projectparmorel.modelrepair.QModelFixer isUnique
INFO: Solution [ErrorAction [Error: 401 The typed element must have a type, Action: setEType, Error hierarchy: 0]
, ErrorAction [Error: 38 The default value literal 'Required' must be a valid literal of the attribute's type, Action: setEType, Error hierarchy: 0]
] already exists.
apr. 17, 2020 2:12:54 A.M. hvl.projectparmorel.modelrepair.QModelFixer handleEpisode
INFO: Solution discarded.
apr. 17, 2020 2:12:54 A.M. hvl.projectparmorel.modelrepair.QModelFixer handleEpisode
INFO: EPISODE 24 TOTAL REWARD 0



apr. 17, 2020 2:12:54 A.M. hvl.projectparmorel.modelrepair.QModelFixer fixModel
INFO: Time repairing model: 516 ms
apr. 17, 2020 2:12:54 A.M. hvl.projectparmorel.modelrepair.QModelFixer fixModel
INFO: 
-----------------ALL SEQUENCES FOUND-------------------
SIZE: 1
DISCARDED SEQUENCES: 24
--------::::B E S T   S E Q U E N C E   I S::::---------
Sequence [id=0, seq=[ErrorAction [Error: 401 The typed element must have a type, Action: setEType, Error hierarchy: 0]
, ErrorAction [Error: 38 The default value literal 'Required' must be a valid literal of the attribute's type, Action: setEType, Error hierarchy: 0]
], weight=0.0]

 with 2 actions.
apr. 17, 2020 2:12:54 A.M. hvl.projectparmorel.knowledge.Knowledge save
INFO: Saving initialized
apr. 17, 2020 2:12:54 A.M. hvl.projectparmorel.knowledge.Knowledge save
INFO: document prepared
apr. 17, 2020 2:12:54 A.M. hvl.projectparmorel.knowledge.Knowledge save
INFO: Saving completed to /Users/Magnus/Skole/DAT300/EclipseWorkspace2/ParmorelRunnable/knowledge.xml
apr. 17, 2020 2:12:54 A.M. hvl.projectparmorel.knowledge.Knowledge save
INFO: Saving initialized
apr. 17, 2020 2:12:54 A.M. hvl.projectparmorel.knowledge.Knowledge save
INFO: document prepared
apr. 17, 2020 2:12:54 A.M. hvl.projectparmorel.knowledge.Knowledge save
INFO: Saving completed to /Users/Magnus/Skole/DAT300/EclipseWorkspace2/ParmorelRunnable/knowledge.xml
