apr. 17, 2020 7:59:52 A.M. hvl.projectparmorel.modelrepair.QModelFixer fixModel
INFO: Repairing modified_spreadsheet.ecore
apr. 17, 2020 7:59:52 A.M. hvl.projectparmorel.modelrepair.QModelFixer fixModel
INFO: Running with preferences [SHORT_SEQUENCES_OF_ACTIONS, REPAIR_HIGH_IN_CONTEXT_HIERARCHY]
apr. 17, 2020 7:59:52 A.M. hvl.projectparmorel.modelrepair.QModelFixer handleUnsupportedErrors
WARNING: The error code 1 for the error The required feature 'eReferenceType' of 'org.eclipse.emf.ecore.impl.EReferenceImpl@7454aa23{file:/Users/Magnus/Skole/DAT300/EclipseWorkspace2/ParmorelRunnable/././differentSelectionMethodsOriginals/modified_spreadsheet.ecore#//Cell/expression}' must be set is not supported.
apr. 17, 2020 7:59:52 A.M. hvl.projectparmorel.modelrepair.QModelFixer handleUnsupportedErrors
WARNING: The error code 1 for the error The required feature 'eReferenceType' of 'org.eclipse.emf.ecore.impl.EReferenceImpl@5659bc5c{file:/Users/Magnus/Skole/DAT300/EclipseWorkspace2/ParmorelRunnable/././differentSelectionMethodsOriginals/modified_spreadsheet.ecore#//Expression/cell}' must be set is not supported.
apr. 17, 2020 7:59:52 A.M. hvl.projectparmorel.modelrepair.QModelFixer handleUnsupportedErrors
WARNING: The error code 1 for the error The required feature 'eReferenceType' of 'org.eclipse.emf.ecore.impl.EReferenceImpl@388dd5e1{file:/Users/Magnus/Skole/DAT300/EclipseWorkspace2/ParmorelRunnable/././differentSelectionMethodsOriginals/modified_spreadsheet.ecore#//BinExpression/subexprs}' must be set is not supported.
apr. 17, 2020 7:59:52 A.M. hvl.projectparmorel.modelrepair.QModelFixer handleUnsupportedErrors
WARNING: The error code 1 for the error The required feature 'eAttributeType' of 'org.eclipse.emf.ecore.impl.EAttributeImpl@57e7e6c7{file:/Users/Magnus/Skole/DAT300/EclipseWorkspace2/ParmorelRunnable/././differentSelectionMethodsOriginals/modified_spreadsheet.ecore#//BinExpression/function}' must be set is not supported.
apr. 17, 2020 7:59:52 A.M. hvl.projectparmorel.modelrepair.QModelFixer handleUnsupportedErrors
WARNING: The error code 1 for the error The required feature 'eAttributeType' of 'org.eclipse.emf.ecore.impl.EAttributeImpl@9be0aba{file:/Users/Magnus/Skole/DAT300/EclipseWorkspace2/ParmorelRunnable/././differentSelectionMethodsOriginals/modified_spreadsheet.ecore#//Value/val}' must be set is not supported.
apr. 17, 2020 7:59:52 A.M. hvl.projectparmorel.modelrepair.QModelFixer handleUnsupportedErrors
WARNING: The error code 1 for the error The required feature 'eReferenceType' of 'org.eclipse.emf.ecore.impl.EReferenceImpl@3dcd40e9{file:/Users/Magnus/Skole/DAT300/EclipseWorkspace2/ParmorelRunnable/././differentSelectionMethodsOriginals/modified_spreadsheet.ecore#//CellRef/ref}' must be set is not supported.
apr. 17, 2020 7:59:52 A.M. hvl.projectparmorel.modelrepair.QModelFixer fixModel
INFO: Initial number of errors in model: 7
Maximum number of steps per episode: 20
Errors to fix: [Error 401, message=The typed element must have a type
, Error 401, message=The typed element must have a type
, Error 401, message=The typed element must have a type
, Error 40, message=The typed element must have a type
, Error 40, message=The typed element must have a type
, Error 40, message=The typed element must have a type
, Error 401, message=The typed element must have a type
]
apr. 17, 2020 7:59:52 A.M. hvl.projectparmorel.modelrepair.QModelFixer fixModel
INFO: Initializing Q-table for the errors.
apr. 17, 2020 7:59:52 A.M. hvl.projectparmorel.modelrepair.QModelFixer fixModel
INFO: Number of episodes: 25
apr. 17, 2020 7:59:52 A.M. hvl.projectparmorel.modelrepair.QModelFixer handleEpisode
INFO: EPISODE 0, STEP 0, Fixing error 401: The typed element must have a type
apr. 17, 2020 7:59:52 A.M. hvl.projectparmorel.modelrepair.QModelFixer chooseAction
INFO: Choosing random action.
apr. 17, 2020 7:59:52 A.M. hvl.projectparmorel.modelrepair.QModelFixer handleStep
INFO: Chose action delete in context 0 with weight 7.752655727151896E-20
apr. 17, 2020 7:59:52 A.M. hvl.projectparmorel.modelrepair.QModelFixer handleStep
INFO: Calculating new Q-value:
Old Q-value: 7.752655727151896E-20
Alpha: 1.0

Reward: 0
7.752655727151896E-20 + 1.0 * (0 - 7.752655727151896E-20) = 0.0
apr. 17, 2020 7:59:52 A.M. hvl.projectparmorel.modelrepair.QModelFixer handleStep
INFO: Updated Q-table for error 401, context 0, action 99999 delete to new weight 0.0
apr. 17, 2020 7:59:52 A.M. hvl.projectparmorel.modelrepair.QModelFixer handleEpisode
INFO: Solution added to possible solitons: [ErrorAction [Error: 401 The typed element must have a type, Action: delete, Error hierarchy: 0]
]
apr. 17, 2020 7:59:52 A.M. hvl.projectparmorel.modelrepair.QModelFixer handleEpisode
INFO: EPISODE 0 TOTAL REWARD 0



apr. 17, 2020 7:59:52 A.M. hvl.projectparmorel.modelrepair.QModelFixer handleEpisode
INFO: EPISODE 1, STEP 0, Fixing error 401: The typed element must have a type
apr. 17, 2020 7:59:52 A.M. hvl.projectparmorel.modelrepair.QModelFixer chooseAction
INFO: Choosing optimal action
apr. 17, 2020 7:59:52 A.M. hvl.projectparmorel.modelrepair.QModelFixer handleStep
INFO: Chose action setEType in context 0 with weight 600.0
apr. 17, 2020 7:59:52 A.M. hvl.projectparmorel.modelrepair.QModelFixer handleStep
INFO: Calculating new Q-value:
Old Q-value: 600.0
Alpha: 0.9608333333333333

Reward: 0
600.0 + 0.9608333333333333 * (0 - 600.0) = 23.5
apr. 17, 2020 7:59:52 A.M. hvl.projectparmorel.modelrepair.QModelFixer handleStep
INFO: Updated Q-table for error 401, context 0, action 591449609 setEType to new weight 23.5
apr. 17, 2020 7:59:52 A.M. hvl.projectparmorel.modelrepair.QModelFixer isUnique
INFO: Solution [ErrorAction [Error: 401 The typed element must have a type, Action: setEType, Error hierarchy: 0]
] already exists.
apr. 17, 2020 7:59:52 A.M. hvl.projectparmorel.modelrepair.QModelFixer handleEpisode
INFO: Solution discarded.
apr. 17, 2020 7:59:52 A.M. hvl.projectparmorel.modelrepair.QModelFixer handleEpisode
INFO: EPISODE 1 TOTAL REWARD 0



apr. 17, 2020 7:59:52 A.M. hvl.projectparmorel.modelrepair.QModelFixer handleEpisode
INFO: EPISODE 2, STEP 0, Fixing error 401: The typed element must have a type
apr. 17, 2020 7:59:52 A.M. hvl.projectparmorel.modelrepair.QModelFixer chooseAction
INFO: Choosing optimal action
apr. 17, 2020 7:59:52 A.M. hvl.projectparmorel.modelrepair.QModelFixer handleStep
INFO: Chose action setEType in context 0 with weight 23.5
apr. 17, 2020 7:59:52 A.M. hvl.projectparmorel.modelrepair.QModelFixer handleStep
INFO: Calculating new Q-value:
Old Q-value: 23.5
Alpha: 0.9216666666666666

Reward: 0
23.5 + 0.9216666666666666 * (0 - 23.5) = 1.8408333333333324
apr. 17, 2020 7:59:52 A.M. hvl.projectparmorel.modelrepair.QModelFixer handleStep
INFO: Updated Q-table for error 401, context 0, action 591449609 setEType to new weight 1.8408333333333324
apr. 17, 2020 7:59:52 A.M. hvl.projectparmorel.modelrepair.QModelFixer isUnique
INFO: Solution [ErrorAction [Error: 401 The typed element must have a type, Action: setEType, Error hierarchy: 0]
] already exists.
apr. 17, 2020 7:59:52 A.M. hvl.projectparmorel.modelrepair.QModelFixer handleEpisode
INFO: Solution discarded.
apr. 17, 2020 7:59:52 A.M. hvl.projectparmorel.modelrepair.QModelFixer handleEpisode
INFO: EPISODE 2 TOTAL REWARD 0



apr. 17, 2020 7:59:52 A.M. hvl.projectparmorel.modelrepair.QModelFixer handleEpisode
INFO: EPISODE 3, STEP 0, Fixing error 401: The typed element must have a type
apr. 17, 2020 7:59:52 A.M. hvl.projectparmorel.modelrepair.QModelFixer chooseAction
INFO: Choosing optimal action
apr. 17, 2020 7:59:52 A.M. hvl.projectparmorel.modelrepair.QModelFixer handleStep
INFO: Chose action setEType in context 0 with weight 1.8408333333333324
apr. 17, 2020 7:59:52 A.M. hvl.projectparmorel.modelrepair.QModelFixer handleStep
INFO: Calculating new Q-value:
Old Q-value: 1.8408333333333324
Alpha: 0.8825000000000001

Reward: 0
1.8408333333333324 + 0.8825000000000001 * (0 - 1.8408333333333324) = 0.21629791666666653
apr. 17, 2020 7:59:52 A.M. hvl.projectparmorel.modelrepair.QModelFixer handleStep
INFO: Updated Q-table for error 401, context 0, action 591449609 setEType to new weight 0.21629791666666653
apr. 17, 2020 7:59:52 A.M. hvl.projectparmorel.modelrepair.QModelFixer isUnique
INFO: Solution [ErrorAction [Error: 401 The typed element must have a type, Action: setEType, Error hierarchy: 0]
] already exists.
apr. 17, 2020 7:59:52 A.M. hvl.projectparmorel.modelrepair.QModelFixer handleEpisode
INFO: Solution discarded.
apr. 17, 2020 7:59:52 A.M. hvl.projectparmorel.modelrepair.QModelFixer handleEpisode
INFO: EPISODE 3 TOTAL REWARD 0



apr. 17, 2020 7:59:52 A.M. hvl.projectparmorel.modelrepair.QModelFixer handleEpisode
INFO: EPISODE 4, STEP 0, Fixing error 401: The typed element must have a type
apr. 17, 2020 7:59:52 A.M. hvl.projectparmorel.modelrepair.QModelFixer chooseAction
INFO: Choosing optimal action
apr. 17, 2020 7:59:52 A.M. hvl.projectparmorel.modelrepair.QModelFixer handleStep
INFO: Chose action setEType in context 0 with weight 0.21629791666666653
apr. 17, 2020 7:59:52 A.M. hvl.projectparmorel.modelrepair.QModelFixer handleStep
INFO: Calculating new Q-value:
Old Q-value: 0.21629791666666653
Alpha: 0.8433333333333334

Reward: 0
0.21629791666666653 + 0.8433333333333334 * (0 - 0.21629791666666653) = 0.033886673611111084
apr. 17, 2020 7:59:52 A.M. hvl.projectparmorel.modelrepair.QModelFixer handleStep
INFO: Updated Q-table for error 401, context 0, action 591449609 setEType to new weight 0.033886673611111084
apr. 17, 2020 7:59:52 A.M. hvl.projectparmorel.modelrepair.QModelFixer isUnique
INFO: Solution [ErrorAction [Error: 401 The typed element must have a type, Action: setEType, Error hierarchy: 0]
] already exists.
apr. 17, 2020 7:59:52 A.M. hvl.projectparmorel.modelrepair.QModelFixer handleEpisode
INFO: Solution discarded.
apr. 17, 2020 7:59:52 A.M. hvl.projectparmorel.modelrepair.QModelFixer handleEpisode
INFO: EPISODE 4 TOTAL REWARD 0



apr. 17, 2020 7:59:52 A.M. hvl.projectparmorel.modelrepair.QModelFixer handleEpisode
INFO: EPISODE 5, STEP 0, Fixing error 401: The typed element must have a type
apr. 17, 2020 7:59:52 A.M. hvl.projectparmorel.modelrepair.QModelFixer chooseAction
INFO: Choosing optimal action
apr. 17, 2020 7:59:52 A.M. hvl.projectparmorel.modelrepair.QModelFixer handleStep
INFO: Chose action setEType in context 0 with weight 0.033886673611111084
apr. 17, 2020 7:59:52 A.M. hvl.projectparmorel.modelrepair.QModelFixer handleStep
INFO: Calculating new Q-value:
Old Q-value: 0.033886673611111084
Alpha: 0.8041666666666667

Reward: 0
0.033886673611111084 + 0.8041666666666667 * (0 - 0.033886673611111084) = 0.006636140248842588
apr. 17, 2020 7:59:52 A.M. hvl.projectparmorel.modelrepair.QModelFixer handleStep
INFO: Updated Q-table for error 401, context 0, action 591449609 setEType to new weight 0.006636140248842588
apr. 17, 2020 7:59:52 A.M. hvl.projectparmorel.modelrepair.QModelFixer isUnique
INFO: Solution [ErrorAction [Error: 401 The typed element must have a type, Action: setEType, Error hierarchy: 0]
] already exists.
apr. 17, 2020 7:59:52 A.M. hvl.projectparmorel.modelrepair.QModelFixer handleEpisode
INFO: Solution discarded.
apr. 17, 2020 7:59:52 A.M. hvl.projectparmorel.modelrepair.QModelFixer handleEpisode
INFO: EPISODE 5 TOTAL REWARD 0



apr. 17, 2020 7:59:52 A.M. hvl.projectparmorel.modelrepair.QModelFixer handleEpisode
INFO: EPISODE 6, STEP 0, Fixing error 401: The typed element must have a type
apr. 17, 2020 7:59:52 A.M. hvl.projectparmorel.modelrepair.QModelFixer chooseAction
INFO: Choosing optimal action
apr. 17, 2020 7:59:52 A.M. hvl.projectparmorel.modelrepair.QModelFixer handleStep
INFO: Chose action setEType in context 0 with weight 0.006636140248842588
apr. 17, 2020 7:59:52 A.M. hvl.projectparmorel.modelrepair.QModelFixer handleStep
INFO: Calculating new Q-value:
Old Q-value: 0.006636140248842588
Alpha: 0.765

Reward: 0
0.006636140248842588 + 0.765 * (0 - 0.006636140248842588) = 0.001559492958478008
apr. 17, 2020 7:59:52 A.M. hvl.projectparmorel.modelrepair.QModelFixer handleStep
INFO: Updated Q-table for error 401, context 0, action 591449609 setEType to new weight 0.001559492958478008
apr. 17, 2020 7:59:52 A.M. hvl.projectparmorel.modelrepair.QModelFixer isUnique
INFO: Solution [ErrorAction [Error: 401 The typed element must have a type, Action: setEType, Error hierarchy: 0]
] already exists.
apr. 17, 2020 7:59:52 A.M. hvl.projectparmorel.modelrepair.QModelFixer handleEpisode
INFO: Solution discarded.
apr. 17, 2020 7:59:52 A.M. hvl.projectparmorel.modelrepair.QModelFixer handleEpisode
INFO: EPISODE 6 TOTAL REWARD 0



apr. 17, 2020 7:59:52 A.M. hvl.projectparmorel.modelrepair.QModelFixer handleEpisode
INFO: EPISODE 7, STEP 0, Fixing error 401: The typed element must have a type
apr. 17, 2020 7:59:52 A.M. hvl.projectparmorel.modelrepair.QModelFixer chooseAction
INFO: Choosing optimal action
apr. 17, 2020 7:59:52 A.M. hvl.projectparmorel.modelrepair.QModelFixer handleStep
INFO: Chose action setEType in context 0 with weight 0.001559492958478008
apr. 17, 2020 7:59:52 A.M. hvl.projectparmorel.modelrepair.QModelFixer handleStep
INFO: Calculating new Q-value:
Old Q-value: 0.001559492958478008
Alpha: 0.7258333333333333

Reward: 0
0.001559492958478008 + 0.7258333333333333 * (0 - 0.001559492958478008) = 4.2756098611605384E-4
apr. 17, 2020 7:59:52 A.M. hvl.projectparmorel.modelrepair.QModelFixer handleStep
INFO: Updated Q-table for error 401, context 0, action 591449609 setEType to new weight 4.2756098611605384E-4
apr. 17, 2020 7:59:52 A.M. hvl.projectparmorel.modelrepair.QModelFixer isUnique
INFO: Solution [ErrorAction [Error: 401 The typed element must have a type, Action: setEType, Error hierarchy: 0]
] already exists.
apr. 17, 2020 7:59:52 A.M. hvl.projectparmorel.modelrepair.QModelFixer handleEpisode
INFO: Solution discarded.
apr. 17, 2020 7:59:52 A.M. hvl.projectparmorel.modelrepair.QModelFixer handleEpisode
INFO: EPISODE 7 TOTAL REWARD 0



apr. 17, 2020 7:59:52 A.M. hvl.projectparmorel.modelrepair.QModelFixer handleEpisode
INFO: EPISODE 8, STEP 0, Fixing error 401: The typed element must have a type
apr. 17, 2020 7:59:52 A.M. hvl.projectparmorel.modelrepair.QModelFixer chooseAction
INFO: Choosing optimal action
apr. 17, 2020 7:59:52 A.M. hvl.projectparmorel.modelrepair.QModelFixer handleStep
INFO: Chose action setEType in context 0 with weight 4.2756098611605384E-4
apr. 17, 2020 7:59:52 A.M. hvl.projectparmorel.modelrepair.QModelFixer handleStep
INFO: Calculating new Q-value:
Old Q-value: 4.2756098611605384E-4
Alpha: 0.6866666666666668

Reward: 0
4.2756098611605384E-4 + 0.6866666666666668 * (0 - 4.2756098611605384E-4) = 1.3396910898303018E-4
apr. 17, 2020 7:59:52 A.M. hvl.projectparmorel.modelrepair.QModelFixer handleStep
INFO: Updated Q-table for error 401, context 0, action 591449609 setEType to new weight 1.3396910898303018E-4
apr. 17, 2020 7:59:52 A.M. hvl.projectparmorel.modelrepair.QModelFixer isUnique
INFO: Solution [ErrorAction [Error: 401 The typed element must have a type, Action: setEType, Error hierarchy: 0]
] already exists.
apr. 17, 2020 7:59:52 A.M. hvl.projectparmorel.modelrepair.QModelFixer handleEpisode
INFO: Solution discarded.
apr. 17, 2020 7:59:52 A.M. hvl.projectparmorel.modelrepair.QModelFixer handleEpisode
INFO: EPISODE 8 TOTAL REWARD 0



apr. 17, 2020 7:59:52 A.M. hvl.projectparmorel.modelrepair.QModelFixer handleEpisode
INFO: EPISODE 9, STEP 0, Fixing error 401: The typed element must have a type
apr. 17, 2020 7:59:52 A.M. hvl.projectparmorel.modelrepair.QModelFixer chooseAction
INFO: Choosing optimal action
apr. 17, 2020 7:59:52 A.M. hvl.projectparmorel.modelrepair.QModelFixer handleStep
INFO: Chose action setEType in context 0 with weight 1.3396910898303018E-4
apr. 17, 2020 7:59:52 A.M. hvl.projectparmorel.modelrepair.QModelFixer handleStep
INFO: Calculating new Q-value:
Old Q-value: 1.3396910898303018E-4
Alpha: 0.6475

Reward: 0
1.3396910898303018E-4 + 0.6475 * (0 - 1.3396910898303018E-4) = 4.722411091651814E-5
apr. 17, 2020 7:59:52 A.M. hvl.projectparmorel.modelrepair.QModelFixer handleStep
INFO: Updated Q-table for error 401, context 0, action 591449609 setEType to new weight 4.722411091651814E-5
apr. 17, 2020 7:59:52 A.M. hvl.projectparmorel.modelrepair.QModelFixer isUnique
INFO: Solution [ErrorAction [Error: 401 The typed element must have a type, Action: setEType, Error hierarchy: 0]
] already exists.
apr. 17, 2020 7:59:52 A.M. hvl.projectparmorel.modelrepair.QModelFixer handleEpisode
INFO: Solution discarded.
apr. 17, 2020 7:59:52 A.M. hvl.projectparmorel.modelrepair.QModelFixer handleEpisode
INFO: EPISODE 9 TOTAL REWARD 0



apr. 17, 2020 7:59:52 A.M. hvl.projectparmorel.modelrepair.QModelFixer handleEpisode
INFO: EPISODE 10, STEP 0, Fixing error 401: The typed element must have a type
apr. 17, 2020 7:59:52 A.M. hvl.projectparmorel.modelrepair.QModelFixer chooseAction
INFO: Choosing optimal action
apr. 17, 2020 7:59:52 A.M. hvl.projectparmorel.modelrepair.QModelFixer handleStep
INFO: Chose action setEType in context 0 with weight 4.722411091651814E-5
apr. 17, 2020 7:59:52 A.M. hvl.projectparmorel.modelrepair.QModelFixer handleStep
INFO: Calculating new Q-value:
Old Q-value: 4.722411091651814E-5
Alpha: 0.6083333333333334

Reward: 0
4.722411091651814E-5 + 0.6083333333333334 * (0 - 4.722411091651814E-5) = 1.84961101089696E-5
apr. 17, 2020 7:59:52 A.M. hvl.projectparmorel.modelrepair.QModelFixer handleStep
INFO: Updated Q-table for error 401, context 0, action 591449609 setEType to new weight 1.84961101089696E-5
apr. 17, 2020 7:59:52 A.M. hvl.projectparmorel.modelrepair.QModelFixer isUnique
INFO: Solution [ErrorAction [Error: 401 The typed element must have a type, Action: setEType, Error hierarchy: 0]
] already exists.
apr. 17, 2020 7:59:52 A.M. hvl.projectparmorel.modelrepair.QModelFixer handleEpisode
INFO: Solution discarded.
apr. 17, 2020 7:59:52 A.M. hvl.projectparmorel.modelrepair.QModelFixer handleEpisode
INFO: EPISODE 10 TOTAL REWARD 0



apr. 17, 2020 7:59:52 A.M. hvl.projectparmorel.modelrepair.QModelFixer handleEpisode
INFO: EPISODE 11, STEP 0, Fixing error 401: The typed element must have a type
apr. 17, 2020 7:59:52 A.M. hvl.projectparmorel.modelrepair.QModelFixer chooseAction
INFO: Choosing random action.
apr. 17, 2020 7:59:52 A.M. hvl.projectparmorel.modelrepair.QModelFixer handleStep
INFO: Chose action setEType in context 0 with weight 1.84961101089696E-5
apr. 17, 2020 7:59:52 A.M. hvl.projectparmorel.modelrepair.QModelFixer handleStep
INFO: Calculating new Q-value:
Old Q-value: 1.84961101089696E-5
Alpha: 0.5691666666666666

Reward: 0
1.84961101089696E-5 + 0.5691666666666666 * (0 - 1.84961101089696E-5) = 7.968740771947737E-6
apr. 17, 2020 7:59:52 A.M. hvl.projectparmorel.modelrepair.QModelFixer handleStep
INFO: Updated Q-table for error 401, context 0, action 591449609 setEType to new weight 7.968740771947737E-6
apr. 17, 2020 7:59:52 A.M. hvl.projectparmorel.modelrepair.QModelFixer isUnique
INFO: Solution [ErrorAction [Error: 401 The typed element must have a type, Action: setEType, Error hierarchy: 0]
] already exists.
apr. 17, 2020 7:59:52 A.M. hvl.projectparmorel.modelrepair.QModelFixer handleEpisode
INFO: Solution discarded.
apr. 17, 2020 7:59:52 A.M. hvl.projectparmorel.modelrepair.QModelFixer handleEpisode
INFO: EPISODE 11 TOTAL REWARD 0



apr. 17, 2020 7:59:52 A.M. hvl.projectparmorel.modelrepair.QModelFixer handleEpisode
INFO: EPISODE 12, STEP 0, Fixing error 401: The typed element must have a type
apr. 17, 2020 7:59:52 A.M. hvl.projectparmorel.modelrepair.QModelFixer chooseAction
INFO: Choosing optimal action
apr. 17, 2020 7:59:52 A.M. hvl.projectparmorel.modelrepair.QModelFixer handleStep
INFO: Chose action setEType in context 0 with weight 7.968740771947737E-6
apr. 17, 2020 7:59:52 A.M. hvl.projectparmorel.modelrepair.QModelFixer handleStep
INFO: Calculating new Q-value:
Old Q-value: 7.968740771947737E-6
Alpha: 0.53

Reward: 0
7.968740771947737E-6 + 0.53 * (0 - 7.968740771947737E-6) = 3.745308162815436E-6
apr. 17, 2020 7:59:52 A.M. hvl.projectparmorel.modelrepair.QModelFixer handleStep
INFO: Updated Q-table for error 401, context 0, action 591449609 setEType to new weight 3.745308162815436E-6
apr. 17, 2020 7:59:52 A.M. hvl.projectparmorel.modelrepair.QModelFixer isUnique
INFO: Solution [ErrorAction [Error: 401 The typed element must have a type, Action: setEType, Error hierarchy: 0]
] already exists.
apr. 17, 2020 7:59:52 A.M. hvl.projectparmorel.modelrepair.QModelFixer handleEpisode
INFO: Solution discarded.
apr. 17, 2020 7:59:52 A.M. hvl.projectparmorel.modelrepair.QModelFixer handleEpisode
INFO: EPISODE 12 TOTAL REWARD 0



apr. 17, 2020 7:59:52 A.M. hvl.projectparmorel.modelrepair.QModelFixer handleEpisode
INFO: EPISODE 13, STEP 0, Fixing error 401: The typed element must have a type
apr. 17, 2020 7:59:52 A.M. hvl.projectparmorel.modelrepair.QModelFixer chooseAction
INFO: Choosing optimal action
apr. 17, 2020 7:59:52 A.M. hvl.projectparmorel.modelrepair.QModelFixer handleStep
INFO: Chose action setEType in context 0 with weight 3.745308162815436E-6
apr. 17, 2020 7:59:52 A.M. hvl.projectparmorel.modelrepair.QModelFixer handleStep
INFO: Calculating new Q-value:
Old Q-value: 3.745308162815436E-6
Alpha: 0.49083333333333334

Reward: 0
3.745308162815436E-6 + 0.49083333333333334 * (0 - 3.745308162815436E-6) = 1.906986072900193E-6
apr. 17, 2020 7:59:52 A.M. hvl.projectparmorel.modelrepair.QModelFixer handleStep
INFO: Updated Q-table for error 401, context 0, action 591449609 setEType to new weight 1.906986072900193E-6
apr. 17, 2020 7:59:52 A.M. hvl.projectparmorel.modelrepair.QModelFixer isUnique
INFO: Solution [ErrorAction [Error: 401 The typed element must have a type, Action: setEType, Error hierarchy: 0]
] already exists.
apr. 17, 2020 7:59:52 A.M. hvl.projectparmorel.modelrepair.QModelFixer handleEpisode
INFO: Solution discarded.
apr. 17, 2020 7:59:52 A.M. hvl.projectparmorel.modelrepair.QModelFixer handleEpisode
INFO: EPISODE 13 TOTAL REWARD 0



apr. 17, 2020 7:59:52 A.M. hvl.projectparmorel.modelrepair.QModelFixer handleEpisode
INFO: EPISODE 14, STEP 0, Fixing error 401: The typed element must have a type
apr. 17, 2020 7:59:52 A.M. hvl.projectparmorel.modelrepair.QModelFixer chooseAction
INFO: Choosing random action.
apr. 17, 2020 7:59:52 A.M. hvl.projectparmorel.modelrepair.QModelFixer handleStep
INFO: Chose action delete in context 0 with weight 0.0
apr. 17, 2020 7:59:52 A.M. hvl.projectparmorel.modelrepair.QModelFixer handleStep
INFO: Calculating new Q-value:
Old Q-value: 0.0
Alpha: 0.45166666666666666

Reward: 0
0.0 + 0.45166666666666666 * (0 - 0.0) = 0.0
apr. 17, 2020 7:59:52 A.M. hvl.projectparmorel.modelrepair.QModelFixer handleStep
INFO: Updated Q-table for error 401, context 0, action 99999 delete to new weight 0.0
apr. 17, 2020 7:59:52 A.M. hvl.projectparmorel.modelrepair.QModelFixer handleEpisode
INFO: Solution added to possible solitons: [ErrorAction [Error: 401 The typed element must have a type, Action: delete, Error hierarchy: 0]
]
apr. 17, 2020 7:59:52 A.M. hvl.projectparmorel.modelrepair.QModelFixer handleEpisode
INFO: EPISODE 14 TOTAL REWARD 0



apr. 17, 2020 7:59:52 A.M. hvl.projectparmorel.modelrepair.QModelFixer handleEpisode
INFO: EPISODE 15, STEP 0, Fixing error 401: The typed element must have a type
apr. 17, 2020 7:59:52 A.M. hvl.projectparmorel.modelrepair.QModelFixer chooseAction
INFO: Choosing random action.
apr. 17, 2020 7:59:52 A.M. hvl.projectparmorel.modelrepair.QModelFixer handleStep
INFO: Chose action setEType in context 0 with weight 1.906986072900193E-6
apr. 17, 2020 7:59:52 A.M. hvl.projectparmorel.modelrepair.QModelFixer handleStep
INFO: Calculating new Q-value:
Old Q-value: 1.906986072900193E-6
Alpha: 0.4125

Reward: 0
1.906986072900193E-6 + 0.4125 * (0 - 1.906986072900193E-6) = 1.1203543178288633E-6
apr. 17, 2020 7:59:52 A.M. hvl.projectparmorel.modelrepair.QModelFixer handleStep
INFO: Updated Q-table for error 401, context 0, action 591449609 setEType to new weight 1.1203543178288633E-6
apr. 17, 2020 7:59:52 A.M. hvl.projectparmorel.modelrepair.QModelFixer isUnique
INFO: Solution [ErrorAction [Error: 401 The typed element must have a type, Action: setEType, Error hierarchy: 0]
] already exists.
apr. 17, 2020 7:59:52 A.M. hvl.projectparmorel.modelrepair.QModelFixer handleEpisode
INFO: Solution discarded.
apr. 17, 2020 7:59:52 A.M. hvl.projectparmorel.modelrepair.QModelFixer handleEpisode
INFO: EPISODE 15 TOTAL REWARD 0



apr. 17, 2020 7:59:52 A.M. hvl.projectparmorel.modelrepair.QModelFixer handleEpisode
INFO: EPISODE 16, STEP 0, Fixing error 401: The typed element must have a type
apr. 17, 2020 7:59:52 A.M. hvl.projectparmorel.modelrepair.QModelFixer chooseAction
INFO: Choosing optimal action
apr. 17, 2020 7:59:52 A.M. hvl.projectparmorel.modelrepair.QModelFixer handleStep
INFO: Chose action setEType in context 0 with weight 1.1203543178288633E-6
apr. 17, 2020 7:59:52 A.M. hvl.projectparmorel.modelrepair.QModelFixer handleStep
INFO: Calculating new Q-value:
Old Q-value: 1.1203543178288633E-6
Alpha: 0.3733333333333334

Reward: 0
1.1203543178288633E-6 + 0.3733333333333334 * (0 - 1.1203543178288633E-6) = 7.020887058394209E-7
apr. 17, 2020 7:59:52 A.M. hvl.projectparmorel.modelrepair.QModelFixer handleStep
INFO: Updated Q-table for error 401, context 0, action 591449609 setEType to new weight 7.020887058394209E-7
apr. 17, 2020 7:59:52 A.M. hvl.projectparmorel.modelrepair.QModelFixer isUnique
INFO: Solution [ErrorAction [Error: 401 The typed element must have a type, Action: setEType, Error hierarchy: 0]
] already exists.
apr. 17, 2020 7:59:52 A.M. hvl.projectparmorel.modelrepair.QModelFixer handleEpisode
INFO: Solution discarded.
apr. 17, 2020 7:59:52 A.M. hvl.projectparmorel.modelrepair.QModelFixer handleEpisode
INFO: EPISODE 16 TOTAL REWARD 0



apr. 17, 2020 7:59:52 A.M. hvl.projectparmorel.modelrepair.QModelFixer handleEpisode
INFO: EPISODE 17, STEP 0, Fixing error 401: The typed element must have a type
apr. 17, 2020 7:59:52 A.M. hvl.projectparmorel.modelrepair.QModelFixer chooseAction
INFO: Choosing optimal action
apr. 17, 2020 7:59:52 A.M. hvl.projectparmorel.modelrepair.QModelFixer handleStep
INFO: Chose action setEType in context 0 with weight 7.020887058394209E-7
apr. 17, 2020 7:59:52 A.M. hvl.projectparmorel.modelrepair.QModelFixer handleStep
INFO: Calculating new Q-value:
Old Q-value: 7.020887058394209E-7
Alpha: 0.3341666666666667

Reward: 0
7.020887058394209E-7 + 0.3341666666666667 * (0 - 7.020887058394209E-7) = 4.674740633047477E-7
apr. 17, 2020 7:59:52 A.M. hvl.projectparmorel.modelrepair.QModelFixer handleStep
INFO: Updated Q-table for error 401, context 0, action 591449609 setEType to new weight 4.674740633047477E-7
apr. 17, 2020 7:59:52 A.M. hvl.projectparmorel.modelrepair.QModelFixer isUnique
INFO: Solution [ErrorAction [Error: 401 The typed element must have a type, Action: setEType, Error hierarchy: 0]
] already exists.
apr. 17, 2020 7:59:52 A.M. hvl.projectparmorel.modelrepair.QModelFixer handleEpisode
INFO: Solution discarded.
apr. 17, 2020 7:59:52 A.M. hvl.projectparmorel.modelrepair.QModelFixer handleEpisode
INFO: EPISODE 17 TOTAL REWARD 0



apr. 17, 2020 7:59:52 A.M. hvl.projectparmorel.modelrepair.QModelFixer handleEpisode
INFO: EPISODE 18, STEP 0, Fixing error 401: The typed element must have a type
apr. 17, 2020 7:59:52 A.M. hvl.projectparmorel.modelrepair.QModelFixer chooseAction
INFO: Choosing optimal action
apr. 17, 2020 7:59:52 A.M. hvl.projectparmorel.modelrepair.QModelFixer handleStep
INFO: Chose action setEType in context 0 with weight 4.674740633047477E-7
apr. 17, 2020 7:59:52 A.M. hvl.projectparmorel.modelrepair.QModelFixer handleStep
INFO: Calculating new Q-value:
Old Q-value: 4.674740633047477E-7
Alpha: 0.29500000000000004

Reward: 0
4.674740633047477E-7 + 0.29500000000000004 * (0 - 4.674740633047477E-7) = 3.295692146298471E-7
apr. 17, 2020 7:59:52 A.M. hvl.projectparmorel.modelrepair.QModelFixer handleStep
INFO: Updated Q-table for error 401, context 0, action 591449609 setEType to new weight 3.295692146298471E-7
apr. 17, 2020 7:59:52 A.M. hvl.projectparmorel.modelrepair.QModelFixer isUnique
INFO: Solution [ErrorAction [Error: 401 The typed element must have a type, Action: setEType, Error hierarchy: 0]
] already exists.
apr. 17, 2020 7:59:52 A.M. hvl.projectparmorel.modelrepair.QModelFixer handleEpisode
INFO: Solution discarded.
apr. 17, 2020 7:59:52 A.M. hvl.projectparmorel.modelrepair.QModelFixer handleEpisode
INFO: EPISODE 18 TOTAL REWARD 0



apr. 17, 2020 7:59:52 A.M. hvl.projectparmorel.modelrepair.QModelFixer handleEpisode
INFO: EPISODE 19, STEP 0, Fixing error 401: The typed element must have a type
apr. 17, 2020 7:59:52 A.M. hvl.projectparmorel.modelrepair.QModelFixer chooseAction
INFO: Choosing optimal action
apr. 17, 2020 7:59:52 A.M. hvl.projectparmorel.modelrepair.QModelFixer handleStep
INFO: Chose action setEType in context 0 with weight 3.295692146298471E-7
apr. 17, 2020 7:59:52 A.M. hvl.projectparmorel.modelrepair.QModelFixer handleStep
INFO: Calculating new Q-value:
Old Q-value: 3.295692146298471E-7
Alpha: 0.25583333333333336

Reward: 0
3.295692146298471E-7 + 0.25583333333333336 * (0 - 3.295692146298471E-7) = 2.452544238870445E-7
apr. 17, 2020 7:59:52 A.M. hvl.projectparmorel.modelrepair.QModelFixer handleStep
INFO: Updated Q-table for error 401, context 0, action 591449609 setEType to new weight 2.452544238870445E-7
apr. 17, 2020 7:59:52 A.M. hvl.projectparmorel.modelrepair.QModelFixer isUnique
INFO: Solution [ErrorAction [Error: 401 The typed element must have a type, Action: setEType, Error hierarchy: 0]
] already exists.
apr. 17, 2020 7:59:52 A.M. hvl.projectparmorel.modelrepair.QModelFixer handleEpisode
INFO: Solution discarded.
apr. 17, 2020 7:59:52 A.M. hvl.projectparmorel.modelrepair.QModelFixer handleEpisode
INFO: EPISODE 19 TOTAL REWARD 0



apr. 17, 2020 7:59:52 A.M. hvl.projectparmorel.modelrepair.QModelFixer handleEpisode
INFO: EPISODE 20, STEP 0, Fixing error 401: The typed element must have a type
apr. 17, 2020 7:59:52 A.M. hvl.projectparmorel.modelrepair.QModelFixer chooseAction
INFO: Choosing optimal action
apr. 17, 2020 7:59:52 A.M. hvl.projectparmorel.modelrepair.QModelFixer handleStep
INFO: Chose action setEType in context 0 with weight 2.452544238870445E-7
apr. 17, 2020 7:59:52 A.M. hvl.projectparmorel.modelrepair.QModelFixer handleStep
INFO: Calculating new Q-value:
Old Q-value: 2.452544238870445E-7
Alpha: 0.21666666666666679

Reward: 0
2.452544238870445E-7 + 0.21666666666666679 * (0 - 2.452544238870445E-7) = 1.9211596537818484E-7
apr. 17, 2020 7:59:52 A.M. hvl.projectparmorel.modelrepair.QModelFixer handleStep
INFO: Updated Q-table for error 401, context 0, action 591449609 setEType to new weight 1.9211596537818484E-7
apr. 17, 2020 7:59:52 A.M. hvl.projectparmorel.modelrepair.QModelFixer isUnique
INFO: Solution [ErrorAction [Error: 401 The typed element must have a type, Action: setEType, Error hierarchy: 0]
] already exists.
apr. 17, 2020 7:59:52 A.M. hvl.projectparmorel.modelrepair.QModelFixer handleEpisode
INFO: Solution discarded.
apr. 17, 2020 7:59:52 A.M. hvl.projectparmorel.modelrepair.QModelFixer handleEpisode
INFO: EPISODE 20 TOTAL REWARD 0



apr. 17, 2020 7:59:52 A.M. hvl.projectparmorel.modelrepair.QModelFixer handleEpisode
INFO: EPISODE 21, STEP 0, Fixing error 401: The typed element must have a type
apr. 17, 2020 7:59:52 A.M. hvl.projectparmorel.modelrepair.QModelFixer chooseAction
INFO: Choosing optimal action
apr. 17, 2020 7:59:52 A.M. hvl.projectparmorel.modelrepair.QModelFixer handleStep
INFO: Chose action setEType in context 0 with weight 1.9211596537818484E-7
apr. 17, 2020 7:59:52 A.M. hvl.projectparmorel.modelrepair.QModelFixer handleStep
INFO: Calculating new Q-value:
Old Q-value: 1.9211596537818484E-7
Alpha: 0.1775000000000001

Reward: 0
1.9211596537818484E-7 + 0.1775000000000001 * (0 - 1.9211596537818484E-7) = 1.58015381523557E-7
apr. 17, 2020 7:59:52 A.M. hvl.projectparmorel.modelrepair.QModelFixer handleStep
INFO: Updated Q-table for error 401, context 0, action 591449609 setEType to new weight 1.58015381523557E-7
apr. 17, 2020 7:59:52 A.M. hvl.projectparmorel.modelrepair.QModelFixer isUnique
INFO: Solution [ErrorAction [Error: 401 The typed element must have a type, Action: setEType, Error hierarchy: 0]
] already exists.
apr. 17, 2020 7:59:52 A.M. hvl.projectparmorel.modelrepair.QModelFixer handleEpisode
INFO: Solution discarded.
apr. 17, 2020 7:59:52 A.M. hvl.projectparmorel.modelrepair.QModelFixer handleEpisode
INFO: EPISODE 21 TOTAL REWARD 0



apr. 17, 2020 7:59:52 A.M. hvl.projectparmorel.modelrepair.QModelFixer handleEpisode
INFO: EPISODE 22, STEP 0, Fixing error 401: The typed element must have a type
apr. 17, 2020 7:59:52 A.M. hvl.projectparmorel.modelrepair.QModelFixer chooseAction
INFO: Choosing optimal action
apr. 17, 2020 7:59:52 A.M. hvl.projectparmorel.modelrepair.QModelFixer handleStep
INFO: Chose action setEType in context 0 with weight 1.58015381523557E-7
apr. 17, 2020 7:59:52 A.M. hvl.projectparmorel.modelrepair.QModelFixer handleStep
INFO: Calculating new Q-value:
Old Q-value: 1.58015381523557E-7
Alpha: 0.1383333333333333

Reward: 0
1.58015381523557E-7 + 0.1383333333333333 * (0 - 1.58015381523557E-7) = 1.3615658707946496E-7
apr. 17, 2020 7:59:52 A.M. hvl.projectparmorel.modelrepair.QModelFixer handleStep
INFO: Updated Q-table for error 401, context 0, action 591449609 setEType to new weight 1.3615658707946496E-7
apr. 17, 2020 7:59:52 A.M. hvl.projectparmorel.modelrepair.QModelFixer isUnique
INFO: Solution [ErrorAction [Error: 401 The typed element must have a type, Action: setEType, Error hierarchy: 0]
] already exists.
apr. 17, 2020 7:59:52 A.M. hvl.projectparmorel.modelrepair.QModelFixer handleEpisode
INFO: Solution discarded.
apr. 17, 2020 7:59:52 A.M. hvl.projectparmorel.modelrepair.QModelFixer handleEpisode
INFO: EPISODE 22 TOTAL REWARD 0



apr. 17, 2020 7:59:52 A.M. hvl.projectparmorel.modelrepair.QModelFixer handleEpisode
INFO: EPISODE 23, STEP 0, Fixing error 401: The typed element must have a type
apr. 17, 2020 7:59:52 A.M. hvl.projectparmorel.modelrepair.QModelFixer chooseAction
INFO: Choosing optimal action
apr. 17, 2020 7:59:52 A.M. hvl.projectparmorel.modelrepair.QModelFixer handleStep
INFO: Chose action setEType in context 0 with weight 1.3615658707946496E-7
apr. 17, 2020 7:59:52 A.M. hvl.projectparmorel.modelrepair.QModelFixer handleStep
INFO: Calculating new Q-value:
Old Q-value: 1.3615658707946496E-7
Alpha: 0.09916666666666674

Reward: 0
1.3615658707946496E-7 + 0.09916666666666674 * (0 - 1.3615658707946496E-7) = 1.2265439219408468E-7
apr. 17, 2020 7:59:52 A.M. hvl.projectparmorel.modelrepair.QModelFixer handleStep
INFO: Updated Q-table for error 401, context 0, action 591449609 setEType to new weight 1.2265439219408468E-7
apr. 17, 2020 7:59:52 A.M. hvl.projectparmorel.modelrepair.QModelFixer isUnique
INFO: Solution [ErrorAction [Error: 401 The typed element must have a type, Action: setEType, Error hierarchy: 0]
] already exists.
apr. 17, 2020 7:59:52 A.M. hvl.projectparmorel.modelrepair.QModelFixer handleEpisode
INFO: Solution discarded.
apr. 17, 2020 7:59:52 A.M. hvl.projectparmorel.modelrepair.QModelFixer handleEpisode
INFO: EPISODE 23 TOTAL REWARD 0



apr. 17, 2020 7:59:52 A.M. hvl.projectparmorel.modelrepair.QModelFixer handleEpisode
INFO: EPISODE 24, STEP 0, Fixing error 401: The typed element must have a type
apr. 17, 2020 7:59:52 A.M. hvl.projectparmorel.modelrepair.QModelFixer chooseAction
INFO: Choosing optimal action
apr. 17, 2020 7:59:52 A.M. hvl.projectparmorel.modelrepair.QModelFixer handleStep
INFO: Chose action setEType in context 0 with weight 1.2265439219408468E-7
apr. 17, 2020 7:59:52 A.M. hvl.projectparmorel.modelrepair.QModelFixer handleStep
INFO: Calculating new Q-value:
Old Q-value: 1.2265439219408468E-7
Alpha: 0.06000000000000005

Reward: 0
1.2265439219408468E-7 + 0.06000000000000005 * (0 - 1.2265439219408468E-7) = 1.152951286624396E-7
apr. 17, 2020 7:59:52 A.M. hvl.projectparmorel.modelrepair.QModelFixer handleStep
INFO: Updated Q-table for error 401, context 0, action 591449609 setEType to new weight 1.152951286624396E-7
apr. 17, 2020 7:59:52 A.M. hvl.projectparmorel.modelrepair.QModelFixer isUnique
INFO: Solution [ErrorAction [Error: 401 The typed element must have a type, Action: setEType, Error hierarchy: 0]
] already exists.
apr. 17, 2020 7:59:52 A.M. hvl.projectparmorel.modelrepair.QModelFixer handleEpisode
INFO: Solution discarded.
apr. 17, 2020 7:59:52 A.M. hvl.projectparmorel.modelrepair.QModelFixer handleEpisode
INFO: EPISODE 24 TOTAL REWARD 0



apr. 17, 2020 7:59:52 A.M. hvl.projectparmorel.modelrepair.QModelFixer fixModel
INFO: Time repairing model: 41 ms
apr. 17, 2020 7:59:52 A.M. hvl.projectparmorel.modelrepair.QModelFixer fixModel
INFO: 
-----------------ALL SEQUENCES FOUND-------------------
SIZE: 2
DISCARDED SEQUENCES: 23
--------::::B E S T   S E Q U E N C E   I S::::---------
Sequence [id=0, seq=[ErrorAction [Error: 401 The typed element must have a type, Action: delete, Error hierarchy: 0]
], weight=0.0]

 with 1 actions.
apr. 17, 2020 7:59:52 A.M. hvl.projectparmorel.knowledge.Knowledge save
INFO: Saving initialized
apr. 17, 2020 7:59:52 A.M. hvl.projectparmorel.knowledge.Knowledge save
INFO: document prepared
apr. 17, 2020 7:59:52 A.M. hvl.projectparmorel.knowledge.Knowledge save
INFO: Saving completed to /Users/Magnus/Skole/DAT300/EclipseWorkspace2/ParmorelRunnable/knowledge.xml
apr. 17, 2020 7:59:52 A.M. hvl.projectparmorel.knowledge.Knowledge save
INFO: Saving initialized
apr. 17, 2020 7:59:52 A.M. hvl.projectparmorel.knowledge.Knowledge save
INFO: document prepared
apr. 17, 2020 7:59:52 A.M. hvl.projectparmorel.knowledge.Knowledge save
INFO: Saving completed to /Users/Magnus/Skole/DAT300/EclipseWorkspace2/ParmorelRunnable/knowledge.xml
