mai 08, 2020 1:01:28 P.M. no.hvl.projectparmorel.qlearning.QModelFixer fixModel
INFO: Repairing iolist.ecore
mai 08, 2020 1:01:28 P.M. no.hvl.projectparmorel.qlearning.QModelFixer fixModel
INFO: Running with preferences [PREFER_CLOSE_DISTANCE_TO_ORIGINAL, PREFER_RELAXATION]
mai 08, 2020 1:01:28 P.M. no.hvl.projectparmorel.qlearning.QModelFixer fixModel
INFO: Initial number of errors in model: 2
Maximum number of steps per episode: 12
Errors to fix: [Error 38, message=The default value literal 'MEAN' must be a valid literal of the attribute's type in package 0
, Error 38, message=The default value literal 'WEIGHTED' must be a valid literal of the attribute's type in package 0
]
mai 08, 2020 1:01:28 P.M. no.hvl.projectparmorel.qlearning.QModelFixer fixModel
INFO: Initializing Q-table for the errors.
mai 08, 2020 1:01:28 P.M. no.hvl.projectparmorel.qlearning.QModelFixer fixModel
INFO: Number of episodes: 25
mai 08, 2020 1:01:28 P.M. no.hvl.projectparmorel.qlearning.QModelFixer handleEpisode
INFO: EPISODE 0, STEP 0, Fixing error 38: The default value literal 'MEAN' must be a valid literal of the attribute's type
mai 08, 2020 1:01:28 P.M. no.hvl.projectparmorel.qlearning.QModelFixer chooseAction
INFO: Choosing optimal action
mai 08, 2020 1:01:28 P.M. no.hvl.projectparmorel.qlearning.QModelFixer handleStep
INFO: Chose action setDefaultValueLiteralGen in context 0 with weight 478.0
mai 08, 2020 1:01:28 P.M. no.hvl.projectparmorel.qlearning.QModelFixer handleStep
INFO: Next error code: 38
mai 08, 2020 1:01:28 P.M. no.hvl.projectparmorel.qlearning.QModelFixer handleStep
INFO: Calculating new Q-value:
Old Q-value: 478.0
Alpha: 1.0
Gamma: 1.0
Reward: -2
Next optimal action Q-value: 478.0
478.0 + 1.0 * (-2 + 1.0 * 478.0 - 478.0) = 476.0
mai 08, 2020 1:01:28 P.M. no.hvl.projectparmorel.qlearning.QModelFixer handleStep
INFO: Updated Q-table for error 38, context 0, action -2078906332 setDefaultValueLiteralGen to new weight 476.0


mai 08, 2020 1:01:28 P.M. no.hvl.projectparmorel.qlearning.QModelFixer handleEpisode
INFO: EPISODE 0, STEP 1, Fixing error 38: The default value literal 'WEIGHTED' must be a valid literal of the attribute's type
mai 08, 2020 1:01:28 P.M. no.hvl.projectparmorel.qlearning.QModelFixer chooseAction
INFO: Choosing optimal action
mai 08, 2020 1:01:28 P.M. no.hvl.projectparmorel.qlearning.QModelFixer handleStep
INFO: Chose action setDefaultValueLiteralGen in context 0 with weight 476.0
mai 08, 2020 1:01:28 P.M. no.hvl.projectparmorel.qlearning.QModelFixer updateQTable
INFO: Calculating new Q-value:
Old Q-value: 476.0
Alpha: 1.0
Gamma:1.0

Reward: -2
476.0 + 1.0 * (-2 + 1.0 - 476.0) = -1.0
mai 08, 2020 1:01:28 P.M. no.hvl.projectparmorel.qlearning.QModelFixer updateQTable
INFO: Updated Q-table for error 38, context 0, action -2078906332 to new weight -1.0
mai 08, 2020 1:01:28 P.M. no.hvl.projectparmorel.qlearning.ecore.EcoreSolution calculateDistanceFromOriginal
INFO: Calculated the distance between the models to 100.0
mai 08, 2020 1:01:28 P.M. no.hvl.projectparmorel.qlearning.reward.PreferCloseDinstanceToOriginalPreference rewardcalculateRewardFor
INFO: Time to measure distance: 534 ms
mai 08, 2020 1:01:28 P.M. no.hvl.projectparmorel.qlearning.QModelFixer updateQTable
INFO: Calculating new Q-value:
Old Q-value: -1.0
Alpha: 1.0
Gamma:1.0

Reward: 100
-1.0 + 1.0 * (100 + 1.0 - -1.0) = 101.0
mai 08, 2020 1:01:28 P.M. no.hvl.projectparmorel.qlearning.QModelFixer updateQTable
INFO: Updated Q-table for error 38, context 0, action -2078906332 to new weight 101.0
mai 08, 2020 1:01:28 P.M. no.hvl.projectparmorel.qlearning.QModelFixer updateQTable
INFO: Calculating new Q-value:
Old Q-value: 101.0
Alpha: 1.0
Gamma:1.0

Reward: 100
101.0 + 1.0 * (100 + 1.0 - 101.0) = 101.0
mai 08, 2020 1:01:28 P.M. no.hvl.projectparmorel.qlearning.QModelFixer updateQTable
INFO: Updated Q-table for error 38, context 0, action -2078906332 to new weight 101.0
mai 08, 2020 1:01:30 P.M. no.hvl.projectparmorel.qlearning.reward.PreferRelaxation rewardcalculateRewardFor
INFO: Relaxation Index of the metamodel: 57.0
Time to get metric: 1837 ms
mai 08, 2020 1:01:30 P.M. no.hvl.projectparmorel.qlearning.QModelFixer fixModel
INFO: Solution added to possible solitons: [ErrorAction [Error: 38 The default value literal 'MEAN' must be a valid literal of the attribute's type, Action: setDefaultValueLiteralGen, Error hierarchy: 0]
, ErrorAction [Error: 38 The default value literal 'WEIGHTED' must be a valid literal of the attribute's type, Action: setDefaultValueLiteralGen, Error hierarchy: 0]
]
mai 08, 2020 1:01:30 P.M. no.hvl.projectparmorel.qlearning.QModelFixer fixModel
INFO: EPISODE 0 TOTAL REWARD 310.0



mai 08, 2020 1:01:30 P.M. no.hvl.projectparmorel.qlearning.QModelFixer handleEpisode
INFO: EPISODE 1, STEP 0, Fixing error 38: The default value literal 'MEAN' must be a valid literal of the attribute's type
mai 08, 2020 1:01:30 P.M. no.hvl.projectparmorel.qlearning.QModelFixer chooseAction
INFO: Choosing optimal action
mai 08, 2020 1:01:30 P.M. no.hvl.projectparmorel.qlearning.QModelFixer handleStep
INFO: Chose action setEType in context 0 with weight 178.0
mai 08, 2020 1:01:30 P.M. no.hvl.projectparmorel.qlearning.QModelFixer handleStep
INFO: Next error code: 38
mai 08, 2020 1:01:30 P.M. no.hvl.projectparmorel.qlearning.QModelFixer handleStep
INFO: Calculating new Q-value:
Old Q-value: 178.0
Alpha: 1.0
Gamma: 1.0
Reward: -2
Next optimal action Q-value: 178.0
178.0 + 1.0 * (-2 + 1.0 * 178.0 - 178.0) = 176.0
mai 08, 2020 1:01:30 P.M. no.hvl.projectparmorel.qlearning.QModelFixer handleStep
INFO: Updated Q-table for error 38, context 0, action 591449609 setEType to new weight 176.0


mai 08, 2020 1:01:30 P.M. no.hvl.projectparmorel.qlearning.QModelFixer handleEpisode
INFO: EPISODE 1, STEP 1, Fixing error 38: The default value literal 'WEIGHTED' must be a valid literal of the attribute's type
mai 08, 2020 1:01:30 P.M. no.hvl.projectparmorel.qlearning.QModelFixer chooseAction
INFO: Choosing optimal action
mai 08, 2020 1:01:30 P.M. no.hvl.projectparmorel.qlearning.QModelFixer handleStep
INFO: Chose action setEType in context 0 with weight 178.0
mai 08, 2020 1:01:30 P.M. no.hvl.projectparmorel.qlearning.QModelFixer updateQTable
INFO: Calculating new Q-value:
Old Q-value: 178.0
Alpha: 1.0
Gamma:1.0

Reward: -2
178.0 + 1.0 * (-2 + 1.0 - 178.0) = -1.0
mai 08, 2020 1:01:30 P.M. no.hvl.projectparmorel.qlearning.QModelFixer updateQTable
INFO: Updated Q-table for error 38, context 0, action -591535257 to new weight -1.0
mai 08, 2020 1:01:31 P.M. no.hvl.projectparmorel.qlearning.ecore.EcoreSolution calculateDistanceFromOriginal
INFO: Calculated the distance between the models to 98.0
mai 08, 2020 1:01:31 P.M. no.hvl.projectparmorel.qlearning.reward.PreferCloseDinstanceToOriginalPreference rewardcalculateRewardFor
INFO: Time to measure distance: 567 ms
mai 08, 2020 1:01:31 P.M. no.hvl.projectparmorel.qlearning.QModelFixer updateQTable
INFO: Calculating new Q-value:
Old Q-value: 176.0
Alpha: 1.0
Gamma:1.0

Reward: 98
176.0 + 1.0 * (98 + 1.0 - 176.0) = 99.0
mai 08, 2020 1:01:31 P.M. no.hvl.projectparmorel.qlearning.QModelFixer updateQTable
INFO: Updated Q-table for error 38, context 0, action 591449609 to new weight 99.0
mai 08, 2020 1:01:31 P.M. no.hvl.projectparmorel.qlearning.QModelFixer updateQTable
INFO: Calculating new Q-value:
Old Q-value: -1.0
Alpha: 1.0
Gamma:1.0

Reward: 98
-1.0 + 1.0 * (98 + 1.0 - -1.0) = 99.0
mai 08, 2020 1:01:31 P.M. no.hvl.projectparmorel.qlearning.QModelFixer updateQTable
INFO: Updated Q-table for error 38, context 0, action -591535257 to new weight 99.0
mai 08, 2020 1:01:33 P.M. no.hvl.projectparmorel.qlearning.reward.PreferRelaxation rewardcalculateRewardFor
INFO: Relaxation Index of the metamodel: 57.0
Time to get metric: 2281 ms
mai 08, 2020 1:01:33 P.M. no.hvl.projectparmorel.qlearning.QModelFixer fixModel
INFO: Solution added to possible solitons: [ErrorAction [Error: 38 The default value literal 'MEAN' must be a valid literal of the attribute's type, Action: setEType, Error hierarchy: 0]
, ErrorAction [Error: 38 The default value literal 'WEIGHTED' must be a valid literal of the attribute's type, Action: setEType, Error hierarchy: 0]
]
mai 08, 2020 1:01:33 P.M. no.hvl.projectparmorel.qlearning.QModelFixer fixModel
INFO: EPISODE 1 TOTAL REWARD 306.0



mai 08, 2020 1:01:33 P.M. no.hvl.projectparmorel.qlearning.QModelFixer handleEpisode
INFO: EPISODE 2, STEP 0, Fixing error 38: The default value literal 'MEAN' must be a valid literal of the attribute's type
mai 08, 2020 1:01:33 P.M. no.hvl.projectparmorel.qlearning.QModelFixer chooseAction
INFO: Choosing optimal action
mai 08, 2020 1:01:33 P.M. no.hvl.projectparmorel.qlearning.QModelFixer handleStep
INFO: Chose action delete in context 0 with weight 178.0
mai 08, 2020 1:01:37 P.M. no.hvl.projectparmorel.qlearning.QModelFixer handleStep
INFO: Next error code: 38
mai 08, 2020 1:01:37 P.M. no.hvl.projectparmorel.qlearning.QModelFixer handleStep
INFO: Calculating new Q-value:
Old Q-value: 178.0
Alpha: 1.0
Gamma: 1.0
Reward: -2
Next optimal action Q-value: 178.0
178.0 + 1.0 * (-2 + 1.0 * 178.0 - 178.0) = 176.0
mai 08, 2020 1:01:37 P.M. no.hvl.projectparmorel.qlearning.QModelFixer handleStep
INFO: Updated Q-table for error 38, context 0, action 99999 delete to new weight 176.0


mai 08, 2020 1:01:37 P.M. no.hvl.projectparmorel.qlearning.QModelFixer handleEpisode
INFO: EPISODE 2, STEP 1, Fixing error 38: The default value literal 'WEIGHTED' must be a valid literal of the attribute's type
mai 08, 2020 1:01:37 P.M. no.hvl.projectparmorel.qlearning.QModelFixer chooseAction
INFO: Choosing optimal action
mai 08, 2020 1:01:37 P.M. no.hvl.projectparmorel.qlearning.QModelFixer handleStep
INFO: Chose action setDefaultValueLiteral in context 0 with weight 178.0
mai 08, 2020 1:01:37 P.M. no.hvl.projectparmorel.qlearning.QModelFixer updateQTable
INFO: Calculating new Q-value:
Old Q-value: 178.0
Alpha: 1.0
Gamma:1.0

Reward: -2
178.0 + 1.0 * (-2 + 1.0 - 178.0) = -1.0
mai 08, 2020 1:01:37 P.M. no.hvl.projectparmorel.qlearning.QModelFixer updateQTable
INFO: Updated Q-table for error 38, context 0, action 1999964618 to new weight -1.0
mai 08, 2020 1:01:38 P.M. no.hvl.projectparmorel.qlearning.ecore.EcoreSolution calculateDistanceFromOriginal
INFO: Calculated the distance between the models to 100.0
mai 08, 2020 1:01:38 P.M. no.hvl.projectparmorel.qlearning.reward.PreferCloseDinstanceToOriginalPreference rewardcalculateRewardFor
INFO: Time to measure distance: 557 ms
mai 08, 2020 1:01:38 P.M. no.hvl.projectparmorel.qlearning.QModelFixer updateQTable
INFO: Calculating new Q-value:
Old Q-value: 176.0
Alpha: 1.0
Gamma:1.0

Reward: 100
176.0 + 1.0 * (100 + 1.0 - 176.0) = 101.0
mai 08, 2020 1:01:38 P.M. no.hvl.projectparmorel.qlearning.QModelFixer updateQTable
INFO: Updated Q-table for error 38, context 0, action 99999 to new weight 101.0
mai 08, 2020 1:01:38 P.M. no.hvl.projectparmorel.qlearning.QModelFixer updateQTable
INFO: Calculating new Q-value:
Old Q-value: -1.0
Alpha: 1.0
Gamma:1.0

Reward: 100
-1.0 + 1.0 * (100 + 1.0 - -1.0) = 101.0
mai 08, 2020 1:01:38 P.M. no.hvl.projectparmorel.qlearning.QModelFixer updateQTable
INFO: Updated Q-table for error 38, context 0, action 1999964618 to new weight 101.0
mai 08, 2020 1:01:40 P.M. no.hvl.projectparmorel.qlearning.reward.PreferRelaxation rewardcalculateRewardFor
INFO: Relaxation Index of the metamodel: 57.0
Time to get metric: 2358 ms
mai 08, 2020 1:01:40 P.M. no.hvl.projectparmorel.qlearning.QModelFixer fixModel
INFO: Solution added to possible solitons: [ErrorAction [Error: 38 The default value literal 'MEAN' must be a valid literal of the attribute's type, Action: delete, Error hierarchy: 0]
, ErrorAction [Error: 38 The default value literal 'WEIGHTED' must be a valid literal of the attribute's type, Action: setDefaultValueLiteral, Error hierarchy: 0]
]
mai 08, 2020 1:01:40 P.M. no.hvl.projectparmorel.qlearning.QModelFixer fixModel
INFO: EPISODE 2 TOTAL REWARD 310.0



mai 08, 2020 1:01:40 P.M. no.hvl.projectparmorel.qlearning.QModelFixer handleEpisode
INFO: EPISODE 3, STEP 0, Fixing error 38: The default value literal 'MEAN' must be a valid literal of the attribute's type
mai 08, 2020 1:01:40 P.M. no.hvl.projectparmorel.qlearning.QModelFixer chooseAction
INFO: Choosing optimal action
mai 08, 2020 1:01:40 P.M. no.hvl.projectparmorel.qlearning.QModelFixer handleStep
INFO: Chose action setDefaultValueLiteralGen in context 0 with weight 57.0
mai 08, 2020 1:01:40 P.M. no.hvl.projectparmorel.qlearning.QModelFixer handleStep
INFO: Next error code: 38
mai 08, 2020 1:01:40 P.M. no.hvl.projectparmorel.qlearning.QModelFixer handleStep
INFO: Calculating new Q-value:
Old Q-value: 57.0
Alpha: 1.0
Gamma: 1.0
Reward: -2
Next optimal action Q-value: 57.0
57.0 + 1.0 * (-2 + 1.0 * 57.0 - 57.0) = 55.0
mai 08, 2020 1:01:40 P.M. no.hvl.projectparmorel.qlearning.QModelFixer handleStep
INFO: Updated Q-table for error 38, context 0, action -2078906332 setDefaultValueLiteralGen to new weight 55.0


mai 08, 2020 1:01:40 P.M. no.hvl.projectparmorel.qlearning.QModelFixer handleEpisode
INFO: EPISODE 3, STEP 1, Fixing error 38: The default value literal 'WEIGHTED' must be a valid literal of the attribute's type
mai 08, 2020 1:01:40 P.M. no.hvl.projectparmorel.qlearning.QModelFixer chooseAction
INFO: Choosing random action.
mai 08, 2020 1:01:40 P.M. no.hvl.projectparmorel.qlearning.QModelFixer handleStep
INFO: Chose action setDefaultValueLiteralGen in context 0 with weight 55.0
mai 08, 2020 1:01:40 P.M. no.hvl.projectparmorel.qlearning.QModelFixer updateQTable
INFO: Calculating new Q-value:
Old Q-value: 55.0
Alpha: 1.0
Gamma:1.0

Reward: -2
55.0 + 1.0 * (-2 + 1.0 - 55.0) = -1.0
mai 08, 2020 1:01:40 P.M. no.hvl.projectparmorel.qlearning.QModelFixer updateQTable
INFO: Updated Q-table for error 38, context 0, action -2078906332 to new weight -1.0
mai 08, 2020 1:01:41 P.M. no.hvl.projectparmorel.qlearning.ecore.EcoreSolution calculateDistanceFromOriginal
INFO: Calculated the distance between the models to 100.0
mai 08, 2020 1:01:41 P.M. no.hvl.projectparmorel.qlearning.reward.PreferCloseDinstanceToOriginalPreference rewardcalculateRewardFor
INFO: Time to measure distance: 503 ms
mai 08, 2020 1:01:41 P.M. no.hvl.projectparmorel.qlearning.QModelFixer updateQTable
INFO: Calculating new Q-value:
Old Q-value: -1.0
Alpha: 1.0
Gamma:1.0

Reward: 100
-1.0 + 1.0 * (100 + 1.0 - -1.0) = 101.0
mai 08, 2020 1:01:41 P.M. no.hvl.projectparmorel.qlearning.QModelFixer updateQTable
INFO: Updated Q-table for error 38, context 0, action -2078906332 to new weight 101.0
mai 08, 2020 1:01:41 P.M. no.hvl.projectparmorel.qlearning.QModelFixer updateQTable
INFO: Calculating new Q-value:
Old Q-value: 101.0
Alpha: 1.0
Gamma:1.0

Reward: 100
101.0 + 1.0 * (100 + 1.0 - 101.0) = 101.0
mai 08, 2020 1:01:41 P.M. no.hvl.projectparmorel.qlearning.QModelFixer updateQTable
INFO: Updated Q-table for error 38, context 0, action -2078906332 to new weight 101.0
mai 08, 2020 1:01:43 P.M. no.hvl.projectparmorel.qlearning.reward.PreferRelaxation rewardcalculateRewardFor
INFO: Relaxation Index of the metamodel: 57.0
Time to get metric: 1950 ms
mai 08, 2020 1:01:43 P.M. no.hvl.projectparmorel.qlearning.QModelFixer isUnique
INFO: Solution [ErrorAction [Error: 38 The default value literal 'MEAN' must be a valid literal of the attribute's type, Action: setDefaultValueLiteralGen, Error hierarchy: 0]
, ErrorAction [Error: 38 The default value literal 'WEIGHTED' must be a valid literal of the attribute's type, Action: setDefaultValueLiteralGen, Error hierarchy: 0]
] already exists.
mai 08, 2020 1:01:43 P.M. no.hvl.projectparmorel.qlearning.QModelFixer fixModel
INFO: Solution discarded.
mai 08, 2020 1:01:43 P.M. no.hvl.projectparmorel.qlearning.QModelFixer fixModel
INFO: EPISODE 3 TOTAL REWARD 310.0



mai 08, 2020 1:01:43 P.M. no.hvl.projectparmorel.qlearning.QModelFixer handleEpisode
INFO: EPISODE 4, STEP 0, Fixing error 38: The default value literal 'MEAN' must be a valid literal of the attribute's type
mai 08, 2020 1:01:43 P.M. no.hvl.projectparmorel.qlearning.QModelFixer chooseAction
INFO: Choosing random action.
mai 08, 2020 1:01:43 P.M. no.hvl.projectparmorel.qlearning.QModelFixer handleStep
INFO: Chose action setDefaultValueLiteralGen in context 0 with weight 57.0
mai 08, 2020 1:01:43 P.M. no.hvl.projectparmorel.qlearning.QModelFixer handleStep
INFO: Next error code: 38
mai 08, 2020 1:01:43 P.M. no.hvl.projectparmorel.qlearning.QModelFixer handleStep
INFO: Calculating new Q-value:
Old Q-value: 57.0
Alpha: 1.0
Gamma: 1.0
Reward: -2
Next optimal action Q-value: 57.0
57.0 + 1.0 * (-2 + 1.0 * 57.0 - 57.0) = 55.0
mai 08, 2020 1:01:43 P.M. no.hvl.projectparmorel.qlearning.QModelFixer handleStep
INFO: Updated Q-table for error 38, context 0, action -2078906332 setDefaultValueLiteralGen to new weight 55.0


mai 08, 2020 1:01:43 P.M. no.hvl.projectparmorel.qlearning.QModelFixer handleEpisode
INFO: EPISODE 4, STEP 1, Fixing error 38: The default value literal 'WEIGHTED' must be a valid literal of the attribute's type
mai 08, 2020 1:01:43 P.M. no.hvl.projectparmorel.qlearning.QModelFixer chooseAction
INFO: Choosing random action.
mai 08, 2020 1:01:43 P.M. no.hvl.projectparmorel.qlearning.QModelFixer handleStep
INFO: Chose action setDefaultValueLiteralGen in context 0 with weight 55.0
mai 08, 2020 1:01:43 P.M. no.hvl.projectparmorel.qlearning.QModelFixer updateQTable
INFO: Calculating new Q-value:
Old Q-value: 55.0
Alpha: 1.0
Gamma:1.0

Reward: -2
55.0 + 1.0 * (-2 + 1.0 - 55.0) = -1.0
mai 08, 2020 1:01:43 P.M. no.hvl.projectparmorel.qlearning.QModelFixer updateQTable
INFO: Updated Q-table for error 38, context 0, action -2078906332 to new weight -1.0
mai 08, 2020 1:01:43 P.M. no.hvl.projectparmorel.qlearning.ecore.EcoreSolution calculateDistanceFromOriginal
INFO: Calculated the distance between the models to 100.0
mai 08, 2020 1:01:43 P.M. no.hvl.projectparmorel.qlearning.reward.PreferCloseDinstanceToOriginalPreference rewardcalculateRewardFor
INFO: Time to measure distance: 667 ms
mai 08, 2020 1:01:43 P.M. no.hvl.projectparmorel.qlearning.QModelFixer updateQTable
INFO: Calculating new Q-value:
Old Q-value: -1.0
Alpha: 1.0
Gamma:1.0

Reward: 100
-1.0 + 1.0 * (100 + 1.0 - -1.0) = 101.0
mai 08, 2020 1:01:43 P.M. no.hvl.projectparmorel.qlearning.QModelFixer updateQTable
INFO: Updated Q-table for error 38, context 0, action -2078906332 to new weight 101.0
mai 08, 2020 1:01:43 P.M. no.hvl.projectparmorel.qlearning.QModelFixer updateQTable
INFO: Calculating new Q-value:
Old Q-value: 101.0
Alpha: 1.0
Gamma:1.0

Reward: 100
101.0 + 1.0 * (100 + 1.0 - 101.0) = 101.0
mai 08, 2020 1:01:43 P.M. no.hvl.projectparmorel.qlearning.QModelFixer updateQTable
INFO: Updated Q-table for error 38, context 0, action -2078906332 to new weight 101.0
mai 08, 2020 1:01:45 P.M. no.hvl.projectparmorel.qlearning.reward.PreferRelaxation rewardcalculateRewardFor
INFO: Relaxation Index of the metamodel: 57.0
Time to get metric: 1907 ms
mai 08, 2020 1:01:45 P.M. no.hvl.projectparmorel.qlearning.QModelFixer isUnique
INFO: Solution [ErrorAction [Error: 38 The default value literal 'MEAN' must be a valid literal of the attribute's type, Action: setDefaultValueLiteralGen, Error hierarchy: 0]
, ErrorAction [Error: 38 The default value literal 'WEIGHTED' must be a valid literal of the attribute's type, Action: setDefaultValueLiteralGen, Error hierarchy: 0]
] already exists.
mai 08, 2020 1:01:45 P.M. no.hvl.projectparmorel.qlearning.QModelFixer fixModel
INFO: Solution discarded.
mai 08, 2020 1:01:45 P.M. no.hvl.projectparmorel.qlearning.QModelFixer fixModel
INFO: EPISODE 4 TOTAL REWARD 310.0



mai 08, 2020 1:01:45 P.M. no.hvl.projectparmorel.qlearning.QModelFixer handleEpisode
INFO: EPISODE 5, STEP 0, Fixing error 38: The default value literal 'MEAN' must be a valid literal of the attribute's type
mai 08, 2020 1:01:45 P.M. no.hvl.projectparmorel.qlearning.QModelFixer chooseAction
INFO: Choosing optimal action
mai 08, 2020 1:01:45 P.M. no.hvl.projectparmorel.qlearning.QModelFixer handleStep
INFO: Chose action setDefaultValueLiteralGen in context 0 with weight 57.0
mai 08, 2020 1:01:45 P.M. no.hvl.projectparmorel.qlearning.QModelFixer handleStep
INFO: Next error code: 38
mai 08, 2020 1:01:45 P.M. no.hvl.projectparmorel.qlearning.QModelFixer handleStep
INFO: Calculating new Q-value:
Old Q-value: 57.0
Alpha: 1.0
Gamma: 1.0
Reward: -2
Next optimal action Q-value: 57.0
57.0 + 1.0 * (-2 + 1.0 * 57.0 - 57.0) = 55.0
mai 08, 2020 1:01:45 P.M. no.hvl.projectparmorel.qlearning.QModelFixer handleStep
INFO: Updated Q-table for error 38, context 0, action -2078906332 setDefaultValueLiteralGen to new weight 55.0


mai 08, 2020 1:01:45 P.M. no.hvl.projectparmorel.qlearning.QModelFixer handleEpisode
INFO: EPISODE 5, STEP 1, Fixing error 38: The default value literal 'WEIGHTED' must be a valid literal of the attribute's type
mai 08, 2020 1:01:45 P.M. no.hvl.projectparmorel.qlearning.QModelFixer chooseAction
INFO: Choosing optimal action
mai 08, 2020 1:01:45 P.M. no.hvl.projectparmorel.qlearning.QModelFixer handleStep
INFO: Chose action setEType in context 0 with weight 57.0
mai 08, 2020 1:01:45 P.M. no.hvl.projectparmorel.qlearning.QModelFixer updateQTable
INFO: Calculating new Q-value:
Old Q-value: 57.0
Alpha: 1.0
Gamma:1.0

Reward: -2
57.0 + 1.0 * (-2 + 1.0 - 57.0) = -1.0
mai 08, 2020 1:01:45 P.M. no.hvl.projectparmorel.qlearning.QModelFixer updateQTable
INFO: Updated Q-table for error 38, context 0, action 591449609 to new weight -1.0
mai 08, 2020 1:01:46 P.M. no.hvl.projectparmorel.qlearning.ecore.EcoreSolution calculateDistanceFromOriginal
INFO: Calculated the distance between the models to 100.0
mai 08, 2020 1:01:46 P.M. no.hvl.projectparmorel.qlearning.reward.PreferCloseDinstanceToOriginalPreference rewardcalculateRewardFor
INFO: Time to measure distance: 535 ms
mai 08, 2020 1:01:46 P.M. no.hvl.projectparmorel.qlearning.QModelFixer updateQTable
INFO: Calculating new Q-value:
Old Q-value: 55.0
Alpha: 1.0
Gamma:1.0

Reward: 100
55.0 + 1.0 * (100 + 1.0 - 55.0) = 101.0
mai 08, 2020 1:01:46 P.M. no.hvl.projectparmorel.qlearning.QModelFixer updateQTable
INFO: Updated Q-table for error 38, context 0, action -2078906332 to new weight 101.0
mai 08, 2020 1:01:46 P.M. no.hvl.projectparmorel.qlearning.QModelFixer updateQTable
INFO: Calculating new Q-value:
Old Q-value: -1.0
Alpha: 1.0
Gamma:1.0

Reward: 100
-1.0 + 1.0 * (100 + 1.0 - -1.0) = 101.0
mai 08, 2020 1:01:46 P.M. no.hvl.projectparmorel.qlearning.QModelFixer updateQTable
INFO: Updated Q-table for error 38, context 0, action 591449609 to new weight 101.0
mai 08, 2020 1:01:48 P.M. no.hvl.projectparmorel.qlearning.reward.PreferRelaxation rewardcalculateRewardFor
INFO: Relaxation Index of the metamodel: 57.0
Time to get metric: 1916 ms
mai 08, 2020 1:01:48 P.M. no.hvl.projectparmorel.qlearning.QModelFixer fixModel
INFO: Solution added to possible solitons: [ErrorAction [Error: 38 The default value literal 'MEAN' must be a valid literal of the attribute's type, Action: setDefaultValueLiteralGen, Error hierarchy: 0]
, ErrorAction [Error: 38 The default value literal 'WEIGHTED' must be a valid literal of the attribute's type, Action: setEType, Error hierarchy: 0]
]
mai 08, 2020 1:01:48 P.M. no.hvl.projectparmorel.qlearning.QModelFixer fixModel
INFO: EPISODE 5 TOTAL REWARD 310.0



mai 08, 2020 1:01:48 P.M. no.hvl.projectparmorel.qlearning.QModelFixer handleEpisode
INFO: EPISODE 6, STEP 0, Fixing error 38: The default value literal 'MEAN' must be a valid literal of the attribute's type
mai 08, 2020 1:01:48 P.M. no.hvl.projectparmorel.qlearning.QModelFixer chooseAction
INFO: Choosing optimal action
mai 08, 2020 1:01:48 P.M. no.hvl.projectparmorel.qlearning.QModelFixer handleStep
INFO: Chose action setDefaultValueLiteralGen in context 0 with weight 57.0
mai 08, 2020 1:01:48 P.M. no.hvl.projectparmorel.qlearning.QModelFixer handleStep
INFO: Next error code: 38
mai 08, 2020 1:01:48 P.M. no.hvl.projectparmorel.qlearning.QModelFixer handleStep
INFO: Calculating new Q-value:
Old Q-value: 57.0
Alpha: 1.0
Gamma: 1.0
Reward: -2
Next optimal action Q-value: 57.0
57.0 + 1.0 * (-2 + 1.0 * 57.0 - 57.0) = 55.0
mai 08, 2020 1:01:48 P.M. no.hvl.projectparmorel.qlearning.QModelFixer handleStep
INFO: Updated Q-table for error 38, context 0, action -2078906332 setDefaultValueLiteralGen to new weight 55.0


mai 08, 2020 1:01:48 P.M. no.hvl.projectparmorel.qlearning.QModelFixer handleEpisode
INFO: EPISODE 6, STEP 1, Fixing error 38: The default value literal 'WEIGHTED' must be a valid literal of the attribute's type
mai 08, 2020 1:01:48 P.M. no.hvl.projectparmorel.qlearning.QModelFixer chooseAction
INFO: Choosing random action.
mai 08, 2020 1:01:48 P.M. no.hvl.projectparmorel.qlearning.QModelFixer handleStep
INFO: Chose action delete in context 0 with weight 57.0
mai 08, 2020 1:01:51 P.M. no.hvl.projectparmorel.qlearning.QModelFixer updateQTable
INFO: Calculating new Q-value:
Old Q-value: 57.0
Alpha: 1.0
Gamma:1.0

Reward: -2
57.0 + 1.0 * (-2 + 1.0 - 57.0) = -1.0
mai 08, 2020 1:01:51 P.M. no.hvl.projectparmorel.qlearning.QModelFixer updateQTable
INFO: Updated Q-table for error 38, context 0, action 99999 to new weight -1.0
mai 08, 2020 1:01:52 P.M. no.hvl.projectparmorel.qlearning.ecore.EcoreSolution calculateDistanceFromOriginal
INFO: Calculated the distance between the models to 100.0
mai 08, 2020 1:01:52 P.M. no.hvl.projectparmorel.qlearning.reward.PreferCloseDinstanceToOriginalPreference rewardcalculateRewardFor
INFO: Time to measure distance: 419 ms
mai 08, 2020 1:01:52 P.M. no.hvl.projectparmorel.qlearning.QModelFixer updateQTable
INFO: Calculating new Q-value:
Old Q-value: 55.0
Alpha: 1.0
Gamma:1.0

Reward: 100
55.0 + 1.0 * (100 + 1.0 - 55.0) = 101.0
mai 08, 2020 1:01:52 P.M. no.hvl.projectparmorel.qlearning.QModelFixer updateQTable
INFO: Updated Q-table for error 38, context 0, action -2078906332 to new weight 101.0
mai 08, 2020 1:01:52 P.M. no.hvl.projectparmorel.qlearning.QModelFixer updateQTable
INFO: Calculating new Q-value:
Old Q-value: -1.0
Alpha: 1.0
Gamma:1.0

Reward: 100
-1.0 + 1.0 * (100 + 1.0 - -1.0) = 101.0
mai 08, 2020 1:01:52 P.M. no.hvl.projectparmorel.qlearning.QModelFixer updateQTable
INFO: Updated Q-table for error 38, context 0, action 99999 to new weight 101.0
mai 08, 2020 1:01:54 P.M. no.hvl.projectparmorel.qlearning.reward.PreferRelaxation rewardcalculateRewardFor
INFO: Relaxation Index of the metamodel: 57.0
Time to get metric: 1889 ms
mai 08, 2020 1:01:54 P.M. no.hvl.projectparmorel.qlearning.QModelFixer fixModel
INFO: Solution added to possible solitons: [ErrorAction [Error: 38 The default value literal 'MEAN' must be a valid literal of the attribute's type, Action: setDefaultValueLiteralGen, Error hierarchy: 0]
, ErrorAction [Error: 38 The default value literal 'WEIGHTED' must be a valid literal of the attribute's type, Action: delete, Error hierarchy: 0]
]
mai 08, 2020 1:01:54 P.M. no.hvl.projectparmorel.qlearning.QModelFixer fixModel
INFO: EPISODE 6 TOTAL REWARD 310.0



mai 08, 2020 1:01:54 P.M. no.hvl.projectparmorel.qlearning.QModelFixer handleEpisode
INFO: EPISODE 7, STEP 0, Fixing error 38: The default value literal 'MEAN' must be a valid literal of the attribute's type
mai 08, 2020 1:01:54 P.M. no.hvl.projectparmorel.qlearning.QModelFixer chooseAction
INFO: Choosing random action.
mai 08, 2020 1:01:54 P.M. no.hvl.projectparmorel.qlearning.QModelFixer handleStep
INFO: Chose action delete in context 0 with weight 57.0
mai 08, 2020 1:01:57 P.M. no.hvl.projectparmorel.qlearning.QModelFixer handleStep
INFO: Next error code: 38
mai 08, 2020 1:01:57 P.M. no.hvl.projectparmorel.qlearning.QModelFixer handleStep
INFO: Calculating new Q-value:
Old Q-value: 57.0
Alpha: 1.0
Gamma: 1.0
Reward: -2
Next optimal action Q-value: 57.0
57.0 + 1.0 * (-2 + 1.0 * 57.0 - 57.0) = 55.0
mai 08, 2020 1:01:57 P.M. no.hvl.projectparmorel.qlearning.QModelFixer handleStep
INFO: Updated Q-table for error 38, context 0, action 99999 delete to new weight 55.0


mai 08, 2020 1:01:57 P.M. no.hvl.projectparmorel.qlearning.QModelFixer handleEpisode
INFO: EPISODE 7, STEP 1, Fixing error 38: The default value literal 'WEIGHTED' must be a valid literal of the attribute's type
mai 08, 2020 1:01:57 P.M. no.hvl.projectparmorel.qlearning.QModelFixer chooseAction
INFO: Choosing random action.
mai 08, 2020 1:01:57 P.M. no.hvl.projectparmorel.qlearning.QModelFixer handleStep
INFO: Chose action setEType in context 0 with weight 57.0
mai 08, 2020 1:01:57 P.M. no.hvl.projectparmorel.qlearning.QModelFixer updateQTable
INFO: Calculating new Q-value:
Old Q-value: 57.0
Alpha: 1.0
Gamma:1.0

Reward: -2
57.0 + 1.0 * (-2 + 1.0 - 57.0) = -1.0
mai 08, 2020 1:01:57 P.M. no.hvl.projectparmorel.qlearning.QModelFixer updateQTable
INFO: Updated Q-table for error 38, context 0, action -591535257 to new weight -1.0
mai 08, 2020 1:01:58 P.M. no.hvl.projectparmorel.qlearning.ecore.EcoreSolution calculateDistanceFromOriginal
INFO: Calculated the distance between the models to 98.0
mai 08, 2020 1:01:58 P.M. no.hvl.projectparmorel.qlearning.reward.PreferCloseDinstanceToOriginalPreference rewardcalculateRewardFor
INFO: Time to measure distance: 509 ms
mai 08, 2020 1:01:58 P.M. no.hvl.projectparmorel.qlearning.QModelFixer updateQTable
INFO: Calculating new Q-value:
Old Q-value: 55.0
Alpha: 1.0
Gamma:1.0

Reward: 98
55.0 + 1.0 * (98 + 1.0 - 55.0) = 99.0
mai 08, 2020 1:01:58 P.M. no.hvl.projectparmorel.qlearning.QModelFixer updateQTable
INFO: Updated Q-table for error 38, context 0, action 99999 to new weight 99.0
mai 08, 2020 1:01:58 P.M. no.hvl.projectparmorel.qlearning.QModelFixer updateQTable
INFO: Calculating new Q-value:
Old Q-value: -1.0
Alpha: 1.0
Gamma:1.0

Reward: 98
-1.0 + 1.0 * (98 + 1.0 - -1.0) = 99.0
mai 08, 2020 1:01:58 P.M. no.hvl.projectparmorel.qlearning.QModelFixer updateQTable
INFO: Updated Q-table for error 38, context 0, action -591535257 to new weight 99.0
mai 08, 2020 1:02:00 P.M. no.hvl.projectparmorel.qlearning.reward.PreferRelaxation rewardcalculateRewardFor
INFO: Relaxation Index of the metamodel: 57.0
Time to get metric: 1933 ms
mai 08, 2020 1:02:00 P.M. no.hvl.projectparmorel.qlearning.QModelFixer fixModel
INFO: Solution added to possible solitons: [ErrorAction [Error: 38 The default value literal 'MEAN' must be a valid literal of the attribute's type, Action: delete, Error hierarchy: 0]
, ErrorAction [Error: 38 The default value literal 'WEIGHTED' must be a valid literal of the attribute's type, Action: setEType, Error hierarchy: 0]
]
mai 08, 2020 1:02:00 P.M. no.hvl.projectparmorel.qlearning.QModelFixer fixModel
INFO: EPISODE 7 TOTAL REWARD 306.0



mai 08, 2020 1:02:00 P.M. no.hvl.projectparmorel.qlearning.QModelFixer handleEpisode
INFO: EPISODE 8, STEP 0, Fixing error 38: The default value literal 'MEAN' must be a valid literal of the attribute's type
mai 08, 2020 1:02:00 P.M. no.hvl.projectparmorel.qlearning.QModelFixer chooseAction
INFO: Choosing optimal action
mai 08, 2020 1:02:00 P.M. no.hvl.projectparmorel.qlearning.QModelFixer handleStep
INFO: Chose action setDefaultValueLiteralGen in context 0 with weight 57.0
mai 08, 2020 1:02:00 P.M. no.hvl.projectparmorel.qlearning.QModelFixer handleStep
INFO: Next error code: 38
mai 08, 2020 1:02:00 P.M. no.hvl.projectparmorel.qlearning.QModelFixer handleStep
INFO: Calculating new Q-value:
Old Q-value: 57.0
Alpha: 1.0
Gamma: 1.0
Reward: -2
Next optimal action Q-value: 57.0
57.0 + 1.0 * (-2 + 1.0 * 57.0 - 57.0) = 55.0
mai 08, 2020 1:02:00 P.M. no.hvl.projectparmorel.qlearning.QModelFixer handleStep
INFO: Updated Q-table for error 38, context 0, action -2078906332 setDefaultValueLiteralGen to new weight 55.0


mai 08, 2020 1:02:00 P.M. no.hvl.projectparmorel.qlearning.QModelFixer handleEpisode
INFO: EPISODE 8, STEP 1, Fixing error 38: The default value literal 'WEIGHTED' must be a valid literal of the attribute's type
mai 08, 2020 1:02:00 P.M. no.hvl.projectparmorel.qlearning.QModelFixer chooseAction
INFO: Choosing optimal action
mai 08, 2020 1:02:00 P.M. no.hvl.projectparmorel.qlearning.QModelFixer handleStep
INFO: Chose action setEType in context 0 with weight 57.0
mai 08, 2020 1:02:00 P.M. no.hvl.projectparmorel.qlearning.QModelFixer updateQTable
INFO: Calculating new Q-value:
Old Q-value: 57.0
Alpha: 1.0
Gamma:1.0

Reward: -2
57.0 + 1.0 * (-2 + 1.0 - 57.0) = -1.0
mai 08, 2020 1:02:00 P.M. no.hvl.projectparmorel.qlearning.QModelFixer updateQTable
INFO: Updated Q-table for error 38, context 0, action 591449609 to new weight -1.0
mai 08, 2020 1:02:00 P.M. no.hvl.projectparmorel.qlearning.ecore.EcoreSolution calculateDistanceFromOriginal
INFO: Calculated the distance between the models to 100.0
mai 08, 2020 1:02:00 P.M. no.hvl.projectparmorel.qlearning.reward.PreferCloseDinstanceToOriginalPreference rewardcalculateRewardFor
INFO: Time to measure distance: 497 ms
mai 08, 2020 1:02:00 P.M. no.hvl.projectparmorel.qlearning.QModelFixer updateQTable
INFO: Calculating new Q-value:
Old Q-value: 55.0
Alpha: 1.0
Gamma:1.0

Reward: 100
55.0 + 1.0 * (100 + 1.0 - 55.0) = 101.0
mai 08, 2020 1:02:00 P.M. no.hvl.projectparmorel.qlearning.QModelFixer updateQTable
INFO: Updated Q-table for error 38, context 0, action -2078906332 to new weight 101.0
mai 08, 2020 1:02:00 P.M. no.hvl.projectparmorel.qlearning.QModelFixer updateQTable
INFO: Calculating new Q-value:
Old Q-value: -1.0
Alpha: 1.0
Gamma:1.0

Reward: 100
-1.0 + 1.0 * (100 + 1.0 - -1.0) = 101.0
mai 08, 2020 1:02:00 P.M. no.hvl.projectparmorel.qlearning.QModelFixer updateQTable
INFO: Updated Q-table for error 38, context 0, action 591449609 to new weight 101.0
mai 08, 2020 1:02:02 P.M. no.hvl.projectparmorel.qlearning.reward.PreferRelaxation rewardcalculateRewardFor
INFO: Relaxation Index of the metamodel: 57.0
Time to get metric: 1896 ms
mai 08, 2020 1:02:02 P.M. no.hvl.projectparmorel.qlearning.QModelFixer isUnique
INFO: Solution [ErrorAction [Error: 38 The default value literal 'MEAN' must be a valid literal of the attribute's type, Action: setDefaultValueLiteralGen, Error hierarchy: 0]
, ErrorAction [Error: 38 The default value literal 'WEIGHTED' must be a valid literal of the attribute's type, Action: setEType, Error hierarchy: 0]
] already exists.
mai 08, 2020 1:02:02 P.M. no.hvl.projectparmorel.qlearning.QModelFixer fixModel
INFO: Solution discarded.
mai 08, 2020 1:02:02 P.M. no.hvl.projectparmorel.qlearning.QModelFixer fixModel
INFO: EPISODE 8 TOTAL REWARD 310.0



mai 08, 2020 1:02:02 P.M. no.hvl.projectparmorel.qlearning.QModelFixer handleEpisode
INFO: EPISODE 9, STEP 0, Fixing error 38: The default value literal 'MEAN' must be a valid literal of the attribute's type
mai 08, 2020 1:02:02 P.M. no.hvl.projectparmorel.qlearning.QModelFixer chooseAction
INFO: Choosing random action.
mai 08, 2020 1:02:02 P.M. no.hvl.projectparmorel.qlearning.QModelFixer handleStep
INFO: Chose action delete in context 0 with weight 57.0
mai 08, 2020 1:02:06 P.M. no.hvl.projectparmorel.qlearning.QModelFixer handleStep
INFO: Next error code: 38
mai 08, 2020 1:02:06 P.M. no.hvl.projectparmorel.qlearning.QModelFixer handleStep
INFO: Calculating new Q-value:
Old Q-value: 57.0
Alpha: 1.0
Gamma: 1.0
Reward: -2
Next optimal action Q-value: 57.0
57.0 + 1.0 * (-2 + 1.0 * 57.0 - 57.0) = 55.0
mai 08, 2020 1:02:06 P.M. no.hvl.projectparmorel.qlearning.QModelFixer handleStep
INFO: Updated Q-table for error 38, context 0, action 99999 delete to new weight 55.0


mai 08, 2020 1:02:06 P.M. no.hvl.projectparmorel.qlearning.QModelFixer handleEpisode
INFO: EPISODE 9, STEP 1, Fixing error 38: The default value literal 'WEIGHTED' must be a valid literal of the attribute's type
mai 08, 2020 1:02:06 P.M. no.hvl.projectparmorel.qlearning.QModelFixer chooseAction
INFO: Choosing random action.
mai 08, 2020 1:02:06 P.M. no.hvl.projectparmorel.qlearning.QModelFixer handleStep
INFO: Chose action delete in context 0 with weight 55.0
mai 08, 2020 1:02:09 P.M. no.hvl.projectparmorel.qlearning.QModelFixer updateQTable
INFO: Calculating new Q-value:
Old Q-value: 55.0
Alpha: 1.0
Gamma:1.0

Reward: -2
55.0 + 1.0 * (-2 + 1.0 - 55.0) = -1.0
mai 08, 2020 1:02:09 P.M. no.hvl.projectparmorel.qlearning.QModelFixer updateQTable
INFO: Updated Q-table for error 38, context 0, action 99999 to new weight -1.0
mai 08, 2020 1:02:10 P.M. no.hvl.projectparmorel.qlearning.ecore.EcoreSolution calculateDistanceFromOriginal
INFO: Calculated the distance between the models to 98.0
mai 08, 2020 1:02:10 P.M. no.hvl.projectparmorel.qlearning.reward.PreferCloseDinstanceToOriginalPreference rewardcalculateRewardFor
INFO: Time to measure distance: 437 ms
mai 08, 2020 1:02:10 P.M. no.hvl.projectparmorel.qlearning.QModelFixer updateQTable
INFO: Calculating new Q-value:
Old Q-value: -1.0
Alpha: 1.0
Gamma:1.0

Reward: 98
-1.0 + 1.0 * (98 + 1.0 - -1.0) = 99.0
mai 08, 2020 1:02:10 P.M. no.hvl.projectparmorel.qlearning.QModelFixer updateQTable
INFO: Updated Q-table for error 38, context 0, action 99999 to new weight 99.0
mai 08, 2020 1:02:10 P.M. no.hvl.projectparmorel.qlearning.QModelFixer updateQTable
INFO: Calculating new Q-value:
Old Q-value: 99.0
Alpha: 1.0
Gamma:1.0

Reward: 98
99.0 + 1.0 * (98 + 1.0 - 99.0) = 99.0
mai 08, 2020 1:02:10 P.M. no.hvl.projectparmorel.qlearning.QModelFixer updateQTable
INFO: Updated Q-table for error 38, context 0, action 99999 to new weight 99.0
mai 08, 2020 1:02:12 P.M. no.hvl.projectparmorel.qlearning.reward.PreferRelaxation rewardcalculateRewardFor
INFO: Relaxation Index of the metamodel: 57.0
Time to get metric: 1946 ms
mai 08, 2020 1:02:12 P.M. no.hvl.projectparmorel.qlearning.QModelFixer fixModel
INFO: Solution added to possible solitons: [ErrorAction [Error: 38 The default value literal 'MEAN' must be a valid literal of the attribute's type, Action: delete, Error hierarchy: 0]
, ErrorAction [Error: 38 The default value literal 'WEIGHTED' must be a valid literal of the attribute's type, Action: delete, Error hierarchy: 0]
]
mai 08, 2020 1:02:12 P.M. no.hvl.projectparmorel.qlearning.QModelFixer fixModel
INFO: EPISODE 9 TOTAL REWARD 306.0



mai 08, 2020 1:02:12 P.M. no.hvl.projectparmorel.qlearning.QModelFixer handleEpisode
INFO: EPISODE 10, STEP 0, Fixing error 38: The default value literal 'MEAN' must be a valid literal of the attribute's type
mai 08, 2020 1:02:12 P.M. no.hvl.projectparmorel.qlearning.QModelFixer chooseAction
INFO: Choosing optimal action
mai 08, 2020 1:02:12 P.M. no.hvl.projectparmorel.qlearning.QModelFixer handleStep
INFO: Chose action setDefaultValueLiteralGen in context 0 with weight 57.0
mai 08, 2020 1:02:12 P.M. no.hvl.projectparmorel.qlearning.QModelFixer handleStep
INFO: Next error code: 38
mai 08, 2020 1:02:12 P.M. no.hvl.projectparmorel.qlearning.QModelFixer handleStep
INFO: Calculating new Q-value:
Old Q-value: 57.0
Alpha: 1.0
Gamma: 1.0
Reward: -2
Next optimal action Q-value: 57.0
57.0 + 1.0 * (-2 + 1.0 * 57.0 - 57.0) = 55.0
mai 08, 2020 1:02:12 P.M. no.hvl.projectparmorel.qlearning.QModelFixer handleStep
INFO: Updated Q-table for error 38, context 0, action -2078906332 setDefaultValueLiteralGen to new weight 55.0


mai 08, 2020 1:02:12 P.M. no.hvl.projectparmorel.qlearning.QModelFixer handleEpisode
INFO: EPISODE 10, STEP 1, Fixing error 38: The default value literal 'WEIGHTED' must be a valid literal of the attribute's type
mai 08, 2020 1:02:12 P.M. no.hvl.projectparmorel.qlearning.QModelFixer chooseAction
INFO: Choosing random action.
mai 08, 2020 1:02:12 P.M. no.hvl.projectparmorel.qlearning.QModelFixer handleStep
INFO: Chose action setDefaultValueLiteral in context 0 with weight 57.0
mai 08, 2020 1:02:12 P.M. no.hvl.projectparmorel.qlearning.QModelFixer updateQTable
INFO: Calculating new Q-value:
Old Q-value: 57.0
Alpha: 1.0
Gamma:1.0

Reward: -2
57.0 + 1.0 * (-2 + 1.0 - 57.0) = -1.0
mai 08, 2020 1:02:12 P.M. no.hvl.projectparmorel.qlearning.QModelFixer updateQTable
INFO: Updated Q-table for error 38, context 0, action 1999964618 to new weight -1.0
mai 08, 2020 1:02:12 P.M. no.hvl.projectparmorel.qlearning.ecore.EcoreSolution calculateDistanceFromOriginal
INFO: Calculated the distance between the models to 100.0
mai 08, 2020 1:02:12 P.M. no.hvl.projectparmorel.qlearning.reward.PreferCloseDinstanceToOriginalPreference rewardcalculateRewardFor
INFO: Time to measure distance: 451 ms
mai 08, 2020 1:02:12 P.M. no.hvl.projectparmorel.qlearning.QModelFixer updateQTable
INFO: Calculating new Q-value:
Old Q-value: 55.0
Alpha: 1.0
Gamma:1.0

Reward: 100
55.0 + 1.0 * (100 + 1.0 - 55.0) = 101.0
mai 08, 2020 1:02:12 P.M. no.hvl.projectparmorel.qlearning.QModelFixer updateQTable
INFO: Updated Q-table for error 38, context 0, action -2078906332 to new weight 101.0
mai 08, 2020 1:02:12 P.M. no.hvl.projectparmorel.qlearning.QModelFixer updateQTable
INFO: Calculating new Q-value:
Old Q-value: -1.0
Alpha: 1.0
Gamma:1.0

Reward: 100
-1.0 + 1.0 * (100 + 1.0 - -1.0) = 101.0
mai 08, 2020 1:02:12 P.M. no.hvl.projectparmorel.qlearning.QModelFixer updateQTable
INFO: Updated Q-table for error 38, context 0, action 1999964618 to new weight 101.0
mai 08, 2020 1:02:14 P.M. no.hvl.projectparmorel.qlearning.reward.PreferRelaxation rewardcalculateRewardFor
INFO: Relaxation Index of the metamodel: 57.0
Time to get metric: 1902 ms
mai 08, 2020 1:02:14 P.M. no.hvl.projectparmorel.qlearning.QModelFixer fixModel
INFO: Solution added to possible solitons: [ErrorAction [Error: 38 The default value literal 'MEAN' must be a valid literal of the attribute's type, Action: setDefaultValueLiteralGen, Error hierarchy: 0]
, ErrorAction [Error: 38 The default value literal 'WEIGHTED' must be a valid literal of the attribute's type, Action: setDefaultValueLiteral, Error hierarchy: 0]
]
mai 08, 2020 1:02:14 P.M. no.hvl.projectparmorel.qlearning.QModelFixer fixModel
INFO: EPISODE 10 TOTAL REWARD 310.0



mai 08, 2020 1:02:14 P.M. no.hvl.projectparmorel.qlearning.QModelFixer handleEpisode
INFO: EPISODE 11, STEP 0, Fixing error 38: The default value literal 'MEAN' must be a valid literal of the attribute's type
mai 08, 2020 1:02:14 P.M. no.hvl.projectparmorel.qlearning.QModelFixer chooseAction
INFO: Choosing optimal action
mai 08, 2020 1:02:14 P.M. no.hvl.projectparmorel.qlearning.QModelFixer handleStep
INFO: Chose action setDefaultValueLiteralGen in context 0 with weight 57.0
mai 08, 2020 1:02:14 P.M. no.hvl.projectparmorel.qlearning.QModelFixer handleStep
INFO: Next error code: 38
mai 08, 2020 1:02:14 P.M. no.hvl.projectparmorel.qlearning.QModelFixer handleStep
INFO: Calculating new Q-value:
Old Q-value: 57.0
Alpha: 1.0
Gamma: 1.0
Reward: -2
Next optimal action Q-value: 57.0
57.0 + 1.0 * (-2 + 1.0 * 57.0 - 57.0) = 55.0
mai 08, 2020 1:02:14 P.M. no.hvl.projectparmorel.qlearning.QModelFixer handleStep
INFO: Updated Q-table for error 38, context 0, action -2078906332 setDefaultValueLiteralGen to new weight 55.0


mai 08, 2020 1:02:14 P.M. no.hvl.projectparmorel.qlearning.QModelFixer handleEpisode
INFO: EPISODE 11, STEP 1, Fixing error 38: The default value literal 'WEIGHTED' must be a valid literal of the attribute's type
mai 08, 2020 1:02:14 P.M. no.hvl.projectparmorel.qlearning.QModelFixer chooseAction
INFO: Choosing optimal action
mai 08, 2020 1:02:14 P.M. no.hvl.projectparmorel.qlearning.QModelFixer handleStep
INFO: Chose action setEType in context 0 with weight 57.0
mai 08, 2020 1:02:14 P.M. no.hvl.projectparmorel.qlearning.QModelFixer updateQTable
INFO: Calculating new Q-value:
Old Q-value: 57.0
Alpha: 1.0
Gamma:1.0

Reward: -2
57.0 + 1.0 * (-2 + 1.0 - 57.0) = -1.0
mai 08, 2020 1:02:14 P.M. no.hvl.projectparmorel.qlearning.QModelFixer updateQTable
INFO: Updated Q-table for error 38, context 0, action 591449609 to new weight -1.0
mai 08, 2020 1:02:15 P.M. no.hvl.projectparmorel.qlearning.ecore.EcoreSolution calculateDistanceFromOriginal
INFO: Calculated the distance between the models to 100.0
mai 08, 2020 1:02:15 P.M. no.hvl.projectparmorel.qlearning.reward.PreferCloseDinstanceToOriginalPreference rewardcalculateRewardFor
INFO: Time to measure distance: 406 ms
mai 08, 2020 1:02:15 P.M. no.hvl.projectparmorel.qlearning.QModelFixer updateQTable
INFO: Calculating new Q-value:
Old Q-value: 55.0
Alpha: 1.0
Gamma:1.0

Reward: 100
55.0 + 1.0 * (100 + 1.0 - 55.0) = 101.0
mai 08, 2020 1:02:15 P.M. no.hvl.projectparmorel.qlearning.QModelFixer updateQTable
INFO: Updated Q-table for error 38, context 0, action -2078906332 to new weight 101.0
mai 08, 2020 1:02:15 P.M. no.hvl.projectparmorel.qlearning.QModelFixer updateQTable
INFO: Calculating new Q-value:
Old Q-value: -1.0
Alpha: 1.0
Gamma:1.0

Reward: 100
-1.0 + 1.0 * (100 + 1.0 - -1.0) = 101.0
mai 08, 2020 1:02:15 P.M. no.hvl.projectparmorel.qlearning.QModelFixer updateQTable
INFO: Updated Q-table for error 38, context 0, action 591449609 to new weight 101.0
mai 08, 2020 1:02:16 P.M. no.hvl.projectparmorel.qlearning.reward.PreferRelaxation rewardcalculateRewardFor
INFO: Relaxation Index of the metamodel: 57.0
Time to get metric: 1778 ms
mai 08, 2020 1:02:16 P.M. no.hvl.projectparmorel.qlearning.QModelFixer isUnique
INFO: Solution [ErrorAction [Error: 38 The default value literal 'MEAN' must be a valid literal of the attribute's type, Action: setDefaultValueLiteralGen, Error hierarchy: 0]
, ErrorAction [Error: 38 The default value literal 'WEIGHTED' must be a valid literal of the attribute's type, Action: setEType, Error hierarchy: 0]
] already exists.
mai 08, 2020 1:02:16 P.M. no.hvl.projectparmorel.qlearning.QModelFixer fixModel
INFO: Solution discarded.
mai 08, 2020 1:02:16 P.M. no.hvl.projectparmorel.qlearning.QModelFixer fixModel
INFO: EPISODE 11 TOTAL REWARD 310.0



mai 08, 2020 1:02:16 P.M. no.hvl.projectparmorel.qlearning.QModelFixer handleEpisode
INFO: EPISODE 12, STEP 0, Fixing error 38: The default value literal 'MEAN' must be a valid literal of the attribute's type
mai 08, 2020 1:02:16 P.M. no.hvl.projectparmorel.qlearning.QModelFixer chooseAction
INFO: Choosing optimal action
mai 08, 2020 1:02:16 P.M. no.hvl.projectparmorel.qlearning.QModelFixer handleStep
INFO: Chose action setDefaultValueLiteralGen in context 0 with weight 57.0
mai 08, 2020 1:02:16 P.M. no.hvl.projectparmorel.qlearning.QModelFixer handleStep
INFO: Next error code: 38
mai 08, 2020 1:02:16 P.M. no.hvl.projectparmorel.qlearning.QModelFixer handleStep
INFO: Calculating new Q-value:
Old Q-value: 57.0
Alpha: 1.0
Gamma: 1.0
Reward: -2
Next optimal action Q-value: 57.0
57.0 + 1.0 * (-2 + 1.0 * 57.0 - 57.0) = 55.0
mai 08, 2020 1:02:16 P.M. no.hvl.projectparmorel.qlearning.QModelFixer handleStep
INFO: Updated Q-table for error 38, context 0, action -2078906332 setDefaultValueLiteralGen to new weight 55.0


mai 08, 2020 1:02:16 P.M. no.hvl.projectparmorel.qlearning.QModelFixer handleEpisode
INFO: EPISODE 12, STEP 1, Fixing error 38: The default value literal 'WEIGHTED' must be a valid literal of the attribute's type
mai 08, 2020 1:02:16 P.M. no.hvl.projectparmorel.qlearning.QModelFixer chooseAction
INFO: Choosing optimal action
mai 08, 2020 1:02:16 P.M. no.hvl.projectparmorel.qlearning.QModelFixer handleStep
INFO: Chose action setEType in context 0 with weight 57.0
mai 08, 2020 1:02:16 P.M. no.hvl.projectparmorel.qlearning.QModelFixer updateQTable
INFO: Calculating new Q-value:
Old Q-value: 57.0
Alpha: 1.0
Gamma:1.0

Reward: -2
57.0 + 1.0 * (-2 + 1.0 - 57.0) = -1.0
mai 08, 2020 1:02:16 P.M. no.hvl.projectparmorel.qlearning.QModelFixer updateQTable
INFO: Updated Q-table for error 38, context 0, action 591449609 to new weight -1.0
mai 08, 2020 1:02:17 P.M. no.hvl.projectparmorel.qlearning.ecore.EcoreSolution calculateDistanceFromOriginal
INFO: Calculated the distance between the models to 100.0
mai 08, 2020 1:02:17 P.M. no.hvl.projectparmorel.qlearning.reward.PreferCloseDinstanceToOriginalPreference rewardcalculateRewardFor
INFO: Time to measure distance: 405 ms
mai 08, 2020 1:02:17 P.M. no.hvl.projectparmorel.qlearning.QModelFixer updateQTable
INFO: Calculating new Q-value:
Old Q-value: 55.0
Alpha: 1.0
Gamma:1.0

Reward: 100
55.0 + 1.0 * (100 + 1.0 - 55.0) = 101.0
mai 08, 2020 1:02:17 P.M. no.hvl.projectparmorel.qlearning.QModelFixer updateQTable
INFO: Updated Q-table for error 38, context 0, action -2078906332 to new weight 101.0
mai 08, 2020 1:02:17 P.M. no.hvl.projectparmorel.qlearning.QModelFixer updateQTable
INFO: Calculating new Q-value:
Old Q-value: -1.0
Alpha: 1.0
Gamma:1.0

Reward: 100
-1.0 + 1.0 * (100 + 1.0 - -1.0) = 101.0
mai 08, 2020 1:02:17 P.M. no.hvl.projectparmorel.qlearning.QModelFixer updateQTable
INFO: Updated Q-table for error 38, context 0, action 591449609 to new weight 101.0
mai 08, 2020 1:02:19 P.M. no.hvl.projectparmorel.qlearning.reward.PreferRelaxation rewardcalculateRewardFor
INFO: Relaxation Index of the metamodel: 57.0
Time to get metric: 2442 ms
mai 08, 2020 1:02:19 P.M. no.hvl.projectparmorel.qlearning.QModelFixer isUnique
INFO: Solution [ErrorAction [Error: 38 The default value literal 'MEAN' must be a valid literal of the attribute's type, Action: setDefaultValueLiteralGen, Error hierarchy: 0]
, ErrorAction [Error: 38 The default value literal 'WEIGHTED' must be a valid literal of the attribute's type, Action: setEType, Error hierarchy: 0]
] already exists.
mai 08, 2020 1:02:19 P.M. no.hvl.projectparmorel.qlearning.QModelFixer fixModel
INFO: Solution discarded.
mai 08, 2020 1:02:19 P.M. no.hvl.projectparmorel.qlearning.QModelFixer fixModel
INFO: EPISODE 12 TOTAL REWARD 310.0



mai 08, 2020 1:02:19 P.M. no.hvl.projectparmorel.qlearning.QModelFixer handleEpisode
INFO: EPISODE 13, STEP 0, Fixing error 38: The default value literal 'MEAN' must be a valid literal of the attribute's type
mai 08, 2020 1:02:19 P.M. no.hvl.projectparmorel.qlearning.QModelFixer chooseAction
INFO: Choosing optimal action
mai 08, 2020 1:02:19 P.M. no.hvl.projectparmorel.qlearning.QModelFixer handleStep
INFO: Chose action setDefaultValueLiteralGen in context 0 with weight 57.0
mai 08, 2020 1:02:19 P.M. no.hvl.projectparmorel.qlearning.QModelFixer handleStep
INFO: Next error code: 38
mai 08, 2020 1:02:19 P.M. no.hvl.projectparmorel.qlearning.QModelFixer handleStep
INFO: Calculating new Q-value:
Old Q-value: 57.0
Alpha: 1.0
Gamma: 1.0
Reward: -2
Next optimal action Q-value: 57.0
57.0 + 1.0 * (-2 + 1.0 * 57.0 - 57.0) = 55.0
mai 08, 2020 1:02:19 P.M. no.hvl.projectparmorel.qlearning.QModelFixer handleStep
INFO: Updated Q-table for error 38, context 0, action -2078906332 setDefaultValueLiteralGen to new weight 55.0


mai 08, 2020 1:02:19 P.M. no.hvl.projectparmorel.qlearning.QModelFixer handleEpisode
INFO: EPISODE 13, STEP 1, Fixing error 38: The default value literal 'WEIGHTED' must be a valid literal of the attribute's type
mai 08, 2020 1:02:19 P.M. no.hvl.projectparmorel.qlearning.QModelFixer chooseAction
INFO: Choosing optimal action
mai 08, 2020 1:02:19 P.M. no.hvl.projectparmorel.qlearning.QModelFixer handleStep
INFO: Chose action setEType in context 0 with weight 57.0
mai 08, 2020 1:02:19 P.M. no.hvl.projectparmorel.qlearning.QModelFixer updateQTable
INFO: Calculating new Q-value:
Old Q-value: 57.0
Alpha: 1.0
Gamma:1.0

Reward: -2
57.0 + 1.0 * (-2 + 1.0 - 57.0) = -1.0
mai 08, 2020 1:02:19 P.M. no.hvl.projectparmorel.qlearning.QModelFixer updateQTable
INFO: Updated Q-table for error 38, context 0, action 591449609 to new weight -1.0
mai 08, 2020 1:02:20 P.M. no.hvl.projectparmorel.qlearning.ecore.EcoreSolution calculateDistanceFromOriginal
INFO: Calculated the distance between the models to 100.0
mai 08, 2020 1:02:20 P.M. no.hvl.projectparmorel.qlearning.reward.PreferCloseDinstanceToOriginalPreference rewardcalculateRewardFor
INFO: Time to measure distance: 668 ms
mai 08, 2020 1:02:20 P.M. no.hvl.projectparmorel.qlearning.QModelFixer updateQTable
INFO: Calculating new Q-value:
Old Q-value: 55.0
Alpha: 1.0
Gamma:1.0

Reward: 100
55.0 + 1.0 * (100 + 1.0 - 55.0) = 101.0
mai 08, 2020 1:02:20 P.M. no.hvl.projectparmorel.qlearning.QModelFixer updateQTable
INFO: Updated Q-table for error 38, context 0, action -2078906332 to new weight 101.0
mai 08, 2020 1:02:20 P.M. no.hvl.projectparmorel.qlearning.QModelFixer updateQTable
INFO: Calculating new Q-value:
Old Q-value: -1.0
Alpha: 1.0
Gamma:1.0

Reward: 100
-1.0 + 1.0 * (100 + 1.0 - -1.0) = 101.0
mai 08, 2020 1:02:20 P.M. no.hvl.projectparmorel.qlearning.QModelFixer updateQTable
INFO: Updated Q-table for error 38, context 0, action 591449609 to new weight 101.0
mai 08, 2020 1:02:22 P.M. no.hvl.projectparmorel.qlearning.reward.PreferRelaxation rewardcalculateRewardFor
INFO: Relaxation Index of the metamodel: 57.0
Time to get metric: 2285 ms
mai 08, 2020 1:02:22 P.M. no.hvl.projectparmorel.qlearning.QModelFixer isUnique
INFO: Solution [ErrorAction [Error: 38 The default value literal 'MEAN' must be a valid literal of the attribute's type, Action: setDefaultValueLiteralGen, Error hierarchy: 0]
, ErrorAction [Error: 38 The default value literal 'WEIGHTED' must be a valid literal of the attribute's type, Action: setEType, Error hierarchy: 0]
] already exists.
mai 08, 2020 1:02:22 P.M. no.hvl.projectparmorel.qlearning.QModelFixer fixModel
INFO: Solution discarded.
mai 08, 2020 1:02:22 P.M. no.hvl.projectparmorel.qlearning.QModelFixer fixModel
INFO: EPISODE 13 TOTAL REWARD 310.0



mai 08, 2020 1:02:22 P.M. no.hvl.projectparmorel.qlearning.QModelFixer handleEpisode
INFO: EPISODE 14, STEP 0, Fixing error 38: The default value literal 'MEAN' must be a valid literal of the attribute's type
mai 08, 2020 1:02:22 P.M. no.hvl.projectparmorel.qlearning.QModelFixer chooseAction
INFO: Choosing random action.
mai 08, 2020 1:02:22 P.M. no.hvl.projectparmorel.qlearning.QModelFixer handleStep
INFO: Chose action setDefaultValueLiteral in context 0 with weight 57.0
mai 08, 2020 1:02:22 P.M. no.hvl.projectparmorel.qlearning.QModelFixer handleStep
INFO: Next error code: 38
mai 08, 2020 1:02:22 P.M. no.hvl.projectparmorel.qlearning.QModelFixer handleStep
INFO: Calculating new Q-value:
Old Q-value: 57.0
Alpha: 1.0
Gamma: 1.0
Reward: -2
Next optimal action Q-value: 57.0
57.0 + 1.0 * (-2 + 1.0 * 57.0 - 57.0) = 55.0
mai 08, 2020 1:02:22 P.M. no.hvl.projectparmorel.qlearning.QModelFixer handleStep
INFO: Updated Q-table for error 38, context 0, action 1999964618 setDefaultValueLiteral to new weight 55.0


mai 08, 2020 1:02:22 P.M. no.hvl.projectparmorel.qlearning.QModelFixer handleEpisode
INFO: EPISODE 14, STEP 1, Fixing error 38: The default value literal 'WEIGHTED' must be a valid literal of the attribute's type
mai 08, 2020 1:02:22 P.M. no.hvl.projectparmorel.qlearning.QModelFixer chooseAction
INFO: Choosing optimal action
mai 08, 2020 1:02:22 P.M. no.hvl.projectparmorel.qlearning.QModelFixer handleStep
INFO: Chose action setDefaultValueLiteralGen in context 0 with weight 57.0
mai 08, 2020 1:02:22 P.M. no.hvl.projectparmorel.qlearning.QModelFixer updateQTable
INFO: Calculating new Q-value:
Old Q-value: 57.0
Alpha: 1.0
Gamma:1.0

Reward: -2
57.0 + 1.0 * (-2 + 1.0 - 57.0) = -1.0
mai 08, 2020 1:02:22 P.M. no.hvl.projectparmorel.qlearning.QModelFixer updateQTable
INFO: Updated Q-table for error 38, context 0, action -2078906332 to new weight -1.0
mai 08, 2020 1:02:23 P.M. no.hvl.projectparmorel.qlearning.ecore.EcoreSolution calculateDistanceFromOriginal
INFO: Calculated the distance between the models to 100.0
mai 08, 2020 1:02:23 P.M. no.hvl.projectparmorel.qlearning.reward.PreferCloseDinstanceToOriginalPreference rewardcalculateRewardFor
INFO: Time to measure distance: 632 ms
mai 08, 2020 1:02:23 P.M. no.hvl.projectparmorel.qlearning.QModelFixer updateQTable
INFO: Calculating new Q-value:
Old Q-value: 55.0
Alpha: 1.0
Gamma:1.0

Reward: 100
55.0 + 1.0 * (100 + 1.0 - 55.0) = 101.0
mai 08, 2020 1:02:23 P.M. no.hvl.projectparmorel.qlearning.QModelFixer updateQTable
INFO: Updated Q-table for error 38, context 0, action 1999964618 to new weight 101.0
mai 08, 2020 1:02:23 P.M. no.hvl.projectparmorel.qlearning.QModelFixer updateQTable
INFO: Calculating new Q-value:
Old Q-value: -1.0
Alpha: 1.0
Gamma:1.0

Reward: 100
-1.0 + 1.0 * (100 + 1.0 - -1.0) = 101.0
mai 08, 2020 1:02:23 P.M. no.hvl.projectparmorel.qlearning.QModelFixer updateQTable
INFO: Updated Q-table for error 38, context 0, action -2078906332 to new weight 101.0
mai 08, 2020 1:02:25 P.M. no.hvl.projectparmorel.qlearning.reward.PreferRelaxation rewardcalculateRewardFor
INFO: Relaxation Index of the metamodel: 57.0
Time to get metric: 2082 ms
mai 08, 2020 1:02:25 P.M. no.hvl.projectparmorel.qlearning.QModelFixer fixModel
INFO: Solution added to possible solitons: [ErrorAction [Error: 38 The default value literal 'MEAN' must be a valid literal of the attribute's type, Action: setDefaultValueLiteral, Error hierarchy: 0]
, ErrorAction [Error: 38 The default value literal 'WEIGHTED' must be a valid literal of the attribute's type, Action: setDefaultValueLiteralGen, Error hierarchy: 0]
]
mai 08, 2020 1:02:25 P.M. no.hvl.projectparmorel.qlearning.QModelFixer fixModel
INFO: EPISODE 14 TOTAL REWARD 310.0



mai 08, 2020 1:02:25 P.M. no.hvl.projectparmorel.qlearning.QModelFixer handleEpisode
INFO: EPISODE 15, STEP 0, Fixing error 38: The default value literal 'MEAN' must be a valid literal of the attribute's type
mai 08, 2020 1:02:25 P.M. no.hvl.projectparmorel.qlearning.QModelFixer chooseAction
INFO: Choosing optimal action
mai 08, 2020 1:02:25 P.M. no.hvl.projectparmorel.qlearning.QModelFixer handleStep
INFO: Chose action setDefaultValueLiteralGen in context 0 with weight 57.0
mai 08, 2020 1:02:25 P.M. no.hvl.projectparmorel.qlearning.QModelFixer handleStep
INFO: Next error code: 38
mai 08, 2020 1:02:25 P.M. no.hvl.projectparmorel.qlearning.QModelFixer handleStep
INFO: Calculating new Q-value:
Old Q-value: 57.0
Alpha: 1.0
Gamma: 1.0
Reward: -2
Next optimal action Q-value: 57.0
57.0 + 1.0 * (-2 + 1.0 * 57.0 - 57.0) = 55.0
mai 08, 2020 1:02:25 P.M. no.hvl.projectparmorel.qlearning.QModelFixer handleStep
INFO: Updated Q-table for error 38, context 0, action -2078906332 setDefaultValueLiteralGen to new weight 55.0


mai 08, 2020 1:02:25 P.M. no.hvl.projectparmorel.qlearning.QModelFixer handleEpisode
INFO: EPISODE 15, STEP 1, Fixing error 38: The default value literal 'WEIGHTED' must be a valid literal of the attribute's type
mai 08, 2020 1:02:25 P.M. no.hvl.projectparmorel.qlearning.QModelFixer chooseAction
INFO: Choosing optimal action
mai 08, 2020 1:02:25 P.M. no.hvl.projectparmorel.qlearning.QModelFixer handleStep
INFO: Chose action setEType in context 0 with weight 57.0
mai 08, 2020 1:02:25 P.M. no.hvl.projectparmorel.qlearning.QModelFixer updateQTable
INFO: Calculating new Q-value:
Old Q-value: 57.0
Alpha: 1.0
Gamma:1.0

Reward: -2
57.0 + 1.0 * (-2 + 1.0 - 57.0) = -1.0
mai 08, 2020 1:02:25 P.M. no.hvl.projectparmorel.qlearning.QModelFixer updateQTable
INFO: Updated Q-table for error 38, context 0, action 591449609 to new weight -1.0
mai 08, 2020 1:02:26 P.M. no.hvl.projectparmorel.qlearning.ecore.EcoreSolution calculateDistanceFromOriginal
INFO: Calculated the distance between the models to 100.0
mai 08, 2020 1:02:26 P.M. no.hvl.projectparmorel.qlearning.reward.PreferCloseDinstanceToOriginalPreference rewardcalculateRewardFor
INFO: Time to measure distance: 532 ms
mai 08, 2020 1:02:26 P.M. no.hvl.projectparmorel.qlearning.QModelFixer updateQTable
INFO: Calculating new Q-value:
Old Q-value: 55.0
Alpha: 1.0
Gamma:1.0

Reward: 100
55.0 + 1.0 * (100 + 1.0 - 55.0) = 101.0
mai 08, 2020 1:02:26 P.M. no.hvl.projectparmorel.qlearning.QModelFixer updateQTable
INFO: Updated Q-table for error 38, context 0, action -2078906332 to new weight 101.0
mai 08, 2020 1:02:26 P.M. no.hvl.projectparmorel.qlearning.QModelFixer updateQTable
INFO: Calculating new Q-value:
Old Q-value: -1.0
Alpha: 1.0
Gamma:1.0

Reward: 100
-1.0 + 1.0 * (100 + 1.0 - -1.0) = 101.0
mai 08, 2020 1:02:26 P.M. no.hvl.projectparmorel.qlearning.QModelFixer updateQTable
INFO: Updated Q-table for error 38, context 0, action 591449609 to new weight 101.0
mai 08, 2020 1:02:28 P.M. no.hvl.projectparmorel.qlearning.reward.PreferRelaxation rewardcalculateRewardFor
INFO: Relaxation Index of the metamodel: 57.0
Time to get metric: 1887 ms
mai 08, 2020 1:02:28 P.M. no.hvl.projectparmorel.qlearning.QModelFixer isUnique
INFO: Solution [ErrorAction [Error: 38 The default value literal 'MEAN' must be a valid literal of the attribute's type, Action: setDefaultValueLiteralGen, Error hierarchy: 0]
, ErrorAction [Error: 38 The default value literal 'WEIGHTED' must be a valid literal of the attribute's type, Action: setEType, Error hierarchy: 0]
] already exists.
mai 08, 2020 1:02:28 P.M. no.hvl.projectparmorel.qlearning.QModelFixer fixModel
INFO: Solution discarded.
mai 08, 2020 1:02:28 P.M. no.hvl.projectparmorel.qlearning.QModelFixer fixModel
INFO: EPISODE 15 TOTAL REWARD 310.0



mai 08, 2020 1:02:28 P.M. no.hvl.projectparmorel.qlearning.QModelFixer handleEpisode
INFO: EPISODE 16, STEP 0, Fixing error 38: The default value literal 'MEAN' must be a valid literal of the attribute's type
mai 08, 2020 1:02:28 P.M. no.hvl.projectparmorel.qlearning.QModelFixer chooseAction
INFO: Choosing random action.
mai 08, 2020 1:02:28 P.M. no.hvl.projectparmorel.qlearning.QModelFixer handleStep
INFO: Chose action setEType in context 0 with weight 57.0
mai 08, 2020 1:02:28 P.M. no.hvl.projectparmorel.qlearning.QModelFixer handleStep
INFO: Next error code: 38
mai 08, 2020 1:02:28 P.M. no.hvl.projectparmorel.qlearning.QModelFixer handleStep
INFO: Calculating new Q-value:
Old Q-value: 57.0
Alpha: 1.0
Gamma: 1.0
Reward: -2
Next optimal action Q-value: 57.0
57.0 + 1.0 * (-2 + 1.0 * 57.0 - 57.0) = 55.0
mai 08, 2020 1:02:28 P.M. no.hvl.projectparmorel.qlearning.QModelFixer handleStep
INFO: Updated Q-table for error 38, context 0, action -591535257 setEType to new weight 55.0


mai 08, 2020 1:02:28 P.M. no.hvl.projectparmorel.qlearning.QModelFixer handleEpisode
INFO: EPISODE 16, STEP 1, Fixing error 38: The default value literal 'WEIGHTED' must be a valid literal of the attribute's type
mai 08, 2020 1:02:28 P.M. no.hvl.projectparmorel.qlearning.QModelFixer chooseAction
INFO: Choosing optimal action
mai 08, 2020 1:02:28 P.M. no.hvl.projectparmorel.qlearning.QModelFixer handleStep
INFO: Chose action setDefaultValueLiteralGen in context 0 with weight 57.0
mai 08, 2020 1:02:28 P.M. no.hvl.projectparmorel.qlearning.QModelFixer updateQTable
INFO: Calculating new Q-value:
Old Q-value: 57.0
Alpha: 1.0
Gamma:1.0

Reward: -2
57.0 + 1.0 * (-2 + 1.0 - 57.0) = -1.0
mai 08, 2020 1:02:28 P.M. no.hvl.projectparmorel.qlearning.QModelFixer updateQTable
INFO: Updated Q-table for error 38, context 0, action -2078906332 to new weight -1.0
mai 08, 2020 1:02:28 P.M. no.hvl.projectparmorel.qlearning.ecore.EcoreSolution calculateDistanceFromOriginal
INFO: Calculated the distance between the models to 100.0
mai 08, 2020 1:02:28 P.M. no.hvl.projectparmorel.qlearning.reward.PreferCloseDinstanceToOriginalPreference rewardcalculateRewardFor
INFO: Time to measure distance: 556 ms
mai 08, 2020 1:02:28 P.M. no.hvl.projectparmorel.qlearning.QModelFixer updateQTable
INFO: Calculating new Q-value:
Old Q-value: 55.0
Alpha: 1.0
Gamma:1.0

Reward: 100
55.0 + 1.0 * (100 + 1.0 - 55.0) = 101.0
mai 08, 2020 1:02:28 P.M. no.hvl.projectparmorel.qlearning.QModelFixer updateQTable
INFO: Updated Q-table for error 38, context 0, action -591535257 to new weight 101.0
mai 08, 2020 1:02:28 P.M. no.hvl.projectparmorel.qlearning.QModelFixer updateQTable
INFO: Calculating new Q-value:
Old Q-value: -1.0
Alpha: 1.0
Gamma:1.0

Reward: 100
-1.0 + 1.0 * (100 + 1.0 - -1.0) = 101.0
mai 08, 2020 1:02:28 P.M. no.hvl.projectparmorel.qlearning.QModelFixer updateQTable
INFO: Updated Q-table for error 38, context 0, action -2078906332 to new weight 101.0
mai 08, 2020 1:02:30 P.M. no.hvl.projectparmorel.qlearning.reward.PreferRelaxation rewardcalculateRewardFor
INFO: Relaxation Index of the metamodel: 57.0
Time to get metric: 1748 ms
mai 08, 2020 1:02:30 P.M. no.hvl.projectparmorel.qlearning.QModelFixer fixModel
INFO: Solution added to possible solitons: [ErrorAction [Error: 38 The default value literal 'MEAN' must be a valid literal of the attribute's type, Action: setEType, Error hierarchy: 0]
, ErrorAction [Error: 38 The default value literal 'WEIGHTED' must be a valid literal of the attribute's type, Action: setDefaultValueLiteralGen, Error hierarchy: 0]
]
mai 08, 2020 1:02:30 P.M. no.hvl.projectparmorel.qlearning.QModelFixer fixModel
INFO: EPISODE 16 TOTAL REWARD 310.0



mai 08, 2020 1:02:30 P.M. no.hvl.projectparmorel.qlearning.QModelFixer handleEpisode
INFO: EPISODE 17, STEP 0, Fixing error 38: The default value literal 'MEAN' must be a valid literal of the attribute's type
mai 08, 2020 1:02:30 P.M. no.hvl.projectparmorel.qlearning.QModelFixer chooseAction
INFO: Choosing optimal action
mai 08, 2020 1:02:30 P.M. no.hvl.projectparmorel.qlearning.QModelFixer handleStep
INFO: Chose action setDefaultValueLiteralGen in context 0 with weight 57.0
mai 08, 2020 1:02:30 P.M. no.hvl.projectparmorel.qlearning.QModelFixer handleStep
INFO: Next error code: 38
mai 08, 2020 1:02:30 P.M. no.hvl.projectparmorel.qlearning.QModelFixer handleStep
INFO: Calculating new Q-value:
Old Q-value: 57.0
Alpha: 1.0
Gamma: 1.0
Reward: -2
Next optimal action Q-value: 57.0
57.0 + 1.0 * (-2 + 1.0 * 57.0 - 57.0) = 55.0
mai 08, 2020 1:02:30 P.M. no.hvl.projectparmorel.qlearning.QModelFixer handleStep
INFO: Updated Q-table for error 38, context 0, action -2078906332 setDefaultValueLiteralGen to new weight 55.0


mai 08, 2020 1:02:30 P.M. no.hvl.projectparmorel.qlearning.QModelFixer handleEpisode
INFO: EPISODE 17, STEP 1, Fixing error 38: The default value literal 'WEIGHTED' must be a valid literal of the attribute's type
mai 08, 2020 1:02:30 P.M. no.hvl.projectparmorel.qlearning.QModelFixer chooseAction
INFO: Choosing optimal action
mai 08, 2020 1:02:30 P.M. no.hvl.projectparmorel.qlearning.QModelFixer handleStep
INFO: Chose action setEType in context 0 with weight 57.0
mai 08, 2020 1:02:30 P.M. no.hvl.projectparmorel.qlearning.QModelFixer updateQTable
INFO: Calculating new Q-value:
Old Q-value: 57.0
Alpha: 1.0
Gamma:1.0

Reward: -2
57.0 + 1.0 * (-2 + 1.0 - 57.0) = -1.0
mai 08, 2020 1:02:30 P.M. no.hvl.projectparmorel.qlearning.QModelFixer updateQTable
INFO: Updated Q-table for error 38, context 0, action 591449609 to new weight -1.0
mai 08, 2020 1:02:31 P.M. no.hvl.projectparmorel.qlearning.ecore.EcoreSolution calculateDistanceFromOriginal
INFO: Calculated the distance between the models to 100.0
mai 08, 2020 1:02:31 P.M. no.hvl.projectparmorel.qlearning.reward.PreferCloseDinstanceToOriginalPreference rewardcalculateRewardFor
INFO: Time to measure distance: 532 ms
mai 08, 2020 1:02:31 P.M. no.hvl.projectparmorel.qlearning.QModelFixer updateQTable
INFO: Calculating new Q-value:
Old Q-value: 55.0
Alpha: 1.0
Gamma:1.0

Reward: 100
55.0 + 1.0 * (100 + 1.0 - 55.0) = 101.0
mai 08, 2020 1:02:31 P.M. no.hvl.projectparmorel.qlearning.QModelFixer updateQTable
INFO: Updated Q-table for error 38, context 0, action -2078906332 to new weight 101.0
mai 08, 2020 1:02:31 P.M. no.hvl.projectparmorel.qlearning.QModelFixer updateQTable
INFO: Calculating new Q-value:
Old Q-value: -1.0
Alpha: 1.0
Gamma:1.0

Reward: 100
-1.0 + 1.0 * (100 + 1.0 - -1.0) = 101.0
mai 08, 2020 1:02:31 P.M. no.hvl.projectparmorel.qlearning.QModelFixer updateQTable
INFO: Updated Q-table for error 38, context 0, action 591449609 to new weight 101.0
mai 08, 2020 1:02:32 P.M. no.hvl.projectparmorel.qlearning.reward.PreferRelaxation rewardcalculateRewardFor
INFO: Relaxation Index of the metamodel: 57.0
Time to get metric: 1787 ms
mai 08, 2020 1:02:32 P.M. no.hvl.projectparmorel.qlearning.QModelFixer isUnique
INFO: Solution [ErrorAction [Error: 38 The default value literal 'MEAN' must be a valid literal of the attribute's type, Action: setDefaultValueLiteralGen, Error hierarchy: 0]
, ErrorAction [Error: 38 The default value literal 'WEIGHTED' must be a valid literal of the attribute's type, Action: setEType, Error hierarchy: 0]
] already exists.
mai 08, 2020 1:02:32 P.M. no.hvl.projectparmorel.qlearning.QModelFixer fixModel
INFO: Solution discarded.
mai 08, 2020 1:02:32 P.M. no.hvl.projectparmorel.qlearning.QModelFixer fixModel
INFO: EPISODE 17 TOTAL REWARD 310.0



mai 08, 2020 1:02:32 P.M. no.hvl.projectparmorel.qlearning.QModelFixer handleEpisode
INFO: EPISODE 18, STEP 0, Fixing error 38: The default value literal 'MEAN' must be a valid literal of the attribute's type
mai 08, 2020 1:02:32 P.M. no.hvl.projectparmorel.qlearning.QModelFixer chooseAction
INFO: Choosing optimal action
mai 08, 2020 1:02:32 P.M. no.hvl.projectparmorel.qlearning.QModelFixer handleStep
INFO: Chose action setDefaultValueLiteralGen in context 0 with weight 57.0
mai 08, 2020 1:02:32 P.M. no.hvl.projectparmorel.qlearning.QModelFixer handleStep
INFO: Next error code: 38
mai 08, 2020 1:02:32 P.M. no.hvl.projectparmorel.qlearning.QModelFixer handleStep
INFO: Calculating new Q-value:
Old Q-value: 57.0
Alpha: 1.0
Gamma: 1.0
Reward: -2
Next optimal action Q-value: 57.0
57.0 + 1.0 * (-2 + 1.0 * 57.0 - 57.0) = 55.0
mai 08, 2020 1:02:32 P.M. no.hvl.projectparmorel.qlearning.QModelFixer handleStep
INFO: Updated Q-table for error 38, context 0, action -2078906332 setDefaultValueLiteralGen to new weight 55.0


mai 08, 2020 1:02:32 P.M. no.hvl.projectparmorel.qlearning.QModelFixer handleEpisode
INFO: EPISODE 18, STEP 1, Fixing error 38: The default value literal 'WEIGHTED' must be a valid literal of the attribute's type
mai 08, 2020 1:02:32 P.M. no.hvl.projectparmorel.qlearning.QModelFixer chooseAction
INFO: Choosing optimal action
mai 08, 2020 1:02:32 P.M. no.hvl.projectparmorel.qlearning.QModelFixer handleStep
INFO: Chose action setEType in context 0 with weight 57.0
mai 08, 2020 1:02:32 P.M. no.hvl.projectparmorel.qlearning.QModelFixer updateQTable
INFO: Calculating new Q-value:
Old Q-value: 57.0
Alpha: 1.0
Gamma:1.0

Reward: -2
57.0 + 1.0 * (-2 + 1.0 - 57.0) = -1.0
mai 08, 2020 1:02:32 P.M. no.hvl.projectparmorel.qlearning.QModelFixer updateQTable
INFO: Updated Q-table for error 38, context 0, action 591449609 to new weight -1.0
mai 08, 2020 1:02:33 P.M. no.hvl.projectparmorel.qlearning.ecore.EcoreSolution calculateDistanceFromOriginal
INFO: Calculated the distance between the models to 100.0
mai 08, 2020 1:02:33 P.M. no.hvl.projectparmorel.qlearning.reward.PreferCloseDinstanceToOriginalPreference rewardcalculateRewardFor
INFO: Time to measure distance: 431 ms
mai 08, 2020 1:02:33 P.M. no.hvl.projectparmorel.qlearning.QModelFixer updateQTable
INFO: Calculating new Q-value:
Old Q-value: 55.0
Alpha: 1.0
Gamma:1.0

Reward: 100
55.0 + 1.0 * (100 + 1.0 - 55.0) = 101.0
mai 08, 2020 1:02:33 P.M. no.hvl.projectparmorel.qlearning.QModelFixer updateQTable
INFO: Updated Q-table for error 38, context 0, action -2078906332 to new weight 101.0
mai 08, 2020 1:02:33 P.M. no.hvl.projectparmorel.qlearning.QModelFixer updateQTable
INFO: Calculating new Q-value:
Old Q-value: -1.0
Alpha: 1.0
Gamma:1.0

Reward: 100
-1.0 + 1.0 * (100 + 1.0 - -1.0) = 101.0
mai 08, 2020 1:02:33 P.M. no.hvl.projectparmorel.qlearning.QModelFixer updateQTable
INFO: Updated Q-table for error 38, context 0, action 591449609 to new weight 101.0
mai 08, 2020 1:02:35 P.M. no.hvl.projectparmorel.qlearning.reward.PreferRelaxation rewardcalculateRewardFor
INFO: Relaxation Index of the metamodel: 57.0
Time to get metric: 1732 ms
mai 08, 2020 1:02:35 P.M. no.hvl.projectparmorel.qlearning.QModelFixer isUnique
INFO: Solution [ErrorAction [Error: 38 The default value literal 'MEAN' must be a valid literal of the attribute's type, Action: setDefaultValueLiteralGen, Error hierarchy: 0]
, ErrorAction [Error: 38 The default value literal 'WEIGHTED' must be a valid literal of the attribute's type, Action: setEType, Error hierarchy: 0]
] already exists.
mai 08, 2020 1:02:35 P.M. no.hvl.projectparmorel.qlearning.QModelFixer fixModel
INFO: Solution discarded.
mai 08, 2020 1:02:35 P.M. no.hvl.projectparmorel.qlearning.QModelFixer fixModel
INFO: EPISODE 18 TOTAL REWARD 310.0



mai 08, 2020 1:02:35 P.M. no.hvl.projectparmorel.qlearning.QModelFixer handleEpisode
INFO: EPISODE 19, STEP 0, Fixing error 38: The default value literal 'MEAN' must be a valid literal of the attribute's type
mai 08, 2020 1:02:35 P.M. no.hvl.projectparmorel.qlearning.QModelFixer chooseAction
INFO: Choosing optimal action
mai 08, 2020 1:02:35 P.M. no.hvl.projectparmorel.qlearning.QModelFixer handleStep
INFO: Chose action setDefaultValueLiteralGen in context 0 with weight 57.0
mai 08, 2020 1:02:35 P.M. no.hvl.projectparmorel.qlearning.QModelFixer handleStep
INFO: Next error code: 38
mai 08, 2020 1:02:35 P.M. no.hvl.projectparmorel.qlearning.QModelFixer handleStep
INFO: Calculating new Q-value:
Old Q-value: 57.0
Alpha: 1.0
Gamma: 1.0
Reward: -2
Next optimal action Q-value: 57.0
57.0 + 1.0 * (-2 + 1.0 * 57.0 - 57.0) = 55.0
mai 08, 2020 1:02:35 P.M. no.hvl.projectparmorel.qlearning.QModelFixer handleStep
INFO: Updated Q-table for error 38, context 0, action -2078906332 setDefaultValueLiteralGen to new weight 55.0


mai 08, 2020 1:02:35 P.M. no.hvl.projectparmorel.qlearning.QModelFixer handleEpisode
INFO: EPISODE 19, STEP 1, Fixing error 38: The default value literal 'WEIGHTED' must be a valid literal of the attribute's type
mai 08, 2020 1:02:35 P.M. no.hvl.projectparmorel.qlearning.QModelFixer chooseAction
INFO: Choosing optimal action
mai 08, 2020 1:02:35 P.M. no.hvl.projectparmorel.qlearning.QModelFixer handleStep
INFO: Chose action setEType in context 0 with weight 57.0
mai 08, 2020 1:02:35 P.M. no.hvl.projectparmorel.qlearning.QModelFixer updateQTable
INFO: Calculating new Q-value:
Old Q-value: 57.0
Alpha: 1.0
Gamma:1.0

Reward: -2
57.0 + 1.0 * (-2 + 1.0 - 57.0) = -1.0
mai 08, 2020 1:02:35 P.M. no.hvl.projectparmorel.qlearning.QModelFixer updateQTable
INFO: Updated Q-table for error 38, context 0, action 591449609 to new weight -1.0
mai 08, 2020 1:02:35 P.M. no.hvl.projectparmorel.qlearning.ecore.EcoreSolution calculateDistanceFromOriginal
INFO: Calculated the distance between the models to 100.0
mai 08, 2020 1:02:35 P.M. no.hvl.projectparmorel.qlearning.reward.PreferCloseDinstanceToOriginalPreference rewardcalculateRewardFor
INFO: Time to measure distance: 530 ms
mai 08, 2020 1:02:35 P.M. no.hvl.projectparmorel.qlearning.QModelFixer updateQTable
INFO: Calculating new Q-value:
Old Q-value: 55.0
Alpha: 1.0
Gamma:1.0

Reward: 100
55.0 + 1.0 * (100 + 1.0 - 55.0) = 101.0
mai 08, 2020 1:02:35 P.M. no.hvl.projectparmorel.qlearning.QModelFixer updateQTable
INFO: Updated Q-table for error 38, context 0, action -2078906332 to new weight 101.0
mai 08, 2020 1:02:35 P.M. no.hvl.projectparmorel.qlearning.QModelFixer updateQTable
INFO: Calculating new Q-value:
Old Q-value: -1.0
Alpha: 1.0
Gamma:1.0

Reward: 100
-1.0 + 1.0 * (100 + 1.0 - -1.0) = 101.0
mai 08, 2020 1:02:35 P.M. no.hvl.projectparmorel.qlearning.QModelFixer updateQTable
INFO: Updated Q-table for error 38, context 0, action 591449609 to new weight 101.0
mai 08, 2020 1:02:38 P.M. no.hvl.projectparmorel.qlearning.reward.PreferRelaxation rewardcalculateRewardFor
INFO: Relaxation Index of the metamodel: 57.0
Time to get metric: 2430 ms
mai 08, 2020 1:02:38 P.M. no.hvl.projectparmorel.qlearning.QModelFixer isUnique
INFO: Solution [ErrorAction [Error: 38 The default value literal 'MEAN' must be a valid literal of the attribute's type, Action: setDefaultValueLiteralGen, Error hierarchy: 0]
, ErrorAction [Error: 38 The default value literal 'WEIGHTED' must be a valid literal of the attribute's type, Action: setEType, Error hierarchy: 0]
] already exists.
mai 08, 2020 1:02:38 P.M. no.hvl.projectparmorel.qlearning.QModelFixer fixModel
INFO: Solution discarded.
mai 08, 2020 1:02:38 P.M. no.hvl.projectparmorel.qlearning.QModelFixer fixModel
INFO: EPISODE 19 TOTAL REWARD 310.0



mai 08, 2020 1:02:38 P.M. no.hvl.projectparmorel.qlearning.QModelFixer handleEpisode
INFO: EPISODE 20, STEP 0, Fixing error 38: The default value literal 'MEAN' must be a valid literal of the attribute's type
mai 08, 2020 1:02:38 P.M. no.hvl.projectparmorel.qlearning.QModelFixer chooseAction
INFO: Choosing optimal action
mai 08, 2020 1:02:38 P.M. no.hvl.projectparmorel.qlearning.QModelFixer handleStep
INFO: Chose action setDefaultValueLiteralGen in context 0 with weight 57.0
mai 08, 2020 1:02:38 P.M. no.hvl.projectparmorel.qlearning.QModelFixer handleStep
INFO: Next error code: 38
mai 08, 2020 1:02:38 P.M. no.hvl.projectparmorel.qlearning.QModelFixer handleStep
INFO: Calculating new Q-value:
Old Q-value: 57.0
Alpha: 1.0
Gamma: 1.0
Reward: -2
Next optimal action Q-value: 57.0
57.0 + 1.0 * (-2 + 1.0 * 57.0 - 57.0) = 55.0
mai 08, 2020 1:02:38 P.M. no.hvl.projectparmorel.qlearning.QModelFixer handleStep
INFO: Updated Q-table for error 38, context 0, action -2078906332 setDefaultValueLiteralGen to new weight 55.0


mai 08, 2020 1:02:38 P.M. no.hvl.projectparmorel.qlearning.QModelFixer handleEpisode
INFO: EPISODE 20, STEP 1, Fixing error 38: The default value literal 'WEIGHTED' must be a valid literal of the attribute's type
mai 08, 2020 1:02:38 P.M. no.hvl.projectparmorel.qlearning.QModelFixer chooseAction
INFO: Choosing optimal action
mai 08, 2020 1:02:38 P.M. no.hvl.projectparmorel.qlearning.QModelFixer handleStep
INFO: Chose action setEType in context 0 with weight 57.0
mai 08, 2020 1:02:38 P.M. no.hvl.projectparmorel.qlearning.QModelFixer updateQTable
INFO: Calculating new Q-value:
Old Q-value: 57.0
Alpha: 1.0
Gamma:1.0

Reward: -2
57.0 + 1.0 * (-2 + 1.0 - 57.0) = -1.0
mai 08, 2020 1:02:38 P.M. no.hvl.projectparmorel.qlearning.QModelFixer updateQTable
INFO: Updated Q-table for error 38, context 0, action 591449609 to new weight -1.0
mai 08, 2020 1:02:38 P.M. no.hvl.projectparmorel.qlearning.ecore.EcoreSolution calculateDistanceFromOriginal
INFO: Calculated the distance between the models to 100.0
mai 08, 2020 1:02:38 P.M. no.hvl.projectparmorel.qlearning.reward.PreferCloseDinstanceToOriginalPreference rewardcalculateRewardFor
INFO: Time to measure distance: 519 ms
mai 08, 2020 1:02:38 P.M. no.hvl.projectparmorel.qlearning.QModelFixer updateQTable
INFO: Calculating new Q-value:
Old Q-value: 55.0
Alpha: 1.0
Gamma:1.0

Reward: 100
55.0 + 1.0 * (100 + 1.0 - 55.0) = 101.0
mai 08, 2020 1:02:38 P.M. no.hvl.projectparmorel.qlearning.QModelFixer updateQTable
INFO: Updated Q-table for error 38, context 0, action -2078906332 to new weight 101.0
mai 08, 2020 1:02:38 P.M. no.hvl.projectparmorel.qlearning.QModelFixer updateQTable
INFO: Calculating new Q-value:
Old Q-value: -1.0
Alpha: 1.0
Gamma:1.0

Reward: 100
-1.0 + 1.0 * (100 + 1.0 - -1.0) = 101.0
mai 08, 2020 1:02:38 P.M. no.hvl.projectparmorel.qlearning.QModelFixer updateQTable
INFO: Updated Q-table for error 38, context 0, action 591449609 to new weight 101.0
mai 08, 2020 1:02:40 P.M. no.hvl.projectparmorel.qlearning.reward.PreferRelaxation rewardcalculateRewardFor
INFO: Relaxation Index of the metamodel: 57.0
Time to get metric: 1684 ms
mai 08, 2020 1:02:40 P.M. no.hvl.projectparmorel.qlearning.QModelFixer isUnique
INFO: Solution [ErrorAction [Error: 38 The default value literal 'MEAN' must be a valid literal of the attribute's type, Action: setDefaultValueLiteralGen, Error hierarchy: 0]
, ErrorAction [Error: 38 The default value literal 'WEIGHTED' must be a valid literal of the attribute's type, Action: setEType, Error hierarchy: 0]
] already exists.
mai 08, 2020 1:02:40 P.M. no.hvl.projectparmorel.qlearning.QModelFixer fixModel
INFO: Solution discarded.
mai 08, 2020 1:02:40 P.M. no.hvl.projectparmorel.qlearning.QModelFixer fixModel
INFO: EPISODE 20 TOTAL REWARD 310.0



mai 08, 2020 1:02:40 P.M. no.hvl.projectparmorel.qlearning.QModelFixer handleEpisode
INFO: EPISODE 21, STEP 0, Fixing error 38: The default value literal 'MEAN' must be a valid literal of the attribute's type
mai 08, 2020 1:02:40 P.M. no.hvl.projectparmorel.qlearning.QModelFixer chooseAction
INFO: Choosing random action.
mai 08, 2020 1:02:40 P.M. no.hvl.projectparmorel.qlearning.QModelFixer handleStep
INFO: Chose action setEType in context 0 with weight 57.0
mai 08, 2020 1:02:40 P.M. no.hvl.projectparmorel.qlearning.QModelFixer handleStep
INFO: Next error code: 38
mai 08, 2020 1:02:40 P.M. no.hvl.projectparmorel.qlearning.QModelFixer handleStep
INFO: Calculating new Q-value:
Old Q-value: 57.0
Alpha: 1.0
Gamma: 1.0
Reward: -2
Next optimal action Q-value: 57.0
57.0 + 1.0 * (-2 + 1.0 * 57.0 - 57.0) = 55.0
mai 08, 2020 1:02:40 P.M. no.hvl.projectparmorel.qlearning.QModelFixer handleStep
INFO: Updated Q-table for error 38, context 0, action 591449609 setEType to new weight 55.0


mai 08, 2020 1:02:40 P.M. no.hvl.projectparmorel.qlearning.QModelFixer handleEpisode
INFO: EPISODE 21, STEP 1, Fixing error 38: The default value literal 'WEIGHTED' must be a valid literal of the attribute's type
mai 08, 2020 1:02:40 P.M. no.hvl.projectparmorel.qlearning.QModelFixer chooseAction
INFO: Choosing random action.
mai 08, 2020 1:02:40 P.M. no.hvl.projectparmorel.qlearning.QModelFixer handleStep
INFO: Chose action delete in context 0 with weight 57.0
mai 08, 2020 1:02:43 P.M. no.hvl.projectparmorel.qlearning.QModelFixer updateQTable
INFO: Calculating new Q-value:
Old Q-value: 57.0
Alpha: 1.0
Gamma:1.0

Reward: -2
57.0 + 1.0 * (-2 + 1.0 - 57.0) = -1.0
mai 08, 2020 1:02:43 P.M. no.hvl.projectparmorel.qlearning.QModelFixer updateQTable
INFO: Updated Q-table for error 38, context 0, action 99999 to new weight -1.0
mai 08, 2020 1:02:44 P.M. no.hvl.projectparmorel.qlearning.ecore.EcoreSolution calculateDistanceFromOriginal
INFO: Calculated the distance between the models to 98.0
mai 08, 2020 1:02:44 P.M. no.hvl.projectparmorel.qlearning.reward.PreferCloseDinstanceToOriginalPreference rewardcalculateRewardFor
INFO: Time to measure distance: 465 ms
mai 08, 2020 1:02:44 P.M. no.hvl.projectparmorel.qlearning.QModelFixer updateQTable
INFO: Calculating new Q-value:
Old Q-value: 55.0
Alpha: 1.0
Gamma:1.0

Reward: 98
55.0 + 1.0 * (98 + 1.0 - 55.0) = 99.0
mai 08, 2020 1:02:44 P.M. no.hvl.projectparmorel.qlearning.QModelFixer updateQTable
INFO: Updated Q-table for error 38, context 0, action 591449609 to new weight 99.0
mai 08, 2020 1:02:44 P.M. no.hvl.projectparmorel.qlearning.QModelFixer updateQTable
INFO: Calculating new Q-value:
Old Q-value: -1.0
Alpha: 1.0
Gamma:1.0

Reward: 98
-1.0 + 1.0 * (98 + 1.0 - -1.0) = 99.0
mai 08, 2020 1:02:44 P.M. no.hvl.projectparmorel.qlearning.QModelFixer updateQTable
INFO: Updated Q-table for error 38, context 0, action 99999 to new weight 99.0
mai 08, 2020 1:02:45 P.M. no.hvl.projectparmorel.qlearning.reward.PreferRelaxation rewardcalculateRewardFor
INFO: Relaxation Index of the metamodel: 57.0
Time to get metric: 1719 ms
mai 08, 2020 1:02:45 P.M. no.hvl.projectparmorel.qlearning.QModelFixer fixModel
INFO: Solution added to possible solitons: [ErrorAction [Error: 38 The default value literal 'MEAN' must be a valid literal of the attribute's type, Action: setEType, Error hierarchy: 0]
, ErrorAction [Error: 38 The default value literal 'WEIGHTED' must be a valid literal of the attribute's type, Action: delete, Error hierarchy: 0]
]
mai 08, 2020 1:02:45 P.M. no.hvl.projectparmorel.qlearning.QModelFixer fixModel
INFO: EPISODE 21 TOTAL REWARD 306.0



mai 08, 2020 1:02:45 P.M. no.hvl.projectparmorel.qlearning.QModelFixer handleEpisode
INFO: EPISODE 22, STEP 0, Fixing error 38: The default value literal 'MEAN' must be a valid literal of the attribute's type
mai 08, 2020 1:02:45 P.M. no.hvl.projectparmorel.qlearning.QModelFixer chooseAction
INFO: Choosing optimal action
mai 08, 2020 1:02:45 P.M. no.hvl.projectparmorel.qlearning.QModelFixer handleStep
INFO: Chose action setDefaultValueLiteralGen in context 0 with weight 57.0
mai 08, 2020 1:02:45 P.M. no.hvl.projectparmorel.qlearning.QModelFixer handleStep
INFO: Next error code: 38
mai 08, 2020 1:02:45 P.M. no.hvl.projectparmorel.qlearning.QModelFixer handleStep
INFO: Calculating new Q-value:
Old Q-value: 57.0
Alpha: 1.0
Gamma: 1.0
Reward: -2
Next optimal action Q-value: 57.0
57.0 + 1.0 * (-2 + 1.0 * 57.0 - 57.0) = 55.0
mai 08, 2020 1:02:45 P.M. no.hvl.projectparmorel.qlearning.QModelFixer handleStep
INFO: Updated Q-table for error 38, context 0, action -2078906332 setDefaultValueLiteralGen to new weight 55.0


mai 08, 2020 1:02:45 P.M. no.hvl.projectparmorel.qlearning.QModelFixer handleEpisode
INFO: EPISODE 22, STEP 1, Fixing error 38: The default value literal 'WEIGHTED' must be a valid literal of the attribute's type
mai 08, 2020 1:02:45 P.M. no.hvl.projectparmorel.qlearning.QModelFixer chooseAction
INFO: Choosing optimal action
mai 08, 2020 1:02:45 P.M. no.hvl.projectparmorel.qlearning.QModelFixer handleStep
INFO: Chose action setEType in context 0 with weight 57.0
mai 08, 2020 1:02:45 P.M. no.hvl.projectparmorel.qlearning.QModelFixer updateQTable
INFO: Calculating new Q-value:
Old Q-value: 57.0
Alpha: 1.0
Gamma:1.0

Reward: -2
57.0 + 1.0 * (-2 + 1.0 - 57.0) = -1.0
mai 08, 2020 1:02:45 P.M. no.hvl.projectparmorel.qlearning.QModelFixer updateQTable
INFO: Updated Q-table for error 38, context 0, action 591449609 to new weight -1.0
mai 08, 2020 1:02:46 P.M. no.hvl.projectparmorel.qlearning.ecore.EcoreSolution calculateDistanceFromOriginal
INFO: Calculated the distance between the models to 100.0
mai 08, 2020 1:02:46 P.M. no.hvl.projectparmorel.qlearning.reward.PreferCloseDinstanceToOriginalPreference rewardcalculateRewardFor
INFO: Time to measure distance: 523 ms
mai 08, 2020 1:02:46 P.M. no.hvl.projectparmorel.qlearning.QModelFixer updateQTable
INFO: Calculating new Q-value:
Old Q-value: 55.0
Alpha: 1.0
Gamma:1.0

Reward: 100
55.0 + 1.0 * (100 + 1.0 - 55.0) = 101.0
mai 08, 2020 1:02:46 P.M. no.hvl.projectparmorel.qlearning.QModelFixer updateQTable
INFO: Updated Q-table for error 38, context 0, action -2078906332 to new weight 101.0
mai 08, 2020 1:02:46 P.M. no.hvl.projectparmorel.qlearning.QModelFixer updateQTable
INFO: Calculating new Q-value:
Old Q-value: -1.0
Alpha: 1.0
Gamma:1.0

Reward: 100
-1.0 + 1.0 * (100 + 1.0 - -1.0) = 101.0
mai 08, 2020 1:02:46 P.M. no.hvl.projectparmorel.qlearning.QModelFixer updateQTable
INFO: Updated Q-table for error 38, context 0, action 591449609 to new weight 101.0
mai 08, 2020 1:02:48 P.M. no.hvl.projectparmorel.qlearning.reward.PreferRelaxation rewardcalculateRewardFor
INFO: Relaxation Index of the metamodel: 57.0
Time to get metric: 1931 ms
mai 08, 2020 1:02:48 P.M. no.hvl.projectparmorel.qlearning.QModelFixer isUnique
INFO: Solution [ErrorAction [Error: 38 The default value literal 'MEAN' must be a valid literal of the attribute's type, Action: setDefaultValueLiteralGen, Error hierarchy: 0]
, ErrorAction [Error: 38 The default value literal 'WEIGHTED' must be a valid literal of the attribute's type, Action: setEType, Error hierarchy: 0]
] already exists.
mai 08, 2020 1:02:48 P.M. no.hvl.projectparmorel.qlearning.QModelFixer fixModel
INFO: Solution discarded.
mai 08, 2020 1:02:48 P.M. no.hvl.projectparmorel.qlearning.QModelFixer fixModel
INFO: EPISODE 22 TOTAL REWARD 310.0



mai 08, 2020 1:02:48 P.M. no.hvl.projectparmorel.qlearning.QModelFixer handleEpisode
INFO: EPISODE 23, STEP 0, Fixing error 38: The default value literal 'MEAN' must be a valid literal of the attribute's type
mai 08, 2020 1:02:48 P.M. no.hvl.projectparmorel.qlearning.QModelFixer chooseAction
INFO: Choosing optimal action
mai 08, 2020 1:02:48 P.M. no.hvl.projectparmorel.qlearning.QModelFixer handleStep
INFO: Chose action setDefaultValueLiteralGen in context 0 with weight 57.0
mai 08, 2020 1:02:48 P.M. no.hvl.projectparmorel.qlearning.QModelFixer handleStep
INFO: Next error code: 38
mai 08, 2020 1:02:48 P.M. no.hvl.projectparmorel.qlearning.QModelFixer handleStep
INFO: Calculating new Q-value:
Old Q-value: 57.0
Alpha: 1.0
Gamma: 1.0
Reward: -2
Next optimal action Q-value: 57.0
57.0 + 1.0 * (-2 + 1.0 * 57.0 - 57.0) = 55.0
mai 08, 2020 1:02:48 P.M. no.hvl.projectparmorel.qlearning.QModelFixer handleStep
INFO: Updated Q-table for error 38, context 0, action -2078906332 setDefaultValueLiteralGen to new weight 55.0


mai 08, 2020 1:02:48 P.M. no.hvl.projectparmorel.qlearning.QModelFixer handleEpisode
INFO: EPISODE 23, STEP 1, Fixing error 38: The default value literal 'WEIGHTED' must be a valid literal of the attribute's type
mai 08, 2020 1:02:48 P.M. no.hvl.projectparmorel.qlearning.QModelFixer chooseAction
INFO: Choosing random action.
mai 08, 2020 1:02:48 P.M. no.hvl.projectparmorel.qlearning.QModelFixer handleStep
INFO: Chose action delete in context 0 with weight 57.0
mai 08, 2020 1:02:51 P.M. no.hvl.projectparmorel.qlearning.QModelFixer updateQTable
INFO: Calculating new Q-value:
Old Q-value: 57.0
Alpha: 1.0
Gamma:1.0

Reward: -2
57.0 + 1.0 * (-2 + 1.0 - 57.0) = -1.0
mai 08, 2020 1:02:51 P.M. no.hvl.projectparmorel.qlearning.QModelFixer updateQTable
INFO: Updated Q-table for error 38, context 0, action 99999 to new weight -1.0
mai 08, 2020 1:02:52 P.M. no.hvl.projectparmorel.qlearning.ecore.EcoreSolution calculateDistanceFromOriginal
INFO: Calculated the distance between the models to 100.0
mai 08, 2020 1:02:52 P.M. no.hvl.projectparmorel.qlearning.reward.PreferCloseDinstanceToOriginalPreference rewardcalculateRewardFor
INFO: Time to measure distance: 504 ms
mai 08, 2020 1:02:52 P.M. no.hvl.projectparmorel.qlearning.QModelFixer updateQTable
INFO: Calculating new Q-value:
Old Q-value: 55.0
Alpha: 1.0
Gamma:1.0

Reward: 100
55.0 + 1.0 * (100 + 1.0 - 55.0) = 101.0
mai 08, 2020 1:02:52 P.M. no.hvl.projectparmorel.qlearning.QModelFixer updateQTable
INFO: Updated Q-table for error 38, context 0, action -2078906332 to new weight 101.0
mai 08, 2020 1:02:52 P.M. no.hvl.projectparmorel.qlearning.QModelFixer updateQTable
INFO: Calculating new Q-value:
Old Q-value: -1.0
Alpha: 1.0
Gamma:1.0

Reward: 100
-1.0 + 1.0 * (100 + 1.0 - -1.0) = 101.0
mai 08, 2020 1:02:52 P.M. no.hvl.projectparmorel.qlearning.QModelFixer updateQTable
INFO: Updated Q-table for error 38, context 0, action 99999 to new weight 101.0
mai 08, 2020 1:02:54 P.M. no.hvl.projectparmorel.qlearning.reward.PreferRelaxation rewardcalculateRewardFor
INFO: Relaxation Index of the metamodel: 57.0
Time to get metric: 1677 ms
mai 08, 2020 1:02:54 P.M. no.hvl.projectparmorel.qlearning.QModelFixer isUnique
INFO: Solution [ErrorAction [Error: 38 The default value literal 'MEAN' must be a valid literal of the attribute's type, Action: setDefaultValueLiteralGen, Error hierarchy: 0]
, ErrorAction [Error: 38 The default value literal 'WEIGHTED' must be a valid literal of the attribute's type, Action: delete, Error hierarchy: 0]
] already exists.
mai 08, 2020 1:02:54 P.M. no.hvl.projectparmorel.qlearning.QModelFixer fixModel
INFO: Solution discarded.
mai 08, 2020 1:02:54 P.M. no.hvl.projectparmorel.qlearning.QModelFixer fixModel
INFO: EPISODE 23 TOTAL REWARD 310.0



mai 08, 2020 1:02:54 P.M. no.hvl.projectparmorel.qlearning.QModelFixer handleEpisode
INFO: EPISODE 24, STEP 0, Fixing error 38: The default value literal 'MEAN' must be a valid literal of the attribute's type
mai 08, 2020 1:02:54 P.M. no.hvl.projectparmorel.qlearning.QModelFixer chooseAction
INFO: Choosing random action.
mai 08, 2020 1:02:54 P.M. no.hvl.projectparmorel.qlearning.QModelFixer handleStep
INFO: Chose action delete in context 0 with weight 57.0
mai 08, 2020 1:02:57 P.M. no.hvl.projectparmorel.qlearning.QModelFixer handleStep
INFO: Next error code: 38
mai 08, 2020 1:02:57 P.M. no.hvl.projectparmorel.qlearning.QModelFixer handleStep
INFO: Calculating new Q-value:
Old Q-value: 57.0
Alpha: 1.0
Gamma: 1.0
Reward: -2
Next optimal action Q-value: 57.0
57.0 + 1.0 * (-2 + 1.0 * 57.0 - 57.0) = 55.0
mai 08, 2020 1:02:57 P.M. no.hvl.projectparmorel.qlearning.QModelFixer handleStep
INFO: Updated Q-table for error 38, context 0, action 99999 delete to new weight 55.0


mai 08, 2020 1:02:57 P.M. no.hvl.projectparmorel.qlearning.QModelFixer handleEpisode
INFO: EPISODE 24, STEP 1, Fixing error 38: The default value literal 'WEIGHTED' must be a valid literal of the attribute's type
mai 08, 2020 1:02:57 P.M. no.hvl.projectparmorel.qlearning.QModelFixer chooseAction
INFO: Choosing optimal action
mai 08, 2020 1:02:57 P.M. no.hvl.projectparmorel.qlearning.QModelFixer handleStep
INFO: Chose action setDefaultValueLiteralGen in context 0 with weight 57.0
mai 08, 2020 1:02:57 P.M. no.hvl.projectparmorel.qlearning.QModelFixer updateQTable
INFO: Calculating new Q-value:
Old Q-value: 57.0
Alpha: 1.0
Gamma:1.0

Reward: -2
57.0 + 1.0 * (-2 + 1.0 - 57.0) = -1.0
mai 08, 2020 1:02:57 P.M. no.hvl.projectparmorel.qlearning.QModelFixer updateQTable
INFO: Updated Q-table for error 38, context 0, action -2078906332 to new weight -1.0
mai 08, 2020 1:02:58 P.M. no.hvl.projectparmorel.qlearning.ecore.EcoreSolution calculateDistanceFromOriginal
INFO: Calculated the distance between the models to 100.0
mai 08, 2020 1:02:58 P.M. no.hvl.projectparmorel.qlearning.reward.PreferCloseDinstanceToOriginalPreference rewardcalculateRewardFor
INFO: Time to measure distance: 535 ms
mai 08, 2020 1:02:58 P.M. no.hvl.projectparmorel.qlearning.QModelFixer updateQTable
INFO: Calculating new Q-value:
Old Q-value: 55.0
Alpha: 1.0
Gamma:1.0

Reward: 100
55.0 + 1.0 * (100 + 1.0 - 55.0) = 101.0
mai 08, 2020 1:02:58 P.M. no.hvl.projectparmorel.qlearning.QModelFixer updateQTable
INFO: Updated Q-table for error 38, context 0, action 99999 to new weight 101.0
mai 08, 2020 1:02:58 P.M. no.hvl.projectparmorel.qlearning.QModelFixer updateQTable
INFO: Calculating new Q-value:
Old Q-value: -1.0
Alpha: 1.0
Gamma:1.0

Reward: 100
-1.0 + 1.0 * (100 + 1.0 - -1.0) = 101.0
mai 08, 2020 1:02:58 P.M. no.hvl.projectparmorel.qlearning.QModelFixer updateQTable
INFO: Updated Q-table for error 38, context 0, action -2078906332 to new weight 101.0
mai 08, 2020 1:03:00 P.M. no.hvl.projectparmorel.qlearning.reward.PreferRelaxation rewardcalculateRewardFor
INFO: Relaxation Index of the metamodel: 57.0
Time to get metric: 1730 ms
mai 08, 2020 1:03:00 P.M. no.hvl.projectparmorel.qlearning.QModelFixer fixModel
INFO: Solution added to possible solitons: [ErrorAction [Error: 38 The default value literal 'MEAN' must be a valid literal of the attribute's type, Action: delete, Error hierarchy: 0]
, ErrorAction [Error: 38 The default value literal 'WEIGHTED' must be a valid literal of the attribute's type, Action: setDefaultValueLiteralGen, Error hierarchy: 0]
]
mai 08, 2020 1:03:00 P.M. no.hvl.projectparmorel.qlearning.QModelFixer fixModel
INFO: EPISODE 24 TOTAL REWARD 310.0



mai 08, 2020 1:03:00 P.M. no.hvl.projectparmorel.qlearning.QModelFixer fixModel
INFO: Time repairing model: 91713 ms
mai 08, 2020 1:03:00 P.M. no.hvl.projectparmorel.qlearning.QModelFixer fixModel
INFO: 
-----------------ALL SEQUENCES FOUND-------------------
SIZE: 12
DISCARDED SEQUENCES: 13
--------::::B E S T   S E Q U E N C E   I S::::---------
Sequence [id=0, seq=[ErrorAction [Error: 38 The default value literal 'MEAN' must be a valid literal of the attribute's type, Action: setDefaultValueLiteralGen, Error hierarchy: 0]
, ErrorAction [Error: 38 The default value literal 'WEIGHTED' must be a valid literal of the attribute's type, Action: setDefaultValueLiteralGen, Error hierarchy: 0]
], weight=310.0]

 with 2 actions.
mai 08, 2020 1:03:00 P.M. no.hvl.projectparmorel.qlearning.knowledge.Knowledge save
INFO: Saving initialized
mai 08, 2020 1:03:00 P.M. no.hvl.projectparmorel.qlearning.knowledge.Knowledge save
INFO: document prepared
mai 08, 2020 1:03:00 P.M. no.hvl.projectparmorel.qlearning.knowledge.Knowledge save
INFO: Saving completed to /Users/Magnus/Skole/DAT300/EclipseWorkspace3/ParmorelRunnable/knowledge.xml
mai 08, 2020 1:03:00 P.M. no.hvl.projectparmorel.qlearning.knowledge.Knowledge save
INFO: Saving initialized
mai 08, 2020 1:03:00 P.M. no.hvl.projectparmorel.qlearning.knowledge.Knowledge save
INFO: document prepared
mai 08, 2020 1:03:00 P.M. no.hvl.projectparmorel.qlearning.knowledge.Knowledge save
INFO: Saving completed to /Users/Magnus/Skole/DAT300/EclipseWorkspace3/ParmorelRunnable/knowledge.xml
