mai 06, 2020 9:34:58 A.M. hvl.projectparmorel.qlearning.QModelFixer fixModel
INFO: Repairing backbone.ecore
mai 06, 2020 9:34:58 A.M. hvl.projectparmorel.qlearning.QModelFixer fixModel
INFO: Running with preferences [PREFER_CLOSE_DISTANCE_TO_ORIGINAL, PREFER_REUSE]
mai 06, 2020 9:34:58 A.M. hvl.projectparmorel.qlearning.QModelFixer fixModel
INFO: Initial number of errors in model: 2
Maximum number of steps per episode: 12
Errors to fix: [Error 38, message=The default value literal '0' must be a valid literal of the attribute's type in package 0
, Error 38, message=The default value literal '0' must be a valid literal of the attribute's type in package 0
]
mai 06, 2020 9:34:58 A.M. hvl.projectparmorel.qlearning.QModelFixer fixModel
INFO: Initializing Q-table for the errors.
mai 06, 2020 9:34:58 A.M. hvl.projectparmorel.qlearning.QModelFixer fixModel
INFO: Number of episodes: 25
mai 06, 2020 9:34:58 A.M. hvl.projectparmorel.qlearning.QModelFixer handleEpisode
INFO: EPISODE 0, STEP 0, Fixing error 38: The default value literal '0' must be a valid literal of the attribute's type
mai 06, 2020 9:34:58 A.M. hvl.projectparmorel.qlearning.QModelFixer chooseAction
INFO: Choosing optimal action
mai 06, 2020 9:34:58 A.M. hvl.projectparmorel.qlearning.QModelFixer handleStep
INFO: Chose action setEType in context 0 with weight 300.04761905
mai 06, 2020 9:34:58 A.M. hvl.projectparmorel.qlearning.QModelFixer updateQTable
INFO: Calculating new Q-value:
Old Q-value: 300.04761905
Alpha: 1.0
Gamma:1.0

Reward: -2
300.04761905 + 1.0 * (-2 + 1.0 - 300.04761905) = -1.0
mai 06, 2020 9:34:58 A.M. hvl.projectparmorel.qlearning.QModelFixer updateQTable
INFO: Updated Q-table for error 38, context 0, action -591535257 to new weight -1.0
mai 06, 2020 9:34:58 A.M. hvl.projectparmorel.ecore.EcoreSolution calculateDistanceFromOriginal
INFO: Calculated the distance between the models to 95.0
mai 06, 2020 9:34:58 A.M. hvl.projectparmorel.reward.PreferCloseDinstanceToOriginalPreference rewardcalculateRewardFor
INFO: Time to measure distance: 17 ms
mai 06, 2020 9:34:58 A.M. hvl.projectparmorel.qlearning.QModelFixer updateQTable
INFO: Calculating new Q-value:
Old Q-value: -1.0
Alpha: 1.0
Gamma:1.0

Reward: 95
-1.0 + 1.0 * (95 + 1.0 - -1.0) = 96.0
mai 06, 2020 9:34:58 A.M. hvl.projectparmorel.qlearning.QModelFixer updateQTable
INFO: Updated Q-table for error 38, context 0, action -591535257 to new weight 96.0
mai 06, 2020 9:34:59 A.M. hvl.projectparmorel.reward.PreferReuse rewardcalculateRewardFor
INFO: Time to get metric: 1425 ms
mai 06, 2020 9:34:59 A.M. hvl.projectparmorel.qlearning.QModelFixer fixModel
INFO: Solution added to possible solitons: [ErrorAction [Error: 38 The default value literal '0' must be a valid literal of the attribute's type, Action: setEType, Error hierarchy: 0]
]
mai 06, 2020 9:34:59 A.M. hvl.projectparmorel.qlearning.QModelFixer fixModel
INFO: EPISODE 0 TOTAL REWARD 93.0



mai 06, 2020 9:34:59 A.M. hvl.projectparmorel.qlearning.QModelFixer handleEpisode
INFO: EPISODE 1, STEP 0, Fixing error 38: The default value literal '0' must be a valid literal of the attribute's type
mai 06, 2020 9:34:59 A.M. hvl.projectparmorel.qlearning.QModelFixer chooseAction
INFO: Choosing random action.
mai 06, 2020 9:34:59 A.M. hvl.projectparmorel.qlearning.QModelFixer handleStep
INFO: Chose action setDefaultValueLiteralGen in context 0 with weight 0.045454547
mai 06, 2020 9:34:59 A.M. hvl.projectparmorel.qlearning.QModelFixer updateQTable
INFO: Calculating new Q-value:
Old Q-value: 0.045454547
Alpha: 1.0
Gamma:1.0

Reward: -2
0.045454547 + 1.0 * (-2 + 1.0 - 0.045454547) = -1.0
mai 06, 2020 9:34:59 A.M. hvl.projectparmorel.qlearning.QModelFixer updateQTable
INFO: Updated Q-table for error 38, context 0, action -2078906332 to new weight -1.0
mai 06, 2020 9:34:59 A.M. hvl.projectparmorel.ecore.EcoreSolution calculateDistanceFromOriginal
INFO: Calculated the distance between the models to 100.0
mai 06, 2020 9:34:59 A.M. hvl.projectparmorel.reward.PreferCloseDinstanceToOriginalPreference rewardcalculateRewardFor
INFO: Time to measure distance: 17 ms
mai 06, 2020 9:34:59 A.M. hvl.projectparmorel.qlearning.QModelFixer updateQTable
INFO: Calculating new Q-value:
Old Q-value: -1.0
Alpha: 1.0
Gamma:1.0

Reward: 100
-1.0 + 1.0 * (100 + 1.0 - -1.0) = 101.0
mai 06, 2020 9:34:59 A.M. hvl.projectparmorel.qlearning.QModelFixer updateQTable
INFO: Updated Q-table for error 38, context 0, action -2078906332 to new weight 101.0
mai 06, 2020 9:35:00 A.M. hvl.projectparmorel.reward.PreferReuse rewardcalculateRewardFor
INFO: Time to get metric: 1407 ms
mai 06, 2020 9:35:00 A.M. hvl.projectparmorel.qlearning.QModelFixer fixModel
INFO: Solution added to possible solitons: [ErrorAction [Error: 38 The default value literal '0' must be a valid literal of the attribute's type, Action: setDefaultValueLiteralGen, Error hierarchy: 0]
]
mai 06, 2020 9:35:00 A.M. hvl.projectparmorel.qlearning.QModelFixer fixModel
INFO: EPISODE 1 TOTAL REWARD 98.0



mai 06, 2020 9:35:00 A.M. hvl.projectparmorel.qlearning.QModelFixer handleEpisode
INFO: EPISODE 2, STEP 0, Fixing error 38: The default value literal '0' must be a valid literal of the attribute's type
mai 06, 2020 9:35:00 A.M. hvl.projectparmorel.qlearning.QModelFixer chooseAction
INFO: Choosing optimal action
mai 06, 2020 9:35:00 A.M. hvl.projectparmorel.qlearning.QModelFixer handleStep
INFO: Chose action delete in context 0 with weight 300.04761905
mai 06, 2020 9:35:01 A.M. hvl.projectparmorel.qlearning.QModelFixer handleStep
INFO: Next error code: 38
mai 06, 2020 9:35:01 A.M. hvl.projectparmorel.qlearning.QModelFixer handleStep
INFO: Calculating new Q-value:
Old Q-value: 300.04761905
Alpha: 1.0
Gamma: 1.0
Reward: -2
Next optimal action Q-value: 300.04761905
300.04761905 + 1.0 * (-2 + 1.0 * 300.04761905 - 300.04761905) = 298.04761905
mai 06, 2020 9:35:01 A.M. hvl.projectparmorel.qlearning.QModelFixer handleStep
INFO: Updated Q-table for error 38, context 0, action 99999 delete to new weight 298.04761905


mai 06, 2020 9:35:01 A.M. hvl.projectparmorel.qlearning.QModelFixer handleEpisode
INFO: EPISODE 2, STEP 1, Fixing error 38: The default value literal '0' must be a valid literal of the attribute's type
mai 06, 2020 9:35:01 A.M. hvl.projectparmorel.qlearning.QModelFixer chooseAction
INFO: Choosing optimal action
mai 06, 2020 9:35:01 A.M. hvl.projectparmorel.qlearning.QModelFixer handleStep
INFO: Chose action delete in context 0 with weight 298.04761905
mai 06, 2020 9:35:01 A.M. hvl.projectparmorel.qlearning.QModelFixer updateQTable
INFO: Calculating new Q-value:
Old Q-value: 298.04761905
Alpha: 1.0
Gamma:1.0

Reward: -2
298.04761905 + 1.0 * (-2 + 1.0 - 298.04761905) = -1.0
mai 06, 2020 9:35:01 A.M. hvl.projectparmorel.qlearning.QModelFixer updateQTable
INFO: Updated Q-table for error 38, context 0, action 99999 to new weight -1.0
mai 06, 2020 9:35:01 A.M. hvl.projectparmorel.ecore.EcoreSolution calculateDistanceFromOriginal
INFO: Calculated the distance between the models to 95.0
mai 06, 2020 9:35:01 A.M. hvl.projectparmorel.reward.PreferCloseDinstanceToOriginalPreference rewardcalculateRewardFor
INFO: Time to measure distance: 17 ms
mai 06, 2020 9:35:01 A.M. hvl.projectparmorel.qlearning.QModelFixer updateQTable
INFO: Calculating new Q-value:
Old Q-value: -1.0
Alpha: 1.0
Gamma:1.0

Reward: 95
-1.0 + 1.0 * (95 + 1.0 - -1.0) = 96.0
mai 06, 2020 9:35:01 A.M. hvl.projectparmorel.qlearning.QModelFixer updateQTable
INFO: Updated Q-table for error 38, context 0, action 99999 to new weight 96.0
mai 06, 2020 9:35:01 A.M. hvl.projectparmorel.qlearning.QModelFixer updateQTable
INFO: Calculating new Q-value:
Old Q-value: 96.0
Alpha: 1.0
Gamma:1.0

Reward: 95
96.0 + 1.0 * (95 + 1.0 - 96.0) = 96.0
mai 06, 2020 9:35:01 A.M. hvl.projectparmorel.qlearning.QModelFixer updateQTable
INFO: Updated Q-table for error 38, context 0, action 99999 to new weight 96.0
mai 06, 2020 9:35:03 A.M. hvl.projectparmorel.reward.PreferReuse rewardcalculateRewardFor
INFO: Time to get metric: 2109 ms
mai 06, 2020 9:35:03 A.M. hvl.projectparmorel.qlearning.QModelFixer fixModel
INFO: Solution added to possible solitons: [ErrorAction [Error: 38 The default value literal '0' must be a valid literal of the attribute's type, Action: delete, Error hierarchy: 0]
, ErrorAction [Error: 38 The default value literal '0' must be a valid literal of the attribute's type, Action: delete, Error hierarchy: 0]
]
mai 06, 2020 9:35:03 A.M. hvl.projectparmorel.qlearning.QModelFixer fixModel
INFO: EPISODE 2 TOTAL REWARD 186.0



mai 06, 2020 9:35:03 A.M. hvl.projectparmorel.qlearning.QModelFixer handleEpisode
INFO: EPISODE 3, STEP 0, Fixing error 38: The default value literal '0' must be a valid literal of the attribute's type
mai 06, 2020 9:35:03 A.M. hvl.projectparmorel.qlearning.QModelFixer chooseAction
INFO: Choosing optimal action
mai 06, 2020 9:35:03 A.M. hvl.projectparmorel.qlearning.QModelFixer handleStep
INFO: Chose action setEType in context 0 with weight 98.0
mai 06, 2020 9:35:03 A.M. hvl.projectparmorel.qlearning.QModelFixer updateQTable
INFO: Calculating new Q-value:
Old Q-value: 98.0
Alpha: 1.0
Gamma:1.0

Reward: -2
98.0 + 1.0 * (-2 + 1.0 - 98.0) = -1.0
mai 06, 2020 9:35:03 A.M. hvl.projectparmorel.qlearning.QModelFixer updateQTable
INFO: Updated Q-table for error 38, context 0, action 591449609 to new weight -1.0
mai 06, 2020 9:35:03 A.M. hvl.projectparmorel.ecore.EcoreSolution calculateDistanceFromOriginal
INFO: Calculated the distance between the models to 95.0
mai 06, 2020 9:35:03 A.M. hvl.projectparmorel.reward.PreferCloseDinstanceToOriginalPreference rewardcalculateRewardFor
INFO: Time to measure distance: 17 ms
mai 06, 2020 9:35:03 A.M. hvl.projectparmorel.qlearning.QModelFixer updateQTable
INFO: Calculating new Q-value:
Old Q-value: -1.0
Alpha: 1.0
Gamma:1.0

Reward: 95
-1.0 + 1.0 * (95 + 1.0 - -1.0) = 96.0
mai 06, 2020 9:35:03 A.M. hvl.projectparmorel.qlearning.QModelFixer updateQTable
INFO: Updated Q-table for error 38, context 0, action 591449609 to new weight 96.0
mai 06, 2020 9:35:05 A.M. hvl.projectparmorel.reward.PreferReuse rewardcalculateRewardFor
INFO: Time to get metric: 2144 ms
mai 06, 2020 9:35:05 A.M. hvl.projectparmorel.qlearning.QModelFixer fixModel
INFO: Solution added to possible solitons: [ErrorAction [Error: 38 The default value literal '0' must be a valid literal of the attribute's type, Action: setEType, Error hierarchy: 0]
]
mai 06, 2020 9:35:05 A.M. hvl.projectparmorel.qlearning.QModelFixer fixModel
INFO: EPISODE 3 TOTAL REWARD 93.0



mai 06, 2020 9:35:05 A.M. hvl.projectparmorel.qlearning.QModelFixer handleEpisode
INFO: EPISODE 4, STEP 0, Fixing error 38: The default value literal '0' must be a valid literal of the attribute's type
mai 06, 2020 9:35:05 A.M. hvl.projectparmorel.qlearning.QModelFixer chooseAction
INFO: Choosing random action.
mai 06, 2020 9:35:05 A.M. hvl.projectparmorel.qlearning.QModelFixer handleStep
INFO: Chose action setEType in context 0 with weight 0.29032257
mai 06, 2020 9:35:05 A.M. hvl.projectparmorel.qlearning.QModelFixer updateQTable
INFO: Calculating new Q-value:
Old Q-value: 0.29032257
Alpha: 1.0
Gamma:1.0

Reward: -2
0.29032257 + 1.0 * (-2 + 1.0 - 0.29032257) = -1.0
mai 06, 2020 9:35:05 A.M. hvl.projectparmorel.qlearning.QModelFixer updateQTable
INFO: Updated Q-table for error 38, context 0, action 591449609 to new weight -1.0
mai 06, 2020 9:35:05 A.M. hvl.projectparmorel.ecore.EcoreSolution calculateDistanceFromOriginal
INFO: Calculated the distance between the models to 95.0
mai 06, 2020 9:35:05 A.M. hvl.projectparmorel.reward.PreferCloseDinstanceToOriginalPreference rewardcalculateRewardFor
INFO: Time to measure distance: 17 ms
mai 06, 2020 9:35:05 A.M. hvl.projectparmorel.qlearning.QModelFixer updateQTable
INFO: Calculating new Q-value:
Old Q-value: -1.0
Alpha: 1.0
Gamma:1.0

Reward: 95
-1.0 + 1.0 * (95 + 1.0 - -1.0) = 96.0
mai 06, 2020 9:35:05 A.M. hvl.projectparmorel.qlearning.QModelFixer updateQTable
INFO: Updated Q-table for error 38, context 0, action 591449609 to new weight 96.0
mai 06, 2020 9:35:07 A.M. hvl.projectparmorel.reward.PreferReuse rewardcalculateRewardFor
INFO: Time to get metric: 2066 ms
mai 06, 2020 9:35:07 A.M. hvl.projectparmorel.qlearning.QModelFixer isUnique
INFO: Solution [ErrorAction [Error: 38 The default value literal '0' must be a valid literal of the attribute's type, Action: setEType, Error hierarchy: 0]
] already exists.
mai 06, 2020 9:35:07 A.M. hvl.projectparmorel.qlearning.QModelFixer fixModel
INFO: Solution discarded.
mai 06, 2020 9:35:07 A.M. hvl.projectparmorel.qlearning.QModelFixer fixModel
INFO: EPISODE 4 TOTAL REWARD 93.0



mai 06, 2020 9:35:07 A.M. hvl.projectparmorel.qlearning.QModelFixer handleEpisode
INFO: EPISODE 5, STEP 0, Fixing error 38: The default value literal '0' must be a valid literal of the attribute's type
mai 06, 2020 9:35:07 A.M. hvl.projectparmorel.qlearning.QModelFixer chooseAction
INFO: Choosing optimal action
mai 06, 2020 9:35:07 A.M. hvl.projectparmorel.qlearning.QModelFixer handleStep
INFO: Chose action delete in context 0 with weight 0.31034482
mai 06, 2020 9:35:07 A.M. hvl.projectparmorel.qlearning.QModelFixer handleStep
INFO: Next error code: 38
mai 06, 2020 9:35:07 A.M. hvl.projectparmorel.qlearning.QModelFixer handleStep
INFO: Calculating new Q-value:
Old Q-value: 0.31034482
Alpha: 1.0
Gamma: 1.0
Reward: -2
Next optimal action Q-value: 0.31034482
0.31034482 + 1.0 * (-2 + 1.0 * 0.31034482 - 0.31034482) = -1.68965518
mai 06, 2020 9:35:07 A.M. hvl.projectparmorel.qlearning.QModelFixer handleStep
INFO: Updated Q-table for error 38, context 0, action 99999 delete to new weight -1.68965518


mai 06, 2020 9:35:07 A.M. hvl.projectparmorel.qlearning.QModelFixer handleEpisode
INFO: EPISODE 5, STEP 1, Fixing error 38: The default value literal '0' must be a valid literal of the attribute's type
mai 06, 2020 9:35:07 A.M. hvl.projectparmorel.qlearning.QModelFixer chooseAction
INFO: Choosing random action.
mai 06, 2020 9:35:07 A.M. hvl.projectparmorel.qlearning.QModelFixer handleStep
INFO: Chose action setDefaultValueLiteral in context 0 with weight 0.045454547
mai 06, 2020 9:35:07 A.M. hvl.projectparmorel.qlearning.QModelFixer updateQTable
INFO: Calculating new Q-value:
Old Q-value: 0.045454547
Alpha: 1.0
Gamma:1.0

Reward: -2
0.045454547 + 1.0 * (-2 + 1.0 - 0.045454547) = -1.0
mai 06, 2020 9:35:07 A.M. hvl.projectparmorel.qlearning.QModelFixer updateQTable
INFO: Updated Q-table for error 38, context 0, action 1999964618 to new weight -1.0
mai 06, 2020 9:35:07 A.M. hvl.projectparmorel.ecore.EcoreSolution calculateDistanceFromOriginal
INFO: Calculated the distance between the models to 97.0
mai 06, 2020 9:35:07 A.M. hvl.projectparmorel.reward.PreferCloseDinstanceToOriginalPreference rewardcalculateRewardFor
INFO: Time to measure distance: 18 ms
mai 06, 2020 9:35:07 A.M. hvl.projectparmorel.qlearning.QModelFixer updateQTable
INFO: Calculating new Q-value:
Old Q-value: -1.68965518
Alpha: 1.0
Gamma:1.0

Reward: 97
-1.68965518 + 1.0 * (97 + 1.0 - -1.68965518) = 98.0
mai 06, 2020 9:35:07 A.M. hvl.projectparmorel.qlearning.QModelFixer updateQTable
INFO: Updated Q-table for error 38, context 0, action 99999 to new weight 98.0
mai 06, 2020 9:35:07 A.M. hvl.projectparmorel.qlearning.QModelFixer updateQTable
INFO: Calculating new Q-value:
Old Q-value: -1.0
Alpha: 1.0
Gamma:1.0

Reward: 97
-1.0 + 1.0 * (97 + 1.0 - -1.0) = 98.0
mai 06, 2020 9:35:07 A.M. hvl.projectparmorel.qlearning.QModelFixer updateQTable
INFO: Updated Q-table for error 38, context 0, action 1999964618 to new weight 98.0
mai 06, 2020 9:35:09 A.M. hvl.projectparmorel.reward.PreferReuse rewardcalculateRewardFor
INFO: Time to get metric: 2120 ms
mai 06, 2020 9:35:09 A.M. hvl.projectparmorel.qlearning.QModelFixer fixModel
INFO: Solution added to possible solitons: [ErrorAction [Error: 38 The default value literal '0' must be a valid literal of the attribute's type, Action: delete, Error hierarchy: 0]
, ErrorAction [Error: 38 The default value literal '0' must be a valid literal of the attribute's type, Action: setDefaultValueLiteral, Error hierarchy: 0]
]
mai 06, 2020 9:35:09 A.M. hvl.projectparmorel.qlearning.QModelFixer fixModel
INFO: EPISODE 5 TOTAL REWARD 190.0



mai 06, 2020 9:35:09 A.M. hvl.projectparmorel.qlearning.QModelFixer handleEpisode
INFO: EPISODE 6, STEP 0, Fixing error 38: The default value literal '0' must be a valid literal of the attribute's type
mai 06, 2020 9:35:09 A.M. hvl.projectparmorel.qlearning.QModelFixer chooseAction
INFO: Choosing optimal action
mai 06, 2020 9:35:09 A.M. hvl.projectparmorel.qlearning.QModelFixer handleStep
INFO: Chose action delete in context 0 with weight 0.3
mai 06, 2020 9:35:10 A.M. hvl.projectparmorel.qlearning.QModelFixer handleStep
INFO: Next error code: 38
mai 06, 2020 9:35:10 A.M. hvl.projectparmorel.qlearning.QModelFixer handleStep
INFO: Calculating new Q-value:
Old Q-value: 0.3
Alpha: 1.0
Gamma: 1.0
Reward: -2
Next optimal action Q-value: 0.3
0.3 + 1.0 * (-2 + 1.0 * 0.3 - 0.3) = -1.7
mai 06, 2020 9:35:10 A.M. hvl.projectparmorel.qlearning.QModelFixer handleStep
INFO: Updated Q-table for error 38, context 0, action 99999 delete to new weight -1.7


mai 06, 2020 9:35:10 A.M. hvl.projectparmorel.qlearning.QModelFixer handleEpisode
INFO: EPISODE 6, STEP 1, Fixing error 38: The default value literal '0' must be a valid literal of the attribute's type
mai 06, 2020 9:35:10 A.M. hvl.projectparmorel.qlearning.QModelFixer chooseAction
INFO: Choosing optimal action
mai 06, 2020 9:35:10 A.M. hvl.projectparmorel.qlearning.QModelFixer handleStep
INFO: Chose action setDefaultValueLiteral in context 0 with weight 0.3
mai 06, 2020 9:35:10 A.M. hvl.projectparmorel.qlearning.QModelFixer updateQTable
INFO: Calculating new Q-value:
Old Q-value: 0.3
Alpha: 1.0
Gamma:1.0

Reward: -2
0.3 + 1.0 * (-2 + 1.0 - 0.3) = -1.0
mai 06, 2020 9:35:10 A.M. hvl.projectparmorel.qlearning.QModelFixer updateQTable
INFO: Updated Q-table for error 38, context 0, action 1999964618 to new weight -1.0
mai 06, 2020 9:35:10 A.M. hvl.projectparmorel.ecore.EcoreSolution calculateDistanceFromOriginal
INFO: Calculated the distance between the models to 97.0
mai 06, 2020 9:35:10 A.M. hvl.projectparmorel.reward.PreferCloseDinstanceToOriginalPreference rewardcalculateRewardFor
INFO: Time to measure distance: 17 ms
mai 06, 2020 9:35:10 A.M. hvl.projectparmorel.qlearning.QModelFixer updateQTable
INFO: Calculating new Q-value:
Old Q-value: -1.7
Alpha: 1.0
Gamma:1.0

Reward: 97
-1.7 + 1.0 * (97 + 1.0 - -1.7) = 98.0
mai 06, 2020 9:35:10 A.M. hvl.projectparmorel.qlearning.QModelFixer updateQTable
INFO: Updated Q-table for error 38, context 0, action 99999 to new weight 98.0
mai 06, 2020 9:35:10 A.M. hvl.projectparmorel.qlearning.QModelFixer updateQTable
INFO: Calculating new Q-value:
Old Q-value: -1.0
Alpha: 1.0
Gamma:1.0

Reward: 97
-1.0 + 1.0 * (97 + 1.0 - -1.0) = 98.0
mai 06, 2020 9:35:10 A.M. hvl.projectparmorel.qlearning.QModelFixer updateQTable
INFO: Updated Q-table for error 38, context 0, action 1999964618 to new weight 98.0
mai 06, 2020 9:35:12 A.M. hvl.projectparmorel.reward.PreferReuse rewardcalculateRewardFor
INFO: Time to get metric: 2157 ms
mai 06, 2020 9:35:12 A.M. hvl.projectparmorel.qlearning.QModelFixer isUnique
INFO: Solution [ErrorAction [Error: 38 The default value literal '0' must be a valid literal of the attribute's type, Action: delete, Error hierarchy: 0]
, ErrorAction [Error: 38 The default value literal '0' must be a valid literal of the attribute's type, Action: setDefaultValueLiteral, Error hierarchy: 0]
] already exists.
mai 06, 2020 9:35:12 A.M. hvl.projectparmorel.qlearning.QModelFixer fixModel
INFO: Solution discarded.
mai 06, 2020 9:35:12 A.M. hvl.projectparmorel.qlearning.QModelFixer fixModel
INFO: EPISODE 6 TOTAL REWARD 190.0



mai 06, 2020 9:35:12 A.M. hvl.projectparmorel.qlearning.QModelFixer handleEpisode
INFO: EPISODE 7, STEP 0, Fixing error 38: The default value literal '0' must be a valid literal of the attribute's type
mai 06, 2020 9:35:12 A.M. hvl.projectparmorel.qlearning.QModelFixer chooseAction
INFO: Choosing optimal action
mai 06, 2020 9:35:12 A.M. hvl.projectparmorel.qlearning.QModelFixer handleStep
INFO: Chose action delete in context 0 with weight 0.3
mai 06, 2020 9:35:12 A.M. hvl.projectparmorel.qlearning.QModelFixer handleStep
INFO: Next error code: 38
mai 06, 2020 9:35:12 A.M. hvl.projectparmorel.qlearning.QModelFixer handleStep
INFO: Calculating new Q-value:
Old Q-value: 0.3
Alpha: 1.0
Gamma: 1.0
Reward: -2
Next optimal action Q-value: 0.3
0.3 + 1.0 * (-2 + 1.0 * 0.3 - 0.3) = -1.7
mai 06, 2020 9:35:12 A.M. hvl.projectparmorel.qlearning.QModelFixer handleStep
INFO: Updated Q-table for error 38, context 0, action 99999 delete to new weight -1.7


mai 06, 2020 9:35:12 A.M. hvl.projectparmorel.qlearning.QModelFixer handleEpisode
INFO: EPISODE 7, STEP 1, Fixing error 38: The default value literal '0' must be a valid literal of the attribute's type
mai 06, 2020 9:35:12 A.M. hvl.projectparmorel.qlearning.QModelFixer chooseAction
INFO: Choosing random action.
mai 06, 2020 9:35:12 A.M. hvl.projectparmorel.qlearning.QModelFixer handleStep
INFO: Chose action setDefaultValueLiteralGen in context 0 with weight 0.29032257
mai 06, 2020 9:35:12 A.M. hvl.projectparmorel.qlearning.QModelFixer updateQTable
INFO: Calculating new Q-value:
Old Q-value: 0.29032257
Alpha: 1.0
Gamma:1.0

Reward: -2
0.29032257 + 1.0 * (-2 + 1.0 - 0.29032257) = -1.0
mai 06, 2020 9:35:12 A.M. hvl.projectparmorel.qlearning.QModelFixer updateQTable
INFO: Updated Q-table for error 38, context 0, action -2078906332 to new weight -1.0
mai 06, 2020 9:35:12 A.M. hvl.projectparmorel.ecore.EcoreSolution calculateDistanceFromOriginal
INFO: Calculated the distance between the models to 97.0
mai 06, 2020 9:35:12 A.M. hvl.projectparmorel.reward.PreferCloseDinstanceToOriginalPreference rewardcalculateRewardFor
INFO: Time to measure distance: 16 ms
mai 06, 2020 9:35:12 A.M. hvl.projectparmorel.qlearning.QModelFixer updateQTable
INFO: Calculating new Q-value:
Old Q-value: -1.7
Alpha: 1.0
Gamma:1.0

Reward: 97
-1.7 + 1.0 * (97 + 1.0 - -1.7) = 98.0
mai 06, 2020 9:35:12 A.M. hvl.projectparmorel.qlearning.QModelFixer updateQTable
INFO: Updated Q-table for error 38, context 0, action 99999 to new weight 98.0
mai 06, 2020 9:35:12 A.M. hvl.projectparmorel.qlearning.QModelFixer updateQTable
INFO: Calculating new Q-value:
Old Q-value: -1.0
Alpha: 1.0
Gamma:1.0

Reward: 97
-1.0 + 1.0 * (97 + 1.0 - -1.0) = 98.0
mai 06, 2020 9:35:12 A.M. hvl.projectparmorel.qlearning.QModelFixer updateQTable
INFO: Updated Q-table for error 38, context 0, action -2078906332 to new weight 98.0
mai 06, 2020 9:35:14 A.M. hvl.projectparmorel.reward.PreferReuse rewardcalculateRewardFor
INFO: Time to get metric: 2154 ms
mai 06, 2020 9:35:14 A.M. hvl.projectparmorel.qlearning.QModelFixer fixModel
INFO: Solution added to possible solitons: [ErrorAction [Error: 38 The default value literal '0' must be a valid literal of the attribute's type, Action: delete, Error hierarchy: 0]
, ErrorAction [Error: 38 The default value literal '0' must be a valid literal of the attribute's type, Action: setDefaultValueLiteralGen, Error hierarchy: 0]
]
mai 06, 2020 9:35:14 A.M. hvl.projectparmorel.qlearning.QModelFixer fixModel
INFO: EPISODE 7 TOTAL REWARD 190.0



mai 06, 2020 9:35:14 A.M. hvl.projectparmorel.qlearning.QModelFixer handleEpisode
INFO: EPISODE 8, STEP 0, Fixing error 38: The default value literal '0' must be a valid literal of the attribute's type
mai 06, 2020 9:35:14 A.M. hvl.projectparmorel.qlearning.QModelFixer chooseAction
INFO: Choosing random action.
mai 06, 2020 9:35:14 A.M. hvl.projectparmorel.qlearning.QModelFixer handleStep
INFO: Chose action setEType in context 0 with weight 0.29032257
mai 06, 2020 9:35:14 A.M. hvl.projectparmorel.qlearning.QModelFixer updateQTable
INFO: Calculating new Q-value:
Old Q-value: 0.29032257
Alpha: 1.0
Gamma:1.0

Reward: -2
0.29032257 + 1.0 * (-2 + 1.0 - 0.29032257) = -1.0
mai 06, 2020 9:35:14 A.M. hvl.projectparmorel.qlearning.QModelFixer updateQTable
INFO: Updated Q-table for error 38, context 0, action 591449609 to new weight -1.0
mai 06, 2020 9:35:14 A.M. hvl.projectparmorel.ecore.EcoreSolution calculateDistanceFromOriginal
INFO: Calculated the distance between the models to 95.0
mai 06, 2020 9:35:14 A.M. hvl.projectparmorel.reward.PreferCloseDinstanceToOriginalPreference rewardcalculateRewardFor
INFO: Time to measure distance: 17 ms
mai 06, 2020 9:35:14 A.M. hvl.projectparmorel.qlearning.QModelFixer updateQTable
INFO: Calculating new Q-value:
Old Q-value: -1.0
Alpha: 1.0
Gamma:1.0

Reward: 95
-1.0 + 1.0 * (95 + 1.0 - -1.0) = 96.0
mai 06, 2020 9:35:14 A.M. hvl.projectparmorel.qlearning.QModelFixer updateQTable
INFO: Updated Q-table for error 38, context 0, action 591449609 to new weight 96.0
mai 06, 2020 9:35:16 A.M. hvl.projectparmorel.reward.PreferReuse rewardcalculateRewardFor
INFO: Time to get metric: 2056 ms
mai 06, 2020 9:35:16 A.M. hvl.projectparmorel.qlearning.QModelFixer isUnique
INFO: Solution [ErrorAction [Error: 38 The default value literal '0' must be a valid literal of the attribute's type, Action: setEType, Error hierarchy: 0]
] already exists.
mai 06, 2020 9:35:16 A.M. hvl.projectparmorel.qlearning.QModelFixer fixModel
INFO: Solution discarded.
mai 06, 2020 9:35:16 A.M. hvl.projectparmorel.qlearning.QModelFixer fixModel
INFO: EPISODE 8 TOTAL REWARD 93.0



mai 06, 2020 9:35:16 A.M. hvl.projectparmorel.qlearning.QModelFixer handleEpisode
INFO: EPISODE 9, STEP 0, Fixing error 38: The default value literal '0' must be a valid literal of the attribute's type
mai 06, 2020 9:35:16 A.M. hvl.projectparmorel.qlearning.QModelFixer chooseAction
INFO: Choosing random action.
mai 06, 2020 9:35:16 A.M. hvl.projectparmorel.qlearning.QModelFixer handleStep
INFO: Chose action setEType in context 0 with weight 0.29032257
mai 06, 2020 9:35:16 A.M. hvl.projectparmorel.qlearning.QModelFixer updateQTable
INFO: Calculating new Q-value:
Old Q-value: 0.29032257
Alpha: 1.0
Gamma:1.0

Reward: -2
0.29032257 + 1.0 * (-2 + 1.0 - 0.29032257) = -1.0
mai 06, 2020 9:35:16 A.M. hvl.projectparmorel.qlearning.QModelFixer updateQTable
INFO: Updated Q-table for error 38, context 0, action 591449609 to new weight -1.0
mai 06, 2020 9:35:16 A.M. hvl.projectparmorel.ecore.EcoreSolution calculateDistanceFromOriginal
INFO: Calculated the distance between the models to 95.0
mai 06, 2020 9:35:16 A.M. hvl.projectparmorel.reward.PreferCloseDinstanceToOriginalPreference rewardcalculateRewardFor
INFO: Time to measure distance: 16 ms
mai 06, 2020 9:35:16 A.M. hvl.projectparmorel.qlearning.QModelFixer updateQTable
INFO: Calculating new Q-value:
Old Q-value: -1.0
Alpha: 1.0
Gamma:1.0

Reward: 95
-1.0 + 1.0 * (95 + 1.0 - -1.0) = 96.0
mai 06, 2020 9:35:16 A.M. hvl.projectparmorel.qlearning.QModelFixer updateQTable
INFO: Updated Q-table for error 38, context 0, action 591449609 to new weight 96.0
mai 06, 2020 9:35:18 A.M. hvl.projectparmorel.reward.PreferReuse rewardcalculateRewardFor
INFO: Time to get metric: 2156 ms
mai 06, 2020 9:35:18 A.M. hvl.projectparmorel.qlearning.QModelFixer isUnique
INFO: Solution [ErrorAction [Error: 38 The default value literal '0' must be a valid literal of the attribute's type, Action: setEType, Error hierarchy: 0]
] already exists.
mai 06, 2020 9:35:18 A.M. hvl.projectparmorel.qlearning.QModelFixer fixModel
INFO: Solution discarded.
mai 06, 2020 9:35:18 A.M. hvl.projectparmorel.qlearning.QModelFixer fixModel
INFO: EPISODE 9 TOTAL REWARD 93.0



mai 06, 2020 9:35:18 A.M. hvl.projectparmorel.qlearning.QModelFixer handleEpisode
INFO: EPISODE 10, STEP 0, Fixing error 38: The default value literal '0' must be a valid literal of the attribute's type
mai 06, 2020 9:35:18 A.M. hvl.projectparmorel.qlearning.QModelFixer chooseAction
INFO: Choosing optimal action
mai 06, 2020 9:35:18 A.M. hvl.projectparmorel.qlearning.QModelFixer handleStep
INFO: Chose action setDefaultValueLiteralGen in context 0 with weight 0.3
mai 06, 2020 9:35:18 A.M. hvl.projectparmorel.qlearning.QModelFixer updateQTable
INFO: Calculating new Q-value:
Old Q-value: 0.3
Alpha: 1.0
Gamma:1.0

Reward: -2
0.3 + 1.0 * (-2 + 1.0 - 0.3) = -1.0
mai 06, 2020 9:35:18 A.M. hvl.projectparmorel.qlearning.QModelFixer updateQTable
INFO: Updated Q-table for error 38, context 0, action -2078906332 to new weight -1.0
mai 06, 2020 9:35:18 A.M. hvl.projectparmorel.ecore.EcoreSolution calculateDistanceFromOriginal
INFO: Calculated the distance between the models to 100.0
mai 06, 2020 9:35:18 A.M. hvl.projectparmorel.reward.PreferCloseDinstanceToOriginalPreference rewardcalculateRewardFor
INFO: Time to measure distance: 17 ms
mai 06, 2020 9:35:18 A.M. hvl.projectparmorel.qlearning.QModelFixer updateQTable
INFO: Calculating new Q-value:
Old Q-value: -1.0
Alpha: 1.0
Gamma:1.0

Reward: 100
-1.0 + 1.0 * (100 + 1.0 - -1.0) = 101.0
mai 06, 2020 9:35:18 A.M. hvl.projectparmorel.qlearning.QModelFixer updateQTable
INFO: Updated Q-table for error 38, context 0, action -2078906332 to new weight 101.0
mai 06, 2020 9:35:20 A.M. hvl.projectparmorel.reward.PreferReuse rewardcalculateRewardFor
INFO: Time to get metric: 2163 ms
mai 06, 2020 9:35:20 A.M. hvl.projectparmorel.qlearning.QModelFixer isUnique
INFO: Solution [ErrorAction [Error: 38 The default value literal '0' must be a valid literal of the attribute's type, Action: setDefaultValueLiteralGen, Error hierarchy: 0]
] already exists.
mai 06, 2020 9:35:20 A.M. hvl.projectparmorel.qlearning.QModelFixer fixModel
INFO: Solution discarded.
mai 06, 2020 9:35:20 A.M. hvl.projectparmorel.qlearning.QModelFixer fixModel
INFO: EPISODE 10 TOTAL REWARD 98.0



mai 06, 2020 9:35:20 A.M. hvl.projectparmorel.qlearning.QModelFixer handleEpisode
INFO: EPISODE 11, STEP 0, Fixing error 38: The default value literal '0' must be a valid literal of the attribute's type
mai 06, 2020 9:35:20 A.M. hvl.projectparmorel.qlearning.QModelFixer chooseAction
INFO: Choosing random action.
mai 06, 2020 9:35:20 A.M. hvl.projectparmorel.qlearning.QModelFixer handleStep
INFO: Chose action setEType in context 0 with weight 0.29032257
mai 06, 2020 9:35:20 A.M. hvl.projectparmorel.qlearning.QModelFixer updateQTable
INFO: Calculating new Q-value:
Old Q-value: 0.29032257
Alpha: 1.0
Gamma:1.0

Reward: -2
0.29032257 + 1.0 * (-2 + 1.0 - 0.29032257) = -1.0
mai 06, 2020 9:35:20 A.M. hvl.projectparmorel.qlearning.QModelFixer updateQTable
INFO: Updated Q-table for error 38, context 0, action 591449609 to new weight -1.0
mai 06, 2020 9:35:20 A.M. hvl.projectparmorel.ecore.EcoreSolution calculateDistanceFromOriginal
INFO: Calculated the distance between the models to 95.0
mai 06, 2020 9:35:20 A.M. hvl.projectparmorel.reward.PreferCloseDinstanceToOriginalPreference rewardcalculateRewardFor
INFO: Time to measure distance: 17 ms
mai 06, 2020 9:35:20 A.M. hvl.projectparmorel.qlearning.QModelFixer updateQTable
INFO: Calculating new Q-value:
Old Q-value: -1.0
Alpha: 1.0
Gamma:1.0

Reward: 95
-1.0 + 1.0 * (95 + 1.0 - -1.0) = 96.0
mai 06, 2020 9:35:20 A.M. hvl.projectparmorel.qlearning.QModelFixer updateQTable
INFO: Updated Q-table for error 38, context 0, action 591449609 to new weight 96.0
mai 06, 2020 9:35:23 A.M. hvl.projectparmorel.reward.PreferReuse rewardcalculateRewardFor
INFO: Time to get metric: 2071 ms
mai 06, 2020 9:35:23 A.M. hvl.projectparmorel.qlearning.QModelFixer isUnique
INFO: Solution [ErrorAction [Error: 38 The default value literal '0' must be a valid literal of the attribute's type, Action: setEType, Error hierarchy: 0]
] already exists.
mai 06, 2020 9:35:23 A.M. hvl.projectparmorel.qlearning.QModelFixer fixModel
INFO: Solution discarded.
mai 06, 2020 9:35:23 A.M. hvl.projectparmorel.qlearning.QModelFixer fixModel
INFO: EPISODE 11 TOTAL REWARD 93.0



mai 06, 2020 9:35:23 A.M. hvl.projectparmorel.qlearning.QModelFixer handleEpisode
INFO: EPISODE 12, STEP 0, Fixing error 38: The default value literal '0' must be a valid literal of the attribute's type
mai 06, 2020 9:35:23 A.M. hvl.projectparmorel.qlearning.QModelFixer chooseAction
INFO: Choosing optimal action
mai 06, 2020 9:35:23 A.M. hvl.projectparmorel.qlearning.QModelFixer handleStep
INFO: Chose action delete in context 0 with weight 0.3
mai 06, 2020 9:35:23 A.M. hvl.projectparmorel.qlearning.QModelFixer handleStep
INFO: Next error code: 38
mai 06, 2020 9:35:23 A.M. hvl.projectparmorel.qlearning.QModelFixer handleStep
INFO: Calculating new Q-value:
Old Q-value: 0.3
Alpha: 1.0
Gamma: 1.0
Reward: -2
Next optimal action Q-value: 0.3
0.3 + 1.0 * (-2 + 1.0 * 0.3 - 0.3) = -1.7
mai 06, 2020 9:35:23 A.M. hvl.projectparmorel.qlearning.QModelFixer handleStep
INFO: Updated Q-table for error 38, context 0, action 99999 delete to new weight -1.7


mai 06, 2020 9:35:23 A.M. hvl.projectparmorel.qlearning.QModelFixer handleEpisode
INFO: EPISODE 12, STEP 1, Fixing error 38: The default value literal '0' must be a valid literal of the attribute's type
mai 06, 2020 9:35:23 A.M. hvl.projectparmorel.qlearning.QModelFixer chooseAction
INFO: Choosing random action.
mai 06, 2020 9:35:23 A.M. hvl.projectparmorel.qlearning.QModelFixer handleStep
INFO: Chose action setEType in context 0 with weight 0.29032257
mai 06, 2020 9:35:23 A.M. hvl.projectparmorel.qlearning.QModelFixer updateQTable
INFO: Calculating new Q-value:
Old Q-value: 0.29032257
Alpha: 1.0
Gamma:1.0

Reward: -2
0.29032257 + 1.0 * (-2 + 1.0 - 0.29032257) = -1.0
mai 06, 2020 9:35:23 A.M. hvl.projectparmorel.qlearning.QModelFixer updateQTable
INFO: Updated Q-table for error 38, context 0, action -591535257 to new weight -1.0
mai 06, 2020 9:35:23 A.M. hvl.projectparmorel.ecore.EcoreSolution calculateDistanceFromOriginal
INFO: Calculated the distance between the models to 95.0
mai 06, 2020 9:35:23 A.M. hvl.projectparmorel.reward.PreferCloseDinstanceToOriginalPreference rewardcalculateRewardFor
INFO: Time to measure distance: 16 ms
mai 06, 2020 9:35:23 A.M. hvl.projectparmorel.qlearning.QModelFixer updateQTable
INFO: Calculating new Q-value:
Old Q-value: -1.7
Alpha: 1.0
Gamma:1.0

Reward: 95
-1.7 + 1.0 * (95 + 1.0 - -1.7) = 96.0
mai 06, 2020 9:35:23 A.M. hvl.projectparmorel.qlearning.QModelFixer updateQTable
INFO: Updated Q-table for error 38, context 0, action 99999 to new weight 96.0
mai 06, 2020 9:35:23 A.M. hvl.projectparmorel.qlearning.QModelFixer updateQTable
INFO: Calculating new Q-value:
Old Q-value: -1.0
Alpha: 1.0
Gamma:1.0

Reward: 95
-1.0 + 1.0 * (95 + 1.0 - -1.0) = 96.0
mai 06, 2020 9:35:23 A.M. hvl.projectparmorel.qlearning.QModelFixer updateQTable
INFO: Updated Q-table for error 38, context 0, action -591535257 to new weight 96.0
mai 06, 2020 9:35:25 A.M. hvl.projectparmorel.reward.PreferReuse rewardcalculateRewardFor
INFO: Time to get metric: 2176 ms
mai 06, 2020 9:35:25 A.M. hvl.projectparmorel.qlearning.QModelFixer fixModel
INFO: Solution added to possible solitons: [ErrorAction [Error: 38 The default value literal '0' must be a valid literal of the attribute's type, Action: delete, Error hierarchy: 0]
, ErrorAction [Error: 38 The default value literal '0' must be a valid literal of the attribute's type, Action: setEType, Error hierarchy: 0]
]
mai 06, 2020 9:35:25 A.M. hvl.projectparmorel.qlearning.QModelFixer fixModel
INFO: EPISODE 12 TOTAL REWARD 186.0



mai 06, 2020 9:35:25 A.M. hvl.projectparmorel.qlearning.QModelFixer handleEpisode
INFO: EPISODE 13, STEP 0, Fixing error 38: The default value literal '0' must be a valid literal of the attribute's type
mai 06, 2020 9:35:25 A.M. hvl.projectparmorel.qlearning.QModelFixer chooseAction
INFO: Choosing optimal action
mai 06, 2020 9:35:25 A.M. hvl.projectparmorel.qlearning.QModelFixer handleStep
INFO: Chose action setEType in context 0 with weight 0.3
mai 06, 2020 9:35:25 A.M. hvl.projectparmorel.qlearning.QModelFixer updateQTable
INFO: Calculating new Q-value:
Old Q-value: 0.3
Alpha: 1.0
Gamma:1.0

Reward: -2
0.3 + 1.0 * (-2 + 1.0 - 0.3) = -1.0
mai 06, 2020 9:35:25 A.M. hvl.projectparmorel.qlearning.QModelFixer updateQTable
INFO: Updated Q-table for error 38, context 0, action -591535257 to new weight -1.0
mai 06, 2020 9:35:25 A.M. hvl.projectparmorel.ecore.EcoreSolution calculateDistanceFromOriginal
INFO: Calculated the distance between the models to 95.0
mai 06, 2020 9:35:25 A.M. hvl.projectparmorel.reward.PreferCloseDinstanceToOriginalPreference rewardcalculateRewardFor
INFO: Time to measure distance: 17 ms
mai 06, 2020 9:35:25 A.M. hvl.projectparmorel.qlearning.QModelFixer updateQTable
INFO: Calculating new Q-value:
Old Q-value: -1.0
Alpha: 1.0
Gamma:1.0

Reward: 95
-1.0 + 1.0 * (95 + 1.0 - -1.0) = 96.0
mai 06, 2020 9:35:25 A.M. hvl.projectparmorel.qlearning.QModelFixer updateQTable
INFO: Updated Q-table for error 38, context 0, action -591535257 to new weight 96.0
mai 06, 2020 9:35:27 A.M. hvl.projectparmorel.reward.PreferReuse rewardcalculateRewardFor
INFO: Time to get metric: 2151 ms
mai 06, 2020 9:35:27 A.M. hvl.projectparmorel.qlearning.QModelFixer isUnique
INFO: Solution [ErrorAction [Error: 38 The default value literal '0' must be a valid literal of the attribute's type, Action: setEType, Error hierarchy: 0]
] already exists.
mai 06, 2020 9:35:27 A.M. hvl.projectparmorel.qlearning.QModelFixer fixModel
INFO: Solution discarded.
mai 06, 2020 9:35:27 A.M. hvl.projectparmorel.qlearning.QModelFixer fixModel
INFO: EPISODE 13 TOTAL REWARD 93.0



mai 06, 2020 9:35:27 A.M. hvl.projectparmorel.qlearning.QModelFixer handleEpisode
INFO: EPISODE 14, STEP 0, Fixing error 38: The default value literal '0' must be a valid literal of the attribute's type
mai 06, 2020 9:35:27 A.M. hvl.projectparmorel.qlearning.QModelFixer chooseAction
INFO: Choosing optimal action
mai 06, 2020 9:35:27 A.M. hvl.projectparmorel.qlearning.QModelFixer handleStep
INFO: Chose action delete in context 0 with weight 0.3
mai 06, 2020 9:35:27 A.M. hvl.projectparmorel.qlearning.QModelFixer handleStep
INFO: Next error code: 38
mai 06, 2020 9:35:27 A.M. hvl.projectparmorel.qlearning.QModelFixer handleStep
INFO: Calculating new Q-value:
Old Q-value: 0.3
Alpha: 1.0
Gamma: 1.0
Reward: -2
Next optimal action Q-value: 0.3
0.3 + 1.0 * (-2 + 1.0 * 0.3 - 0.3) = -1.7
mai 06, 2020 9:35:27 A.M. hvl.projectparmorel.qlearning.QModelFixer handleStep
INFO: Updated Q-table for error 38, context 0, action 99999 delete to new weight -1.7


mai 06, 2020 9:35:27 A.M. hvl.projectparmorel.qlearning.QModelFixer handleEpisode
INFO: EPISODE 14, STEP 1, Fixing error 38: The default value literal '0' must be a valid literal of the attribute's type
mai 06, 2020 9:35:27 A.M. hvl.projectparmorel.qlearning.QModelFixer chooseAction
INFO: Choosing random action.
mai 06, 2020 9:35:27 A.M. hvl.projectparmorel.qlearning.QModelFixer handleStep
INFO: Chose action setDefaultValueLiteral in context 0 with weight 0.3
mai 06, 2020 9:35:27 A.M. hvl.projectparmorel.qlearning.QModelFixer updateQTable
INFO: Calculating new Q-value:
Old Q-value: 0.3
Alpha: 1.0
Gamma:1.0

Reward: -2
0.3 + 1.0 * (-2 + 1.0 - 0.3) = -1.0
mai 06, 2020 9:35:27 A.M. hvl.projectparmorel.qlearning.QModelFixer updateQTable
INFO: Updated Q-table for error 38, context 0, action 1999964618 to new weight -1.0
mai 06, 2020 9:35:27 A.M. hvl.projectparmorel.ecore.EcoreSolution calculateDistanceFromOriginal
INFO: Calculated the distance between the models to 97.0
mai 06, 2020 9:35:27 A.M. hvl.projectparmorel.reward.PreferCloseDinstanceToOriginalPreference rewardcalculateRewardFor
INFO: Time to measure distance: 17 ms
mai 06, 2020 9:35:27 A.M. hvl.projectparmorel.qlearning.QModelFixer updateQTable
INFO: Calculating new Q-value:
Old Q-value: -1.7
Alpha: 1.0
Gamma:1.0

Reward: 97
-1.7 + 1.0 * (97 + 1.0 - -1.7) = 98.0
mai 06, 2020 9:35:27 A.M. hvl.projectparmorel.qlearning.QModelFixer updateQTable
INFO: Updated Q-table for error 38, context 0, action 99999 to new weight 98.0
mai 06, 2020 9:35:27 A.M. hvl.projectparmorel.qlearning.QModelFixer updateQTable
INFO: Calculating new Q-value:
Old Q-value: -1.0
Alpha: 1.0
Gamma:1.0

Reward: 97
-1.0 + 1.0 * (97 + 1.0 - -1.0) = 98.0
mai 06, 2020 9:35:27 A.M. hvl.projectparmorel.qlearning.QModelFixer updateQTable
INFO: Updated Q-table for error 38, context 0, action 1999964618 to new weight 98.0
mai 06, 2020 9:35:29 A.M. hvl.projectparmorel.reward.PreferReuse rewardcalculateRewardFor
INFO: Time to get metric: 2160 ms
mai 06, 2020 9:35:29 A.M. hvl.projectparmorel.qlearning.QModelFixer isUnique
INFO: Solution [ErrorAction [Error: 38 The default value literal '0' must be a valid literal of the attribute's type, Action: delete, Error hierarchy: 0]
, ErrorAction [Error: 38 The default value literal '0' must be a valid literal of the attribute's type, Action: setDefaultValueLiteral, Error hierarchy: 0]
] already exists.
mai 06, 2020 9:35:29 A.M. hvl.projectparmorel.qlearning.QModelFixer fixModel
INFO: Solution discarded.
mai 06, 2020 9:35:29 A.M. hvl.projectparmorel.qlearning.QModelFixer fixModel
INFO: EPISODE 14 TOTAL REWARD 190.0



mai 06, 2020 9:35:29 A.M. hvl.projectparmorel.qlearning.QModelFixer handleEpisode
INFO: EPISODE 15, STEP 0, Fixing error 38: The default value literal '0' must be a valid literal of the attribute's type
mai 06, 2020 9:35:29 A.M. hvl.projectparmorel.qlearning.QModelFixer chooseAction
INFO: Choosing optimal action
mai 06, 2020 9:35:29 A.M. hvl.projectparmorel.qlearning.QModelFixer handleStep
INFO: Chose action delete in context 0 with weight 0.3
mai 06, 2020 9:35:30 A.M. hvl.projectparmorel.qlearning.QModelFixer handleStep
INFO: Next error code: 38
mai 06, 2020 9:35:30 A.M. hvl.projectparmorel.qlearning.QModelFixer handleStep
INFO: Calculating new Q-value:
Old Q-value: 0.3
Alpha: 1.0
Gamma: 1.0
Reward: -2
Next optimal action Q-value: 0.3
0.3 + 1.0 * (-2 + 1.0 * 0.3 - 0.3) = -1.7
mai 06, 2020 9:35:30 A.M. hvl.projectparmorel.qlearning.QModelFixer handleStep
INFO: Updated Q-table for error 38, context 0, action 99999 delete to new weight -1.7


mai 06, 2020 9:35:30 A.M. hvl.projectparmorel.qlearning.QModelFixer handleEpisode
INFO: EPISODE 15, STEP 1, Fixing error 38: The default value literal '0' must be a valid literal of the attribute's type
mai 06, 2020 9:35:30 A.M. hvl.projectparmorel.qlearning.QModelFixer chooseAction
INFO: Choosing optimal action
mai 06, 2020 9:35:30 A.M. hvl.projectparmorel.qlearning.QModelFixer handleStep
INFO: Chose action setDefaultValueLiteral in context 0 with weight 0.3
mai 06, 2020 9:35:30 A.M. hvl.projectparmorel.qlearning.QModelFixer updateQTable
INFO: Calculating new Q-value:
Old Q-value: 0.3
Alpha: 1.0
Gamma:1.0

Reward: -2
0.3 + 1.0 * (-2 + 1.0 - 0.3) = -1.0
mai 06, 2020 9:35:30 A.M. hvl.projectparmorel.qlearning.QModelFixer updateQTable
INFO: Updated Q-table for error 38, context 0, action 1999964618 to new weight -1.0
mai 06, 2020 9:35:30 A.M. hvl.projectparmorel.ecore.EcoreSolution calculateDistanceFromOriginal
INFO: Calculated the distance between the models to 97.0
mai 06, 2020 9:35:30 A.M. hvl.projectparmorel.reward.PreferCloseDinstanceToOriginalPreference rewardcalculateRewardFor
INFO: Time to measure distance: 18 ms
mai 06, 2020 9:35:30 A.M. hvl.projectparmorel.qlearning.QModelFixer updateQTable
INFO: Calculating new Q-value:
Old Q-value: -1.7
Alpha: 1.0
Gamma:1.0

Reward: 97
-1.7 + 1.0 * (97 + 1.0 - -1.7) = 98.0
mai 06, 2020 9:35:30 A.M. hvl.projectparmorel.qlearning.QModelFixer updateQTable
INFO: Updated Q-table for error 38, context 0, action 99999 to new weight 98.0
mai 06, 2020 9:35:30 A.M. hvl.projectparmorel.qlearning.QModelFixer updateQTable
INFO: Calculating new Q-value:
Old Q-value: -1.0
Alpha: 1.0
Gamma:1.0

Reward: 97
-1.0 + 1.0 * (97 + 1.0 - -1.0) = 98.0
mai 06, 2020 9:35:30 A.M. hvl.projectparmorel.qlearning.QModelFixer updateQTable
INFO: Updated Q-table for error 38, context 0, action 1999964618 to new weight 98.0
mai 06, 2020 9:35:32 A.M. hvl.projectparmorel.reward.PreferReuse rewardcalculateRewardFor
INFO: Time to get metric: 2075 ms
mai 06, 2020 9:35:32 A.M. hvl.projectparmorel.qlearning.QModelFixer isUnique
INFO: Solution [ErrorAction [Error: 38 The default value literal '0' must be a valid literal of the attribute's type, Action: delete, Error hierarchy: 0]
, ErrorAction [Error: 38 The default value literal '0' must be a valid literal of the attribute's type, Action: setDefaultValueLiteral, Error hierarchy: 0]
] already exists.
mai 06, 2020 9:35:32 A.M. hvl.projectparmorel.qlearning.QModelFixer fixModel
INFO: Solution discarded.
mai 06, 2020 9:35:32 A.M. hvl.projectparmorel.qlearning.QModelFixer fixModel
INFO: EPISODE 15 TOTAL REWARD 190.0



mai 06, 2020 9:35:32 A.M. hvl.projectparmorel.qlearning.QModelFixer handleEpisode
INFO: EPISODE 16, STEP 0, Fixing error 38: The default value literal '0' must be a valid literal of the attribute's type
mai 06, 2020 9:35:32 A.M. hvl.projectparmorel.qlearning.QModelFixer chooseAction
INFO: Choosing random action.
mai 06, 2020 9:35:32 A.M. hvl.projectparmorel.qlearning.QModelFixer handleStep
INFO: Chose action setEType in context 0 with weight 0.29032257
mai 06, 2020 9:35:32 A.M. hvl.projectparmorel.qlearning.QModelFixer updateQTable
INFO: Calculating new Q-value:
Old Q-value: 0.29032257
Alpha: 1.0
Gamma:1.0

Reward: -2
0.29032257 + 1.0 * (-2 + 1.0 - 0.29032257) = -1.0
mai 06, 2020 9:35:32 A.M. hvl.projectparmorel.qlearning.QModelFixer updateQTable
INFO: Updated Q-table for error 38, context 0, action -591535257 to new weight -1.0
mai 06, 2020 9:35:32 A.M. hvl.projectparmorel.ecore.EcoreSolution calculateDistanceFromOriginal
INFO: Calculated the distance between the models to 95.0
mai 06, 2020 9:35:32 A.M. hvl.projectparmorel.reward.PreferCloseDinstanceToOriginalPreference rewardcalculateRewardFor
INFO: Time to measure distance: 16 ms
mai 06, 2020 9:35:32 A.M. hvl.projectparmorel.qlearning.QModelFixer updateQTable
INFO: Calculating new Q-value:
Old Q-value: -1.0
Alpha: 1.0
Gamma:1.0

Reward: 95
-1.0 + 1.0 * (95 + 1.0 - -1.0) = 96.0
mai 06, 2020 9:35:32 A.M. hvl.projectparmorel.qlearning.QModelFixer updateQTable
INFO: Updated Q-table for error 38, context 0, action -591535257 to new weight 96.0
mai 06, 2020 9:35:34 A.M. hvl.projectparmorel.reward.PreferReuse rewardcalculateRewardFor
INFO: Time to get metric: 2168 ms
mai 06, 2020 9:35:34 A.M. hvl.projectparmorel.qlearning.QModelFixer isUnique
INFO: Solution [ErrorAction [Error: 38 The default value literal '0' must be a valid literal of the attribute's type, Action: setEType, Error hierarchy: 0]
] already exists.
mai 06, 2020 9:35:34 A.M. hvl.projectparmorel.qlearning.QModelFixer fixModel
INFO: Solution discarded.
mai 06, 2020 9:35:34 A.M. hvl.projectparmorel.qlearning.QModelFixer fixModel
INFO: EPISODE 16 TOTAL REWARD 93.0



mai 06, 2020 9:35:34 A.M. hvl.projectparmorel.qlearning.QModelFixer handleEpisode
INFO: EPISODE 17, STEP 0, Fixing error 38: The default value literal '0' must be a valid literal of the attribute's type
mai 06, 2020 9:35:34 A.M. hvl.projectparmorel.qlearning.QModelFixer chooseAction
INFO: Choosing optimal action
mai 06, 2020 9:35:34 A.M. hvl.projectparmorel.qlearning.QModelFixer handleStep
INFO: Chose action delete in context 0 with weight 0.3
mai 06, 2020 9:35:34 A.M. hvl.projectparmorel.qlearning.QModelFixer handleStep
INFO: Next error code: 38
mai 06, 2020 9:35:34 A.M. hvl.projectparmorel.qlearning.QModelFixer handleStep
INFO: Calculating new Q-value:
Old Q-value: 0.3
Alpha: 1.0
Gamma: 1.0
Reward: -2
Next optimal action Q-value: 0.3
0.3 + 1.0 * (-2 + 1.0 * 0.3 - 0.3) = -1.7
mai 06, 2020 9:35:34 A.M. hvl.projectparmorel.qlearning.QModelFixer handleStep
INFO: Updated Q-table for error 38, context 0, action 99999 delete to new weight -1.7


mai 06, 2020 9:35:34 A.M. hvl.projectparmorel.qlearning.QModelFixer handleEpisode
INFO: EPISODE 17, STEP 1, Fixing error 38: The default value literal '0' must be a valid literal of the attribute's type
mai 06, 2020 9:35:34 A.M. hvl.projectparmorel.qlearning.QModelFixer chooseAction
INFO: Choosing optimal action
mai 06, 2020 9:35:34 A.M. hvl.projectparmorel.qlearning.QModelFixer handleStep
INFO: Chose action setDefaultValueLiteral in context 0 with weight 0.3
mai 06, 2020 9:35:34 A.M. hvl.projectparmorel.qlearning.QModelFixer updateQTable
INFO: Calculating new Q-value:
Old Q-value: 0.3
Alpha: 1.0
Gamma:1.0

Reward: -2
0.3 + 1.0 * (-2 + 1.0 - 0.3) = -1.0
mai 06, 2020 9:35:34 A.M. hvl.projectparmorel.qlearning.QModelFixer updateQTable
INFO: Updated Q-table for error 38, context 0, action 1999964618 to new weight -1.0
mai 06, 2020 9:35:34 A.M. hvl.projectparmorel.ecore.EcoreSolution calculateDistanceFromOriginal
INFO: Calculated the distance between the models to 97.0
mai 06, 2020 9:35:34 A.M. hvl.projectparmorel.reward.PreferCloseDinstanceToOriginalPreference rewardcalculateRewardFor
INFO: Time to measure distance: 17 ms
mai 06, 2020 9:35:34 A.M. hvl.projectparmorel.qlearning.QModelFixer updateQTable
INFO: Calculating new Q-value:
Old Q-value: -1.7
Alpha: 1.0
Gamma:1.0

Reward: 97
-1.7 + 1.0 * (97 + 1.0 - -1.7) = 98.0
mai 06, 2020 9:35:34 A.M. hvl.projectparmorel.qlearning.QModelFixer updateQTable
INFO: Updated Q-table for error 38, context 0, action 99999 to new weight 98.0
mai 06, 2020 9:35:34 A.M. hvl.projectparmorel.qlearning.QModelFixer updateQTable
INFO: Calculating new Q-value:
Old Q-value: -1.0
Alpha: 1.0
Gamma:1.0

Reward: 97
-1.0 + 1.0 * (97 + 1.0 - -1.0) = 98.0
mai 06, 2020 9:35:34 A.M. hvl.projectparmorel.qlearning.QModelFixer updateQTable
INFO: Updated Q-table for error 38, context 0, action 1999964618 to new weight 98.0
mai 06, 2020 9:35:36 A.M. hvl.projectparmorel.reward.PreferReuse rewardcalculateRewardFor
INFO: Time to get metric: 2150 ms
mai 06, 2020 9:35:36 A.M. hvl.projectparmorel.qlearning.QModelFixer isUnique
INFO: Solution [ErrorAction [Error: 38 The default value literal '0' must be a valid literal of the attribute's type, Action: delete, Error hierarchy: 0]
, ErrorAction [Error: 38 The default value literal '0' must be a valid literal of the attribute's type, Action: setDefaultValueLiteral, Error hierarchy: 0]
] already exists.
mai 06, 2020 9:35:36 A.M. hvl.projectparmorel.qlearning.QModelFixer fixModel
INFO: Solution discarded.
mai 06, 2020 9:35:36 A.M. hvl.projectparmorel.qlearning.QModelFixer fixModel
INFO: EPISODE 17 TOTAL REWARD 190.0



mai 06, 2020 9:35:36 A.M. hvl.projectparmorel.qlearning.QModelFixer handleEpisode
INFO: EPISODE 18, STEP 0, Fixing error 38: The default value literal '0' must be a valid literal of the attribute's type
mai 06, 2020 9:35:36 A.M. hvl.projectparmorel.qlearning.QModelFixer chooseAction
INFO: Choosing optimal action
mai 06, 2020 9:35:36 A.M. hvl.projectparmorel.qlearning.QModelFixer handleStep
INFO: Chose action delete in context 0 with weight 0.3
mai 06, 2020 9:35:36 A.M. hvl.projectparmorel.qlearning.QModelFixer handleStep
INFO: Next error code: 38
mai 06, 2020 9:35:36 A.M. hvl.projectparmorel.qlearning.QModelFixer handleStep
INFO: Calculating new Q-value:
Old Q-value: 0.3
Alpha: 1.0
Gamma: 1.0
Reward: -2
Next optimal action Q-value: 0.3
0.3 + 1.0 * (-2 + 1.0 * 0.3 - 0.3) = -1.7
mai 06, 2020 9:35:36 A.M. hvl.projectparmorel.qlearning.QModelFixer handleStep
INFO: Updated Q-table for error 38, context 0, action 99999 delete to new weight -1.7


mai 06, 2020 9:35:36 A.M. hvl.projectparmorel.qlearning.QModelFixer handleEpisode
INFO: EPISODE 18, STEP 1, Fixing error 38: The default value literal '0' must be a valid literal of the attribute's type
mai 06, 2020 9:35:36 A.M. hvl.projectparmorel.qlearning.QModelFixer chooseAction
INFO: Choosing random action.
mai 06, 2020 9:35:36 A.M. hvl.projectparmorel.qlearning.QModelFixer handleStep
INFO: Chose action delete in context 0 with weight -1.7
mai 06, 2020 9:35:36 A.M. hvl.projectparmorel.qlearning.QModelFixer updateQTable
INFO: Calculating new Q-value:
Old Q-value: -1.7
Alpha: 1.0
Gamma:1.0

Reward: -2
-1.7 + 1.0 * (-2 + 1.0 - -1.7) = -1.0
mai 06, 2020 9:35:36 A.M. hvl.projectparmorel.qlearning.QModelFixer updateQTable
INFO: Updated Q-table for error 38, context 0, action 99999 to new weight -1.0
mai 06, 2020 9:35:36 A.M. hvl.projectparmorel.ecore.EcoreSolution calculateDistanceFromOriginal
INFO: Calculated the distance between the models to 95.0
mai 06, 2020 9:35:36 A.M. hvl.projectparmorel.reward.PreferCloseDinstanceToOriginalPreference rewardcalculateRewardFor
INFO: Time to measure distance: 16 ms
mai 06, 2020 9:35:36 A.M. hvl.projectparmorel.qlearning.QModelFixer updateQTable
INFO: Calculating new Q-value:
Old Q-value: -1.0
Alpha: 1.0
Gamma:1.0

Reward: 95
-1.0 + 1.0 * (95 + 1.0 - -1.0) = 96.0
mai 06, 2020 9:35:36 A.M. hvl.projectparmorel.qlearning.QModelFixer updateQTable
INFO: Updated Q-table for error 38, context 0, action 99999 to new weight 96.0
mai 06, 2020 9:35:36 A.M. hvl.projectparmorel.qlearning.QModelFixer updateQTable
INFO: Calculating new Q-value:
Old Q-value: 96.0
Alpha: 1.0
Gamma:1.0

Reward: 95
96.0 + 1.0 * (95 + 1.0 - 96.0) = 96.0
mai 06, 2020 9:35:36 A.M. hvl.projectparmorel.qlearning.QModelFixer updateQTable
INFO: Updated Q-table for error 38, context 0, action 99999 to new weight 96.0
mai 06, 2020 9:35:39 A.M. hvl.projectparmorel.reward.PreferReuse rewardcalculateRewardFor
INFO: Time to get metric: 2135 ms
mai 06, 2020 9:35:39 A.M. hvl.projectparmorel.qlearning.QModelFixer isUnique
INFO: Solution [ErrorAction [Error: 38 The default value literal '0' must be a valid literal of the attribute's type, Action: delete, Error hierarchy: 0]
, ErrorAction [Error: 38 The default value literal '0' must be a valid literal of the attribute's type, Action: delete, Error hierarchy: 0]
] already exists.
mai 06, 2020 9:35:39 A.M. hvl.projectparmorel.qlearning.QModelFixer fixModel
INFO: Solution discarded.
mai 06, 2020 9:35:39 A.M. hvl.projectparmorel.qlearning.QModelFixer fixModel
INFO: EPISODE 18 TOTAL REWARD 186.0



mai 06, 2020 9:35:39 A.M. hvl.projectparmorel.qlearning.QModelFixer handleEpisode
INFO: EPISODE 19, STEP 0, Fixing error 38: The default value literal '0' must be a valid literal of the attribute's type
mai 06, 2020 9:35:39 A.M. hvl.projectparmorel.qlearning.QModelFixer chooseAction
INFO: Choosing optimal action
mai 06, 2020 9:35:39 A.M. hvl.projectparmorel.qlearning.QModelFixer handleStep
INFO: Chose action delete in context 0 with weight 0.31034482
mai 06, 2020 9:35:39 A.M. hvl.projectparmorel.qlearning.QModelFixer handleStep
INFO: Next error code: 38
mai 06, 2020 9:35:39 A.M. hvl.projectparmorel.qlearning.QModelFixer handleStep
INFO: Calculating new Q-value:
Old Q-value: 0.31034482
Alpha: 1.0
Gamma: 1.0
Reward: -2
Next optimal action Q-value: 0.31034482
0.31034482 + 1.0 * (-2 + 1.0 * 0.31034482 - 0.31034482) = -1.68965518
mai 06, 2020 9:35:39 A.M. hvl.projectparmorel.qlearning.QModelFixer handleStep
INFO: Updated Q-table for error 38, context 0, action 99999 delete to new weight -1.68965518


mai 06, 2020 9:35:39 A.M. hvl.projectparmorel.qlearning.QModelFixer handleEpisode
INFO: EPISODE 19, STEP 1, Fixing error 38: The default value literal '0' must be a valid literal of the attribute's type
mai 06, 2020 9:35:39 A.M. hvl.projectparmorel.qlearning.QModelFixer chooseAction
INFO: Choosing optimal action
mai 06, 2020 9:35:39 A.M. hvl.projectparmorel.qlearning.QModelFixer handleStep
INFO: Chose action setDefaultValueLiteral in context 0 with weight 0.3
mai 06, 2020 9:35:39 A.M. hvl.projectparmorel.qlearning.QModelFixer updateQTable
INFO: Calculating new Q-value:
Old Q-value: 0.3
Alpha: 1.0
Gamma:1.0

Reward: -2
0.3 + 1.0 * (-2 + 1.0 - 0.3) = -1.0
mai 06, 2020 9:35:39 A.M. hvl.projectparmorel.qlearning.QModelFixer updateQTable
INFO: Updated Q-table for error 38, context 0, action 1999964618 to new weight -1.0
mai 06, 2020 9:35:39 A.M. hvl.projectparmorel.ecore.EcoreSolution calculateDistanceFromOriginal
INFO: Calculated the distance between the models to 97.0
mai 06, 2020 9:35:39 A.M. hvl.projectparmorel.reward.PreferCloseDinstanceToOriginalPreference rewardcalculateRewardFor
INFO: Time to measure distance: 17 ms
mai 06, 2020 9:35:39 A.M. hvl.projectparmorel.qlearning.QModelFixer updateQTable
INFO: Calculating new Q-value:
Old Q-value: -1.68965518
Alpha: 1.0
Gamma:1.0

Reward: 97
-1.68965518 + 1.0 * (97 + 1.0 - -1.68965518) = 98.0
mai 06, 2020 9:35:39 A.M. hvl.projectparmorel.qlearning.QModelFixer updateQTable
INFO: Updated Q-table for error 38, context 0, action 99999 to new weight 98.0
mai 06, 2020 9:35:39 A.M. hvl.projectparmorel.qlearning.QModelFixer updateQTable
INFO: Calculating new Q-value:
Old Q-value: -1.0
Alpha: 1.0
Gamma:1.0

Reward: 97
-1.0 + 1.0 * (97 + 1.0 - -1.0) = 98.0
mai 06, 2020 9:35:39 A.M. hvl.projectparmorel.qlearning.QModelFixer updateQTable
INFO: Updated Q-table for error 38, context 0, action 1999964618 to new weight 98.0
mai 06, 2020 9:35:41 A.M. hvl.projectparmorel.reward.PreferReuse rewardcalculateRewardFor
INFO: Time to get metric: 2071 ms
mai 06, 2020 9:35:41 A.M. hvl.projectparmorel.qlearning.QModelFixer isUnique
INFO: Solution [ErrorAction [Error: 38 The default value literal '0' must be a valid literal of the attribute's type, Action: delete, Error hierarchy: 0]
, ErrorAction [Error: 38 The default value literal '0' must be a valid literal of the attribute's type, Action: setDefaultValueLiteral, Error hierarchy: 0]
] already exists.
mai 06, 2020 9:35:41 A.M. hvl.projectparmorel.qlearning.QModelFixer fixModel
INFO: Solution discarded.
mai 06, 2020 9:35:41 A.M. hvl.projectparmorel.qlearning.QModelFixer fixModel
INFO: EPISODE 19 TOTAL REWARD 190.0



mai 06, 2020 9:35:41 A.M. hvl.projectparmorel.qlearning.QModelFixer handleEpisode
INFO: EPISODE 20, STEP 0, Fixing error 38: The default value literal '0' must be a valid literal of the attribute's type
mai 06, 2020 9:35:41 A.M. hvl.projectparmorel.qlearning.QModelFixer chooseAction
INFO: Choosing random action.
mai 06, 2020 9:35:41 A.M. hvl.projectparmorel.qlearning.QModelFixer handleStep
INFO: Chose action setDefaultValueLiteralGen in context 0 with weight 0.29032257
mai 06, 2020 9:35:41 A.M. hvl.projectparmorel.qlearning.QModelFixer updateQTable
INFO: Calculating new Q-value:
Old Q-value: 0.29032257
Alpha: 1.0
Gamma:1.0

Reward: -2
0.29032257 + 1.0 * (-2 + 1.0 - 0.29032257) = -1.0
mai 06, 2020 9:35:41 A.M. hvl.projectparmorel.qlearning.QModelFixer updateQTable
INFO: Updated Q-table for error 38, context 0, action -2078906332 to new weight -1.0
mai 06, 2020 9:35:41 A.M. hvl.projectparmorel.ecore.EcoreSolution calculateDistanceFromOriginal
INFO: Calculated the distance between the models to 100.0
mai 06, 2020 9:35:41 A.M. hvl.projectparmorel.reward.PreferCloseDinstanceToOriginalPreference rewardcalculateRewardFor
INFO: Time to measure distance: 17 ms
mai 06, 2020 9:35:41 A.M. hvl.projectparmorel.qlearning.QModelFixer updateQTable
INFO: Calculating new Q-value:
Old Q-value: -1.0
Alpha: 1.0
Gamma:1.0

Reward: 100
-1.0 + 1.0 * (100 + 1.0 - -1.0) = 101.0
mai 06, 2020 9:35:41 A.M. hvl.projectparmorel.qlearning.QModelFixer updateQTable
INFO: Updated Q-table for error 38, context 0, action -2078906332 to new weight 101.0
mai 06, 2020 9:35:43 A.M. hvl.projectparmorel.reward.PreferReuse rewardcalculateRewardFor
INFO: Time to get metric: 2183 ms
mai 06, 2020 9:35:43 A.M. hvl.projectparmorel.qlearning.QModelFixer isUnique
INFO: Solution [ErrorAction [Error: 38 The default value literal '0' must be a valid literal of the attribute's type, Action: setDefaultValueLiteralGen, Error hierarchy: 0]
] already exists.
mai 06, 2020 9:35:43 A.M. hvl.projectparmorel.qlearning.QModelFixer fixModel
INFO: Solution discarded.
mai 06, 2020 9:35:43 A.M. hvl.projectparmorel.qlearning.QModelFixer fixModel
INFO: EPISODE 20 TOTAL REWARD 98.0



mai 06, 2020 9:35:43 A.M. hvl.projectparmorel.qlearning.QModelFixer handleEpisode
INFO: EPISODE 21, STEP 0, Fixing error 38: The default value literal '0' must be a valid literal of the attribute's type
mai 06, 2020 9:35:43 A.M. hvl.projectparmorel.qlearning.QModelFixer chooseAction
INFO: Choosing optimal action
mai 06, 2020 9:35:43 A.M. hvl.projectparmorel.qlearning.QModelFixer handleStep
INFO: Chose action delete in context 0 with weight 0.3
mai 06, 2020 9:35:43 A.M. hvl.projectparmorel.qlearning.QModelFixer handleStep
INFO: Next error code: 38
mai 06, 2020 9:35:43 A.M. hvl.projectparmorel.qlearning.QModelFixer handleStep
INFO: Calculating new Q-value:
Old Q-value: 0.3
Alpha: 1.0
Gamma: 1.0
Reward: -2
Next optimal action Q-value: 0.3
0.3 + 1.0 * (-2 + 1.0 * 0.3 - 0.3) = -1.7
mai 06, 2020 9:35:43 A.M. hvl.projectparmorel.qlearning.QModelFixer handleStep
INFO: Updated Q-table for error 38, context 0, action 99999 delete to new weight -1.7


mai 06, 2020 9:35:43 A.M. hvl.projectparmorel.qlearning.QModelFixer handleEpisode
INFO: EPISODE 21, STEP 1, Fixing error 38: The default value literal '0' must be a valid literal of the attribute's type
mai 06, 2020 9:35:43 A.M. hvl.projectparmorel.qlearning.QModelFixer chooseAction
INFO: Choosing optimal action
mai 06, 2020 9:35:43 A.M. hvl.projectparmorel.qlearning.QModelFixer handleStep
INFO: Chose action setDefaultValueLiteral in context 0 with weight 0.3
mai 06, 2020 9:35:43 A.M. hvl.projectparmorel.qlearning.QModelFixer updateQTable
INFO: Calculating new Q-value:
Old Q-value: 0.3
Alpha: 1.0
Gamma:1.0

Reward: -2
0.3 + 1.0 * (-2 + 1.0 - 0.3) = -1.0
mai 06, 2020 9:35:43 A.M. hvl.projectparmorel.qlearning.QModelFixer updateQTable
INFO: Updated Q-table for error 38, context 0, action 1999964618 to new weight -1.0
mai 06, 2020 9:35:43 A.M. hvl.projectparmorel.ecore.EcoreSolution calculateDistanceFromOriginal
INFO: Calculated the distance between the models to 97.0
mai 06, 2020 9:35:43 A.M. hvl.projectparmorel.reward.PreferCloseDinstanceToOriginalPreference rewardcalculateRewardFor
INFO: Time to measure distance: 17 ms
mai 06, 2020 9:35:43 A.M. hvl.projectparmorel.qlearning.QModelFixer updateQTable
INFO: Calculating new Q-value:
Old Q-value: -1.7
Alpha: 1.0
Gamma:1.0

Reward: 97
-1.7 + 1.0 * (97 + 1.0 - -1.7) = 98.0
mai 06, 2020 9:35:43 A.M. hvl.projectparmorel.qlearning.QModelFixer updateQTable
INFO: Updated Q-table for error 38, context 0, action 99999 to new weight 98.0
mai 06, 2020 9:35:43 A.M. hvl.projectparmorel.qlearning.QModelFixer updateQTable
INFO: Calculating new Q-value:
Old Q-value: -1.0
Alpha: 1.0
Gamma:1.0

Reward: 97
-1.0 + 1.0 * (97 + 1.0 - -1.0) = 98.0
mai 06, 2020 9:35:43 A.M. hvl.projectparmorel.qlearning.QModelFixer updateQTable
INFO: Updated Q-table for error 38, context 0, action 1999964618 to new weight 98.0
mai 06, 2020 9:35:45 A.M. hvl.projectparmorel.reward.PreferReuse rewardcalculateRewardFor
INFO: Time to get metric: 2146 ms
mai 06, 2020 9:35:45 A.M. hvl.projectparmorel.qlearning.QModelFixer isUnique
INFO: Solution [ErrorAction [Error: 38 The default value literal '0' must be a valid literal of the attribute's type, Action: delete, Error hierarchy: 0]
, ErrorAction [Error: 38 The default value literal '0' must be a valid literal of the attribute's type, Action: setDefaultValueLiteral, Error hierarchy: 0]
] already exists.
mai 06, 2020 9:35:45 A.M. hvl.projectparmorel.qlearning.QModelFixer fixModel
INFO: Solution discarded.
mai 06, 2020 9:35:45 A.M. hvl.projectparmorel.qlearning.QModelFixer fixModel
INFO: EPISODE 21 TOTAL REWARD 190.0



mai 06, 2020 9:35:45 A.M. hvl.projectparmorel.qlearning.QModelFixer handleEpisode
INFO: EPISODE 22, STEP 0, Fixing error 38: The default value literal '0' must be a valid literal of the attribute's type
mai 06, 2020 9:35:45 A.M. hvl.projectparmorel.qlearning.QModelFixer chooseAction
INFO: Choosing optimal action
mai 06, 2020 9:35:45 A.M. hvl.projectparmorel.qlearning.QModelFixer handleStep
INFO: Chose action delete in context 0 with weight 0.3
mai 06, 2020 9:35:45 A.M. hvl.projectparmorel.qlearning.QModelFixer handleStep
INFO: Next error code: 38
mai 06, 2020 9:35:45 A.M. hvl.projectparmorel.qlearning.QModelFixer handleStep
INFO: Calculating new Q-value:
Old Q-value: 0.3
Alpha: 1.0
Gamma: 1.0
Reward: -2
Next optimal action Q-value: 0.3
0.3 + 1.0 * (-2 + 1.0 * 0.3 - 0.3) = -1.7
mai 06, 2020 9:35:45 A.M. hvl.projectparmorel.qlearning.QModelFixer handleStep
INFO: Updated Q-table for error 38, context 0, action 99999 delete to new weight -1.7


mai 06, 2020 9:35:45 A.M. hvl.projectparmorel.qlearning.QModelFixer handleEpisode
INFO: EPISODE 22, STEP 1, Fixing error 38: The default value literal '0' must be a valid literal of the attribute's type
mai 06, 2020 9:35:45 A.M. hvl.projectparmorel.qlearning.QModelFixer chooseAction
INFO: Choosing random action.
mai 06, 2020 9:35:45 A.M. hvl.projectparmorel.qlearning.QModelFixer handleStep
INFO: Chose action setEType in context 0 with weight 0.29032257
mai 06, 2020 9:35:45 A.M. hvl.projectparmorel.qlearning.QModelFixer updateQTable
INFO: Calculating new Q-value:
Old Q-value: 0.29032257
Alpha: 1.0
Gamma:1.0

Reward: -2
0.29032257 + 1.0 * (-2 + 1.0 - 0.29032257) = -1.0
mai 06, 2020 9:35:45 A.M. hvl.projectparmorel.qlearning.QModelFixer updateQTable
INFO: Updated Q-table for error 38, context 0, action 591449609 to new weight -1.0
mai 06, 2020 9:35:45 A.M. hvl.projectparmorel.ecore.EcoreSolution calculateDistanceFromOriginal
INFO: Calculated the distance between the models to 95.0
mai 06, 2020 9:35:45 A.M. hvl.projectparmorel.reward.PreferCloseDinstanceToOriginalPreference rewardcalculateRewardFor
INFO: Time to measure distance: 17 ms
mai 06, 2020 9:35:45 A.M. hvl.projectparmorel.qlearning.QModelFixer updateQTable
INFO: Calculating new Q-value:
Old Q-value: -1.7
Alpha: 1.0
Gamma:1.0

Reward: 95
-1.7 + 1.0 * (95 + 1.0 - -1.7) = 96.0
mai 06, 2020 9:35:45 A.M. hvl.projectparmorel.qlearning.QModelFixer updateQTable
INFO: Updated Q-table for error 38, context 0, action 99999 to new weight 96.0
mai 06, 2020 9:35:45 A.M. hvl.projectparmorel.qlearning.QModelFixer updateQTable
INFO: Calculating new Q-value:
Old Q-value: -1.0
Alpha: 1.0
Gamma:1.0

Reward: 95
-1.0 + 1.0 * (95 + 1.0 - -1.0) = 96.0
mai 06, 2020 9:35:45 A.M. hvl.projectparmorel.qlearning.QModelFixer updateQTable
INFO: Updated Q-table for error 38, context 0, action 591449609 to new weight 96.0
mai 06, 2020 9:35:48 A.M. hvl.projectparmorel.reward.PreferReuse rewardcalculateRewardFor
INFO: Time to get metric: 2117 ms
mai 06, 2020 9:35:48 A.M. hvl.projectparmorel.qlearning.QModelFixer fixModel
INFO: Solution added to possible solitons: [ErrorAction [Error: 38 The default value literal '0' must be a valid literal of the attribute's type, Action: delete, Error hierarchy: 0]
, ErrorAction [Error: 38 The default value literal '0' must be a valid literal of the attribute's type, Action: setEType, Error hierarchy: 0]
]
mai 06, 2020 9:35:48 A.M. hvl.projectparmorel.qlearning.QModelFixer fixModel
INFO: EPISODE 22 TOTAL REWARD 186.0



mai 06, 2020 9:35:48 A.M. hvl.projectparmorel.qlearning.QModelFixer handleEpisode
INFO: EPISODE 23, STEP 0, Fixing error 38: The default value literal '0' must be a valid literal of the attribute's type
mai 06, 2020 9:35:48 A.M. hvl.projectparmorel.qlearning.QModelFixer chooseAction
INFO: Choosing optimal action
mai 06, 2020 9:35:48 A.M. hvl.projectparmorel.qlearning.QModelFixer handleStep
INFO: Chose action setEType in context 0 with weight 0.3
mai 06, 2020 9:35:48 A.M. hvl.projectparmorel.qlearning.QModelFixer updateQTable
INFO: Calculating new Q-value:
Old Q-value: 0.3
Alpha: 1.0
Gamma:1.0

Reward: -2
0.3 + 1.0 * (-2 + 1.0 - 0.3) = -1.0
mai 06, 2020 9:35:48 A.M. hvl.projectparmorel.qlearning.QModelFixer updateQTable
INFO: Updated Q-table for error 38, context 0, action 591449609 to new weight -1.0
mai 06, 2020 9:35:48 A.M. hvl.projectparmorel.ecore.EcoreSolution calculateDistanceFromOriginal
INFO: Calculated the distance between the models to 95.0
mai 06, 2020 9:35:48 A.M. hvl.projectparmorel.reward.PreferCloseDinstanceToOriginalPreference rewardcalculateRewardFor
INFO: Time to measure distance: 17 ms
mai 06, 2020 9:35:48 A.M. hvl.projectparmorel.qlearning.QModelFixer updateQTable
INFO: Calculating new Q-value:
Old Q-value: -1.0
Alpha: 1.0
Gamma:1.0

Reward: 95
-1.0 + 1.0 * (95 + 1.0 - -1.0) = 96.0
mai 06, 2020 9:35:48 A.M. hvl.projectparmorel.qlearning.QModelFixer updateQTable
INFO: Updated Q-table for error 38, context 0, action 591449609 to new weight 96.0
mai 06, 2020 9:35:50 A.M. hvl.projectparmorel.reward.PreferReuse rewardcalculateRewardFor
INFO: Time to get metric: 2076 ms
mai 06, 2020 9:35:50 A.M. hvl.projectparmorel.qlearning.QModelFixer isUnique
INFO: Solution [ErrorAction [Error: 38 The default value literal '0' must be a valid literal of the attribute's type, Action: setEType, Error hierarchy: 0]
] already exists.
mai 06, 2020 9:35:50 A.M. hvl.projectparmorel.qlearning.QModelFixer fixModel
INFO: Solution discarded.
mai 06, 2020 9:35:50 A.M. hvl.projectparmorel.qlearning.QModelFixer fixModel
INFO: EPISODE 23 TOTAL REWARD 93.0



mai 06, 2020 9:35:50 A.M. hvl.projectparmorel.qlearning.QModelFixer handleEpisode
INFO: EPISODE 24, STEP 0, Fixing error 38: The default value literal '0' must be a valid literal of the attribute's type
mai 06, 2020 9:35:50 A.M. hvl.projectparmorel.qlearning.QModelFixer chooseAction
INFO: Choosing optimal action
mai 06, 2020 9:35:50 A.M. hvl.projectparmorel.qlearning.QModelFixer handleStep
INFO: Chose action delete in context 0 with weight 0.3
mai 06, 2020 9:35:50 A.M. hvl.projectparmorel.qlearning.QModelFixer handleStep
INFO: Next error code: 38
mai 06, 2020 9:35:50 A.M. hvl.projectparmorel.qlearning.QModelFixer handleStep
INFO: Calculating new Q-value:
Old Q-value: 0.3
Alpha: 1.0
Gamma: 1.0
Reward: -2
Next optimal action Q-value: 0.3
0.3 + 1.0 * (-2 + 1.0 * 0.3 - 0.3) = -1.7
mai 06, 2020 9:35:50 A.M. hvl.projectparmorel.qlearning.QModelFixer handleStep
INFO: Updated Q-table for error 38, context 0, action 99999 delete to new weight -1.7


mai 06, 2020 9:35:50 A.M. hvl.projectparmorel.qlearning.QModelFixer handleEpisode
INFO: EPISODE 24, STEP 1, Fixing error 38: The default value literal '0' must be a valid literal of the attribute's type
mai 06, 2020 9:35:50 A.M. hvl.projectparmorel.qlearning.QModelFixer chooseAction
INFO: Choosing random action.
mai 06, 2020 9:35:50 A.M. hvl.projectparmorel.qlearning.QModelFixer handleStep
INFO: Chose action setDefaultValueLiteralGen in context 0 with weight 0.29032257
mai 06, 2020 9:35:50 A.M. hvl.projectparmorel.qlearning.QModelFixer updateQTable
INFO: Calculating new Q-value:
Old Q-value: 0.29032257
Alpha: 1.0
Gamma:1.0

Reward: -2
0.29032257 + 1.0 * (-2 + 1.0 - 0.29032257) = -1.0
mai 06, 2020 9:35:50 A.M. hvl.projectparmorel.qlearning.QModelFixer updateQTable
INFO: Updated Q-table for error 38, context 0, action -2078906332 to new weight -1.0
mai 06, 2020 9:35:50 A.M. hvl.projectparmorel.ecore.EcoreSolution calculateDistanceFromOriginal
INFO: Calculated the distance between the models to 97.0
mai 06, 2020 9:35:50 A.M. hvl.projectparmorel.reward.PreferCloseDinstanceToOriginalPreference rewardcalculateRewardFor
INFO: Time to measure distance: 16 ms
mai 06, 2020 9:35:50 A.M. hvl.projectparmorel.qlearning.QModelFixer updateQTable
INFO: Calculating new Q-value:
Old Q-value: -1.7
Alpha: 1.0
Gamma:1.0

Reward: 97
-1.7 + 1.0 * (97 + 1.0 - -1.7) = 98.0
mai 06, 2020 9:35:50 A.M. hvl.projectparmorel.qlearning.QModelFixer updateQTable
INFO: Updated Q-table for error 38, context 0, action 99999 to new weight 98.0
mai 06, 2020 9:35:50 A.M. hvl.projectparmorel.qlearning.QModelFixer updateQTable
INFO: Calculating new Q-value:
Old Q-value: -1.0
Alpha: 1.0
Gamma:1.0

Reward: 97
-1.0 + 1.0 * (97 + 1.0 - -1.0) = 98.0
mai 06, 2020 9:35:50 A.M. hvl.projectparmorel.qlearning.QModelFixer updateQTable
INFO: Updated Q-table for error 38, context 0, action -2078906332 to new weight 98.0
mai 06, 2020 9:35:52 A.M. hvl.projectparmorel.reward.PreferReuse rewardcalculateRewardFor
INFO: Time to get metric: 2226 ms
mai 06, 2020 9:35:52 A.M. hvl.projectparmorel.qlearning.QModelFixer isUnique
INFO: Solution [ErrorAction [Error: 38 The default value literal '0' must be a valid literal of the attribute's type, Action: delete, Error hierarchy: 0]
, ErrorAction [Error: 38 The default value literal '0' must be a valid literal of the attribute's type, Action: setDefaultValueLiteralGen, Error hierarchy: 0]
] already exists.
mai 06, 2020 9:35:52 A.M. hvl.projectparmorel.qlearning.QModelFixer fixModel
INFO: Solution discarded.
mai 06, 2020 9:35:52 A.M. hvl.projectparmorel.qlearning.QModelFixer fixModel
INFO: EPISODE 24 TOTAL REWARD 190.0



mai 06, 2020 9:35:52 A.M. hvl.projectparmorel.qlearning.QModelFixer fixModel
INFO: Time repairing model: 54377 ms
mai 06, 2020 9:35:52 A.M. hvl.projectparmorel.qlearning.QModelFixer fixModel
INFO: 
-----------------ALL SEQUENCES FOUND-------------------
SIZE: 8
DISCARDED SEQUENCES: 17
--------::::B E S T   S E Q U E N C E   I S::::---------
Sequence [id=5, seq=[ErrorAction [Error: 38 The default value literal '0' must be a valid literal of the attribute's type, Action: delete, Error hierarchy: 0]
, ErrorAction [Error: 38 The default value literal '0' must be a valid literal of the attribute's type, Action: setDefaultValueLiteral, Error hierarchy: 0]
], weight=190.0]

 with 2 actions.
mai 06, 2020 9:35:52 A.M. hvl.projectparmorel.knowledge.Knowledge save
INFO: Saving initialized
mai 06, 2020 9:35:52 A.M. hvl.projectparmorel.knowledge.Knowledge save
INFO: document prepared
mai 06, 2020 9:35:52 A.M. hvl.projectparmorel.knowledge.Knowledge save
INFO: Saving completed to /Users/Magnus/Skole/DAT300/EclipseWorkspace3/ParmorelRunnable/knowledge.xml
mai 06, 2020 9:35:52 A.M. hvl.projectparmorel.knowledge.Knowledge save
INFO: Saving initialized
mai 06, 2020 9:35:52 A.M. hvl.projectparmorel.knowledge.Knowledge save
INFO: document prepared
mai 06, 2020 9:35:52 A.M. hvl.projectparmorel.knowledge.Knowledge save
INFO: Saving completed to /Users/Magnus/Skole/DAT300/EclipseWorkspace3/ParmorelRunnable/knowledge.xml
