apr. 17, 2020 2:12:13 A.M. hvl.projectparmorel.modelrepair.QModelFixer fixModel
INFO: Repairing modellog.ecore
apr. 17, 2020 2:12:13 A.M. hvl.projectparmorel.modelrepair.QModelFixer fixModel
INFO: Running with preferences [REPAIR_HIGH_IN_CONTEXT_HIERARCHY, PUNISH_DELETION]
apr. 17, 2020 2:12:13 A.M. hvl.projectparmorel.modelrepair.QModelFixer handleUnsupportedErrors
WARNING: The error code 1 for the error The required feature 'eReferenceType' of 'org.eclipse.emf.ecore.impl.EReferenceImpl@101f3506{file:/Users/Magnus/Skole/DAT300/EclipseWorkspace2/ParmorelRunnable/././differentSelectionMethodsOriginals/modellog.ecore#//ModelLog/events}' must be set is not supported.
apr. 17, 2020 2:12:13 A.M. hvl.projectparmorel.modelrepair.QModelFixer handleUnsupportedErrors
WARNING: The error code 1 for the error The required feature 'eAttributeType' of 'org.eclipse.emf.ecore.impl.EAttributeImpl@14468201{file:/Users/Magnus/Skole/DAT300/EclipseWorkspace2/ParmorelRunnable/././differentSelectionMethodsOriginals/modellog.ecore#//Event/time}' must be set is not supported.
apr. 17, 2020 2:12:13 A.M. hvl.projectparmorel.modelrepair.QModelFixer handleUnsupportedErrors
WARNING: The error code 1 for the error The required feature 'eAttributeType' of 'org.eclipse.emf.ecore.impl.EAttributeImpl@7f6fa841{file:/Users/Magnus/Skole/DAT300/EclipseWorkspace2/ParmorelRunnable/././differentSelectionMethodsOriginals/modellog.ecore#//TagEvent/tagName}' must be set is not supported.
apr. 17, 2020 2:12:13 A.M. hvl.projectparmorel.modelrepair.QModelFixer handleUnsupportedErrors
WARNING: The error code 1 for the error The required feature 'eReferenceType' of 'org.eclipse.emf.ecore.impl.EReferenceImpl@693b6b27{file:/Users/Magnus/Skole/DAT300/EclipseWorkspace2/ParmorelRunnable/././differentSelectionMethodsOriginals/modellog.ecore#//WaypointEvent/waypoint}' must be set is not supported.
apr. 17, 2020 2:12:13 A.M. hvl.projectparmorel.modelrepair.QModelFixer handleUnsupportedErrors
WARNING: The error code 1 for the error The required feature 'eReferenceType' of 'org.eclipse.emf.ecore.impl.EReferenceImpl@2a645361{file:/Users/Magnus/Skole/DAT300/EclipseWorkspace2/ParmorelRunnable/././differentSelectionMethodsOriginals/modellog.ecore#//LogFile/modelLog}' must be set is not supported.
apr. 17, 2020 2:12:13 A.M. hvl.projectparmorel.modelrepair.QModelFixer handleUnsupportedErrors
WARNING: The error code 1 for the error The required feature 'eReferenceType' of 'org.eclipse.emf.ecore.impl.EReferenceImpl@5677f497{file:/Users/Magnus/Skole/DAT300/EclipseWorkspace2/ParmorelRunnable/././differentSelectionMethodsOriginals/modellog.ecore#//LogFile/uiLog}' must be set is not supported.
apr. 17, 2020 2:12:13 A.M. hvl.projectparmorel.modelrepair.QModelFixer handleUnsupportedErrors
WARNING: The error code 1 for the error The required feature 'eReferenceType' of 'org.eclipse.emf.ecore.impl.EReferenceImpl@1cec1ba0{file:/Users/Magnus/Skole/DAT300/EclipseWorkspace2/ParmorelRunnable/././differentSelectionMethodsOriginals/modellog.ecore#//LogFile/currentWaypoints}' must be set is not supported.
apr. 17, 2020 2:12:13 A.M. hvl.projectparmorel.modelrepair.QModelFixer handleUnsupportedErrors
WARNING: The error code 1 for the error The required feature 'eAttributeType' of 'org.eclipse.emf.ecore.impl.EAttributeImpl@477774ec{file:/Users/Magnus/Skole/DAT300/EclipseWorkspace2/ParmorelRunnable/././differentSelectionMethodsOriginals/modellog.ecore#//WaypointState/waypointType}' must be set is not supported.
apr. 17, 2020 2:12:13 A.M. hvl.projectparmorel.modelrepair.QModelFixer handleUnsupportedErrors
WARNING: The error code 1 for the error The required feature 'eReferenceType' of 'org.eclipse.emf.ecore.impl.EReferenceImpl@4d4ddd9d{file:/Users/Magnus/Skole/DAT300/EclipseWorkspace2/ParmorelRunnable/././differentSelectionMethodsOriginals/modellog.ecore#//WaypointState/attributes}' must be set is not supported.
apr. 17, 2020 2:12:13 A.M. hvl.projectparmorel.modelrepair.QModelFixer handleUnsupportedErrors
WARNING: The error code 1 for the error The required feature 'eAttributeType' of 'org.eclipse.emf.ecore.impl.EAttributeImpl@7ae3bea5{file:/Users/Magnus/Skole/DAT300/EclipseWorkspace2/ParmorelRunnable/././differentSelectionMethodsOriginals/modellog.ecore#//WaypointState/tagNames}' must be set is not supported.
apr. 17, 2020 2:12:13 A.M. hvl.projectparmorel.modelrepair.QModelFixer handleUnsupportedErrors
WARNING: The error code 1 for the error The required feature 'eReferenceType' of 'org.eclipse.emf.ecore.impl.EReferenceImpl@7ea6a74{file:/Users/Magnus/Skole/DAT300/EclipseWorkspace2/ParmorelRunnable/././differentSelectionMethodsOriginals/modellog.ecore#//UILog/events}' must be set is not supported.
apr. 17, 2020 2:12:13 A.M. hvl.projectparmorel.modelrepair.QModelFixer handleUnsupportedErrors
WARNING: The error code 1 for the error The required feature 'eReferenceType' of 'org.eclipse.emf.ecore.impl.EReferenceImpl@7a5269b7{file:/Users/Magnus/Skole/DAT300/EclipseWorkspace2/ParmorelRunnable/././differentSelectionMethodsOriginals/modellog.ecore#//CurrentWaypoints/waypoint}' must be set is not supported.
apr. 17, 2020 2:12:13 A.M. hvl.projectparmorel.modelrepair.QModelFixer handleUnsupportedErrors
WARNING: The error code 1 for the error The required feature 'eAttributeType' of 'org.eclipse.emf.ecore.impl.EAttributeImpl@38e62646{file:/Users/Magnus/Skole/DAT300/EclipseWorkspace2/ParmorelRunnable/././differentSelectionMethodsOriginals/modellog.ecore#//WaypointAttribute/name}' must be set is not supported.
apr. 17, 2020 2:12:13 A.M. hvl.projectparmorel.modelrepair.QModelFixer handleUnsupportedErrors
WARNING: The error code 1 for the error The required feature 'eAttributeType' of 'org.eclipse.emf.ecore.impl.EAttributeImpl@6e25b914{file:/Users/Magnus/Skole/DAT300/EclipseWorkspace2/ParmorelRunnable/././differentSelectionMethodsOriginals/modellog.ecore#//WaypointAttribute/value}' must be set is not supported.
apr. 17, 2020 2:12:13 A.M. hvl.projectparmorel.modelrepair.QModelFixer handleUnsupportedErrors
WARNING: The error code 1 for the error The required feature 'eReferenceType' of 'org.eclipse.emf.ecore.impl.EReferenceImpl@71a4443a{file:/Users/Magnus/Skole/DAT300/EclipseWorkspace2/ParmorelRunnable/././differentSelectionMethodsOriginals/modellog.ecore#//WaypointChangeEvent/newAttributes}' must be set is not supported.
apr. 17, 2020 2:12:13 A.M. hvl.projectparmorel.modelrepair.QModelFixer handleUnsupportedErrors
WARNING: The error code 1 for the error The required feature 'eReferenceType' of 'org.eclipse.emf.ecore.impl.EReferenceImpl@1743bf80{file:/Users/Magnus/Skole/DAT300/EclipseWorkspace2/ParmorelRunnable/././differentSelectionMethodsOriginals/modellog.ecore#//WaypointChangeEvent/oldAttributes}' must be set is not supported.
apr. 17, 2020 2:12:13 A.M. hvl.projectparmorel.modelrepair.QModelFixer handleUnsupportedErrors
WARNING: The error code 1 for the error The required feature 'eAttributeType' of 'org.eclipse.emf.ecore.impl.EAttributeImpl@4a0a0be6{file:/Users/Magnus/Skole/DAT300/EclipseWorkspace2/ParmorelRunnable/././differentSelectionMethodsOriginals/modellog.ecore#//TagNameChangeEvent/oldName}' must be set is not supported.
apr. 17, 2020 2:12:13 A.M. hvl.projectparmorel.modelrepair.QModelFixer handleUnsupportedErrors
WARNING: The error code 1 for the error The required feature 'eAttributeType' of 'org.eclipse.emf.ecore.impl.EAttributeImpl@2be266db{file:/Users/Magnus/Skole/DAT300/EclipseWorkspace2/ParmorelRunnable/././differentSelectionMethodsOriginals/modellog.ecore#//WaypointTagNameChangeEvent/newTagName}' must be set is not supported.
apr. 17, 2020 2:12:13 A.M. hvl.projectparmorel.modelrepair.QModelFixer handleUnsupportedErrors
WARNING: The error code 1 for the error The required feature 'eAttributeType' of 'org.eclipse.emf.ecore.impl.EAttributeImpl@13f10aed{file:/Users/Magnus/Skole/DAT300/EclipseWorkspace2/ParmorelRunnable/././differentSelectionMethodsOriginals/modellog.ecore#//WaypointTagNameChangeEvent/oldTagName}' must be set is not supported.
apr. 17, 2020 2:12:13 A.M. hvl.projectparmorel.modelrepair.QModelFixer handleUnsupportedErrors
WARNING: The error code 1 for the error The required feature 'eAttributeType' of 'org.eclipse.emf.ecore.impl.EAttributeImpl@2605a363{file:/Users/Magnus/Skole/DAT300/EclipseWorkspace2/ParmorelRunnable/././differentSelectionMethodsOriginals/modellog.ecore#//WaypointTagsChangedEvent/oldTags}' must be set is not supported.
apr. 17, 2020 2:12:13 A.M. hvl.projectparmorel.modelrepair.QModelFixer handleUnsupportedErrors
WARNING: The error code 1 for the error The required feature 'eReferenceType' of 'org.eclipse.emf.ecore.impl.EReferenceImpl@45cdca14{file:/Users/Magnus/Skole/DAT300/EclipseWorkspace2/ParmorelRunnable/././differentSelectionMethodsOriginals/modellog.ecore#//TagWaypointsChangedEvent/oldWaypoint}' must be set is not supported.
apr. 17, 2020 2:12:13 A.M. hvl.projectparmorel.modelrepair.QModelFixer handleUnsupportedErrors
WARNING: The error code 1 for the error The required feature 'eReferenceType' of 'org.eclipse.emf.ecore.impl.EReferenceImpl@3b92f082{file:/Users/Magnus/Skole/DAT300/EclipseWorkspace2/ParmorelRunnable/././differentSelectionMethodsOriginals/modellog.ecore#//TagWaypointsChangedEvent/newWaypoint}' must be set is not supported.
apr. 17, 2020 2:12:13 A.M. hvl.projectparmorel.modelrepair.QModelFixer handleUnsupportedErrors
WARNING: The error code 1 for the error The required feature 'eAttributeType' of 'org.eclipse.emf.ecore.impl.EAttributeImpl@35c04a45{file:/Users/Magnus/Skole/DAT300/EclipseWorkspace2/ParmorelRunnable/././differentSelectionMethodsOriginals/modellog.ecore#//JobEvent/state}' must be set is not supported.
apr. 17, 2020 2:12:13 A.M. hvl.projectparmorel.modelrepair.QModelFixer handleUnsupportedErrors
WARNING: The error code 1 for the error The required feature 'eAttributeType' of 'org.eclipse.emf.ecore.impl.EAttributeImpl@3e3e3d12{file:/Users/Magnus/Skole/DAT300/EclipseWorkspace2/ParmorelRunnable/././differentSelectionMethodsOriginals/modellog.ecore#//JobEvent/name}' must be set is not supported.
apr. 17, 2020 2:12:13 A.M. hvl.projectparmorel.modelrepair.QModelFixer handleUnsupportedErrors
WARNING: The error code 1 for the error The required feature 'eAttributeType' of 'org.eclipse.emf.ecore.impl.EAttributeImpl@760be04c{file:/Users/Magnus/Skole/DAT300/EclipseWorkspace2/ParmorelRunnable/././differentSelectionMethodsOriginals/modellog.ecore#//Log/uid}' must be set is not supported.
apr. 17, 2020 2:12:13 A.M. hvl.projectparmorel.modelrepair.QModelFixer handleUnsupportedErrors
WARNING: The error code 1 for the error The required feature 'eAttributeType' of 'org.eclipse.emf.ecore.impl.EAttributeImpl@17acff4e{file:/Users/Magnus/Skole/DAT300/EclipseWorkspace2/ParmorelRunnable/././differentSelectionMethodsOriginals/modellog.ecore#//Log/date}' must be set is not supported.
apr. 17, 2020 2:12:13 A.M. hvl.projectparmorel.modelrepair.QModelFixer handleUnsupportedErrors
WARNING: The error code 1 for the error The required feature 'eAttributeType' of 'org.eclipse.emf.ecore.impl.EAttributeImpl@5989941{file:/Users/Magnus/Skole/DAT300/EclipseWorkspace2/ParmorelRunnable/././differentSelectionMethodsOriginals/modellog.ecore#//Log/uname}' must be set is not supported.
apr. 17, 2020 2:12:13 A.M. hvl.projectparmorel.modelrepair.QModelFixer handleUnsupportedErrors
WARNING: The error code 1 for the error The required feature 'eAttributeType' of 'org.eclipse.emf.ecore.impl.EAttributeImpl@8adb88d{file:/Users/Magnus/Skole/DAT300/EclipseWorkspace2/ParmorelRunnable/././differentSelectionMethodsOriginals/modellog.ecore#//Log/country}' must be set is not supported.
apr. 17, 2020 2:12:13 A.M. hvl.projectparmorel.modelrepair.QModelFixer handleUnsupportedErrors
WARNING: The error code 1 for the error The required feature 'eAttributeType' of 'org.eclipse.emf.ecore.impl.EAttributeImpl@218d2054{file:/Users/Magnus/Skole/DAT300/EclipseWorkspace2/ParmorelRunnable/././differentSelectionMethodsOriginals/modellog.ecore#//Log/language}' must be set is not supported.
apr. 17, 2020 2:12:13 A.M. hvl.projectparmorel.modelrepair.QModelFixer handleUnsupportedErrors
WARNING: The error code 1 for the error The required feature 'eAttributeType' of 'org.eclipse.emf.ecore.impl.EAttributeImpl@51abeda4{file:/Users/Magnus/Skole/DAT300/EclipseWorkspace2/ParmorelRunnable/././differentSelectionMethodsOriginals/modellog.ecore#//Log/session}' must be set is not supported.
apr. 17, 2020 2:12:13 A.M. hvl.projectparmorel.modelrepair.QModelFixer handleUnsupportedErrors
WARNING: The error code 1 for the error The required feature 'eReferenceType' of 'org.eclipse.emf.ecore.impl.EReferenceImpl@3df39e79{file:/Users/Magnus/Skole/DAT300/EclipseWorkspace2/ParmorelRunnable/././differentSelectionMethodsOriginals/modellog.ecore#//NavigateEvent/waypoint}' must be set is not supported.
apr. 17, 2020 2:12:13 A.M. hvl.projectparmorel.modelrepair.QModelFixer handleUnsupportedErrors
WARNING: The error code 1 for the error The required feature 'eAttributeType' of 'org.eclipse.emf.ecore.impl.EAttributeImpl@7d8d3be1{file:/Users/Magnus/Skole/DAT300/EclipseWorkspace2/ParmorelRunnable/././differentSelectionMethodsOriginals/modellog.ecore#//ViewEvent/type}' must be set is not supported.
apr. 17, 2020 2:12:13 A.M. hvl.projectparmorel.modelrepair.QModelFixer handleUnsupportedErrors
WARNING: The error code 1 for the error The required feature 'eAttributeType' of 'org.eclipse.emf.ecore.impl.EAttributeImpl@1e8bc3f6{file:/Users/Magnus/Skole/DAT300/EclipseWorkspace2/ParmorelRunnable/././differentSelectionMethodsOriginals/modellog.ecore#//ViewEvent/viewid}' must be set is not supported.
apr. 17, 2020 2:12:13 A.M. hvl.projectparmorel.modelrepair.QModelFixer handleUnsupportedErrors
WARNING: The error code 1 for the error The required feature 'eAttributeType' of 'org.eclipse.emf.ecore.impl.EAttributeImpl@40150594{file:/Users/Magnus/Skole/DAT300/EclipseWorkspace2/ParmorelRunnable/././differentSelectionMethodsOriginals/modellog.ecore#//ViewEvent/filterString}' must be set is not supported.
apr. 17, 2020 2:12:13 A.M. hvl.projectparmorel.modelrepair.QModelFixer handleUnsupportedErrors
WARNING: The error code 1 for the error The required feature 'eAttributeType' of 'org.eclipse.emf.ecore.impl.EAttributeImpl@6c1f2a8{file:/Users/Magnus/Skole/DAT300/EclipseWorkspace2/ParmorelRunnable/././differentSelectionMethodsOriginals/modellog.ecore#//FiltersChangedEvent/visible}' must be set is not supported.
apr. 17, 2020 2:12:13 A.M. hvl.projectparmorel.modelrepair.QModelFixer handleUnsupportedErrors
WARNING: The error code 1 for the error The required feature 'eAttributeType' of 'org.eclipse.emf.ecore.impl.EAttributeImpl@1d8c1bd3{file:/Users/Magnus/Skole/DAT300/EclipseWorkspace2/ParmorelRunnable/././differentSelectionMethodsOriginals/modellog.ecore#//FiltersChangedEvent/hidden}' must be set is not supported.
apr. 17, 2020 2:12:13 A.M. hvl.projectparmorel.modelrepair.QModelFixer handleUnsupportedErrors
WARNING: The error code 1 for the error The required feature 'eAttributeType' of 'org.eclipse.emf.ecore.impl.EAttributeImpl@2bc63711{file:/Users/Magnus/Skole/DAT300/EclipseWorkspace2/ParmorelRunnable/././differentSelectionMethodsOriginals/modellog.ecore#//UIEvent/hierarchyOn}' must be set is not supported.
apr. 17, 2020 2:12:13 A.M. hvl.projectparmorel.modelrepair.QModelFixer handleUnsupportedErrors
WARNING: The error code 1 for the error The required feature 'eAttributeType' of 'org.eclipse.emf.ecore.impl.EAttributeImpl@391e3b4a{file:/Users/Magnus/Skole/DAT300/EclipseWorkspace2/ParmorelRunnable/././differentSelectionMethodsOriginals/modellog.ecore#//TaskNavigateEvent/description}' must be set is not supported.
apr. 17, 2020 2:12:13 A.M. hvl.projectparmorel.modelrepair.QModelFixer handleUnsupportedErrors
WARNING: The error code 1 for the error The required feature 'eAttributeType' of 'org.eclipse.emf.ecore.impl.EAttributeImpl@4cd1ec20{file:/Users/Magnus/Skole/DAT300/EclipseWorkspace2/ParmorelRunnable/././differentSelectionMethodsOriginals/modellog.ecore#//TaskNavigateEvent/line}' must be set is not supported.
apr. 17, 2020 2:12:13 A.M. hvl.projectparmorel.modelrepair.QModelFixer handleUnsupportedErrors
WARNING: The error code 1 for the error The required feature 'eAttributeType' of 'org.eclipse.emf.ecore.impl.EAttributeImpl@5fc0df8e{file:/Users/Magnus/Skole/DAT300/EclipseWorkspace2/ParmorelRunnable/././differentSelectionMethodsOriginals/modellog.ecore#//TaskNavigateEvent/resource}' must be set is not supported.
apr. 17, 2020 2:12:13 A.M. hvl.projectparmorel.modelrepair.QModelFixer fixModel
INFO: Initial number of errors in model: 50
Maximum number of steps per episode: 70
Errors to fix: [Error 401, message=The typed element must have a type
, Error 40, message=The typed element must have a type
, Error 40, message=The typed element must have a type
, Error 401, message=The typed element must have a type
, Error 401, message=The typed element must have a type
, Error 401, message=The typed element must have a type
, Error 401, message=The typed element must have a type
, Error 40, message=The typed element must have a type
, Error 401, message=The typed element must have a type
, Error 40, message=The typed element must have a type
, Error 401, message=The typed element must have a type
, Error 401, message=The typed element must have a type
, Error 40, message=The typed element must have a type
, Error 40, message=The typed element must have a type
, Error 401, message=The typed element must have a type
, Error 401, message=The typed element must have a type
, Error 40, message=The typed element must have a type
, Error 40, message=The typed element must have a type
, Error 40, message=The typed element must have a type
, Error 40, message=The typed element must have a type
, Error 401, message=The typed element must have a type
, Error 401, message=The typed element must have a type
, Error 40, message=The typed element must have a type
, Error 38, message=The default value literal 'created' must be a valid literal of the attribute's type
, Error 40, message=The typed element must have a type
, Error 40, message=The typed element must have a type
, Error 38, message=The default value literal '0' must be a valid literal of the attribute's type
, Error 40, message=The typed element must have a type
, Error 40, message=The typed element must have a type
, Error 38, message=The default value literal 'anonymous' must be a valid literal of the attribute's type
, Error 40, message=The typed element must have a type
, Error 40, message=The typed element must have a type
, Error 40, message=The typed element must have a type
, Error 38, message=The default value literal '0' must be a valid literal of the attribute's type
, Error 401, message=The typed element must have a type
, Error 40, message=The typed element must have a type
, Error 38, message=The default value literal '' must be a valid literal of the attribute's type
, Error 40, message=The typed element must have a type
, Error 40, message=The typed element must have a type
, Error 38, message=The default value literal '' must be a valid literal of the attribute's type
, Error 40, message=The typed element must have a type
, Error 40, message=The typed element must have a type
, Error 40, message=The typed element must have a type
, Error 38, message=The default value literal 'false' must be a valid literal of the attribute's type
, Error 40, message=The typed element must have a type
, Error 38, message=The default value literal '' must be a valid literal of the attribute's type
, Error 40, message=The typed element must have a type
, Error 38, message=The default value literal '0' must be a valid literal of the attribute's type
, Error 40, message=The typed element must have a type
, Error 38, message=The default value literal '' must be a valid literal of the attribute's type
]
apr. 17, 2020 2:12:13 A.M. hvl.projectparmorel.modelrepair.QModelFixer fixModel
INFO: Initializing Q-table for the errors.
apr. 17, 2020 2:12:13 A.M. hvl.projectparmorel.modelrepair.QModelFixer fixModel
INFO: Number of episodes: 25
apr. 17, 2020 2:12:13 A.M. hvl.projectparmorel.modelrepair.QModelFixer handleEpisode
INFO: EPISODE 0, STEP 0, Fixing error 401: The typed element must have a type
apr. 17, 2020 2:12:13 A.M. hvl.projectparmorel.modelrepair.QModelFixer chooseAction
INFO: Choosing optimal action
apr. 17, 2020 2:12:13 A.M. hvl.projectparmorel.modelrepair.QModelFixer handleStep
INFO: Chose action setEType in context 0 with weight 100.00000194855204
apr. 17, 2020 2:12:13 A.M. hvl.projectparmorel.modelrepair.QModelFixer handleStep
INFO: Next error code: 38
apr. 17, 2020 2:12:13 A.M. hvl.projectparmorel.modelrepair.QModelFixer handleStep
INFO: Calculating new Q-value:
Old Q-value: 100.00000194855204
Alpha: 1.0
Gamma: 1.0
Reward: 100
Next optimal action Q-value: 2299.5468088616917
100.00000194855204 + 1.0 * (100 + 1.0 * 2299.5468088616917 - 100.00000194855204) = 2399.5468088616917
apr. 17, 2020 2:12:13 A.M. hvl.projectparmorel.modelrepair.QModelFixer handleStep
INFO: Updated Q-table for error 401, context 0, action 591449609 setEType to new weight 2399.5468088616917


apr. 17, 2020 2:12:13 A.M. hvl.projectparmorel.modelrepair.QModelFixer handleEpisode
INFO: EPISODE 0, STEP 1, Fixing error 38: The default value literal '' must be a valid literal of the attribute's type
apr. 17, 2020 2:12:13 A.M. hvl.projectparmorel.modelrepair.QModelFixer chooseAction
INFO: Choosing optimal action
apr. 17, 2020 2:12:13 A.M. hvl.projectparmorel.modelrepair.QModelFixer handleStep
INFO: Chose action setEType in context 0 with weight 2299.5468088616917
apr. 17, 2020 2:12:13 A.M. hvl.projectparmorel.modelrepair.QModelFixer handleStep
INFO: Calculating new Q-value:
Old Q-value: 2299.5468088616917
Alpha: 1.0

Reward: 100
2299.5468088616917 + 1.0 * (100 - 2299.5468088616917) = 100.0
apr. 17, 2020 2:12:13 A.M. hvl.projectparmorel.modelrepair.QModelFixer handleStep
INFO: Updated Q-table for error 38, context 0, action 591449609 setEType to new weight 100.0
apr. 17, 2020 2:12:13 A.M. hvl.projectparmorel.modelrepair.QModelFixer handleEpisode
INFO: Solution added to possible solitons: [ErrorAction [Error: 401 The typed element must have a type, Action: setEType, Error hierarchy: 0]
, ErrorAction [Error: 38 The default value literal '' must be a valid literal of the attribute's type, Action: setEType, Error hierarchy: 0]
]
apr. 17, 2020 2:12:13 A.M. hvl.projectparmorel.modelrepair.QModelFixer handleEpisode
INFO: EPISODE 0 TOTAL REWARD 200



apr. 17, 2020 2:12:13 A.M. hvl.projectparmorel.modelrepair.QModelFixer handleEpisode
INFO: EPISODE 1, STEP 0, Fixing error 401: The typed element must have a type
apr. 17, 2020 2:12:13 A.M. hvl.projectparmorel.modelrepair.QModelFixer chooseAction
INFO: Choosing optimal action
apr. 17, 2020 2:12:13 A.M. hvl.projectparmorel.modelrepair.QModelFixer handleStep
INFO: Chose action setEType in context 0 with weight 2399.5468088616917
apr. 17, 2020 2:12:13 A.M. hvl.projectparmorel.modelrepair.QModelFixer handleStep
INFO: Next error code: 38
apr. 17, 2020 2:12:13 A.M. hvl.projectparmorel.modelrepair.QModelFixer handleStep
INFO: Calculating new Q-value:
Old Q-value: 2399.5468088616917
Alpha: 0.9608333333333333
Gamma: 1.0
Reward: 100
Next optimal action Q-value: 2158.097016585632
2399.5468088616917 + 0.9608333333333333 * (100 + 1.0 * 2158.097016585632 - 2399.5468088616917) = 2263.6371334497776
apr. 17, 2020 2:12:13 A.M. hvl.projectparmorel.modelrepair.QModelFixer handleStep
INFO: Updated Q-table for error 401, context 0, action 591449609 setEType to new weight 2263.6371334497776


apr. 17, 2020 2:12:13 A.M. hvl.projectparmorel.modelrepair.QModelFixer handleEpisode
INFO: EPISODE 1, STEP 1, Fixing error 38: The default value literal '' must be a valid literal of the attribute's type
apr. 17, 2020 2:12:13 A.M. hvl.projectparmorel.modelrepair.QModelFixer chooseAction
INFO: Choosing optimal action
apr. 17, 2020 2:12:13 A.M. hvl.projectparmorel.modelrepair.QModelFixer handleStep
INFO: Chose action setEType in context 0 with weight 2158.097016585632
apr. 17, 2020 2:12:13 A.M. hvl.projectparmorel.modelrepair.QModelFixer handleStep
INFO: Calculating new Q-value:
Old Q-value: 2158.097016585632
Alpha: 0.9608333333333333

Reward: 100
2158.097016585632 + 0.9608333333333333 * (100 - 2158.097016585632) = 180.60879981627068
apr. 17, 2020 2:12:13 A.M. hvl.projectparmorel.modelrepair.QModelFixer handleStep
INFO: Updated Q-table for error 38, context 0, action -591535257 setEType to new weight 180.60879981627068
apr. 17, 2020 2:12:13 A.M. hvl.projectparmorel.modelrepair.QModelFixer isUnique
INFO: Solution [ErrorAction [Error: 401 The typed element must have a type, Action: setEType, Error hierarchy: 0]
, ErrorAction [Error: 38 The default value literal '' must be a valid literal of the attribute's type, Action: setEType, Error hierarchy: 0]
] already exists.
apr. 17, 2020 2:12:13 A.M. hvl.projectparmorel.modelrepair.QModelFixer handleEpisode
INFO: Solution discarded.
apr. 17, 2020 2:12:13 A.M. hvl.projectparmorel.modelrepair.QModelFixer handleEpisode
INFO: EPISODE 1 TOTAL REWARD 200



apr. 17, 2020 2:12:13 A.M. hvl.projectparmorel.modelrepair.QModelFixer handleEpisode
INFO: EPISODE 2, STEP 0, Fixing error 401: The typed element must have a type
apr. 17, 2020 2:12:13 A.M. hvl.projectparmorel.modelrepair.QModelFixer chooseAction
INFO: Choosing random action.
apr. 17, 2020 2:12:13 A.M. hvl.projectparmorel.modelrepair.QModelFixer handleStep
INFO: Chose action setEType in context 0 with weight 2263.6371334497776
apr. 17, 2020 2:12:13 A.M. hvl.projectparmorel.modelrepair.QModelFixer handleStep
INFO: Next error code: 38
apr. 17, 2020 2:12:13 A.M. hvl.projectparmorel.modelrepair.QModelFixer handleStep
INFO: Calculating new Q-value:
Old Q-value: 2263.6371334497776
Alpha: 0.9216666666666666
Gamma: 1.0
Reward: 100
Next optimal action Q-value: 180.60879981627068
2263.6371334497776 + 0.9216666666666666 * (100 + 1.0 * 180.60879981627068 - 2263.6371334497776) = 435.94601928422867
apr. 17, 2020 2:12:13 A.M. hvl.projectparmorel.modelrepair.QModelFixer handleStep
INFO: Updated Q-table for error 401, context 0, action 591449609 setEType to new weight 435.94601928422867


apr. 17, 2020 2:12:13 A.M. hvl.projectparmorel.modelrepair.QModelFixer handleEpisode
INFO: EPISODE 2, STEP 1, Fixing error 38: The default value literal '' must be a valid literal of the attribute's type
apr. 17, 2020 2:12:13 A.M. hvl.projectparmorel.modelrepair.QModelFixer chooseAction
INFO: Choosing random action.
apr. 17, 2020 2:12:13 A.M. hvl.projectparmorel.modelrepair.QModelFixer handleStep
INFO: Chose action setEType in context 0 with weight 100.0
apr. 17, 2020 2:12:13 A.M. hvl.projectparmorel.modelrepair.QModelFixer handleStep
INFO: Calculating new Q-value:
Old Q-value: 100.0
Alpha: 0.9216666666666666

Reward: 100
100.0 + 0.9216666666666666 * (100 - 100.0) = 100.0
apr. 17, 2020 2:12:13 A.M. hvl.projectparmorel.modelrepair.QModelFixer handleStep
INFO: Updated Q-table for error 38, context 0, action 591449609 setEType to new weight 100.0
apr. 17, 2020 2:12:13 A.M. hvl.projectparmorel.modelrepair.QModelFixer handleEpisode
INFO: Solution added to possible solitons: [ErrorAction [Error: 401 The typed element must have a type, Action: setEType, Error hierarchy: 0]
, ErrorAction [Error: 38 The default value literal '' must be a valid literal of the attribute's type, Action: setEType, Error hierarchy: 0]
]
apr. 17, 2020 2:12:13 A.M. hvl.projectparmorel.modelrepair.QModelFixer handleEpisode
INFO: EPISODE 2 TOTAL REWARD 200



apr. 17, 2020 2:12:13 A.M. hvl.projectparmorel.modelrepair.QModelFixer handleEpisode
INFO: EPISODE 3, STEP 0, Fixing error 401: The typed element must have a type
apr. 17, 2020 2:12:13 A.M. hvl.projectparmorel.modelrepair.QModelFixer chooseAction
INFO: Choosing optimal action
apr. 17, 2020 2:12:13 A.M. hvl.projectparmorel.modelrepair.QModelFixer handleStep
INFO: Chose action setEType in context 0 with weight 435.94601928422867
apr. 17, 2020 2:12:13 A.M. hvl.projectparmorel.modelrepair.QModelFixer handleStep
INFO: Next error code: 38
apr. 17, 2020 2:12:13 A.M. hvl.projectparmorel.modelrepair.QModelFixer handleStep
INFO: Calculating new Q-value:
Old Q-value: 435.94601928422867
Alpha: 0.8825000000000001
Gamma: 1.0
Reward: 100
Next optimal action Q-value: 180.60879981627068
435.94601928422867 + 0.8825000000000001 * (100 + 1.0 * 180.60879981627068 - 435.94601928422867) = 298.86092310375574
apr. 17, 2020 2:12:13 A.M. hvl.projectparmorel.modelrepair.QModelFixer handleStep
INFO: Updated Q-table for error 401, context 0, action 591449609 setEType to new weight 298.86092310375574


apr. 17, 2020 2:12:13 A.M. hvl.projectparmorel.modelrepair.QModelFixer handleEpisode
INFO: EPISODE 3, STEP 1, Fixing error 38: The default value literal '' must be a valid literal of the attribute's type
apr. 17, 2020 2:12:13 A.M. hvl.projectparmorel.modelrepair.QModelFixer chooseAction
INFO: Choosing optimal action
apr. 17, 2020 2:12:13 A.M. hvl.projectparmorel.modelrepair.QModelFixer handleStep
INFO: Chose action setEType in context 0 with weight 180.60879981627068
apr. 17, 2020 2:12:13 A.M. hvl.projectparmorel.modelrepair.QModelFixer handleStep
INFO: Calculating new Q-value:
Old Q-value: 180.60879981627068
Alpha: 0.8825000000000001

Reward: 100
180.60879981627068 + 0.8825000000000001 * (100 - 180.60879981627068) = 109.4715339784118
apr. 17, 2020 2:12:13 A.M. hvl.projectparmorel.modelrepair.QModelFixer handleStep
INFO: Updated Q-table for error 38, context 0, action -591535257 setEType to new weight 109.4715339784118
apr. 17, 2020 2:12:13 A.M. hvl.projectparmorel.modelrepair.QModelFixer isUnique
INFO: Solution [ErrorAction [Error: 401 The typed element must have a type, Action: setEType, Error hierarchy: 0]
, ErrorAction [Error: 38 The default value literal '' must be a valid literal of the attribute's type, Action: setEType, Error hierarchy: 0]
] already exists.
apr. 17, 2020 2:12:13 A.M. hvl.projectparmorel.modelrepair.QModelFixer handleEpisode
INFO: Solution discarded.
apr. 17, 2020 2:12:13 A.M. hvl.projectparmorel.modelrepair.QModelFixer handleEpisode
INFO: EPISODE 3 TOTAL REWARD 200



apr. 17, 2020 2:12:13 A.M. hvl.projectparmorel.modelrepair.QModelFixer handleEpisode
INFO: EPISODE 4, STEP 0, Fixing error 401: The typed element must have a type
apr. 17, 2020 2:12:13 A.M. hvl.projectparmorel.modelrepair.QModelFixer chooseAction
INFO: Choosing random action.
apr. 17, 2020 2:12:13 A.M. hvl.projectparmorel.modelrepair.QModelFixer handleStep
INFO: Chose action delete in context 0 with weight -400.0
apr. 17, 2020 2:12:13 A.M. hvl.projectparmorel.modelrepair.QModelFixer handleStep
INFO: Next error code: 38
apr. 17, 2020 2:12:13 A.M. hvl.projectparmorel.modelrepair.QModelFixer handleStep
INFO: Calculating new Q-value:
Old Q-value: -400.0
Alpha: 0.8433333333333334
Gamma: 1.0
Reward: -1000
Next optimal action Q-value: 109.4715339784118
-400.0 + 0.8433333333333334 * (-1000 + 1.0 * 109.4715339784118 - -400.0) = -813.6790063448727
apr. 17, 2020 2:12:13 A.M. hvl.projectparmorel.modelrepair.QModelFixer handleStep
INFO: Updated Q-table for error 401, context 0, action 99999 delete to new weight -813.6790063448727


apr. 17, 2020 2:12:13 A.M. hvl.projectparmorel.modelrepair.QModelFixer handleEpisode
INFO: EPISODE 4, STEP 1, Fixing error 38: The default value literal '' must be a valid literal of the attribute's type
apr. 17, 2020 2:12:13 A.M. hvl.projectparmorel.modelrepair.QModelFixer chooseAction
INFO: Choosing optimal action
apr. 17, 2020 2:12:13 A.M. hvl.projectparmorel.modelrepair.QModelFixer handleStep
INFO: Chose action setEType in context 0 with weight 109.4715339784118
apr. 17, 2020 2:12:13 A.M. hvl.projectparmorel.modelrepair.QModelFixer handleStep
INFO: Calculating new Q-value:
Old Q-value: 109.4715339784118
Alpha: 0.8433333333333334

Reward: 100
109.4715339784118 + 0.8433333333333334 * (100 - 109.4715339784118) = 101.48387365661785
apr. 17, 2020 2:12:13 A.M. hvl.projectparmorel.modelrepair.QModelFixer handleStep
INFO: Updated Q-table for error 38, context 0, action -591535257 setEType to new weight 101.48387365661785
apr. 17, 2020 2:12:13 A.M. hvl.projectparmorel.modelrepair.QModelFixer isUnique
INFO: Solution [ErrorAction [Error: 401 The typed element must have a type, Action: delete, Error hierarchy: 0]
, ErrorAction [Error: 38 The default value literal '' must be a valid literal of the attribute's type, Action: setEType, Error hierarchy: 0]
] already exists.
apr. 17, 2020 2:12:13 A.M. hvl.projectparmorel.modelrepair.QModelFixer handleEpisode
INFO: Solution discarded.
apr. 17, 2020 2:12:13 A.M. hvl.projectparmorel.modelrepair.QModelFixer handleEpisode
INFO: EPISODE 4 TOTAL REWARD -900



apr. 17, 2020 2:12:13 A.M. hvl.projectparmorel.modelrepair.QModelFixer handleEpisode
INFO: EPISODE 5, STEP 0, Fixing error 401: The typed element must have a type
apr. 17, 2020 2:12:13 A.M. hvl.projectparmorel.modelrepair.QModelFixer chooseAction
INFO: Choosing optimal action
apr. 17, 2020 2:12:13 A.M. hvl.projectparmorel.modelrepair.QModelFixer handleStep
INFO: Chose action setEType in context 0 with weight 298.86092310375574
apr. 17, 2020 2:12:13 A.M. hvl.projectparmorel.modelrepair.QModelFixer handleStep
INFO: Next error code: 38
apr. 17, 2020 2:12:13 A.M. hvl.projectparmorel.modelrepair.QModelFixer handleStep
INFO: Calculating new Q-value:
Old Q-value: 298.86092310375574
Alpha: 0.8041666666666667
Gamma: 1.0
Reward: 100
Next optimal action Q-value: 101.48387365661785
298.86092310375574 + 0.8041666666666667 * (100 + 1.0 * 101.48387365661785 - 298.86092310375574) = 220.55354584001566
apr. 17, 2020 2:12:13 A.M. hvl.projectparmorel.modelrepair.QModelFixer handleStep
INFO: Updated Q-table for error 401, context 0, action 591449609 setEType to new weight 220.55354584001566


apr. 17, 2020 2:12:13 A.M. hvl.projectparmorel.modelrepair.QModelFixer handleEpisode
INFO: EPISODE 5, STEP 1, Fixing error 38: The default value literal '' must be a valid literal of the attribute's type
apr. 17, 2020 2:12:13 A.M. hvl.projectparmorel.modelrepair.QModelFixer chooseAction
INFO: Choosing optimal action
apr. 17, 2020 2:12:13 A.M. hvl.projectparmorel.modelrepair.QModelFixer handleStep
INFO: Chose action setEType in context 0 with weight 101.48387365661785
apr. 17, 2020 2:12:13 A.M. hvl.projectparmorel.modelrepair.QModelFixer handleStep
INFO: Calculating new Q-value:
Old Q-value: 101.48387365661785
Alpha: 0.8041666666666667

Reward: 100
101.48387365661785 + 0.8041666666666667 * (100 - 101.48387365661785) = 100.290591924421
apr. 17, 2020 2:12:13 A.M. hvl.projectparmorel.modelrepair.QModelFixer handleStep
INFO: Updated Q-table for error 38, context 0, action -591535257 setEType to new weight 100.290591924421
apr. 17, 2020 2:12:13 A.M. hvl.projectparmorel.modelrepair.QModelFixer isUnique
INFO: Solution [ErrorAction [Error: 401 The typed element must have a type, Action: setEType, Error hierarchy: 0]
, ErrorAction [Error: 38 The default value literal '' must be a valid literal of the attribute's type, Action: setEType, Error hierarchy: 0]
] already exists.
apr. 17, 2020 2:12:13 A.M. hvl.projectparmorel.modelrepair.QModelFixer handleEpisode
INFO: Solution discarded.
apr. 17, 2020 2:12:13 A.M. hvl.projectparmorel.modelrepair.QModelFixer handleEpisode
INFO: EPISODE 5 TOTAL REWARD 200



apr. 17, 2020 2:12:13 A.M. hvl.projectparmorel.modelrepair.QModelFixer handleEpisode
INFO: EPISODE 6, STEP 0, Fixing error 401: The typed element must have a type
apr. 17, 2020 2:12:13 A.M. hvl.projectparmorel.modelrepair.QModelFixer chooseAction
INFO: Choosing optimal action
apr. 17, 2020 2:12:13 A.M. hvl.projectparmorel.modelrepair.QModelFixer handleStep
INFO: Chose action setEType in context 0 with weight 220.55354584001566
apr. 17, 2020 2:12:13 A.M. hvl.projectparmorel.modelrepair.QModelFixer handleStep
INFO: Next error code: 38
apr. 17, 2020 2:12:13 A.M. hvl.projectparmorel.modelrepair.QModelFixer handleStep
INFO: Calculating new Q-value:
Old Q-value: 220.55354584001566
Alpha: 0.765
Gamma: 1.0
Reward: 100
Next optimal action Q-value: 100.290591924421
220.55354584001566 + 0.765 * (100 + 1.0 * 100.290591924421 - 220.55354584001566) = 205.05238609458573
apr. 17, 2020 2:12:13 A.M. hvl.projectparmorel.modelrepair.QModelFixer handleStep
INFO: Updated Q-table for error 401, context 0, action 591449609 setEType to new weight 205.05238609458573


apr. 17, 2020 2:12:13 A.M. hvl.projectparmorel.modelrepair.QModelFixer handleEpisode
INFO: EPISODE 6, STEP 1, Fixing error 38: The default value literal '' must be a valid literal of the attribute's type
apr. 17, 2020 2:12:13 A.M. hvl.projectparmorel.modelrepair.QModelFixer chooseAction
INFO: Choosing random action.
apr. 17, 2020 2:12:13 A.M. hvl.projectparmorel.modelrepair.QModelFixer handleStep
INFO: Chose action delete in context 0 with weight -189.11500896646942
apr. 17, 2020 2:12:17 A.M. hvl.projectparmorel.modelrepair.QModelFixer handleStep
INFO: Calculating new Q-value:
Old Q-value: -189.11500896646942
Alpha: 0.765

Reward: -1000
-189.11500896646942 + 0.765 * (-1000 - -189.11500896646942) = -809.4420271071203
apr. 17, 2020 2:12:17 A.M. hvl.projectparmorel.modelrepair.QModelFixer handleStep
INFO: Updated Q-table for error 38, context 0, action 99999 delete to new weight -809.4420271071203
apr. 17, 2020 2:12:17 A.M. hvl.projectparmorel.modelrepair.QModelFixer isUnique
INFO: Solution [ErrorAction [Error: 401 The typed element must have a type, Action: setEType, Error hierarchy: 0]
, ErrorAction [Error: 38 The default value literal '' must be a valid literal of the attribute's type, Action: delete, Error hierarchy: 0]
] already exists.
apr. 17, 2020 2:12:17 A.M. hvl.projectparmorel.modelrepair.QModelFixer handleEpisode
INFO: Solution discarded.
apr. 17, 2020 2:12:17 A.M. hvl.projectparmorel.modelrepair.QModelFixer handleEpisode
INFO: EPISODE 6 TOTAL REWARD -900



apr. 17, 2020 2:12:17 A.M. hvl.projectparmorel.modelrepair.QModelFixer handleEpisode
INFO: EPISODE 7, STEP 0, Fixing error 401: The typed element must have a type
apr. 17, 2020 2:12:17 A.M. hvl.projectparmorel.modelrepair.QModelFixer chooseAction
INFO: Choosing optimal action
apr. 17, 2020 2:12:17 A.M. hvl.projectparmorel.modelrepair.QModelFixer handleStep
INFO: Chose action setEType in context 0 with weight 205.05238609458573
apr. 17, 2020 2:12:17 A.M. hvl.projectparmorel.modelrepair.QModelFixer handleStep
INFO: Next error code: 38
apr. 17, 2020 2:12:17 A.M. hvl.projectparmorel.modelrepair.QModelFixer handleStep
INFO: Calculating new Q-value:
Old Q-value: 205.05238609458573
Alpha: 0.7258333333333333
Gamma: 1.0
Reward: 100
Next optimal action Q-value: 100.290591924421
205.05238609458573 + 0.7258333333333333 * (100 + 1.0 * 100.290591924421 - 205.05238609458573) = 201.5961171594078
apr. 17, 2020 2:12:17 A.M. hvl.projectparmorel.modelrepair.QModelFixer handleStep
INFO: Updated Q-table for error 401, context 0, action 591449609 setEType to new weight 201.5961171594078


apr. 17, 2020 2:12:17 A.M. hvl.projectparmorel.modelrepair.QModelFixer handleEpisode
INFO: EPISODE 7, STEP 1, Fixing error 38: The default value literal '' must be a valid literal of the attribute's type
apr. 17, 2020 2:12:17 A.M. hvl.projectparmorel.modelrepair.QModelFixer chooseAction
INFO: Choosing optimal action
apr. 17, 2020 2:12:17 A.M. hvl.projectparmorel.modelrepair.QModelFixer handleStep
INFO: Chose action setEType in context 0 with weight 100.290591924421
apr. 17, 2020 2:12:17 A.M. hvl.projectparmorel.modelrepair.QModelFixer handleStep
INFO: Calculating new Q-value:
Old Q-value: 100.290591924421
Alpha: 0.7258333333333333

Reward: 100
100.290591924421 + 0.7258333333333333 * (100 - 100.290591924421) = 100.07967061927876
apr. 17, 2020 2:12:17 A.M. hvl.projectparmorel.modelrepair.QModelFixer handleStep
INFO: Updated Q-table for error 38, context 0, action -591535257 setEType to new weight 100.07967061927876
apr. 17, 2020 2:12:17 A.M. hvl.projectparmorel.modelrepair.QModelFixer isUnique
INFO: Solution [ErrorAction [Error: 401 The typed element must have a type, Action: setEType, Error hierarchy: 0]
, ErrorAction [Error: 38 The default value literal '' must be a valid literal of the attribute's type, Action: setEType, Error hierarchy: 0]
] already exists.
apr. 17, 2020 2:12:17 A.M. hvl.projectparmorel.modelrepair.QModelFixer handleEpisode
INFO: Solution discarded.
apr. 17, 2020 2:12:17 A.M. hvl.projectparmorel.modelrepair.QModelFixer handleEpisode
INFO: EPISODE 7 TOTAL REWARD 200



apr. 17, 2020 2:12:17 A.M. hvl.projectparmorel.modelrepair.QModelFixer handleEpisode
INFO: EPISODE 8, STEP 0, Fixing error 401: The typed element must have a type
apr. 17, 2020 2:12:17 A.M. hvl.projectparmorel.modelrepair.QModelFixer chooseAction
INFO: Choosing optimal action
apr. 17, 2020 2:12:17 A.M. hvl.projectparmorel.modelrepair.QModelFixer handleStep
INFO: Chose action setEType in context 0 with weight 201.5961171594078
apr. 17, 2020 2:12:17 A.M. hvl.projectparmorel.modelrepair.QModelFixer handleStep
INFO: Next error code: 38
apr. 17, 2020 2:12:17 A.M. hvl.projectparmorel.modelrepair.QModelFixer handleStep
INFO: Calculating new Q-value:
Old Q-value: 201.5961171594078
Alpha: 0.6866666666666668
Gamma: 1.0
Reward: 100
Next optimal action Q-value: 100.07967061927876
201.5961171594078 + 0.6866666666666668 * (100 + 1.0 * 100.07967061927876 - 201.5961171594078) = 200.5548238685192
apr. 17, 2020 2:12:17 A.M. hvl.projectparmorel.modelrepair.QModelFixer handleStep
INFO: Updated Q-table for error 401, context 0, action 591449609 setEType to new weight 200.5548238685192


apr. 17, 2020 2:12:17 A.M. hvl.projectparmorel.modelrepair.QModelFixer handleEpisode
INFO: EPISODE 8, STEP 1, Fixing error 38: The default value literal '' must be a valid literal of the attribute's type
apr. 17, 2020 2:12:17 A.M. hvl.projectparmorel.modelrepair.QModelFixer chooseAction
INFO: Choosing optimal action
apr. 17, 2020 2:12:17 A.M. hvl.projectparmorel.modelrepair.QModelFixer handleStep
INFO: Chose action setEType in context 0 with weight 100.07967061927876
apr. 17, 2020 2:12:17 A.M. hvl.projectparmorel.modelrepair.QModelFixer handleStep
INFO: Calculating new Q-value:
Old Q-value: 100.07967061927876
Alpha: 0.6866666666666668

Reward: 100
100.07967061927876 + 0.6866666666666668 * (100 - 100.07967061927876) = 100.02496346070734
apr. 17, 2020 2:12:17 A.M. hvl.projectparmorel.modelrepair.QModelFixer handleStep
INFO: Updated Q-table for error 38, context 0, action -591535257 setEType to new weight 100.02496346070734
apr. 17, 2020 2:12:17 A.M. hvl.projectparmorel.modelrepair.QModelFixer isUnique
INFO: Solution [ErrorAction [Error: 401 The typed element must have a type, Action: setEType, Error hierarchy: 0]
, ErrorAction [Error: 38 The default value literal '' must be a valid literal of the attribute's type, Action: setEType, Error hierarchy: 0]
] already exists.
apr. 17, 2020 2:12:17 A.M. hvl.projectparmorel.modelrepair.QModelFixer handleEpisode
INFO: Solution discarded.
apr. 17, 2020 2:12:17 A.M. hvl.projectparmorel.modelrepair.QModelFixer handleEpisode
INFO: EPISODE 8 TOTAL REWARD 200



apr. 17, 2020 2:12:17 A.M. hvl.projectparmorel.modelrepair.QModelFixer handleEpisode
INFO: EPISODE 9, STEP 0, Fixing error 401: The typed element must have a type
apr. 17, 2020 2:12:17 A.M. hvl.projectparmorel.modelrepair.QModelFixer chooseAction
INFO: Choosing random action.
apr. 17, 2020 2:12:17 A.M. hvl.projectparmorel.modelrepair.QModelFixer handleStep
INFO: Chose action setEType in context 0 with weight 200.5548238685192
apr. 17, 2020 2:12:17 A.M. hvl.projectparmorel.modelrepair.QModelFixer handleStep
INFO: Next error code: 38
apr. 17, 2020 2:12:17 A.M. hvl.projectparmorel.modelrepair.QModelFixer handleStep
INFO: Calculating new Q-value:
Old Q-value: 200.5548238685192
Alpha: 0.6475
Gamma: 1.0
Reward: 100
Next optimal action Q-value: 100.02496346070734
200.5548238685192 + 0.6475 * (100 + 1.0 * 100.02496346070734 - 200.5548238685192) = 200.21173925446104
apr. 17, 2020 2:12:17 A.M. hvl.projectparmorel.modelrepair.QModelFixer handleStep
INFO: Updated Q-table for error 401, context 0, action 591449609 setEType to new weight 200.21173925446104


apr. 17, 2020 2:12:17 A.M. hvl.projectparmorel.modelrepair.QModelFixer handleEpisode
INFO: EPISODE 9, STEP 1, Fixing error 38: The default value literal '' must be a valid literal of the attribute's type
apr. 17, 2020 2:12:17 A.M. hvl.projectparmorel.modelrepair.QModelFixer chooseAction
INFO: Choosing optimal action
apr. 17, 2020 2:12:17 A.M. hvl.projectparmorel.modelrepair.QModelFixer handleStep
INFO: Chose action setEType in context 0 with weight 100.02496346070734
apr. 17, 2020 2:12:17 A.M. hvl.projectparmorel.modelrepair.QModelFixer handleStep
INFO: Calculating new Q-value:
Old Q-value: 100.02496346070734
Alpha: 0.6475

Reward: 100
100.02496346070734 + 0.6475 * (100 - 100.02496346070734) = 100.00879961989934
apr. 17, 2020 2:12:17 A.M. hvl.projectparmorel.modelrepair.QModelFixer handleStep
INFO: Updated Q-table for error 38, context 0, action -591535257 setEType to new weight 100.00879961989934
apr. 17, 2020 2:12:17 A.M. hvl.projectparmorel.modelrepair.QModelFixer isUnique
INFO: Solution [ErrorAction [Error: 401 The typed element must have a type, Action: setEType, Error hierarchy: 0]
, ErrorAction [Error: 38 The default value literal '' must be a valid literal of the attribute's type, Action: setEType, Error hierarchy: 0]
] already exists.
apr. 17, 2020 2:12:17 A.M. hvl.projectparmorel.modelrepair.QModelFixer handleEpisode
INFO: Solution discarded.
apr. 17, 2020 2:12:17 A.M. hvl.projectparmorel.modelrepair.QModelFixer handleEpisode
INFO: EPISODE 9 TOTAL REWARD 200



apr. 17, 2020 2:12:17 A.M. hvl.projectparmorel.modelrepair.QModelFixer handleEpisode
INFO: EPISODE 10, STEP 0, Fixing error 401: The typed element must have a type
apr. 17, 2020 2:12:17 A.M. hvl.projectparmorel.modelrepair.QModelFixer chooseAction
INFO: Choosing optimal action
apr. 17, 2020 2:12:17 A.M. hvl.projectparmorel.modelrepair.QModelFixer handleStep
INFO: Chose action setEType in context 0 with weight 200.21173925446104
apr. 17, 2020 2:12:17 A.M. hvl.projectparmorel.modelrepair.QModelFixer handleStep
INFO: Next error code: 38
apr. 17, 2020 2:12:17 A.M. hvl.projectparmorel.modelrepair.QModelFixer handleStep
INFO: Calculating new Q-value:
Old Q-value: 200.21173925446104
Alpha: 0.6083333333333334
Gamma: 1.0
Reward: 100
Next optimal action Q-value: 100.00879961989934
200.21173925446104 + 0.6083333333333334 * (100 + 1.0 * 100.00879961989934 - 200.21173925446104) = 200.08828431010267
apr. 17, 2020 2:12:17 A.M. hvl.projectparmorel.modelrepair.QModelFixer handleStep
INFO: Updated Q-table for error 401, context 0, action 591449609 setEType to new weight 200.08828431010267


apr. 17, 2020 2:12:17 A.M. hvl.projectparmorel.modelrepair.QModelFixer handleEpisode
INFO: EPISODE 10, STEP 1, Fixing error 38: The default value literal '' must be a valid literal of the attribute's type
apr. 17, 2020 2:12:17 A.M. hvl.projectparmorel.modelrepair.QModelFixer chooseAction
INFO: Choosing optimal action
apr. 17, 2020 2:12:17 A.M. hvl.projectparmorel.modelrepair.QModelFixer handleStep
INFO: Chose action setEType in context 0 with weight 100.00879961989934
apr. 17, 2020 2:12:17 A.M. hvl.projectparmorel.modelrepair.QModelFixer handleStep
INFO: Calculating new Q-value:
Old Q-value: 100.00879961989934
Alpha: 0.6083333333333334

Reward: 100
100.00879961989934 + 0.6083333333333334 * (100 - 100.00879961989934) = 100.0034465177939
apr. 17, 2020 2:12:17 A.M. hvl.projectparmorel.modelrepair.QModelFixer handleStep
INFO: Updated Q-table for error 38, context 0, action -591535257 setEType to new weight 100.0034465177939
apr. 17, 2020 2:12:17 A.M. hvl.projectparmorel.modelrepair.QModelFixer isUnique
INFO: Solution [ErrorAction [Error: 401 The typed element must have a type, Action: setEType, Error hierarchy: 0]
, ErrorAction [Error: 38 The default value literal '' must be a valid literal of the attribute's type, Action: setEType, Error hierarchy: 0]
] already exists.
apr. 17, 2020 2:12:17 A.M. hvl.projectparmorel.modelrepair.QModelFixer handleEpisode
INFO: Solution discarded.
apr. 17, 2020 2:12:17 A.M. hvl.projectparmorel.modelrepair.QModelFixer handleEpisode
INFO: EPISODE 10 TOTAL REWARD 200



apr. 17, 2020 2:12:17 A.M. hvl.projectparmorel.modelrepair.QModelFixer handleEpisode
INFO: EPISODE 11, STEP 0, Fixing error 401: The typed element must have a type
apr. 17, 2020 2:12:17 A.M. hvl.projectparmorel.modelrepair.QModelFixer chooseAction
INFO: Choosing optimal action
apr. 17, 2020 2:12:17 A.M. hvl.projectparmorel.modelrepair.QModelFixer handleStep
INFO: Chose action setEType in context 0 with weight 200.08828431010267
apr. 17, 2020 2:12:17 A.M. hvl.projectparmorel.modelrepair.QModelFixer handleStep
INFO: Next error code: 38
apr. 17, 2020 2:12:17 A.M. hvl.projectparmorel.modelrepair.QModelFixer handleStep
INFO: Calculating new Q-value:
Old Q-value: 200.08828431010267
Alpha: 0.5691666666666666
Gamma: 1.0
Reward: 100
Next optimal action Q-value: 100.0034465177939
200.08828431010267 + 0.5691666666666666 * (100 + 1.0 * 100.0034465177939 - 200.08828431010267) = 200.03999746664692
apr. 17, 2020 2:12:17 A.M. hvl.projectparmorel.modelrepair.QModelFixer handleStep
INFO: Updated Q-table for error 401, context 0, action 591449609 setEType to new weight 200.03999746664692


apr. 17, 2020 2:12:17 A.M. hvl.projectparmorel.modelrepair.QModelFixer handleEpisode
INFO: EPISODE 11, STEP 1, Fixing error 38: The default value literal '' must be a valid literal of the attribute's type
apr. 17, 2020 2:12:17 A.M. hvl.projectparmorel.modelrepair.QModelFixer chooseAction
INFO: Choosing optimal action
apr. 17, 2020 2:12:17 A.M. hvl.projectparmorel.modelrepair.QModelFixer handleStep
INFO: Chose action setEType in context 0 with weight 100.0034465177939
apr. 17, 2020 2:12:17 A.M. hvl.projectparmorel.modelrepair.QModelFixer handleStep
INFO: Calculating new Q-value:
Old Q-value: 100.0034465177939
Alpha: 0.5691666666666666

Reward: 100
100.0034465177939 + 0.5691666666666666 * (100 - 100.0034465177939) = 100.00148487474954
apr. 17, 2020 2:12:17 A.M. hvl.projectparmorel.modelrepair.QModelFixer handleStep
INFO: Updated Q-table for error 38, context 0, action -591535257 setEType to new weight 100.00148487474954
apr. 17, 2020 2:12:17 A.M. hvl.projectparmorel.modelrepair.QModelFixer isUnique
INFO: Solution [ErrorAction [Error: 401 The typed element must have a type, Action: setEType, Error hierarchy: 0]
, ErrorAction [Error: 38 The default value literal '' must be a valid literal of the attribute's type, Action: setEType, Error hierarchy: 0]
] already exists.
apr. 17, 2020 2:12:17 A.M. hvl.projectparmorel.modelrepair.QModelFixer handleEpisode
INFO: Solution discarded.
apr. 17, 2020 2:12:17 A.M. hvl.projectparmorel.modelrepair.QModelFixer handleEpisode
INFO: EPISODE 11 TOTAL REWARD 200



apr. 17, 2020 2:12:17 A.M. hvl.projectparmorel.modelrepair.QModelFixer handleEpisode
INFO: EPISODE 12, STEP 0, Fixing error 401: The typed element must have a type
apr. 17, 2020 2:12:17 A.M. hvl.projectparmorel.modelrepair.QModelFixer chooseAction
INFO: Choosing optimal action
apr. 17, 2020 2:12:17 A.M. hvl.projectparmorel.modelrepair.QModelFixer handleStep
INFO: Chose action setEType in context 0 with weight 200.03999746664692
apr. 17, 2020 2:12:17 A.M. hvl.projectparmorel.modelrepair.QModelFixer handleStep
INFO: Next error code: 38
apr. 17, 2020 2:12:17 A.M. hvl.projectparmorel.modelrepair.QModelFixer handleStep
INFO: Calculating new Q-value:
Old Q-value: 200.03999746664692
Alpha: 0.53
Gamma: 1.0
Reward: 100
Next optimal action Q-value: 100.00148487474954
200.03999746664692 + 0.53 * (100 + 1.0 * 100.00148487474954 - 200.03999746664692) = 200.0195857929413
apr. 17, 2020 2:12:17 A.M. hvl.projectparmorel.modelrepair.QModelFixer handleStep
INFO: Updated Q-table for error 401, context 0, action 591449609 setEType to new weight 200.0195857929413


apr. 17, 2020 2:12:17 A.M. hvl.projectparmorel.modelrepair.QModelFixer handleEpisode
INFO: EPISODE 12, STEP 1, Fixing error 38: The default value literal '' must be a valid literal of the attribute's type
apr. 17, 2020 2:12:17 A.M. hvl.projectparmorel.modelrepair.QModelFixer chooseAction
INFO: Choosing optimal action
apr. 17, 2020 2:12:17 A.M. hvl.projectparmorel.modelrepair.QModelFixer handleStep
INFO: Chose action setEType in context 0 with weight 100.00148487474954
apr. 17, 2020 2:12:17 A.M. hvl.projectparmorel.modelrepair.QModelFixer handleStep
INFO: Calculating new Q-value:
Old Q-value: 100.00148487474954
Alpha: 0.53

Reward: 100
100.00148487474954 + 0.53 * (100 - 100.00148487474954) = 100.00069789113228
apr. 17, 2020 2:12:17 A.M. hvl.projectparmorel.modelrepair.QModelFixer handleStep
INFO: Updated Q-table for error 38, context 0, action -591535257 setEType to new weight 100.00069789113228
apr. 17, 2020 2:12:17 A.M. hvl.projectparmorel.modelrepair.QModelFixer isUnique
INFO: Solution [ErrorAction [Error: 401 The typed element must have a type, Action: setEType, Error hierarchy: 0]
, ErrorAction [Error: 38 The default value literal '' must be a valid literal of the attribute's type, Action: setEType, Error hierarchy: 0]
] already exists.
apr. 17, 2020 2:12:17 A.M. hvl.projectparmorel.modelrepair.QModelFixer handleEpisode
INFO: Solution discarded.
apr. 17, 2020 2:12:17 A.M. hvl.projectparmorel.modelrepair.QModelFixer handleEpisode
INFO: EPISODE 12 TOTAL REWARD 200



apr. 17, 2020 2:12:17 A.M. hvl.projectparmorel.modelrepair.QModelFixer handleEpisode
INFO: EPISODE 13, STEP 0, Fixing error 401: The typed element must have a type
apr. 17, 2020 2:12:17 A.M. hvl.projectparmorel.modelrepair.QModelFixer chooseAction
INFO: Choosing random action.
apr. 17, 2020 2:12:17 A.M. hvl.projectparmorel.modelrepair.QModelFixer handleStep
INFO: Chose action delete in context 0 with weight -813.6790063448727
apr. 17, 2020 2:12:17 A.M. hvl.projectparmorel.modelrepair.QModelFixer handleStep
INFO: Next error code: 38
apr. 17, 2020 2:12:17 A.M. hvl.projectparmorel.modelrepair.QModelFixer handleStep
INFO: Calculating new Q-value:
Old Q-value: -813.6790063448727
Alpha: 0.49083333333333334
Gamma: 1.0
Reward: -1000
Next optimal action Q-value: 100.00069789113228
-813.6790063448727 + 0.49083333333333334 * (-1000 + 1.0 * 100.00069789113228 - -813.6790063448727) = -856.0478848490336
apr. 17, 2020 2:12:17 A.M. hvl.projectparmorel.modelrepair.QModelFixer handleStep
INFO: Updated Q-table for error 401, context 0, action 99999 delete to new weight -856.0478848490336


apr. 17, 2020 2:12:17 A.M. hvl.projectparmorel.modelrepair.QModelFixer handleEpisode
INFO: EPISODE 13, STEP 1, Fixing error 38: The default value literal '' must be a valid literal of the attribute's type
apr. 17, 2020 2:12:17 A.M. hvl.projectparmorel.modelrepair.QModelFixer chooseAction
INFO: Choosing optimal action
apr. 17, 2020 2:12:17 A.M. hvl.projectparmorel.modelrepair.QModelFixer handleStep
INFO: Chose action setEType in context 0 with weight 100.00069789113228
apr. 17, 2020 2:12:17 A.M. hvl.projectparmorel.modelrepair.QModelFixer handleStep
INFO: Calculating new Q-value:
Old Q-value: 100.00069789113228
Alpha: 0.49083333333333334

Reward: 100
100.00069789113228 + 0.49083333333333334 * (100 - 100.00069789113228) = 100.00035534290151
apr. 17, 2020 2:12:17 A.M. hvl.projectparmorel.modelrepair.QModelFixer handleStep
INFO: Updated Q-table for error 38, context 0, action -591535257 setEType to new weight 100.00035534290151
apr. 17, 2020 2:12:17 A.M. hvl.projectparmorel.modelrepair.QModelFixer isUnique
INFO: Solution [ErrorAction [Error: 401 The typed element must have a type, Action: delete, Error hierarchy: 0]
, ErrorAction [Error: 38 The default value literal '' must be a valid literal of the attribute's type, Action: setEType, Error hierarchy: 0]
] already exists.
apr. 17, 2020 2:12:17 A.M. hvl.projectparmorel.modelrepair.QModelFixer handleEpisode
INFO: Solution discarded.
apr. 17, 2020 2:12:17 A.M. hvl.projectparmorel.modelrepair.QModelFixer handleEpisode
INFO: EPISODE 13 TOTAL REWARD -900



apr. 17, 2020 2:12:17 A.M. hvl.projectparmorel.modelrepair.QModelFixer handleEpisode
INFO: EPISODE 14, STEP 0, Fixing error 401: The typed element must have a type
apr. 17, 2020 2:12:17 A.M. hvl.projectparmorel.modelrepair.QModelFixer chooseAction
INFO: Choosing optimal action
apr. 17, 2020 2:12:17 A.M. hvl.projectparmorel.modelrepair.QModelFixer handleStep
INFO: Chose action setEType in context 0 with weight 200.0195857929413
apr. 17, 2020 2:12:17 A.M. hvl.projectparmorel.modelrepair.QModelFixer handleStep
INFO: Next error code: 38
apr. 17, 2020 2:12:17 A.M. hvl.projectparmorel.modelrepair.QModelFixer handleStep
INFO: Calculating new Q-value:
Old Q-value: 200.0195857929413
Alpha: 0.45166666666666666
Gamma: 1.0
Reward: 100
Next optimal action Q-value: 100.00035534290151
200.0195857929413 + 0.45166666666666666 * (100 + 1.0 * 100.00035534290151 - 200.0195857929413) = 200.01090003967334
apr. 17, 2020 2:12:17 A.M. hvl.projectparmorel.modelrepair.QModelFixer handleStep
INFO: Updated Q-table for error 401, context 0, action 591449609 setEType to new weight 200.01090003967334


apr. 17, 2020 2:12:17 A.M. hvl.projectparmorel.modelrepair.QModelFixer handleEpisode
INFO: EPISODE 14, STEP 1, Fixing error 38: The default value literal '' must be a valid literal of the attribute's type
apr. 17, 2020 2:12:17 A.M. hvl.projectparmorel.modelrepair.QModelFixer chooseAction
INFO: Choosing optimal action
apr. 17, 2020 2:12:17 A.M. hvl.projectparmorel.modelrepair.QModelFixer handleStep
INFO: Chose action setEType in context 0 with weight 100.00035534290151
apr. 17, 2020 2:12:17 A.M. hvl.projectparmorel.modelrepair.QModelFixer handleStep
INFO: Calculating new Q-value:
Old Q-value: 100.00035534290151
Alpha: 0.45166666666666666

Reward: 100
100.00035534290151 + 0.45166666666666666 * (100 - 100.00035534290151) = 100.00019484635766
apr. 17, 2020 2:12:17 A.M. hvl.projectparmorel.modelrepair.QModelFixer handleStep
INFO: Updated Q-table for error 38, context 0, action -591535257 setEType to new weight 100.00019484635766
apr. 17, 2020 2:12:17 A.M. hvl.projectparmorel.modelrepair.QModelFixer isUnique
INFO: Solution [ErrorAction [Error: 401 The typed element must have a type, Action: setEType, Error hierarchy: 0]
, ErrorAction [Error: 38 The default value literal '' must be a valid literal of the attribute's type, Action: setEType, Error hierarchy: 0]
] already exists.
apr. 17, 2020 2:12:17 A.M. hvl.projectparmorel.modelrepair.QModelFixer handleEpisode
INFO: Solution discarded.
apr. 17, 2020 2:12:17 A.M. hvl.projectparmorel.modelrepair.QModelFixer handleEpisode
INFO: EPISODE 14 TOTAL REWARD 200



apr. 17, 2020 2:12:17 A.M. hvl.projectparmorel.modelrepair.QModelFixer handleEpisode
INFO: EPISODE 15, STEP 0, Fixing error 401: The typed element must have a type
apr. 17, 2020 2:12:17 A.M. hvl.projectparmorel.modelrepair.QModelFixer chooseAction
INFO: Choosing optimal action
apr. 17, 2020 2:12:17 A.M. hvl.projectparmorel.modelrepair.QModelFixer handleStep
INFO: Chose action setEType in context 0 with weight 200.01090003967334
apr. 17, 2020 2:12:17 A.M. hvl.projectparmorel.modelrepair.QModelFixer handleStep
INFO: Next error code: 38
apr. 17, 2020 2:12:17 A.M. hvl.projectparmorel.modelrepair.QModelFixer handleStep
INFO: Calculating new Q-value:
Old Q-value: 200.01090003967334
Alpha: 0.4125
Gamma: 1.0
Reward: 100
Next optimal action Q-value: 100.00019484635766
200.01090003967334 + 0.4125 * (100 + 1.0 * 100.00019484635766 - 200.01090003967334) = 200.00648414743063
apr. 17, 2020 2:12:17 A.M. hvl.projectparmorel.modelrepair.QModelFixer handleStep
INFO: Updated Q-table for error 401, context 0, action 591449609 setEType to new weight 200.00648414743063


apr. 17, 2020 2:12:17 A.M. hvl.projectparmorel.modelrepair.QModelFixer handleEpisode
INFO: EPISODE 15, STEP 1, Fixing error 38: The default value literal '' must be a valid literal of the attribute's type
apr. 17, 2020 2:12:17 A.M. hvl.projectparmorel.modelrepair.QModelFixer chooseAction
INFO: Choosing random action.
apr. 17, 2020 2:12:17 A.M. hvl.projectparmorel.modelrepair.QModelFixer handleStep
INFO: Chose action setEType in context 0 with weight 100.0
apr. 17, 2020 2:12:17 A.M. hvl.projectparmorel.modelrepair.QModelFixer handleStep
INFO: Calculating new Q-value:
Old Q-value: 100.0
Alpha: 0.4125

Reward: 100
100.0 + 0.4125 * (100 - 100.0) = 100.0
apr. 17, 2020 2:12:17 A.M. hvl.projectparmorel.modelrepair.QModelFixer handleStep
INFO: Updated Q-table for error 38, context 0, action 591449609 setEType to new weight 100.0
apr. 17, 2020 2:12:17 A.M. hvl.projectparmorel.modelrepair.QModelFixer handleEpisode
INFO: Solution added to possible solitons: [ErrorAction [Error: 401 The typed element must have a type, Action: setEType, Error hierarchy: 0]
, ErrorAction [Error: 38 The default value literal '' must be a valid literal of the attribute's type, Action: setEType, Error hierarchy: 0]
]
apr. 17, 2020 2:12:17 A.M. hvl.projectparmorel.modelrepair.QModelFixer handleEpisode
INFO: EPISODE 15 TOTAL REWARD 200



apr. 17, 2020 2:12:17 A.M. hvl.projectparmorel.modelrepair.QModelFixer handleEpisode
INFO: EPISODE 16, STEP 0, Fixing error 401: The typed element must have a type
apr. 17, 2020 2:12:17 A.M. hvl.projectparmorel.modelrepair.QModelFixer chooseAction
INFO: Choosing optimal action
apr. 17, 2020 2:12:17 A.M. hvl.projectparmorel.modelrepair.QModelFixer handleStep
INFO: Chose action setEType in context 0 with weight 200.00648414743063
apr. 17, 2020 2:12:17 A.M. hvl.projectparmorel.modelrepair.QModelFixer handleStep
INFO: Next error code: 38
apr. 17, 2020 2:12:17 A.M. hvl.projectparmorel.modelrepair.QModelFixer handleStep
INFO: Calculating new Q-value:
Old Q-value: 200.00648414743063
Alpha: 0.3733333333333334
Gamma: 1.0
Reward: 100
Next optimal action Q-value: 100.00019484635766
200.00648414743063 + 0.3733333333333334 * (100 + 1.0 * 100.00019484635766 - 200.00648414743063) = 200.0041361416967
apr. 17, 2020 2:12:17 A.M. hvl.projectparmorel.modelrepair.QModelFixer handleStep
INFO: Updated Q-table for error 401, context 0, action 591449609 setEType to new weight 200.0041361416967


apr. 17, 2020 2:12:17 A.M. hvl.projectparmorel.modelrepair.QModelFixer handleEpisode
INFO: EPISODE 16, STEP 1, Fixing error 38: The default value literal '' must be a valid literal of the attribute's type
apr. 17, 2020 2:12:17 A.M. hvl.projectparmorel.modelrepair.QModelFixer chooseAction
INFO: Choosing optimal action
apr. 17, 2020 2:12:17 A.M. hvl.projectparmorel.modelrepair.QModelFixer handleStep
INFO: Chose action setEType in context 0 with weight 100.00019484635766
apr. 17, 2020 2:12:17 A.M. hvl.projectparmorel.modelrepair.QModelFixer handleStep
INFO: Calculating new Q-value:
Old Q-value: 100.00019484635766
Alpha: 0.3733333333333334

Reward: 100
100.00019484635766 + 0.3733333333333334 * (100 - 100.00019484635766) = 100.00012210371746
apr. 17, 2020 2:12:17 A.M. hvl.projectparmorel.modelrepair.QModelFixer handleStep
INFO: Updated Q-table for error 38, context 0, action -591535257 setEType to new weight 100.00012210371746
apr. 17, 2020 2:12:17 A.M. hvl.projectparmorel.modelrepair.QModelFixer isUnique
INFO: Solution [ErrorAction [Error: 401 The typed element must have a type, Action: setEType, Error hierarchy: 0]
, ErrorAction [Error: 38 The default value literal '' must be a valid literal of the attribute's type, Action: setEType, Error hierarchy: 0]
] already exists.
apr. 17, 2020 2:12:17 A.M. hvl.projectparmorel.modelrepair.QModelFixer handleEpisode
INFO: Solution discarded.
apr. 17, 2020 2:12:17 A.M. hvl.projectparmorel.modelrepair.QModelFixer handleEpisode
INFO: EPISODE 16 TOTAL REWARD 200



apr. 17, 2020 2:12:17 A.M. hvl.projectparmorel.modelrepair.QModelFixer handleEpisode
INFO: EPISODE 17, STEP 0, Fixing error 401: The typed element must have a type
apr. 17, 2020 2:12:17 A.M. hvl.projectparmorel.modelrepair.QModelFixer chooseAction
INFO: Choosing optimal action
apr. 17, 2020 2:12:17 A.M. hvl.projectparmorel.modelrepair.QModelFixer handleStep
INFO: Chose action setEType in context 0 with weight 200.0041361416967
apr. 17, 2020 2:12:17 A.M. hvl.projectparmorel.modelrepair.QModelFixer handleStep
INFO: Next error code: 38
apr. 17, 2020 2:12:17 A.M. hvl.projectparmorel.modelrepair.QModelFixer handleStep
INFO: Calculating new Q-value:
Old Q-value: 200.0041361416967
Alpha: 0.3341666666666667
Gamma: 1.0
Reward: 100
Next optimal action Q-value: 100.00012210371746
200.0041361416967 + 0.3341666666666667 * (100 + 1.0 * 100.00012210371746 - 200.0041361416967) = 200.0027947840053
apr. 17, 2020 2:12:17 A.M. hvl.projectparmorel.modelrepair.QModelFixer handleStep
INFO: Updated Q-table for error 401, context 0, action 591449609 setEType to new weight 200.0027947840053


apr. 17, 2020 2:12:17 A.M. hvl.projectparmorel.modelrepair.QModelFixer handleEpisode
INFO: EPISODE 17, STEP 1, Fixing error 38: The default value literal '' must be a valid literal of the attribute's type
apr. 17, 2020 2:12:17 A.M. hvl.projectparmorel.modelrepair.QModelFixer chooseAction
INFO: Choosing optimal action
apr. 17, 2020 2:12:17 A.M. hvl.projectparmorel.modelrepair.QModelFixer handleStep
INFO: Chose action setEType in context 0 with weight 100.00012210371746
apr. 17, 2020 2:12:17 A.M. hvl.projectparmorel.modelrepair.QModelFixer handleStep
INFO: Calculating new Q-value:
Old Q-value: 100.00012210371746
Alpha: 0.3341666666666667

Reward: 100
100.00012210371746 + 0.3341666666666667 * (100 - 100.00012210371746) = 100.00008130072521
apr. 17, 2020 2:12:17 A.M. hvl.projectparmorel.modelrepair.QModelFixer handleStep
INFO: Updated Q-table for error 38, context 0, action -591535257 setEType to new weight 100.00008130072521
apr. 17, 2020 2:12:17 A.M. hvl.projectparmorel.modelrepair.QModelFixer isUnique
INFO: Solution [ErrorAction [Error: 401 The typed element must have a type, Action: setEType, Error hierarchy: 0]
, ErrorAction [Error: 38 The default value literal '' must be a valid literal of the attribute's type, Action: setEType, Error hierarchy: 0]
] already exists.
apr. 17, 2020 2:12:17 A.M. hvl.projectparmorel.modelrepair.QModelFixer handleEpisode
INFO: Solution discarded.
apr. 17, 2020 2:12:17 A.M. hvl.projectparmorel.modelrepair.QModelFixer handleEpisode
INFO: EPISODE 17 TOTAL REWARD 200



apr. 17, 2020 2:12:17 A.M. hvl.projectparmorel.modelrepair.QModelFixer handleEpisode
INFO: EPISODE 18, STEP 0, Fixing error 401: The typed element must have a type
apr. 17, 2020 2:12:17 A.M. hvl.projectparmorel.modelrepair.QModelFixer chooseAction
INFO: Choosing random action.
apr. 17, 2020 2:12:17 A.M. hvl.projectparmorel.modelrepair.QModelFixer handleStep
INFO: Chose action setEType in context 0 with weight 200.0027947840053
apr. 17, 2020 2:12:17 A.M. hvl.projectparmorel.modelrepair.QModelFixer handleStep
INFO: Next error code: 38
apr. 17, 2020 2:12:17 A.M. hvl.projectparmorel.modelrepair.QModelFixer handleStep
INFO: Calculating new Q-value:
Old Q-value: 200.0027947840053
Alpha: 0.29500000000000004
Gamma: 1.0
Reward: 100
Next optimal action Q-value: 100.00008130072521
200.0027947840053 + 0.29500000000000004 * (100 + 1.0 * 100.00008130072521 - 200.0027947840053) = 200.00199430643767
apr. 17, 2020 2:12:17 A.M. hvl.projectparmorel.modelrepair.QModelFixer handleStep
INFO: Updated Q-table for error 401, context 0, action 591449609 setEType to new weight 200.00199430643767


apr. 17, 2020 2:12:17 A.M. hvl.projectparmorel.modelrepair.QModelFixer handleEpisode
INFO: EPISODE 18, STEP 1, Fixing error 38: The default value literal '' must be a valid literal of the attribute's type
apr. 17, 2020 2:12:17 A.M. hvl.projectparmorel.modelrepair.QModelFixer chooseAction
INFO: Choosing random action.
apr. 17, 2020 2:12:17 A.M. hvl.projectparmorel.modelrepair.QModelFixer handleStep
INFO: Chose action delete in context 0 with weight -809.4420271071203
apr. 17, 2020 2:12:21 A.M. hvl.projectparmorel.modelrepair.QModelFixer handleStep
INFO: Calculating new Q-value:
Old Q-value: -809.4420271071203
Alpha: 0.29500000000000004

Reward: -1000
-809.4420271071203 + 0.29500000000000004 * (-1000 - -809.4420271071203) = -865.6566291105198
apr. 17, 2020 2:12:21 A.M. hvl.projectparmorel.modelrepair.QModelFixer handleStep
INFO: Updated Q-table for error 38, context 0, action 99999 delete to new weight -865.6566291105198
apr. 17, 2020 2:12:21 A.M. hvl.projectparmorel.modelrepair.QModelFixer isUnique
INFO: Solution [ErrorAction [Error: 401 The typed element must have a type, Action: setEType, Error hierarchy: 0]
, ErrorAction [Error: 38 The default value literal '' must be a valid literal of the attribute's type, Action: delete, Error hierarchy: 0]
] already exists.
apr. 17, 2020 2:12:21 A.M. hvl.projectparmorel.modelrepair.QModelFixer handleEpisode
INFO: Solution discarded.
apr. 17, 2020 2:12:21 A.M. hvl.projectparmorel.modelrepair.QModelFixer handleEpisode
INFO: EPISODE 18 TOTAL REWARD -900



apr. 17, 2020 2:12:21 A.M. hvl.projectparmorel.modelrepair.QModelFixer handleEpisode
INFO: EPISODE 19, STEP 0, Fixing error 401: The typed element must have a type
apr. 17, 2020 2:12:21 A.M. hvl.projectparmorel.modelrepair.QModelFixer chooseAction
INFO: Choosing random action.
apr. 17, 2020 2:12:21 A.M. hvl.projectparmorel.modelrepair.QModelFixer handleStep
INFO: Chose action delete in context 0 with weight -856.0478848490336
apr. 17, 2020 2:12:21 A.M. hvl.projectparmorel.modelrepair.QModelFixer handleStep
INFO: Next error code: 38
apr. 17, 2020 2:12:21 A.M. hvl.projectparmorel.modelrepair.QModelFixer handleStep
INFO: Calculating new Q-value:
Old Q-value: -856.0478848490336
Alpha: 0.25583333333333336
Gamma: 1.0
Reward: -1000
Next optimal action Q-value: 100.00008130072521
-856.0478848490336 + 0.25583333333333336 * (-1000 + 1.0 * 100.00008130072521 - -856.0478848490336) = -867.2922801757203
apr. 17, 2020 2:12:21 A.M. hvl.projectparmorel.modelrepair.QModelFixer handleStep
INFO: Updated Q-table for error 401, context 0, action 99999 delete to new weight -867.2922801757203


apr. 17, 2020 2:12:21 A.M. hvl.projectparmorel.modelrepair.QModelFixer handleEpisode
INFO: EPISODE 19, STEP 1, Fixing error 38: The default value literal '' must be a valid literal of the attribute's type
apr. 17, 2020 2:12:21 A.M. hvl.projectparmorel.modelrepair.QModelFixer chooseAction
INFO: Choosing optimal action
apr. 17, 2020 2:12:21 A.M. hvl.projectparmorel.modelrepair.QModelFixer handleStep
INFO: Chose action setEType in context 0 with weight 100.00008130072521
apr. 17, 2020 2:12:21 A.M. hvl.projectparmorel.modelrepair.QModelFixer handleStep
INFO: Calculating new Q-value:
Old Q-value: 100.00008130072521
Alpha: 0.25583333333333336

Reward: 100
100.00008130072521 + 0.25583333333333336 * (100 - 100.00008130072521) = 100.00006050128968
apr. 17, 2020 2:12:21 A.M. hvl.projectparmorel.modelrepair.QModelFixer handleStep
INFO: Updated Q-table for error 38, context 0, action -591535257 setEType to new weight 100.00006050128968
apr. 17, 2020 2:12:21 A.M. hvl.projectparmorel.modelrepair.QModelFixer isUnique
INFO: Solution [ErrorAction [Error: 401 The typed element must have a type, Action: delete, Error hierarchy: 0]
, ErrorAction [Error: 38 The default value literal '' must be a valid literal of the attribute's type, Action: setEType, Error hierarchy: 0]
] already exists.
apr. 17, 2020 2:12:21 A.M. hvl.projectparmorel.modelrepair.QModelFixer handleEpisode
INFO: Solution discarded.
apr. 17, 2020 2:12:21 A.M. hvl.projectparmorel.modelrepair.QModelFixer handleEpisode
INFO: EPISODE 19 TOTAL REWARD -900



apr. 17, 2020 2:12:21 A.M. hvl.projectparmorel.modelrepair.QModelFixer handleEpisode
INFO: EPISODE 20, STEP 0, Fixing error 401: The typed element must have a type
apr. 17, 2020 2:12:21 A.M. hvl.projectparmorel.modelrepair.QModelFixer chooseAction
INFO: Choosing optimal action
apr. 17, 2020 2:12:21 A.M. hvl.projectparmorel.modelrepair.QModelFixer handleStep
INFO: Chose action setEType in context 0 with weight 200.00199430643767
apr. 17, 2020 2:12:21 A.M. hvl.projectparmorel.modelrepair.QModelFixer handleStep
INFO: Next error code: 38
apr. 17, 2020 2:12:21 A.M. hvl.projectparmorel.modelrepair.QModelFixer handleStep
INFO: Calculating new Q-value:
Old Q-value: 200.00199430643767
Alpha: 0.21666666666666679
Gamma: 1.0
Reward: 100
Next optimal action Q-value: 100.00006050128968
200.00199430643767 + 0.21666666666666679 * (100 + 1.0 * 100.00006050128968 - 200.00199430643767) = 200.00157531532227
apr. 17, 2020 2:12:21 A.M. hvl.projectparmorel.modelrepair.QModelFixer handleStep
INFO: Updated Q-table for error 401, context 0, action 591449609 setEType to new weight 200.00157531532227


apr. 17, 2020 2:12:21 A.M. hvl.projectparmorel.modelrepair.QModelFixer handleEpisode
INFO: EPISODE 20, STEP 1, Fixing error 38: The default value literal '' must be a valid literal of the attribute's type
apr. 17, 2020 2:12:21 A.M. hvl.projectparmorel.modelrepair.QModelFixer chooseAction
INFO: Choosing random action.
apr. 17, 2020 2:12:21 A.M. hvl.projectparmorel.modelrepair.QModelFixer handleStep
INFO: Chose action setEType in context 0 with weight 100.0
apr. 17, 2020 2:12:21 A.M. hvl.projectparmorel.modelrepair.QModelFixer handleStep
INFO: Calculating new Q-value:
Old Q-value: 100.0
Alpha: 0.21666666666666679

Reward: 100
100.0 + 0.21666666666666679 * (100 - 100.0) = 100.0
apr. 17, 2020 2:12:21 A.M. hvl.projectparmorel.modelrepair.QModelFixer handleStep
INFO: Updated Q-table for error 38, context 0, action 591449609 setEType to new weight 100.0
apr. 17, 2020 2:12:21 A.M. hvl.projectparmorel.modelrepair.QModelFixer handleEpisode
INFO: Solution added to possible solitons: [ErrorAction [Error: 401 The typed element must have a type, Action: setEType, Error hierarchy: 0]
, ErrorAction [Error: 38 The default value literal '' must be a valid literal of the attribute's type, Action: setEType, Error hierarchy: 0]
]
apr. 17, 2020 2:12:21 A.M. hvl.projectparmorel.modelrepair.QModelFixer handleEpisode
INFO: EPISODE 20 TOTAL REWARD 200



apr. 17, 2020 2:12:21 A.M. hvl.projectparmorel.modelrepair.QModelFixer handleEpisode
INFO: EPISODE 21, STEP 0, Fixing error 401: The typed element must have a type
apr. 17, 2020 2:12:21 A.M. hvl.projectparmorel.modelrepair.QModelFixer chooseAction
INFO: Choosing optimal action
apr. 17, 2020 2:12:21 A.M. hvl.projectparmorel.modelrepair.QModelFixer handleStep
INFO: Chose action setEType in context 0 with weight 200.00157531532227
apr. 17, 2020 2:12:21 A.M. hvl.projectparmorel.modelrepair.QModelFixer handleStep
INFO: Next error code: 38
apr. 17, 2020 2:12:21 A.M. hvl.projectparmorel.modelrepair.QModelFixer handleStep
INFO: Calculating new Q-value:
Old Q-value: 200.00157531532227
Alpha: 0.1775000000000001
Gamma: 1.0
Reward: 100
Next optimal action Q-value: 100.00006050128968
200.00157531532227 + 0.1775000000000001 * (100 + 1.0 * 100.00006050128968 - 200.00157531532227) = 200.00130643583148
apr. 17, 2020 2:12:21 A.M. hvl.projectparmorel.modelrepair.QModelFixer handleStep
INFO: Updated Q-table for error 401, context 0, action 591449609 setEType to new weight 200.00130643583148


apr. 17, 2020 2:12:21 A.M. hvl.projectparmorel.modelrepair.QModelFixer handleEpisode
INFO: EPISODE 21, STEP 1, Fixing error 38: The default value literal '' must be a valid literal of the attribute's type
apr. 17, 2020 2:12:21 A.M. hvl.projectparmorel.modelrepair.QModelFixer chooseAction
INFO: Choosing optimal action
apr. 17, 2020 2:12:21 A.M. hvl.projectparmorel.modelrepair.QModelFixer handleStep
INFO: Chose action setEType in context 0 with weight 100.00006050128968
apr. 17, 2020 2:12:21 A.M. hvl.projectparmorel.modelrepair.QModelFixer handleStep
INFO: Calculating new Q-value:
Old Q-value: 100.00006050128968
Alpha: 0.1775000000000001

Reward: 100
100.00006050128968 + 0.1775000000000001 * (100 - 100.00006050128968) = 100.00004976231077
apr. 17, 2020 2:12:21 A.M. hvl.projectparmorel.modelrepair.QModelFixer handleStep
INFO: Updated Q-table for error 38, context 0, action -591535257 setEType to new weight 100.00004976231077
apr. 17, 2020 2:12:21 A.M. hvl.projectparmorel.modelrepair.QModelFixer isUnique
INFO: Solution [ErrorAction [Error: 401 The typed element must have a type, Action: setEType, Error hierarchy: 0]
, ErrorAction [Error: 38 The default value literal '' must be a valid literal of the attribute's type, Action: setEType, Error hierarchy: 0]
] already exists.
apr. 17, 2020 2:12:21 A.M. hvl.projectparmorel.modelrepair.QModelFixer handleEpisode
INFO: Solution discarded.
apr. 17, 2020 2:12:21 A.M. hvl.projectparmorel.modelrepair.QModelFixer handleEpisode
INFO: EPISODE 21 TOTAL REWARD 200



apr. 17, 2020 2:12:21 A.M. hvl.projectparmorel.modelrepair.QModelFixer handleEpisode
INFO: EPISODE 22, STEP 0, Fixing error 401: The typed element must have a type
apr. 17, 2020 2:12:21 A.M. hvl.projectparmorel.modelrepair.QModelFixer chooseAction
INFO: Choosing optimal action
apr. 17, 2020 2:12:21 A.M. hvl.projectparmorel.modelrepair.QModelFixer handleStep
INFO: Chose action setEType in context 0 with weight 200.00130643583148
apr. 17, 2020 2:12:21 A.M. hvl.projectparmorel.modelrepair.QModelFixer handleStep
INFO: Next error code: 38
apr. 17, 2020 2:12:21 A.M. hvl.projectparmorel.modelrepair.QModelFixer handleStep
INFO: Calculating new Q-value:
Old Q-value: 200.00130643583148
Alpha: 0.1383333333333333
Gamma: 1.0
Reward: 100
Next optimal action Q-value: 100.00004976231077
200.00130643583148 + 0.1383333333333333 * (100 + 1.0 * 100.00004976231077 - 200.00130643583148) = 200.00113259599445
apr. 17, 2020 2:12:21 A.M. hvl.projectparmorel.modelrepair.QModelFixer handleStep
INFO: Updated Q-table for error 401, context 0, action 591449609 setEType to new weight 200.00113259599445


apr. 17, 2020 2:12:21 A.M. hvl.projectparmorel.modelrepair.QModelFixer handleEpisode
INFO: EPISODE 22, STEP 1, Fixing error 38: The default value literal '' must be a valid literal of the attribute's type
apr. 17, 2020 2:12:21 A.M. hvl.projectparmorel.modelrepair.QModelFixer chooseAction
INFO: Choosing optimal action
apr. 17, 2020 2:12:21 A.M. hvl.projectparmorel.modelrepair.QModelFixer handleStep
INFO: Chose action setEType in context 0 with weight 100.00004976231077
apr. 17, 2020 2:12:21 A.M. hvl.projectparmorel.modelrepair.QModelFixer handleStep
INFO: Calculating new Q-value:
Old Q-value: 100.00004976231077
Alpha: 0.1383333333333333

Reward: 100
100.00004976231077 + 0.1383333333333333 * (100 - 100.00004976231077) = 100.00004287852444
apr. 17, 2020 2:12:21 A.M. hvl.projectparmorel.modelrepair.QModelFixer handleStep
INFO: Updated Q-table for error 38, context 0, action -591535257 setEType to new weight 100.00004287852444
apr. 17, 2020 2:12:21 A.M. hvl.projectparmorel.modelrepair.QModelFixer isUnique
INFO: Solution [ErrorAction [Error: 401 The typed element must have a type, Action: setEType, Error hierarchy: 0]
, ErrorAction [Error: 38 The default value literal '' must be a valid literal of the attribute's type, Action: setEType, Error hierarchy: 0]
] already exists.
apr. 17, 2020 2:12:21 A.M. hvl.projectparmorel.modelrepair.QModelFixer handleEpisode
INFO: Solution discarded.
apr. 17, 2020 2:12:21 A.M. hvl.projectparmorel.modelrepair.QModelFixer handleEpisode
INFO: EPISODE 22 TOTAL REWARD 200



apr. 17, 2020 2:12:21 A.M. hvl.projectparmorel.modelrepair.QModelFixer handleEpisode
INFO: EPISODE 23, STEP 0, Fixing error 401: The typed element must have a type
apr. 17, 2020 2:12:21 A.M. hvl.projectparmorel.modelrepair.QModelFixer chooseAction
INFO: Choosing optimal action
apr. 17, 2020 2:12:21 A.M. hvl.projectparmorel.modelrepair.QModelFixer handleStep
INFO: Chose action setEType in context 0 with weight 200.00113259599445
apr. 17, 2020 2:12:21 A.M. hvl.projectparmorel.modelrepair.QModelFixer handleStep
INFO: Next error code: 38
apr. 17, 2020 2:12:21 A.M. hvl.projectparmorel.modelrepair.QModelFixer handleStep
INFO: Calculating new Q-value:
Old Q-value: 200.00113259599445
Alpha: 0.09916666666666674
Gamma: 1.0
Reward: 100
Next optimal action Q-value: 100.00004287852444
200.00113259599445 + 0.09916666666666674 * (100 + 1.0 * 100.00004287852444 - 200.00113259599445) = 200.00102453234533
apr. 17, 2020 2:12:21 A.M. hvl.projectparmorel.modelrepair.QModelFixer handleStep
INFO: Updated Q-table for error 401, context 0, action 591449609 setEType to new weight 200.00102453234533


apr. 17, 2020 2:12:21 A.M. hvl.projectparmorel.modelrepair.QModelFixer handleEpisode
INFO: EPISODE 23, STEP 1, Fixing error 38: The default value literal '' must be a valid literal of the attribute's type
apr. 17, 2020 2:12:21 A.M. hvl.projectparmorel.modelrepair.QModelFixer chooseAction
INFO: Choosing random action.
apr. 17, 2020 2:12:21 A.M. hvl.projectparmorel.modelrepair.QModelFixer handleStep
INFO: Chose action delete in context 0 with weight -865.6566291105198
apr. 17, 2020 2:12:25 A.M. hvl.projectparmorel.modelrepair.QModelFixer handleStep
INFO: Calculating new Q-value:
Old Q-value: -865.6566291105198
Alpha: 0.09916666666666674

Reward: -1000
-865.6566291105198 + 0.09916666666666674 * (-1000 - -865.6566291105198) = -878.9790133903932
apr. 17, 2020 2:12:25 A.M. hvl.projectparmorel.modelrepair.QModelFixer handleStep
INFO: Updated Q-table for error 38, context 0, action 99999 delete to new weight -878.9790133903932
apr. 17, 2020 2:12:25 A.M. hvl.projectparmorel.modelrepair.QModelFixer isUnique
INFO: Solution [ErrorAction [Error: 401 The typed element must have a type, Action: setEType, Error hierarchy: 0]
, ErrorAction [Error: 38 The default value literal '' must be a valid literal of the attribute's type, Action: delete, Error hierarchy: 0]
] already exists.
apr. 17, 2020 2:12:25 A.M. hvl.projectparmorel.modelrepair.QModelFixer handleEpisode
INFO: Solution discarded.
apr. 17, 2020 2:12:25 A.M. hvl.projectparmorel.modelrepair.QModelFixer handleEpisode
INFO: EPISODE 23 TOTAL REWARD -900



apr. 17, 2020 2:12:25 A.M. hvl.projectparmorel.modelrepair.QModelFixer handleEpisode
INFO: EPISODE 24, STEP 0, Fixing error 401: The typed element must have a type
apr. 17, 2020 2:12:25 A.M. hvl.projectparmorel.modelrepair.QModelFixer chooseAction
INFO: Choosing optimal action
apr. 17, 2020 2:12:25 A.M. hvl.projectparmorel.modelrepair.QModelFixer handleStep
INFO: Chose action setEType in context 0 with weight 200.00102453234533
apr. 17, 2020 2:12:25 A.M. hvl.projectparmorel.modelrepair.QModelFixer handleStep
INFO: Next error code: 38
apr. 17, 2020 2:12:25 A.M. hvl.projectparmorel.modelrepair.QModelFixer handleStep
INFO: Calculating new Q-value:
Old Q-value: 200.00102453234533
Alpha: 0.06000000000000005
Gamma: 1.0
Reward: 100
Next optimal action Q-value: 100.00004287852444
200.00102453234533 + 0.06000000000000005 * (100 + 1.0 * 100.00004287852444 - 200.00102453234533) = 200.00096563311607
apr. 17, 2020 2:12:25 A.M. hvl.projectparmorel.modelrepair.QModelFixer handleStep
INFO: Updated Q-table for error 401, context 0, action 591449609 setEType to new weight 200.00096563311607


apr. 17, 2020 2:12:25 A.M. hvl.projectparmorel.modelrepair.QModelFixer handleEpisode
INFO: EPISODE 24, STEP 1, Fixing error 38: The default value literal '' must be a valid literal of the attribute's type
apr. 17, 2020 2:12:25 A.M. hvl.projectparmorel.modelrepair.QModelFixer chooseAction
INFO: Choosing optimal action
apr. 17, 2020 2:12:25 A.M. hvl.projectparmorel.modelrepair.QModelFixer handleStep
INFO: Chose action setEType in context 0 with weight 100.00004287852444
apr. 17, 2020 2:12:25 A.M. hvl.projectparmorel.modelrepair.QModelFixer handleStep
INFO: Calculating new Q-value:
Old Q-value: 100.00004287852444
Alpha: 0.06000000000000005

Reward: 100
100.00004287852444 + 0.06000000000000005 * (100 - 100.00004287852444) = 100.00004030581297
apr. 17, 2020 2:12:25 A.M. hvl.projectparmorel.modelrepair.QModelFixer handleStep
INFO: Updated Q-table for error 38, context 0, action -591535257 setEType to new weight 100.00004030581297
apr. 17, 2020 2:12:25 A.M. hvl.projectparmorel.modelrepair.QModelFixer isUnique
INFO: Solution [ErrorAction [Error: 401 The typed element must have a type, Action: setEType, Error hierarchy: 0]
, ErrorAction [Error: 38 The default value literal '' must be a valid literal of the attribute's type, Action: setEType, Error hierarchy: 0]
] already exists.
apr. 17, 2020 2:12:25 A.M. hvl.projectparmorel.modelrepair.QModelFixer handleEpisode
INFO: Solution discarded.
apr. 17, 2020 2:12:25 A.M. hvl.projectparmorel.modelrepair.QModelFixer handleEpisode
INFO: EPISODE 24 TOTAL REWARD 200



apr. 17, 2020 2:12:25 A.M. hvl.projectparmorel.modelrepair.QModelFixer fixModel
INFO: Time repairing model: 12306 ms
apr. 17, 2020 2:12:25 A.M. hvl.projectparmorel.modelrepair.QModelFixer fixModel
INFO: 
-----------------ALL SEQUENCES FOUND-------------------
SIZE: 4
DISCARDED SEQUENCES: 21
--------::::B E S T   S E Q U E N C E   I S::::---------
Sequence [id=0, seq=[ErrorAction [Error: 401 The typed element must have a type, Action: setEType, Error hierarchy: 0]
, ErrorAction [Error: 38 The default value literal '' must be a valid literal of the attribute's type, Action: setEType, Error hierarchy: 0]
], weight=200.0]

 with 2 actions.
apr. 17, 2020 2:12:25 A.M. hvl.projectparmorel.knowledge.Knowledge save
INFO: Saving initialized
apr. 17, 2020 2:12:25 A.M. hvl.projectparmorel.knowledge.Knowledge save
INFO: document prepared
apr. 17, 2020 2:12:25 A.M. hvl.projectparmorel.knowledge.Knowledge save
INFO: Saving completed to /Users/Magnus/Skole/DAT300/EclipseWorkspace2/ParmorelRunnable/knowledge.xml
apr. 17, 2020 2:12:25 A.M. hvl.projectparmorel.ecore.EcoreSolution calculateDistanceFromOriginal
INFO: Calculating distance between modellog.ecore and differentSelectionMethodsOriginalsparmorel_temp_solution_0_modellog.ecore
apr. 17, 2020 2:12:25 A.M. hvl.projectparmorel.ecore.EcoreSolution calculateDistanceFromOriginal
WARNING: Could not calculate the distance between the models.
apr. 17, 2020 2:12:25 A.M. hvl.projectparmorel.ecore.EcoreSolution calculateDistanceFromOriginal
INFO: Calculating distance between modellog.ecore and differentSelectionMethodsOriginalsparmorel_temp_solution_2_modellog.ecore
apr. 17, 2020 2:12:25 A.M. hvl.projectparmorel.ecore.EcoreSolution calculateDistanceFromOriginal
WARNING: Could not calculate the distance between the models.
apr. 17, 2020 2:12:25 A.M. hvl.projectparmorel.ecore.EcoreSolution calculateDistanceFromOriginal
INFO: Calculating distance between modellog.ecore and differentSelectionMethodsOriginalsparmorel_temp_solution_15_modellog.ecore
apr. 17, 2020 2:12:25 A.M. hvl.projectparmorel.ecore.EcoreSolution calculateDistanceFromOriginal
WARNING: Could not calculate the distance between the models.
apr. 17, 2020 2:12:25 A.M. hvl.projectparmorel.ecore.EcoreSolution calculateDistanceFromOriginal
INFO: Calculating distance between modellog.ecore and differentSelectionMethodsOriginalsparmorel_temp_solution_20_modellog.ecore
apr. 17, 2020 2:12:25 A.M. hvl.projectparmorel.ecore.EcoreSolution calculateDistanceFromOriginal
WARNING: Could not calculate the distance between the models.
apr. 17, 2020 2:12:25 A.M. hvl.projectparmorel.knowledge.Knowledge save
INFO: Saving initialized
apr. 17, 2020 2:12:25 A.M. hvl.projectparmorel.knowledge.Knowledge save
INFO: document prepared
apr. 17, 2020 2:12:25 A.M. hvl.projectparmorel.knowledge.Knowledge save
INFO: Saving completed to /Users/Magnus/Skole/DAT300/EclipseWorkspace2/ParmorelRunnable/knowledge.xml
