apr. 17, 2020 3:22:47 A.M. hvl.projectparmorel.modelrepair.QModelFixer fixModel
INFO: Repairing primer.ecore
apr. 17, 2020 3:22:47 A.M. hvl.projectparmorel.modelrepair.QModelFixer fixModel
INFO: Running with preferences [SHORT_SEQUENCES_OF_ACTIONS, REPAIR_HIGH_IN_CONTEXT_HIERARCHY]
apr. 17, 2020 3:22:47 A.M. hvl.projectparmorel.modelrepair.QModelFixer handleUnsupportedErrors
WARNING: The error code 1 for the error The required feature 'eAttributeType' of 'org.eclipse.emf.ecore.impl.EAttributeImpl@7e044460{file:/Users/Magnus/Skole/DAT300/EclipseWorkspace2/ParmorelRunnable/././differentSelectionMethodsOriginals/primer.ecore#//Aplikacija/naziv}' must be set is not supported.
apr. 17, 2020 3:22:47 A.M. hvl.projectparmorel.modelrepair.QModelFixer handleUnsupportedErrors
WARNING: The error code 1 for the error The required feature 'eAttributeType' of 'org.eclipse.emf.ecore.impl.EAttributeImpl@3b00463c{file:/Users/Magnus/Skole/DAT300/EclipseWorkspace2/ParmorelRunnable/././differentSelectionMethodsOriginals/primer.ecore#//Aplikacija/verzija}' must be set is not supported.
apr. 17, 2020 3:22:47 A.M. hvl.projectparmorel.modelrepair.QModelFixer handleUnsupportedErrors
WARNING: The error code 1 for the error The required feature 'eReferenceType' of 'org.eclipse.emf.ecore.impl.EReferenceImpl@4518e588{file:/Users/Magnus/Skole/DAT300/EclipseWorkspace2/ParmorelRunnable/././differentSelectionMethodsOriginals/primer.ecore#//Aplikacija/deployed}' must be set is not supported.
apr. 17, 2020 3:22:47 A.M. hvl.projectparmorel.modelrepair.QModelFixer handleUnsupportedErrors
WARNING: The error code 1 for the error The required feature 'eAttributeType' of 'org.eclipse.emf.ecore.impl.EAttributeImpl@67e6cb5{file:/Users/Magnus/Skole/DAT300/EclipseWorkspace2/ParmorelRunnable/././differentSelectionMethodsOriginals/primer.ecore#//Cvor/Ime}' must be set is not supported.
apr. 17, 2020 3:22:47 A.M. hvl.projectparmorel.modelrepair.QModelFixer handleUnsupportedErrors
WARNING: The error code 1 for the error The required feature 'eAttributeType' of 'org.eclipse.emf.ecore.impl.EAttributeImpl@44b8f801{file:/Users/Magnus/Skole/DAT300/EclipseWorkspace2/ParmorelRunnable/././differentSelectionMethodsOriginals/primer.ecore#//Cvor/os}' must be set is not supported.
apr. 17, 2020 3:22:47 A.M. hvl.projectparmorel.modelrepair.QModelFixer handleUnsupportedErrors
WARNING: The error code 1 for the error The required feature 'eReferenceType' of 'org.eclipse.emf.ecore.impl.EReferenceImpl@7bcfa0e7{file:/Users/Magnus/Skole/DAT300/EclipseWorkspace2/ParmorelRunnable/././differentSelectionMethodsOriginals/primer.ecore#//Cvor/deploy}' must be set is not supported.
apr. 17, 2020 3:22:47 A.M. hvl.projectparmorel.modelrepair.QModelFixer fixModel
INFO: Initial number of errors in model: 6
Maximum number of steps per episode: 20
Errors to fix: [Error 40, message=The typed element must have a type
, Error 40, message=The typed element must have a type
, Error 401, message=The typed element must have a type
, Error 40, message=The typed element must have a type
, Error 40, message=The typed element must have a type
, Error 401, message=The typed element must have a type
]
apr. 17, 2020 3:22:47 A.M. hvl.projectparmorel.modelrepair.QModelFixer fixModel
INFO: Initializing Q-table for the errors.
apr. 17, 2020 3:22:47 A.M. hvl.projectparmorel.modelrepair.QModelFixer fixModel
INFO: Number of episodes: 25
apr. 17, 2020 3:22:47 A.M. hvl.projectparmorel.modelrepair.QModelFixer handleEpisode
INFO: EPISODE 0, STEP 0, Fixing error 40: The typed element must have a type
apr. 17, 2020 3:22:47 A.M. hvl.projectparmorel.modelrepair.QModelFixer chooseAction
INFO: Choosing optimal action
apr. 17, 2020 3:22:47 A.M. hvl.projectparmorel.modelrepair.QModelFixer handleStep
INFO: Chose action delete in context 0 with weight 3606.8177975244653
apr. 17, 2020 3:22:47 A.M. hvl.projectparmorel.modelrepair.QModelFixer handleStep
INFO: Calculating new Q-value:
Old Q-value: 3606.8177975244653
Alpha: 1.0

Reward: 0
3606.8177975244653 + 1.0 * (0 - 3606.8177975244653) = 0.0
apr. 17, 2020 3:22:47 A.M. hvl.projectparmorel.modelrepair.QModelFixer handleStep
INFO: Updated Q-table for error 40, context 0, action 99999 delete to new weight 0.0
apr. 17, 2020 3:22:47 A.M. hvl.projectparmorel.modelrepair.QModelFixer handleEpisode
INFO: Solution added to possible solitons: [ErrorAction [Error: 40 The typed element must have a type, Action: delete, Error hierarchy: 0]
]
apr. 17, 2020 3:22:47 A.M. hvl.projectparmorel.modelrepair.QModelFixer handleEpisode
INFO: EPISODE 0 TOTAL REWARD 0



apr. 17, 2020 3:22:47 A.M. hvl.projectparmorel.modelrepair.QModelFixer handleEpisode
INFO: EPISODE 1, STEP 0, Fixing error 40: The typed element must have a type
apr. 17, 2020 3:22:47 A.M. hvl.projectparmorel.modelrepair.QModelFixer chooseAction
INFO: Choosing optimal action
apr. 17, 2020 3:22:47 A.M. hvl.projectparmorel.modelrepair.QModelFixer handleStep
INFO: Chose action setEType in context 0 with weight 2786.713871002799
apr. 17, 2020 3:22:47 A.M. hvl.projectparmorel.modelrepair.QModelFixer handleStep
INFO: Calculating new Q-value:
Old Q-value: 2786.713871002799
Alpha: 0.9608333333333333

Reward: 0
2786.713871002799 + 0.9608333333333333 * (0 - 2786.713871002799) = 109.14629328094315
apr. 17, 2020 3:22:47 A.M. hvl.projectparmorel.modelrepair.QModelFixer handleStep
INFO: Updated Q-table for error 40, context 0, action 591449609 setEType to new weight 109.14629328094315
apr. 17, 2020 3:22:47 A.M. hvl.projectparmorel.modelrepair.QModelFixer isUnique
INFO: Solution [ErrorAction [Error: 40 The typed element must have a type, Action: setEType, Error hierarchy: 0]
] already exists.
apr. 17, 2020 3:22:47 A.M. hvl.projectparmorel.modelrepair.QModelFixer handleEpisode
INFO: Solution discarded.
apr. 17, 2020 3:22:47 A.M. hvl.projectparmorel.modelrepair.QModelFixer handleEpisode
INFO: EPISODE 1 TOTAL REWARD 0



apr. 17, 2020 3:22:47 A.M. hvl.projectparmorel.modelrepair.QModelFixer handleEpisode
INFO: EPISODE 2, STEP 0, Fixing error 40: The typed element must have a type
apr. 17, 2020 3:22:47 A.M. hvl.projectparmorel.modelrepair.QModelFixer chooseAction
INFO: Choosing optimal action
apr. 17, 2020 3:22:47 A.M. hvl.projectparmorel.modelrepair.QModelFixer handleStep
INFO: Chose action setEType in context 0 with weight 109.14629328094315
apr. 17, 2020 3:22:47 A.M. hvl.projectparmorel.modelrepair.QModelFixer handleStep
INFO: Calculating new Q-value:
Old Q-value: 109.14629328094315
Alpha: 0.9216666666666666

Reward: 0
109.14629328094315 + 0.9216666666666666 * (0 - 109.14629328094315) = 8.549792973673888
apr. 17, 2020 3:22:47 A.M. hvl.projectparmorel.modelrepair.QModelFixer handleStep
INFO: Updated Q-table for error 40, context 0, action 591449609 setEType to new weight 8.549792973673888
apr. 17, 2020 3:22:47 A.M. hvl.projectparmorel.modelrepair.QModelFixer isUnique
INFO: Solution [ErrorAction [Error: 40 The typed element must have a type, Action: setEType, Error hierarchy: 0]
] already exists.
apr. 17, 2020 3:22:47 A.M. hvl.projectparmorel.modelrepair.QModelFixer handleEpisode
INFO: Solution discarded.
apr. 17, 2020 3:22:47 A.M. hvl.projectparmorel.modelrepair.QModelFixer handleEpisode
INFO: EPISODE 2 TOTAL REWARD 0



apr. 17, 2020 3:22:47 A.M. hvl.projectparmorel.modelrepair.QModelFixer handleEpisode
INFO: EPISODE 3, STEP 0, Fixing error 40: The typed element must have a type
apr. 17, 2020 3:22:47 A.M. hvl.projectparmorel.modelrepair.QModelFixer chooseAction
INFO: Choosing random action.
apr. 17, 2020 3:22:47 A.M. hvl.projectparmorel.modelrepair.QModelFixer handleStep
INFO: Chose action delete in context 0 with weight 0.0
apr. 17, 2020 3:22:47 A.M. hvl.projectparmorel.modelrepair.QModelFixer handleStep
INFO: Calculating new Q-value:
Old Q-value: 0.0
Alpha: 0.8825000000000001

Reward: 0
0.0 + 0.8825000000000001 * (0 - 0.0) = 0.0
apr. 17, 2020 3:22:47 A.M. hvl.projectparmorel.modelrepair.QModelFixer handleStep
INFO: Updated Q-table for error 40, context 0, action 99999 delete to new weight 0.0
apr. 17, 2020 3:22:47 A.M. hvl.projectparmorel.modelrepair.QModelFixer handleEpisode
INFO: Solution added to possible solitons: [ErrorAction [Error: 40 The typed element must have a type, Action: delete, Error hierarchy: 0]
]
apr. 17, 2020 3:22:47 A.M. hvl.projectparmorel.modelrepair.QModelFixer handleEpisode
INFO: EPISODE 3 TOTAL REWARD 0



apr. 17, 2020 3:22:47 A.M. hvl.projectparmorel.modelrepair.QModelFixer handleEpisode
INFO: EPISODE 4, STEP 0, Fixing error 40: The typed element must have a type
apr. 17, 2020 3:22:47 A.M. hvl.projectparmorel.modelrepair.QModelFixer chooseAction
INFO: Choosing optimal action
apr. 17, 2020 3:22:47 A.M. hvl.projectparmorel.modelrepair.QModelFixer handleStep
INFO: Chose action setEType in context 0 with weight 8.549792973673888
apr. 17, 2020 3:22:47 A.M. hvl.projectparmorel.modelrepair.QModelFixer handleStep
INFO: Calculating new Q-value:
Old Q-value: 8.549792973673888
Alpha: 0.8433333333333334

Reward: 0
8.549792973673888 + 0.8433333333333334 * (0 - 8.549792973673888) = 1.3394675658755757
apr. 17, 2020 3:22:47 A.M. hvl.projectparmorel.modelrepair.QModelFixer handleStep
INFO: Updated Q-table for error 40, context 0, action 591449609 setEType to new weight 1.3394675658755757
apr. 17, 2020 3:22:47 A.M. hvl.projectparmorel.modelrepair.QModelFixer isUnique
INFO: Solution [ErrorAction [Error: 40 The typed element must have a type, Action: setEType, Error hierarchy: 0]
] already exists.
apr. 17, 2020 3:22:47 A.M. hvl.projectparmorel.modelrepair.QModelFixer handleEpisode
INFO: Solution discarded.
apr. 17, 2020 3:22:47 A.M. hvl.projectparmorel.modelrepair.QModelFixer handleEpisode
INFO: EPISODE 4 TOTAL REWARD 0



apr. 17, 2020 3:22:47 A.M. hvl.projectparmorel.modelrepair.QModelFixer handleEpisode
INFO: EPISODE 5, STEP 0, Fixing error 40: The typed element must have a type
apr. 17, 2020 3:22:47 A.M. hvl.projectparmorel.modelrepair.QModelFixer chooseAction
INFO: Choosing random action.
apr. 17, 2020 3:22:47 A.M. hvl.projectparmorel.modelrepair.QModelFixer handleStep
INFO: Chose action setEType in context 0 with weight 1.3394675658755757
apr. 17, 2020 3:22:47 A.M. hvl.projectparmorel.modelrepair.QModelFixer handleStep
INFO: Calculating new Q-value:
Old Q-value: 1.3394675658755757
Alpha: 0.8041666666666667

Reward: 0
1.3394675658755757 + 0.8041666666666667 * (0 - 1.3394675658755757) = 0.26231239831730013
apr. 17, 2020 3:22:47 A.M. hvl.projectparmorel.modelrepair.QModelFixer handleStep
INFO: Updated Q-table for error 40, context 0, action 591449609 setEType to new weight 0.26231239831730013
apr. 17, 2020 3:22:47 A.M. hvl.projectparmorel.modelrepair.QModelFixer isUnique
INFO: Solution [ErrorAction [Error: 40 The typed element must have a type, Action: setEType, Error hierarchy: 0]
] already exists.
apr. 17, 2020 3:22:47 A.M. hvl.projectparmorel.modelrepair.QModelFixer handleEpisode
INFO: Solution discarded.
apr. 17, 2020 3:22:47 A.M. hvl.projectparmorel.modelrepair.QModelFixer handleEpisode
INFO: EPISODE 5 TOTAL REWARD 0



apr. 17, 2020 3:22:47 A.M. hvl.projectparmorel.modelrepair.QModelFixer handleEpisode
INFO: EPISODE 6, STEP 0, Fixing error 40: The typed element must have a type
apr. 17, 2020 3:22:47 A.M. hvl.projectparmorel.modelrepair.QModelFixer chooseAction
INFO: Choosing optimal action
apr. 17, 2020 3:22:47 A.M. hvl.projectparmorel.modelrepair.QModelFixer handleStep
INFO: Chose action setEType in context 0 with weight 0.26231239831730013
apr. 17, 2020 3:22:47 A.M. hvl.projectparmorel.modelrepair.QModelFixer handleStep
INFO: Calculating new Q-value:
Old Q-value: 0.26231239831730013
Alpha: 0.765

Reward: 0
0.26231239831730013 + 0.765 * (0 - 0.26231239831730013) = 0.06164341360456552
apr. 17, 2020 3:22:47 A.M. hvl.projectparmorel.modelrepair.QModelFixer handleStep
INFO: Updated Q-table for error 40, context 0, action 591449609 setEType to new weight 0.06164341360456552
apr. 17, 2020 3:22:47 A.M. hvl.projectparmorel.modelrepair.QModelFixer isUnique
INFO: Solution [ErrorAction [Error: 40 The typed element must have a type, Action: setEType, Error hierarchy: 0]
] already exists.
apr. 17, 2020 3:22:47 A.M. hvl.projectparmorel.modelrepair.QModelFixer handleEpisode
INFO: Solution discarded.
apr. 17, 2020 3:22:47 A.M. hvl.projectparmorel.modelrepair.QModelFixer handleEpisode
INFO: EPISODE 6 TOTAL REWARD 0



apr. 17, 2020 3:22:47 A.M. hvl.projectparmorel.modelrepair.QModelFixer handleEpisode
INFO: EPISODE 7, STEP 0, Fixing error 40: The typed element must have a type
apr. 17, 2020 3:22:47 A.M. hvl.projectparmorel.modelrepair.QModelFixer chooseAction
INFO: Choosing random action.
apr. 17, 2020 3:22:47 A.M. hvl.projectparmorel.modelrepair.QModelFixer handleStep
INFO: Chose action setEType in context 0 with weight 0.06164341360456552
apr. 17, 2020 3:22:47 A.M. hvl.projectparmorel.modelrepair.QModelFixer handleStep
INFO: Calculating new Q-value:
Old Q-value: 0.06164341360456552
Alpha: 0.7258333333333333

Reward: 0
0.06164341360456552 + 0.7258333333333333 * (0 - 0.06164341360456552) = 0.01690056922991838
apr. 17, 2020 3:22:47 A.M. hvl.projectparmorel.modelrepair.QModelFixer handleStep
INFO: Updated Q-table for error 40, context 0, action 591449609 setEType to new weight 0.01690056922991838
apr. 17, 2020 3:22:47 A.M. hvl.projectparmorel.modelrepair.QModelFixer isUnique
INFO: Solution [ErrorAction [Error: 40 The typed element must have a type, Action: setEType, Error hierarchy: 0]
] already exists.
apr. 17, 2020 3:22:47 A.M. hvl.projectparmorel.modelrepair.QModelFixer handleEpisode
INFO: Solution discarded.
apr. 17, 2020 3:22:47 A.M. hvl.projectparmorel.modelrepair.QModelFixer handleEpisode
INFO: EPISODE 7 TOTAL REWARD 0



apr. 17, 2020 3:22:47 A.M. hvl.projectparmorel.modelrepair.QModelFixer handleEpisode
INFO: EPISODE 8, STEP 0, Fixing error 40: The typed element must have a type
apr. 17, 2020 3:22:47 A.M. hvl.projectparmorel.modelrepair.QModelFixer chooseAction
INFO: Choosing optimal action
apr. 17, 2020 3:22:47 A.M. hvl.projectparmorel.modelrepair.QModelFixer handleStep
INFO: Chose action setEType in context 0 with weight 0.01690056922991838
apr. 17, 2020 3:22:47 A.M. hvl.projectparmorel.modelrepair.QModelFixer handleStep
INFO: Calculating new Q-value:
Old Q-value: 0.01690056922991838
Alpha: 0.6866666666666668

Reward: 0
0.01690056922991838 + 0.6866666666666668 * (0 - 0.01690056922991838) = 0.00529551169204109
apr. 17, 2020 3:22:47 A.M. hvl.projectparmorel.modelrepair.QModelFixer handleStep
INFO: Updated Q-table for error 40, context 0, action 591449609 setEType to new weight 0.00529551169204109
apr. 17, 2020 3:22:47 A.M. hvl.projectparmorel.modelrepair.QModelFixer isUnique
INFO: Solution [ErrorAction [Error: 40 The typed element must have a type, Action: setEType, Error hierarchy: 0]
] already exists.
apr. 17, 2020 3:22:47 A.M. hvl.projectparmorel.modelrepair.QModelFixer handleEpisode
INFO: Solution discarded.
apr. 17, 2020 3:22:47 A.M. hvl.projectparmorel.modelrepair.QModelFixer handleEpisode
INFO: EPISODE 8 TOTAL REWARD 0



apr. 17, 2020 3:22:47 A.M. hvl.projectparmorel.modelrepair.QModelFixer handleEpisode
INFO: EPISODE 9, STEP 0, Fixing error 40: The typed element must have a type
apr. 17, 2020 3:22:47 A.M. hvl.projectparmorel.modelrepair.QModelFixer chooseAction
INFO: Choosing optimal action
apr. 17, 2020 3:22:47 A.M. hvl.projectparmorel.modelrepair.QModelFixer handleStep
INFO: Chose action setEType in context 0 with weight 0.00529551169204109
apr. 17, 2020 3:22:47 A.M. hvl.projectparmorel.modelrepair.QModelFixer handleStep
INFO: Calculating new Q-value:
Old Q-value: 0.00529551169204109
Alpha: 0.6475

Reward: 0
0.00529551169204109 + 0.6475 * (0 - 0.00529551169204109) = 0.0018666678714444845
apr. 17, 2020 3:22:47 A.M. hvl.projectparmorel.modelrepair.QModelFixer handleStep
INFO: Updated Q-table for error 40, context 0, action 591449609 setEType to new weight 0.0018666678714444845
apr. 17, 2020 3:22:47 A.M. hvl.projectparmorel.modelrepair.QModelFixer isUnique
INFO: Solution [ErrorAction [Error: 40 The typed element must have a type, Action: setEType, Error hierarchy: 0]
] already exists.
apr. 17, 2020 3:22:47 A.M. hvl.projectparmorel.modelrepair.QModelFixer handleEpisode
INFO: Solution discarded.
apr. 17, 2020 3:22:47 A.M. hvl.projectparmorel.modelrepair.QModelFixer handleEpisode
INFO: EPISODE 9 TOTAL REWARD 0



apr. 17, 2020 3:22:47 A.M. hvl.projectparmorel.modelrepair.QModelFixer handleEpisode
INFO: EPISODE 10, STEP 0, Fixing error 40: The typed element must have a type
apr. 17, 2020 3:22:47 A.M. hvl.projectparmorel.modelrepair.QModelFixer chooseAction
INFO: Choosing optimal action
apr. 17, 2020 3:22:47 A.M. hvl.projectparmorel.modelrepair.QModelFixer handleStep
INFO: Chose action setEType in context 0 with weight 0.0018666678714444845
apr. 17, 2020 3:22:47 A.M. hvl.projectparmorel.modelrepair.QModelFixer handleStep
INFO: Calculating new Q-value:
Old Q-value: 0.0018666678714444845
Alpha: 0.6083333333333334

Reward: 0
0.0018666678714444845 + 0.6083333333333334 * (0 - 0.0018666678714444845) = 7.31111582982423E-4
apr. 17, 2020 3:22:47 A.M. hvl.projectparmorel.modelrepair.QModelFixer handleStep
INFO: Updated Q-table for error 40, context 0, action 591449609 setEType to new weight 7.31111582982423E-4
apr. 17, 2020 3:22:47 A.M. hvl.projectparmorel.modelrepair.QModelFixer isUnique
INFO: Solution [ErrorAction [Error: 40 The typed element must have a type, Action: setEType, Error hierarchy: 0]
] already exists.
apr. 17, 2020 3:22:47 A.M. hvl.projectparmorel.modelrepair.QModelFixer handleEpisode
INFO: Solution discarded.
apr. 17, 2020 3:22:47 A.M. hvl.projectparmorel.modelrepair.QModelFixer handleEpisode
INFO: EPISODE 10 TOTAL REWARD 0



apr. 17, 2020 3:22:47 A.M. hvl.projectparmorel.modelrepair.QModelFixer handleEpisode
INFO: EPISODE 11, STEP 0, Fixing error 40: The typed element must have a type
apr. 17, 2020 3:22:47 A.M. hvl.projectparmorel.modelrepair.QModelFixer chooseAction
INFO: Choosing random action.
apr. 17, 2020 3:22:47 A.M. hvl.projectparmorel.modelrepair.QModelFixer handleStep
INFO: Chose action setEType in context 0 with weight 7.31111582982423E-4
apr. 17, 2020 3:22:47 A.M. hvl.projectparmorel.modelrepair.QModelFixer handleStep
INFO: Calculating new Q-value:
Old Q-value: 7.31111582982423E-4
Alpha: 0.5691666666666666

Reward: 0
7.31111582982423E-4 + 0.5691666666666666 * (0 - 7.31111582982423E-4) = 3.149872403349273E-4
apr. 17, 2020 3:22:47 A.M. hvl.projectparmorel.modelrepair.QModelFixer handleStep
INFO: Updated Q-table for error 40, context 0, action 591449609 setEType to new weight 3.149872403349273E-4
apr. 17, 2020 3:22:47 A.M. hvl.projectparmorel.modelrepair.QModelFixer isUnique
INFO: Solution [ErrorAction [Error: 40 The typed element must have a type, Action: setEType, Error hierarchy: 0]
] already exists.
apr. 17, 2020 3:22:47 A.M. hvl.projectparmorel.modelrepair.QModelFixer handleEpisode
INFO: Solution discarded.
apr. 17, 2020 3:22:47 A.M. hvl.projectparmorel.modelrepair.QModelFixer handleEpisode
INFO: EPISODE 11 TOTAL REWARD 0



apr. 17, 2020 3:22:47 A.M. hvl.projectparmorel.modelrepair.QModelFixer handleEpisode
INFO: EPISODE 12, STEP 0, Fixing error 40: The typed element must have a type
apr. 17, 2020 3:22:47 A.M. hvl.projectparmorel.modelrepair.QModelFixer chooseAction
INFO: Choosing random action.
apr. 17, 2020 3:22:47 A.M. hvl.projectparmorel.modelrepair.QModelFixer handleStep
INFO: Chose action setEType in context 0 with weight 3.149872403349273E-4
apr. 17, 2020 3:22:47 A.M. hvl.projectparmorel.modelrepair.QModelFixer handleStep
INFO: Calculating new Q-value:
Old Q-value: 3.149872403349273E-4
Alpha: 0.53

Reward: 0
3.149872403349273E-4 + 0.53 * (0 - 3.149872403349273E-4) = 1.4804400295741581E-4
apr. 17, 2020 3:22:47 A.M. hvl.projectparmorel.modelrepair.QModelFixer handleStep
INFO: Updated Q-table for error 40, context 0, action 591449609 setEType to new weight 1.4804400295741581E-4
apr. 17, 2020 3:22:47 A.M. hvl.projectparmorel.modelrepair.QModelFixer isUnique
INFO: Solution [ErrorAction [Error: 40 The typed element must have a type, Action: setEType, Error hierarchy: 0]
] already exists.
apr. 17, 2020 3:22:47 A.M. hvl.projectparmorel.modelrepair.QModelFixer handleEpisode
INFO: Solution discarded.
apr. 17, 2020 3:22:47 A.M. hvl.projectparmorel.modelrepair.QModelFixer handleEpisode
INFO: EPISODE 12 TOTAL REWARD 0



apr. 17, 2020 3:22:47 A.M. hvl.projectparmorel.modelrepair.QModelFixer handleEpisode
INFO: EPISODE 13, STEP 0, Fixing error 40: The typed element must have a type
apr. 17, 2020 3:22:47 A.M. hvl.projectparmorel.modelrepair.QModelFixer chooseAction
INFO: Choosing optimal action
apr. 17, 2020 3:22:47 A.M. hvl.projectparmorel.modelrepair.QModelFixer handleStep
INFO: Chose action setEType in context 0 with weight 1.4804400295741581E-4
apr. 17, 2020 3:22:47 A.M. hvl.projectparmorel.modelrepair.QModelFixer handleStep
INFO: Calculating new Q-value:
Old Q-value: 1.4804400295741581E-4
Alpha: 0.49083333333333334

Reward: 0
1.4804400295741581E-4 + 0.49083333333333334 * (0 - 1.4804400295741581E-4) = 7.537907150581755E-5
apr. 17, 2020 3:22:47 A.M. hvl.projectparmorel.modelrepair.QModelFixer handleStep
INFO: Updated Q-table for error 40, context 0, action 591449609 setEType to new weight 7.537907150581755E-5
apr. 17, 2020 3:22:47 A.M. hvl.projectparmorel.modelrepair.QModelFixer isUnique
INFO: Solution [ErrorAction [Error: 40 The typed element must have a type, Action: setEType, Error hierarchy: 0]
] already exists.
apr. 17, 2020 3:22:47 A.M. hvl.projectparmorel.modelrepair.QModelFixer handleEpisode
INFO: Solution discarded.
apr. 17, 2020 3:22:47 A.M. hvl.projectparmorel.modelrepair.QModelFixer handleEpisode
INFO: EPISODE 13 TOTAL REWARD 0



apr. 17, 2020 3:22:47 A.M. hvl.projectparmorel.modelrepair.QModelFixer handleEpisode
INFO: EPISODE 14, STEP 0, Fixing error 40: The typed element must have a type
apr. 17, 2020 3:22:47 A.M. hvl.projectparmorel.modelrepair.QModelFixer chooseAction
INFO: Choosing optimal action
apr. 17, 2020 3:22:47 A.M. hvl.projectparmorel.modelrepair.QModelFixer handleStep
INFO: Chose action setEType in context 0 with weight 7.537907150581755E-5
apr. 17, 2020 3:22:47 A.M. hvl.projectparmorel.modelrepair.QModelFixer handleStep
INFO: Calculating new Q-value:
Old Q-value: 7.537907150581755E-5
Alpha: 0.45166666666666666

Reward: 0
7.537907150581755E-5 + 0.45166666666666666 * (0 - 7.537907150581755E-5) = 4.133285754235663E-5
apr. 17, 2020 3:22:47 A.M. hvl.projectparmorel.modelrepair.QModelFixer handleStep
INFO: Updated Q-table for error 40, context 0, action 591449609 setEType to new weight 4.133285754235663E-5
apr. 17, 2020 3:22:47 A.M. hvl.projectparmorel.modelrepair.QModelFixer isUnique
INFO: Solution [ErrorAction [Error: 40 The typed element must have a type, Action: setEType, Error hierarchy: 0]
] already exists.
apr. 17, 2020 3:22:47 A.M. hvl.projectparmorel.modelrepair.QModelFixer handleEpisode
INFO: Solution discarded.
apr. 17, 2020 3:22:47 A.M. hvl.projectparmorel.modelrepair.QModelFixer handleEpisode
INFO: EPISODE 14 TOTAL REWARD 0



apr. 17, 2020 3:22:47 A.M. hvl.projectparmorel.modelrepair.QModelFixer handleEpisode
INFO: EPISODE 15, STEP 0, Fixing error 40: The typed element must have a type
apr. 17, 2020 3:22:47 A.M. hvl.projectparmorel.modelrepair.QModelFixer chooseAction
INFO: Choosing optimal action
apr. 17, 2020 3:22:47 A.M. hvl.projectparmorel.modelrepair.QModelFixer handleStep
INFO: Chose action setEType in context 0 with weight 4.133285754235663E-5
apr. 17, 2020 3:22:47 A.M. hvl.projectparmorel.modelrepair.QModelFixer handleStep
INFO: Calculating new Q-value:
Old Q-value: 4.133285754235663E-5
Alpha: 0.4125

Reward: 0
4.133285754235663E-5 + 0.4125 * (0 - 4.133285754235663E-5) = 2.428305380613452E-5
apr. 17, 2020 3:22:47 A.M. hvl.projectparmorel.modelrepair.QModelFixer handleStep
INFO: Updated Q-table for error 40, context 0, action 591449609 setEType to new weight 2.428305380613452E-5
apr. 17, 2020 3:22:47 A.M. hvl.projectparmorel.modelrepair.QModelFixer isUnique
INFO: Solution [ErrorAction [Error: 40 The typed element must have a type, Action: setEType, Error hierarchy: 0]
] already exists.
apr. 17, 2020 3:22:47 A.M. hvl.projectparmorel.modelrepair.QModelFixer handleEpisode
INFO: Solution discarded.
apr. 17, 2020 3:22:47 A.M. hvl.projectparmorel.modelrepair.QModelFixer handleEpisode
INFO: EPISODE 15 TOTAL REWARD 0



apr. 17, 2020 3:22:47 A.M. hvl.projectparmorel.modelrepair.QModelFixer handleEpisode
INFO: EPISODE 16, STEP 0, Fixing error 40: The typed element must have a type
apr. 17, 2020 3:22:47 A.M. hvl.projectparmorel.modelrepair.QModelFixer chooseAction
INFO: Choosing random action.
apr. 17, 2020 3:22:47 A.M. hvl.projectparmorel.modelrepair.QModelFixer handleStep
INFO: Chose action delete in context 0 with weight 0.0
apr. 17, 2020 3:22:47 A.M. hvl.projectparmorel.modelrepair.QModelFixer handleStep
INFO: Calculating new Q-value:
Old Q-value: 0.0
Alpha: 0.3733333333333334

Reward: 0
0.0 + 0.3733333333333334 * (0 - 0.0) = 0.0
apr. 17, 2020 3:22:47 A.M. hvl.projectparmorel.modelrepair.QModelFixer handleStep
INFO: Updated Q-table for error 40, context 0, action 99999 delete to new weight 0.0
apr. 17, 2020 3:22:47 A.M. hvl.projectparmorel.modelrepair.QModelFixer handleEpisode
INFO: Solution added to possible solitons: [ErrorAction [Error: 40 The typed element must have a type, Action: delete, Error hierarchy: 0]
]
apr. 17, 2020 3:22:47 A.M. hvl.projectparmorel.modelrepair.QModelFixer handleEpisode
INFO: EPISODE 16 TOTAL REWARD 0



apr. 17, 2020 3:22:47 A.M. hvl.projectparmorel.modelrepair.QModelFixer handleEpisode
INFO: EPISODE 17, STEP 0, Fixing error 40: The typed element must have a type
apr. 17, 2020 3:22:47 A.M. hvl.projectparmorel.modelrepair.QModelFixer chooseAction
INFO: Choosing optimal action
apr. 17, 2020 3:22:47 A.M. hvl.projectparmorel.modelrepair.QModelFixer handleStep
INFO: Chose action setEType in context 0 with weight 2.428305380613452E-5
apr. 17, 2020 3:22:47 A.M. hvl.projectparmorel.modelrepair.QModelFixer handleStep
INFO: Calculating new Q-value:
Old Q-value: 2.428305380613452E-5
Alpha: 0.3341666666666667

Reward: 0
2.428305380613452E-5 + 0.3341666666666667 * (0 - 2.428305380613452E-5) = 1.616846665925123E-5
apr. 17, 2020 3:22:47 A.M. hvl.projectparmorel.modelrepair.QModelFixer handleStep
INFO: Updated Q-table for error 40, context 0, action 591449609 setEType to new weight 1.616846665925123E-5
apr. 17, 2020 3:22:47 A.M. hvl.projectparmorel.modelrepair.QModelFixer isUnique
INFO: Solution [ErrorAction [Error: 40 The typed element must have a type, Action: setEType, Error hierarchy: 0]
] already exists.
apr. 17, 2020 3:22:47 A.M. hvl.projectparmorel.modelrepair.QModelFixer handleEpisode
INFO: Solution discarded.
apr. 17, 2020 3:22:47 A.M. hvl.projectparmorel.modelrepair.QModelFixer handleEpisode
INFO: EPISODE 17 TOTAL REWARD 0



apr. 17, 2020 3:22:47 A.M. hvl.projectparmorel.modelrepair.QModelFixer handleEpisode
INFO: EPISODE 18, STEP 0, Fixing error 40: The typed element must have a type
apr. 17, 2020 3:22:47 A.M. hvl.projectparmorel.modelrepair.QModelFixer chooseAction
INFO: Choosing optimal action
apr. 17, 2020 3:22:47 A.M. hvl.projectparmorel.modelrepair.QModelFixer handleStep
INFO: Chose action setEType in context 0 with weight 1.616846665925123E-5
apr. 17, 2020 3:22:47 A.M. hvl.projectparmorel.modelrepair.QModelFixer handleStep
INFO: Calculating new Q-value:
Old Q-value: 1.616846665925123E-5
Alpha: 0.29500000000000004

Reward: 0
1.616846665925123E-5 + 0.29500000000000004 * (0 - 1.616846665925123E-5) = 1.1398768994772118E-5
apr. 17, 2020 3:22:47 A.M. hvl.projectparmorel.modelrepair.QModelFixer handleStep
INFO: Updated Q-table for error 40, context 0, action 591449609 setEType to new weight 1.1398768994772118E-5
apr. 17, 2020 3:22:47 A.M. hvl.projectparmorel.modelrepair.QModelFixer isUnique
INFO: Solution [ErrorAction [Error: 40 The typed element must have a type, Action: setEType, Error hierarchy: 0]
] already exists.
apr. 17, 2020 3:22:47 A.M. hvl.projectparmorel.modelrepair.QModelFixer handleEpisode
INFO: Solution discarded.
apr. 17, 2020 3:22:47 A.M. hvl.projectparmorel.modelrepair.QModelFixer handleEpisode
INFO: EPISODE 18 TOTAL REWARD 0



apr. 17, 2020 3:22:47 A.M. hvl.projectparmorel.modelrepair.QModelFixer handleEpisode
INFO: EPISODE 19, STEP 0, Fixing error 40: The typed element must have a type
apr. 17, 2020 3:22:47 A.M. hvl.projectparmorel.modelrepair.QModelFixer chooseAction
INFO: Choosing random action.
apr. 17, 2020 3:22:47 A.M. hvl.projectparmorel.modelrepair.QModelFixer handleStep
INFO: Chose action setEType in context 0 with weight 1.1398768994772118E-5
apr. 17, 2020 3:22:47 A.M. hvl.projectparmorel.modelrepair.QModelFixer handleStep
INFO: Calculating new Q-value:
Old Q-value: 1.1398768994772118E-5
Alpha: 0.25583333333333336

Reward: 0
1.1398768994772118E-5 + 0.25583333333333336 * (0 - 1.1398768994772118E-5) = 8.482583926942917E-6
apr. 17, 2020 3:22:47 A.M. hvl.projectparmorel.modelrepair.QModelFixer handleStep
INFO: Updated Q-table for error 40, context 0, action 591449609 setEType to new weight 8.482583926942917E-6
apr. 17, 2020 3:22:47 A.M. hvl.projectparmorel.modelrepair.QModelFixer isUnique
INFO: Solution [ErrorAction [Error: 40 The typed element must have a type, Action: setEType, Error hierarchy: 0]
] already exists.
apr. 17, 2020 3:22:47 A.M. hvl.projectparmorel.modelrepair.QModelFixer handleEpisode
INFO: Solution discarded.
apr. 17, 2020 3:22:47 A.M. hvl.projectparmorel.modelrepair.QModelFixer handleEpisode
INFO: EPISODE 19 TOTAL REWARD 0



apr. 17, 2020 3:22:47 A.M. hvl.projectparmorel.modelrepair.QModelFixer handleEpisode
INFO: EPISODE 20, STEP 0, Fixing error 40: The typed element must have a type
apr. 17, 2020 3:22:47 A.M. hvl.projectparmorel.modelrepair.QModelFixer chooseAction
INFO: Choosing optimal action
apr. 17, 2020 3:22:47 A.M. hvl.projectparmorel.modelrepair.QModelFixer handleStep
INFO: Chose action setEType in context 0 with weight 8.482583926942917E-6
apr. 17, 2020 3:22:47 A.M. hvl.projectparmorel.modelrepair.QModelFixer handleStep
INFO: Calculating new Q-value:
Old Q-value: 8.482583926942917E-6
Alpha: 0.21666666666666679

Reward: 0
8.482583926942917E-6 + 0.21666666666666679 * (0 - 8.482583926942917E-6) = 6.644690742771951E-6
apr. 17, 2020 3:22:47 A.M. hvl.projectparmorel.modelrepair.QModelFixer handleStep
INFO: Updated Q-table for error 40, context 0, action 591449609 setEType to new weight 6.644690742771951E-6
apr. 17, 2020 3:22:47 A.M. hvl.projectparmorel.modelrepair.QModelFixer isUnique
INFO: Solution [ErrorAction [Error: 40 The typed element must have a type, Action: setEType, Error hierarchy: 0]
] already exists.
apr. 17, 2020 3:22:47 A.M. hvl.projectparmorel.modelrepair.QModelFixer handleEpisode
INFO: Solution discarded.
apr. 17, 2020 3:22:47 A.M. hvl.projectparmorel.modelrepair.QModelFixer handleEpisode
INFO: EPISODE 20 TOTAL REWARD 0



apr. 17, 2020 3:22:47 A.M. hvl.projectparmorel.modelrepair.QModelFixer handleEpisode
INFO: EPISODE 21, STEP 0, Fixing error 40: The typed element must have a type
apr. 17, 2020 3:22:47 A.M. hvl.projectparmorel.modelrepair.QModelFixer chooseAction
INFO: Choosing optimal action
apr. 17, 2020 3:22:47 A.M. hvl.projectparmorel.modelrepair.QModelFixer handleStep
INFO: Chose action setEType in context 0 with weight 6.644690742771951E-6
apr. 17, 2020 3:22:47 A.M. hvl.projectparmorel.modelrepair.QModelFixer handleStep
INFO: Calculating new Q-value:
Old Q-value: 6.644690742771951E-6
Alpha: 0.1775000000000001

Reward: 0
6.644690742771951E-6 + 0.1775000000000001 * (0 - 6.644690742771951E-6) = 5.465258135929929E-6
apr. 17, 2020 3:22:47 A.M. hvl.projectparmorel.modelrepair.QModelFixer handleStep
INFO: Updated Q-table for error 40, context 0, action 591449609 setEType to new weight 5.465258135929929E-6
apr. 17, 2020 3:22:47 A.M. hvl.projectparmorel.modelrepair.QModelFixer isUnique
INFO: Solution [ErrorAction [Error: 40 The typed element must have a type, Action: setEType, Error hierarchy: 0]
] already exists.
apr. 17, 2020 3:22:47 A.M. hvl.projectparmorel.modelrepair.QModelFixer handleEpisode
INFO: Solution discarded.
apr. 17, 2020 3:22:47 A.M. hvl.projectparmorel.modelrepair.QModelFixer handleEpisode
INFO: EPISODE 21 TOTAL REWARD 0



apr. 17, 2020 3:22:47 A.M. hvl.projectparmorel.modelrepair.QModelFixer handleEpisode
INFO: EPISODE 22, STEP 0, Fixing error 40: The typed element must have a type
apr. 17, 2020 3:22:47 A.M. hvl.projectparmorel.modelrepair.QModelFixer chooseAction
INFO: Choosing optimal action
apr. 17, 2020 3:22:47 A.M. hvl.projectparmorel.modelrepair.QModelFixer handleStep
INFO: Chose action setEType in context 0 with weight 5.465258135929929E-6
apr. 17, 2020 3:22:47 A.M. hvl.projectparmorel.modelrepair.QModelFixer handleStep
INFO: Calculating new Q-value:
Old Q-value: 5.465258135929929E-6
Alpha: 0.1383333333333333

Reward: 0
5.465258135929929E-6 + 0.1383333333333333 * (0 - 5.465258135929929E-6) = 4.7092307604596225E-6
apr. 17, 2020 3:22:47 A.M. hvl.projectparmorel.modelrepair.QModelFixer handleStep
INFO: Updated Q-table for error 40, context 0, action 591449609 setEType to new weight 4.7092307604596225E-6
apr. 17, 2020 3:22:47 A.M. hvl.projectparmorel.modelrepair.QModelFixer isUnique
INFO: Solution [ErrorAction [Error: 40 The typed element must have a type, Action: setEType, Error hierarchy: 0]
] already exists.
apr. 17, 2020 3:22:47 A.M. hvl.projectparmorel.modelrepair.QModelFixer handleEpisode
INFO: Solution discarded.
apr. 17, 2020 3:22:47 A.M. hvl.projectparmorel.modelrepair.QModelFixer handleEpisode
INFO: EPISODE 22 TOTAL REWARD 0



apr. 17, 2020 3:22:47 A.M. hvl.projectparmorel.modelrepair.QModelFixer handleEpisode
INFO: EPISODE 23, STEP 0, Fixing error 40: The typed element must have a type
apr. 17, 2020 3:22:47 A.M. hvl.projectparmorel.modelrepair.QModelFixer chooseAction
INFO: Choosing random action.
apr. 17, 2020 3:22:47 A.M. hvl.projectparmorel.modelrepair.QModelFixer handleStep
INFO: Chose action delete in context 0 with weight 0.0
apr. 17, 2020 3:22:47 A.M. hvl.projectparmorel.modelrepair.QModelFixer handleStep
INFO: Calculating new Q-value:
Old Q-value: 0.0
Alpha: 0.09916666666666674

Reward: 0
0.0 + 0.09916666666666674 * (0 - 0.0) = 0.0
apr. 17, 2020 3:22:47 A.M. hvl.projectparmorel.modelrepair.QModelFixer handleStep
INFO: Updated Q-table for error 40, context 0, action 99999 delete to new weight 0.0
apr. 17, 2020 3:22:47 A.M. hvl.projectparmorel.modelrepair.QModelFixer handleEpisode
INFO: Solution added to possible solitons: [ErrorAction [Error: 40 The typed element must have a type, Action: delete, Error hierarchy: 0]
]
apr. 17, 2020 3:22:47 A.M. hvl.projectparmorel.modelrepair.QModelFixer handleEpisode
INFO: EPISODE 23 TOTAL REWARD 0



apr. 17, 2020 3:22:47 A.M. hvl.projectparmorel.modelrepair.QModelFixer handleEpisode
INFO: EPISODE 24, STEP 0, Fixing error 40: The typed element must have a type
apr. 17, 2020 3:22:47 A.M. hvl.projectparmorel.modelrepair.QModelFixer chooseAction
INFO: Choosing optimal action
apr. 17, 2020 3:22:47 A.M. hvl.projectparmorel.modelrepair.QModelFixer handleStep
INFO: Chose action setEType in context 0 with weight 4.7092307604596225E-6
apr. 17, 2020 3:22:47 A.M. hvl.projectparmorel.modelrepair.QModelFixer handleStep
INFO: Calculating new Q-value:
Old Q-value: 4.7092307604596225E-6
Alpha: 0.06000000000000005

Reward: 0
4.7092307604596225E-6 + 0.06000000000000005 * (0 - 4.7092307604596225E-6) = 4.426676914832045E-6
apr. 17, 2020 3:22:47 A.M. hvl.projectparmorel.modelrepair.QModelFixer handleStep
INFO: Updated Q-table for error 40, context 0, action 591449609 setEType to new weight 4.426676914832045E-6
apr. 17, 2020 3:22:47 A.M. hvl.projectparmorel.modelrepair.QModelFixer isUnique
INFO: Solution [ErrorAction [Error: 40 The typed element must have a type, Action: setEType, Error hierarchy: 0]
] already exists.
apr. 17, 2020 3:22:47 A.M. hvl.projectparmorel.modelrepair.QModelFixer handleEpisode
INFO: Solution discarded.
apr. 17, 2020 3:22:47 A.M. hvl.projectparmorel.modelrepair.QModelFixer handleEpisode
INFO: EPISODE 24 TOTAL REWARD 0



apr. 17, 2020 3:22:47 A.M. hvl.projectparmorel.modelrepair.QModelFixer fixModel
INFO: Time repairing model: 55 ms
apr. 17, 2020 3:22:47 A.M. hvl.projectparmorel.modelrepair.QModelFixer fixModel
INFO: 
-----------------ALL SEQUENCES FOUND-------------------
SIZE: 4
DISCARDED SEQUENCES: 21
--------::::B E S T   S E Q U E N C E   I S::::---------
Sequence [id=0, seq=[ErrorAction [Error: 40 The typed element must have a type, Action: delete, Error hierarchy: 0]
], weight=0.0]

 with 1 actions.
apr. 17, 2020 3:22:47 A.M. hvl.projectparmorel.knowledge.Knowledge save
INFO: Saving initialized
apr. 17, 2020 3:22:47 A.M. hvl.projectparmorel.knowledge.Knowledge save
INFO: document prepared
apr. 17, 2020 3:22:47 A.M. hvl.projectparmorel.knowledge.Knowledge save
INFO: Saving completed to /Users/Magnus/Skole/DAT300/EclipseWorkspace2/ParmorelRunnable/knowledge.xml
apr. 17, 2020 3:22:47 A.M. hvl.projectparmorel.knowledge.Knowledge save
INFO: Saving initialized
apr. 17, 2020 3:22:47 A.M. hvl.projectparmorel.knowledge.Knowledge save
INFO: document prepared
apr. 17, 2020 3:22:47 A.M. hvl.projectparmorel.knowledge.Knowledge save
INFO: Saving completed to /Users/Magnus/Skole/DAT300/EclipseWorkspace2/ParmorelRunnable/knowledge.xml
