mai 06, 2020 4:01:16 A.M. hvl.projectparmorel.qlearning.QModelFixer fixModel
INFO: Repairing plsql.ecore
mai 06, 2020 4:01:16 A.M. hvl.projectparmorel.qlearning.QModelFixer fixModel
INFO: Running with preferences [PREFER_CLOSE_DISTANCE_TO_ORIGINAL, PREFER_COMPLEXITY]
mai 06, 2020 4:01:16 A.M. hvl.projectparmorel.qlearning.QModelFixer fixModel
INFO: Initial number of errors in model: 1
Maximum number of steps per episode: 12
Errors to fix: [Error 38, message=The default value literal '' must be a valid literal of the attribute's type in package 0
]
mai 06, 2020 4:01:16 A.M. hvl.projectparmorel.qlearning.QModelFixer fixModel
INFO: Initializing Q-table for the errors.
mai 06, 2020 4:01:16 A.M. hvl.projectparmorel.qlearning.QModelFixer fixModel
INFO: Number of episodes: 25
mai 06, 2020 4:01:16 A.M. hvl.projectparmorel.qlearning.QModelFixer handleEpisode
INFO: EPISODE 0, STEP 0, Fixing error 38: The default value literal '' must be a valid literal of the attribute's type
mai 06, 2020 4:01:16 A.M. hvl.projectparmorel.qlearning.QModelFixer chooseAction
INFO: Choosing optimal action
mai 06, 2020 4:01:16 A.M. hvl.projectparmorel.qlearning.QModelFixer handleStep
INFO: Chose action setEType in context 0 with weight 215.45985
mai 06, 2020 4:01:16 A.M. hvl.projectparmorel.qlearning.QModelFixer updateQTable
INFO: Calculating new Q-value:
Old Q-value: 215.45985
Alpha: 1.0
Gamma:1.0

Reward: -2
215.45985 + 1.0 * (-2 + 1.0 - 215.45985) = -1.0
mai 06, 2020 4:01:16 A.M. hvl.projectparmorel.qlearning.QModelFixer updateQTable
INFO: Updated Q-table for error 38, context 0, action 591449609 to new weight -1.0
mai 06, 2020 4:01:17 A.M. hvl.projectparmorel.ecore.EcoreSolution calculateDistanceFromOriginal
INFO: Calculated the distance between the models to 100.0
mai 06, 2020 4:01:17 A.M. hvl.projectparmorel.reward.PreferCloseDinstanceToOriginalPreference rewardcalculateRewardFor
INFO: Time to measure distance: 787 ms
mai 06, 2020 4:01:17 A.M. hvl.projectparmorel.qlearning.QModelFixer updateQTable
INFO: Calculating new Q-value:
Old Q-value: -1.0
Alpha: 1.0
Gamma:1.0

Reward: 100
-1.0 + 1.0 * (100 + 1.0 - -1.0) = 101.0
mai 06, 2020 4:01:17 A.M. hvl.projectparmorel.qlearning.QModelFixer updateQTable
INFO: Updated Q-table for error 38, context 0, action 591449609 to new weight 101.0
mai 06, 2020 4:01:18 A.M. hvl.projectparmorel.reward.PreferComplexity rewardcalculateRewardFor
INFO: Time to get metric: 1157 ms
mai 06, 2020 4:01:18 A.M. hvl.projectparmorel.qlearning.QModelFixer fixModel
INFO: Solution added to possible solitons: [ErrorAction [Error: 38 The default value literal '' must be a valid literal of the attribute's type, Action: setEType, Error hierarchy: 0]
]
mai 06, 2020 4:01:18 A.M. hvl.projectparmorel.qlearning.QModelFixer fixModel
INFO: EPISODE 0 TOTAL REWARD 188.0



mai 06, 2020 4:01:18 A.M. hvl.projectparmorel.qlearning.QModelFixer handleEpisode
INFO: EPISODE 1, STEP 0, Fixing error 38: The default value literal '' must be a valid literal of the attribute's type
mai 06, 2020 4:01:18 A.M. hvl.projectparmorel.qlearning.QModelFixer chooseAction
INFO: Choosing optimal action
mai 06, 2020 4:01:18 A.M. hvl.projectparmorel.qlearning.QModelFixer handleStep
INFO: Chose action setEType in context 0 with weight 90.469697
mai 06, 2020 4:01:18 A.M. hvl.projectparmorel.qlearning.QModelFixer updateQTable
INFO: Calculating new Q-value:
Old Q-value: 90.469697
Alpha: 1.0
Gamma:1.0

Reward: -2
90.469697 + 1.0 * (-2 + 1.0 - 90.469697) = -1.0
mai 06, 2020 4:01:18 A.M. hvl.projectparmorel.qlearning.QModelFixer updateQTable
INFO: Updated Q-table for error 38, context 0, action 591449609 to new weight -1.0
mai 06, 2020 4:01:19 A.M. hvl.projectparmorel.ecore.EcoreSolution calculateDistanceFromOriginal
INFO: Calculated the distance between the models to 100.0
mai 06, 2020 4:01:19 A.M. hvl.projectparmorel.reward.PreferCloseDinstanceToOriginalPreference rewardcalculateRewardFor
INFO: Time to measure distance: 591 ms
mai 06, 2020 4:01:19 A.M. hvl.projectparmorel.qlearning.QModelFixer updateQTable
INFO: Calculating new Q-value:
Old Q-value: -1.0
Alpha: 1.0
Gamma:1.0

Reward: 100
-1.0 + 1.0 * (100 + 1.0 - -1.0) = 101.0
mai 06, 2020 4:01:19 A.M. hvl.projectparmorel.qlearning.QModelFixer updateQTable
INFO: Updated Q-table for error 38, context 0, action 591449609 to new weight 101.0
mai 06, 2020 4:01:20 A.M. hvl.projectparmorel.reward.PreferComplexity rewardcalculateRewardFor
INFO: Time to get metric: 1145 ms
mai 06, 2020 4:01:20 A.M. hvl.projectparmorel.qlearning.QModelFixer isUnique
INFO: Solution [ErrorAction [Error: 38 The default value literal '' must be a valid literal of the attribute's type, Action: setEType, Error hierarchy: 0]
] already exists.
mai 06, 2020 4:01:20 A.M. hvl.projectparmorel.qlearning.QModelFixer fixModel
INFO: Solution discarded.
mai 06, 2020 4:01:20 A.M. hvl.projectparmorel.qlearning.QModelFixer fixModel
INFO: EPISODE 1 TOTAL REWARD 188.0



mai 06, 2020 4:01:20 A.M. hvl.projectparmorel.qlearning.QModelFixer handleEpisode
INFO: EPISODE 2, STEP 0, Fixing error 38: The default value literal '' must be a valid literal of the attribute's type
mai 06, 2020 4:01:20 A.M. hvl.projectparmorel.qlearning.QModelFixer chooseAction
INFO: Choosing optimal action
mai 06, 2020 4:01:20 A.M. hvl.projectparmorel.qlearning.QModelFixer handleStep
INFO: Chose action setEType in context 0 with weight 90.469697
mai 06, 2020 4:01:20 A.M. hvl.projectparmorel.qlearning.QModelFixer updateQTable
INFO: Calculating new Q-value:
Old Q-value: 90.469697
Alpha: 1.0
Gamma:1.0

Reward: -2
90.469697 + 1.0 * (-2 + 1.0 - 90.469697) = -1.0
mai 06, 2020 4:01:20 A.M. hvl.projectparmorel.qlearning.QModelFixer updateQTable
INFO: Updated Q-table for error 38, context 0, action 591449609 to new weight -1.0
mai 06, 2020 4:01:21 A.M. hvl.projectparmorel.ecore.EcoreSolution calculateDistanceFromOriginal
INFO: Calculated the distance between the models to 100.0
mai 06, 2020 4:01:21 A.M. hvl.projectparmorel.reward.PreferCloseDinstanceToOriginalPreference rewardcalculateRewardFor
INFO: Time to measure distance: 775 ms
mai 06, 2020 4:01:21 A.M. hvl.projectparmorel.qlearning.QModelFixer updateQTable
INFO: Calculating new Q-value:
Old Q-value: -1.0
Alpha: 1.0
Gamma:1.0

Reward: 100
-1.0 + 1.0 * (100 + 1.0 - -1.0) = 101.0
mai 06, 2020 4:01:21 A.M. hvl.projectparmorel.qlearning.QModelFixer updateQTable
INFO: Updated Q-table for error 38, context 0, action 591449609 to new weight 101.0
mai 06, 2020 4:01:22 A.M. hvl.projectparmorel.reward.PreferComplexity rewardcalculateRewardFor
INFO: Time to get metric: 1150 ms
mai 06, 2020 4:01:22 A.M. hvl.projectparmorel.qlearning.QModelFixer isUnique
INFO: Solution [ErrorAction [Error: 38 The default value literal '' must be a valid literal of the attribute's type, Action: setEType, Error hierarchy: 0]
] already exists.
mai 06, 2020 4:01:22 A.M. hvl.projectparmorel.qlearning.QModelFixer fixModel
INFO: Solution discarded.
mai 06, 2020 4:01:22 A.M. hvl.projectparmorel.qlearning.QModelFixer fixModel
INFO: EPISODE 2 TOTAL REWARD 188.0



mai 06, 2020 4:01:22 A.M. hvl.projectparmorel.qlearning.QModelFixer handleEpisode
INFO: EPISODE 3, STEP 0, Fixing error 38: The default value literal '' must be a valid literal of the attribute's type
mai 06, 2020 4:01:22 A.M. hvl.projectparmorel.qlearning.QModelFixer chooseAction
INFO: Choosing random action.
mai 06, 2020 4:01:22 A.M. hvl.projectparmorel.qlearning.QModelFixer handleStep
INFO: Chose action delete in context 0 with weight -84.54015000000001
mai 06, 2020 4:01:22 A.M. hvl.projectparmorel.qlearning.QModelFixer updateQTable
INFO: Calculating new Q-value:
Old Q-value: -84.54015000000001
Alpha: 1.0
Gamma:1.0

Reward: -2
-84.54015000000001 + 1.0 * (-2 + 1.0 - -84.54015000000001) = -1.0
mai 06, 2020 4:01:22 A.M. hvl.projectparmorel.qlearning.QModelFixer updateQTable
INFO: Updated Q-table for error 38, context 0, action 99999 to new weight -1.0
mai 06, 2020 4:01:23 A.M. hvl.projectparmorel.ecore.EcoreSolution calculateDistanceFromOriginal
INFO: Calculated the distance between the models to 100.0
mai 06, 2020 4:01:23 A.M. hvl.projectparmorel.reward.PreferCloseDinstanceToOriginalPreference rewardcalculateRewardFor
INFO: Time to measure distance: 774 ms
mai 06, 2020 4:01:23 A.M. hvl.projectparmorel.qlearning.QModelFixer updateQTable
INFO: Calculating new Q-value:
Old Q-value: -1.0
Alpha: 1.0
Gamma:1.0

Reward: 100
-1.0 + 1.0 * (100 + 1.0 - -1.0) = 101.0
mai 06, 2020 4:01:23 A.M. hvl.projectparmorel.qlearning.QModelFixer updateQTable
INFO: Updated Q-table for error 38, context 0, action 99999 to new weight 101.0
mai 06, 2020 4:01:24 A.M. hvl.projectparmorel.reward.PreferComplexity rewardcalculateRewardFor
INFO: Time to get metric: 1148 ms
mai 06, 2020 4:01:24 A.M. hvl.projectparmorel.qlearning.QModelFixer fixModel
INFO: Solution added to possible solitons: [ErrorAction [Error: 38 The default value literal '' must be a valid literal of the attribute's type, Action: delete, Error hierarchy: 0]
]
mai 06, 2020 4:01:24 A.M. hvl.projectparmorel.qlearning.QModelFixer fixModel
INFO: EPISODE 3 TOTAL REWARD 188.0



mai 06, 2020 4:01:24 A.M. hvl.projectparmorel.qlearning.QModelFixer handleEpisode
INFO: EPISODE 4, STEP 0, Fixing error 38: The default value literal '' must be a valid literal of the attribute's type
mai 06, 2020 4:01:24 A.M. hvl.projectparmorel.qlearning.QModelFixer chooseAction
INFO: Choosing random action.
mai 06, 2020 4:01:24 A.M. hvl.projectparmorel.qlearning.QModelFixer handleStep
INFO: Chose action delete in context 0 with weight 90.469697
mai 06, 2020 4:01:24 A.M. hvl.projectparmorel.qlearning.QModelFixer updateQTable
INFO: Calculating new Q-value:
Old Q-value: 90.469697
Alpha: 1.0
Gamma:1.0

Reward: -2
90.469697 + 1.0 * (-2 + 1.0 - 90.469697) = -1.0
mai 06, 2020 4:01:24 A.M. hvl.projectparmorel.qlearning.QModelFixer updateQTable
INFO: Updated Q-table for error 38, context 0, action 99999 to new weight -1.0
mai 06, 2020 4:01:25 A.M. hvl.projectparmorel.ecore.EcoreSolution calculateDistanceFromOriginal
INFO: Calculated the distance between the models to 100.0
mai 06, 2020 4:01:25 A.M. hvl.projectparmorel.reward.PreferCloseDinstanceToOriginalPreference rewardcalculateRewardFor
INFO: Time to measure distance: 557 ms
mai 06, 2020 4:01:25 A.M. hvl.projectparmorel.qlearning.QModelFixer updateQTable
INFO: Calculating new Q-value:
Old Q-value: -1.0
Alpha: 1.0
Gamma:1.0

Reward: 100
-1.0 + 1.0 * (100 + 1.0 - -1.0) = 101.0
mai 06, 2020 4:01:25 A.M. hvl.projectparmorel.qlearning.QModelFixer updateQTable
INFO: Updated Q-table for error 38, context 0, action 99999 to new weight 101.0
mai 06, 2020 4:01:26 A.M. hvl.projectparmorel.reward.PreferComplexity rewardcalculateRewardFor
INFO: Time to get metric: 1154 ms
mai 06, 2020 4:01:26 A.M. hvl.projectparmorel.qlearning.QModelFixer isUnique
INFO: Solution [ErrorAction [Error: 38 The default value literal '' must be a valid literal of the attribute's type, Action: delete, Error hierarchy: 0]
] already exists.
mai 06, 2020 4:01:26 A.M. hvl.projectparmorel.qlearning.QModelFixer fixModel
INFO: Solution discarded.
mai 06, 2020 4:01:26 A.M. hvl.projectparmorel.qlearning.QModelFixer fixModel
INFO: EPISODE 4 TOTAL REWARD 188.0



mai 06, 2020 4:01:26 A.M. hvl.projectparmorel.qlearning.QModelFixer handleEpisode
INFO: EPISODE 5, STEP 0, Fixing error 38: The default value literal '' must be a valid literal of the attribute's type
mai 06, 2020 4:01:26 A.M. hvl.projectparmorel.qlearning.QModelFixer chooseAction
INFO: Choosing random action.
mai 06, 2020 4:01:26 A.M. hvl.projectparmorel.qlearning.QModelFixer handleStep
INFO: Chose action setEType in context 0 with weight -84.54015000000001
mai 06, 2020 4:01:26 A.M. hvl.projectparmorel.qlearning.QModelFixer updateQTable
INFO: Calculating new Q-value:
Old Q-value: -84.54015000000001
Alpha: 1.0
Gamma:1.0

Reward: -2
-84.54015000000001 + 1.0 * (-2 + 1.0 - -84.54015000000001) = -1.0
mai 06, 2020 4:01:26 A.M. hvl.projectparmorel.qlearning.QModelFixer updateQTable
INFO: Updated Q-table for error 38, context 0, action -591535257 to new weight -1.0
mai 06, 2020 4:01:27 A.M. hvl.projectparmorel.ecore.EcoreSolution calculateDistanceFromOriginal
INFO: Calculated the distance between the models to 100.0
mai 06, 2020 4:01:27 A.M. hvl.projectparmorel.reward.PreferCloseDinstanceToOriginalPreference rewardcalculateRewardFor
INFO: Time to measure distance: 772 ms
mai 06, 2020 4:01:27 A.M. hvl.projectparmorel.qlearning.QModelFixer updateQTable
INFO: Calculating new Q-value:
Old Q-value: -1.0
Alpha: 1.0
Gamma:1.0

Reward: 100
-1.0 + 1.0 * (100 + 1.0 - -1.0) = 101.0
mai 06, 2020 4:01:27 A.M. hvl.projectparmorel.qlearning.QModelFixer updateQTable
INFO: Updated Q-table for error 38, context 0, action -591535257 to new weight 101.0
mai 06, 2020 4:01:28 A.M. hvl.projectparmorel.reward.PreferComplexity rewardcalculateRewardFor
INFO: Time to get metric: 1154 ms
mai 06, 2020 4:01:28 A.M. hvl.projectparmorel.qlearning.QModelFixer fixModel
INFO: Solution added to possible solitons: [ErrorAction [Error: 38 The default value literal '' must be a valid literal of the attribute's type, Action: setEType, Error hierarchy: 0]
]
mai 06, 2020 4:01:28 A.M. hvl.projectparmorel.qlearning.QModelFixer fixModel
INFO: EPISODE 5 TOTAL REWARD 188.0



mai 06, 2020 4:01:28 A.M. hvl.projectparmorel.qlearning.QModelFixer handleEpisode
INFO: EPISODE 6, STEP 0, Fixing error 38: The default value literal '' must be a valid literal of the attribute's type
mai 06, 2020 4:01:28 A.M. hvl.projectparmorel.qlearning.QModelFixer chooseAction
INFO: Choosing optimal action
mai 06, 2020 4:01:28 A.M. hvl.projectparmorel.qlearning.QModelFixer handleStep
INFO: Chose action setEType in context 0 with weight 90.469697
mai 06, 2020 4:01:28 A.M. hvl.projectparmorel.qlearning.QModelFixer updateQTable
INFO: Calculating new Q-value:
Old Q-value: 90.469697
Alpha: 1.0
Gamma:1.0

Reward: -2
90.469697 + 1.0 * (-2 + 1.0 - 90.469697) = -1.0
mai 06, 2020 4:01:28 A.M. hvl.projectparmorel.qlearning.QModelFixer updateQTable
INFO: Updated Q-table for error 38, context 0, action 591449609 to new weight -1.0
mai 06, 2020 4:01:29 A.M. hvl.projectparmorel.ecore.EcoreSolution calculateDistanceFromOriginal
INFO: Calculated the distance between the models to 100.0
mai 06, 2020 4:01:29 A.M. hvl.projectparmorel.reward.PreferCloseDinstanceToOriginalPreference rewardcalculateRewardFor
INFO: Time to measure distance: 753 ms
mai 06, 2020 4:01:29 A.M. hvl.projectparmorel.qlearning.QModelFixer updateQTable
INFO: Calculating new Q-value:
Old Q-value: -1.0
Alpha: 1.0
Gamma:1.0

Reward: 100
-1.0 + 1.0 * (100 + 1.0 - -1.0) = 101.0
mai 06, 2020 4:01:29 A.M. hvl.projectparmorel.qlearning.QModelFixer updateQTable
INFO: Updated Q-table for error 38, context 0, action 591449609 to new weight 101.0
mai 06, 2020 4:01:30 A.M. hvl.projectparmorel.reward.PreferComplexity rewardcalculateRewardFor
INFO: Time to get metric: 1125 ms
mai 06, 2020 4:01:30 A.M. hvl.projectparmorel.qlearning.QModelFixer isUnique
INFO: Solution [ErrorAction [Error: 38 The default value literal '' must be a valid literal of the attribute's type, Action: setEType, Error hierarchy: 0]
] already exists.
mai 06, 2020 4:01:30 A.M. hvl.projectparmorel.qlearning.QModelFixer fixModel
INFO: Solution discarded.
mai 06, 2020 4:01:30 A.M. hvl.projectparmorel.qlearning.QModelFixer fixModel
INFO: EPISODE 6 TOTAL REWARD 188.0



mai 06, 2020 4:01:30 A.M. hvl.projectparmorel.qlearning.QModelFixer handleEpisode
INFO: EPISODE 7, STEP 0, Fixing error 38: The default value literal '' must be a valid literal of the attribute's type
mai 06, 2020 4:01:30 A.M. hvl.projectparmorel.qlearning.QModelFixer chooseAction
INFO: Choosing optimal action
mai 06, 2020 4:01:30 A.M. hvl.projectparmorel.qlearning.QModelFixer handleStep
INFO: Chose action setEType in context 0 with weight 90.469697
mai 06, 2020 4:01:30 A.M. hvl.projectparmorel.qlearning.QModelFixer updateQTable
INFO: Calculating new Q-value:
Old Q-value: 90.469697
Alpha: 1.0
Gamma:1.0

Reward: -2
90.469697 + 1.0 * (-2 + 1.0 - 90.469697) = -1.0
mai 06, 2020 4:01:30 A.M. hvl.projectparmorel.qlearning.QModelFixer updateQTable
INFO: Updated Q-table for error 38, context 0, action 591449609 to new weight -1.0
mai 06, 2020 4:01:30 A.M. hvl.projectparmorel.ecore.EcoreSolution calculateDistanceFromOriginal
INFO: Calculated the distance between the models to 100.0
mai 06, 2020 4:01:30 A.M. hvl.projectparmorel.reward.PreferCloseDinstanceToOriginalPreference rewardcalculateRewardFor
INFO: Time to measure distance: 609 ms
mai 06, 2020 4:01:30 A.M. hvl.projectparmorel.qlearning.QModelFixer updateQTable
INFO: Calculating new Q-value:
Old Q-value: -1.0
Alpha: 1.0
Gamma:1.0

Reward: 100
-1.0 + 1.0 * (100 + 1.0 - -1.0) = 101.0
mai 06, 2020 4:01:30 A.M. hvl.projectparmorel.qlearning.QModelFixer updateQTable
INFO: Updated Q-table for error 38, context 0, action 591449609 to new weight 101.0
mai 06, 2020 4:01:32 A.M. hvl.projectparmorel.reward.PreferComplexity rewardcalculateRewardFor
INFO: Time to get metric: 1119 ms
mai 06, 2020 4:01:32 A.M. hvl.projectparmorel.qlearning.QModelFixer isUnique
INFO: Solution [ErrorAction [Error: 38 The default value literal '' must be a valid literal of the attribute's type, Action: setEType, Error hierarchy: 0]
] already exists.
mai 06, 2020 4:01:32 A.M. hvl.projectparmorel.qlearning.QModelFixer fixModel
INFO: Solution discarded.
mai 06, 2020 4:01:32 A.M. hvl.projectparmorel.qlearning.QModelFixer fixModel
INFO: EPISODE 7 TOTAL REWARD 188.0



mai 06, 2020 4:01:32 A.M. hvl.projectparmorel.qlearning.QModelFixer handleEpisode
INFO: EPISODE 8, STEP 0, Fixing error 38: The default value literal '' must be a valid literal of the attribute's type
mai 06, 2020 4:01:32 A.M. hvl.projectparmorel.qlearning.QModelFixer chooseAction
INFO: Choosing optimal action
mai 06, 2020 4:01:32 A.M. hvl.projectparmorel.qlearning.QModelFixer handleStep
INFO: Chose action setEType in context 0 with weight 90.469697
mai 06, 2020 4:01:32 A.M. hvl.projectparmorel.qlearning.QModelFixer updateQTable
INFO: Calculating new Q-value:
Old Q-value: 90.469697
Alpha: 1.0
Gamma:1.0

Reward: -2
90.469697 + 1.0 * (-2 + 1.0 - 90.469697) = -1.0
mai 06, 2020 4:01:32 A.M. hvl.projectparmorel.qlearning.QModelFixer updateQTable
INFO: Updated Q-table for error 38, context 0, action 591449609 to new weight -1.0
mai 06, 2020 4:01:32 A.M. hvl.projectparmorel.ecore.EcoreSolution calculateDistanceFromOriginal
INFO: Calculated the distance between the models to 100.0
mai 06, 2020 4:01:32 A.M. hvl.projectparmorel.reward.PreferCloseDinstanceToOriginalPreference rewardcalculateRewardFor
INFO: Time to measure distance: 746 ms
mai 06, 2020 4:01:32 A.M. hvl.projectparmorel.qlearning.QModelFixer updateQTable
INFO: Calculating new Q-value:
Old Q-value: -1.0
Alpha: 1.0
Gamma:1.0

Reward: 100
-1.0 + 1.0 * (100 + 1.0 - -1.0) = 101.0
mai 06, 2020 4:01:32 A.M. hvl.projectparmorel.qlearning.QModelFixer updateQTable
INFO: Updated Q-table for error 38, context 0, action 591449609 to new weight 101.0
mai 06, 2020 4:01:33 A.M. hvl.projectparmorel.reward.PreferComplexity rewardcalculateRewardFor
INFO: Time to get metric: 1118 ms
mai 06, 2020 4:01:33 A.M. hvl.projectparmorel.qlearning.QModelFixer isUnique
INFO: Solution [ErrorAction [Error: 38 The default value literal '' must be a valid literal of the attribute's type, Action: setEType, Error hierarchy: 0]
] already exists.
mai 06, 2020 4:01:33 A.M. hvl.projectparmorel.qlearning.QModelFixer fixModel
INFO: Solution discarded.
mai 06, 2020 4:01:33 A.M. hvl.projectparmorel.qlearning.QModelFixer fixModel
INFO: EPISODE 8 TOTAL REWARD 188.0



mai 06, 2020 4:01:33 A.M. hvl.projectparmorel.qlearning.QModelFixer handleEpisode
INFO: EPISODE 9, STEP 0, Fixing error 38: The default value literal '' must be a valid literal of the attribute's type
mai 06, 2020 4:01:33 A.M. hvl.projectparmorel.qlearning.QModelFixer chooseAction
INFO: Choosing optimal action
mai 06, 2020 4:01:33 A.M. hvl.projectparmorel.qlearning.QModelFixer handleStep
INFO: Chose action setEType in context 0 with weight 90.469697
mai 06, 2020 4:01:33 A.M. hvl.projectparmorel.qlearning.QModelFixer updateQTable
INFO: Calculating new Q-value:
Old Q-value: 90.469697
Alpha: 1.0
Gamma:1.0

Reward: -2
90.469697 + 1.0 * (-2 + 1.0 - 90.469697) = -1.0
mai 06, 2020 4:01:33 A.M. hvl.projectparmorel.qlearning.QModelFixer updateQTable
INFO: Updated Q-table for error 38, context 0, action 591449609 to new weight -1.0
mai 06, 2020 4:01:34 A.M. hvl.projectparmorel.ecore.EcoreSolution calculateDistanceFromOriginal
INFO: Calculated the distance between the models to 100.0
mai 06, 2020 4:01:34 A.M. hvl.projectparmorel.reward.PreferCloseDinstanceToOriginalPreference rewardcalculateRewardFor
INFO: Time to measure distance: 751 ms
mai 06, 2020 4:01:34 A.M. hvl.projectparmorel.qlearning.QModelFixer updateQTable
INFO: Calculating new Q-value:
Old Q-value: -1.0
Alpha: 1.0
Gamma:1.0

Reward: 100
-1.0 + 1.0 * (100 + 1.0 - -1.0) = 101.0
mai 06, 2020 4:01:34 A.M. hvl.projectparmorel.qlearning.QModelFixer updateQTable
INFO: Updated Q-table for error 38, context 0, action 591449609 to new weight 101.0
mai 06, 2020 4:01:35 A.M. hvl.projectparmorel.reward.PreferComplexity rewardcalculateRewardFor
INFO: Time to get metric: 1115 ms
mai 06, 2020 4:01:35 A.M. hvl.projectparmorel.qlearning.QModelFixer isUnique
INFO: Solution [ErrorAction [Error: 38 The default value literal '' must be a valid literal of the attribute's type, Action: setEType, Error hierarchy: 0]
] already exists.
mai 06, 2020 4:01:35 A.M. hvl.projectparmorel.qlearning.QModelFixer fixModel
INFO: Solution discarded.
mai 06, 2020 4:01:35 A.M. hvl.projectparmorel.qlearning.QModelFixer fixModel
INFO: EPISODE 9 TOTAL REWARD 188.0



mai 06, 2020 4:01:35 A.M. hvl.projectparmorel.qlearning.QModelFixer handleEpisode
INFO: EPISODE 10, STEP 0, Fixing error 38: The default value literal '' must be a valid literal of the attribute's type
mai 06, 2020 4:01:35 A.M. hvl.projectparmorel.qlearning.QModelFixer chooseAction
INFO: Choosing optimal action
mai 06, 2020 4:01:35 A.M. hvl.projectparmorel.qlearning.QModelFixer handleStep
INFO: Chose action setEType in context 0 with weight 90.469697
mai 06, 2020 4:01:35 A.M. hvl.projectparmorel.qlearning.QModelFixer updateQTable
INFO: Calculating new Q-value:
Old Q-value: 90.469697
Alpha: 1.0
Gamma:1.0

Reward: -2
90.469697 + 1.0 * (-2 + 1.0 - 90.469697) = -1.0
mai 06, 2020 4:01:35 A.M. hvl.projectparmorel.qlearning.QModelFixer updateQTable
INFO: Updated Q-table for error 38, context 0, action 591449609 to new weight -1.0
mai 06, 2020 4:01:36 A.M. hvl.projectparmorel.ecore.EcoreSolution calculateDistanceFromOriginal
INFO: Calculated the distance between the models to 100.0
mai 06, 2020 4:01:36 A.M. hvl.projectparmorel.reward.PreferCloseDinstanceToOriginalPreference rewardcalculateRewardFor
INFO: Time to measure distance: 749 ms
mai 06, 2020 4:01:36 A.M. hvl.projectparmorel.qlearning.QModelFixer updateQTable
INFO: Calculating new Q-value:
Old Q-value: -1.0
Alpha: 1.0
Gamma:1.0

Reward: 100
-1.0 + 1.0 * (100 + 1.0 - -1.0) = 101.0
mai 06, 2020 4:01:36 A.M. hvl.projectparmorel.qlearning.QModelFixer updateQTable
INFO: Updated Q-table for error 38, context 0, action 591449609 to new weight 101.0
mai 06, 2020 4:01:37 A.M. hvl.projectparmorel.reward.PreferComplexity rewardcalculateRewardFor
INFO: Time to get metric: 1130 ms
mai 06, 2020 4:01:37 A.M. hvl.projectparmorel.qlearning.QModelFixer isUnique
INFO: Solution [ErrorAction [Error: 38 The default value literal '' must be a valid literal of the attribute's type, Action: setEType, Error hierarchy: 0]
] already exists.
mai 06, 2020 4:01:37 A.M. hvl.projectparmorel.qlearning.QModelFixer fixModel
INFO: Solution discarded.
mai 06, 2020 4:01:37 A.M. hvl.projectparmorel.qlearning.QModelFixer fixModel
INFO: EPISODE 10 TOTAL REWARD 188.0



mai 06, 2020 4:01:37 A.M. hvl.projectparmorel.qlearning.QModelFixer handleEpisode
INFO: EPISODE 11, STEP 0, Fixing error 38: The default value literal '' must be a valid literal of the attribute's type
mai 06, 2020 4:01:37 A.M. hvl.projectparmorel.qlearning.QModelFixer chooseAction
INFO: Choosing optimal action
mai 06, 2020 4:01:37 A.M. hvl.projectparmorel.qlearning.QModelFixer handleStep
INFO: Chose action setEType in context 0 with weight 90.469697
mai 06, 2020 4:01:37 A.M. hvl.projectparmorel.qlearning.QModelFixer updateQTable
INFO: Calculating new Q-value:
Old Q-value: 90.469697
Alpha: 1.0
Gamma:1.0

Reward: -2
90.469697 + 1.0 * (-2 + 1.0 - 90.469697) = -1.0
mai 06, 2020 4:01:37 A.M. hvl.projectparmorel.qlearning.QModelFixer updateQTable
INFO: Updated Q-table for error 38, context 0, action 591449609 to new weight -1.0
mai 06, 2020 4:01:38 A.M. hvl.projectparmorel.ecore.EcoreSolution calculateDistanceFromOriginal
INFO: Calculated the distance between the models to 100.0
mai 06, 2020 4:01:38 A.M. hvl.projectparmorel.reward.PreferCloseDinstanceToOriginalPreference rewardcalculateRewardFor
INFO: Time to measure distance: 745 ms
mai 06, 2020 4:01:38 A.M. hvl.projectparmorel.qlearning.QModelFixer updateQTable
INFO: Calculating new Q-value:
Old Q-value: -1.0
Alpha: 1.0
Gamma:1.0

Reward: 100
-1.0 + 1.0 * (100 + 1.0 - -1.0) = 101.0
mai 06, 2020 4:01:38 A.M. hvl.projectparmorel.qlearning.QModelFixer updateQTable
INFO: Updated Q-table for error 38, context 0, action 591449609 to new weight 101.0
mai 06, 2020 4:01:39 A.M. hvl.projectparmorel.reward.PreferComplexity rewardcalculateRewardFor
INFO: Time to get metric: 1130 ms
mai 06, 2020 4:01:39 A.M. hvl.projectparmorel.qlearning.QModelFixer isUnique
INFO: Solution [ErrorAction [Error: 38 The default value literal '' must be a valid literal of the attribute's type, Action: setEType, Error hierarchy: 0]
] already exists.
mai 06, 2020 4:01:39 A.M. hvl.projectparmorel.qlearning.QModelFixer fixModel
INFO: Solution discarded.
mai 06, 2020 4:01:39 A.M. hvl.projectparmorel.qlearning.QModelFixer fixModel
INFO: EPISODE 11 TOTAL REWARD 188.0



mai 06, 2020 4:01:39 A.M. hvl.projectparmorel.qlearning.QModelFixer handleEpisode
INFO: EPISODE 12, STEP 0, Fixing error 38: The default value literal '' must be a valid literal of the attribute's type
mai 06, 2020 4:01:39 A.M. hvl.projectparmorel.qlearning.QModelFixer chooseAction
INFO: Choosing optimal action
mai 06, 2020 4:01:39 A.M. hvl.projectparmorel.qlearning.QModelFixer handleStep
INFO: Chose action setEType in context 0 with weight 90.469697
mai 06, 2020 4:01:39 A.M. hvl.projectparmorel.qlearning.QModelFixer updateQTable
INFO: Calculating new Q-value:
Old Q-value: 90.469697
Alpha: 1.0
Gamma:1.0

Reward: -2
90.469697 + 1.0 * (-2 + 1.0 - 90.469697) = -1.0
mai 06, 2020 4:01:39 A.M. hvl.projectparmorel.qlearning.QModelFixer updateQTable
INFO: Updated Q-table for error 38, context 0, action 591449609 to new weight -1.0
mai 06, 2020 4:01:40 A.M. hvl.projectparmorel.ecore.EcoreSolution calculateDistanceFromOriginal
INFO: Calculated the distance between the models to 100.0
mai 06, 2020 4:01:40 A.M. hvl.projectparmorel.reward.PreferCloseDinstanceToOriginalPreference rewardcalculateRewardFor
INFO: Time to measure distance: 779 ms
mai 06, 2020 4:01:40 A.M. hvl.projectparmorel.qlearning.QModelFixer updateQTable
INFO: Calculating new Q-value:
Old Q-value: -1.0
Alpha: 1.0
Gamma:1.0

Reward: 100
-1.0 + 1.0 * (100 + 1.0 - -1.0) = 101.0
mai 06, 2020 4:01:40 A.M. hvl.projectparmorel.qlearning.QModelFixer updateQTable
INFO: Updated Q-table for error 38, context 0, action 591449609 to new weight 101.0
mai 06, 2020 4:01:41 A.M. hvl.projectparmorel.reward.PreferComplexity rewardcalculateRewardFor
INFO: Time to get metric: 1167 ms
mai 06, 2020 4:01:41 A.M. hvl.projectparmorel.qlearning.QModelFixer isUnique
INFO: Solution [ErrorAction [Error: 38 The default value literal '' must be a valid literal of the attribute's type, Action: setEType, Error hierarchy: 0]
] already exists.
mai 06, 2020 4:01:41 A.M. hvl.projectparmorel.qlearning.QModelFixer fixModel
INFO: Solution discarded.
mai 06, 2020 4:01:41 A.M. hvl.projectparmorel.qlearning.QModelFixer fixModel
INFO: EPISODE 12 TOTAL REWARD 188.0



mai 06, 2020 4:01:41 A.M. hvl.projectparmorel.qlearning.QModelFixer handleEpisode
INFO: EPISODE 13, STEP 0, Fixing error 38: The default value literal '' must be a valid literal of the attribute's type
mai 06, 2020 4:01:41 A.M. hvl.projectparmorel.qlearning.QModelFixer chooseAction
INFO: Choosing optimal action
mai 06, 2020 4:01:41 A.M. hvl.projectparmorel.qlearning.QModelFixer handleStep
INFO: Chose action setEType in context 0 with weight 90.469697
mai 06, 2020 4:01:41 A.M. hvl.projectparmorel.qlearning.QModelFixer updateQTable
INFO: Calculating new Q-value:
Old Q-value: 90.469697
Alpha: 1.0
Gamma:1.0

Reward: -2
90.469697 + 1.0 * (-2 + 1.0 - 90.469697) = -1.0
mai 06, 2020 4:01:41 A.M. hvl.projectparmorel.qlearning.QModelFixer updateQTable
INFO: Updated Q-table for error 38, context 0, action 591449609 to new weight -1.0
mai 06, 2020 4:01:42 A.M. hvl.projectparmorel.ecore.EcoreSolution calculateDistanceFromOriginal
INFO: Calculated the distance between the models to 100.0
mai 06, 2020 4:01:42 A.M. hvl.projectparmorel.reward.PreferCloseDinstanceToOriginalPreference rewardcalculateRewardFor
INFO: Time to measure distance: 769 ms
mai 06, 2020 4:01:42 A.M. hvl.projectparmorel.qlearning.QModelFixer updateQTable
INFO: Calculating new Q-value:
Old Q-value: -1.0
Alpha: 1.0
Gamma:1.0

Reward: 100
-1.0 + 1.0 * (100 + 1.0 - -1.0) = 101.0
mai 06, 2020 4:01:42 A.M. hvl.projectparmorel.qlearning.QModelFixer updateQTable
INFO: Updated Q-table for error 38, context 0, action 591449609 to new weight 101.0
mai 06, 2020 4:01:43 A.M. hvl.projectparmorel.reward.PreferComplexity rewardcalculateRewardFor
INFO: Time to get metric: 1167 ms
mai 06, 2020 4:01:43 A.M. hvl.projectparmorel.qlearning.QModelFixer isUnique
INFO: Solution [ErrorAction [Error: 38 The default value literal '' must be a valid literal of the attribute's type, Action: setEType, Error hierarchy: 0]
] already exists.
mai 06, 2020 4:01:43 A.M. hvl.projectparmorel.qlearning.QModelFixer fixModel
INFO: Solution discarded.
mai 06, 2020 4:01:43 A.M. hvl.projectparmorel.qlearning.QModelFixer fixModel
INFO: EPISODE 13 TOTAL REWARD 188.0



mai 06, 2020 4:01:43 A.M. hvl.projectparmorel.qlearning.QModelFixer handleEpisode
INFO: EPISODE 14, STEP 0, Fixing error 38: The default value literal '' must be a valid literal of the attribute's type
mai 06, 2020 4:01:43 A.M. hvl.projectparmorel.qlearning.QModelFixer chooseAction
INFO: Choosing optimal action
mai 06, 2020 4:01:43 A.M. hvl.projectparmorel.qlearning.QModelFixer handleStep
INFO: Chose action setEType in context 0 with weight 90.469697
mai 06, 2020 4:01:43 A.M. hvl.projectparmorel.qlearning.QModelFixer updateQTable
INFO: Calculating new Q-value:
Old Q-value: 90.469697
Alpha: 1.0
Gamma:1.0

Reward: -2
90.469697 + 1.0 * (-2 + 1.0 - 90.469697) = -1.0
mai 06, 2020 4:01:43 A.M. hvl.projectparmorel.qlearning.QModelFixer updateQTable
INFO: Updated Q-table for error 38, context 0, action 591449609 to new weight -1.0
mai 06, 2020 4:01:44 A.M. hvl.projectparmorel.ecore.EcoreSolution calculateDistanceFromOriginal
INFO: Calculated the distance between the models to 100.0
mai 06, 2020 4:01:44 A.M. hvl.projectparmorel.reward.PreferCloseDinstanceToOriginalPreference rewardcalculateRewardFor
INFO: Time to measure distance: 774 ms
mai 06, 2020 4:01:44 A.M. hvl.projectparmorel.qlearning.QModelFixer updateQTable
INFO: Calculating new Q-value:
Old Q-value: -1.0
Alpha: 1.0
Gamma:1.0

Reward: 100
-1.0 + 1.0 * (100 + 1.0 - -1.0) = 101.0
mai 06, 2020 4:01:44 A.M. hvl.projectparmorel.qlearning.QModelFixer updateQTable
INFO: Updated Q-table for error 38, context 0, action 591449609 to new weight 101.0
mai 06, 2020 4:01:45 A.M. hvl.projectparmorel.reward.PreferComplexity rewardcalculateRewardFor
INFO: Time to get metric: 1148 ms
mai 06, 2020 4:01:45 A.M. hvl.projectparmorel.qlearning.QModelFixer isUnique
INFO: Solution [ErrorAction [Error: 38 The default value literal '' must be a valid literal of the attribute's type, Action: setEType, Error hierarchy: 0]
] already exists.
mai 06, 2020 4:01:45 A.M. hvl.projectparmorel.qlearning.QModelFixer fixModel
INFO: Solution discarded.
mai 06, 2020 4:01:45 A.M. hvl.projectparmorel.qlearning.QModelFixer fixModel
INFO: EPISODE 14 TOTAL REWARD 188.0



mai 06, 2020 4:01:45 A.M. hvl.projectparmorel.qlearning.QModelFixer handleEpisode
INFO: EPISODE 15, STEP 0, Fixing error 38: The default value literal '' must be a valid literal of the attribute's type
mai 06, 2020 4:01:45 A.M. hvl.projectparmorel.qlearning.QModelFixer chooseAction
INFO: Choosing optimal action
mai 06, 2020 4:01:45 A.M. hvl.projectparmorel.qlearning.QModelFixer handleStep
INFO: Chose action setEType in context 0 with weight 90.469697
mai 06, 2020 4:01:45 A.M. hvl.projectparmorel.qlearning.QModelFixer updateQTable
INFO: Calculating new Q-value:
Old Q-value: 90.469697
Alpha: 1.0
Gamma:1.0

Reward: -2
90.469697 + 1.0 * (-2 + 1.0 - 90.469697) = -1.0
mai 06, 2020 4:01:45 A.M. hvl.projectparmorel.qlearning.QModelFixer updateQTable
INFO: Updated Q-table for error 38, context 0, action 591449609 to new weight -1.0
mai 06, 2020 4:01:46 A.M. hvl.projectparmorel.ecore.EcoreSolution calculateDistanceFromOriginal
INFO: Calculated the distance between the models to 100.0
mai 06, 2020 4:01:46 A.M. hvl.projectparmorel.reward.PreferCloseDinstanceToOriginalPreference rewardcalculateRewardFor
INFO: Time to measure distance: 644 ms
mai 06, 2020 4:01:46 A.M. hvl.projectparmorel.qlearning.QModelFixer updateQTable
INFO: Calculating new Q-value:
Old Q-value: -1.0
Alpha: 1.0
Gamma:1.0

Reward: 100
-1.0 + 1.0 * (100 + 1.0 - -1.0) = 101.0
mai 06, 2020 4:01:46 A.M. hvl.projectparmorel.qlearning.QModelFixer updateQTable
INFO: Updated Q-table for error 38, context 0, action 591449609 to new weight 101.0
mai 06, 2020 4:01:47 A.M. hvl.projectparmorel.reward.PreferComplexity rewardcalculateRewardFor
INFO: Time to get metric: 1170 ms
mai 06, 2020 4:01:47 A.M. hvl.projectparmorel.qlearning.QModelFixer isUnique
INFO: Solution [ErrorAction [Error: 38 The default value literal '' must be a valid literal of the attribute's type, Action: setEType, Error hierarchy: 0]
] already exists.
mai 06, 2020 4:01:47 A.M. hvl.projectparmorel.qlearning.QModelFixer fixModel
INFO: Solution discarded.
mai 06, 2020 4:01:47 A.M. hvl.projectparmorel.qlearning.QModelFixer fixModel
INFO: EPISODE 15 TOTAL REWARD 188.0



mai 06, 2020 4:01:47 A.M. hvl.projectparmorel.qlearning.QModelFixer handleEpisode
INFO: EPISODE 16, STEP 0, Fixing error 38: The default value literal '' must be a valid literal of the attribute's type
mai 06, 2020 4:01:47 A.M. hvl.projectparmorel.qlearning.QModelFixer chooseAction
INFO: Choosing optimal action
mai 06, 2020 4:01:47 A.M. hvl.projectparmorel.qlearning.QModelFixer handleStep
INFO: Chose action setEType in context 0 with weight 90.469697
mai 06, 2020 4:01:47 A.M. hvl.projectparmorel.qlearning.QModelFixer updateQTable
INFO: Calculating new Q-value:
Old Q-value: 90.469697
Alpha: 1.0
Gamma:1.0

Reward: -2
90.469697 + 1.0 * (-2 + 1.0 - 90.469697) = -1.0
mai 06, 2020 4:01:47 A.M. hvl.projectparmorel.qlearning.QModelFixer updateQTable
INFO: Updated Q-table for error 38, context 0, action 591449609 to new weight -1.0
mai 06, 2020 4:01:48 A.M. hvl.projectparmorel.ecore.EcoreSolution calculateDistanceFromOriginal
INFO: Calculated the distance between the models to 100.0
mai 06, 2020 4:01:48 A.M. hvl.projectparmorel.reward.PreferCloseDinstanceToOriginalPreference rewardcalculateRewardFor
INFO: Time to measure distance: 766 ms
mai 06, 2020 4:01:48 A.M. hvl.projectparmorel.qlearning.QModelFixer updateQTable
INFO: Calculating new Q-value:
Old Q-value: -1.0
Alpha: 1.0
Gamma:1.0

Reward: 100
-1.0 + 1.0 * (100 + 1.0 - -1.0) = 101.0
mai 06, 2020 4:01:48 A.M. hvl.projectparmorel.qlearning.QModelFixer updateQTable
INFO: Updated Q-table for error 38, context 0, action 591449609 to new weight 101.0
mai 06, 2020 4:01:49 A.M. hvl.projectparmorel.reward.PreferComplexity rewardcalculateRewardFor
INFO: Time to get metric: 1151 ms
mai 06, 2020 4:01:49 A.M. hvl.projectparmorel.qlearning.QModelFixer isUnique
INFO: Solution [ErrorAction [Error: 38 The default value literal '' must be a valid literal of the attribute's type, Action: setEType, Error hierarchy: 0]
] already exists.
mai 06, 2020 4:01:49 A.M. hvl.projectparmorel.qlearning.QModelFixer fixModel
INFO: Solution discarded.
mai 06, 2020 4:01:49 A.M. hvl.projectparmorel.qlearning.QModelFixer fixModel
INFO: EPISODE 16 TOTAL REWARD 188.0



mai 06, 2020 4:01:49 A.M. hvl.projectparmorel.qlearning.QModelFixer handleEpisode
INFO: EPISODE 17, STEP 0, Fixing error 38: The default value literal '' must be a valid literal of the attribute's type
mai 06, 2020 4:01:49 A.M. hvl.projectparmorel.qlearning.QModelFixer chooseAction
INFO: Choosing optimal action
mai 06, 2020 4:01:49 A.M. hvl.projectparmorel.qlearning.QModelFixer handleStep
INFO: Chose action setEType in context 0 with weight 90.469697
mai 06, 2020 4:01:49 A.M. hvl.projectparmorel.qlearning.QModelFixer updateQTable
INFO: Calculating new Q-value:
Old Q-value: 90.469697
Alpha: 1.0
Gamma:1.0

Reward: -2
90.469697 + 1.0 * (-2 + 1.0 - 90.469697) = -1.0
mai 06, 2020 4:01:49 A.M. hvl.projectparmorel.qlearning.QModelFixer updateQTable
INFO: Updated Q-table for error 38, context 0, action 591449609 to new weight -1.0
mai 06, 2020 4:01:49 A.M. hvl.projectparmorel.ecore.EcoreSolution calculateDistanceFromOriginal
INFO: Calculated the distance between the models to 100.0
mai 06, 2020 4:01:49 A.M. hvl.projectparmorel.reward.PreferCloseDinstanceToOriginalPreference rewardcalculateRewardFor
INFO: Time to measure distance: 773 ms
mai 06, 2020 4:01:49 A.M. hvl.projectparmorel.qlearning.QModelFixer updateQTable
INFO: Calculating new Q-value:
Old Q-value: -1.0
Alpha: 1.0
Gamma:1.0

Reward: 100
-1.0 + 1.0 * (100 + 1.0 - -1.0) = 101.0
mai 06, 2020 4:01:49 A.M. hvl.projectparmorel.qlearning.QModelFixer updateQTable
INFO: Updated Q-table for error 38, context 0, action 591449609 to new weight 101.0
mai 06, 2020 4:01:51 A.M. hvl.projectparmorel.reward.PreferComplexity rewardcalculateRewardFor
INFO: Time to get metric: 1164 ms
mai 06, 2020 4:01:51 A.M. hvl.projectparmorel.qlearning.QModelFixer isUnique
INFO: Solution [ErrorAction [Error: 38 The default value literal '' must be a valid literal of the attribute's type, Action: setEType, Error hierarchy: 0]
] already exists.
mai 06, 2020 4:01:51 A.M. hvl.projectparmorel.qlearning.QModelFixer fixModel
INFO: Solution discarded.
mai 06, 2020 4:01:51 A.M. hvl.projectparmorel.qlearning.QModelFixer fixModel
INFO: EPISODE 17 TOTAL REWARD 188.0



mai 06, 2020 4:01:51 A.M. hvl.projectparmorel.qlearning.QModelFixer handleEpisode
INFO: EPISODE 18, STEP 0, Fixing error 38: The default value literal '' must be a valid literal of the attribute's type
mai 06, 2020 4:01:51 A.M. hvl.projectparmorel.qlearning.QModelFixer chooseAction
INFO: Choosing optimal action
mai 06, 2020 4:01:51 A.M. hvl.projectparmorel.qlearning.QModelFixer handleStep
INFO: Chose action setEType in context 0 with weight 90.469697
mai 06, 2020 4:01:51 A.M. hvl.projectparmorel.qlearning.QModelFixer updateQTable
INFO: Calculating new Q-value:
Old Q-value: 90.469697
Alpha: 1.0
Gamma:1.0

Reward: -2
90.469697 + 1.0 * (-2 + 1.0 - 90.469697) = -1.0
mai 06, 2020 4:01:51 A.M. hvl.projectparmorel.qlearning.QModelFixer updateQTable
INFO: Updated Q-table for error 38, context 0, action 591449609 to new weight -1.0
mai 06, 2020 4:01:51 A.M. hvl.projectparmorel.ecore.EcoreSolution calculateDistanceFromOriginal
INFO: Calculated the distance between the models to 100.0
mai 06, 2020 4:01:51 A.M. hvl.projectparmorel.reward.PreferCloseDinstanceToOriginalPreference rewardcalculateRewardFor
INFO: Time to measure distance: 551 ms
mai 06, 2020 4:01:51 A.M. hvl.projectparmorel.qlearning.QModelFixer updateQTable
INFO: Calculating new Q-value:
Old Q-value: -1.0
Alpha: 1.0
Gamma:1.0

Reward: 100
-1.0 + 1.0 * (100 + 1.0 - -1.0) = 101.0
mai 06, 2020 4:01:51 A.M. hvl.projectparmorel.qlearning.QModelFixer updateQTable
INFO: Updated Q-table for error 38, context 0, action 591449609 to new weight 101.0
mai 06, 2020 4:01:52 A.M. hvl.projectparmorel.reward.PreferComplexity rewardcalculateRewardFor
INFO: Time to get metric: 1150 ms
mai 06, 2020 4:01:52 A.M. hvl.projectparmorel.qlearning.QModelFixer isUnique
INFO: Solution [ErrorAction [Error: 38 The default value literal '' must be a valid literal of the attribute's type, Action: setEType, Error hierarchy: 0]
] already exists.
mai 06, 2020 4:01:52 A.M. hvl.projectparmorel.qlearning.QModelFixer fixModel
INFO: Solution discarded.
mai 06, 2020 4:01:52 A.M. hvl.projectparmorel.qlearning.QModelFixer fixModel
INFO: EPISODE 18 TOTAL REWARD 188.0



mai 06, 2020 4:01:52 A.M. hvl.projectparmorel.qlearning.QModelFixer handleEpisode
INFO: EPISODE 19, STEP 0, Fixing error 38: The default value literal '' must be a valid literal of the attribute's type
mai 06, 2020 4:01:52 A.M. hvl.projectparmorel.qlearning.QModelFixer chooseAction
INFO: Choosing optimal action
mai 06, 2020 4:01:52 A.M. hvl.projectparmorel.qlearning.QModelFixer handleStep
INFO: Chose action setEType in context 0 with weight 90.469697
mai 06, 2020 4:01:52 A.M. hvl.projectparmorel.qlearning.QModelFixer updateQTable
INFO: Calculating new Q-value:
Old Q-value: 90.469697
Alpha: 1.0
Gamma:1.0

Reward: -2
90.469697 + 1.0 * (-2 + 1.0 - 90.469697) = -1.0
mai 06, 2020 4:01:52 A.M. hvl.projectparmorel.qlearning.QModelFixer updateQTable
INFO: Updated Q-table for error 38, context 0, action 591449609 to new weight -1.0
mai 06, 2020 4:01:53 A.M. hvl.projectparmorel.ecore.EcoreSolution calculateDistanceFromOriginal
INFO: Calculated the distance between the models to 100.0
mai 06, 2020 4:01:53 A.M. hvl.projectparmorel.reward.PreferCloseDinstanceToOriginalPreference rewardcalculateRewardFor
INFO: Time to measure distance: 769 ms
mai 06, 2020 4:01:53 A.M. hvl.projectparmorel.qlearning.QModelFixer updateQTable
INFO: Calculating new Q-value:
Old Q-value: -1.0
Alpha: 1.0
Gamma:1.0

Reward: 100
-1.0 + 1.0 * (100 + 1.0 - -1.0) = 101.0
mai 06, 2020 4:01:53 A.M. hvl.projectparmorel.qlearning.QModelFixer updateQTable
INFO: Updated Q-table for error 38, context 0, action 591449609 to new weight 101.0
mai 06, 2020 4:01:54 A.M. hvl.projectparmorel.reward.PreferComplexity rewardcalculateRewardFor
INFO: Time to get metric: 1151 ms
mai 06, 2020 4:01:54 A.M. hvl.projectparmorel.qlearning.QModelFixer isUnique
INFO: Solution [ErrorAction [Error: 38 The default value literal '' must be a valid literal of the attribute's type, Action: setEType, Error hierarchy: 0]
] already exists.
mai 06, 2020 4:01:54 A.M. hvl.projectparmorel.qlearning.QModelFixer fixModel
INFO: Solution discarded.
mai 06, 2020 4:01:54 A.M. hvl.projectparmorel.qlearning.QModelFixer fixModel
INFO: EPISODE 19 TOTAL REWARD 188.0



mai 06, 2020 4:01:54 A.M. hvl.projectparmorel.qlearning.QModelFixer handleEpisode
INFO: EPISODE 20, STEP 0, Fixing error 38: The default value literal '' must be a valid literal of the attribute's type
mai 06, 2020 4:01:54 A.M. hvl.projectparmorel.qlearning.QModelFixer chooseAction
INFO: Choosing optimal action
mai 06, 2020 4:01:54 A.M. hvl.projectparmorel.qlearning.QModelFixer handleStep
INFO: Chose action setEType in context 0 with weight 90.469697
mai 06, 2020 4:01:54 A.M. hvl.projectparmorel.qlearning.QModelFixer updateQTable
INFO: Calculating new Q-value:
Old Q-value: 90.469697
Alpha: 1.0
Gamma:1.0

Reward: -2
90.469697 + 1.0 * (-2 + 1.0 - 90.469697) = -1.0
mai 06, 2020 4:01:54 A.M. hvl.projectparmorel.qlearning.QModelFixer updateQTable
INFO: Updated Q-table for error 38, context 0, action 591449609 to new weight -1.0
mai 06, 2020 4:01:55 A.M. hvl.projectparmorel.ecore.EcoreSolution calculateDistanceFromOriginal
INFO: Calculated the distance between the models to 100.0
mai 06, 2020 4:01:55 A.M. hvl.projectparmorel.reward.PreferCloseDinstanceToOriginalPreference rewardcalculateRewardFor
INFO: Time to measure distance: 776 ms
mai 06, 2020 4:01:55 A.M. hvl.projectparmorel.qlearning.QModelFixer updateQTable
INFO: Calculating new Q-value:
Old Q-value: -1.0
Alpha: 1.0
Gamma:1.0

Reward: 100
-1.0 + 1.0 * (100 + 1.0 - -1.0) = 101.0
mai 06, 2020 4:01:55 A.M. hvl.projectparmorel.qlearning.QModelFixer updateQTable
INFO: Updated Q-table for error 38, context 0, action 591449609 to new weight 101.0
mai 06, 2020 4:01:56 A.M. hvl.projectparmorel.reward.PreferComplexity rewardcalculateRewardFor
INFO: Time to get metric: 1154 ms
mai 06, 2020 4:01:56 A.M. hvl.projectparmorel.qlearning.QModelFixer isUnique
INFO: Solution [ErrorAction [Error: 38 The default value literal '' must be a valid literal of the attribute's type, Action: setEType, Error hierarchy: 0]
] already exists.
mai 06, 2020 4:01:56 A.M. hvl.projectparmorel.qlearning.QModelFixer fixModel
INFO: Solution discarded.
mai 06, 2020 4:01:56 A.M. hvl.projectparmorel.qlearning.QModelFixer fixModel
INFO: EPISODE 20 TOTAL REWARD 188.0



mai 06, 2020 4:01:56 A.M. hvl.projectparmorel.qlearning.QModelFixer handleEpisode
INFO: EPISODE 21, STEP 0, Fixing error 38: The default value literal '' must be a valid literal of the attribute's type
mai 06, 2020 4:01:56 A.M. hvl.projectparmorel.qlearning.QModelFixer chooseAction
INFO: Choosing optimal action
mai 06, 2020 4:01:56 A.M. hvl.projectparmorel.qlearning.QModelFixer handleStep
INFO: Chose action setEType in context 0 with weight 90.469697
mai 06, 2020 4:01:56 A.M. hvl.projectparmorel.qlearning.QModelFixer updateQTable
INFO: Calculating new Q-value:
Old Q-value: 90.469697
Alpha: 1.0
Gamma:1.0

Reward: -2
90.469697 + 1.0 * (-2 + 1.0 - 90.469697) = -1.0
mai 06, 2020 4:01:56 A.M. hvl.projectparmorel.qlearning.QModelFixer updateQTable
INFO: Updated Q-table for error 38, context 0, action 591449609 to new weight -1.0
mai 06, 2020 4:01:57 A.M. hvl.projectparmorel.ecore.EcoreSolution calculateDistanceFromOriginal
INFO: Calculated the distance between the models to 100.0
mai 06, 2020 4:01:57 A.M. hvl.projectparmorel.reward.PreferCloseDinstanceToOriginalPreference rewardcalculateRewardFor
INFO: Time to measure distance: 676 ms
mai 06, 2020 4:01:57 A.M. hvl.projectparmorel.qlearning.QModelFixer updateQTable
INFO: Calculating new Q-value:
Old Q-value: -1.0
Alpha: 1.0
Gamma:1.0

Reward: 100
-1.0 + 1.0 * (100 + 1.0 - -1.0) = 101.0
mai 06, 2020 4:01:57 A.M. hvl.projectparmorel.qlearning.QModelFixer updateQTable
INFO: Updated Q-table for error 38, context 0, action 591449609 to new weight 101.0
mai 06, 2020 4:01:58 A.M. hvl.projectparmorel.reward.PreferComplexity rewardcalculateRewardFor
INFO: Time to get metric: 1128 ms
mai 06, 2020 4:01:58 A.M. hvl.projectparmorel.qlearning.QModelFixer isUnique
INFO: Solution [ErrorAction [Error: 38 The default value literal '' must be a valid literal of the attribute's type, Action: setEType, Error hierarchy: 0]
] already exists.
mai 06, 2020 4:01:58 A.M. hvl.projectparmorel.qlearning.QModelFixer fixModel
INFO: Solution discarded.
mai 06, 2020 4:01:58 A.M. hvl.projectparmorel.qlearning.QModelFixer fixModel
INFO: EPISODE 21 TOTAL REWARD 188.0



mai 06, 2020 4:01:58 A.M. hvl.projectparmorel.qlearning.QModelFixer handleEpisode
INFO: EPISODE 22, STEP 0, Fixing error 38: The default value literal '' must be a valid literal of the attribute's type
mai 06, 2020 4:01:58 A.M. hvl.projectparmorel.qlearning.QModelFixer chooseAction
INFO: Choosing random action.
mai 06, 2020 4:01:58 A.M. hvl.projectparmorel.qlearning.QModelFixer handleStep
INFO: Chose action delete in context 0 with weight 90.469697
mai 06, 2020 4:01:58 A.M. hvl.projectparmorel.qlearning.QModelFixer updateQTable
INFO: Calculating new Q-value:
Old Q-value: 90.469697
Alpha: 1.0
Gamma:1.0

Reward: -2
90.469697 + 1.0 * (-2 + 1.0 - 90.469697) = -1.0
mai 06, 2020 4:01:58 A.M. hvl.projectparmorel.qlearning.QModelFixer updateQTable
INFO: Updated Q-table for error 38, context 0, action 99999 to new weight -1.0
mai 06, 2020 4:01:59 A.M. hvl.projectparmorel.ecore.EcoreSolution calculateDistanceFromOriginal
INFO: Calculated the distance between the models to 100.0
mai 06, 2020 4:01:59 A.M. hvl.projectparmorel.reward.PreferCloseDinstanceToOriginalPreference rewardcalculateRewardFor
INFO: Time to measure distance: 744 ms
mai 06, 2020 4:01:59 A.M. hvl.projectparmorel.qlearning.QModelFixer updateQTable
INFO: Calculating new Q-value:
Old Q-value: -1.0
Alpha: 1.0
Gamma:1.0

Reward: 100
-1.0 + 1.0 * (100 + 1.0 - -1.0) = 101.0
mai 06, 2020 4:01:59 A.M. hvl.projectparmorel.qlearning.QModelFixer updateQTable
INFO: Updated Q-table for error 38, context 0, action 99999 to new weight 101.0
mai 06, 2020 4:02:00 A.M. hvl.projectparmorel.reward.PreferComplexity rewardcalculateRewardFor
INFO: Time to get metric: 1122 ms
mai 06, 2020 4:02:00 A.M. hvl.projectparmorel.qlearning.QModelFixer isUnique
INFO: Solution [ErrorAction [Error: 38 The default value literal '' must be a valid literal of the attribute's type, Action: delete, Error hierarchy: 0]
] already exists.
mai 06, 2020 4:02:00 A.M. hvl.projectparmorel.qlearning.QModelFixer fixModel
INFO: Solution discarded.
mai 06, 2020 4:02:00 A.M. hvl.projectparmorel.qlearning.QModelFixer fixModel
INFO: EPISODE 22 TOTAL REWARD 188.0



mai 06, 2020 4:02:00 A.M. hvl.projectparmorel.qlearning.QModelFixer handleEpisode
INFO: EPISODE 23, STEP 0, Fixing error 38: The default value literal '' must be a valid literal of the attribute's type
mai 06, 2020 4:02:00 A.M. hvl.projectparmorel.qlearning.QModelFixer chooseAction
INFO: Choosing random action.
mai 06, 2020 4:02:00 A.M. hvl.projectparmorel.qlearning.QModelFixer handleStep
INFO: Chose action setDefaultValueLiteralGen in context 0 with weight -84.54015000000001
mai 06, 2020 4:02:00 A.M. hvl.projectparmorel.qlearning.QModelFixer updateQTable
INFO: Calculating new Q-value:
Old Q-value: -84.54015000000001
Alpha: 1.0
Gamma:1.0

Reward: -2
-84.54015000000001 + 1.0 * (-2 + 1.0 - -84.54015000000001) = -1.0
mai 06, 2020 4:02:00 A.M. hvl.projectparmorel.qlearning.QModelFixer updateQTable
INFO: Updated Q-table for error 38, context 0, action -2078906332 to new weight -1.0
mai 06, 2020 4:02:01 A.M. hvl.projectparmorel.ecore.EcoreSolution calculateDistanceFromOriginal
INFO: Calculated the distance between the models to 100.0
mai 06, 2020 4:02:01 A.M. hvl.projectparmorel.reward.PreferCloseDinstanceToOriginalPreference rewardcalculateRewardFor
INFO: Time to measure distance: 754 ms
mai 06, 2020 4:02:01 A.M. hvl.projectparmorel.qlearning.QModelFixer updateQTable
INFO: Calculating new Q-value:
Old Q-value: -1.0
Alpha: 1.0
Gamma:1.0

Reward: 100
-1.0 + 1.0 * (100 + 1.0 - -1.0) = 101.0
mai 06, 2020 4:02:01 A.M. hvl.projectparmorel.qlearning.QModelFixer updateQTable
INFO: Updated Q-table for error 38, context 0, action -2078906332 to new weight 101.0
mai 06, 2020 4:02:02 A.M. hvl.projectparmorel.reward.PreferComplexity rewardcalculateRewardFor
INFO: Time to get metric: 1122 ms
mai 06, 2020 4:02:02 A.M. hvl.projectparmorel.qlearning.QModelFixer fixModel
INFO: Solution added to possible solitons: [ErrorAction [Error: 38 The default value literal '' must be a valid literal of the attribute's type, Action: setDefaultValueLiteralGen, Error hierarchy: 0]
]
mai 06, 2020 4:02:02 A.M. hvl.projectparmorel.qlearning.QModelFixer fixModel
INFO: EPISODE 23 TOTAL REWARD 188.0



mai 06, 2020 4:02:02 A.M. hvl.projectparmorel.qlearning.QModelFixer handleEpisode
INFO: EPISODE 24, STEP 0, Fixing error 38: The default value literal '' must be a valid literal of the attribute's type
mai 06, 2020 4:02:02 A.M. hvl.projectparmorel.qlearning.QModelFixer chooseAction
INFO: Choosing random action.
mai 06, 2020 4:02:02 A.M. hvl.projectparmorel.qlearning.QModelFixer handleStep
INFO: Chose action setEType in context 0 with weight 90.469697
mai 06, 2020 4:02:02 A.M. hvl.projectparmorel.qlearning.QModelFixer updateQTable
INFO: Calculating new Q-value:
Old Q-value: 90.469697
Alpha: 1.0
Gamma:1.0

Reward: -2
90.469697 + 1.0 * (-2 + 1.0 - 90.469697) = -1.0
mai 06, 2020 4:02:02 A.M. hvl.projectparmorel.qlearning.QModelFixer updateQTable
INFO: Updated Q-table for error 38, context 0, action -591535257 to new weight -1.0
mai 06, 2020 4:02:03 A.M. hvl.projectparmorel.ecore.EcoreSolution calculateDistanceFromOriginal
INFO: Calculated the distance between the models to 100.0
mai 06, 2020 4:02:03 A.M. hvl.projectparmorel.reward.PreferCloseDinstanceToOriginalPreference rewardcalculateRewardFor
INFO: Time to measure distance: 745 ms
mai 06, 2020 4:02:03 A.M. hvl.projectparmorel.qlearning.QModelFixer updateQTable
INFO: Calculating new Q-value:
Old Q-value: -1.0
Alpha: 1.0
Gamma:1.0

Reward: 100
-1.0 + 1.0 * (100 + 1.0 - -1.0) = 101.0
mai 06, 2020 4:02:03 A.M. hvl.projectparmorel.qlearning.QModelFixer updateQTable
INFO: Updated Q-table for error 38, context 0, action -591535257 to new weight 101.0
mai 06, 2020 4:02:04 A.M. hvl.projectparmorel.reward.PreferComplexity rewardcalculateRewardFor
INFO: Time to get metric: 1119 ms
mai 06, 2020 4:02:04 A.M. hvl.projectparmorel.qlearning.QModelFixer isUnique
INFO: Solution [ErrorAction [Error: 38 The default value literal '' must be a valid literal of the attribute's type, Action: setEType, Error hierarchy: 0]
] already exists.
mai 06, 2020 4:02:04 A.M. hvl.projectparmorel.qlearning.QModelFixer fixModel
INFO: Solution discarded.
mai 06, 2020 4:02:04 A.M. hvl.projectparmorel.qlearning.QModelFixer fixModel
INFO: EPISODE 24 TOTAL REWARD 188.0



mai 06, 2020 4:02:04 A.M. hvl.projectparmorel.qlearning.QModelFixer fixModel
INFO: Time repairing model: 47525 ms
mai 06, 2020 4:02:04 A.M. hvl.projectparmorel.qlearning.QModelFixer fixModel
INFO: 
-----------------ALL SEQUENCES FOUND-------------------
SIZE: 4
DISCARDED SEQUENCES: 21
--------::::B E S T   S E Q U E N C E   I S::::---------
Sequence [id=0, seq=[ErrorAction [Error: 38 The default value literal '' must be a valid literal of the attribute's type, Action: setEType, Error hierarchy: 0]
], weight=188.0]

 with 1 actions.
mai 06, 2020 4:02:04 A.M. hvl.projectparmorel.knowledge.Knowledge save
INFO: Saving initialized
mai 06, 2020 4:02:04 A.M. hvl.projectparmorel.knowledge.Knowledge save
INFO: document prepared
mai 06, 2020 4:02:04 A.M. hvl.projectparmorel.knowledge.Knowledge save
INFO: Saving completed to /Users/Magnus/Skole/DAT300/EclipseWorkspace3/ParmorelRunnable/knowledge.xml
mai 06, 2020 4:02:04 A.M. hvl.projectparmorel.knowledge.Knowledge save
INFO: Saving initialized
mai 06, 2020 4:02:04 A.M. hvl.projectparmorel.knowledge.Knowledge save
INFO: document prepared
mai 06, 2020 4:02:04 A.M. hvl.projectparmorel.knowledge.Knowledge save
INFO: Saving completed to /Users/Magnus/Skole/DAT300/EclipseWorkspace3/ParmorelRunnable/knowledge.xml
