mai 05, 2020 6:13:59 P.M. hvl.projectparmorel.qlearning.QModelFixer fixModel
INFO: Repairing Leveleditor.ecore
mai 05, 2020 6:13:59 P.M. hvl.projectparmorel.qlearning.QModelFixer fixModel
INFO: Running with preferences [PREFER_CLOSE_DISTANCE_TO_ORIGINAL, PREFER_MAINTAINABILITY]
mai 05, 2020 6:13:59 P.M. hvl.projectparmorel.qlearning.QModelFixer fixModel
INFO: Initial number of errors in model: 1
Maximum number of steps per episode: 12
Errors to fix: [Error 38, message=The default value literal '' must be a valid literal of the attribute's type in package 0
]
mai 05, 2020 6:13:59 P.M. hvl.projectparmorel.qlearning.QModelFixer fixModel
INFO: Initializing Q-table for the errors.
mai 05, 2020 6:13:59 P.M. hvl.projectparmorel.qlearning.QModelFixer fixModel
INFO: Number of episodes: 25
mai 05, 2020 6:13:59 P.M. hvl.projectparmorel.qlearning.QModelFixer handleEpisode
INFO: EPISODE 0, STEP 0, Fixing error 38: The default value literal '' must be a valid literal of the attribute's type
mai 05, 2020 6:13:59 P.M. hvl.projectparmorel.qlearning.QModelFixer chooseAction
INFO: Choosing optimal action
mai 05, 2020 6:13:59 P.M. hvl.projectparmorel.qlearning.QModelFixer handleStep
INFO: Chose action setDefaultValueLiteralGen in context 0 with weight 372.0
mai 05, 2020 6:13:59 P.M. hvl.projectparmorel.qlearning.QModelFixer updateQTable
INFO: Calculating new Q-value:
Old Q-value: 372.0
Alpha: 1.0
Gamma:1.0

Reward: -2
372.0 + 1.0 * (-2 + 1.0 - 372.0) = -1.0
mai 05, 2020 6:13:59 P.M. hvl.projectparmorel.qlearning.QModelFixer updateQTable
INFO: Updated Q-table for error 38, context 0, action -2078906332 to new weight -1.0
mai 05, 2020 6:14:00 P.M. hvl.projectparmorel.ecore.EcoreSolution calculateDistanceFromOriginal
INFO: Calculated the distance between the models to 100.0
mai 05, 2020 6:14:00 P.M. hvl.projectparmorel.reward.PreferCloseDinstanceToOriginalPreference rewardcalculateRewardFor
INFO: Time to measure distance: 1251 ms
mai 05, 2020 6:14:00 P.M. hvl.projectparmorel.qlearning.QModelFixer updateQTable
INFO: Calculating new Q-value:
Old Q-value: -1.0
Alpha: 1.0
Gamma:1.0

Reward: 100
-1.0 + 1.0 * (100 + 1.0 - -1.0) = 101.0
mai 05, 2020 6:14:00 P.M. hvl.projectparmorel.qlearning.QModelFixer updateQTable
INFO: Updated Q-table for error 38, context 0, action -2078906332 to new weight 101.0
mai 05, 2020 6:14:01 P.M. hvl.projectparmorel.reward.PreferMaintainability rewardcalculateRewardFor
INFO: MAINTAINABILITY: 36.0
mai 05, 2020 6:14:01 P.M. hvl.projectparmorel.reward.PreferMaintainability rewardcalculateRewardFor
INFO: Time to get metric: 797 ms
mai 05, 2020 6:14:01 P.M. hvl.projectparmorel.qlearning.QModelFixer fixModel
INFO: Solution added to possible solitons: [ErrorAction [Error: 38 The default value literal '' must be a valid literal of the attribute's type, Action: setDefaultValueLiteralGen, Error hierarchy: 0]
]
mai 05, 2020 6:14:01 P.M. hvl.projectparmorel.qlearning.QModelFixer fixModel
INFO: EPISODE 0 TOTAL REWARD 162.0



mai 05, 2020 6:14:01 P.M. hvl.projectparmorel.qlearning.QModelFixer handleEpisode
INFO: EPISODE 1, STEP 0, Fixing error 38: The default value literal '' must be a valid literal of the attribute's type
mai 05, 2020 6:14:01 P.M. hvl.projectparmorel.qlearning.QModelFixer chooseAction
INFO: Choosing optimal action
mai 05, 2020 6:14:01 P.M. hvl.projectparmorel.qlearning.QModelFixer handleStep
INFO: Chose action delete in context 0 with weight 72.2
mai 05, 2020 6:14:01 P.M. hvl.projectparmorel.qlearning.QModelFixer updateQTable
INFO: Calculating new Q-value:
Old Q-value: 72.2
Alpha: 1.0
Gamma:1.0

Reward: -2
72.2 + 1.0 * (-2 + 1.0 - 72.2) = -1.0
mai 05, 2020 6:14:01 P.M. hvl.projectparmorel.qlearning.QModelFixer updateQTable
INFO: Updated Q-table for error 38, context 0, action 99999 to new weight -1.0
mai 05, 2020 6:14:02 P.M. hvl.projectparmorel.ecore.EcoreSolution calculateDistanceFromOriginal
INFO: Calculated the distance between the models to 99.0
mai 05, 2020 6:14:02 P.M. hvl.projectparmorel.reward.PreferCloseDinstanceToOriginalPreference rewardcalculateRewardFor
INFO: Time to measure distance: 974 ms
mai 05, 2020 6:14:02 P.M. hvl.projectparmorel.qlearning.QModelFixer updateQTable
INFO: Calculating new Q-value:
Old Q-value: -1.0
Alpha: 1.0
Gamma:1.0

Reward: 99
-1.0 + 1.0 * (99 + 1.0 - -1.0) = 100.0
mai 05, 2020 6:14:02 P.M. hvl.projectparmorel.qlearning.QModelFixer updateQTable
INFO: Updated Q-table for error 38, context 0, action 99999 to new weight 100.0
mai 05, 2020 6:14:03 P.M. hvl.projectparmorel.reward.PreferMaintainability rewardcalculateRewardFor
INFO: MAINTAINABILITY: 35.8
mai 05, 2020 6:14:03 P.M. hvl.projectparmorel.reward.PreferMaintainability rewardcalculateRewardFor
INFO: Time to get metric: 774 ms
mai 05, 2020 6:14:03 P.M. hvl.projectparmorel.qlearning.QModelFixer fixModel
INFO: Solution added to possible solitons: [ErrorAction [Error: 38 The default value literal '' must be a valid literal of the attribute's type, Action: delete, Error hierarchy: 0]
]
mai 05, 2020 6:14:03 P.M. hvl.projectparmorel.qlearning.QModelFixer fixModel
INFO: EPISODE 1 TOTAL REWARD 161.0



mai 05, 2020 6:14:03 P.M. hvl.projectparmorel.qlearning.QModelFixer handleEpisode
INFO: EPISODE 2, STEP 0, Fixing error 38: The default value literal '' must be a valid literal of the attribute's type
mai 05, 2020 6:14:03 P.M. hvl.projectparmorel.qlearning.QModelFixer chooseAction
INFO: Choosing random action.
mai 05, 2020 6:14:03 P.M. hvl.projectparmorel.qlearning.QModelFixer handleStep
INFO: Chose action setEType in context 0 with weight 72.0
mai 05, 2020 6:14:03 P.M. hvl.projectparmorel.qlearning.QModelFixer updateQTable
INFO: Calculating new Q-value:
Old Q-value: 72.0
Alpha: 1.0
Gamma:1.0

Reward: -2
72.0 + 1.0 * (-2 + 1.0 - 72.0) = -1.0
mai 05, 2020 6:14:03 P.M. hvl.projectparmorel.qlearning.QModelFixer updateQTable
INFO: Updated Q-table for error 38, context 0, action -591535257 to new weight -1.0
mai 05, 2020 6:14:04 P.M. hvl.projectparmorel.ecore.EcoreSolution calculateDistanceFromOriginal
INFO: Calculated the distance between the models to 99.0
mai 05, 2020 6:14:04 P.M. hvl.projectparmorel.reward.PreferCloseDinstanceToOriginalPreference rewardcalculateRewardFor
INFO: Time to measure distance: 1130 ms
mai 05, 2020 6:14:04 P.M. hvl.projectparmorel.qlearning.QModelFixer updateQTable
INFO: Calculating new Q-value:
Old Q-value: -1.0
Alpha: 1.0
Gamma:1.0

Reward: 99
-1.0 + 1.0 * (99 + 1.0 - -1.0) = 100.0
mai 05, 2020 6:14:04 P.M. hvl.projectparmorel.qlearning.QModelFixer updateQTable
INFO: Updated Q-table for error 38, context 0, action -591535257 to new weight 100.0
mai 05, 2020 6:14:05 P.M. hvl.projectparmorel.reward.PreferMaintainability rewardcalculateRewardFor
INFO: MAINTAINABILITY: 36.0
mai 05, 2020 6:14:05 P.M. hvl.projectparmorel.reward.PreferMaintainability rewardcalculateRewardFor
INFO: Time to get metric: 792 ms
mai 05, 2020 6:14:05 P.M. hvl.projectparmorel.qlearning.QModelFixer fixModel
INFO: Solution added to possible solitons: [ErrorAction [Error: 38 The default value literal '' must be a valid literal of the attribute's type, Action: setEType, Error hierarchy: 0]
]
mai 05, 2020 6:14:05 P.M. hvl.projectparmorel.qlearning.QModelFixer fixModel
INFO: EPISODE 2 TOTAL REWARD 161.0



mai 05, 2020 6:14:05 P.M. hvl.projectparmorel.qlearning.QModelFixer handleEpisode
INFO: EPISODE 3, STEP 0, Fixing error 38: The default value literal '' must be a valid literal of the attribute's type
mai 05, 2020 6:14:05 P.M. hvl.projectparmorel.qlearning.QModelFixer chooseAction
INFO: Choosing optimal action
mai 05, 2020 6:14:05 P.M. hvl.projectparmorel.qlearning.QModelFixer handleStep
INFO: Chose action setEType in context 0 with weight 72.0
mai 05, 2020 6:14:05 P.M. hvl.projectparmorel.qlearning.QModelFixer updateQTable
INFO: Calculating new Q-value:
Old Q-value: 72.0
Alpha: 1.0
Gamma:1.0

Reward: -2
72.0 + 1.0 * (-2 + 1.0 - 72.0) = -1.0
mai 05, 2020 6:14:05 P.M. hvl.projectparmorel.qlearning.QModelFixer updateQTable
INFO: Updated Q-table for error 38, context 0, action 591449609 to new weight -1.0
mai 05, 2020 6:14:06 P.M. hvl.projectparmorel.ecore.EcoreSolution calculateDistanceFromOriginal
INFO: Calculated the distance between the models to 99.0
mai 05, 2020 6:14:06 P.M. hvl.projectparmorel.reward.PreferCloseDinstanceToOriginalPreference rewardcalculateRewardFor
INFO: Time to measure distance: 1080 ms
mai 05, 2020 6:14:06 P.M. hvl.projectparmorel.qlearning.QModelFixer updateQTable
INFO: Calculating new Q-value:
Old Q-value: -1.0
Alpha: 1.0
Gamma:1.0

Reward: 99
-1.0 + 1.0 * (99 + 1.0 - -1.0) = 100.0
mai 05, 2020 6:14:06 P.M. hvl.projectparmorel.qlearning.QModelFixer updateQTable
INFO: Updated Q-table for error 38, context 0, action 591449609 to new weight 100.0
mai 05, 2020 6:14:07 P.M. hvl.projectparmorel.reward.PreferMaintainability rewardcalculateRewardFor
INFO: MAINTAINABILITY: 36.0
mai 05, 2020 6:14:07 P.M. hvl.projectparmorel.reward.PreferMaintainability rewardcalculateRewardFor
INFO: Time to get metric: 785 ms
mai 05, 2020 6:14:07 P.M. hvl.projectparmorel.qlearning.QModelFixer fixModel
INFO: Solution added to possible solitons: [ErrorAction [Error: 38 The default value literal '' must be a valid literal of the attribute's type, Action: setEType, Error hierarchy: 0]
]
mai 05, 2020 6:14:07 P.M. hvl.projectparmorel.qlearning.QModelFixer fixModel
INFO: EPISODE 3 TOTAL REWARD 161.0



mai 05, 2020 6:14:07 P.M. hvl.projectparmorel.qlearning.QModelFixer handleEpisode
INFO: EPISODE 4, STEP 0, Fixing error 38: The default value literal '' must be a valid literal of the attribute's type
mai 05, 2020 6:14:07 P.M. hvl.projectparmorel.qlearning.QModelFixer chooseAction
INFO: Choosing optimal action
mai 05, 2020 6:14:07 P.M. hvl.projectparmorel.qlearning.QModelFixer handleStep
INFO: Chose action setDefaultValueLiteral in context 0 with weight 72.0
mai 05, 2020 6:14:07 P.M. hvl.projectparmorel.qlearning.QModelFixer updateQTable
INFO: Calculating new Q-value:
Old Q-value: 72.0
Alpha: 1.0
Gamma:1.0

Reward: -2
72.0 + 1.0 * (-2 + 1.0 - 72.0) = -1.0
mai 05, 2020 6:14:07 P.M. hvl.projectparmorel.qlearning.QModelFixer updateQTable
INFO: Updated Q-table for error 38, context 0, action 1999964618 to new weight -1.0
mai 05, 2020 6:14:08 P.M. hvl.projectparmorel.ecore.EcoreSolution calculateDistanceFromOriginal
INFO: Calculated the distance between the models to 100.0
mai 05, 2020 6:14:08 P.M. hvl.projectparmorel.reward.PreferCloseDinstanceToOriginalPreference rewardcalculateRewardFor
INFO: Time to measure distance: 1038 ms
mai 05, 2020 6:14:08 P.M. hvl.projectparmorel.qlearning.QModelFixer updateQTable
INFO: Calculating new Q-value:
Old Q-value: -1.0
Alpha: 1.0
Gamma:1.0

Reward: 100
-1.0 + 1.0 * (100 + 1.0 - -1.0) = 101.0
mai 05, 2020 6:14:08 P.M. hvl.projectparmorel.qlearning.QModelFixer updateQTable
INFO: Updated Q-table for error 38, context 0, action 1999964618 to new weight 101.0
mai 05, 2020 6:14:08 P.M. hvl.projectparmorel.reward.PreferMaintainability rewardcalculateRewardFor
INFO: MAINTAINABILITY: 36.0
mai 05, 2020 6:14:08 P.M. hvl.projectparmorel.reward.PreferMaintainability rewardcalculateRewardFor
INFO: Time to get metric: 801 ms
mai 05, 2020 6:14:08 P.M. hvl.projectparmorel.qlearning.QModelFixer fixModel
INFO: Solution added to possible solitons: [ErrorAction [Error: 38 The default value literal '' must be a valid literal of the attribute's type, Action: setDefaultValueLiteral, Error hierarchy: 0]
]
mai 05, 2020 6:14:08 P.M. hvl.projectparmorel.qlearning.QModelFixer fixModel
INFO: EPISODE 4 TOTAL REWARD 162.0



mai 05, 2020 6:14:08 P.M. hvl.projectparmorel.qlearning.QModelFixer handleEpisode
INFO: EPISODE 5, STEP 0, Fixing error 38: The default value literal '' must be a valid literal of the attribute's type
mai 05, 2020 6:14:08 P.M. hvl.projectparmorel.qlearning.QModelFixer chooseAction
INFO: Choosing optimal action
mai 05, 2020 6:14:08 P.M. hvl.projectparmorel.qlearning.QModelFixer handleStep
INFO: Chose action delete in context 0 with weight 64.2
mai 05, 2020 6:14:09 P.M. hvl.projectparmorel.qlearning.QModelFixer updateQTable
INFO: Calculating new Q-value:
Old Q-value: 64.2
Alpha: 1.0
Gamma:1.0

Reward: -2
64.2 + 1.0 * (-2 + 1.0 - 64.2) = -1.0
mai 05, 2020 6:14:09 P.M. hvl.projectparmorel.qlearning.QModelFixer updateQTable
INFO: Updated Q-table for error 38, context 0, action 99999 to new weight -1.0
mai 05, 2020 6:14:10 P.M. hvl.projectparmorel.ecore.EcoreSolution calculateDistanceFromOriginal
INFO: Calculated the distance between the models to 99.0
mai 05, 2020 6:14:10 P.M. hvl.projectparmorel.reward.PreferCloseDinstanceToOriginalPreference rewardcalculateRewardFor
INFO: Time to measure distance: 998 ms
mai 05, 2020 6:14:10 P.M. hvl.projectparmorel.qlearning.QModelFixer updateQTable
INFO: Calculating new Q-value:
Old Q-value: -1.0
Alpha: 1.0
Gamma:1.0

Reward: 99
-1.0 + 1.0 * (99 + 1.0 - -1.0) = 100.0
mai 05, 2020 6:14:10 P.M. hvl.projectparmorel.qlearning.QModelFixer updateQTable
INFO: Updated Q-table for error 38, context 0, action 99999 to new weight 100.0
mai 05, 2020 6:14:11 P.M. hvl.projectparmorel.reward.PreferMaintainability rewardcalculateRewardFor
INFO: MAINTAINABILITY: 35.8
mai 05, 2020 6:14:11 P.M. hvl.projectparmorel.reward.PreferMaintainability rewardcalculateRewardFor
INFO: Time to get metric: 781 ms
mai 05, 2020 6:14:11 P.M. hvl.projectparmorel.qlearning.QModelFixer isUnique
INFO: Solution [ErrorAction [Error: 38 The default value literal '' must be a valid literal of the attribute's type, Action: delete, Error hierarchy: 0]
] already exists.
mai 05, 2020 6:14:11 P.M. hvl.projectparmorel.qlearning.QModelFixer fixModel
INFO: Solution discarded.
mai 05, 2020 6:14:11 P.M. hvl.projectparmorel.qlearning.QModelFixer fixModel
INFO: EPISODE 5 TOTAL REWARD 161.0



mai 05, 2020 6:14:11 P.M. hvl.projectparmorel.qlearning.QModelFixer handleEpisode
INFO: EPISODE 6, STEP 0, Fixing error 38: The default value literal '' must be a valid literal of the attribute's type
mai 05, 2020 6:14:11 P.M. hvl.projectparmorel.qlearning.QModelFixer chooseAction
INFO: Choosing random action.
mai 05, 2020 6:14:11 P.M. hvl.projectparmorel.qlearning.QModelFixer handleStep
INFO: Chose action delete in context 0 with weight 64.2
mai 05, 2020 6:14:11 P.M. hvl.projectparmorel.qlearning.QModelFixer updateQTable
INFO: Calculating new Q-value:
Old Q-value: 64.2
Alpha: 1.0
Gamma:1.0

Reward: -2
64.2 + 1.0 * (-2 + 1.0 - 64.2) = -1.0
mai 05, 2020 6:14:11 P.M. hvl.projectparmorel.qlearning.QModelFixer updateQTable
INFO: Updated Q-table for error 38, context 0, action 99999 to new weight -1.0
mai 05, 2020 6:14:12 P.M. hvl.projectparmorel.ecore.EcoreSolution calculateDistanceFromOriginal
INFO: Calculated the distance between the models to 99.0
mai 05, 2020 6:14:12 P.M. hvl.projectparmorel.reward.PreferCloseDinstanceToOriginalPreference rewardcalculateRewardFor
INFO: Time to measure distance: 1172 ms
mai 05, 2020 6:14:12 P.M. hvl.projectparmorel.qlearning.QModelFixer updateQTable
INFO: Calculating new Q-value:
Old Q-value: -1.0
Alpha: 1.0
Gamma:1.0

Reward: 99
-1.0 + 1.0 * (99 + 1.0 - -1.0) = 100.0
mai 05, 2020 6:14:12 P.M. hvl.projectparmorel.qlearning.QModelFixer updateQTable
INFO: Updated Q-table for error 38, context 0, action 99999 to new weight 100.0
mai 05, 2020 6:14:13 P.M. hvl.projectparmorel.reward.PreferMaintainability rewardcalculateRewardFor
INFO: MAINTAINABILITY: 35.8
mai 05, 2020 6:14:13 P.M. hvl.projectparmorel.reward.PreferMaintainability rewardcalculateRewardFor
INFO: Time to get metric: 777 ms
mai 05, 2020 6:14:13 P.M. hvl.projectparmorel.qlearning.QModelFixer isUnique
INFO: Solution [ErrorAction [Error: 38 The default value literal '' must be a valid literal of the attribute's type, Action: delete, Error hierarchy: 0]
] already exists.
mai 05, 2020 6:14:13 P.M. hvl.projectparmorel.qlearning.QModelFixer fixModel
INFO: Solution discarded.
mai 05, 2020 6:14:13 P.M. hvl.projectparmorel.qlearning.QModelFixer fixModel
INFO: EPISODE 6 TOTAL REWARD 161.0



mai 05, 2020 6:14:13 P.M. hvl.projectparmorel.qlearning.QModelFixer handleEpisode
INFO: EPISODE 7, STEP 0, Fixing error 38: The default value literal '' must be a valid literal of the attribute's type
mai 05, 2020 6:14:13 P.M. hvl.projectparmorel.qlearning.QModelFixer chooseAction
INFO: Choosing optimal action
mai 05, 2020 6:14:13 P.M. hvl.projectparmorel.qlearning.QModelFixer handleStep
INFO: Chose action delete in context 0 with weight 64.2
mai 05, 2020 6:14:13 P.M. hvl.projectparmorel.qlearning.QModelFixer updateQTable
INFO: Calculating new Q-value:
Old Q-value: 64.2
Alpha: 1.0
Gamma:1.0

Reward: -2
64.2 + 1.0 * (-2 + 1.0 - 64.2) = -1.0
mai 05, 2020 6:14:13 P.M. hvl.projectparmorel.qlearning.QModelFixer updateQTable
INFO: Updated Q-table for error 38, context 0, action 99999 to new weight -1.0
mai 05, 2020 6:14:14 P.M. hvl.projectparmorel.ecore.EcoreSolution calculateDistanceFromOriginal
INFO: Calculated the distance between the models to 99.0
mai 05, 2020 6:14:14 P.M. hvl.projectparmorel.reward.PreferCloseDinstanceToOriginalPreference rewardcalculateRewardFor
INFO: Time to measure distance: 1051 ms
mai 05, 2020 6:14:14 P.M. hvl.projectparmorel.qlearning.QModelFixer updateQTable
INFO: Calculating new Q-value:
Old Q-value: -1.0
Alpha: 1.0
Gamma:1.0

Reward: 99
-1.0 + 1.0 * (99 + 1.0 - -1.0) = 100.0
mai 05, 2020 6:14:14 P.M. hvl.projectparmorel.qlearning.QModelFixer updateQTable
INFO: Updated Q-table for error 38, context 0, action 99999 to new weight 100.0
mai 05, 2020 6:14:15 P.M. hvl.projectparmorel.reward.PreferMaintainability rewardcalculateRewardFor
INFO: MAINTAINABILITY: 35.8
mai 05, 2020 6:14:15 P.M. hvl.projectparmorel.reward.PreferMaintainability rewardcalculateRewardFor
INFO: Time to get metric: 816 ms
mai 05, 2020 6:14:15 P.M. hvl.projectparmorel.qlearning.QModelFixer isUnique
INFO: Solution [ErrorAction [Error: 38 The default value literal '' must be a valid literal of the attribute's type, Action: delete, Error hierarchy: 0]
] already exists.
mai 05, 2020 6:14:15 P.M. hvl.projectparmorel.qlearning.QModelFixer fixModel
INFO: Solution discarded.
mai 05, 2020 6:14:15 P.M. hvl.projectparmorel.qlearning.QModelFixer fixModel
INFO: EPISODE 7 TOTAL REWARD 161.0



mai 05, 2020 6:14:15 P.M. hvl.projectparmorel.qlearning.QModelFixer handleEpisode
INFO: EPISODE 8, STEP 0, Fixing error 38: The default value literal '' must be a valid literal of the attribute's type
mai 05, 2020 6:14:15 P.M. hvl.projectparmorel.qlearning.QModelFixer chooseAction
INFO: Choosing optimal action
mai 05, 2020 6:14:15 P.M. hvl.projectparmorel.qlearning.QModelFixer handleStep
INFO: Chose action delete in context 0 with weight 64.2
mai 05, 2020 6:14:15 P.M. hvl.projectparmorel.qlearning.QModelFixer updateQTable
INFO: Calculating new Q-value:
Old Q-value: 64.2
Alpha: 1.0
Gamma:1.0

Reward: -2
64.2 + 1.0 * (-2 + 1.0 - 64.2) = -1.0
mai 05, 2020 6:14:15 P.M. hvl.projectparmorel.qlearning.QModelFixer updateQTable
INFO: Updated Q-table for error 38, context 0, action 99999 to new weight -1.0
mai 05, 2020 6:14:16 P.M. hvl.projectparmorel.ecore.EcoreSolution calculateDistanceFromOriginal
INFO: Calculated the distance between the models to 99.0
mai 05, 2020 6:14:16 P.M. hvl.projectparmorel.reward.PreferCloseDinstanceToOriginalPreference rewardcalculateRewardFor
INFO: Time to measure distance: 985 ms
mai 05, 2020 6:14:16 P.M. hvl.projectparmorel.qlearning.QModelFixer updateQTable
INFO: Calculating new Q-value:
Old Q-value: -1.0
Alpha: 1.0
Gamma:1.0

Reward: 99
-1.0 + 1.0 * (99 + 1.0 - -1.0) = 100.0
mai 05, 2020 6:14:16 P.M. hvl.projectparmorel.qlearning.QModelFixer updateQTable
INFO: Updated Q-table for error 38, context 0, action 99999 to new weight 100.0
mai 05, 2020 6:14:17 P.M. hvl.projectparmorel.reward.PreferMaintainability rewardcalculateRewardFor
INFO: MAINTAINABILITY: 35.8
mai 05, 2020 6:14:17 P.M. hvl.projectparmorel.reward.PreferMaintainability rewardcalculateRewardFor
INFO: Time to get metric: 785 ms
mai 05, 2020 6:14:17 P.M. hvl.projectparmorel.qlearning.QModelFixer isUnique
INFO: Solution [ErrorAction [Error: 38 The default value literal '' must be a valid literal of the attribute's type, Action: delete, Error hierarchy: 0]
] already exists.
mai 05, 2020 6:14:17 P.M. hvl.projectparmorel.qlearning.QModelFixer fixModel
INFO: Solution discarded.
mai 05, 2020 6:14:17 P.M. hvl.projectparmorel.qlearning.QModelFixer fixModel
INFO: EPISODE 8 TOTAL REWARD 161.0



mai 05, 2020 6:14:17 P.M. hvl.projectparmorel.qlearning.QModelFixer handleEpisode
INFO: EPISODE 9, STEP 0, Fixing error 38: The default value literal '' must be a valid literal of the attribute's type
mai 05, 2020 6:14:17 P.M. hvl.projectparmorel.qlearning.QModelFixer chooseAction
INFO: Choosing optimal action
mai 05, 2020 6:14:17 P.M. hvl.projectparmorel.qlearning.QModelFixer handleStep
INFO: Chose action delete in context 0 with weight 64.2
mai 05, 2020 6:14:17 P.M. hvl.projectparmorel.qlearning.QModelFixer updateQTable
INFO: Calculating new Q-value:
Old Q-value: 64.2
Alpha: 1.0
Gamma:1.0

Reward: -2
64.2 + 1.0 * (-2 + 1.0 - 64.2) = -1.0
mai 05, 2020 6:14:17 P.M. hvl.projectparmorel.qlearning.QModelFixer updateQTable
INFO: Updated Q-table for error 38, context 0, action 99999 to new weight -1.0
mai 05, 2020 6:14:18 P.M. hvl.projectparmorel.ecore.EcoreSolution calculateDistanceFromOriginal
INFO: Calculated the distance between the models to 99.0
mai 05, 2020 6:14:18 P.M. hvl.projectparmorel.reward.PreferCloseDinstanceToOriginalPreference rewardcalculateRewardFor
INFO: Time to measure distance: 1099 ms
mai 05, 2020 6:14:18 P.M. hvl.projectparmorel.qlearning.QModelFixer updateQTable
INFO: Calculating new Q-value:
Old Q-value: -1.0
Alpha: 1.0
Gamma:1.0

Reward: 99
-1.0 + 1.0 * (99 + 1.0 - -1.0) = 100.0
mai 05, 2020 6:14:18 P.M. hvl.projectparmorel.qlearning.QModelFixer updateQTable
INFO: Updated Q-table for error 38, context 0, action 99999 to new weight 100.0
mai 05, 2020 6:14:19 P.M. hvl.projectparmorel.reward.PreferMaintainability rewardcalculateRewardFor
INFO: MAINTAINABILITY: 35.8
mai 05, 2020 6:14:19 P.M. hvl.projectparmorel.reward.PreferMaintainability rewardcalculateRewardFor
INFO: Time to get metric: 776 ms
mai 05, 2020 6:14:19 P.M. hvl.projectparmorel.qlearning.QModelFixer isUnique
INFO: Solution [ErrorAction [Error: 38 The default value literal '' must be a valid literal of the attribute's type, Action: delete, Error hierarchy: 0]
] already exists.
mai 05, 2020 6:14:19 P.M. hvl.projectparmorel.qlearning.QModelFixer fixModel
INFO: Solution discarded.
mai 05, 2020 6:14:19 P.M. hvl.projectparmorel.qlearning.QModelFixer fixModel
INFO: EPISODE 9 TOTAL REWARD 161.0



mai 05, 2020 6:14:19 P.M. hvl.projectparmorel.qlearning.QModelFixer handleEpisode
INFO: EPISODE 10, STEP 0, Fixing error 38: The default value literal '' must be a valid literal of the attribute's type
mai 05, 2020 6:14:19 P.M. hvl.projectparmorel.qlearning.QModelFixer chooseAction
INFO: Choosing optimal action
mai 05, 2020 6:14:19 P.M. hvl.projectparmorel.qlearning.QModelFixer handleStep
INFO: Chose action delete in context 0 with weight 64.2
mai 05, 2020 6:14:19 P.M. hvl.projectparmorel.qlearning.QModelFixer updateQTable
INFO: Calculating new Q-value:
Old Q-value: 64.2
Alpha: 1.0
Gamma:1.0

Reward: -2
64.2 + 1.0 * (-2 + 1.0 - 64.2) = -1.0
mai 05, 2020 6:14:19 P.M. hvl.projectparmorel.qlearning.QModelFixer updateQTable
INFO: Updated Q-table for error 38, context 0, action 99999 to new weight -1.0
mai 05, 2020 6:14:21 P.M. hvl.projectparmorel.ecore.EcoreSolution calculateDistanceFromOriginal
INFO: Calculated the distance between the models to 99.0
mai 05, 2020 6:14:21 P.M. hvl.projectparmorel.reward.PreferCloseDinstanceToOriginalPreference rewardcalculateRewardFor
INFO: Time to measure distance: 1168 ms
mai 05, 2020 6:14:21 P.M. hvl.projectparmorel.qlearning.QModelFixer updateQTable
INFO: Calculating new Q-value:
Old Q-value: -1.0
Alpha: 1.0
Gamma:1.0

Reward: 99
-1.0 + 1.0 * (99 + 1.0 - -1.0) = 100.0
mai 05, 2020 6:14:21 P.M. hvl.projectparmorel.qlearning.QModelFixer updateQTable
INFO: Updated Q-table for error 38, context 0, action 99999 to new weight 100.0
mai 05, 2020 6:14:21 P.M. hvl.projectparmorel.reward.PreferMaintainability rewardcalculateRewardFor
INFO: MAINTAINABILITY: 35.8
mai 05, 2020 6:14:21 P.M. hvl.projectparmorel.reward.PreferMaintainability rewardcalculateRewardFor
INFO: Time to get metric: 795 ms
mai 05, 2020 6:14:21 P.M. hvl.projectparmorel.qlearning.QModelFixer isUnique
INFO: Solution [ErrorAction [Error: 38 The default value literal '' must be a valid literal of the attribute's type, Action: delete, Error hierarchy: 0]
] already exists.
mai 05, 2020 6:14:21 P.M. hvl.projectparmorel.qlearning.QModelFixer fixModel
INFO: Solution discarded.
mai 05, 2020 6:14:21 P.M. hvl.projectparmorel.qlearning.QModelFixer fixModel
INFO: EPISODE 10 TOTAL REWARD 161.0



mai 05, 2020 6:14:21 P.M. hvl.projectparmorel.qlearning.QModelFixer handleEpisode
INFO: EPISODE 11, STEP 0, Fixing error 38: The default value literal '' must be a valid literal of the attribute's type
mai 05, 2020 6:14:21 P.M. hvl.projectparmorel.qlearning.QModelFixer chooseAction
INFO: Choosing random action.
mai 05, 2020 6:14:21 P.M. hvl.projectparmorel.qlearning.QModelFixer handleStep
INFO: Chose action setDefaultValueLiteralGen in context 0 with weight 64.0
mai 05, 2020 6:14:21 P.M. hvl.projectparmorel.qlearning.QModelFixer updateQTable
INFO: Calculating new Q-value:
Old Q-value: 64.0
Alpha: 1.0
Gamma:1.0

Reward: -2
64.0 + 1.0 * (-2 + 1.0 - 64.0) = -1.0
mai 05, 2020 6:14:21 P.M. hvl.projectparmorel.qlearning.QModelFixer updateQTable
INFO: Updated Q-table for error 38, context 0, action -2078906332 to new weight -1.0
mai 05, 2020 6:14:22 P.M. hvl.projectparmorel.ecore.EcoreSolution calculateDistanceFromOriginal
INFO: Calculated the distance between the models to 100.0
mai 05, 2020 6:14:22 P.M. hvl.projectparmorel.reward.PreferCloseDinstanceToOriginalPreference rewardcalculateRewardFor
INFO: Time to measure distance: 1070 ms
mai 05, 2020 6:14:22 P.M. hvl.projectparmorel.qlearning.QModelFixer updateQTable
INFO: Calculating new Q-value:
Old Q-value: -1.0
Alpha: 1.0
Gamma:1.0

Reward: 100
-1.0 + 1.0 * (100 + 1.0 - -1.0) = 101.0
mai 05, 2020 6:14:22 P.M. hvl.projectparmorel.qlearning.QModelFixer updateQTable
INFO: Updated Q-table for error 38, context 0, action -2078906332 to new weight 101.0
mai 05, 2020 6:14:23 P.M. hvl.projectparmorel.reward.PreferMaintainability rewardcalculateRewardFor
INFO: MAINTAINABILITY: 36.0
mai 05, 2020 6:14:23 P.M. hvl.projectparmorel.reward.PreferMaintainability rewardcalculateRewardFor
INFO: Time to get metric: 782 ms
mai 05, 2020 6:14:23 P.M. hvl.projectparmorel.qlearning.QModelFixer isUnique
INFO: Solution [ErrorAction [Error: 38 The default value literal '' must be a valid literal of the attribute's type, Action: setDefaultValueLiteralGen, Error hierarchy: 0]
] already exists.
mai 05, 2020 6:14:23 P.M. hvl.projectparmorel.qlearning.QModelFixer fixModel
INFO: Solution discarded.
mai 05, 2020 6:14:23 P.M. hvl.projectparmorel.qlearning.QModelFixer fixModel
INFO: EPISODE 11 TOTAL REWARD 162.0



mai 05, 2020 6:14:23 P.M. hvl.projectparmorel.qlearning.QModelFixer handleEpisode
INFO: EPISODE 12, STEP 0, Fixing error 38: The default value literal '' must be a valid literal of the attribute's type
mai 05, 2020 6:14:23 P.M. hvl.projectparmorel.qlearning.QModelFixer chooseAction
INFO: Choosing optimal action
mai 05, 2020 6:14:23 P.M. hvl.projectparmorel.qlearning.QModelFixer handleStep
INFO: Chose action delete in context 0 with weight 64.2
mai 05, 2020 6:14:24 P.M. hvl.projectparmorel.qlearning.QModelFixer updateQTable
INFO: Calculating new Q-value:
Old Q-value: 64.2
Alpha: 1.0
Gamma:1.0

Reward: -2
64.2 + 1.0 * (-2 + 1.0 - 64.2) = -1.0
mai 05, 2020 6:14:24 P.M. hvl.projectparmorel.qlearning.QModelFixer updateQTable
INFO: Updated Q-table for error 38, context 0, action 99999 to new weight -1.0
mai 05, 2020 6:14:25 P.M. hvl.projectparmorel.ecore.EcoreSolution calculateDistanceFromOriginal
INFO: Calculated the distance between the models to 99.0
mai 05, 2020 6:14:25 P.M. hvl.projectparmorel.reward.PreferCloseDinstanceToOriginalPreference rewardcalculateRewardFor
INFO: Time to measure distance: 1185 ms
mai 05, 2020 6:14:25 P.M. hvl.projectparmorel.qlearning.QModelFixer updateQTable
INFO: Calculating new Q-value:
Old Q-value: -1.0
Alpha: 1.0
Gamma:1.0

Reward: 99
-1.0 + 1.0 * (99 + 1.0 - -1.0) = 100.0
mai 05, 2020 6:14:25 P.M. hvl.projectparmorel.qlearning.QModelFixer updateQTable
INFO: Updated Q-table for error 38, context 0, action 99999 to new weight 100.0
mai 05, 2020 6:14:26 P.M. hvl.projectparmorel.reward.PreferMaintainability rewardcalculateRewardFor
INFO: MAINTAINABILITY: 35.8
mai 05, 2020 6:14:26 P.M. hvl.projectparmorel.reward.PreferMaintainability rewardcalculateRewardFor
INFO: Time to get metric: 791 ms
mai 05, 2020 6:14:26 P.M. hvl.projectparmorel.qlearning.QModelFixer isUnique
INFO: Solution [ErrorAction [Error: 38 The default value literal '' must be a valid literal of the attribute's type, Action: delete, Error hierarchy: 0]
] already exists.
mai 05, 2020 6:14:26 P.M. hvl.projectparmorel.qlearning.QModelFixer fixModel
INFO: Solution discarded.
mai 05, 2020 6:14:26 P.M. hvl.projectparmorel.qlearning.QModelFixer fixModel
INFO: EPISODE 12 TOTAL REWARD 161.0



mai 05, 2020 6:14:26 P.M. hvl.projectparmorel.qlearning.QModelFixer handleEpisode
INFO: EPISODE 13, STEP 0, Fixing error 38: The default value literal '' must be a valid literal of the attribute's type
mai 05, 2020 6:14:26 P.M. hvl.projectparmorel.qlearning.QModelFixer chooseAction
INFO: Choosing optimal action
mai 05, 2020 6:14:26 P.M. hvl.projectparmorel.qlearning.QModelFixer handleStep
INFO: Chose action delete in context 0 with weight 64.2
mai 05, 2020 6:14:26 P.M. hvl.projectparmorel.qlearning.QModelFixer updateQTable
INFO: Calculating new Q-value:
Old Q-value: 64.2
Alpha: 1.0
Gamma:1.0

Reward: -2
64.2 + 1.0 * (-2 + 1.0 - 64.2) = -1.0
mai 05, 2020 6:14:26 P.M. hvl.projectparmorel.qlearning.QModelFixer updateQTable
INFO: Updated Q-table for error 38, context 0, action 99999 to new weight -1.0
mai 05, 2020 6:14:27 P.M. hvl.projectparmorel.ecore.EcoreSolution calculateDistanceFromOriginal
INFO: Calculated the distance between the models to 99.0
mai 05, 2020 6:14:27 P.M. hvl.projectparmorel.reward.PreferCloseDinstanceToOriginalPreference rewardcalculateRewardFor
INFO: Time to measure distance: 1027 ms
mai 05, 2020 6:14:27 P.M. hvl.projectparmorel.qlearning.QModelFixer updateQTable
INFO: Calculating new Q-value:
Old Q-value: -1.0
Alpha: 1.0
Gamma:1.0

Reward: 99
-1.0 + 1.0 * (99 + 1.0 - -1.0) = 100.0
mai 05, 2020 6:14:27 P.M. hvl.projectparmorel.qlearning.QModelFixer updateQTable
INFO: Updated Q-table for error 38, context 0, action 99999 to new weight 100.0
mai 05, 2020 6:14:28 P.M. hvl.projectparmorel.reward.PreferMaintainability rewardcalculateRewardFor
INFO: MAINTAINABILITY: 35.8
mai 05, 2020 6:14:28 P.M. hvl.projectparmorel.reward.PreferMaintainability rewardcalculateRewardFor
INFO: Time to get metric: 815 ms
mai 05, 2020 6:14:28 P.M. hvl.projectparmorel.qlearning.QModelFixer isUnique
INFO: Solution [ErrorAction [Error: 38 The default value literal '' must be a valid literal of the attribute's type, Action: delete, Error hierarchy: 0]
] already exists.
mai 05, 2020 6:14:28 P.M. hvl.projectparmorel.qlearning.QModelFixer fixModel
INFO: Solution discarded.
mai 05, 2020 6:14:28 P.M. hvl.projectparmorel.qlearning.QModelFixer fixModel
INFO: EPISODE 13 TOTAL REWARD 161.0



mai 05, 2020 6:14:28 P.M. hvl.projectparmorel.qlearning.QModelFixer handleEpisode
INFO: EPISODE 14, STEP 0, Fixing error 38: The default value literal '' must be a valid literal of the attribute's type
mai 05, 2020 6:14:28 P.M. hvl.projectparmorel.qlearning.QModelFixer chooseAction
INFO: Choosing optimal action
mai 05, 2020 6:14:28 P.M. hvl.projectparmorel.qlearning.QModelFixer handleStep
INFO: Chose action delete in context 0 with weight 64.2
mai 05, 2020 6:14:28 P.M. hvl.projectparmorel.qlearning.QModelFixer updateQTable
INFO: Calculating new Q-value:
Old Q-value: 64.2
Alpha: 1.0
Gamma:1.0

Reward: -2
64.2 + 1.0 * (-2 + 1.0 - 64.2) = -1.0
mai 05, 2020 6:14:28 P.M. hvl.projectparmorel.qlearning.QModelFixer updateQTable
INFO: Updated Q-table for error 38, context 0, action 99999 to new weight -1.0
mai 05, 2020 6:14:29 P.M. hvl.projectparmorel.ecore.EcoreSolution calculateDistanceFromOriginal
INFO: Calculated the distance between the models to 99.0
mai 05, 2020 6:14:29 P.M. hvl.projectparmorel.reward.PreferCloseDinstanceToOriginalPreference rewardcalculateRewardFor
INFO: Time to measure distance: 989 ms
mai 05, 2020 6:14:29 P.M. hvl.projectparmorel.qlearning.QModelFixer updateQTable
INFO: Calculating new Q-value:
Old Q-value: -1.0
Alpha: 1.0
Gamma:1.0

Reward: 99
-1.0 + 1.0 * (99 + 1.0 - -1.0) = 100.0
mai 05, 2020 6:14:29 P.M. hvl.projectparmorel.qlearning.QModelFixer updateQTable
INFO: Updated Q-table for error 38, context 0, action 99999 to new weight 100.0
mai 05, 2020 6:14:30 P.M. hvl.projectparmorel.reward.PreferMaintainability rewardcalculateRewardFor
INFO: MAINTAINABILITY: 35.8
mai 05, 2020 6:14:30 P.M. hvl.projectparmorel.reward.PreferMaintainability rewardcalculateRewardFor
INFO: Time to get metric: 784 ms
mai 05, 2020 6:14:30 P.M. hvl.projectparmorel.qlearning.QModelFixer isUnique
INFO: Solution [ErrorAction [Error: 38 The default value literal '' must be a valid literal of the attribute's type, Action: delete, Error hierarchy: 0]
] already exists.
mai 05, 2020 6:14:30 P.M. hvl.projectparmorel.qlearning.QModelFixer fixModel
INFO: Solution discarded.
mai 05, 2020 6:14:30 P.M. hvl.projectparmorel.qlearning.QModelFixer fixModel
INFO: EPISODE 14 TOTAL REWARD 161.0



mai 05, 2020 6:14:30 P.M. hvl.projectparmorel.qlearning.QModelFixer handleEpisode
INFO: EPISODE 15, STEP 0, Fixing error 38: The default value literal '' must be a valid literal of the attribute's type
mai 05, 2020 6:14:30 P.M. hvl.projectparmorel.qlearning.QModelFixer chooseAction
INFO: Choosing optimal action
mai 05, 2020 6:14:30 P.M. hvl.projectparmorel.qlearning.QModelFixer handleStep
INFO: Chose action delete in context 0 with weight 64.2
mai 05, 2020 6:14:30 P.M. hvl.projectparmorel.qlearning.QModelFixer updateQTable
INFO: Calculating new Q-value:
Old Q-value: 64.2
Alpha: 1.0
Gamma:1.0

Reward: -2
64.2 + 1.0 * (-2 + 1.0 - 64.2) = -1.0
mai 05, 2020 6:14:30 P.M. hvl.projectparmorel.qlearning.QModelFixer updateQTable
INFO: Updated Q-table for error 38, context 0, action 99999 to new weight -1.0
mai 05, 2020 6:14:31 P.M. hvl.projectparmorel.ecore.EcoreSolution calculateDistanceFromOriginal
INFO: Calculated the distance between the models to 99.0
mai 05, 2020 6:14:31 P.M. hvl.projectparmorel.reward.PreferCloseDinstanceToOriginalPreference rewardcalculateRewardFor
INFO: Time to measure distance: 1098 ms
mai 05, 2020 6:14:31 P.M. hvl.projectparmorel.qlearning.QModelFixer updateQTable
INFO: Calculating new Q-value:
Old Q-value: -1.0
Alpha: 1.0
Gamma:1.0

Reward: 99
-1.0 + 1.0 * (99 + 1.0 - -1.0) = 100.0
mai 05, 2020 6:14:31 P.M. hvl.projectparmorel.qlearning.QModelFixer updateQTable
INFO: Updated Q-table for error 38, context 0, action 99999 to new weight 100.0
mai 05, 2020 6:14:32 P.M. hvl.projectparmorel.reward.PreferMaintainability rewardcalculateRewardFor
INFO: MAINTAINABILITY: 35.8
mai 05, 2020 6:14:32 P.M. hvl.projectparmorel.reward.PreferMaintainability rewardcalculateRewardFor
INFO: Time to get metric: 776 ms
mai 05, 2020 6:14:32 P.M. hvl.projectparmorel.qlearning.QModelFixer isUnique
INFO: Solution [ErrorAction [Error: 38 The default value literal '' must be a valid literal of the attribute's type, Action: delete, Error hierarchy: 0]
] already exists.
mai 05, 2020 6:14:32 P.M. hvl.projectparmorel.qlearning.QModelFixer fixModel
INFO: Solution discarded.
mai 05, 2020 6:14:32 P.M. hvl.projectparmorel.qlearning.QModelFixer fixModel
INFO: EPISODE 15 TOTAL REWARD 161.0



mai 05, 2020 6:14:32 P.M. hvl.projectparmorel.qlearning.QModelFixer handleEpisode
INFO: EPISODE 16, STEP 0, Fixing error 38: The default value literal '' must be a valid literal of the attribute's type
mai 05, 2020 6:14:32 P.M. hvl.projectparmorel.qlearning.QModelFixer chooseAction
INFO: Choosing random action.
mai 05, 2020 6:14:32 P.M. hvl.projectparmorel.qlearning.QModelFixer handleStep
INFO: Chose action setEType in context 0 with weight 64.0
mai 05, 2020 6:14:32 P.M. hvl.projectparmorel.qlearning.QModelFixer updateQTable
INFO: Calculating new Q-value:
Old Q-value: 64.0
Alpha: 1.0
Gamma:1.0

Reward: -2
64.0 + 1.0 * (-2 + 1.0 - 64.0) = -1.0
mai 05, 2020 6:14:32 P.M. hvl.projectparmorel.qlearning.QModelFixer updateQTable
INFO: Updated Q-table for error 38, context 0, action -591535257 to new weight -1.0
mai 05, 2020 6:14:33 P.M. hvl.projectparmorel.ecore.EcoreSolution calculateDistanceFromOriginal
INFO: Calculated the distance between the models to 99.0
mai 05, 2020 6:14:33 P.M. hvl.projectparmorel.reward.PreferCloseDinstanceToOriginalPreference rewardcalculateRewardFor
INFO: Time to measure distance: 1028 ms
mai 05, 2020 6:14:33 P.M. hvl.projectparmorel.qlearning.QModelFixer updateQTable
INFO: Calculating new Q-value:
Old Q-value: -1.0
Alpha: 1.0
Gamma:1.0

Reward: 99
-1.0 + 1.0 * (99 + 1.0 - -1.0) = 100.0
mai 05, 2020 6:14:33 P.M. hvl.projectparmorel.qlearning.QModelFixer updateQTable
INFO: Updated Q-table for error 38, context 0, action -591535257 to new weight 100.0
mai 05, 2020 6:14:34 P.M. hvl.projectparmorel.reward.PreferMaintainability rewardcalculateRewardFor
INFO: MAINTAINABILITY: 36.0
mai 05, 2020 6:14:34 P.M. hvl.projectparmorel.reward.PreferMaintainability rewardcalculateRewardFor
INFO: Time to get metric: 817 ms
mai 05, 2020 6:14:34 P.M. hvl.projectparmorel.qlearning.QModelFixer isUnique
INFO: Solution [ErrorAction [Error: 38 The default value literal '' must be a valid literal of the attribute's type, Action: setEType, Error hierarchy: 0]
] already exists.
mai 05, 2020 6:14:34 P.M. hvl.projectparmorel.qlearning.QModelFixer fixModel
INFO: Solution discarded.
mai 05, 2020 6:14:34 P.M. hvl.projectparmorel.qlearning.QModelFixer fixModel
INFO: EPISODE 16 TOTAL REWARD 161.0



mai 05, 2020 6:14:34 P.M. hvl.projectparmorel.qlearning.QModelFixer handleEpisode
INFO: EPISODE 17, STEP 0, Fixing error 38: The default value literal '' must be a valid literal of the attribute's type
mai 05, 2020 6:14:34 P.M. hvl.projectparmorel.qlearning.QModelFixer chooseAction
INFO: Choosing random action.
mai 05, 2020 6:14:34 P.M. hvl.projectparmorel.qlearning.QModelFixer handleStep
INFO: Chose action setEType in context 0 with weight 64.0
mai 05, 2020 6:14:34 P.M. hvl.projectparmorel.qlearning.QModelFixer updateQTable
INFO: Calculating new Q-value:
Old Q-value: 64.0
Alpha: 1.0
Gamma:1.0

Reward: -2
64.0 + 1.0 * (-2 + 1.0 - 64.0) = -1.0
mai 05, 2020 6:14:34 P.M. hvl.projectparmorel.qlearning.QModelFixer updateQTable
INFO: Updated Q-table for error 38, context 0, action 591449609 to new weight -1.0
mai 05, 2020 6:14:35 P.M. hvl.projectparmorel.ecore.EcoreSolution calculateDistanceFromOriginal
INFO: Calculated the distance between the models to 99.0
mai 05, 2020 6:14:35 P.M. hvl.projectparmorel.reward.PreferCloseDinstanceToOriginalPreference rewardcalculateRewardFor
INFO: Time to measure distance: 1105 ms
mai 05, 2020 6:14:35 P.M. hvl.projectparmorel.qlearning.QModelFixer updateQTable
INFO: Calculating new Q-value:
Old Q-value: -1.0
Alpha: 1.0
Gamma:1.0

Reward: 99
-1.0 + 1.0 * (99 + 1.0 - -1.0) = 100.0
mai 05, 2020 6:14:35 P.M. hvl.projectparmorel.qlearning.QModelFixer updateQTable
INFO: Updated Q-table for error 38, context 0, action 591449609 to new weight 100.0
mai 05, 2020 6:14:36 P.M. hvl.projectparmorel.reward.PreferMaintainability rewardcalculateRewardFor
INFO: MAINTAINABILITY: 36.0
mai 05, 2020 6:14:36 P.M. hvl.projectparmorel.reward.PreferMaintainability rewardcalculateRewardFor
INFO: Time to get metric: 774 ms
mai 05, 2020 6:14:36 P.M. hvl.projectparmorel.qlearning.QModelFixer isUnique
INFO: Solution [ErrorAction [Error: 38 The default value literal '' must be a valid literal of the attribute's type, Action: setEType, Error hierarchy: 0]
] already exists.
mai 05, 2020 6:14:36 P.M. hvl.projectparmorel.qlearning.QModelFixer fixModel
INFO: Solution discarded.
mai 05, 2020 6:14:36 P.M. hvl.projectparmorel.qlearning.QModelFixer fixModel
INFO: EPISODE 17 TOTAL REWARD 161.0



mai 05, 2020 6:14:36 P.M. hvl.projectparmorel.qlearning.QModelFixer handleEpisode
INFO: EPISODE 18, STEP 0, Fixing error 38: The default value literal '' must be a valid literal of the attribute's type
mai 05, 2020 6:14:36 P.M. hvl.projectparmorel.qlearning.QModelFixer chooseAction
INFO: Choosing random action.
mai 05, 2020 6:14:36 P.M. hvl.projectparmorel.qlearning.QModelFixer handleStep
INFO: Chose action delete in context 0 with weight 64.2
mai 05, 2020 6:14:36 P.M. hvl.projectparmorel.qlearning.QModelFixer updateQTable
INFO: Calculating new Q-value:
Old Q-value: 64.2
Alpha: 1.0
Gamma:1.0

Reward: -2
64.2 + 1.0 * (-2 + 1.0 - 64.2) = -1.0
mai 05, 2020 6:14:36 P.M. hvl.projectparmorel.qlearning.QModelFixer updateQTable
INFO: Updated Q-table for error 38, context 0, action 99999 to new weight -1.0
mai 05, 2020 6:14:37 P.M. hvl.projectparmorel.ecore.EcoreSolution calculateDistanceFromOriginal
INFO: Calculated the distance between the models to 99.0
mai 05, 2020 6:14:37 P.M. hvl.projectparmorel.reward.PreferCloseDinstanceToOriginalPreference rewardcalculateRewardFor
INFO: Time to measure distance: 1168 ms
mai 05, 2020 6:14:37 P.M. hvl.projectparmorel.qlearning.QModelFixer updateQTable
INFO: Calculating new Q-value:
Old Q-value: -1.0
Alpha: 1.0
Gamma:1.0

Reward: 99
-1.0 + 1.0 * (99 + 1.0 - -1.0) = 100.0
mai 05, 2020 6:14:37 P.M. hvl.projectparmorel.qlearning.QModelFixer updateQTable
INFO: Updated Q-table for error 38, context 0, action 99999 to new weight 100.0
mai 05, 2020 6:14:38 P.M. hvl.projectparmorel.reward.PreferMaintainability rewardcalculateRewardFor
INFO: MAINTAINABILITY: 35.8
mai 05, 2020 6:14:38 P.M. hvl.projectparmorel.reward.PreferMaintainability rewardcalculateRewardFor
INFO: Time to get metric: 793 ms
mai 05, 2020 6:14:38 P.M. hvl.projectparmorel.qlearning.QModelFixer isUnique
INFO: Solution [ErrorAction [Error: 38 The default value literal '' must be a valid literal of the attribute's type, Action: delete, Error hierarchy: 0]
] already exists.
mai 05, 2020 6:14:38 P.M. hvl.projectparmorel.qlearning.QModelFixer fixModel
INFO: Solution discarded.
mai 05, 2020 6:14:38 P.M. hvl.projectparmorel.qlearning.QModelFixer fixModel
INFO: EPISODE 18 TOTAL REWARD 161.0



mai 05, 2020 6:14:38 P.M. hvl.projectparmorel.qlearning.QModelFixer handleEpisode
INFO: EPISODE 19, STEP 0, Fixing error 38: The default value literal '' must be a valid literal of the attribute's type
mai 05, 2020 6:14:38 P.M. hvl.projectparmorel.qlearning.QModelFixer chooseAction
INFO: Choosing optimal action
mai 05, 2020 6:14:38 P.M. hvl.projectparmorel.qlearning.QModelFixer handleStep
INFO: Chose action delete in context 0 with weight 64.2
mai 05, 2020 6:14:38 P.M. hvl.projectparmorel.qlearning.QModelFixer updateQTable
INFO: Calculating new Q-value:
Old Q-value: 64.2
Alpha: 1.0
Gamma:1.0

Reward: -2
64.2 + 1.0 * (-2 + 1.0 - 64.2) = -1.0
mai 05, 2020 6:14:38 P.M. hvl.projectparmorel.qlearning.QModelFixer updateQTable
INFO: Updated Q-table for error 38, context 0, action 99999 to new weight -1.0
mai 05, 2020 6:14:39 P.M. hvl.projectparmorel.ecore.EcoreSolution calculateDistanceFromOriginal
INFO: Calculated the distance between the models to 99.0
mai 05, 2020 6:14:39 P.M. hvl.projectparmorel.reward.PreferCloseDinstanceToOriginalPreference rewardcalculateRewardFor
INFO: Time to measure distance: 1041 ms
mai 05, 2020 6:14:39 P.M. hvl.projectparmorel.qlearning.QModelFixer updateQTable
INFO: Calculating new Q-value:
Old Q-value: -1.0
Alpha: 1.0
Gamma:1.0

Reward: 99
-1.0 + 1.0 * (99 + 1.0 - -1.0) = 100.0
mai 05, 2020 6:14:39 P.M. hvl.projectparmorel.qlearning.QModelFixer updateQTable
INFO: Updated Q-table for error 38, context 0, action 99999 to new weight 100.0
mai 05, 2020 6:14:40 P.M. hvl.projectparmorel.reward.PreferMaintainability rewardcalculateRewardFor
INFO: MAINTAINABILITY: 35.8
mai 05, 2020 6:14:40 P.M. hvl.projectparmorel.reward.PreferMaintainability rewardcalculateRewardFor
INFO: Time to get metric: 816 ms
mai 05, 2020 6:14:40 P.M. hvl.projectparmorel.qlearning.QModelFixer isUnique
INFO: Solution [ErrorAction [Error: 38 The default value literal '' must be a valid literal of the attribute's type, Action: delete, Error hierarchy: 0]
] already exists.
mai 05, 2020 6:14:40 P.M. hvl.projectparmorel.qlearning.QModelFixer fixModel
INFO: Solution discarded.
mai 05, 2020 6:14:40 P.M. hvl.projectparmorel.qlearning.QModelFixer fixModel
INFO: EPISODE 19 TOTAL REWARD 161.0



mai 05, 2020 6:14:40 P.M. hvl.projectparmorel.qlearning.QModelFixer handleEpisode
INFO: EPISODE 20, STEP 0, Fixing error 38: The default value literal '' must be a valid literal of the attribute's type
mai 05, 2020 6:14:40 P.M. hvl.projectparmorel.qlearning.QModelFixer chooseAction
INFO: Choosing optimal action
mai 05, 2020 6:14:40 P.M. hvl.projectparmorel.qlearning.QModelFixer handleStep
INFO: Chose action delete in context 0 with weight 64.2
mai 05, 2020 6:14:40 P.M. hvl.projectparmorel.qlearning.QModelFixer updateQTable
INFO: Calculating new Q-value:
Old Q-value: 64.2
Alpha: 1.0
Gamma:1.0

Reward: -2
64.2 + 1.0 * (-2 + 1.0 - 64.2) = -1.0
mai 05, 2020 6:14:40 P.M. hvl.projectparmorel.qlearning.QModelFixer updateQTable
INFO: Updated Q-table for error 38, context 0, action 99999 to new weight -1.0
mai 05, 2020 6:14:41 P.M. hvl.projectparmorel.ecore.EcoreSolution calculateDistanceFromOriginal
INFO: Calculated the distance between the models to 99.0
mai 05, 2020 6:14:41 P.M. hvl.projectparmorel.reward.PreferCloseDinstanceToOriginalPreference rewardcalculateRewardFor
INFO: Time to measure distance: 988 ms
mai 05, 2020 6:14:41 P.M. hvl.projectparmorel.qlearning.QModelFixer updateQTable
INFO: Calculating new Q-value:
Old Q-value: -1.0
Alpha: 1.0
Gamma:1.0

Reward: 99
-1.0 + 1.0 * (99 + 1.0 - -1.0) = 100.0
mai 05, 2020 6:14:41 P.M. hvl.projectparmorel.qlearning.QModelFixer updateQTable
INFO: Updated Q-table for error 38, context 0, action 99999 to new weight 100.0
mai 05, 2020 6:14:42 P.M. hvl.projectparmorel.reward.PreferMaintainability rewardcalculateRewardFor
INFO: MAINTAINABILITY: 35.8
mai 05, 2020 6:14:42 P.M. hvl.projectparmorel.reward.PreferMaintainability rewardcalculateRewardFor
INFO: Time to get metric: 793 ms
mai 05, 2020 6:14:42 P.M. hvl.projectparmorel.qlearning.QModelFixer isUnique
INFO: Solution [ErrorAction [Error: 38 The default value literal '' must be a valid literal of the attribute's type, Action: delete, Error hierarchy: 0]
] already exists.
mai 05, 2020 6:14:42 P.M. hvl.projectparmorel.qlearning.QModelFixer fixModel
INFO: Solution discarded.
mai 05, 2020 6:14:42 P.M. hvl.projectparmorel.qlearning.QModelFixer fixModel
INFO: EPISODE 20 TOTAL REWARD 161.0



mai 05, 2020 6:14:42 P.M. hvl.projectparmorel.qlearning.QModelFixer handleEpisode
INFO: EPISODE 21, STEP 0, Fixing error 38: The default value literal '' must be a valid literal of the attribute's type
mai 05, 2020 6:14:42 P.M. hvl.projectparmorel.qlearning.QModelFixer chooseAction
INFO: Choosing optimal action
mai 05, 2020 6:14:42 P.M. hvl.projectparmorel.qlearning.QModelFixer handleStep
INFO: Chose action delete in context 0 with weight 64.2
mai 05, 2020 6:14:42 P.M. hvl.projectparmorel.qlearning.QModelFixer updateQTable
INFO: Calculating new Q-value:
Old Q-value: 64.2
Alpha: 1.0
Gamma:1.0

Reward: -2
64.2 + 1.0 * (-2 + 1.0 - 64.2) = -1.0
mai 05, 2020 6:14:42 P.M. hvl.projectparmorel.qlearning.QModelFixer updateQTable
INFO: Updated Q-table for error 38, context 0, action 99999 to new weight -1.0
mai 05, 2020 6:14:44 P.M. hvl.projectparmorel.ecore.EcoreSolution calculateDistanceFromOriginal
INFO: Calculated the distance between the models to 99.0
mai 05, 2020 6:14:44 P.M. hvl.projectparmorel.reward.PreferCloseDinstanceToOriginalPreference rewardcalculateRewardFor
INFO: Time to measure distance: 1054 ms
mai 05, 2020 6:14:44 P.M. hvl.projectparmorel.qlearning.QModelFixer updateQTable
INFO: Calculating new Q-value:
Old Q-value: -1.0
Alpha: 1.0
Gamma:1.0

Reward: 99
-1.0 + 1.0 * (99 + 1.0 - -1.0) = 100.0
mai 05, 2020 6:14:44 P.M. hvl.projectparmorel.qlearning.QModelFixer updateQTable
INFO: Updated Q-table for error 38, context 0, action 99999 to new weight 100.0
mai 05, 2020 6:14:44 P.M. hvl.projectparmorel.reward.PreferMaintainability rewardcalculateRewardFor
INFO: MAINTAINABILITY: 35.8
mai 05, 2020 6:14:44 P.M. hvl.projectparmorel.reward.PreferMaintainability rewardcalculateRewardFor
INFO: Time to get metric: 784 ms
mai 05, 2020 6:14:44 P.M. hvl.projectparmorel.qlearning.QModelFixer isUnique
INFO: Solution [ErrorAction [Error: 38 The default value literal '' must be a valid literal of the attribute's type, Action: delete, Error hierarchy: 0]
] already exists.
mai 05, 2020 6:14:44 P.M. hvl.projectparmorel.qlearning.QModelFixer fixModel
INFO: Solution discarded.
mai 05, 2020 6:14:44 P.M. hvl.projectparmorel.qlearning.QModelFixer fixModel
INFO: EPISODE 21 TOTAL REWARD 161.0



mai 05, 2020 6:14:44 P.M. hvl.projectparmorel.qlearning.QModelFixer handleEpisode
INFO: EPISODE 22, STEP 0, Fixing error 38: The default value literal '' must be a valid literal of the attribute's type
mai 05, 2020 6:14:44 P.M. hvl.projectparmorel.qlearning.QModelFixer chooseAction
INFO: Choosing random action.
mai 05, 2020 6:14:44 P.M. hvl.projectparmorel.qlearning.QModelFixer handleStep
INFO: Chose action setEType in context 0 with weight 64.0
mai 05, 2020 6:14:44 P.M. hvl.projectparmorel.qlearning.QModelFixer updateQTable
INFO: Calculating new Q-value:
Old Q-value: 64.0
Alpha: 1.0
Gamma:1.0

Reward: -2
64.0 + 1.0 * (-2 + 1.0 - 64.0) = -1.0
mai 05, 2020 6:14:44 P.M. hvl.projectparmorel.qlearning.QModelFixer updateQTable
INFO: Updated Q-table for error 38, context 0, action 591449609 to new weight -1.0
mai 05, 2020 6:14:45 P.M. hvl.projectparmorel.ecore.EcoreSolution calculateDistanceFromOriginal
INFO: Calculated the distance between the models to 99.0
mai 05, 2020 6:14:45 P.M. hvl.projectparmorel.reward.PreferCloseDinstanceToOriginalPreference rewardcalculateRewardFor
INFO: Time to measure distance: 1077 ms
mai 05, 2020 6:14:45 P.M. hvl.projectparmorel.qlearning.QModelFixer updateQTable
INFO: Calculating new Q-value:
Old Q-value: -1.0
Alpha: 1.0
Gamma:1.0

Reward: 99
-1.0 + 1.0 * (99 + 1.0 - -1.0) = 100.0
mai 05, 2020 6:14:45 P.M. hvl.projectparmorel.qlearning.QModelFixer updateQTable
INFO: Updated Q-table for error 38, context 0, action 591449609 to new weight 100.0
mai 05, 2020 6:14:46 P.M. hvl.projectparmorel.reward.PreferMaintainability rewardcalculateRewardFor
INFO: MAINTAINABILITY: 36.0
mai 05, 2020 6:14:46 P.M. hvl.projectparmorel.reward.PreferMaintainability rewardcalculateRewardFor
INFO: Time to get metric: 851 ms
mai 05, 2020 6:14:46 P.M. hvl.projectparmorel.qlearning.QModelFixer isUnique
INFO: Solution [ErrorAction [Error: 38 The default value literal '' must be a valid literal of the attribute's type, Action: setEType, Error hierarchy: 0]
] already exists.
mai 05, 2020 6:14:46 P.M. hvl.projectparmorel.qlearning.QModelFixer fixModel
INFO: Solution discarded.
mai 05, 2020 6:14:46 P.M. hvl.projectparmorel.qlearning.QModelFixer fixModel
INFO: EPISODE 22 TOTAL REWARD 161.0



mai 05, 2020 6:14:46 P.M. hvl.projectparmorel.qlearning.QModelFixer handleEpisode
INFO: EPISODE 23, STEP 0, Fixing error 38: The default value literal '' must be a valid literal of the attribute's type
mai 05, 2020 6:14:46 P.M. hvl.projectparmorel.qlearning.QModelFixer chooseAction
INFO: Choosing optimal action
mai 05, 2020 6:14:46 P.M. hvl.projectparmorel.qlearning.QModelFixer handleStep
INFO: Chose action delete in context 0 with weight 64.2
mai 05, 2020 6:14:47 P.M. hvl.projectparmorel.qlearning.QModelFixer updateQTable
INFO: Calculating new Q-value:
Old Q-value: 64.2
Alpha: 1.0
Gamma:1.0

Reward: -2
64.2 + 1.0 * (-2 + 1.0 - 64.2) = -1.0
mai 05, 2020 6:14:47 P.M. hvl.projectparmorel.qlearning.QModelFixer updateQTable
INFO: Updated Q-table for error 38, context 0, action 99999 to new weight -1.0
mai 05, 2020 6:14:48 P.M. hvl.projectparmorel.ecore.EcoreSolution calculateDistanceFromOriginal
INFO: Calculated the distance between the models to 99.0
mai 05, 2020 6:14:48 P.M. hvl.projectparmorel.reward.PreferCloseDinstanceToOriginalPreference rewardcalculateRewardFor
INFO: Time to measure distance: 998 ms
mai 05, 2020 6:14:48 P.M. hvl.projectparmorel.qlearning.QModelFixer updateQTable
INFO: Calculating new Q-value:
Old Q-value: -1.0
Alpha: 1.0
Gamma:1.0

Reward: 99
-1.0 + 1.0 * (99 + 1.0 - -1.0) = 100.0
mai 05, 2020 6:14:48 P.M. hvl.projectparmorel.qlearning.QModelFixer updateQTable
INFO: Updated Q-table for error 38, context 0, action 99999 to new weight 100.0
mai 05, 2020 6:14:48 P.M. hvl.projectparmorel.reward.PreferMaintainability rewardcalculateRewardFor
INFO: MAINTAINABILITY: 35.8
mai 05, 2020 6:14:48 P.M. hvl.projectparmorel.reward.PreferMaintainability rewardcalculateRewardFor
INFO: Time to get metric: 787 ms
mai 05, 2020 6:14:48 P.M. hvl.projectparmorel.qlearning.QModelFixer isUnique
INFO: Solution [ErrorAction [Error: 38 The default value literal '' must be a valid literal of the attribute's type, Action: delete, Error hierarchy: 0]
] already exists.
mai 05, 2020 6:14:48 P.M. hvl.projectparmorel.qlearning.QModelFixer fixModel
INFO: Solution discarded.
mai 05, 2020 6:14:48 P.M. hvl.projectparmorel.qlearning.QModelFixer fixModel
INFO: EPISODE 23 TOTAL REWARD 161.0



mai 05, 2020 6:14:48 P.M. hvl.projectparmorel.qlearning.QModelFixer handleEpisode
INFO: EPISODE 24, STEP 0, Fixing error 38: The default value literal '' must be a valid literal of the attribute's type
mai 05, 2020 6:14:48 P.M. hvl.projectparmorel.qlearning.QModelFixer chooseAction
INFO: Choosing optimal action
mai 05, 2020 6:14:48 P.M. hvl.projectparmorel.qlearning.QModelFixer handleStep
INFO: Chose action delete in context 0 with weight 64.2
mai 05, 2020 6:14:49 P.M. hvl.projectparmorel.qlearning.QModelFixer updateQTable
INFO: Calculating new Q-value:
Old Q-value: 64.2
Alpha: 1.0
Gamma:1.0

Reward: -2
64.2 + 1.0 * (-2 + 1.0 - 64.2) = -1.0
mai 05, 2020 6:14:49 P.M. hvl.projectparmorel.qlearning.QModelFixer updateQTable
INFO: Updated Q-table for error 38, context 0, action 99999 to new weight -1.0
mai 05, 2020 6:14:50 P.M. hvl.projectparmorel.ecore.EcoreSolution calculateDistanceFromOriginal
INFO: Calculated the distance between the models to 99.0
mai 05, 2020 6:14:50 P.M. hvl.projectparmorel.reward.PreferCloseDinstanceToOriginalPreference rewardcalculateRewardFor
INFO: Time to measure distance: 1028 ms
mai 05, 2020 6:14:50 P.M. hvl.projectparmorel.qlearning.QModelFixer updateQTable
INFO: Calculating new Q-value:
Old Q-value: -1.0
Alpha: 1.0
Gamma:1.0

Reward: 99
-1.0 + 1.0 * (99 + 1.0 - -1.0) = 100.0
mai 05, 2020 6:14:50 P.M. hvl.projectparmorel.qlearning.QModelFixer updateQTable
INFO: Updated Q-table for error 38, context 0, action 99999 to new weight 100.0
mai 05, 2020 6:14:50 P.M. hvl.projectparmorel.reward.PreferMaintainability rewardcalculateRewardFor
INFO: MAINTAINABILITY: 35.8
mai 05, 2020 6:14:50 P.M. hvl.projectparmorel.reward.PreferMaintainability rewardcalculateRewardFor
INFO: Time to get metric: 779 ms
mai 05, 2020 6:14:50 P.M. hvl.projectparmorel.qlearning.QModelFixer isUnique
INFO: Solution [ErrorAction [Error: 38 The default value literal '' must be a valid literal of the attribute's type, Action: delete, Error hierarchy: 0]
] already exists.
mai 05, 2020 6:14:50 P.M. hvl.projectparmorel.qlearning.QModelFixer fixModel
INFO: Solution discarded.
mai 05, 2020 6:14:50 P.M. hvl.projectparmorel.qlearning.QModelFixer fixModel
INFO: EPISODE 24 TOTAL REWARD 161.0



mai 05, 2020 6:14:50 P.M. hvl.projectparmorel.qlearning.QModelFixer fixModel
INFO: Time repairing model: 51907 ms
mai 05, 2020 6:14:50 P.M. hvl.projectparmorel.qlearning.QModelFixer fixModel
INFO: 
-----------------ALL SEQUENCES FOUND-------------------
SIZE: 5
DISCARDED SEQUENCES: 20
--------::::B E S T   S E Q U E N C E   I S::::---------
Sequence [id=0, seq=[ErrorAction [Error: 38 The default value literal '' must be a valid literal of the attribute's type, Action: setDefaultValueLiteralGen, Error hierarchy: 0]
], weight=162.0]

 with 1 actions.
mai 05, 2020 6:14:50 P.M. hvl.projectparmorel.knowledge.Knowledge save
INFO: Saving initialized
mai 05, 2020 6:14:50 P.M. hvl.projectparmorel.knowledge.Knowledge save
INFO: document prepared
mai 05, 2020 6:14:50 P.M. hvl.projectparmorel.knowledge.Knowledge save
INFO: Saving completed to /Users/Magnus/Skole/DAT300/EclipseWorkspace3/ParmorelRunnable/knowledge.xml
mai 05, 2020 6:14:50 P.M. hvl.projectparmorel.knowledge.Knowledge save
INFO: Saving initialized
mai 05, 2020 6:14:50 P.M. hvl.projectparmorel.knowledge.Knowledge save
INFO: document prepared
mai 05, 2020 6:14:50 P.M. hvl.projectparmorel.knowledge.Knowledge save
INFO: Saving completed to /Users/Magnus/Skole/DAT300/EclipseWorkspace3/ParmorelRunnable/knowledge.xml
