mai 07, 2020 3:16:01 P.M. no.hvl.projectparmorel.qlearning.QModelFixer fixModel
INFO: Repairing ptnetLoLA.ecore
mai 07, 2020 3:16:01 P.M. no.hvl.projectparmorel.qlearning.QModelFixer fixModel
INFO: Running with preferences [PREFER_CLOSE_DISTANCE_TO_ORIGINAL, PREFER_MAINTAINABILITY]
mai 07, 2020 3:16:01 P.M. no.hvl.projectparmorel.qlearning.QModelFixer fixModel
INFO: Initial number of errors in model: 1
Maximum number of steps per episode: 12
Errors to fix: [Error 38, message=The default value literal '0' must be a valid literal of the attribute's type in package 0
]
mai 07, 2020 3:16:01 P.M. no.hvl.projectparmorel.qlearning.QModelFixer fixModel
INFO: Initializing Q-table for the errors.
mai 07, 2020 3:16:01 P.M. no.hvl.projectparmorel.qlearning.QModelFixer fixModel
INFO: Number of episodes: 25
mai 07, 2020 3:16:01 P.M. no.hvl.projectparmorel.qlearning.QModelFixer handleEpisode
INFO: EPISODE 0, STEP 0, Fixing error 38: The default value literal '0' must be a valid literal of the attribute's type
mai 07, 2020 3:16:01 P.M. no.hvl.projectparmorel.qlearning.QModelFixer chooseAction
INFO: Choosing optimal action
mai 07, 2020 3:16:01 P.M. no.hvl.projectparmorel.qlearning.QModelFixer handleStep
INFO: Chose action setDefaultValueLiteralGen in context 0 with weight 689.8
mai 07, 2020 3:16:01 P.M. no.hvl.projectparmorel.qlearning.QModelFixer updateQTable
INFO: Calculating new Q-value:
Old Q-value: 689.8
Alpha: 1.0
Gamma:1.0

Reward: -2
689.8 + 1.0 * (-2 + 1.0 - 689.8) = -1.0
mai 07, 2020 3:16:01 P.M. no.hvl.projectparmorel.qlearning.QModelFixer updateQTable
INFO: Updated Q-table for error 38, context 0, action -2078906332 to new weight -1.0
mai 07, 2020 3:16:01 P.M. no.hvl.projectparmorel.qlearning.ecore.EcoreSolution calculateDistanceFromOriginal
INFO: Calculated the distance between the models to 100.0
mai 07, 2020 3:16:01 P.M. no.hvl.projectparmorel.qlearning.reward.PreferCloseDinstanceToOriginalPreference rewardcalculateRewardFor
INFO: Time to measure distance: 21 ms
mai 07, 2020 3:16:01 P.M. no.hvl.projectparmorel.qlearning.QModelFixer updateQTable
INFO: Calculating new Q-value:
Old Q-value: -1.0
Alpha: 1.0
Gamma:1.0

Reward: 100
-1.0 + 1.0 * (100 + 1.0 - -1.0) = 101.0
mai 07, 2020 3:16:01 P.M. no.hvl.projectparmorel.qlearning.QModelFixer updateQTable
INFO: Updated Q-table for error 38, context 0, action -2078906332 to new weight 101.0
mai 07, 2020 3:16:01 P.M. no.hvl.projectparmorel.qlearning.reward.PreferMaintainability rewardcalculateRewardFor
INFO: Maintainability of the metamodel: 9.2
Time to get metric: 453 ms
mai 07, 2020 3:16:01 P.M. no.hvl.projectparmorel.qlearning.QModelFixer fixModel
INFO: Solution added to possible solitons: [ErrorAction [Error: 38 The default value literal '0' must be a valid literal of the attribute's type, Action: setDefaultValueLiteralGen, Error hierarchy: 0]
]
mai 07, 2020 3:16:01 P.M. no.hvl.projectparmorel.qlearning.QModelFixer fixModel
INFO: EPISODE 0 TOTAL REWARD 188.0



mai 07, 2020 3:16:01 P.M. no.hvl.projectparmorel.qlearning.QModelFixer handleEpisode
INFO: EPISODE 1, STEP 0, Fixing error 38: The default value literal '0' must be a valid literal of the attribute's type
mai 07, 2020 3:16:01 P.M. no.hvl.projectparmorel.qlearning.QModelFixer chooseAction
INFO: Choosing optimal action
mai 07, 2020 3:16:01 P.M. no.hvl.projectparmorel.qlearning.QModelFixer handleStep
INFO: Chose action delete in context 0 with weight 389.8
mai 07, 2020 3:16:05 P.M. no.hvl.projectparmorel.qlearning.QModelFixer updateQTable
INFO: Calculating new Q-value:
Old Q-value: 389.8
Alpha: 1.0
Gamma:1.0

Reward: -2
389.8 + 1.0 * (-2 + 1.0 - 389.8) = -1.0
mai 07, 2020 3:16:05 P.M. no.hvl.projectparmorel.qlearning.QModelFixer updateQTable
INFO: Updated Q-table for error 38, context 0, action 99999 to new weight -1.0
mai 07, 2020 3:16:05 P.M. no.hvl.projectparmorel.qlearning.ecore.EcoreSolution calculateDistanceFromOriginal
INFO: Calculated the distance between the models to 96.0
mai 07, 2020 3:16:05 P.M. no.hvl.projectparmorel.qlearning.reward.PreferCloseDinstanceToOriginalPreference rewardcalculateRewardFor
INFO: Time to measure distance: 19 ms
mai 07, 2020 3:16:05 P.M. no.hvl.projectparmorel.qlearning.QModelFixer updateQTable
INFO: Calculating new Q-value:
Old Q-value: -1.0
Alpha: 1.0
Gamma:1.0

Reward: 96
-1.0 + 1.0 * (96 + 1.0 - -1.0) = 97.0
mai 07, 2020 3:16:05 P.M. no.hvl.projectparmorel.qlearning.QModelFixer updateQTable
INFO: Updated Q-table for error 38, context 0, action 99999 to new weight 97.0
mai 07, 2020 3:16:06 P.M. no.hvl.projectparmorel.qlearning.reward.PreferMaintainability rewardcalculateRewardFor
INFO: Maintainability of the metamodel: 9.0
Time to get metric: 413 ms
mai 07, 2020 3:16:06 P.M. no.hvl.projectparmorel.qlearning.QModelFixer fixModel
INFO: Solution added to possible solitons: [ErrorAction [Error: 38 The default value literal '0' must be a valid literal of the attribute's type, Action: delete, Error hierarchy: 0]
]
mai 07, 2020 3:16:06 P.M. no.hvl.projectparmorel.qlearning.QModelFixer fixModel
INFO: EPISODE 1 TOTAL REWARD 185.0



mai 07, 2020 3:16:06 P.M. no.hvl.projectparmorel.qlearning.QModelFixer handleEpisode
INFO: EPISODE 2, STEP 0, Fixing error 38: The default value literal '0' must be a valid literal of the attribute's type
mai 07, 2020 3:16:06 P.M. no.hvl.projectparmorel.qlearning.QModelFixer chooseAction
INFO: Choosing random action.
mai 07, 2020 3:16:06 P.M. no.hvl.projectparmorel.qlearning.QModelFixer handleStep
INFO: Chose action setEType in context 0 with weight 89.6
mai 07, 2020 3:16:06 P.M. no.hvl.projectparmorel.qlearning.QModelFixer updateQTable
INFO: Calculating new Q-value:
Old Q-value: 89.6
Alpha: 1.0
Gamma:1.0

Reward: -2
89.6 + 1.0 * (-2 + 1.0 - 89.6) = -1.0
mai 07, 2020 3:16:06 P.M. no.hvl.projectparmorel.qlearning.QModelFixer updateQTable
INFO: Updated Q-table for error 38, context 0, action -591535257 to new weight -1.0
mai 07, 2020 3:16:06 P.M. no.hvl.projectparmorel.qlearning.ecore.EcoreSolution calculateDistanceFromOriginal
INFO: Calculated the distance between the models to 96.0
mai 07, 2020 3:16:06 P.M. no.hvl.projectparmorel.qlearning.reward.PreferCloseDinstanceToOriginalPreference rewardcalculateRewardFor
INFO: Time to measure distance: 19 ms
mai 07, 2020 3:16:06 P.M. no.hvl.projectparmorel.qlearning.QModelFixer updateQTable
INFO: Calculating new Q-value:
Old Q-value: -1.0
Alpha: 1.0
Gamma:1.0

Reward: 96
-1.0 + 1.0 * (96 + 1.0 - -1.0) = 97.0
mai 07, 2020 3:16:06 P.M. no.hvl.projectparmorel.qlearning.QModelFixer updateQTable
INFO: Updated Q-table for error 38, context 0, action -591535257 to new weight 97.0
mai 07, 2020 3:16:06 P.M. no.hvl.projectparmorel.qlearning.reward.PreferMaintainability rewardcalculateRewardFor
INFO: Maintainability of the metamodel: 9.2
Time to get metric: 419 ms
mai 07, 2020 3:16:06 P.M. no.hvl.projectparmorel.qlearning.QModelFixer fixModel
INFO: Solution added to possible solitons: [ErrorAction [Error: 38 The default value literal '0' must be a valid literal of the attribute's type, Action: setEType, Error hierarchy: 0]
]
mai 07, 2020 3:16:06 P.M. no.hvl.projectparmorel.qlearning.QModelFixer fixModel
INFO: EPISODE 2 TOTAL REWARD 184.0



mai 07, 2020 3:16:06 P.M. no.hvl.projectparmorel.qlearning.QModelFixer handleEpisode
INFO: EPISODE 3, STEP 0, Fixing error 38: The default value literal '0' must be a valid literal of the attribute's type
mai 07, 2020 3:16:06 P.M. no.hvl.projectparmorel.qlearning.QModelFixer chooseAction
INFO: Choosing optimal action
mai 07, 2020 3:16:06 P.M. no.hvl.projectparmorel.qlearning.QModelFixer handleStep
INFO: Chose action setDefaultValueLiteral in context 0 with weight 389.8
mai 07, 2020 3:16:06 P.M. no.hvl.projectparmorel.qlearning.QModelFixer updateQTable
INFO: Calculating new Q-value:
Old Q-value: 389.8
Alpha: 1.0
Gamma:1.0

Reward: -2
389.8 + 1.0 * (-2 + 1.0 - 389.8) = -1.0
mai 07, 2020 3:16:06 P.M. no.hvl.projectparmorel.qlearning.QModelFixer updateQTable
INFO: Updated Q-table for error 38, context 0, action 1999964618 to new weight -1.0
mai 07, 2020 3:16:06 P.M. no.hvl.projectparmorel.qlearning.ecore.EcoreSolution calculateDistanceFromOriginal
INFO: Calculated the distance between the models to 100.0
mai 07, 2020 3:16:06 P.M. no.hvl.projectparmorel.qlearning.reward.PreferCloseDinstanceToOriginalPreference rewardcalculateRewardFor
INFO: Time to measure distance: 19 ms
mai 07, 2020 3:16:06 P.M. no.hvl.projectparmorel.qlearning.QModelFixer updateQTable
INFO: Calculating new Q-value:
Old Q-value: -1.0
Alpha: 1.0
Gamma:1.0

Reward: 100
-1.0 + 1.0 * (100 + 1.0 - -1.0) = 101.0
mai 07, 2020 3:16:06 P.M. no.hvl.projectparmorel.qlearning.QModelFixer updateQTable
INFO: Updated Q-table for error 38, context 0, action 1999964618 to new weight 101.0
mai 07, 2020 3:16:06 P.M. no.hvl.projectparmorel.qlearning.reward.PreferMaintainability rewardcalculateRewardFor
INFO: Maintainability of the metamodel: 9.2
Time to get metric: 398 ms
mai 07, 2020 3:16:06 P.M. no.hvl.projectparmorel.qlearning.QModelFixer fixModel
INFO: Solution added to possible solitons: [ErrorAction [Error: 38 The default value literal '0' must be a valid literal of the attribute's type, Action: setDefaultValueLiteral, Error hierarchy: 0]
]
mai 07, 2020 3:16:06 P.M. no.hvl.projectparmorel.qlearning.QModelFixer fixModel
INFO: EPISODE 3 TOTAL REWARD 188.0



mai 07, 2020 3:16:07 P.M. no.hvl.projectparmorel.qlearning.QModelFixer handleEpisode
INFO: EPISODE 4, STEP 0, Fixing error 38: The default value literal '0' must be a valid literal of the attribute's type
mai 07, 2020 3:16:07 P.M. no.hvl.projectparmorel.qlearning.QModelFixer chooseAction
INFO: Choosing random action.
mai 07, 2020 3:16:07 P.M. no.hvl.projectparmorel.qlearning.QModelFixer handleStep
INFO: Chose action setDefaultValueLiteralGen in context 0 with weight 90.8
mai 07, 2020 3:16:07 P.M. no.hvl.projectparmorel.qlearning.QModelFixer updateQTable
INFO: Calculating new Q-value:
Old Q-value: 90.8
Alpha: 1.0
Gamma:1.0

Reward: -2
90.8 + 1.0 * (-2 + 1.0 - 90.8) = -1.0
mai 07, 2020 3:16:07 P.M. no.hvl.projectparmorel.qlearning.QModelFixer updateQTable
INFO: Updated Q-table for error 38, context 0, action -2078906332 to new weight -1.0
mai 07, 2020 3:16:07 P.M. no.hvl.projectparmorel.qlearning.ecore.EcoreSolution calculateDistanceFromOriginal
INFO: Calculated the distance between the models to 100.0
mai 07, 2020 3:16:07 P.M. no.hvl.projectparmorel.qlearning.reward.PreferCloseDinstanceToOriginalPreference rewardcalculateRewardFor
INFO: Time to measure distance: 19 ms
mai 07, 2020 3:16:07 P.M. no.hvl.projectparmorel.qlearning.QModelFixer updateQTable
INFO: Calculating new Q-value:
Old Q-value: -1.0
Alpha: 1.0
Gamma:1.0

Reward: 100
-1.0 + 1.0 * (100 + 1.0 - -1.0) = 101.0
mai 07, 2020 3:16:07 P.M. no.hvl.projectparmorel.qlearning.QModelFixer updateQTable
INFO: Updated Q-table for error 38, context 0, action -2078906332 to new weight 101.0
mai 07, 2020 3:16:07 P.M. no.hvl.projectparmorel.qlearning.reward.PreferMaintainability rewardcalculateRewardFor
INFO: Maintainability of the metamodel: 9.2
Time to get metric: 405 ms
mai 07, 2020 3:16:07 P.M. no.hvl.projectparmorel.qlearning.QModelFixer isUnique
INFO: Solution [ErrorAction [Error: 38 The default value literal '0' must be a valid literal of the attribute's type, Action: setDefaultValueLiteralGen, Error hierarchy: 0]
] already exists.
mai 07, 2020 3:16:07 P.M. no.hvl.projectparmorel.qlearning.QModelFixer fixModel
INFO: Solution discarded.
mai 07, 2020 3:16:07 P.M. no.hvl.projectparmorel.qlearning.QModelFixer fixModel
INFO: EPISODE 4 TOTAL REWARD 188.0



mai 07, 2020 3:16:07 P.M. no.hvl.projectparmorel.qlearning.QModelFixer handleEpisode
INFO: EPISODE 5, STEP 0, Fixing error 38: The default value literal '0' must be a valid literal of the attribute's type
mai 07, 2020 3:16:07 P.M. no.hvl.projectparmorel.qlearning.QModelFixer chooseAction
INFO: Choosing optimal action
mai 07, 2020 3:16:07 P.M. no.hvl.projectparmorel.qlearning.QModelFixer handleStep
INFO: Chose action delete in context 0 with weight 91.0
mai 07, 2020 3:16:11 P.M. no.hvl.projectparmorel.qlearning.QModelFixer updateQTable
INFO: Calculating new Q-value:
Old Q-value: 91.0
Alpha: 1.0
Gamma:1.0

Reward: -2
91.0 + 1.0 * (-2 + 1.0 - 91.0) = -1.0
mai 07, 2020 3:16:11 P.M. no.hvl.projectparmorel.qlearning.QModelFixer updateQTable
INFO: Updated Q-table for error 38, context 0, action 99999 to new weight -1.0
mai 07, 2020 3:16:11 P.M. no.hvl.projectparmorel.qlearning.ecore.EcoreSolution calculateDistanceFromOriginal
INFO: Calculated the distance between the models to 96.0
mai 07, 2020 3:16:11 P.M. no.hvl.projectparmorel.qlearning.reward.PreferCloseDinstanceToOriginalPreference rewardcalculateRewardFor
INFO: Time to measure distance: 20 ms
mai 07, 2020 3:16:11 P.M. no.hvl.projectparmorel.qlearning.QModelFixer updateQTable
INFO: Calculating new Q-value:
Old Q-value: -1.0
Alpha: 1.0
Gamma:1.0

Reward: 96
-1.0 + 1.0 * (96 + 1.0 - -1.0) = 97.0
mai 07, 2020 3:16:11 P.M. no.hvl.projectparmorel.qlearning.QModelFixer updateQTable
INFO: Updated Q-table for error 38, context 0, action 99999 to new weight 97.0
mai 07, 2020 3:16:11 P.M. no.hvl.projectparmorel.qlearning.reward.PreferMaintainability rewardcalculateRewardFor
INFO: Maintainability of the metamodel: 9.0
Time to get metric: 456 ms
mai 07, 2020 3:16:11 P.M. no.hvl.projectparmorel.qlearning.QModelFixer isUnique
INFO: Solution [ErrorAction [Error: 38 The default value literal '0' must be a valid literal of the attribute's type, Action: delete, Error hierarchy: 0]
] already exists.
mai 07, 2020 3:16:11 P.M. no.hvl.projectparmorel.qlearning.QModelFixer fixModel
INFO: Solution discarded.
mai 07, 2020 3:16:11 P.M. no.hvl.projectparmorel.qlearning.QModelFixer fixModel
INFO: EPISODE 5 TOTAL REWARD 185.0



mai 07, 2020 3:16:11 P.M. no.hvl.projectparmorel.qlearning.QModelFixer handleEpisode
INFO: EPISODE 6, STEP 0, Fixing error 38: The default value literal '0' must be a valid literal of the attribute's type
mai 07, 2020 3:16:11 P.M. no.hvl.projectparmorel.qlearning.QModelFixer chooseAction
INFO: Choosing optimal action
mai 07, 2020 3:16:11 P.M. no.hvl.projectparmorel.qlearning.QModelFixer handleStep
INFO: Chose action delete in context 0 with weight 91.0
mai 07, 2020 3:16:15 P.M. no.hvl.projectparmorel.qlearning.QModelFixer updateQTable
INFO: Calculating new Q-value:
Old Q-value: 91.0
Alpha: 1.0
Gamma:1.0

Reward: -2
91.0 + 1.0 * (-2 + 1.0 - 91.0) = -1.0
mai 07, 2020 3:16:15 P.M. no.hvl.projectparmorel.qlearning.QModelFixer updateQTable
INFO: Updated Q-table for error 38, context 0, action 99999 to new weight -1.0
mai 07, 2020 3:16:15 P.M. no.hvl.projectparmorel.qlearning.ecore.EcoreSolution calculateDistanceFromOriginal
INFO: Calculated the distance between the models to 96.0
mai 07, 2020 3:16:15 P.M. no.hvl.projectparmorel.qlearning.reward.PreferCloseDinstanceToOriginalPreference rewardcalculateRewardFor
INFO: Time to measure distance: 19 ms
mai 07, 2020 3:16:15 P.M. no.hvl.projectparmorel.qlearning.QModelFixer updateQTable
INFO: Calculating new Q-value:
Old Q-value: -1.0
Alpha: 1.0
Gamma:1.0

Reward: 96
-1.0 + 1.0 * (96 + 1.0 - -1.0) = 97.0
mai 07, 2020 3:16:15 P.M. no.hvl.projectparmorel.qlearning.QModelFixer updateQTable
INFO: Updated Q-table for error 38, context 0, action 99999 to new weight 97.0
mai 07, 2020 3:16:16 P.M. no.hvl.projectparmorel.qlearning.reward.PreferMaintainability rewardcalculateRewardFor
INFO: Maintainability of the metamodel: 9.0
Time to get metric: 389 ms
mai 07, 2020 3:16:16 P.M. no.hvl.projectparmorel.qlearning.QModelFixer isUnique
INFO: Solution [ErrorAction [Error: 38 The default value literal '0' must be a valid literal of the attribute's type, Action: delete, Error hierarchy: 0]
] already exists.
mai 07, 2020 3:16:16 P.M. no.hvl.projectparmorel.qlearning.QModelFixer fixModel
INFO: Solution discarded.
mai 07, 2020 3:16:16 P.M. no.hvl.projectparmorel.qlearning.QModelFixer fixModel
INFO: EPISODE 6 TOTAL REWARD 185.0



mai 07, 2020 3:16:16 P.M. no.hvl.projectparmorel.qlearning.QModelFixer handleEpisode
INFO: EPISODE 7, STEP 0, Fixing error 38: The default value literal '0' must be a valid literal of the attribute's type
mai 07, 2020 3:16:16 P.M. no.hvl.projectparmorel.qlearning.QModelFixer chooseAction
INFO: Choosing optimal action
mai 07, 2020 3:16:16 P.M. no.hvl.projectparmorel.qlearning.QModelFixer handleStep
INFO: Chose action delete in context 0 with weight 91.0
mai 07, 2020 3:16:20 P.M. no.hvl.projectparmorel.qlearning.QModelFixer updateQTable
INFO: Calculating new Q-value:
Old Q-value: 91.0
Alpha: 1.0
Gamma:1.0

Reward: -2
91.0 + 1.0 * (-2 + 1.0 - 91.0) = -1.0
mai 07, 2020 3:16:20 P.M. no.hvl.projectparmorel.qlearning.QModelFixer updateQTable
INFO: Updated Q-table for error 38, context 0, action 99999 to new weight -1.0
mai 07, 2020 3:16:20 P.M. no.hvl.projectparmorel.qlearning.ecore.EcoreSolution calculateDistanceFromOriginal
INFO: Calculated the distance between the models to 96.0
mai 07, 2020 3:16:20 P.M. no.hvl.projectparmorel.qlearning.reward.PreferCloseDinstanceToOriginalPreference rewardcalculateRewardFor
INFO: Time to measure distance: 19 ms
mai 07, 2020 3:16:20 P.M. no.hvl.projectparmorel.qlearning.QModelFixer updateQTable
INFO: Calculating new Q-value:
Old Q-value: -1.0
Alpha: 1.0
Gamma:1.0

Reward: 96
-1.0 + 1.0 * (96 + 1.0 - -1.0) = 97.0
mai 07, 2020 3:16:20 P.M. no.hvl.projectparmorel.qlearning.QModelFixer updateQTable
INFO: Updated Q-table for error 38, context 0, action 99999 to new weight 97.0
mai 07, 2020 3:16:20 P.M. no.hvl.projectparmorel.qlearning.reward.PreferMaintainability rewardcalculateRewardFor
INFO: Maintainability of the metamodel: 9.0
Time to get metric: 417 ms
mai 07, 2020 3:16:20 P.M. no.hvl.projectparmorel.qlearning.QModelFixer isUnique
INFO: Solution [ErrorAction [Error: 38 The default value literal '0' must be a valid literal of the attribute's type, Action: delete, Error hierarchy: 0]
] already exists.
mai 07, 2020 3:16:20 P.M. no.hvl.projectparmorel.qlearning.QModelFixer fixModel
INFO: Solution discarded.
mai 07, 2020 3:16:20 P.M. no.hvl.projectparmorel.qlearning.QModelFixer fixModel
INFO: EPISODE 7 TOTAL REWARD 185.0



mai 07, 2020 3:16:20 P.M. no.hvl.projectparmorel.qlearning.QModelFixer handleEpisode
INFO: EPISODE 8, STEP 0, Fixing error 38: The default value literal '0' must be a valid literal of the attribute's type
mai 07, 2020 3:16:20 P.M. no.hvl.projectparmorel.qlearning.QModelFixer chooseAction
INFO: Choosing optimal action
mai 07, 2020 3:16:20 P.M. no.hvl.projectparmorel.qlearning.QModelFixer handleStep
INFO: Chose action delete in context 0 with weight 91.0
mai 07, 2020 3:16:24 P.M. no.hvl.projectparmorel.qlearning.QModelFixer updateQTable
INFO: Calculating new Q-value:
Old Q-value: 91.0
Alpha: 1.0
Gamma:1.0

Reward: -2
91.0 + 1.0 * (-2 + 1.0 - 91.0) = -1.0
mai 07, 2020 3:16:24 P.M. no.hvl.projectparmorel.qlearning.QModelFixer updateQTable
INFO: Updated Q-table for error 38, context 0, action 99999 to new weight -1.0
mai 07, 2020 3:16:24 P.M. no.hvl.projectparmorel.qlearning.ecore.EcoreSolution calculateDistanceFromOriginal
INFO: Calculated the distance between the models to 96.0
mai 07, 2020 3:16:24 P.M. no.hvl.projectparmorel.qlearning.reward.PreferCloseDinstanceToOriginalPreference rewardcalculateRewardFor
INFO: Time to measure distance: 19 ms
mai 07, 2020 3:16:24 P.M. no.hvl.projectparmorel.qlearning.QModelFixer updateQTable
INFO: Calculating new Q-value:
Old Q-value: -1.0
Alpha: 1.0
Gamma:1.0

Reward: 96
-1.0 + 1.0 * (96 + 1.0 - -1.0) = 97.0
mai 07, 2020 3:16:24 P.M. no.hvl.projectparmorel.qlearning.QModelFixer updateQTable
INFO: Updated Q-table for error 38, context 0, action 99999 to new weight 97.0
mai 07, 2020 3:16:25 P.M. no.hvl.projectparmorel.qlearning.reward.PreferMaintainability rewardcalculateRewardFor
INFO: Maintainability of the metamodel: 9.0
Time to get metric: 412 ms
mai 07, 2020 3:16:25 P.M. no.hvl.projectparmorel.qlearning.QModelFixer isUnique
INFO: Solution [ErrorAction [Error: 38 The default value literal '0' must be a valid literal of the attribute's type, Action: delete, Error hierarchy: 0]
] already exists.
mai 07, 2020 3:16:25 P.M. no.hvl.projectparmorel.qlearning.QModelFixer fixModel
INFO: Solution discarded.
mai 07, 2020 3:16:25 P.M. no.hvl.projectparmorel.qlearning.QModelFixer fixModel
INFO: EPISODE 8 TOTAL REWARD 185.0



mai 07, 2020 3:16:25 P.M. no.hvl.projectparmorel.qlearning.QModelFixer handleEpisode
INFO: EPISODE 9, STEP 0, Fixing error 38: The default value literal '0' must be a valid literal of the attribute's type
mai 07, 2020 3:16:25 P.M. no.hvl.projectparmorel.qlearning.QModelFixer chooseAction
INFO: Choosing optimal action
mai 07, 2020 3:16:25 P.M. no.hvl.projectparmorel.qlearning.QModelFixer handleStep
INFO: Chose action delete in context 0 with weight 91.0
mai 07, 2020 3:16:29 P.M. no.hvl.projectparmorel.qlearning.QModelFixer updateQTable
INFO: Calculating new Q-value:
Old Q-value: 91.0
Alpha: 1.0
Gamma:1.0

Reward: -2
91.0 + 1.0 * (-2 + 1.0 - 91.0) = -1.0
mai 07, 2020 3:16:29 P.M. no.hvl.projectparmorel.qlearning.QModelFixer updateQTable
INFO: Updated Q-table for error 38, context 0, action 99999 to new weight -1.0
mai 07, 2020 3:16:29 P.M. no.hvl.projectparmorel.qlearning.ecore.EcoreSolution calculateDistanceFromOriginal
INFO: Calculated the distance between the models to 96.0
mai 07, 2020 3:16:29 P.M. no.hvl.projectparmorel.qlearning.reward.PreferCloseDinstanceToOriginalPreference rewardcalculateRewardFor
INFO: Time to measure distance: 21 ms
mai 07, 2020 3:16:29 P.M. no.hvl.projectparmorel.qlearning.QModelFixer updateQTable
INFO: Calculating new Q-value:
Old Q-value: -1.0
Alpha: 1.0
Gamma:1.0

Reward: 96
-1.0 + 1.0 * (96 + 1.0 - -1.0) = 97.0
mai 07, 2020 3:16:29 P.M. no.hvl.projectparmorel.qlearning.QModelFixer updateQTable
INFO: Updated Q-table for error 38, context 0, action 99999 to new weight 97.0
mai 07, 2020 3:16:29 P.M. no.hvl.projectparmorel.qlearning.reward.PreferMaintainability rewardcalculateRewardFor
INFO: Maintainability of the metamodel: 9.0
Time to get metric: 517 ms
mai 07, 2020 3:16:29 P.M. no.hvl.projectparmorel.qlearning.QModelFixer isUnique
INFO: Solution [ErrorAction [Error: 38 The default value literal '0' must be a valid literal of the attribute's type, Action: delete, Error hierarchy: 0]
] already exists.
mai 07, 2020 3:16:29 P.M. no.hvl.projectparmorel.qlearning.QModelFixer fixModel
INFO: Solution discarded.
mai 07, 2020 3:16:29 P.M. no.hvl.projectparmorel.qlearning.QModelFixer fixModel
INFO: EPISODE 9 TOTAL REWARD 185.0



mai 07, 2020 3:16:29 P.M. no.hvl.projectparmorel.qlearning.QModelFixer handleEpisode
INFO: EPISODE 10, STEP 0, Fixing error 38: The default value literal '0' must be a valid literal of the attribute's type
mai 07, 2020 3:16:29 P.M. no.hvl.projectparmorel.qlearning.QModelFixer chooseAction
INFO: Choosing optimal action
mai 07, 2020 3:16:29 P.M. no.hvl.projectparmorel.qlearning.QModelFixer handleStep
INFO: Chose action delete in context 0 with weight 91.0
mai 07, 2020 3:16:34 P.M. no.hvl.projectparmorel.qlearning.QModelFixer updateQTable
INFO: Calculating new Q-value:
Old Q-value: 91.0
Alpha: 1.0
Gamma:1.0

Reward: -2
91.0 + 1.0 * (-2 + 1.0 - 91.0) = -1.0
mai 07, 2020 3:16:34 P.M. no.hvl.projectparmorel.qlearning.QModelFixer updateQTable
INFO: Updated Q-table for error 38, context 0, action 99999 to new weight -1.0
mai 07, 2020 3:16:34 P.M. no.hvl.projectparmorel.qlearning.ecore.EcoreSolution calculateDistanceFromOriginal
INFO: Calculated the distance between the models to 96.0
mai 07, 2020 3:16:34 P.M. no.hvl.projectparmorel.qlearning.reward.PreferCloseDinstanceToOriginalPreference rewardcalculateRewardFor
INFO: Time to measure distance: 25 ms
mai 07, 2020 3:16:34 P.M. no.hvl.projectparmorel.qlearning.QModelFixer updateQTable
INFO: Calculating new Q-value:
Old Q-value: -1.0
Alpha: 1.0
Gamma:1.0

Reward: 96
-1.0 + 1.0 * (96 + 1.0 - -1.0) = 97.0
mai 07, 2020 3:16:34 P.M. no.hvl.projectparmorel.qlearning.QModelFixer updateQTable
INFO: Updated Q-table for error 38, context 0, action 99999 to new weight 97.0
mai 07, 2020 3:16:35 P.M. no.hvl.projectparmorel.qlearning.reward.PreferMaintainability rewardcalculateRewardFor
INFO: Maintainability of the metamodel: 9.0
Time to get metric: 576 ms
mai 07, 2020 3:16:35 P.M. no.hvl.projectparmorel.qlearning.QModelFixer isUnique
INFO: Solution [ErrorAction [Error: 38 The default value literal '0' must be a valid literal of the attribute's type, Action: delete, Error hierarchy: 0]
] already exists.
mai 07, 2020 3:16:35 P.M. no.hvl.projectparmorel.qlearning.QModelFixer fixModel
INFO: Solution discarded.
mai 07, 2020 3:16:35 P.M. no.hvl.projectparmorel.qlearning.QModelFixer fixModel
INFO: EPISODE 10 TOTAL REWARD 185.0



mai 07, 2020 3:16:35 P.M. no.hvl.projectparmorel.qlearning.QModelFixer handleEpisode
INFO: EPISODE 11, STEP 0, Fixing error 38: The default value literal '0' must be a valid literal of the attribute's type
mai 07, 2020 3:16:35 P.M. no.hvl.projectparmorel.qlearning.QModelFixer chooseAction
INFO: Choosing optimal action
mai 07, 2020 3:16:35 P.M. no.hvl.projectparmorel.qlearning.QModelFixer handleStep
INFO: Chose action delete in context 0 with weight 91.0
mai 07, 2020 3:16:39 P.M. no.hvl.projectparmorel.qlearning.QModelFixer updateQTable
INFO: Calculating new Q-value:
Old Q-value: 91.0
Alpha: 1.0
Gamma:1.0

Reward: -2
91.0 + 1.0 * (-2 + 1.0 - 91.0) = -1.0
mai 07, 2020 3:16:39 P.M. no.hvl.projectparmorel.qlearning.QModelFixer updateQTable
INFO: Updated Q-table for error 38, context 0, action 99999 to new weight -1.0
mai 07, 2020 3:16:39 P.M. no.hvl.projectparmorel.qlearning.ecore.EcoreSolution calculateDistanceFromOriginal
INFO: Calculated the distance between the models to 96.0
mai 07, 2020 3:16:39 P.M. no.hvl.projectparmorel.qlearning.reward.PreferCloseDinstanceToOriginalPreference rewardcalculateRewardFor
INFO: Time to measure distance: 19 ms
mai 07, 2020 3:16:39 P.M. no.hvl.projectparmorel.qlearning.QModelFixer updateQTable
INFO: Calculating new Q-value:
Old Q-value: -1.0
Alpha: 1.0
Gamma:1.0

Reward: 96
-1.0 + 1.0 * (96 + 1.0 - -1.0) = 97.0
mai 07, 2020 3:16:39 P.M. no.hvl.projectparmorel.qlearning.QModelFixer updateQTable
INFO: Updated Q-table for error 38, context 0, action 99999 to new weight 97.0
mai 07, 2020 3:16:39 P.M. no.hvl.projectparmorel.qlearning.reward.PreferMaintainability rewardcalculateRewardFor
INFO: Maintainability of the metamodel: 9.0
Time to get metric: 394 ms
mai 07, 2020 3:16:39 P.M. no.hvl.projectparmorel.qlearning.QModelFixer isUnique
INFO: Solution [ErrorAction [Error: 38 The default value literal '0' must be a valid literal of the attribute's type, Action: delete, Error hierarchy: 0]
] already exists.
mai 07, 2020 3:16:39 P.M. no.hvl.projectparmorel.qlearning.QModelFixer fixModel
INFO: Solution discarded.
mai 07, 2020 3:16:39 P.M. no.hvl.projectparmorel.qlearning.QModelFixer fixModel
INFO: EPISODE 11 TOTAL REWARD 185.0



mai 07, 2020 3:16:39 P.M. no.hvl.projectparmorel.qlearning.QModelFixer handleEpisode
INFO: EPISODE 12, STEP 0, Fixing error 38: The default value literal '0' must be a valid literal of the attribute's type
mai 07, 2020 3:16:39 P.M. no.hvl.projectparmorel.qlearning.QModelFixer chooseAction
INFO: Choosing optimal action
mai 07, 2020 3:16:39 P.M. no.hvl.projectparmorel.qlearning.QModelFixer handleStep
INFO: Chose action delete in context 0 with weight 91.0
mai 07, 2020 3:16:43 P.M. no.hvl.projectparmorel.qlearning.QModelFixer updateQTable
INFO: Calculating new Q-value:
Old Q-value: 91.0
Alpha: 1.0
Gamma:1.0

Reward: -2
91.0 + 1.0 * (-2 + 1.0 - 91.0) = -1.0
mai 07, 2020 3:16:43 P.M. no.hvl.projectparmorel.qlearning.QModelFixer updateQTable
INFO: Updated Q-table for error 38, context 0, action 99999 to new weight -1.0
mai 07, 2020 3:16:43 P.M. no.hvl.projectparmorel.qlearning.ecore.EcoreSolution calculateDistanceFromOriginal
INFO: Calculated the distance between the models to 96.0
mai 07, 2020 3:16:43 P.M. no.hvl.projectparmorel.qlearning.reward.PreferCloseDinstanceToOriginalPreference rewardcalculateRewardFor
INFO: Time to measure distance: 21 ms
mai 07, 2020 3:16:43 P.M. no.hvl.projectparmorel.qlearning.QModelFixer updateQTable
INFO: Calculating new Q-value:
Old Q-value: -1.0
Alpha: 1.0
Gamma:1.0

Reward: 96
-1.0 + 1.0 * (96 + 1.0 - -1.0) = 97.0
mai 07, 2020 3:16:43 P.M. no.hvl.projectparmorel.qlearning.QModelFixer updateQTable
INFO: Updated Q-table for error 38, context 0, action 99999 to new weight 97.0
mai 07, 2020 3:16:44 P.M. no.hvl.projectparmorel.qlearning.reward.PreferMaintainability rewardcalculateRewardFor
INFO: Maintainability of the metamodel: 9.0
Time to get metric: 403 ms
mai 07, 2020 3:16:44 P.M. no.hvl.projectparmorel.qlearning.QModelFixer isUnique
INFO: Solution [ErrorAction [Error: 38 The default value literal '0' must be a valid literal of the attribute's type, Action: delete, Error hierarchy: 0]
] already exists.
mai 07, 2020 3:16:44 P.M. no.hvl.projectparmorel.qlearning.QModelFixer fixModel
INFO: Solution discarded.
mai 07, 2020 3:16:44 P.M. no.hvl.projectparmorel.qlearning.QModelFixer fixModel
INFO: EPISODE 12 TOTAL REWARD 185.0



mai 07, 2020 3:16:44 P.M. no.hvl.projectparmorel.qlearning.QModelFixer handleEpisode
INFO: EPISODE 13, STEP 0, Fixing error 38: The default value literal '0' must be a valid literal of the attribute's type
mai 07, 2020 3:16:44 P.M. no.hvl.projectparmorel.qlearning.QModelFixer chooseAction
INFO: Choosing optimal action
mai 07, 2020 3:16:44 P.M. no.hvl.projectparmorel.qlearning.QModelFixer handleStep
INFO: Chose action delete in context 0 with weight 91.0
mai 07, 2020 3:16:48 P.M. no.hvl.projectparmorel.qlearning.QModelFixer updateQTable
INFO: Calculating new Q-value:
Old Q-value: 91.0
Alpha: 1.0
Gamma:1.0

Reward: -2
91.0 + 1.0 * (-2 + 1.0 - 91.0) = -1.0
mai 07, 2020 3:16:48 P.M. no.hvl.projectparmorel.qlearning.QModelFixer updateQTable
INFO: Updated Q-table for error 38, context 0, action 99999 to new weight -1.0
mai 07, 2020 3:16:48 P.M. no.hvl.projectparmorel.qlearning.ecore.EcoreSolution calculateDistanceFromOriginal
INFO: Calculated the distance between the models to 96.0
mai 07, 2020 3:16:48 P.M. no.hvl.projectparmorel.qlearning.reward.PreferCloseDinstanceToOriginalPreference rewardcalculateRewardFor
INFO: Time to measure distance: 19 ms
mai 07, 2020 3:16:48 P.M. no.hvl.projectparmorel.qlearning.QModelFixer updateQTable
INFO: Calculating new Q-value:
Old Q-value: -1.0
Alpha: 1.0
Gamma:1.0

Reward: 96
-1.0 + 1.0 * (96 + 1.0 - -1.0) = 97.0
mai 07, 2020 3:16:48 P.M. no.hvl.projectparmorel.qlearning.QModelFixer updateQTable
INFO: Updated Q-table for error 38, context 0, action 99999 to new weight 97.0
mai 07, 2020 3:16:48 P.M. no.hvl.projectparmorel.qlearning.reward.PreferMaintainability rewardcalculateRewardFor
INFO: Maintainability of the metamodel: 9.0
Time to get metric: 405 ms
mai 07, 2020 3:16:48 P.M. no.hvl.projectparmorel.qlearning.QModelFixer isUnique
INFO: Solution [ErrorAction [Error: 38 The default value literal '0' must be a valid literal of the attribute's type, Action: delete, Error hierarchy: 0]
] already exists.
mai 07, 2020 3:16:48 P.M. no.hvl.projectparmorel.qlearning.QModelFixer fixModel
INFO: Solution discarded.
mai 07, 2020 3:16:48 P.M. no.hvl.projectparmorel.qlearning.QModelFixer fixModel
INFO: EPISODE 13 TOTAL REWARD 185.0



mai 07, 2020 3:16:48 P.M. no.hvl.projectparmorel.qlearning.QModelFixer handleEpisode
INFO: EPISODE 14, STEP 0, Fixing error 38: The default value literal '0' must be a valid literal of the attribute's type
mai 07, 2020 3:16:48 P.M. no.hvl.projectparmorel.qlearning.QModelFixer chooseAction
INFO: Choosing random action.
mai 07, 2020 3:16:48 P.M. no.hvl.projectparmorel.qlearning.QModelFixer handleStep
INFO: Chose action setDefaultValueLiteral in context 0 with weight 90.8
mai 07, 2020 3:16:48 P.M. no.hvl.projectparmorel.qlearning.QModelFixer updateQTable
INFO: Calculating new Q-value:
Old Q-value: 90.8
Alpha: 1.0
Gamma:1.0

Reward: -2
90.8 + 1.0 * (-2 + 1.0 - 90.8) = -1.0
mai 07, 2020 3:16:48 P.M. no.hvl.projectparmorel.qlearning.QModelFixer updateQTable
INFO: Updated Q-table for error 38, context 0, action 1999964618 to new weight -1.0
mai 07, 2020 3:16:48 P.M. no.hvl.projectparmorel.qlearning.ecore.EcoreSolution calculateDistanceFromOriginal
INFO: Calculated the distance between the models to 100.0
mai 07, 2020 3:16:48 P.M. no.hvl.projectparmorel.qlearning.reward.PreferCloseDinstanceToOriginalPreference rewardcalculateRewardFor
INFO: Time to measure distance: 20 ms
mai 07, 2020 3:16:48 P.M. no.hvl.projectparmorel.qlearning.QModelFixer updateQTable
INFO: Calculating new Q-value:
Old Q-value: -1.0
Alpha: 1.0
Gamma:1.0

Reward: 100
-1.0 + 1.0 * (100 + 1.0 - -1.0) = 101.0
mai 07, 2020 3:16:48 P.M. no.hvl.projectparmorel.qlearning.QModelFixer updateQTable
INFO: Updated Q-table for error 38, context 0, action 1999964618 to new weight 101.0
mai 07, 2020 3:16:48 P.M. no.hvl.projectparmorel.qlearning.reward.PreferMaintainability rewardcalculateRewardFor
INFO: Maintainability of the metamodel: 9.2
Time to get metric: 414 ms
mai 07, 2020 3:16:48 P.M. no.hvl.projectparmorel.qlearning.QModelFixer isUnique
INFO: Solution [ErrorAction [Error: 38 The default value literal '0' must be a valid literal of the attribute's type, Action: setDefaultValueLiteral, Error hierarchy: 0]
] already exists.
mai 07, 2020 3:16:48 P.M. no.hvl.projectparmorel.qlearning.QModelFixer fixModel
INFO: Solution discarded.
mai 07, 2020 3:16:48 P.M. no.hvl.projectparmorel.qlearning.QModelFixer fixModel
INFO: EPISODE 14 TOTAL REWARD 188.0



mai 07, 2020 3:16:48 P.M. no.hvl.projectparmorel.qlearning.QModelFixer handleEpisode
INFO: EPISODE 15, STEP 0, Fixing error 38: The default value literal '0' must be a valid literal of the attribute's type
mai 07, 2020 3:16:48 P.M. no.hvl.projectparmorel.qlearning.QModelFixer chooseAction
INFO: Choosing random action.
mai 07, 2020 3:16:48 P.M. no.hvl.projectparmorel.qlearning.QModelFixer handleStep
INFO: Chose action setDefaultValueLiteral in context 0 with weight 90.8
mai 07, 2020 3:16:48 P.M. no.hvl.projectparmorel.qlearning.QModelFixer updateQTable
INFO: Calculating new Q-value:
Old Q-value: 90.8
Alpha: 1.0
Gamma:1.0

Reward: -2
90.8 + 1.0 * (-2 + 1.0 - 90.8) = -1.0
mai 07, 2020 3:16:48 P.M. no.hvl.projectparmorel.qlearning.QModelFixer updateQTable
INFO: Updated Q-table for error 38, context 0, action 1999964618 to new weight -1.0
mai 07, 2020 3:16:48 P.M. no.hvl.projectparmorel.qlearning.ecore.EcoreSolution calculateDistanceFromOriginal
INFO: Calculated the distance between the models to 100.0
mai 07, 2020 3:16:48 P.M. no.hvl.projectparmorel.qlearning.reward.PreferCloseDinstanceToOriginalPreference rewardcalculateRewardFor
INFO: Time to measure distance: 23 ms
mai 07, 2020 3:16:48 P.M. no.hvl.projectparmorel.qlearning.QModelFixer updateQTable
INFO: Calculating new Q-value:
Old Q-value: -1.0
Alpha: 1.0
Gamma:1.0

Reward: 100
-1.0 + 1.0 * (100 + 1.0 - -1.0) = 101.0
mai 07, 2020 3:16:48 P.M. no.hvl.projectparmorel.qlearning.QModelFixer updateQTable
INFO: Updated Q-table for error 38, context 0, action 1999964618 to new weight 101.0
mai 07, 2020 3:16:49 P.M. no.hvl.projectparmorel.qlearning.reward.PreferMaintainability rewardcalculateRewardFor
INFO: Maintainability of the metamodel: 9.2
Time to get metric: 423 ms
mai 07, 2020 3:16:49 P.M. no.hvl.projectparmorel.qlearning.QModelFixer isUnique
INFO: Solution [ErrorAction [Error: 38 The default value literal '0' must be a valid literal of the attribute's type, Action: setDefaultValueLiteral, Error hierarchy: 0]
] already exists.
mai 07, 2020 3:16:49 P.M. no.hvl.projectparmorel.qlearning.QModelFixer fixModel
INFO: Solution discarded.
mai 07, 2020 3:16:49 P.M. no.hvl.projectparmorel.qlearning.QModelFixer fixModel
INFO: EPISODE 15 TOTAL REWARD 188.0



mai 07, 2020 3:16:49 P.M. no.hvl.projectparmorel.qlearning.QModelFixer handleEpisode
INFO: EPISODE 16, STEP 0, Fixing error 38: The default value literal '0' must be a valid literal of the attribute's type
mai 07, 2020 3:16:49 P.M. no.hvl.projectparmorel.qlearning.QModelFixer chooseAction
INFO: Choosing optimal action
mai 07, 2020 3:16:49 P.M. no.hvl.projectparmorel.qlearning.QModelFixer handleStep
INFO: Chose action delete in context 0 with weight 91.0
mai 07, 2020 3:16:53 P.M. no.hvl.projectparmorel.qlearning.QModelFixer updateQTable
INFO: Calculating new Q-value:
Old Q-value: 91.0
Alpha: 1.0
Gamma:1.0

Reward: -2
91.0 + 1.0 * (-2 + 1.0 - 91.0) = -1.0
mai 07, 2020 3:16:53 P.M. no.hvl.projectparmorel.qlearning.QModelFixer updateQTable
INFO: Updated Q-table for error 38, context 0, action 99999 to new weight -1.0
mai 07, 2020 3:16:53 P.M. no.hvl.projectparmorel.qlearning.ecore.EcoreSolution calculateDistanceFromOriginal
INFO: Calculated the distance between the models to 96.0
mai 07, 2020 3:16:53 P.M. no.hvl.projectparmorel.qlearning.reward.PreferCloseDinstanceToOriginalPreference rewardcalculateRewardFor
INFO: Time to measure distance: 21 ms
mai 07, 2020 3:16:53 P.M. no.hvl.projectparmorel.qlearning.QModelFixer updateQTable
INFO: Calculating new Q-value:
Old Q-value: -1.0
Alpha: 1.0
Gamma:1.0

Reward: 96
-1.0 + 1.0 * (96 + 1.0 - -1.0) = 97.0
mai 07, 2020 3:16:53 P.M. no.hvl.projectparmorel.qlearning.QModelFixer updateQTable
INFO: Updated Q-table for error 38, context 0, action 99999 to new weight 97.0
mai 07, 2020 3:16:53 P.M. no.hvl.projectparmorel.qlearning.reward.PreferMaintainability rewardcalculateRewardFor
INFO: Maintainability of the metamodel: 9.0
Time to get metric: 399 ms
mai 07, 2020 3:16:53 P.M. no.hvl.projectparmorel.qlearning.QModelFixer isUnique
INFO: Solution [ErrorAction [Error: 38 The default value literal '0' must be a valid literal of the attribute's type, Action: delete, Error hierarchy: 0]
] already exists.
mai 07, 2020 3:16:53 P.M. no.hvl.projectparmorel.qlearning.QModelFixer fixModel
INFO: Solution discarded.
mai 07, 2020 3:16:53 P.M. no.hvl.projectparmorel.qlearning.QModelFixer fixModel
INFO: EPISODE 16 TOTAL REWARD 185.0



mai 07, 2020 3:16:53 P.M. no.hvl.projectparmorel.qlearning.QModelFixer handleEpisode
INFO: EPISODE 17, STEP 0, Fixing error 38: The default value literal '0' must be a valid literal of the attribute's type
mai 07, 2020 3:16:53 P.M. no.hvl.projectparmorel.qlearning.QModelFixer chooseAction
INFO: Choosing optimal action
mai 07, 2020 3:16:53 P.M. no.hvl.projectparmorel.qlearning.QModelFixer handleStep
INFO: Chose action delete in context 0 with weight 91.0
mai 07, 2020 3:16:57 P.M. no.hvl.projectparmorel.qlearning.QModelFixer updateQTable
INFO: Calculating new Q-value:
Old Q-value: 91.0
Alpha: 1.0
Gamma:1.0

Reward: -2
91.0 + 1.0 * (-2 + 1.0 - 91.0) = -1.0
mai 07, 2020 3:16:57 P.M. no.hvl.projectparmorel.qlearning.QModelFixer updateQTable
INFO: Updated Q-table for error 38, context 0, action 99999 to new weight -1.0
mai 07, 2020 3:16:57 P.M. no.hvl.projectparmorel.qlearning.ecore.EcoreSolution calculateDistanceFromOriginal
INFO: Calculated the distance between the models to 96.0
mai 07, 2020 3:16:57 P.M. no.hvl.projectparmorel.qlearning.reward.PreferCloseDinstanceToOriginalPreference rewardcalculateRewardFor
INFO: Time to measure distance: 18 ms
mai 07, 2020 3:16:57 P.M. no.hvl.projectparmorel.qlearning.QModelFixer updateQTable
INFO: Calculating new Q-value:
Old Q-value: -1.0
Alpha: 1.0
Gamma:1.0

Reward: 96
-1.0 + 1.0 * (96 + 1.0 - -1.0) = 97.0
mai 07, 2020 3:16:57 P.M. no.hvl.projectparmorel.qlearning.QModelFixer updateQTable
INFO: Updated Q-table for error 38, context 0, action 99999 to new weight 97.0
mai 07, 2020 3:16:57 P.M. no.hvl.projectparmorel.qlearning.reward.PreferMaintainability rewardcalculateRewardFor
INFO: Maintainability of the metamodel: 9.0
Time to get metric: 395 ms
mai 07, 2020 3:16:57 P.M. no.hvl.projectparmorel.qlearning.QModelFixer isUnique
INFO: Solution [ErrorAction [Error: 38 The default value literal '0' must be a valid literal of the attribute's type, Action: delete, Error hierarchy: 0]
] already exists.
mai 07, 2020 3:16:57 P.M. no.hvl.projectparmorel.qlearning.QModelFixer fixModel
INFO: Solution discarded.
mai 07, 2020 3:16:57 P.M. no.hvl.projectparmorel.qlearning.QModelFixer fixModel
INFO: EPISODE 17 TOTAL REWARD 185.0



mai 07, 2020 3:16:57 P.M. no.hvl.projectparmorel.qlearning.QModelFixer handleEpisode
INFO: EPISODE 18, STEP 0, Fixing error 38: The default value literal '0' must be a valid literal of the attribute's type
mai 07, 2020 3:16:57 P.M. no.hvl.projectparmorel.qlearning.QModelFixer chooseAction
INFO: Choosing optimal action
mai 07, 2020 3:16:57 P.M. no.hvl.projectparmorel.qlearning.QModelFixer handleStep
INFO: Chose action delete in context 0 with weight 91.0
mai 07, 2020 3:17:01 P.M. no.hvl.projectparmorel.qlearning.QModelFixer updateQTable
INFO: Calculating new Q-value:
Old Q-value: 91.0
Alpha: 1.0
Gamma:1.0

Reward: -2
91.0 + 1.0 * (-2 + 1.0 - 91.0) = -1.0
mai 07, 2020 3:17:01 P.M. no.hvl.projectparmorel.qlearning.QModelFixer updateQTable
INFO: Updated Q-table for error 38, context 0, action 99999 to new weight -1.0
mai 07, 2020 3:17:01 P.M. no.hvl.projectparmorel.qlearning.ecore.EcoreSolution calculateDistanceFromOriginal
INFO: Calculated the distance between the models to 96.0
mai 07, 2020 3:17:01 P.M. no.hvl.projectparmorel.qlearning.reward.PreferCloseDinstanceToOriginalPreference rewardcalculateRewardFor
INFO: Time to measure distance: 18 ms
mai 07, 2020 3:17:01 P.M. no.hvl.projectparmorel.qlearning.QModelFixer updateQTable
INFO: Calculating new Q-value:
Old Q-value: -1.0
Alpha: 1.0
Gamma:1.0

Reward: 96
-1.0 + 1.0 * (96 + 1.0 - -1.0) = 97.0
mai 07, 2020 3:17:01 P.M. no.hvl.projectparmorel.qlearning.QModelFixer updateQTable
INFO: Updated Q-table for error 38, context 0, action 99999 to new weight 97.0
mai 07, 2020 3:17:01 P.M. no.hvl.projectparmorel.qlearning.reward.PreferMaintainability rewardcalculateRewardFor
INFO: Maintainability of the metamodel: 9.0
Time to get metric: 394 ms
mai 07, 2020 3:17:01 P.M. no.hvl.projectparmorel.qlearning.QModelFixer isUnique
INFO: Solution [ErrorAction [Error: 38 The default value literal '0' must be a valid literal of the attribute's type, Action: delete, Error hierarchy: 0]
] already exists.
mai 07, 2020 3:17:01 P.M. no.hvl.projectparmorel.qlearning.QModelFixer fixModel
INFO: Solution discarded.
mai 07, 2020 3:17:01 P.M. no.hvl.projectparmorel.qlearning.QModelFixer fixModel
INFO: EPISODE 18 TOTAL REWARD 185.0



mai 07, 2020 3:17:01 P.M. no.hvl.projectparmorel.qlearning.QModelFixer handleEpisode
INFO: EPISODE 19, STEP 0, Fixing error 38: The default value literal '0' must be a valid literal of the attribute's type
mai 07, 2020 3:17:01 P.M. no.hvl.projectparmorel.qlearning.QModelFixer chooseAction
INFO: Choosing optimal action
mai 07, 2020 3:17:01 P.M. no.hvl.projectparmorel.qlearning.QModelFixer handleStep
INFO: Chose action delete in context 0 with weight 91.0
mai 07, 2020 3:17:05 P.M. no.hvl.projectparmorel.qlearning.QModelFixer updateQTable
INFO: Calculating new Q-value:
Old Q-value: 91.0
Alpha: 1.0
Gamma:1.0

Reward: -2
91.0 + 1.0 * (-2 + 1.0 - 91.0) = -1.0
mai 07, 2020 3:17:05 P.M. no.hvl.projectparmorel.qlearning.QModelFixer updateQTable
INFO: Updated Q-table for error 38, context 0, action 99999 to new weight -1.0
mai 07, 2020 3:17:05 P.M. no.hvl.projectparmorel.qlearning.ecore.EcoreSolution calculateDistanceFromOriginal
INFO: Calculated the distance between the models to 96.0
mai 07, 2020 3:17:05 P.M. no.hvl.projectparmorel.qlearning.reward.PreferCloseDinstanceToOriginalPreference rewardcalculateRewardFor
INFO: Time to measure distance: 18 ms
mai 07, 2020 3:17:05 P.M. no.hvl.projectparmorel.qlearning.QModelFixer updateQTable
INFO: Calculating new Q-value:
Old Q-value: -1.0
Alpha: 1.0
Gamma:1.0

Reward: 96
-1.0 + 1.0 * (96 + 1.0 - -1.0) = 97.0
mai 07, 2020 3:17:05 P.M. no.hvl.projectparmorel.qlearning.QModelFixer updateQTable
INFO: Updated Q-table for error 38, context 0, action 99999 to new weight 97.0
mai 07, 2020 3:17:06 P.M. no.hvl.projectparmorel.qlearning.reward.PreferMaintainability rewardcalculateRewardFor
INFO: Maintainability of the metamodel: 9.0
Time to get metric: 402 ms
mai 07, 2020 3:17:06 P.M. no.hvl.projectparmorel.qlearning.QModelFixer isUnique
INFO: Solution [ErrorAction [Error: 38 The default value literal '0' must be a valid literal of the attribute's type, Action: delete, Error hierarchy: 0]
] already exists.
mai 07, 2020 3:17:06 P.M. no.hvl.projectparmorel.qlearning.QModelFixer fixModel
INFO: Solution discarded.
mai 07, 2020 3:17:06 P.M. no.hvl.projectparmorel.qlearning.QModelFixer fixModel
INFO: EPISODE 19 TOTAL REWARD 185.0



mai 07, 2020 3:17:06 P.M. no.hvl.projectparmorel.qlearning.QModelFixer handleEpisode
INFO: EPISODE 20, STEP 0, Fixing error 38: The default value literal '0' must be a valid literal of the attribute's type
mai 07, 2020 3:17:06 P.M. no.hvl.projectparmorel.qlearning.QModelFixer chooseAction
INFO: Choosing random action.
mai 07, 2020 3:17:06 P.M. no.hvl.projectparmorel.qlearning.QModelFixer handleStep
INFO: Chose action delete in context 0 with weight 91.0
mai 07, 2020 3:17:09 P.M. no.hvl.projectparmorel.qlearning.QModelFixer updateQTable
INFO: Calculating new Q-value:
Old Q-value: 91.0
Alpha: 1.0
Gamma:1.0

Reward: -2
91.0 + 1.0 * (-2 + 1.0 - 91.0) = -1.0
mai 07, 2020 3:17:09 P.M. no.hvl.projectparmorel.qlearning.QModelFixer updateQTable
INFO: Updated Q-table for error 38, context 0, action 99999 to new weight -1.0
mai 07, 2020 3:17:09 P.M. no.hvl.projectparmorel.qlearning.ecore.EcoreSolution calculateDistanceFromOriginal
INFO: Calculated the distance between the models to 96.0
mai 07, 2020 3:17:09 P.M. no.hvl.projectparmorel.qlearning.reward.PreferCloseDinstanceToOriginalPreference rewardcalculateRewardFor
INFO: Time to measure distance: 19 ms
mai 07, 2020 3:17:09 P.M. no.hvl.projectparmorel.qlearning.QModelFixer updateQTable
INFO: Calculating new Q-value:
Old Q-value: -1.0
Alpha: 1.0
Gamma:1.0

Reward: 96
-1.0 + 1.0 * (96 + 1.0 - -1.0) = 97.0
mai 07, 2020 3:17:09 P.M. no.hvl.projectparmorel.qlearning.QModelFixer updateQTable
INFO: Updated Q-table for error 38, context 0, action 99999 to new weight 97.0
mai 07, 2020 3:17:10 P.M. no.hvl.projectparmorel.qlearning.reward.PreferMaintainability rewardcalculateRewardFor
INFO: Maintainability of the metamodel: 9.0
Time to get metric: 398 ms
mai 07, 2020 3:17:10 P.M. no.hvl.projectparmorel.qlearning.QModelFixer isUnique
INFO: Solution [ErrorAction [Error: 38 The default value literal '0' must be a valid literal of the attribute's type, Action: delete, Error hierarchy: 0]
] already exists.
mai 07, 2020 3:17:10 P.M. no.hvl.projectparmorel.qlearning.QModelFixer fixModel
INFO: Solution discarded.
mai 07, 2020 3:17:10 P.M. no.hvl.projectparmorel.qlearning.QModelFixer fixModel
INFO: EPISODE 20 TOTAL REWARD 185.0



mai 07, 2020 3:17:10 P.M. no.hvl.projectparmorel.qlearning.QModelFixer handleEpisode
INFO: EPISODE 21, STEP 0, Fixing error 38: The default value literal '0' must be a valid literal of the attribute's type
mai 07, 2020 3:17:10 P.M. no.hvl.projectparmorel.qlearning.QModelFixer chooseAction
INFO: Choosing optimal action
mai 07, 2020 3:17:10 P.M. no.hvl.projectparmorel.qlearning.QModelFixer handleStep
INFO: Chose action delete in context 0 with weight 91.0
mai 07, 2020 3:17:14 P.M. no.hvl.projectparmorel.qlearning.QModelFixer updateQTable
INFO: Calculating new Q-value:
Old Q-value: 91.0
Alpha: 1.0
Gamma:1.0

Reward: -2
91.0 + 1.0 * (-2 + 1.0 - 91.0) = -1.0
mai 07, 2020 3:17:14 P.M. no.hvl.projectparmorel.qlearning.QModelFixer updateQTable
INFO: Updated Q-table for error 38, context 0, action 99999 to new weight -1.0
mai 07, 2020 3:17:14 P.M. no.hvl.projectparmorel.qlearning.ecore.EcoreSolution calculateDistanceFromOriginal
INFO: Calculated the distance between the models to 96.0
mai 07, 2020 3:17:14 P.M. no.hvl.projectparmorel.qlearning.reward.PreferCloseDinstanceToOriginalPreference rewardcalculateRewardFor
INFO: Time to measure distance: 18 ms
mai 07, 2020 3:17:14 P.M. no.hvl.projectparmorel.qlearning.QModelFixer updateQTable
INFO: Calculating new Q-value:
Old Q-value: -1.0
Alpha: 1.0
Gamma:1.0

Reward: 96
-1.0 + 1.0 * (96 + 1.0 - -1.0) = 97.0
mai 07, 2020 3:17:14 P.M. no.hvl.projectparmorel.qlearning.QModelFixer updateQTable
INFO: Updated Q-table for error 38, context 0, action 99999 to new weight 97.0
mai 07, 2020 3:17:14 P.M. no.hvl.projectparmorel.qlearning.reward.PreferMaintainability rewardcalculateRewardFor
INFO: Maintainability of the metamodel: 9.0
Time to get metric: 387 ms
mai 07, 2020 3:17:14 P.M. no.hvl.projectparmorel.qlearning.QModelFixer isUnique
INFO: Solution [ErrorAction [Error: 38 The default value literal '0' must be a valid literal of the attribute's type, Action: delete, Error hierarchy: 0]
] already exists.
mai 07, 2020 3:17:14 P.M. no.hvl.projectparmorel.qlearning.QModelFixer fixModel
INFO: Solution discarded.
mai 07, 2020 3:17:14 P.M. no.hvl.projectparmorel.qlearning.QModelFixer fixModel
INFO: EPISODE 21 TOTAL REWARD 185.0



mai 07, 2020 3:17:14 P.M. no.hvl.projectparmorel.qlearning.QModelFixer handleEpisode
INFO: EPISODE 22, STEP 0, Fixing error 38: The default value literal '0' must be a valid literal of the attribute's type
mai 07, 2020 3:17:14 P.M. no.hvl.projectparmorel.qlearning.QModelFixer chooseAction
INFO: Choosing random action.
mai 07, 2020 3:17:14 P.M. no.hvl.projectparmorel.qlearning.QModelFixer handleStep
INFO: Chose action setEType in context 0 with weight 90.8
mai 07, 2020 3:17:14 P.M. no.hvl.projectparmorel.qlearning.QModelFixer updateQTable
INFO: Calculating new Q-value:
Old Q-value: 90.8
Alpha: 1.0
Gamma:1.0

Reward: -2
90.8 + 1.0 * (-2 + 1.0 - 90.8) = -1.0
mai 07, 2020 3:17:14 P.M. no.hvl.projectparmorel.qlearning.QModelFixer updateQTable
INFO: Updated Q-table for error 38, context 0, action -591535257 to new weight -1.0
mai 07, 2020 3:17:14 P.M. no.hvl.projectparmorel.qlearning.ecore.EcoreSolution calculateDistanceFromOriginal
INFO: Calculated the distance between the models to 96.0
mai 07, 2020 3:17:14 P.M. no.hvl.projectparmorel.qlearning.reward.PreferCloseDinstanceToOriginalPreference rewardcalculateRewardFor
INFO: Time to measure distance: 18 ms
mai 07, 2020 3:17:14 P.M. no.hvl.projectparmorel.qlearning.QModelFixer updateQTable
INFO: Calculating new Q-value:
Old Q-value: -1.0
Alpha: 1.0
Gamma:1.0

Reward: 96
-1.0 + 1.0 * (96 + 1.0 - -1.0) = 97.0
mai 07, 2020 3:17:14 P.M. no.hvl.projectparmorel.qlearning.QModelFixer updateQTable
INFO: Updated Q-table for error 38, context 0, action -591535257 to new weight 97.0
mai 07, 2020 3:17:14 P.M. no.hvl.projectparmorel.qlearning.reward.PreferMaintainability rewardcalculateRewardFor
INFO: Maintainability of the metamodel: 9.2
Time to get metric: 417 ms
mai 07, 2020 3:17:14 P.M. no.hvl.projectparmorel.qlearning.QModelFixer isUnique
INFO: Solution [ErrorAction [Error: 38 The default value literal '0' must be a valid literal of the attribute's type, Action: setEType, Error hierarchy: 0]
] already exists.
mai 07, 2020 3:17:14 P.M. no.hvl.projectparmorel.qlearning.QModelFixer fixModel
INFO: Solution discarded.
mai 07, 2020 3:17:14 P.M. no.hvl.projectparmorel.qlearning.QModelFixer fixModel
INFO: EPISODE 22 TOTAL REWARD 184.0



mai 07, 2020 3:17:14 P.M. no.hvl.projectparmorel.qlearning.QModelFixer handleEpisode
INFO: EPISODE 23, STEP 0, Fixing error 38: The default value literal '0' must be a valid literal of the attribute's type
mai 07, 2020 3:17:14 P.M. no.hvl.projectparmorel.qlearning.QModelFixer chooseAction
INFO: Choosing optimal action
mai 07, 2020 3:17:14 P.M. no.hvl.projectparmorel.qlearning.QModelFixer handleStep
INFO: Chose action delete in context 0 with weight 91.0
mai 07, 2020 3:17:18 P.M. no.hvl.projectparmorel.qlearning.QModelFixer updateQTable
INFO: Calculating new Q-value:
Old Q-value: 91.0
Alpha: 1.0
Gamma:1.0

Reward: -2
91.0 + 1.0 * (-2 + 1.0 - 91.0) = -1.0
mai 07, 2020 3:17:18 P.M. no.hvl.projectparmorel.qlearning.QModelFixer updateQTable
INFO: Updated Q-table for error 38, context 0, action 99999 to new weight -1.0
mai 07, 2020 3:17:18 P.M. no.hvl.projectparmorel.qlearning.ecore.EcoreSolution calculateDistanceFromOriginal
INFO: Calculated the distance between the models to 96.0
mai 07, 2020 3:17:18 P.M. no.hvl.projectparmorel.qlearning.reward.PreferCloseDinstanceToOriginalPreference rewardcalculateRewardFor
INFO: Time to measure distance: 19 ms
mai 07, 2020 3:17:18 P.M. no.hvl.projectparmorel.qlearning.QModelFixer updateQTable
INFO: Calculating new Q-value:
Old Q-value: -1.0
Alpha: 1.0
Gamma:1.0

Reward: 96
-1.0 + 1.0 * (96 + 1.0 - -1.0) = 97.0
mai 07, 2020 3:17:18 P.M. no.hvl.projectparmorel.qlearning.QModelFixer updateQTable
INFO: Updated Q-table for error 38, context 0, action 99999 to new weight 97.0
mai 07, 2020 3:17:19 P.M. no.hvl.projectparmorel.qlearning.reward.PreferMaintainability rewardcalculateRewardFor
INFO: Maintainability of the metamodel: 9.0
Time to get metric: 395 ms
mai 07, 2020 3:17:19 P.M. no.hvl.projectparmorel.qlearning.QModelFixer isUnique
INFO: Solution [ErrorAction [Error: 38 The default value literal '0' must be a valid literal of the attribute's type, Action: delete, Error hierarchy: 0]
] already exists.
mai 07, 2020 3:17:19 P.M. no.hvl.projectparmorel.qlearning.QModelFixer fixModel
INFO: Solution discarded.
mai 07, 2020 3:17:19 P.M. no.hvl.projectparmorel.qlearning.QModelFixer fixModel
INFO: EPISODE 23 TOTAL REWARD 185.0



mai 07, 2020 3:17:19 P.M. no.hvl.projectparmorel.qlearning.QModelFixer handleEpisode
INFO: EPISODE 24, STEP 0, Fixing error 38: The default value literal '0' must be a valid literal of the attribute's type
mai 07, 2020 3:17:19 P.M. no.hvl.projectparmorel.qlearning.QModelFixer chooseAction
INFO: Choosing random action.
mai 07, 2020 3:17:19 P.M. no.hvl.projectparmorel.qlearning.QModelFixer handleStep
INFO: Chose action setEType in context 0 with weight 89.8
mai 07, 2020 3:17:19 P.M. no.hvl.projectparmorel.qlearning.QModelFixer updateQTable
INFO: Calculating new Q-value:
Old Q-value: 89.8
Alpha: 1.0
Gamma:1.0

Reward: -2
89.8 + 1.0 * (-2 + 1.0 - 89.8) = -1.0
mai 07, 2020 3:17:19 P.M. no.hvl.projectparmorel.qlearning.QModelFixer updateQTable
INFO: Updated Q-table for error 38, context 0, action 591449609 to new weight -1.0
mai 07, 2020 3:17:19 P.M. no.hvl.projectparmorel.qlearning.ecore.EcoreSolution calculateDistanceFromOriginal
INFO: Calculated the distance between the models to 96.0
mai 07, 2020 3:17:19 P.M. no.hvl.projectparmorel.qlearning.reward.PreferCloseDinstanceToOriginalPreference rewardcalculateRewardFor
INFO: Time to measure distance: 21 ms
mai 07, 2020 3:17:19 P.M. no.hvl.projectparmorel.qlearning.QModelFixer updateQTable
INFO: Calculating new Q-value:
Old Q-value: -1.0
Alpha: 1.0
Gamma:1.0

Reward: 96
-1.0 + 1.0 * (96 + 1.0 - -1.0) = 97.0
mai 07, 2020 3:17:19 P.M. no.hvl.projectparmorel.qlearning.QModelFixer updateQTable
INFO: Updated Q-table for error 38, context 0, action 591449609 to new weight 97.0
mai 07, 2020 3:17:19 P.M. no.hvl.projectparmorel.qlearning.reward.PreferMaintainability rewardcalculateRewardFor
INFO: Maintainability of the metamodel: 9.2
Time to get metric: 400 ms
mai 07, 2020 3:17:19 P.M. no.hvl.projectparmorel.qlearning.QModelFixer fixModel
INFO: Solution added to possible solitons: [ErrorAction [Error: 38 The default value literal '0' must be a valid literal of the attribute's type, Action: setEType, Error hierarchy: 0]
]
mai 07, 2020 3:17:19 P.M. no.hvl.projectparmorel.qlearning.QModelFixer fixModel
INFO: EPISODE 24 TOTAL REWARD 184.0



mai 07, 2020 3:17:19 P.M. no.hvl.projectparmorel.qlearning.QModelFixer fixModel
INFO: Time repairing model: 78474 ms
mai 07, 2020 3:17:19 P.M. no.hvl.projectparmorel.qlearning.QModelFixer fixModel
INFO: 
-----------------ALL SEQUENCES FOUND-------------------
SIZE: 5
DISCARDED SEQUENCES: 20
--------::::B E S T   S E Q U E N C E   I S::::---------
Sequence [id=0, seq=[ErrorAction [Error: 38 The default value literal '0' must be a valid literal of the attribute's type, Action: setDefaultValueLiteralGen, Error hierarchy: 0]
], weight=188.0]

 with 1 actions.
mai 07, 2020 3:17:19 P.M. no.hvl.projectparmorel.qlearning.knowledge.Knowledge save
INFO: Saving initialized
mai 07, 2020 3:17:19 P.M. no.hvl.projectparmorel.qlearning.knowledge.Knowledge save
INFO: document prepared
mai 07, 2020 3:17:19 P.M. no.hvl.projectparmorel.qlearning.knowledge.Knowledge save
INFO: Saving completed to /Users/Magnus/Skole/DAT300/EclipseWorkspace3/ParmorelRunnable/knowledge.xml
mai 07, 2020 3:17:19 P.M. no.hvl.projectparmorel.qlearning.knowledge.Knowledge save
INFO: Saving initialized
mai 07, 2020 3:17:19 P.M. no.hvl.projectparmorel.qlearning.knowledge.Knowledge save
INFO: document prepared
mai 07, 2020 3:17:19 P.M. no.hvl.projectparmorel.qlearning.knowledge.Knowledge save
INFO: Saving completed to /Users/Magnus/Skole/DAT300/EclipseWorkspace3/ParmorelRunnable/knowledge.xml
